Trial 706 finished with value: 0.08774276364945194 and parameters: {'objective': 'reg:squarederror', 'tree_method': 'gpu_hist', 'lambda': 0.12319783571908755, 'alpha': 0.049929481856981386, 'colsample_bytree': 0.9334478684498934, 'subsample': 0.42808610158480803, 'learning_rate': 0.0059438862664675735, 'max_depth': 9, 'min_child_weight': 10, 'eval_metric': 'rmse'}. Best is trial 546 with value: 0.08720962612705459.
start listen on 192.168.1.101:45741
@tracker All of 1 nodes getting started
@tracker All nodes finishes job
Trial 707 finished with value: 0.08817233892356 and parameters: {'objective': 'reg:squarederror', 'tree_method': 'gpu_hist', 'lambda': 0.09134721246826798, 'alpha': 0.06629294974349731, 'colsample_bytree': 0.9513020464913957, 'subsample': 0.41721213351957054, 'learning_rate': 0.0054401001363025905, 'max_depth': 9, 'min_child_weight': 15, 'eval_metric': 'rmse'}. Best is trial 546 with value: 0.08720962612705459.
start listen on 192.168.1.101:51141
@tracker All of 1 nodes getting started
@tracker All nodes finishes job
Trial 708 finished with value: 0.25205691808787717 and parameters: {'objective': 'reg:squarederror', 'tree_method': 'gpu_hist', 'lambda': 0.09984373399270909, 'alpha': 0.04190407562706997, 'colsample_bytree': 0.9306639853468225, 'subsample': 0.4502037061844226, 'learning_rate': 0.005860210122830737, 'max_depth': 9, 'min_child_weight': 183, 'eval_metric': 'rmse'}. Best is trial 546 with value: 0.08720962612705459.
start listen on 192.168.1.101:43395
@tracker All of 1 nodes getting started
@tracker All nodes finishes job
Trial 709 finished with value: 0.08761569797546742 and parameters: {'objective': 'reg:squarederror', 'tree_method': 'gpu_hist', 'lambda': 0.07873616478255452, 'alpha': 0.05459600070980434, 'colsample_bytree': 0.9439226204462353, 'subsample': 0.43417366826107545, 'learning_rate': 0.005311681749095896, 'max_depth': 9, 'min_child_weight': 6, 'eval_metric': 'rmse'}. Best is trial 546 with value: 0.08720962612705459.
start listen on 192.168.1.101:40247
@tracker All of 1 nodes getting started
@tracker All nodes finishes job
Trial 710 finished with value: 0.08835051266743543 and parameters: {'objective': 'reg:squarederror', 'tree_method': 'gpu_hist', 'lambda': 0.07115902721270786, 'alpha': 0.05201270202618992, 'colsample_bytree': 0.957592615556257, 'subsample': 0.4535945766938755, 'learning_rate': 0.005316755716701727, 'max_depth': 9, 'min_child_weight': 1, 'eval_metric': 'rmse'}. Best is trial 546 with value: 0.08720962612705459.
start listen on 192.168.1.101:42285
@tracker All of 1 nodes getting started
@tracker All nodes finishes job
Trial 711 finished with value: 0.08751671301620512 and parameters: {'objective': 'reg:squarederror', 'tree_method': 'gpu_hist', 'lambda': 0.07485553813595598, 'alpha': 0.04073165117612943, 'colsample_bytree': 0.9496952167545318, 'subsample': 0.4380552745599094, 'learning_rate': 0.005529242978466097, 'max_depth': 9, 'min_child_weight': 6, 'eval_metric': 'rmse'}. Best is trial 546 with value: 0.08720962612705459.
start listen on 192.168.1.101:42343
@tracker All of 1 nodes getting started
@tracker All nodes finishes job
Trial 712 finished with value: 0.08818420707371975 and parameters: {'objective': 'reg:squarederror', 'tree_method': 'gpu_hist', 'lambda': 0.07896414297443122, 'alpha': 0.04489826346663996, 'colsample_bytree': 0.9550141380146969, 'subsample': 0.45852677985371604, 'learning_rate': 0.005459253307786083, 'max_depth': 9, 'min_child_weight': 1, 'eval_metric': 'rmse'}. Best is trial 546 with value: 0.08720962612705459.
start listen on 192.168.1.101:37093
@tracker All of 1 nodes getting started
@tracker All nodes finishes job
Trial 713 finished with value: 0.08761942700416848 and parameters: {'objective': 'reg:squarederror', 'tree_method': 'gpu_hist', 'lambda': 0.08344377668432726, 'alpha': 0.04560361580708197, 'colsample_bytree': 0.9260176663584406, 'subsample': 0.44518486887204756, 'learning_rate': 0.005117616640095109, 'max_depth': 9, 'min_child_weight': 7, 'eval_metric': 'rmse'}. Best is trial 546 with value: 0.08720962612705459.
start listen on 192.168.1.101:35423
@tracker All of 1 nodes getting started
@tracker All nodes finishes job
Trial 714 finished with value: 0.08763178486128022 and parameters: {'objective': 'reg:squarederror', 'tree_method': 'gpu_hist', 'lambda': 0.08588777860413797, 'alpha': 0.0404612270685965, 'colsample_bytree': 0.9492490757616515, 'subsample': 0.46910503185106894, 'learning_rate': 0.005342780519998695, 'max_depth': 9, 'min_child_weight': 6, 'eval_metric': 'rmse'}. Best is trial 546 with value: 0.08720962612705459.
start listen on 192.168.1.101:57731
@tracker All of 1 nodes getting started
@tracker All nodes finishes job
Trial 715 finished with value: 0.08780049506475125 and parameters: {'objective': 'reg:squarederror', 'tree_method': 'gpu_hist', 'lambda': 0.11519786953911348, 'alpha': 0.04125963126130056, 'colsample_bytree': 0.9243573338618969, 'subsample': 0.4467553952471364, 'learning_rate': 0.004931271836008126, 'max_depth': 9, 'min_child_weight': 7, 'eval_metric': 'rmse'}. Best is trial 546 with value: 0.08720962612705459.
start listen on 192.168.1.101:40127
@tracker All of 1 nodes getting started
@tracker All nodes finishes job
Trial 716 finished with value: 0.08828244760842731 and parameters: {'objective': 'reg:squarederror', 'tree_method': 'gpu_hist', 'lambda': 0.0997597220897867, 'alpha': 0.055500300768256745, 'colsample_bytree': 0.9451239018626116, 'subsample': 0.46598220175838323, 'learning_rate': 0.005072173368524011, 'max_depth': 9, 'min_child_weight': 15, 'eval_metric': 'rmse'}. Best is trial 546 with value: 0.08720962612705459.
start listen on 192.168.1.101:54015
@tracker All of 1 nodes getting started
@tracker All nodes finishes job
Trial 717 finished with value: 0.08787699035274658 and parameters: {'objective': 'reg:squarederror', 'tree_method': 'gpu_hist', 'lambda': 0.07324444366829447, 'alpha': 0.03862820695609641, 'colsample_bytree': 0.9277484483772948, 'subsample': 0.44359325980761344, 'learning_rate': 0.004875215184279968, 'max_depth': 9, 'min_child_weight': 6, 'eval_metric': 'rmse'}. Best is trial 546 with value: 0.08720962612705459.
start listen on 192.168.1.101:44123
@tracker All of 1 nodes getting started
@tracker All nodes finishes job
Trial 718 finished with value: 0.08828737501493139 and parameters: {'objective': 'reg:squarederror', 'tree_method': 'gpu_hist', 'lambda': 0.08181884471153004, 'alpha': 0.04124063058575407, 'colsample_bytree': 0.9581863090929054, 'subsample': 0.48299480707564396, 'learning_rate': 0.005216625866019338, 'max_depth': 9, 'min_child_weight': 1, 'eval_metric': 'rmse'}. Best is trial 546 with value: 0.08720962612705459.
start listen on 192.168.1.101:37467
@tracker All of 1 nodes getting started
@tracker All nodes finishes job
Trial 719 finished with value: 0.08803143755155496 and parameters: {'objective': 'reg:squarederror', 'tree_method': 'gpu_hist', 'lambda': 0.10663627156353397, 'alpha': 0.04957055881263784, 'colsample_bytree': 0.9386672895314908, 'subsample': 0.45879540135316604, 'learning_rate': 0.0051828790164869225, 'max_depth': 9, 'min_child_weight': 11, 'eval_metric': 'rmse'}. Best is trial 546 with value: 0.08720962612705459.
start listen on 192.168.1.101:44821
@tracker All of 1 nodes getting started
@tracker All nodes finishes job
Trial 720 finished with value: 0.09370095430342366 and parameters: {'objective': 'reg:squarederror', 'tree_method': 'gpu_hist', 'lambda': 0.08854139715814408, 'alpha': 0.054669259674622876, 'colsample_bytree': 0.5217048006333845, 'subsample': 0.4380096886980274, 'learning_rate': 0.005737290804065934, 'max_depth': 9, 'min_child_weight': 21, 'eval_metric': 'rmse'}. Best is trial 546 with value: 0.08720962612705459.
start listen on 192.168.1.101:47343
@tracker All of 1 nodes getting started
@tracker All nodes finishes job
Trial 721 finished with value: 0.08764934144505883 and parameters: {'objective': 'reg:squarederror', 'tree_method': 'gpu_hist', 'lambda': 0.06876402943230647, 'alpha': 0.04288706423788378, 'colsample_bytree': 0.9273494971021122, 'subsample': 0.4477847604203299, 'learning_rate': 0.005594806696268368, 'max_depth': 9, 'min_child_weight': 6, 'eval_metric': 'rmse'}. Best is trial 546 with value: 0.08720962612705459.
start listen on 192.168.1.101:48005
@tracker All of 1 nodes getting started
@tracker All nodes finishes job
Trial 722 finished with value: 0.08789321768503494 and parameters: {'objective': 'reg:squarederror', 'tree_method': 'gpu_hist', 'lambda': 0.1278770013328949, 'alpha': 0.05659688217699266, 'colsample_bytree': 0.9420319050928946, 'subsample': 0.4948803692232198, 'learning_rate': 0.005311985746819943, 'max_depth': 9, 'min_child_weight': 14, 'eval_metric': 'rmse'}. Best is trial 546 with value: 0.08720962612705459.
start listen on 192.168.1.101:55497
@tracker All of 1 nodes getting started
@tracker All nodes finishes job
Trial 723 finished with value: 0.08826449451446829 and parameters: {'objective': 'reg:squarederror', 'tree_method': 'gpu_hist', 'lambda': 0.11490957597368086, 'alpha': 0.04632495186844794, 'colsample_bytree': 0.923154579774824, 'subsample': 0.43691180100076865, 'learning_rate': 0.005949456991577482, 'max_depth': 9, 'min_child_weight': 1, 'eval_metric': 'rmse'}. Best is trial 546 with value: 0.08720962612705459.
start listen on 192.168.1.101:45093
@tracker All of 1 nodes getting started
@tracker All nodes finishes job
Trial 724 finished with value: 0.08793449055552004 and parameters: {'objective': 'reg:squarederror', 'tree_method': 'gpu_hist', 'lambda': 0.08037263338884569, 'alpha': 0.06359485248299974, 'colsample_bytree': 0.952512121000803, 'subsample': 0.458763900141119, 'learning_rate': 0.004860444064414452, 'max_depth': 11, 'min_child_weight': 11, 'eval_metric': 'rmse'}. Best is trial 546 with value: 0.08720962612705459.
start listen on 192.168.1.101:39371
@tracker All of 1 nodes getting started
@tracker All nodes finishes job
Trial 725 finished with value: 0.08771584419700763 and parameters: {'objective': 'reg:squarederror', 'tree_method': 'gpu_hist', 'lambda': 0.06357362354707265, 'alpha': 0.037790933668640045, 'colsample_bytree': 0.9204952885815287, 'subsample': 0.44182970052148646, 'learning_rate': 0.005734563971114701, 'max_depth': 9, 'min_child_weight': 6, 'eval_metric': 'rmse'}. Best is trial 546 with value: 0.08720962612705459.
start listen on 192.168.1.101:55939
@tracker All of 1 nodes getting started
@tracker All nodes finishes job
Trial 726 finished with value: 0.0887778991130518 and parameters: {'objective': 'reg:squarederror', 'tree_method': 'gpu_hist', 'lambda': 0.09670073645509362, 'alpha': 0.05036048378271779, 'colsample_bytree': 0.9595261224655484, 'subsample': 0.8485526416689054, 'learning_rate': 0.005324071968746695, 'max_depth': 9, 'min_child_weight': 18, 'eval_metric': 'rmse'}. Best is trial 546 with value: 0.08720962612705459.
start listen on 192.168.1.101:39941
@tracker All of 1 nodes getting started
@tracker All nodes finishes job
Trial 727 finished with value: 0.27374698920297114 and parameters: {'objective': 'reg:squarederror', 'tree_method': 'gpu_hist', 'lambda': 0.0644846414287164, 'alpha': 2.109242912897416, 'colsample_bytree': 0.5714358013860055, 'subsample': 0.4316487137706398, 'learning_rate': 0.0059530094419214235, 'max_depth': 7, 'min_child_weight': 164, 'eval_metric': 'rmse'}. Best is trial 546 with value: 0.08720962612705459.
start listen on 192.168.1.101:36997
@tracker All of 1 nodes getting started
@tracker All nodes finishes job
Trial 728 finished with value: 0.0874124616530497 and parameters: {'objective': 'reg:squarederror', 'tree_method': 'gpu_hist', 'lambda': 0.08370414566097975, 'alpha': 0.07257560470463088, 'colsample_bytree': 0.9372077391251701, 'subsample': 0.43336068860009525, 'learning_rate': 0.006018436619401912, 'max_depth': 9, 'min_child_weight': 6, 'eval_metric': 'rmse'}. Best is trial 546 with value: 0.08720962612705459.
start listen on 192.168.1.101:50997
@tracker All of 1 nodes getting started
@tracker All nodes finishes job
Trial 729 finished with value: 0.08812615771110632 and parameters: {'objective': 'reg:squarederror', 'tree_method': 'gpu_hist', 'lambda': 0.07429069198923657, 'alpha': 0.07414880425582977, 'colsample_bytree': 0.9423814770183596, 'subsample': 0.42981327927112467, 'learning_rate': 0.006090105380354568, 'max_depth': 9, 'min_child_weight': 1, 'eval_metric': 'rmse'}. Best is trial 546 with value: 0.08720962612705459.
start listen on 192.168.1.101:36603
@tracker All of 1 nodes getting started
@tracker All nodes finishes job
Trial 730 finished with value: 0.08799503613755116 and parameters: {'objective': 'reg:squarederror', 'tree_method': 'gpu_hist', 'lambda': 0.1288123971038161, 'alpha': 0.06948011877064461, 'colsample_bytree': 0.9616552984865285, 'subsample': 0.42283077031383826, 'learning_rate': 0.005921621731216171, 'max_depth': 9, 'min_child_weight': 14, 'eval_metric': 'rmse'}. Best is trial 546 with value: 0.08720962612705459.
start listen on 192.168.1.101:59183
@tracker All of 1 nodes getting started
@tracker All nodes finishes job
Trial 731 finished with value: 0.08769702613256661 and parameters: {'objective': 'reg:squarederror', 'tree_method': 'gpu_hist', 'lambda': 0.10371000906701378, 'alpha': 0.05996283830772885, 'colsample_bytree': 0.939649226796029, 'subsample': 0.43537879130936447, 'learning_rate': 0.005917806876981796, 'max_depth': 9, 'min_child_weight': 9, 'eval_metric': 'rmse'}. Best is trial 546 with value: 0.08720962612705459.
start listen on 192.168.1.101:47749
@tracker All of 1 nodes getting started
