Trial 83 finished with value: 0.08904288435908225 and parameters: {'objective': 'reg:squarederror', 'tree_method': 'gpu_hist', 'lambda': 3.4152362218156047, 'alpha': 0.03407421361715862, 'colsample_bytree': 0.6838983184310227, 'subsample': 0.7238831449416666, 'learning_rate': 0.008258620589060956, 'max_depth': 7, 'min_child_weight': 6, 'eval_metric': 'rmse'}. Best is trial 83 with value: 0.08904288435908225.
start listen on 192.168.1.101:59187
@tracker All of 1 nodes getting started
@tracker All nodes finishes job
Trial 84 finished with value: 0.08936191965648534 and parameters: {'objective': 'reg:squarederror', 'tree_method': 'gpu_hist', 'lambda': 3.144776020324804, 'alpha': 0.021029634233855208, 'colsample_bytree': 0.6839947162274418, 'subsample': 0.7754199952239358, 'learning_rate': 0.007809702361056862, 'max_depth': 7, 'min_child_weight': 6, 'eval_metric': 'rmse'}. Best is trial 83 with value: 0.08904288435908225.
start listen on 192.168.1.101:44299
@tracker All of 1 nodes getting started
@tracker All nodes finishes job
Trial 85 finished with value: 0.09082624925073424 and parameters: {'objective': 'reg:squarederror', 'tree_method': 'gpu_hist', 'lambda': 2.9055067129557184, 'alpha': 0.014735671508657072, 'colsample_bytree': 0.6946326196588812, 'subsample': 0.7966620027709571, 'learning_rate': 0.00846245960581275, 'max_depth': 7, 'min_child_weight': 25, 'eval_metric': 'rmse'}. Best is trial 83 with value: 0.08904288435908225.
start listen on 192.168.1.101:45003
@tracker All of 1 nodes getting started
@tracker All nodes finishes job
Trial 86 finished with value: 0.08868773792776789 and parameters: {'objective': 'reg:squarederror', 'tree_method': 'gpu_hist', 'lambda': 0.7522687834776941, 'alpha': 0.011784002010819125, 'colsample_bytree': 0.718469536995216, 'subsample': 0.7135688060111731, 'learning_rate': 0.00989817943282052, 'max_depth': 7, 'min_child_weight': 7, 'eval_metric': 'rmse'}. Best is trial 86 with value: 0.08868773792776789.
start listen on 192.168.1.101:48427
@tracker All of 1 nodes getting started
@tracker All nodes finishes job
Trial 87 finished with value: 0.08903180287816963 and parameters: {'objective': 'reg:squarederror', 'tree_method': 'gpu_hist', 'lambda': 3.5416194740179905, 'alpha': 0.010754482209063962, 'colsample_bytree': 0.8289740348199358, 'subsample': 0.775804271443145, 'learning_rate': 0.007956147100889942, 'max_depth': 7, 'min_child_weight': 7, 'eval_metric': 'rmse'}. Best is trial 86 with value: 0.08868773792776789.
start listen on 192.168.1.101:44223
@tracker All of 1 nodes getting started
@tracker All nodes finishes job
Trial 88 finished with value: 0.08894266563182376 and parameters: {'objective': 'reg:squarederror', 'tree_method': 'gpu_hist', 'lambda': 2.2243984863322943, 'alpha': 0.009116433721719457, 'colsample_bytree': 0.8287137967017844, 'subsample': 0.7765522605140895, 'learning_rate': 0.009751590945367828, 'max_depth': 7, 'min_child_weight': 8, 'eval_metric': 'rmse'}. Best is trial 86 with value: 0.08868773792776789.
start listen on 192.168.1.101:50145
@tracker All of 1 nodes getting started
@tracker All nodes finishes job
Trial 89 finished with value: 0.09332506823697242 and parameters: {'objective': 'reg:squarederror', 'tree_method': 'gpu_hist', 'lambda': 0.6830771038131113, 'alpha': 0.006306274323494024, 'colsample_bytree': 0.842108036781107, 'subsample': 0.8322801798557692, 'learning_rate': 0.007885590603489688, 'max_depth': 7, 'min_child_weight': 42, 'eval_metric': 'rmse'}. Best is trial 86 with value: 0.08868773792776789.
start listen on 192.168.1.101:40217
@tracker All of 1 nodes getting started
@tracker All nodes finishes job
Trial 90 finished with value: 0.08873172324285533 and parameters: {'objective': 'reg:squarederror', 'tree_method': 'gpu_hist', 'lambda': 1.0452913741156982, 'alpha': 0.010760163828311962, 'colsample_bytree': 0.8200648427224979, 'subsample': 0.7738472288073073, 'learning_rate': 0.010731026017860653, 'max_depth': 7, 'min_child_weight': 7, 'eval_metric': 'rmse'}. Best is trial 86 with value: 0.08868773792776789.
start listen on 192.168.1.101:56553
@tracker All of 1 nodes getting started
@tracker All nodes finishes job
Trial 91 finished with value: 0.09065372276152302 and parameters: {'objective': 'reg:squarederror', 'tree_method': 'gpu_hist', 'lambda': 1.025551832703686, 'alpha': 0.01074769215128503, 'colsample_bytree': 0.8178481593703432, 'subsample': 0.8184557025145682, 'learning_rate': 0.011037640920232874, 'max_depth': 7, 'min_child_weight': 26, 'eval_metric': 'rmse'}. Best is trial 86 with value: 0.08868773792776789.
start listen on 192.168.1.101:33983
@tracker All of 1 nodes getting started
@tracker All nodes finishes job
Trial 92 finished with value: 0.08900259264971389 and parameters: {'objective': 'reg:squarederror', 'tree_method': 'gpu_hist', 'lambda': 2.4211854883209285, 'alpha': 0.018352562298645174, 'colsample_bytree': 0.858002671385507, 'subsample': 0.7701165511581073, 'learning_rate': 0.012571227254590403, 'max_depth': 7, 'min_child_weight': 7, 'eval_metric': 'rmse'}. Best is trial 86 with value: 0.08868773792776789.
start listen on 192.168.1.101:46405
@tracker All of 1 nodes getting started
@tracker All nodes finishes job
Trial 93 finished with value: 0.0890161294993473 and parameters: {'objective': 'reg:squarederror', 'tree_method': 'gpu_hist', 'lambda': 2.1116389721672, 'alpha': 0.018347868993103946, 'colsample_bytree': 0.8616389154621441, 'subsample': 0.7693963115571386, 'learning_rate': 0.008735977302240823, 'max_depth': 7, 'min_child_weight': 8, 'eval_metric': 'rmse'}. Best is trial 86 with value: 0.08868773792776789.
start listen on 192.168.1.101:50097
@tracker All of 1 nodes getting started
@tracker All nodes finishes job
Trial 94 finished with value: 0.08868607145962114 and parameters: {'objective': 'reg:squarederror', 'tree_method': 'gpu_hist', 'lambda': 1.1791658696416112, 'alpha': 0.005519448204978782, 'colsample_bytree': 0.9284104567050198, 'subsample': 0.7735427854265662, 'learning_rate': 0.010055422405698258, 'max_depth': 7, 'min_child_weight': 8, 'eval_metric': 'rmse'}. Best is trial 94 with value: 0.08868607145962114.
start listen on 192.168.1.101:42125
@tracker All of 1 nodes getting started
@tracker All nodes finishes job
Trial 95 finished with value: 0.08854144149438857 and parameters: {'objective': 'reg:squarederror', 'tree_method': 'gpu_hist', 'lambda': 0.8306029161264312, 'alpha': 0.005586269722437989, 'colsample_bytree': 0.9055356598809078, 'subsample': 0.7703738415334407, 'learning_rate': 0.008667633811070047, 'max_depth': 7, 'min_child_weight': 6, 'eval_metric': 'rmse'}. Best is trial 95 with value: 0.08854144149438857.
start listen on 192.168.1.101:47187
@tracker All of 1 nodes getting started
@tracker All nodes finishes job
Trial 96 finished with value: 0.0885031918071327 and parameters: {'objective': 'reg:squarederror', 'tree_method': 'gpu_hist', 'lambda': 0.759516659457713, 'alpha': 0.004448015720124841, 'colsample_bytree': 0.9225079904263893, 'subsample': 0.7690535595861911, 'learning_rate': 0.008667950900572714, 'max_depth': 7, 'min_child_weight': 7, 'eval_metric': 'rmse'}. Best is trial 96 with value: 0.0885031918071327.
start listen on 192.168.1.101:57297
@tracker All of 1 nodes getting started
@tracker All nodes finishes job
Trial 97 finished with value: 0.08935174615201126 and parameters: {'objective': 'reg:squarederror', 'tree_method': 'gpu_hist', 'lambda': 0.3550707066079193, 'alpha': 0.0028311721542771096, 'colsample_bytree': 0.9342425208062629, 'subsample': 0.7713216211474395, 'learning_rate': 0.010132854674527916, 'max_depth': 13, 'min_child_weight': 7, 'eval_metric': 'rmse'}. Best is trial 96 with value: 0.0885031918071327.
start listen on 192.168.1.101:34235
@tracker All of 1 nodes getting started
@tracker All nodes finishes job
Trial 98 finished with value: 0.08871267425742355 and parameters: {'objective': 'reg:squarederror', 'tree_method': 'gpu_hist', 'lambda': 0.4100791678141612, 'alpha': 0.006042939625266291, 'colsample_bytree': 0.9997053096434437, 'subsample': 0.8054220032411518, 'learning_rate': 0.008915059577971996, 'max_depth': 7, 'min_child_weight': 7, 'eval_metric': 'rmse'}. Best is trial 96 with value: 0.0885031918071327.
start listen on 192.168.1.101:39803
@tracker All of 1 nodes getting started
@tracker All nodes finishes job
Trial 99 finished with value: 0.09005422350900441 and parameters: {'objective': 'reg:squarederror', 'tree_method': 'gpu_hist', 'lambda': 0.39365255265964777, 'alpha': 0.004956654882596444, 'colsample_bytree': 0.9914388391177134, 'subsample': 0.8052629944041236, 'learning_rate': 0.01415974677470997, 'max_depth': 7, 'min_child_weight': 25, 'eval_metric': 'rmse'}. Best is trial 96 with value: 0.0885031918071327.
start listen on 192.168.1.101:33425
@tracker All of 1 nodes getting started
@tracker All nodes finishes job
Trial 100 finished with value: 0.09059721965110808 and parameters: {'objective': 'reg:squarederror', 'tree_method': 'gpu_hist', 'lambda': 0.7779442703091746, 'alpha': 0.002127870734696721, 'colsample_bytree': 0.9184625170078783, 'subsample': 0.8493093809798687, 'learning_rate': 0.009012732499777682, 'max_depth': 7, 'min_child_weight': 34, 'eval_metric': 'rmse'}. Best is trial 96 with value: 0.0885031918071327.
start listen on 192.168.1.101:50407
@tracker All of 1 nodes getting started
@tracker All nodes finishes job
Trial 101 finished with value: 0.08855279747712978 and parameters: {'objective': 'reg:squarederror', 'tree_method': 'gpu_hist', 'lambda': 0.20969390096294646, 'alpha': 0.010159363311083825, 'colsample_bytree': 0.8613440828252957, 'subsample': 0.7815254566381069, 'learning_rate': 0.00981211223621567, 'max_depth': 7, 'min_child_weight': 8, 'eval_metric': 'rmse'}. Best is trial 96 with value: 0.0885031918071327.
start listen on 192.168.1.101:59533
@tracker All of 1 nodes getting started
@tracker All nodes finishes job
Trial 102 finished with value: 0.0887206968780362 and parameters: {'objective': 'reg:squarederror', 'tree_method': 'gpu_hist', 'lambda': 0.8129161884091084, 'alpha': 0.008981059867690579, 'colsample_bytree': 0.8666834930459958, 'subsample': 0.7795812505109858, 'learning_rate': 0.009944175897499982, 'max_depth': 7, 'min_child_weight': 9, 'eval_metric': 'rmse'}. Best is trial 96 with value: 0.0885031918071327.
start listen on 192.168.1.101:52011
@tracker All of 1 nodes getting started
@tracker All nodes finishes job
Trial 103 finished with value: 0.08864756014746017 and parameters: {'objective': 'reg:squarederror', 'tree_method': 'gpu_hist', 'lambda': 0.195731710468118, 'alpha': 0.007422211609984649, 'colsample_bytree': 0.8930269849931787, 'subsample': 0.8146192355876443, 'learning_rate': 0.009966799663042362, 'max_depth': 7, 'min_child_weight': 9, 'eval_metric': 'rmse'}. Best is trial 96 with value: 0.0885031918071327.
start listen on 192.168.1.101:46601
@tracker All of 1 nodes getting started
@tracker All nodes finishes job
Trial 104 finished with value: 0.0891080495735886 and parameters: {'objective': 'reg:squarederror', 'tree_method': 'gpu_hist', 'lambda': 0.12066197916302021, 'alpha': 0.00851226841979302, 'colsample_bytree': 0.8920463895169238, 'subsample': 0.8147165712674271, 'learning_rate': 0.009795774780417843, 'max_depth': 7, 'min_child_weight': 22, 'eval_metric': 'rmse'}. Best is trial 96 with value: 0.0885031918071327.
start listen on 192.168.1.101:56291
@tracker All of 1 nodes getting started
@tracker All nodes finishes job
Trial 105 finished with value: 0.090454310776889 and parameters: {'objective': 'reg:squarederror', 'tree_method': 'gpu_hist', 'lambda': 0.21436411218974855, 'alpha': 0.004993277045724362, 'colsample_bytree': 0.9546178603051677, 'subsample': 0.8590383543600941, 'learning_rate': 0.01222482089763845, 'max_depth': 7, 'min_child_weight': 30, 'eval_metric': 'rmse'}. Best is trial 96 with value: 0.0885031918071327.
start listen on 192.168.1.101:37991
@tracker All of 1 nodes getting started
@tracker All nodes finishes job
Trial 106 finished with value: 0.09324148040411401 and parameters: {'objective': 'reg:squarederror', 'tree_method': 'gpu_hist', 'lambda': 0.20069874822223696, 'alpha': 0.006843609256310594, 'colsample_bytree': 0.9755533328629252, 'subsample': 0.7360713338913518, 'learning_rate': 0.01331138529734516, 'max_depth': 7, 'min_child_weight': 40, 'eval_metric': 'rmse'}. Best is trial 96 with value: 0.0885031918071327.
start listen on 192.168.1.101:42265
@tracker All of 1 nodes getting started
@tracker All nodes finishes job
Trial 107 finished with value: 0.09048142766449309 and parameters: {'objective': 'reg:squarederror', 'tree_method': 'gpu_hist', 'lambda': 0.39536002524854985, 'alpha': 0.0037772710418138497, 'colsample_bytree': 0.9297341601837597, 'subsample': 0.7923756151813085, 'learning_rate': 0.010680945964274768, 'max_depth': 5, 'min_child_weight': 16, 'eval_metric': 'rmse'}. Best is trial 96 with value: 0.0885031918071327.
start listen on 192.168.1.101:52517
@tracker All of 1 nodes getting started
@tracker All nodes finishes job
Trial 108 finished with value: 0.089906687135881 and parameters: {'objective': 'reg:squarederror', 'tree_method': 'gpu_hist', 'lambda': 0.1508158870379329, 'alpha': 0.013077566481730694, 'colsample_bytree': 0.8982600389970539, 'subsample': 0.803653659774021, 'learning_rate': 0.011829234308532504, 'max_depth': 20, 'min_child_weight': 10, 'eval_metric': 'rmse'}. Best is trial 96 with value: 0.0885031918071327.
start listen on 192.168.1.101:36669
@tracker All of 1 nodes getting started
@tracker All nodes finishes job
Trial 109 finished with value: 0.24350504663261996 and parameters: {'objective': 'reg:squarederror', 'tree_method': 'gpu_hist', 'lambda': 0.2841302189699732, 'alpha': 0.008802256061822342, 'colsample_bytree': 0.8532801478504565, 'subsample': 0.7631527974080798, 'learning_rate': 0.009823060252478071, 'max_depth': 7, 'min_child_weight': 252, 'eval_metric': 'rmse'}. Best is trial 96 with value: 0.0885031918071327.
start listen on 192.168.1.101:54739
@tracker All of 1 nodes getting started
@tracker All nodes finishes job
Trial 110 finished with value: 0.08970398246435297 and parameters: {'objective': 'reg:squarederror', 'tree_method': 'gpu_hist', 'lambda': 0.7887434717673324, 'alpha': 0.005112675749243328, 'colsample_bytree': 0.9454105004673211, 'subsample': 0.7837583740283265, 'learning_rate': 0.007175661340317862, 'max_depth': 7, 'min_child_weight': 25, 'eval_metric': 'rmse'}. Best is trial 96 with value: 0.0885031918071327.
start listen on 192.168.1.101:47703
@tracker All of 1 nodes getting started
@tracker All nodes finishes job
Trial 111 finished with value: 0.08869542328860283 and parameters: {'objective': 'reg:squarederror', 'tree_method': 'gpu_hist', 'lambda': 0.07695052094707008, 'alpha': 0.016979625355550438, 'colsample_bytree': 0.8617555004994152, 'subsample': 0.7700928518250666, 'learning_rate': 0.0087667213883201, 'max_depth': 7, 'min_child_weight': 9, 'eval_metric': 'rmse'}. Best is trial 96 with value: 0.0885031918071327.
start listen on 192.168.1.101:39965
@tracker All of 1 nodes getting started
@tracker All nodes finishes job
Trial 112 finished with value: 0.08907246567884279 and parameters: {'objective': 'reg:squarederror', 'tree_method': 'gpu_hist', 'lambda': 0.06491957363332691, 'alpha': 0.0031013234186245586, 'colsample_bytree': 0.8831301668231631, 'subsample': 0.7523105068082846, 'learning_rate': 0.011044682432905472, 'max_depth': 7, 'min_child_weight': 1, 'eval_metric': 'rmse'}. Best is trial 96 with value: 0.0885031918071327.
start listen on 192.168.1.101:54583
@tracker All of 1 nodes getting started
@tracker All nodes finishes job
Trial 113 finished with value: 0.0890281252442987 and parameters: {'objective': 'reg:squarederror', 'tree_method': 'gpu_hist', 'lambda': 0.07828159043924172, 'alpha': 0.012661295048429997, 'colsample_bytree': 0.9060696551736387, 'subsample': 0.8167276840118719, 'learning_rate': 0.0095339333110629, 'max_depth': 7, 'min_child_weight': 9, 'eval_metric': 'rmse'}. Best is trial 96 with value: 0.0885031918071327.
start listen on 192.168.1.101:51263
@tracker All of 1 nodes getting started
@tracker All nodes finishes job
Trial 114 finished with value: 0.08906029344457767 and parameters: {'objective': 'reg:squarederror', 'tree_method': 'gpu_hist', 'lambda': 0.6637459914135464, 'alpha': 0.0057340414904364844, 'colsample_bytree': 0.8704447345611814, 'subsample': 0.7815385112151207, 'learning_rate': 0.013347695218507837, 'max_depth': 7, 'min_child_weight': 16, 'eval_metric': 'rmse'}. Best is trial 96 with value: 0.0885031918071327.
start listen on 192.168.1.101:36371
@tracker All of 1 nodes getting started
@tracker All nodes finishes job
Trial 115 finished with value: 0.08846488824074684 and parameters: {'objective': 'reg:squarederror', 'tree_method': 'gpu_hist', 'lambda': 1.2163119430311895, 'alpha': 0.007332611083985607, 'colsample_bytree': 0.914101846919857, 'subsample': 0.7381554352816224, 'learning_rate': 0.006417050090488284, 'max_depth': 17, 'min_child_weight': 21, 'eval_metric': 'rmse'}. Best is trial 115 with value: 0.08846488824074684.
start listen on 192.168.1.101:46841
@tracker All of 1 nodes getting started
@tracker All nodes finishes job
Trial 116 finished with value: 0.0883022116656891 and parameters: {'objective': 'reg:squarederror', 'tree_method': 'gpu_hist', 'lambda': 0.4605294891115707, 'alpha': 0.007633857981007232, 'colsample_bytree': 0.999591760202554, 'subsample': 0.7381855048025316, 'learning_rate': 0.005922494021347343, 'max_depth': 17, 'min_child_weight': 19, 'eval_metric': 'rmse'}. Best is trial 116 with value: 0.0883022116656891.
start listen on 192.168.1.101:43221
@tracker All of 1 nodes getting started
@tracker All nodes finishes job
Trial 117 finished with value: 0.08827149456805923 and parameters: {'objective': 'reg:squarederror', 'tree_method': 'gpu_hist', 'lambda': 0.4651828674127523, 'alpha': 0.0037330354333833153, 'colsample_bytree': 0.9988429688262002, 'subsample': 0.7447372206501833, 'learning_rate': 0.0061959424630088685, 'max_depth': 17, 'min_child_weight': 20, 'eval_metric': 'rmse'}. Best is trial 117 with value: 0.08827149456805923.
start listen on 192.168.1.101:34199
@tracker All of 1 nodes getting started
@tracker All nodes finishes job
Trial 118 finished with value: 0.08933842378935773 and parameters: {'objective': 'reg:squarederror', 'tree_method': 'gpu_hist', 'lambda': 0.5791908897804237, 'alpha': 0.0016701292724203912, 'colsample_bytree': 0.9971974444398857, 'subsample': 0.7366589586479366, 'learning_rate': 0.006115294503923608, 'max_depth': 17, 'min_child_weight': 35, 'eval_metric': 'rmse'}. Best is trial 117 with value: 0.08827149456805923.
start listen on 192.168.1.101:34683
@tracker All of 1 nodes getting started
@tracker All nodes finishes job
Trial 119 finished with value: 0.08853336721568619 and parameters: {'objective': 'reg:squarederror', 'tree_method': 'gpu_hist', 'lambda': 0.3255115328884354, 'alpha': 0.003908535589048248, 'colsample_bytree': 0.9739124232158705, 'subsample': 0.7443865376262329, 'learning_rate': 0.006553350320773058, 'max_depth': 17, 'min_child_weight': 21, 'eval_metric': 'rmse'}. Best is trial 117 with value: 0.08827149456805923.
start listen on 192.168.1.101:44769
@tracker All of 1 nodes getting started
@tracker All nodes finishes job
Trial 120 finished with value: 0.08851369179944005 and parameters: {'objective': 'reg:squarederror', 'tree_method': 'gpu_hist', 'lambda': 0.329934198030457, 'alpha': 0.004096241456741798, 'colsample_bytree': 0.9697877337719577, 'subsample': 0.7446632302430551, 'learning_rate': 0.005387951996571428, 'max_depth': 17, 'min_child_weight': 21, 'eval_metric': 'rmse'}. Best is trial 117 with value: 0.08827149456805923.
start listen on 192.168.1.101:47747
@tracker All of 1 nodes getting started
@tracker All nodes finishes job
Trial 121 finished with value: 0.0886505196927639 and parameters: {'objective': 'reg:squarederror', 'tree_method': 'gpu_hist', 'lambda': 0.04127595195907508, 'alpha': 0.003999121299111152, 'colsample_bytree': 0.9747310621063411, 'subsample': 0.7483866702637567, 'learning_rate': 0.005403634327855031, 'max_depth': 17, 'min_child_weight': 21, 'eval_metric': 'rmse'}. Best is trial 117 with value: 0.08827149456805923.
start listen on 192.168.1.101:43469
@tracker All of 1 nodes getting started
@tracker All nodes finishes job
Trial 122 finished with value: 0.08926694485051688 and parameters: {'objective': 'reg:squarederror', 'tree_method': 'gpu_hist', 'lambda': 0.04273136794031691, 'alpha': 0.003762242883013704, 'colsample_bytree': 0.9751890825429758, 'subsample': 0.7455579908502091, 'learning_rate': 0.005122584590924647, 'max_depth': 17, 'min_child_weight': 28, 'eval_metric': 'rmse'}. Best is trial 117 with value: 0.08827149456805923.
start listen on 192.168.1.101:54025
@tracker All of 1 nodes getting started
@tracker All nodes finishes job
Trial 123 finished with value: 0.08966738122999693 and parameters: {'objective': 'reg:squarederror', 'tree_method': 'gpu_hist', 'lambda': 0.02982062279895273, 'alpha': 0.0026808309488594527, 'colsample_bytree': 0.9719223811242974, 'subsample': 0.7142195113901159, 'learning_rate': 0.004172231640445685, 'max_depth': 17, 'min_child_weight': 20, 'eval_metric': 'rmse'}. Best is trial 117 with value: 0.08827149456805923.
start listen on 192.168.1.101:56519
@tracker All of 1 nodes getting started
@tracker All nodes finishes job
Trial 124 finished with value: 0.09130247138481486 and parameters: {'objective': 'reg:squarederror', 'tree_method': 'gpu_hist', 'lambda': 0.3068396705804319, 'alpha': 0.0022596038388800897, 'colsample_bytree': 0.9259809498255163, 'subsample': 0.6945595371372592, 'learning_rate': 0.005680244520377675, 'max_depth': 17, 'min_child_weight': 38, 'eval_metric': 'rmse'}. Best is trial 117 with value: 0.08827149456805923.
start listen on 192.168.1.101:60645
@tracker All of 1 nodes getting started
@tracker All nodes finishes job
