Trial 125 finished with value: 0.08876865087646177 and parameters: {'objective': 'reg:squarederror', 'tree_method': 'gpu_hist', 'lambda': 0.1554642235709502, 'alpha': 0.001087633776570649, 'colsample_bytree': 0.955730719391503, 'subsample': 0.7325070800452937, 'learning_rate': 0.004869115748886916, 'max_depth': 17, 'min_child_weight': 21, 'eval_metric': 'rmse'}. Best is trial 117 with value: 0.08827149456805923.
start listen on 192.168.1.101:42423
@tracker All of 1 nodes getting started
@tracker All nodes finishes job
Trial 126 finished with value: 0.0945028823552476 and parameters: {'objective': 'reg:squarederror', 'tree_method': 'gpu_hist', 'lambda': 0.25508179756306776, 'alpha': 0.004295771330366599, 'colsample_bytree': 0.9459626580007628, 'subsample': 0.7556576621247376, 'learning_rate': 0.0065626662306962485, 'max_depth': 17, 'min_child_weight': 48, 'eval_metric': 'rmse'}. Best is trial 117 with value: 0.08827149456805923.
start listen on 192.168.1.101:40051
@tracker All of 1 nodes getting started
@tracker All nodes finishes job
Trial 127 finished with value: 0.08978858276150913 and parameters: {'objective': 'reg:squarederror', 'tree_method': 'gpu_hist', 'lambda': 0.504045275404664, 'alpha': 0.0073490528382578624, 'colsample_bytree': 0.9803390870135577, 'subsample': 0.7431723270371658, 'learning_rate': 0.004295796772555007, 'max_depth': 17, 'min_child_weight': 29, 'eval_metric': 'rmse'}. Best is trial 117 with value: 0.08827149456805923.
start listen on 192.168.1.101:60421
@tracker All of 1 nodes getting started
@tracker All nodes finishes job
Trial 128 finished with value: 0.08858657865555496 and parameters: {'objective': 'reg:squarederror', 'tree_method': 'gpu_hist', 'lambda': 0.08875635685254733, 'alpha': 0.0033854199812445285, 'colsample_bytree': 0.9127123009942328, 'subsample': 0.7136371707670494, 'learning_rate': 0.005777204547611752, 'max_depth': 17, 'min_child_weight': 17, 'eval_metric': 'rmse'}. Best is trial 117 with value: 0.08827149456805923.
start listen on 192.168.1.101:58657
@tracker All of 1 nodes getting started
@tracker All nodes finishes job
Trial 129 finished with value: 0.09985407017081065 and parameters: {'objective': 'reg:squarederror', 'tree_method': 'gpu_hist', 'lambda': 0.3323924198303984, 'alpha': 0.004494887306112596, 'colsample_bytree': 0.961127589353656, 'subsample': 0.7209237497086108, 'learning_rate': 0.005529297383673167, 'max_depth': 17, 'min_child_weight': 65, 'eval_metric': 'rmse'}. Best is trial 117 with value: 0.08827149456805923.
start listen on 192.168.1.101:57649
@tracker All of 1 nodes getting started
@tracker All nodes finishes job
Trial 130 finished with value: 0.0983692487957944 and parameters: {'objective': 'reg:squarederror', 'tree_method': 'gpu_hist', 'lambda': 0.19561162462004975, 'alpha': 0.001936688770564686, 'colsample_bytree': 0.9385314654988336, 'subsample': 0.7097629658192588, 'learning_rate': 0.006389288167338729, 'max_depth': 17, 'min_child_weight': 58, 'eval_metric': 'rmse'}. Best is trial 117 with value: 0.08827149456805923.
start listen on 192.168.1.101:52983
@tracker All of 1 nodes getting started
@tracker All nodes finishes job
Trial 131 finished with value: 0.0886989654891736 and parameters: {'objective': 'reg:squarederror', 'tree_method': 'gpu_hist', 'lambda': 0.09781910739741827, 'alpha': 0.003454016132643505, 'colsample_bytree': 0.9190762576486343, 'subsample': 0.7562756606843726, 'learning_rate': 0.007071514288237733, 'max_depth': 17, 'min_child_weight': 14, 'eval_metric': 'rmse'}. Best is trial 117 with value: 0.08827149456805923.
start listen on 192.168.1.101:58521
@tracker All of 1 nodes getting started
@tracker All nodes finishes job
Trial 132 finished with value: 0.089146214424567 and parameters: {'objective': 'reg:squarederror', 'tree_method': 'gpu_hist', 'lambda': 0.01956531874984906, 'alpha': 0.00713170057299878, 'colsample_bytree': 0.910521038777732, 'subsample': 0.7299618169689592, 'learning_rate': 0.004509686877313576, 'max_depth': 17, 'min_child_weight': 21, 'eval_metric': 'rmse'}. Best is trial 117 with value: 0.08827149456805923.
start listen on 192.168.1.101:40243
@tracker All of 1 nodes getting started
@tracker All nodes finishes job
Trial 133 finished with value: 0.0887551562528628 and parameters: {'objective': 'reg:squarederror', 'tree_method': 'gpu_hist', 'lambda': 0.042828945983938715, 'alpha': 0.002492185042116256, 'colsample_bytree': 0.9846438440261575, 'subsample': 0.6952543495434746, 'learning_rate': 0.005886979107220103, 'max_depth': 17, 'min_child_weight': 15, 'eval_metric': 'rmse'}. Best is trial 117 with value: 0.08827149456805923.
start listen on 192.168.1.101:34661
@tracker All of 1 nodes getting started
@tracker All nodes finishes job
Trial 134 finished with value: 0.08953762344981483 and parameters: {'objective': 'reg:squarederror', 'tree_method': 'gpu_hist', 'lambda': 0.08721846734521396, 'alpha': 0.003290146706927414, 'colsample_bytree': 0.8876046699174572, 'subsample': 0.7426059009775472, 'learning_rate': 0.005103171784391798, 'max_depth': 17, 'min_child_weight': 34, 'eval_metric': 'rmse'}. Best is trial 117 with value: 0.08827149456805923.
start listen on 192.168.1.101:60119
@tracker All of 1 nodes getting started
@tracker All nodes finishes job
Trial 135 finished with value: 0.2545211187904452 and parameters: {'objective': 'reg:squarederror', 'tree_method': 'gpu_hist', 'lambda': 0.11980240247589014, 'alpha': 0.005576807793230408, 'colsample_bytree': 0.9650827921388871, 'subsample': 0.7627293632854443, 'learning_rate': 0.0038131699446131238, 'max_depth': 17, 'min_child_weight': 291, 'eval_metric': 'rmse'}. Best is trial 117 with value: 0.08827149456805923.
start listen on 192.168.1.101:48413
@tracker All of 1 nodes getting started
@tracker All nodes finishes job
Trial 136 finished with value: 0.08900135595846777 and parameters: {'objective': 'reg:squarederror', 'tree_method': 'gpu_hist', 'lambda': 0.4590882914926914, 'alpha': 0.004466704864720942, 'colsample_bytree': 0.9367928143456442, 'subsample': 0.7152335186680214, 'learning_rate': 0.0073509071601284125, 'max_depth': 17, 'min_child_weight': 26, 'eval_metric': 'rmse'}. Best is trial 117 with value: 0.08827149456805923.
start listen on 192.168.1.101:55855
@tracker All of 1 nodes getting started
@tracker All nodes finishes job
Trial 137 finished with value: 0.0883293288006394 and parameters: {'objective': 'reg:squarederror', 'tree_method': 'gpu_hist', 'lambda': 1.2707658116954523, 'alpha': 0.006110294227075486, 'colsample_bytree': 0.9012994132212335, 'subsample': 0.7933919431114932, 'learning_rate': 0.006649014804869654, 'max_depth': 17, 'min_child_weight': 15, 'eval_metric': 'rmse'}. Best is trial 117 with value: 0.08827149456805923.
start listen on 192.168.1.101:42985
@tracker All of 1 nodes getting started
@tracker All nodes finishes job
Trial 138 finished with value: 0.12471387908128681 and parameters: {'objective': 'reg:squarederror', 'tree_method': 'gpu_hist', 'lambda': 1.2665798196433324, 'alpha': 0.006549850363219773, 'colsample_bytree': 0.9001696068916079, 'subsample': 0.7931800168252514, 'learning_rate': 0.0031498055791841324, 'max_depth': 17, 'min_child_weight': 146, 'eval_metric': 'rmse'}. Best is trial 117 with value: 0.08827149456805923.
start listen on 192.168.1.101:48941
@tracker All of 1 nodes getting started
@tracker All nodes finishes job
Trial 139 finished with value: 0.09012790253001647 and parameters: {'objective': 'reg:squarederror', 'tree_method': 'gpu_hist', 'lambda': 0.6061858134285668, 'alpha': 0.003203895754249166, 'colsample_bytree': 0.9662533339596119, 'subsample': 0.7523935191600977, 'learning_rate': 0.006202231179211761, 'max_depth': 17, 'min_child_weight': 1, 'eval_metric': 'rmse'}. Best is trial 117 with value: 0.08827149456805923.
start listen on 192.168.1.101:34769
@tracker All of 1 nodes getting started
@tracker All nodes finishes job
Trial 140 finished with value: 0.08867294300636616 and parameters: {'objective': 'reg:squarederror', 'tree_method': 'gpu_hist', 'lambda': 0.008377825888851945, 'alpha': 0.004023160606887638, 'colsample_bytree': 0.9207068696998925, 'subsample': 0.7268711859568762, 'learning_rate': 0.006886016722008976, 'max_depth': 17, 'min_child_weight': 18, 'eval_metric': 'rmse'}. Best is trial 117 with value: 0.08827149456805923.
start listen on 192.168.1.101:48945
@tracker All of 1 nodes getting started
@tracker All nodes finishes job
Trial 141 finished with value: 0.08855630102344875 and parameters: {'objective': 'reg:squarederror', 'tree_method': 'gpu_hist', 'lambda': 0.010702197007322159, 'alpha': 0.0038847931214812323, 'colsample_bytree': 0.9115728984878274, 'subsample': 0.7305624815601011, 'learning_rate': 0.006926635372629337, 'max_depth': 17, 'min_child_weight': 18, 'eval_metric': 'rmse'}. Best is trial 117 with value: 0.08827149456805923.
start listen on 192.168.1.101:56211
@tracker All of 1 nodes getting started
@tracker All nodes finishes job
Trial 142 finished with value: 0.08871223984749599 and parameters: {'objective': 'reg:squarederror', 'tree_method': 'gpu_hist', 'lambda': 0.009551951127351578, 'alpha': 0.0038364580578993373, 'colsample_bytree': 0.9231365342218311, 'subsample': 0.7359346032179891, 'learning_rate': 0.00677785068577853, 'max_depth': 17, 'min_child_weight': 18, 'eval_metric': 'rmse'}. Best is trial 117 with value: 0.08827149456805923.
start listen on 192.168.1.101:57293
@tracker All of 1 nodes getting started
@tracker All nodes finishes job
Trial 143 finished with value: 0.093599254221336 and parameters: {'objective': 'reg:squarederror', 'tree_method': 'gpu_hist', 'lambda': 0.00822215539585849, 'alpha': 0.004562318820634027, 'colsample_bytree': 0.9466329916007903, 'subsample': 0.7272996080702748, 'learning_rate': 0.005459772442350797, 'max_depth': 17, 'min_child_weight': 43, 'eval_metric': 'rmse'}. Best is trial 117 with value: 0.08827149456805923.
start listen on 192.168.1.101:39361
@tracker All of 1 nodes getting started
@tracker All nodes finishes job
Trial 144 finished with value: 0.08963178010093695 and parameters: {'objective': 'reg:squarederror', 'tree_method': 'gpu_hist', 'lambda': 0.006474626161614232, 'alpha': 0.007595050052341683, 'colsample_bytree': 0.9083813705729397, 'subsample': 0.7455872443992112, 'learning_rate': 0.004561948329254655, 'max_depth': 17, 'min_child_weight': 29, 'eval_metric': 'rmse'}. Best is trial 117 with value: 0.08827149456805923.
start listen on 192.168.1.101:42737
@tracker All of 1 nodes getting started
@tracker All nodes finishes job
Trial 145 finished with value: 0.08882417988066109 and parameters: {'objective': 'reg:squarederror', 'tree_method': 'gpu_hist', 'lambda': 0.003908540096181978, 'alpha': 0.005695836713104877, 'colsample_bytree': 0.9845194918273079, 'subsample': 0.7608864586959885, 'learning_rate': 0.007498845514705638, 'max_depth': 17, 'min_child_weight': 14, 'eval_metric': 'rmse'}. Best is trial 117 with value: 0.08827149456805923.
start listen on 192.168.1.101:59743
@tracker All of 1 nodes getting started
@tracker All nodes finishes job
Trial 146 finished with value: 0.08879584069763986 and parameters: {'objective': 'reg:squarederror', 'tree_method': 'gpu_hist', 'lambda': 0.25028553525811326, 'alpha': 0.002706543550523207, 'colsample_bytree': 0.9291657271039003, 'subsample': 0.6999764789831645, 'learning_rate': 0.005978036109704775, 'max_depth': 17, 'min_child_weight': 23, 'eval_metric': 'rmse'}. Best is trial 117 with value: 0.08827149456805923.
start listen on 192.168.1.101:52001
@tracker All of 1 nodes getting started
@tracker All nodes finishes job
Trial 147 finished with value: 0.08850589931677548 and parameters: {'objective': 'reg:squarederror', 'tree_method': 'gpu_hist', 'lambda': 0.0036900392748193604, 'alpha': 0.001707238852569627, 'colsample_bytree': 0.883027146571813, 'subsample': 0.7358114330124105, 'learning_rate': 0.006528218297041573, 'max_depth': 17, 'min_child_weight': 17, 'eval_metric': 'rmse'}. Best is trial 117 with value: 0.08827149456805923.
start listen on 192.168.1.101:46799
@tracker All of 1 nodes getting started
@tracker All nodes finishes job
Trial 148 finished with value: 0.08970168541487197 and parameters: {'objective': 'reg:squarederror', 'tree_method': 'gpu_hist', 'lambda': 0.013609893668554734, 'alpha': 0.0011178700551877038, 'colsample_bytree': 0.8974093536075156, 'subsample': 0.7206780072078517, 'learning_rate': 0.005004370677372482, 'max_depth': 17, 'min_child_weight': 35, 'eval_metric': 'rmse'}. Best is trial 117 with value: 0.08827149456805923.
start listen on 192.168.1.101:37287
@tracker All of 1 nodes getting started
@tracker All nodes finishes job
Trial 149 finished with value: 0.08858225860434561 and parameters: {'objective': 'reg:squarederror', 'tree_method': 'gpu_hist', 'lambda': 0.004105716521321196, 'alpha': 0.0014905412304949725, 'colsample_bytree': 0.8841978664222376, 'subsample': 0.7335630738138998, 'learning_rate': 0.006363327191929783, 'max_depth': 17, 'min_child_weight': 17, 'eval_metric': 'rmse'}. Best is trial 117 with value: 0.08827149456805923.
start listen on 192.168.1.101:57831
@tracker All of 1 nodes getting started
@tracker All nodes finishes job
Trial 150 finished with value: 0.08971584624721081 and parameters: {'objective': 'reg:squarederror', 'tree_method': 'gpu_hist', 'lambda': 0.0024882513280131313, 'alpha': 0.0015215870769911635, 'colsample_bytree': 0.8816947032775101, 'subsample': 0.7918356987364714, 'learning_rate': 0.005797133003816483, 'max_depth': 17, 'min_child_weight': 30, 'eval_metric': 'rmse'}. Best is trial 117 with value: 0.08827149456805923.
start listen on 192.168.1.101:43961
@tracker All of 1 nodes getting started
@tracker All nodes finishes job
Trial 151 finished with value: 0.08878513481506997 and parameters: {'objective': 'reg:squarederror', 'tree_method': 'gpu_hist', 'lambda': 0.004101293791434524, 'alpha': 0.0017422873628061262, 'colsample_bytree': 0.9141814274696224, 'subsample': 0.7294395096029294, 'learning_rate': 0.006791723904127921, 'max_depth': 17, 'min_child_weight': 18, 'eval_metric': 'rmse'}. Best is trial 117 with value: 0.08827149456805923.
start listen on 192.168.1.101:55471
@tracker All of 1 nodes getting started
@tracker All nodes finishes job
Trial 152 finished with value: 0.08914529283245613 and parameters: {'objective': 'reg:squarederror', 'tree_method': 'gpu_hist', 'lambda': 0.0025276013699489655, 'alpha': 0.0013078155062015945, 'colsample_bytree': 0.8965505881121217, 'subsample': 0.748234633399816, 'learning_rate': 0.006675016649046513, 'max_depth': 17, 'min_child_weight': 23, 'eval_metric': 'rmse'}. Best is trial 117 with value: 0.08827149456805923.
start listen on 192.168.1.101:55935
@tracker All of 1 nodes getting started
@tracker All nodes finishes job
Trial 153 finished with value: 0.08885722000078493 and parameters: {'objective': 'reg:squarederror', 'tree_method': 'gpu_hist', 'lambda': 0.003324106194114621, 'alpha': 0.003970616562897829, 'colsample_bytree': 0.8767158079001621, 'subsample': 0.7070618478034852, 'learning_rate': 0.007547016312563692, 'max_depth': 17, 'min_child_weight': 16, 'eval_metric': 'rmse'}. Best is trial 117 with value: 0.08827149456805923.
start listen on 192.168.1.101:53147
@tracker All of 1 nodes getting started
@tracker All nodes finishes job
Trial 154 finished with value: 0.08918723413701635 and parameters: {'objective': 'reg:squarederror', 'tree_method': 'gpu_hist', 'lambda': 0.005674847582614675, 'alpha': 0.0023815171942838274, 'colsample_bytree': 0.9500067412151205, 'subsample': 0.7357542601034385, 'learning_rate': 0.005490258966478611, 'max_depth': 17, 'min_child_weight': 24, 'eval_metric': 'rmse'}. Best is trial 117 with value: 0.08827149456805923.
start listen on 192.168.1.101:36871
@tracker All of 1 nodes getting started
@tracker All nodes finishes job
Trial 155 finished with value: 0.08866703400426783 and parameters: {'objective': 'reg:squarederror', 'tree_method': 'gpu_hist', 'lambda': 0.009927371398881276, 'alpha': 0.0030142365278652177, 'colsample_bytree': 0.9999384580238933, 'subsample': 0.7606972216017419, 'learning_rate': 0.0064439352013782834, 'max_depth': 17, 'min_child_weight': 14, 'eval_metric': 'rmse'}. Best is trial 117 with value: 0.08827149456805923.
start listen on 192.168.1.101:52937
@tracker All of 1 nodes getting started
@tracker All nodes finishes job
Trial 156 finished with value: 0.09925804617626918 and parameters: {'objective': 'reg:squarederror', 'tree_method': 'gpu_hist', 'lambda': 0.0013197153760598629, 'alpha': 0.0029596611612985302, 'colsample_bytree': 0.9993378053787992, 'subsample': 0.7642035438657112, 'learning_rate': 0.00621622566701681, 'max_depth': 3, 'min_child_weight': 1, 'eval_metric': 'rmse'}. Best is trial 117 with value: 0.08827149456805923.
start listen on 192.168.1.101:60927
@tracker All of 1 nodes getting started
@tracker All nodes finishes job
Trial 157 finished with value: 0.08899087979373443 and parameters: {'objective': 'reg:squarederror', 'tree_method': 'gpu_hist', 'lambda': 0.015961291551374455, 'alpha': 0.0013139509581727388, 'colsample_bytree': 0.9878364846679619, 'subsample': 0.7862485552292844, 'learning_rate': 0.008344031952065813, 'max_depth': 15, 'min_child_weight': 14, 'eval_metric': 'rmse'}. Best is trial 117 with value: 0.08827149456805923.
start listen on 192.168.1.101:47591
@tracker All of 1 nodes getting started
@tracker All nodes finishes job
Trial 158 finished with value: 0.08941123883451146 and parameters: {'objective': 'reg:squarederror', 'tree_method': 'gpu_hist', 'lambda': 0.001984565168464263, 'alpha': 0.0019946213879700786, 'colsample_bytree': 0.9611193574746548, 'subsample': 0.7516408657582812, 'learning_rate': 0.005015611467720149, 'max_depth': 13, 'min_child_weight': 32, 'eval_metric': 'rmse'}. Best is trial 117 with value: 0.08827149456805923.
start listen on 192.168.1.101:43587
@tracker All of 1 nodes getting started
@tracker All nodes finishes job
Trial 159 finished with value: 0.08900304676248758 and parameters: {'objective': 'reg:squarederror', 'tree_method': 'gpu_hist', 'lambda': 0.01133981147178088, 'alpha': 0.0033224607123380277, 'colsample_bytree': 0.9743452783281723, 'subsample': 0.7617286876933114, 'learning_rate': 0.007680825482505269, 'max_depth': 17, 'min_child_weight': 12, 'eval_metric': 'rmse'}. Best is trial 117 with value: 0.08827149456805923.
start listen on 192.168.1.101:35363
@tracker All of 1 nodes getting started
@tracker All nodes finishes job
Trial 160 finished with value: 0.22686317919179136 and parameters: {'objective': 'reg:squarederror', 'tree_method': 'gpu_hist', 'lambda': 0.43820534705189174, 'alpha': 0.007880830912583374, 'colsample_bytree': 0.8433655402681798, 'subsample': 0.7416485626384224, 'learning_rate': 0.0062653214260854516, 'max_depth': 17, 'min_child_weight': 225, 'eval_metric': 'rmse'}. Best is trial 117 with value: 0.08827149456805923.
start listen on 192.168.1.101:43765
@tracker All of 1 nodes getting started
@tracker All nodes finishes job
Trial 161 finished with value: 0.0891240603738552 and parameters: {'objective': 'reg:squarederror', 'tree_method': 'gpu_hist', 'lambda': 0.008537125422985077, 'alpha': 0.004706852910748173, 'colsample_bytree': 0.8849650609945594, 'subsample': 0.7182241238081339, 'learning_rate': 0.0070760400503001265, 'max_depth': 17, 'min_child_weight': 21, 'eval_metric': 'rmse'}. Best is trial 117 with value: 0.08827149456805923.
start listen on 192.168.1.101:41617
@tracker All of 1 nodes getting started
@tracker All nodes finishes job
Trial 162 finished with value: 0.08883425728746772 and parameters: {'objective': 'reg:squarederror', 'tree_method': 'gpu_hist', 'lambda': 0.006814567155285145, 'alpha': 0.0038824725936388114, 'colsample_bytree': 0.9136094293635448, 'subsample': 0.7279643270570815, 'learning_rate': 0.005415759155204079, 'max_depth': 17, 'min_child_weight': 13, 'eval_metric': 'rmse'}. Best is trial 117 with value: 0.08827149456805923.
start listen on 192.168.1.101:53713
@tracker All of 1 nodes getting started
@tracker All nodes finishes job
Trial 163 finished with value: 0.08846546674306395 and parameters: {'objective': 'reg:squarederror', 'tree_method': 'gpu_hist', 'lambda': 0.005019493582092579, 'alpha': 0.006310776316019161, 'colsample_bytree': 0.9394673045926497, 'subsample': 0.6807062028572707, 'learning_rate': 0.006631396410253659, 'max_depth': 17, 'min_child_weight': 19, 'eval_metric': 'rmse'}. Best is trial 117 with value: 0.08827149456805923.
start listen on 192.168.1.101:47617
@tracker All of 1 nodes getting started
@tracker All nodes finishes job
Trial 164 finished with value: 0.08953902983173517 and parameters: {'objective': 'reg:squarederror', 'tree_method': 'gpu_hist', 'lambda': 0.005189023266438812, 'alpha': 0.006378502516420365, 'colsample_bytree': 0.9423777856093163, 'subsample': 0.6664834093433907, 'learning_rate': 0.004580953288354366, 'max_depth': 17, 'min_child_weight': 28, 'eval_metric': 'rmse'}. Best is trial 117 with value: 0.08827149456805923.
start listen on 192.168.1.101:46851
@tracker All of 1 nodes getting started
@tracker All nodes finishes job
Trial 165 finished with value: 0.0889767634125252 and parameters: {'objective': 'reg:squarederror', 'tree_method': 'gpu_hist', 'lambda': 0.0028842865496152975, 'alpha': 0.009337008522549388, 'colsample_bytree': 0.9666978112354984, 'subsample': 0.6775842058772727, 'learning_rate': 0.005849034601552099, 'max_depth': 17, 'min_child_weight': 23, 'eval_metric': 'rmse'}. Best is trial 117 with value: 0.08827149456805923.
start listen on 192.168.1.101:35197
@tracker All of 1 nodes getting started
@tracker All nodes finishes job
