Trial 248 finished with value: 0.08968588637851742 and parameters: {'objective': 'reg:squarederror', 'tree_method': 'gpu_hist', 'lambda': 0.525887012141675, 'alpha': 0.02732219967035354, 'colsample_bytree': 0.9682403090421954, 'subsample': 0.5554015415189655, 'learning_rate': 0.003930964982437235, 'max_depth': 17, 'min_child_weight': 13, 'eval_metric': 'rmse'}. Best is trial 247 with value: 0.08793714839123393.
start listen on 192.168.1.101:35055
@tracker All of 1 nodes getting started
@tracker All nodes finishes job
Trial 249 finished with value: 0.08803671216643814 and parameters: {'objective': 'reg:squarederror', 'tree_method': 'gpu_hist', 'lambda': 0.5511238130567745, 'alpha': 0.023859299985827292, 'colsample_bytree': 0.9997131333460366, 'subsample': 0.6031480535967971, 'learning_rate': 0.005100953177979649, 'max_depth': 17, 'min_child_weight': 12, 'eval_metric': 'rmse'}. Best is trial 247 with value: 0.08793714839123393.
start listen on 192.168.1.101:50213
@tracker All of 1 nodes getting started
@tracker All nodes finishes job
Trial 250 finished with value: 0.09081166550977046 and parameters: {'objective': 'reg:squarederror', 'tree_method': 'gpu_hist', 'lambda': 0.5342466322207157, 'alpha': 0.020120535291970804, 'colsample_bytree': 0.9986428219974308, 'subsample': 0.6024509810496305, 'learning_rate': 0.004383182494308112, 'max_depth': 17, 'min_child_weight': 1, 'eval_metric': 'rmse'}. Best is trial 247 with value: 0.08793714839123393.
start listen on 192.168.1.101:58083
@tracker All of 1 nodes getting started
@tracker All nodes finishes job
Trial 251 finished with value: 0.08809432525510473 and parameters: {'objective': 'reg:squarederror', 'tree_method': 'gpu_hist', 'lambda': 0.6045254176395626, 'alpha': 0.02439357280785006, 'colsample_bytree': 0.974211685438271, 'subsample': 0.6087138845385193, 'learning_rate': 0.005011849356687817, 'max_depth': 17, 'min_child_weight': 11, 'eval_metric': 'rmse'}. Best is trial 247 with value: 0.08793714839123393.
start listen on 192.168.1.101:34059
@tracker All of 1 nodes getting started
@tracker All nodes finishes job
Trial 252 finished with value: 0.08798997469380045 and parameters: {'objective': 'reg:squarederror', 'tree_method': 'gpu_hist', 'lambda': 0.5987033181782185, 'alpha': 0.024942979354280016, 'colsample_bytree': 0.9684671158006275, 'subsample': 0.6077343352923584, 'learning_rate': 0.00514933677485191, 'max_depth': 17, 'min_child_weight': 13, 'eval_metric': 'rmse'}. Best is trial 247 with value: 0.08793714839123393.
start listen on 192.168.1.101:41507
@tracker All of 1 nodes getting started
@tracker All nodes finishes job
Trial 253 finished with value: 0.08857011278697567 and parameters: {'objective': 'reg:squarederror', 'tree_method': 'gpu_hist', 'lambda': 0.5828899405920478, 'alpha': 0.02446282952431182, 'colsample_bytree': 0.9674794143345097, 'subsample': 0.5741474273946066, 'learning_rate': 0.004544476066168882, 'max_depth': 17, 'min_child_weight': 14, 'eval_metric': 'rmse'}. Best is trial 247 with value: 0.08793714839123393.
start listen on 192.168.1.101:57363
@tracker All of 1 nodes getting started
@tracker All nodes finishes job
Trial 254 finished with value: 0.0885029992478295 and parameters: {'objective': 'reg:squarederror', 'tree_method': 'gpu_hist', 'lambda': 0.4708847542196189, 'alpha': 0.031007823808935273, 'colsample_bytree': 0.973235151932879, 'subsample': 0.6089957539958364, 'learning_rate': 0.005051898485914505, 'max_depth': 17, 'min_child_weight': 5, 'eval_metric': 'rmse'}. Best is trial 247 with value: 0.08793714839123393.
start listen on 192.168.1.101:49229
@tracker All of 1 nodes getting started
@tracker All nodes finishes job
Trial 255 finished with value: 0.08798528110595015 and parameters: {'objective': 'reg:squarederror', 'tree_method': 'gpu_hist', 'lambda': 0.6282018894440256, 'alpha': 0.02384381240266903, 'colsample_bytree': 0.9595484662795384, 'subsample': 0.6012634031401182, 'learning_rate': 0.004707718481477451, 'max_depth': 17, 'min_child_weight': 12, 'eval_metric': 'rmse'}. Best is trial 247 with value: 0.08793714839123393.
start listen on 192.168.1.101:52589
@tracker All of 1 nodes getting started
@tracker All nodes finishes job
Trial 256 finished with value: 0.11526963347672695 and parameters: {'objective': 'reg:squarederror', 'tree_method': 'gpu_hist', 'lambda': 0.7121853267630666, 'alpha': 0.02328760483254732, 'colsample_bytree': 0.9589887791824829, 'subsample': 0.6183776632936004, 'learning_rate': 0.004106812874376792, 'max_depth': 17, 'min_child_weight': 85, 'eval_metric': 'rmse'}. Best is trial 247 with value: 0.08793714839123393.
start listen on 192.168.1.101:59873
@tracker All of 1 nodes getting started
@tracker All nodes finishes job
Trial 257 finished with value: 0.08815726051955353 and parameters: {'objective': 'reg:squarederror', 'tree_method': 'gpu_hist', 'lambda': 0.5861888855447052, 'alpha': 0.01874062824512908, 'colsample_bytree': 0.9791880391863724, 'subsample': 0.5964976220654762, 'learning_rate': 0.004709116630594696, 'max_depth': 17, 'min_child_weight': 11, 'eval_metric': 'rmse'}. Best is trial 247 with value: 0.08793714839123393.
start listen on 192.168.1.101:58039
@tracker All of 1 nodes getting started
@tracker All nodes finishes job
Trial 258 finished with value: 0.09195824572275106 and parameters: {'objective': 'reg:squarederror', 'tree_method': 'gpu_hist', 'lambda': 0.6281111219872132, 'alpha': 0.019267919208946126, 'colsample_bytree': 0.9780047656209706, 'subsample': 0.5966618701601383, 'learning_rate': 0.003597866661143419, 'max_depth': 17, 'min_child_weight': 5, 'eval_metric': 'rmse'}. Best is trial 247 with value: 0.08793714839123393.
start listen on 192.168.1.101:38231
@tracker All of 1 nodes getting started
@tracker All nodes finishes job
Trial 259 finished with value: 0.08814810426222366 and parameters: {'objective': 'reg:squarederror', 'tree_method': 'gpu_hist', 'lambda': 0.641988896091271, 'alpha': 0.03591991514797016, 'colsample_bytree': 0.9537319482419994, 'subsample': 0.566806159133107, 'learning_rate': 0.004683839953094142, 'max_depth': 17, 'min_child_weight': 10, 'eval_metric': 'rmse'}. Best is trial 247 with value: 0.08793714839123393.
start listen on 192.168.1.101:49955
@tracker All of 1 nodes getting started
@tracker All nodes finishes job
Trial 260 finished with value: 0.08813374759399306 and parameters: {'objective': 'reg:squarederror', 'tree_method': 'gpu_hist', 'lambda': 0.5936281382997579, 'alpha': 0.02487980644328228, 'colsample_bytree': 0.9536461955567472, 'subsample': 0.5744107683810791, 'learning_rate': 0.00460091956327152, 'max_depth': 17, 'min_child_weight': 9, 'eval_metric': 'rmse'}. Best is trial 247 with value: 0.08793714839123393.
start listen on 192.168.1.101:41809
@tracker All of 1 nodes getting started
@tracker All nodes finishes job
Trial 261 finished with value: 0.09001004727335002 and parameters: {'objective': 'reg:squarederror', 'tree_method': 'gpu_hist', 'lambda': 0.6390091045516338, 'alpha': 0.038181964786207834, 'colsample_bytree': 0.9520921764623842, 'subsample': 0.5597104255248541, 'learning_rate': 0.003958397527669833, 'max_depth': 17, 'min_child_weight': 5, 'eval_metric': 'rmse'}. Best is trial 247 with value: 0.08793714839123393.
start listen on 192.168.1.101:54081
@tracker All of 1 nodes getting started
@tracker All nodes finishes job
Trial 262 finished with value: 0.0881711548525785 and parameters: {'objective': 'reg:squarederror', 'tree_method': 'gpu_hist', 'lambda': 0.5569386045522867, 'alpha': 0.02762323447833203, 'colsample_bytree': 0.965201333842002, 'subsample': 0.5721492228497406, 'learning_rate': 0.004540981422272473, 'max_depth': 17, 'min_child_weight': 10, 'eval_metric': 'rmse'}. Best is trial 247 with value: 0.08793714839123393.
start listen on 192.168.1.101:38647
@tracker All of 1 nodes getting started
@tracker All nodes finishes job
Trial 263 finished with value: 0.0886256334401824 and parameters: {'objective': 'reg:squarederror', 'tree_method': 'gpu_hist', 'lambda': 0.7422171576990055, 'alpha': 0.027787716241810635, 'colsample_bytree': 0.959075011976446, 'subsample': 0.5743902094211389, 'learning_rate': 0.004347209106983365, 'max_depth': 17, 'min_child_weight': 10, 'eval_metric': 'rmse'}. Best is trial 247 with value: 0.08793714839123393.
start listen on 192.168.1.101:50779
@tracker All of 1 nodes getting started
@tracker All nodes finishes job
Trial 264 finished with value: 0.08877110154470781 and parameters: {'objective': 'reg:squarederror', 'tree_method': 'gpu_hist', 'lambda': 0.573131728439437, 'alpha': 0.02381026201985172, 'colsample_bytree': 0.9586468951013489, 'subsample': 0.5361431939292705, 'learning_rate': 0.004499196236965977, 'max_depth': 17, 'min_child_weight': 4, 'eval_metric': 'rmse'}. Best is trial 247 with value: 0.08793714839123393.
start listen on 192.168.1.101:42129
@tracker All of 1 nodes getting started
@tracker All nodes finishes job
Trial 265 finished with value: 0.09890362504950045 and parameters: {'objective': 'reg:squarederror', 'tree_method': 'gpu_hist', 'lambda': 0.5498569277892889, 'alpha': 0.03526470567316603, 'colsample_bytree': 0.9826770671406239, 'subsample': 0.5864980926195069, 'learning_rate': 0.0032120015380108532, 'max_depth': 17, 'min_child_weight': 1, 'eval_metric': 'rmse'}. Best is trial 247 with value: 0.08793714839123393.
start listen on 192.168.1.101:56503
@tracker All of 1 nodes getting started
@tracker All nodes finishes job
Trial 266 finished with value: 0.08819904459726055 and parameters: {'objective': 'reg:squarederror', 'tree_method': 'gpu_hist', 'lambda': 0.7380861795500372, 'alpha': 0.017637443990329457, 'colsample_bytree': 0.9504556494101112, 'subsample': 0.6047198002496966, 'learning_rate': 0.004689382891741574, 'max_depth': 17, 'min_child_weight': 11, 'eval_metric': 'rmse'}. Best is trial 247 with value: 0.08793714839123393.
start listen on 192.168.1.101:60033
@tracker All of 1 nodes getting started
@tracker All nodes finishes job
Trial 267 finished with value: 0.08898564588226257 and parameters: {'objective': 'reg:squarederror', 'tree_method': 'gpu_hist', 'lambda': 0.768644517495195, 'alpha': 0.017768643477058838, 'colsample_bytree': 0.9656872052309874, 'subsample': 0.6054149279249217, 'learning_rate': 0.004114506228660491, 'max_depth': 17, 'min_child_weight': 10, 'eval_metric': 'rmse'}. Best is trial 247 with value: 0.08793714839123393.
start listen on 192.168.1.101:38947
@tracker All of 1 nodes getting started
@tracker All nodes finishes job
Trial 268 finished with value: 0.09033434227848966 and parameters: {'objective': 'reg:squarederror', 'tree_method': 'gpu_hist', 'lambda': 0.6948431395132869, 'alpha': 0.021891857508517975, 'colsample_bytree': 0.984180476391375, 'subsample': 0.5604220948847509, 'learning_rate': 0.004653130532752165, 'max_depth': 17, 'min_child_weight': 1, 'eval_metric': 'rmse'}. Best is trial 247 with value: 0.08793714839123393.
start listen on 192.168.1.101:46983
@tracker All of 1 nodes getting started
@tracker All nodes finishes job
Trial 269 finished with value: 0.08813824126312864 and parameters: {'objective': 'reg:squarederror', 'tree_method': 'gpu_hist', 'lambda': 0.8779608813179551, 'alpha': 0.019831680400592903, 'colsample_bytree': 0.9704819668593955, 'subsample': 0.5950712231963483, 'learning_rate': 0.005218810271938735, 'max_depth': 17, 'min_child_weight': 14, 'eval_metric': 'rmse'}. Best is trial 247 with value: 0.08793714839123393.
start listen on 192.168.1.101:36883
@tracker All of 1 nodes getting started
@tracker All nodes finishes job
Trial 270 finished with value: 0.08875868336487866 and parameters: {'objective': 'reg:squarederror', 'tree_method': 'gpu_hist', 'lambda': 0.9170203076744968, 'alpha': 0.028487022976247365, 'colsample_bytree': 0.9469444215113637, 'subsample': 0.594620712736869, 'learning_rate': 0.005226021783489817, 'max_depth': 11, 'min_child_weight': 23, 'eval_metric': 'rmse'}. Best is trial 247 with value: 0.08793714839123393.
start listen on 192.168.1.101:41953
@tracker All of 1 nodes getting started
@tracker All nodes finishes job
Trial 271 finished with value: 0.09001293954457232 and parameters: {'objective': 'reg:squarederror', 'tree_method': 'gpu_hist', 'lambda': 0.6106868954458884, 'alpha': 0.02126739471058647, 'colsample_bytree': 0.969226436283227, 'subsample': 0.580594307659757, 'learning_rate': 0.0038617931482534283, 'max_depth': 17, 'min_child_weight': 16, 'eval_metric': 'rmse'}. Best is trial 247 with value: 0.08793714839123393.
start listen on 192.168.1.101:57955
@tracker All of 1 nodes getting started
@tracker All nodes finishes job
Trial 272 finished with value: 0.08810163535266301 and parameters: {'objective': 'reg:squarederror', 'tree_method': 'gpu_hist', 'lambda': 0.8537754608966837, 'alpha': 0.017431947446041686, 'colsample_bytree': 0.9725952121753724, 'subsample': 0.5999146553364593, 'learning_rate': 0.005224716822143433, 'max_depth': 17, 'min_child_weight': 15, 'eval_metric': 'rmse'}. Best is trial 247 with value: 0.08793714839123393.
start listen on 192.168.1.101:45435
@tracker All of 1 nodes getting started
@tracker All nodes finishes job
Trial 273 finished with value: 0.08884535927351209 and parameters: {'objective': 'reg:squarederror', 'tree_method': 'gpu_hist', 'lambda': 0.8530271612219719, 'alpha': 0.017580334759287927, 'colsample_bytree': 0.9758017810784256, 'subsample': 0.5712982441065637, 'learning_rate': 0.00527932174228604, 'max_depth': 17, 'min_child_weight': 25, 'eval_metric': 'rmse'}. Best is trial 247 with value: 0.08793714839123393.
start listen on 192.168.1.101:49033
@tracker All of 1 nodes getting started
@tracker All nodes finishes job
Trial 274 finished with value: 0.08812564448015568 and parameters: {'objective': 'reg:squarederror', 'tree_method': 'gpu_hist', 'lambda': 0.9750809932299673, 'alpha': 0.025305377754023008, 'colsample_bytree': 0.9663206135773268, 'subsample': 0.6003310468136909, 'learning_rate': 0.005236473280266872, 'max_depth': 17, 'min_child_weight': 15, 'eval_metric': 'rmse'}. Best is trial 247 with value: 0.08793714839123393.
start listen on 192.168.1.101:59245
@tracker All of 1 nodes getting started
@tracker All nodes finishes job
Trial 275 finished with value: 0.08909269049495877 and parameters: {'objective': 'reg:squarederror', 'tree_method': 'gpu_hist', 'lambda': 1.0034263145271896, 'alpha': 0.04397090473920648, 'colsample_bytree': 0.9511144071622599, 'subsample': 0.5999283234878708, 'learning_rate': 0.004331595448661733, 'max_depth': 17, 'min_child_weight': 17, 'eval_metric': 'rmse'}. Best is trial 247 with value: 0.08793714839123393.
start listen on 192.168.1.101:53903
@tracker All of 1 nodes getting started
@tracker All nodes finishes job
Trial 276 finished with value: 0.12547919060566806 and parameters: {'objective': 'reg:squarederror', 'tree_method': 'gpu_hist', 'lambda': 0.7739625514720414, 'alpha': 0.02744761963930642, 'colsample_bytree': 0.9810183076925486, 'subsample': 0.5892322561274034, 'learning_rate': 0.005310033817799063, 'max_depth': 17, 'min_child_weight': 95, 'eval_metric': 'rmse'}. Best is trial 247 with value: 0.08793714839123393.
start listen on 192.168.1.101:58153
@tracker All of 1 nodes getting started
@tracker All nodes finishes job
Trial 277 finished with value: 0.17327583266291796 and parameters: {'objective': 'reg:squarederror', 'tree_method': 'gpu_hist', 'lambda': 0.6638970693292066, 'alpha': 0.03257371625961872, 'colsample_bytree': 0.964022361209242, 'subsample': 0.6223567736774521, 'learning_rate': 0.005281043089983387, 'max_depth': 9, 'min_child_weight': 169, 'eval_metric': 'rmse'}. Best is trial 247 with value: 0.08793714839123393.
start listen on 192.168.1.101:38153
@tracker All of 1 nodes getting started
@tracker All nodes finishes job
Trial 278 finished with value: 0.08989700066363225 and parameters: {'objective': 'reg:squarederror', 'tree_method': 'gpu_hist', 'lambda': 0.5395828824288875, 'alpha': 0.024511097918418958, 'colsample_bytree': 0.9838772451247219, 'subsample': 0.5688290203404771, 'learning_rate': 0.004129511844099926, 'max_depth': 17, 'min_child_weight': 23, 'eval_metric': 'rmse'}. Best is trial 247 with value: 0.08793714839123393.
start listen on 192.168.1.101:35869
@tracker All of 1 nodes getting started
@tracker All nodes finishes job
Trial 279 finished with value: 0.08811992618076799 and parameters: {'objective': 'reg:squarederror', 'tree_method': 'gpu_hist', 'lambda': 0.8984086000594981, 'alpha': 0.020285199144825593, 'colsample_bytree': 0.9490245952380236, 'subsample': 0.6070556604859574, 'learning_rate': 0.005252272788161911, 'max_depth': 17, 'min_child_weight': 15, 'eval_metric': 'rmse'}. Best is trial 247 with value: 0.08793714839123393.
start listen on 192.168.1.101:54049
@tracker All of 1 nodes getting started
@tracker All nodes finishes job
Trial 280 finished with value: 0.08823583099492757 and parameters: {'objective': 'reg:squarederror', 'tree_method': 'gpu_hist', 'lambda': 0.8374723815013295, 'alpha': 0.020624420912224408, 'colsample_bytree': 0.9720969231062023, 'subsample': 0.5432269383914631, 'learning_rate': 0.005470390532389076, 'max_depth': 13, 'min_child_weight': 17, 'eval_metric': 'rmse'}. Best is trial 247 with value: 0.08793714839123393.
start listen on 192.168.1.101:43963
@tracker All of 1 nodes getting started
@tracker All nodes finishes job
Trial 281 finished with value: 0.08905234230381556 and parameters: {'objective': 'reg:squarederror', 'tree_method': 'gpu_hist', 'lambda': 1.0706028296061898, 'alpha': 0.02315860299952481, 'colsample_bytree': 0.9830969616783867, 'subsample': 0.6146009063713005, 'learning_rate': 0.00498207038114105, 'max_depth': 15, 'min_child_weight': 26, 'eval_metric': 'rmse'}. Best is trial 247 with value: 0.08793714839123393.
start listen on 192.168.1.101:41679
@tracker All of 1 nodes getting started
@tracker All nodes finishes job
Trial 282 finished with value: 0.31704264493058776 and parameters: {'objective': 'reg:squarederror', 'tree_method': 'gpu_hist', 'lambda': 0.6041014171552103, 'alpha': 0.03474694673687378, 'colsample_bytree': 0.9452824666704176, 'subsample': 0.5895736897602054, 'learning_rate': 0.0052648929662692575, 'max_depth': 3, 'min_child_weight': 267, 'eval_metric': 'rmse'}. Best is trial 247 with value: 0.08793714839123393.
start listen on 192.168.1.101:41149
@tracker All of 1 nodes getting started
@tracker All nodes finishes job
Trial 283 finished with value: 0.08877569056141972 and parameters: {'objective': 'reg:squarederror', 'tree_method': 'gpu_hist', 'lambda': 0.4952740345300612, 'alpha': 0.028552375427717342, 'colsample_bytree': 0.9648140512788346, 'subsample': 0.627435469594377, 'learning_rate': 0.004437783099063224, 'max_depth': 17, 'min_child_weight': 16, 'eval_metric': 'rmse'}. Best is trial 247 with value: 0.08793714839123393.
start listen on 192.168.1.101:35381
@tracker All of 1 nodes getting started
@tracker All nodes finishes job
Trial 284 finished with value: 0.0924115582677001 and parameters: {'objective': 'reg:squarederror', 'tree_method': 'gpu_hist', 'lambda': 0.9464698033472351, 'alpha': 0.01645383474574492, 'colsample_bytree': 0.9853974227103653, 'subsample': 0.6035441869944944, 'learning_rate': 0.0035779850538447348, 'max_depth': 17, 'min_child_weight': 21, 'eval_metric': 'rmse'}. Best is trial 247 with value: 0.08793714839123393.
start listen on 192.168.1.101:44935
@tracker All of 1 nodes getting started
@tracker All nodes finishes job
Trial 285 finished with value: 0.08828980489842539 and parameters: {'objective': 'reg:squarederror', 'tree_method': 'gpu_hist', 'lambda': 0.6246804184269233, 'alpha': 0.04597871415890519, 'colsample_bytree': 0.9633933434271937, 'subsample': 0.581719217408462, 'learning_rate': 0.00540627420473422, 'max_depth': 17, 'min_child_weight': 16, 'eval_metric': 'rmse'}. Best is trial 247 with value: 0.08793714839123393.
start listen on 192.168.1.101:47901
@tracker All of 1 nodes getting started
@tracker All nodes finishes job
Trial 286 finished with value: 0.0884436287116389 and parameters: {'objective': 'reg:squarederror', 'tree_method': 'gpu_hist', 'lambda': 0.4913418879811457, 'alpha': 0.020115065924893583, 'colsample_bytree': 0.9996861821261046, 'subsample': 0.5941062686157146, 'learning_rate': 0.004808677669546176, 'max_depth': 17, 'min_child_weight': 6, 'eval_metric': 'rmse'}. Best is trial 247 with value: 0.08793714839123393.
start listen on 192.168.1.101:37883
@tracker All of 1 nodes getting started
@tracker All nodes finishes job
Trial 287 finished with value: 0.08941904465048053 and parameters: {'objective': 'reg:squarederror', 'tree_method': 'gpu_hist', 'lambda': 0.802830242451966, 'alpha': 0.02467026385350534, 'colsample_bytree': 0.9760630451098249, 'subsample': 0.5655577004352759, 'learning_rate': 0.004124993690041266, 'max_depth': 17, 'min_child_weight': 14, 'eval_metric': 'rmse'}. Best is trial 247 with value: 0.08793714839123393.
start listen on 192.168.1.101:39055
@tracker All of 1 nodes getting started
@tracker All nodes finishes job
Trial 288 finished with value: 0.14087000035688146 and parameters: {'objective': 'reg:squarederror', 'tree_method': 'gpu_hist', 'lambda': 0.6680875473352488, 'alpha': 0.015184677543208232, 'colsample_bytree': 0.9490711275933399, 'subsample': 0.6151498616314975, 'learning_rate': 0.0050459964510554955, 'max_depth': 17, 'min_child_weight': 134, 'eval_metric': 'rmse'}. Best is trial 247 with value: 0.08793714839123393.
start listen on 192.168.1.101:47299
@tracker All of 1 nodes getting started
@tracker All nodes finishes job
