Trial 41 finished with value: 0.09226378929995117 and parameters: {'objective': 'reg:squarederror', 'tree_method': 'gpu_hist', 'lambda': 1.3058676469149753, 'alpha': 1.077096106547233, 'colsample_bytree': 0.7441927104755626, 'subsample': 0.7258356733842085, 'learning_rate': 0.022847397020819386, 'max_depth': 15, 'min_child_weight': 26, 'eval_metric': 'rmse'}. Best is trial 32 with value: 0.08993182077321218.
start listen on 192.168.1.101:33841
@tracker All of 1 nodes getting started
@tracker All nodes finishes job
Trial 42 finished with value: 0.09063619447388961 and parameters: {'objective': 'reg:squarederror', 'tree_method': 'gpu_hist', 'lambda': 2.456264484174934, 'alpha': 0.20105061558945453, 'colsample_bytree': 0.6615431369375206, 'subsample': 0.7873463391178437, 'learning_rate': 0.01809005460649833, 'max_depth': 9, 'min_child_weight': 1, 'eval_metric': 'rmse'}. Best is trial 32 with value: 0.08993182077321218.
start listen on 192.168.1.101:49307
@tracker All of 1 nodes getting started
@tracker All nodes finishes job
Trial 43 finished with value: 0.08961682223443777 and parameters: {'objective': 'reg:squarederror', 'tree_method': 'gpu_hist', 'lambda': 4.262651315444103, 'alpha': 0.22146517998030493, 'colsample_bytree': 0.6497013993158068, 'subsample': 0.6838219059803348, 'learning_rate': 0.018288340037169247, 'max_depth': 9, 'min_child_weight': 2, 'eval_metric': 'rmse'}. Best is trial 43 with value: 0.08961682223443777.
start listen on 192.168.1.101:48897
@tracker All of 1 nodes getting started
@tracker All nodes finishes job
Trial 44 finished with value: 0.09020999899569555 and parameters: {'objective': 'reg:squarederror', 'tree_method': 'gpu_hist', 'lambda': 4.574841987170389, 'alpha': 0.37745268068070903, 'colsample_bytree': 0.5655972254195877, 'subsample': 0.6714048803737871, 'learning_rate': 0.005662081472728057, 'max_depth': 9, 'min_child_weight': 2, 'eval_metric': 'rmse'}. Best is trial 43 with value: 0.08961682223443777.
start listen on 192.168.1.101:41127
@tracker All of 1 nodes getting started
@tracker All nodes finishes job
Trial 45 finished with value: 0.10330059679846722 and parameters: {'objective': 'reg:squarederror', 'tree_method': 'gpu_hist', 'lambda': 4.431920143915693, 'alpha': 2.6895862213909383, 'colsample_bytree': 0.5523486133029839, 'subsample': 0.6772091104539006, 'learning_rate': 0.003350056857545113, 'max_depth': 9, 'min_child_weight': 39, 'eval_metric': 'rmse'}. Best is trial 43 with value: 0.08961682223443777.
start listen on 192.168.1.101:58793
@tracker All of 1 nodes getting started
@tracker All nodes finishes job
Trial 46 finished with value: 0.33556574728873684 and parameters: {'objective': 'reg:squarederror', 'tree_method': 'gpu_hist', 'lambda': 5.267486676575407, 'alpha': 0.6096893589828869, 'colsample_bytree': 0.5969070124197345, 'subsample': 0.6284324085260593, 'learning_rate': 0.005388971648668919, 'max_depth': 9, 'min_child_weight': 280, 'eval_metric': 'rmse'}. Best is trial 43 with value: 0.08961682223443777.
start listen on 192.168.1.101:49321
@tracker All of 1 nodes getting started
@tracker All nodes finishes job
Trial 47 finished with value: 0.25561612449356513 and parameters: {'objective': 'reg:squarederror', 'tree_method': 'gpu_hist', 'lambda': 3.3389524882973305, 'alpha': 0.36785991390455575, 'colsample_bytree': 0.48133665056521185, 'subsample': 0.7021493925836875, 'learning_rate': 0.0021200227661259947, 'max_depth': 9, 'min_child_weight': 221, 'eval_metric': 'rmse'}. Best is trial 43 with value: 0.08961682223443777.
start listen on 192.168.1.101:54505
@tracker All of 1 nodes getting started
@tracker All nodes finishes job
Trial 48 finished with value: 0.09032391844338769 and parameters: {'objective': 'reg:squarederror', 'tree_method': 'gpu_hist', 'lambda': 6.632259164441084, 'alpha': 0.2587774416520737, 'colsample_bytree': 0.5622383852165923, 'subsample': 0.6557691564627429, 'learning_rate': 0.0060904668326751685, 'max_depth': 7, 'min_child_weight': 12, 'eval_metric': 'rmse'}. Best is trial 43 with value: 0.08961682223443777.
start listen on 192.168.1.101:51063
@tracker All of 1 nodes getting started
@tracker All nodes finishes job
Trial 49 finished with value: 0.10128489516868945 and parameters: {'objective': 'reg:squarederror', 'tree_method': 'gpu_hist', 'lambda': 0.00511107150384705, 'alpha': 0.227308678129281, 'colsample_bytree': 0.5510599122344353, 'subsample': 0.6517930891621911, 'learning_rate': 0.0035800554530621333, 'max_depth': 9, 'min_child_weight': 36, 'eval_metric': 'rmse'}. Best is trial 43 with value: 0.08961682223443777.
start listen on 192.168.1.101:35127
@tracker All of 1 nodes getting started
@tracker All nodes finishes job
Trial 50 finished with value: 0.09033615859934555 and parameters: {'objective': 'reg:squarederror', 'tree_method': 'gpu_hist', 'lambda': 5.779315244121659, 'alpha': 0.402355350485867, 'colsample_bytree': 0.58631559692724, 'subsample': 0.605216128846932, 'learning_rate': 0.006295509906687449, 'max_depth': 7, 'min_child_weight': 12, 'eval_metric': 'rmse'}. Best is trial 43 with value: 0.08961682223443777.
start listen on 192.168.1.101:59535
@tracker All of 1 nodes getting started
@tracker All nodes finishes job
Trial 51 finished with value: 0.09078623085343279 and parameters: {'objective': 'reg:squarederror', 'tree_method': 'gpu_hist', 'lambda': 5.707338344186746, 'alpha': 0.4182648995793049, 'colsample_bytree': 0.5798177379227109, 'subsample': 0.5828222443134602, 'learning_rate': 0.0060147498266771935, 'max_depth': 7, 'min_child_weight': 12, 'eval_metric': 'rmse'}. Best is trial 43 with value: 0.08961682223443777.
start listen on 192.168.1.101:51645
@tracker All of 1 nodes getting started
@tracker All nodes finishes job
Trial 52 finished with value: 0.09927692398401214 and parameters: {'objective': 'reg:squarederror', 'tree_method': 'gpu_hist', 'lambda': 3.1580972827723586, 'alpha': 0.8906333214932902, 'colsample_bytree': 0.42069409179308015, 'subsample': 0.6109503945219936, 'learning_rate': 0.0041118578684691915, 'max_depth': 7, 'min_child_weight': 2, 'eval_metric': 'rmse'}. Best is trial 43 with value: 0.08961682223443777.
start listen on 192.168.1.101:39643
@tracker All of 1 nodes getting started
@tracker All nodes finishes job
Trial 53 finished with value: 0.09002816298288958 and parameters: {'objective': 'reg:squarederror', 'tree_method': 'gpu_hist', 'lambda': 6.30483919548216, 'alpha': 0.0740636463579751, 'colsample_bytree': 0.6105314645589831, 'subsample': 0.7476608308243055, 'learning_rate': 0.006730481636377167, 'max_depth': 7, 'min_child_weight': 13, 'eval_metric': 'rmse'}. Best is trial 43 with value: 0.08961682223443777.
start listen on 192.168.1.101:35857
@tracker All of 1 nodes getting started
@tracker All nodes finishes job
Trial 54 finished with value: 0.09024466352521214 and parameters: {'objective': 'reg:squarederror', 'tree_method': 'gpu_hist', 'lambda': 6.235208329890353, 'alpha': 0.07947174671403741, 'colsample_bytree': 0.6099440165023058, 'subsample': 0.7490163060668141, 'learning_rate': 0.006817803485044227, 'max_depth': 7, 'min_child_weight': 13, 'eval_metric': 'rmse'}. Best is trial 43 with value: 0.08961682223443777.
start listen on 192.168.1.101:43381
@tracker All of 1 nodes getting started
@tracker All nodes finishes job
Trial 55 finished with value: 0.09942771444122354 and parameters: {'objective': 'reg:squarederror', 'tree_method': 'gpu_hist', 'lambda': 7.301458738778286, 'alpha': 0.0788970972310844, 'colsample_bytree': 0.6212302842438994, 'subsample': 0.7576615892503727, 'learning_rate': 0.00924168025880665, 'max_depth': 7, 'min_child_weight': 50, 'eval_metric': 'rmse'}. Best is trial 43 with value: 0.08961682223443777.
start listen on 192.168.1.101:52159
@tracker All of 1 nodes getting started
@tracker All nodes finishes job
Trial 56 finished with value: 0.11722799586121717 and parameters: {'objective': 'reg:squarederror', 'tree_method': 'gpu_hist', 'lambda': 2.1361448923275304, 'alpha': 0.03026782844991109, 'colsample_bytree': 0.5278182102515356, 'subsample': 0.7426659390242651, 'learning_rate': 0.00282449846506636, 'max_depth': 7, 'min_child_weight': 74, 'eval_metric': 'rmse'}. Best is trial 43 with value: 0.08961682223443777.
start listen on 192.168.1.101:45105
@tracker All of 1 nodes getting started
@tracker All nodes finishes job
Trial 57 finished with value: 0.09178010482018245 and parameters: {'objective': 'reg:squarederror', 'tree_method': 'gpu_hist', 'lambda': 9.80338990356107, 'alpha': 0.04192490055018316, 'colsample_bytree': 0.7021382340898296, 'subsample': 0.670701033733161, 'learning_rate': 0.011194690652573723, 'max_depth': 7, 'min_child_weight': 36, 'eval_metric': 'rmse'}. Best is trial 43 with value: 0.08961682223443777.
start listen on 192.168.1.101:52405
@tracker All of 1 nodes getting started
@tracker All nodes finishes job
Trial 58 finished with value: 0.14478657130905112 and parameters: {'objective': 'reg:squarederror', 'tree_method': 'gpu_hist', 'lambda': 4.643460603842198, 'alpha': 0.08561292878574857, 'colsample_bytree': 0.459423053027722, 'subsample': 0.7674582686178217, 'learning_rate': 0.007053909677531357, 'max_depth': 5, 'min_child_weight': 94, 'eval_metric': 'rmse'}. Best is trial 43 with value: 0.08961682223443777.
start listen on 192.168.1.101:48113
@tracker All of 1 nodes getting started
@tracker All nodes finishes job
Trial 59 finished with value: 0.116452088962906 and parameters: {'objective': 'reg:squarederror', 'tree_method': 'gpu_hist', 'lambda': 1.10077560036148, 'alpha': 0.2711037229269571, 'colsample_bytree': 0.5628449719347753, 'subsample': 0.8396014958202297, 'learning_rate': 0.005221363648246986, 'max_depth': 7, 'min_child_weight': 68, 'eval_metric': 'rmse'}. Best is trial 43 with value: 0.08961682223443777.
start listen on 192.168.1.101:39529
@tracker All of 1 nodes getting started
@tracker All nodes finishes job
Trial 60 finished with value: 0.38314111044375193 and parameters: {'objective': 'reg:squarederror', 'tree_method': 'gpu_hist', 'lambda': 2.660495926206732, 'alpha': 0.04313241177264744, 'colsample_bytree': 0.6508543140869596, 'subsample': 0.6427440604942162, 'learning_rate': 0.0010214014304957288, 'max_depth': 3, 'min_child_weight': 12, 'eval_metric': 'rmse'}. Best is trial 43 with value: 0.08961682223443777.
start listen on 192.168.1.101:40447
@tracker All of 1 nodes getting started
@tracker All nodes finishes job
Trial 61 finished with value: 0.09077676423365792 and parameters: {'objective': 'reg:squarederror', 'tree_method': 'gpu_hist', 'lambda': 6.484295830148781, 'alpha': 0.25987236416443443, 'colsample_bytree': 0.6041709323754674, 'subsample': 0.5714979225999115, 'learning_rate': 0.006558345251477711, 'max_depth': 7, 'min_child_weight': 13, 'eval_metric': 'rmse'}. Best is trial 43 with value: 0.08961682223443777.
start listen on 192.168.1.101:42151
@tracker All of 1 nodes getting started
@tracker All nodes finishes job
Trial 62 finished with value: 0.08954161600878684 and parameters: {'objective': 'reg:squarederror', 'tree_method': 'gpu_hist', 'lambda': 4.5946222318652525, 'alpha': 0.35503021665628987, 'colsample_bytree': 0.5789220877879592, 'subsample': 0.6133599159052999, 'learning_rate': 0.00962332843896363, 'max_depth': 7, 'min_child_weight': 1, 'eval_metric': 'rmse'}. Best is trial 62 with value: 0.08954161600878684.
start listen on 192.168.1.101:53835
@tracker All of 1 nodes getting started
@tracker All nodes finishes job
Trial 63 finished with value: 0.09288808275997479 and parameters: {'objective': 'reg:squarederror', 'tree_method': 'gpu_hist', 'lambda': 4.1324061250375115, 'alpha': 0.16504862751686228, 'colsample_bytree': 0.6103131488724765, 'subsample': 0.6211880385723887, 'learning_rate': 0.009165313964307996, 'max_depth': 7, 'min_child_weight': 30, 'eval_metric': 'rmse'}. Best is trial 62 with value: 0.08954161600878684.
start listen on 192.168.1.101:48775
@tracker All of 1 nodes getting started
@tracker All nodes finishes job
Trial 64 finished with value: 0.09196971959009295 and parameters: {'objective': 'reg:squarederror', 'tree_method': 'gpu_hist', 'lambda': 7.538014104670243, 'alpha': 0.10037841545303451, 'colsample_bytree': 0.48535122108956447, 'subsample': 0.7397049434737256, 'learning_rate': 0.012381270654672946, 'max_depth': 7, 'min_child_weight': 2, 'eval_metric': 'rmse'}. Best is trial 62 with value: 0.08954161600878684.
start listen on 192.168.1.101:35949
@tracker All of 1 nodes getting started
@tracker All nodes finishes job
Trial 65 finished with value: 0.09399505452455321 and parameters: {'objective': 'reg:squarederror', 'tree_method': 'gpu_hist', 'lambda': 3.941035397333298, 'alpha': 0.13912946978455004, 'colsample_bytree': 0.5699036189555244, 'subsample': 0.44551148746168845, 'learning_rate': 0.004014519211561798, 'max_depth': 7, 'min_child_weight': 1, 'eval_metric': 'rmse'}. Best is trial 62 with value: 0.08954161600878684.
start listen on 192.168.1.101:39587
@tracker All of 1 nodes getting started
@tracker All nodes finishes job
Trial 66 finished with value: 0.09973838634880289 and parameters: {'objective': 'reg:squarederror', 'tree_method': 'gpu_hist', 'lambda': 2.7151864608152416, 'alpha': 0.33043481370683075, 'colsample_bytree': 0.5279145742785119, 'subsample': 0.6881684071643636, 'learning_rate': 0.010419963689741414, 'max_depth': 17, 'min_child_weight': 48, 'eval_metric': 'rmse'}. Best is trial 62 with value: 0.08954161600878684.
start listen on 192.168.1.101:46193
@tracker All of 1 nodes getting started
@tracker All nodes finishes job
Trial 67 finished with value: 0.09246759340654453 and parameters: {'objective': 'reg:squarederror', 'tree_method': 'gpu_hist', 'lambda': 1.9091719035309451, 'alpha': 0.796812557980183, 'colsample_bytree': 0.6388474519058817, 'subsample': 0.5362245044420029, 'learning_rate': 0.007064762638493858, 'max_depth': 15, 'min_child_weight': 32, 'eval_metric': 'rmse'}. Best is trial 62 with value: 0.08954161600878684.
start listen on 192.168.1.101:57483
@tracker All of 1 nodes getting started
@tracker All nodes finishes job
Trial 68 finished with value: 0.08947709102966622 and parameters: {'objective': 'reg:squarederror', 'tree_method': 'gpu_hist', 'lambda': 7.164141816565224, 'alpha': 1.2775186338097437, 'colsample_bytree': 0.8095319169151778, 'subsample': 0.7884118757809376, 'learning_rate': 0.012575950587083185, 'max_depth': 7, 'min_child_weight': 17, 'eval_metric': 'rmse'}. Best is trial 68 with value: 0.08947709102966622.
start listen on 192.168.1.101:60025
@tracker All of 1 nodes getting started
@tracker All nodes finishes job
Trial 69 finished with value: 0.09059620331975689 and parameters: {'objective': 'reg:squarederror', 'tree_method': 'gpu_hist', 'lambda': 3.956152258228804, 'alpha': 0.021320474012101975, 'colsample_bytree': 0.812048349369196, 'subsample': 0.7877334993757872, 'learning_rate': 0.01324087868424295, 'max_depth': 5, 'min_child_weight': 21, 'eval_metric': 'rmse'}. Best is trial 68 with value: 0.08947709102966622.
start listen on 192.168.1.101:49089
@tracker All of 1 nodes getting started
@tracker All nodes finishes job
Trial 70 finished with value: 0.09512056545534835 and parameters: {'objective': 'reg:squarederror', 'tree_method': 'gpu_hist', 'lambda': 9.816886389749099, 'alpha': 1.5545987901585054, 'colsample_bytree': 0.8315750750496325, 'subsample': 0.9058162549586859, 'learning_rate': 0.014740922235578444, 'max_depth': 7, 'min_child_weight': 54, 'eval_metric': 'rmse'}. Best is trial 68 with value: 0.08947709102966622.
start listen on 192.168.1.101:60371
@tracker All of 1 nodes getting started
@tracker All nodes finishes job
Trial 71 finished with value: 0.09033084576039187 and parameters: {'objective': 'reg:squarederror', 'tree_method': 'gpu_hist', 'lambda': 7.116205190827978, 'alpha': 1.1297658295744017, 'colsample_bytree': 0.8792894504566763, 'subsample': 0.7291723157165183, 'learning_rate': 0.005585734574991018, 'max_depth': 7, 'min_child_weight': 11, 'eval_metric': 'rmse'}. Best is trial 68 with value: 0.08947709102966622.
start listen on 192.168.1.101:33403
@tracker All of 1 nodes getting started
@tracker All nodes finishes job
Trial 72 finished with value: 0.09043769527947657 and parameters: {'objective': 'reg:squarederror', 'tree_method': 'gpu_hist', 'lambda': 5.638107047928625, 'alpha': 0.5670539563170166, 'colsample_bytree': 0.76015340500693, 'subsample': 0.7589988808758275, 'learning_rate': 0.009049378916201875, 'max_depth': 7, 'min_child_weight': 29, 'eval_metric': 'rmse'}. Best is trial 68 with value: 0.08947709102966622.
start listen on 192.168.1.101:51943
@tracker All of 1 nodes getting started
@tracker All nodes finishes job
Trial 73 finished with value: 0.08919451590943697 and parameters: {'objective': 'reg:squarederror', 'tree_method': 'gpu_hist', 'lambda': 2.989333971056569, 'alpha': 0.23516769360308143, 'colsample_bytree': 0.7930275561174538, 'subsample': 0.7078154197927277, 'learning_rate': 0.007824997427857002, 'max_depth': 7, 'min_child_weight': 17, 'eval_metric': 'rmse'}. Best is trial 73 with value: 0.08919451590943697.
start listen on 192.168.1.101:59797
@tracker All of 1 nodes getting started
@tracker All nodes finishes job
Trial 74 finished with value: 0.09366722038548234 and parameters: {'objective': 'reg:squarederror', 'tree_method': 'gpu_hist', 'lambda': 3.1814382883124144, 'alpha': 0.07603820884022164, 'colsample_bytree': 0.8015068504639539, 'subsample': 0.7994593442369294, 'learning_rate': 0.007457021251314193, 'max_depth': 17, 'min_child_weight': 44, 'eval_metric': 'rmse'}. Best is trial 73 with value: 0.08919451590943697.
start listen on 192.168.1.101:59615
@tracker All of 1 nodes getting started
@tracker All nodes finishes job
Trial 75 finished with value: 0.08932581476729387 and parameters: {'objective': 'reg:squarederror', 'tree_method': 'gpu_hist', 'lambda': 2.1586269643582425, 'alpha': 0.05530318644112033, 'colsample_bytree': 0.7888475534763218, 'subsample': 0.8253293995037425, 'learning_rate': 0.011270337994279152, 'max_depth': 7, 'min_child_weight': 17, 'eval_metric': 'rmse'}. Best is trial 73 with value: 0.08919451590943697.
start listen on 192.168.1.101:60407
@tracker All of 1 nodes getting started
@tracker All nodes finishes job
Trial 76 finished with value: 0.15659217681488666 and parameters: {'objective': 'reg:squarederror', 'tree_method': 'gpu_hist', 'lambda': 1.5263319973663312, 'alpha': 0.05198792006630612, 'colsample_bytree': 0.7106016772629002, 'subsample': 0.845258370583656, 'learning_rate': 0.011907564994637786, 'max_depth': 11, 'min_child_weight': 166, 'eval_metric': 'rmse'}. Best is trial 73 with value: 0.08919451590943697.
start listen on 192.168.1.101:53395
@tracker All of 1 nodes getting started
@tracker All nodes finishes job
Trial 77 finished with value: 0.09503628272484252 and parameters: {'objective': 'reg:squarederror', 'tree_method': 'gpu_hist', 'lambda': 2.2734105810026985, 'alpha': 0.1979891536640977, 'colsample_bytree': 0.8711898470924679, 'subsample': 0.7038894463819213, 'learning_rate': 0.010367335237635429, 'max_depth': 3, 'min_child_weight': 21, 'eval_metric': 'rmse'}. Best is trial 73 with value: 0.08919451590943697.
start listen on 192.168.1.101:48489
@tracker All of 1 nodes getting started
@tracker All nodes finishes job
Trial 78 finished with value: 0.1369045275194986 and parameters: {'objective': 'reg:squarederror', 'tree_method': 'gpu_hist', 'lambda': 1.2960767734346, 'alpha': 1.3082495202846447, 'colsample_bytree': 0.7934330561922917, 'subsample': 0.8290363861358485, 'learning_rate': 0.01625176937585586, 'max_depth': 7, 'min_child_weight': 126, 'eval_metric': 'rmse'}. Best is trial 73 with value: 0.08919451590943697.
start listen on 192.168.1.101:48733
@tracker All of 1 nodes getting started
@tracker All nodes finishes job
Trial 79 finished with value: 0.09153603552842317 and parameters: {'objective': 'reg:squarederror', 'tree_method': 'gpu_hist', 'lambda': 0.9320977092653765, 'alpha': 1.9875676881115731, 'colsample_bytree': 0.7885393634956902, 'subsample': 0.8859687352175741, 'learning_rate': 0.014655057540752706, 'max_depth': 9, 'min_child_weight': 34, 'eval_metric': 'rmse'}. Best is trial 73 with value: 0.08919451590943697.
start listen on 192.168.1.101:54221
@tracker All of 1 nodes getting started
@tracker All nodes finishes job
Trial 80 finished with value: 0.17497870125186513 and parameters: {'objective': 'reg:squarederror', 'tree_method': 'gpu_hist', 'lambda': 1.8772724757716501, 'alpha': 0.7000187175526533, 'colsample_bytree': 0.7644600103737801, 'subsample': 0.6840144099663965, 'learning_rate': 0.01823970783442761, 'max_depth': 15, 'min_child_weight': 191, 'eval_metric': 'rmse'}. Best is trial 73 with value: 0.08919451590943697.
start listen on 192.168.1.101:43031
@tracker All of 1 nodes getting started
@tracker All nodes finishes job
Trial 81 finished with value: 0.09046939422130527 and parameters: {'objective': 'reg:squarederror', 'tree_method': 'gpu_hist', 'lambda': 4.7876496836312645, 'alpha': 0.09791659035999219, 'colsample_bytree': 0.9545907620965195, 'subsample': 0.7559008031698671, 'learning_rate': 0.004732466911185871, 'max_depth': 7, 'min_child_weight': 18, 'eval_metric': 'rmse'}. Best is trial 73 with value: 0.08919451590943697.
start listen on 192.168.1.101:45711
@tracker All of 1 nodes getting started
@tracker All nodes finishes job
Trial 82 finished with value: 0.08914576021127818 and parameters: {'objective': 'reg:squarederror', 'tree_method': 'gpu_hist', 'lambda': 3.4706874999050106, 'alpha': 0.0647071138713688, 'colsample_bytree': 0.6861457094219506, 'subsample': 0.718721193245909, 'learning_rate': 0.008168726046200392, 'max_depth': 7, 'min_child_weight': 6, 'eval_metric': 'rmse'}. Best is trial 82 with value: 0.08914576021127818.
start listen on 192.168.1.101:50677
@tracker All of 1 nodes getting started
@tracker All nodes finishes job
