Trial 497 finished with value: 0.26171018747980684 and parameters: {'objective': 'reg:squarederror', 'tree_method': 'gpu_hist', 'lambda': 0.29157250587909544, 'alpha': 0.07008257345167294, 'colsample_bytree': 0.9065924808901255, 'subsample': 0.412034861342163, 'learning_rate': 0.007829697066990493, 'max_depth': 15, 'min_child_weight': 176, 'eval_metric': 'rmse'}. Best is trial 381 with value: 0.08744076668543482.
start listen on 192.168.1.101:45121
@tracker All of 1 nodes getting started
@tracker All nodes finishes job
Trial 498 finished with value: 0.0876109046547211 and parameters: {'objective': 'reg:squarederror', 'tree_method': 'gpu_hist', 'lambda': 0.18914044351294415, 'alpha': 0.11386748505170026, 'colsample_bytree': 0.9242003033791545, 'subsample': 0.44033985505040046, 'learning_rate': 0.006918255156999554, 'max_depth': 15, 'min_child_weight': 8, 'eval_metric': 'rmse'}. Best is trial 381 with value: 0.08744076668543482.
start listen on 192.168.1.101:43093
@tracker All of 1 nodes getting started
@tracker All nodes finishes job
Trial 499 finished with value: 0.08791156689301229 and parameters: {'objective': 'reg:squarederror', 'tree_method': 'gpu_hist', 'lambda': 0.20033280406691037, 'alpha': 0.10755514166213594, 'colsample_bytree': 0.8893178303634776, 'subsample': 0.43673362764919343, 'learning_rate': 0.008418467411217807, 'max_depth': 15, 'min_child_weight': 7, 'eval_metric': 'rmse'}. Best is trial 381 with value: 0.08744076668543482.
start listen on 192.168.1.101:40025
@tracker All of 1 nodes getting started
@tracker All nodes finishes job
Trial 500 finished with value: 0.35384274581055475 and parameters: {'objective': 'reg:squarederror', 'tree_method': 'gpu_hist', 'lambda': 0.09155793214865719, 'alpha': 0.16327438669295755, 'colsample_bytree': 0.9211902335627814, 'subsample': 0.4178863198694134, 'learning_rate': 0.001041492838460453, 'max_depth': 15, 'min_child_weight': 1, 'eval_metric': 'rmse'}. Best is trial 381 with value: 0.08744076668543482.
start listen on 192.168.1.101:34095
@tracker All of 1 nodes getting started
@tracker All nodes finishes job
Trial 501 finished with value: 0.08823358045061239 and parameters: {'objective': 'reg:squarederror', 'tree_method': 'gpu_hist', 'lambda': 0.15870483901799776, 'alpha': 0.12874350255053846, 'colsample_bytree': 0.9037576369417363, 'subsample': 0.40027093458030644, 'learning_rate': 0.009461546766494973, 'max_depth': 15, 'min_child_weight': 10, 'eval_metric': 'rmse'}. Best is trial 381 with value: 0.08744076668543482.
start listen on 192.168.1.101:36505
@tracker All of 1 nodes getting started
@tracker All nodes finishes job
Trial 502 finished with value: 0.08840485598370842 and parameters: {'objective': 'reg:squarederror', 'tree_method': 'gpu_hist', 'lambda': 0.18367298788604947, 'alpha': 0.260342963012267, 'colsample_bytree': 0.9195641817396927, 'subsample': 0.4662019055505843, 'learning_rate': 0.007580752533841161, 'max_depth': 15, 'min_child_weight': 6, 'eval_metric': 'rmse'}. Best is trial 381 with value: 0.08744076668543482.
start listen on 192.168.1.101:51765
@tracker All of 1 nodes getting started
@tracker All nodes finishes job
Trial 503 finished with value: 0.09610414624790387 and parameters: {'objective': 'reg:squarederror', 'tree_method': 'gpu_hist', 'lambda': 0.23846605924306846, 'alpha': 0.1193485262944642, 'colsample_bytree': 0.8807911703090661, 'subsample': 0.4395142313580476, 'learning_rate': 0.06966516697628641, 'max_depth': 13, 'min_child_weight': 17, 'eval_metric': 'rmse'}. Best is trial 381 with value: 0.08744076668543482.
start listen on 192.168.1.101:48639
@tracker All of 1 nodes getting started
@tracker All nodes finishes job
Trial 504 finished with value: 0.088102431909919 and parameters: {'objective': 'reg:squarederror', 'tree_method': 'gpu_hist', 'lambda': 0.12139683665733073, 'alpha': 0.19896274853437437, 'colsample_bytree': 0.9089792954694481, 'subsample': 0.4193974581943652, 'learning_rate': 0.00707167716878283, 'max_depth': 15, 'min_child_weight': 11, 'eval_metric': 'rmse'}. Best is trial 381 with value: 0.08744076668543482.
start listen on 192.168.1.101:53727
@tracker All of 1 nodes getting started
@tracker All nodes finishes job
Trial 505 finished with value: 0.33650787926536946 and parameters: {'objective': 'reg:squarederror', 'tree_method': 'gpu_hist', 'lambda': 0.24038469499725174, 'alpha': 0.3908249206936295, 'colsample_bytree': 0.9278260295812593, 'subsample': 0.42698831663531234, 'learning_rate': 0.0066521861636291545, 'max_depth': 15, 'min_child_weight': 237, 'eval_metric': 'rmse'}. Best is trial 381 with value: 0.08744076668543482.
start listen on 192.168.1.101:39809
@tracker All of 1 nodes getting started
@tracker All nodes finishes job
Trial 506 finished with value: 0.09683063336390658 and parameters: {'objective': 'reg:squarederror', 'tree_method': 'gpu_hist', 'lambda': 0.146475776066704, 'alpha': 0.14421266797073987, 'colsample_bytree': 0.8917831887531427, 'subsample': 0.44540580414980996, 'learning_rate': 0.0077344189266090446, 'max_depth': 3, 'min_child_weight': 23, 'eval_metric': 'rmse'}. Best is trial 381 with value: 0.08744076668543482.
start listen on 192.168.1.101:39785
@tracker All of 1 nodes getting started
@tracker All nodes finishes job
Trial 507 finished with value: 0.088113827706741 and parameters: {'objective': 'reg:squarederror', 'tree_method': 'gpu_hist', 'lambda': 0.19868452742121365, 'alpha': 0.19339239603497782, 'colsample_bytree': 0.9422543173244072, 'subsample': 0.40951816177880634, 'learning_rate': 0.008837680772301178, 'max_depth': 15, 'min_child_weight': 6, 'eval_metric': 'rmse'}. Best is trial 381 with value: 0.08744076668543482.
start listen on 192.168.1.101:38535
@tracker All of 1 nodes getting started
@tracker All nodes finishes job
Trial 508 finished with value: 0.08880235327513515 and parameters: {'objective': 'reg:squarederror', 'tree_method': 'gpu_hist', 'lambda': 0.30436562471154416, 'alpha': 0.09162620936339654, 'colsample_bytree': 0.7747315482816327, 'subsample': 0.4575949959080538, 'learning_rate': 0.006932001370381403, 'max_depth': 15, 'min_child_weight': 15, 'eval_metric': 'rmse'}. Best is trial 381 with value: 0.08744076668543482.
start listen on 192.168.1.101:37421
@tracker All of 1 nodes getting started
@tracker All nodes finishes job
Trial 509 finished with value: 0.08878902496924403 and parameters: {'objective': 'reg:squarederror', 'tree_method': 'gpu_hist', 'lambda': 0.16833279139801094, 'alpha': 0.16725419641458378, 'colsample_bytree': 0.9168231413308415, 'subsample': 0.42607479470109527, 'learning_rate': 0.006315230050938996, 'max_depth': 15, 'min_child_weight': 1, 'eval_metric': 'rmse'}. Best is trial 381 with value: 0.08744076668543482.
start listen on 192.168.1.101:41627
@tracker All of 1 nodes getting started
@tracker All nodes finishes job
Trial 510 finished with value: 0.08809972723856788 and parameters: {'objective': 'reg:squarederror', 'tree_method': 'gpu_hist', 'lambda': 0.2167663809014959, 'alpha': 0.1205286546566107, 'colsample_bytree': 0.8639576435183213, 'subsample': 0.44154423698191253, 'learning_rate': 0.007475038775572185, 'max_depth': 15, 'min_child_weight': 10, 'eval_metric': 'rmse'}. Best is trial 381 with value: 0.08744076668543482.
start listen on 192.168.1.101:59687
@tracker All of 1 nodes getting started
@tracker All nodes finishes job
Trial 511 finished with value: 0.0884692072566751 and parameters: {'objective': 'reg:squarederror', 'tree_method': 'gpu_hist', 'lambda': 0.26468383370933873, 'alpha': 0.24098317193535454, 'colsample_bytree': 0.9017784086451986, 'subsample': 0.41307732185268786, 'learning_rate': 0.0068138166549076215, 'max_depth': 15, 'min_child_weight': 16, 'eval_metric': 'rmse'}. Best is trial 381 with value: 0.08744076668543482.
start listen on 192.168.1.101:50075
@tracker All of 1 nodes getting started
@tracker All nodes finishes job
Trial 512 finished with value: 0.09216761051778306 and parameters: {'objective': 'reg:squarederror', 'tree_method': 'gpu_hist', 'lambda': 0.33592106953720197, 'alpha': 0.061145859024618554, 'colsample_bytree': 0.9260818508149968, 'subsample': 0.4006649557642266, 'learning_rate': 0.043093494704872996, 'max_depth': 15, 'min_child_weight': 6, 'eval_metric': 'rmse'}. Best is trial 381 with value: 0.08744076668543482.
start listen on 192.168.1.101:37307
@tracker All of 1 nodes getting started
@tracker All nodes finishes job
Trial 513 finished with value: 0.1136258961549477 and parameters: {'objective': 'reg:squarederror', 'tree_method': 'gpu_hist', 'lambda': 0.13999138766875813, 'alpha': 0.10058851901225338, 'colsample_bytree': 0.6360582007818428, 'subsample': 0.4289593929251622, 'learning_rate': 0.023807153226579586, 'max_depth': 15, 'min_child_weight': 61, 'eval_metric': 'rmse'}. Best is trial 381 with value: 0.08744076668543482.
start listen on 192.168.1.101:55959
@tracker All of 1 nodes getting started
@tracker All nodes finishes job
Trial 514 finished with value: 0.08883937562398427 and parameters: {'objective': 'reg:squarederror', 'tree_method': 'gpu_hist', 'lambda': 0.2052304404690348, 'alpha': 0.1359784026039212, 'colsample_bytree': 0.9410219337321256, 'subsample': 0.43995674986877786, 'learning_rate': 0.008294595007725768, 'max_depth': 15, 'min_child_weight': 23, 'eval_metric': 'rmse'}. Best is trial 381 with value: 0.08744076668543482.
start listen on 192.168.1.101:35795
@tracker All of 1 nodes getting started
@tracker All nodes finishes job
Trial 515 finished with value: 0.09099964737874876 and parameters: {'objective': 'reg:squarederror', 'tree_method': 'gpu_hist', 'lambda': 0.269939700919863, 'alpha': 2.9097516071863914, 'colsample_bytree': 0.7235261172136305, 'subsample': 0.4175083980969917, 'learning_rate': 0.006122527004640924, 'max_depth': 5, 'min_child_weight': 11, 'eval_metric': 'rmse'}. Best is trial 381 with value: 0.08744076668543482.
start listen on 192.168.1.101:58987
@tracker All of 1 nodes getting started
@tracker All nodes finishes job
Trial 516 finished with value: 0.0877942728196411 and parameters: {'objective': 'reg:squarederror', 'tree_method': 'gpu_hist', 'lambda': 0.06691173459017573, 'alpha': 0.17083736252606033, 'colsample_bytree': 0.8942951064709721, 'subsample': 0.42811890179211215, 'learning_rate': 0.007536568978111375, 'max_depth': 9, 'min_child_weight': 6, 'eval_metric': 'rmse'}. Best is trial 381 with value: 0.08744076668543482.
start listen on 192.168.1.101:46389
@tracker All of 1 nodes getting started
@tracker All nodes finishes job
Trial 517 finished with value: 0.08869405627668225 and parameters: {'objective': 'reg:squarederror', 'tree_method': 'gpu_hist', 'lambda': 0.1713914024244578, 'alpha': 0.2773942287384904, 'colsample_bytree': 0.8779743349587114, 'subsample': 0.44922291648755897, 'learning_rate': 0.007706366666984607, 'max_depth': 9, 'min_child_weight': 18, 'eval_metric': 'rmse'}. Best is trial 381 with value: 0.08744076668543482.
start listen on 192.168.1.101:33235
@tracker All of 1 nodes getting started
@tracker All nodes finishes job
Trial 518 finished with value: 0.08837817944229387 and parameters: {'objective': 'reg:squarederror', 'tree_method': 'gpu_hist', 'lambda': 0.058046849953322016, 'alpha': 0.21848263171263346, 'colsample_bytree': 0.8474087776345487, 'subsample': 0.47036412637979114, 'learning_rate': 0.006409677789203357, 'max_depth': 9, 'min_child_weight': 1, 'eval_metric': 'rmse'}. Best is trial 381 with value: 0.08744076668543482.
start listen on 192.168.1.101:37369
@tracker All of 1 nodes getting started
@tracker All nodes finishes job
Trial 519 finished with value: 0.08858842996745465 and parameters: {'objective': 'reg:squarederror', 'tree_method': 'gpu_hist', 'lambda': 0.0829717156853904, 'alpha': 0.17578241514845683, 'colsample_bytree': 0.8961215056267676, 'subsample': 0.4322673047032576, 'learning_rate': 0.010281034050164959, 'max_depth': 15, 'min_child_weight': 12, 'eval_metric': 'rmse'}. Best is trial 381 with value: 0.08744076668543482.
start listen on 192.168.1.101:35013
@tracker All of 1 nodes getting started
@tracker All nodes finishes job
Trial 520 finished with value: 0.09042832319615629 and parameters: {'objective': 'reg:squarederror', 'tree_method': 'gpu_hist', 'lambda': 0.1058047069198803, 'alpha': 0.16257369251074477, 'colsample_bytree': 0.8871026687157382, 'subsample': 0.45641840108430665, 'learning_rate': 0.008512597508755547, 'max_depth': 9, 'min_child_weight': 27, 'eval_metric': 'rmse'}. Best is trial 381 with value: 0.08744076668543482.
start listen on 192.168.1.101:48443
@tracker All of 1 nodes getting started
@tracker All nodes finishes job
Trial 521 finished with value: 0.0876077863396789 and parameters: {'objective': 'reg:squarederror', 'tree_method': 'gpu_hist', 'lambda': 0.04272898297755338, 'alpha': 0.22024651931440936, 'colsample_bytree': 0.9081264112067775, 'subsample': 0.42647747086930293, 'learning_rate': 0.006967004117528736, 'max_depth': 9, 'min_child_weight': 7, 'eval_metric': 'rmse'}. Best is trial 381 with value: 0.08744076668543482.
start listen on 192.168.1.101:37517
@tracker All of 1 nodes getting started
@tracker All nodes finishes job
Trial 522 finished with value: 0.21031032575848468 and parameters: {'objective': 'reg:squarederror', 'tree_method': 'gpu_hist', 'lambda': 0.04992319550053384, 'alpha': 0.31952056289176556, 'colsample_bytree': 0.8677162425274809, 'subsample': 0.4406605266085008, 'learning_rate': 0.0067587881082655345, 'max_depth': 3, 'min_child_weight': 116, 'eval_metric': 'rmse'}. Best is trial 381 with value: 0.08744076668543482.
start listen on 192.168.1.101:41853
@tracker All of 1 nodes getting started
@tracker All nodes finishes job
Trial 523 finished with value: 0.08867675507352896 and parameters: {'objective': 'reg:squarederror', 'tree_method': 'gpu_hist', 'lambda': 0.0449105004498113, 'alpha': 0.07397854055140878, 'colsample_bytree': 0.8881701445216501, 'subsample': 0.42929070197857183, 'learning_rate': 0.006105846108192034, 'max_depth': 9, 'min_child_weight': 18, 'eval_metric': 'rmse'}. Best is trial 381 with value: 0.08744076668543482.
start listen on 192.168.1.101:49953
@tracker All of 1 nodes getting started
@tracker All nodes finishes job
Trial 524 finished with value: 0.14471655467132075 and parameters: {'objective': 'reg:squarederror', 'tree_method': 'gpu_hist', 'lambda': 0.02534751347388152, 'alpha': 0.25351398535903386, 'colsample_bytree': 0.5905254617599578, 'subsample': 0.4175346437489765, 'learning_rate': 0.006775194304634002, 'max_depth': 15, 'min_child_weight': 80, 'eval_metric': 'rmse'}. Best is trial 381 with value: 0.08744076668543482.
start listen on 192.168.1.101:53661
@tracker All of 1 nodes getting started
@tracker All nodes finishes job
Trial 525 finished with value: 0.08804267808442431 and parameters: {'objective': 'reg:squarederror', 'tree_method': 'gpu_hist', 'lambda': 0.06803130098484532, 'alpha': 0.11609299486154906, 'colsample_bytree': 0.9067096812628096, 'subsample': 0.44644500962767764, 'learning_rate': 0.006995526894459795, 'max_depth': 9, 'min_child_weight': 12, 'eval_metric': 'rmse'}. Best is trial 381 with value: 0.08744076668543482.
start listen on 192.168.1.101:47003
@tracker All of 1 nodes getting started
@tracker All nodes finishes job
Trial 526 finished with value: 0.08826368246706237 and parameters: {'objective': 'reg:squarederror', 'tree_method': 'gpu_hist', 'lambda': 0.09390448756056849, 'alpha': 0.21368286692780572, 'colsample_bytree': 0.903686085517167, 'subsample': 0.43471751057489133, 'learning_rate': 0.0060662307778866845, 'max_depth': 9, 'min_child_weight': 1, 'eval_metric': 'rmse'}. Best is trial 381 with value: 0.08744076668543482.
start listen on 192.168.1.101:37335
@tracker All of 1 nodes getting started
@tracker All nodes finishes job
Trial 527 finished with value: 0.0877517016659979 and parameters: {'objective': 'reg:squarederror', 'tree_method': 'gpu_hist', 'lambda': 0.040999487209951585, 'alpha': 0.15070487509684566, 'colsample_bytree': 0.8752865534126987, 'subsample': 0.412246637506084, 'learning_rate': 0.0072422420288514675, 'max_depth': 9, 'min_child_weight': 7, 'eval_metric': 'rmse'}. Best is trial 381 with value: 0.08744076668543482.
start listen on 192.168.1.101:44885
@tracker All of 1 nodes getting started
@tracker All nodes finishes job
Trial 528 finished with value: 0.08753396299303486 and parameters: {'objective': 'reg:squarederror', 'tree_method': 'gpu_hist', 'lambda': 0.02864240940418531, 'alpha': 0.15030556835750822, 'colsample_bytree': 0.8860407015850363, 'subsample': 0.41605682067183525, 'learning_rate': 0.008111663256299813, 'max_depth': 9, 'min_child_weight': 8, 'eval_metric': 'rmse'}. Best is trial 381 with value: 0.08744076668543482.
start listen on 192.168.1.101:47225
@tracker All of 1 nodes getting started
@tracker All nodes finishes job
Trial 529 finished with value: 0.08800184085270966 and parameters: {'objective': 'reg:squarederror', 'tree_method': 'gpu_hist', 'lambda': 0.024862051239927394, 'alpha': 0.14981314087137365, 'colsample_bytree': 0.8786045334629704, 'subsample': 0.4116404244996228, 'learning_rate': 0.009797540775978525, 'max_depth': 9, 'min_child_weight': 7, 'eval_metric': 'rmse'}. Best is trial 381 with value: 0.08744076668543482.
start listen on 192.168.1.101:59739
@tracker All of 1 nodes getting started
@tracker All nodes finishes job
Trial 530 finished with value: 0.08938972756657593 and parameters: {'objective': 'reg:squarederror', 'tree_method': 'gpu_hist', 'lambda': 0.03020148723761179, 'alpha': 0.09792308640241854, 'colsample_bytree': 0.8567057843172174, 'subsample': 0.4175024208250768, 'learning_rate': 0.00920198069115552, 'max_depth': 9, 'min_child_weight': 17, 'eval_metric': 'rmse'}. Best is trial 381 with value: 0.08744076668543482.
start listen on 192.168.1.101:41321
@tracker All of 1 nodes getting started
@tracker All nodes finishes job
Trial 531 finished with value: 0.08912431797195679 and parameters: {'objective': 'reg:squarederror', 'tree_method': 'gpu_hist', 'lambda': 0.03533357532000772, 'alpha': 0.14375939733420207, 'colsample_bytree': 0.8670729359868886, 'subsample': 0.8829884797059393, 'learning_rate': 0.008124870352122433, 'max_depth': 9, 'min_child_weight': 10, 'eval_metric': 'rmse'}. Best is trial 381 with value: 0.08744076668543482.
start listen on 192.168.1.101:42569
@tracker All of 1 nodes getting started
@tracker All nodes finishes job
Trial 532 finished with value: 0.08852243928399145 and parameters: {'objective': 'reg:squarederror', 'tree_method': 'gpu_hist', 'lambda': 0.03404848022418872, 'alpha': 0.1739282350326207, 'colsample_bytree': 0.8768765849715513, 'subsample': 0.41192976226734834, 'learning_rate': 0.008687044370262988, 'max_depth': 9, 'min_child_weight': 1, 'eval_metric': 'rmse'}. Best is trial 381 with value: 0.08744076668543482.
start listen on 192.168.1.101:55199
@tracker All of 1 nodes getting started
@tracker All nodes finishes job
Trial 533 finished with value: 0.08905014990745472 and parameters: {'objective': 'reg:squarederror', 'tree_method': 'gpu_hist', 'lambda': 0.03905778156200376, 'alpha': 0.11332788004697719, 'colsample_bytree': 0.8877035687513727, 'subsample': 0.4239180678111161, 'learning_rate': 0.007835499381757328, 'max_depth': 11, 'min_child_weight': 22, 'eval_metric': 'rmse'}. Best is trial 381 with value: 0.08744076668543482.
start listen on 192.168.1.101:56757
@tracker All of 1 nodes getting started
@tracker All nodes finishes job
Trial 534 finished with value: 0.0877588631854439 and parameters: {'objective': 'reg:squarederror', 'tree_method': 'gpu_hist', 'lambda': 0.02265761139205671, 'alpha': 0.134604837719518, 'colsample_bytree': 0.9111199063986226, 'subsample': 0.40941838312197665, 'learning_rate': 0.007314747548283485, 'max_depth': 9, 'min_child_weight': 6, 'eval_metric': 'rmse'}. Best is trial 381 with value: 0.08744076668543482.
start listen on 192.168.1.101:60813
@tracker All of 1 nodes getting started
@tracker All nodes finishes job
Trial 535 finished with value: 0.08814475597889164 and parameters: {'objective': 'reg:squarederror', 'tree_method': 'gpu_hist', 'lambda': 0.029191077455790037, 'alpha': 0.09178176984777152, 'colsample_bytree': 0.895762753535961, 'subsample': 0.40975396187612895, 'learning_rate': 0.007274861934013669, 'max_depth': 9, 'min_child_weight': 12, 'eval_metric': 'rmse'}. Best is trial 381 with value: 0.08744076668543482.
start listen on 192.168.1.101:52639
@tracker All of 1 nodes getting started
@tracker All nodes finishes job
Trial 536 finished with value: 0.08856477331426275 and parameters: {'objective': 'reg:squarederror', 'tree_method': 'gpu_hist', 'lambda': 0.03828289436266875, 'alpha': 0.13009706589840794, 'colsample_bytree': 0.9104860670032189, 'subsample': 0.400995409723977, 'learning_rate': 0.007293615707019515, 'max_depth': 9, 'min_child_weight': 16, 'eval_metric': 'rmse'}. Best is trial 381 with value: 0.08744076668543482.
start listen on 192.168.1.101:59273
@tracker All of 1 nodes getting started
@tracker All nodes finishes job
Trial 537 finished with value: 0.08776727991278858 and parameters: {'objective': 'reg:squarederror', 'tree_method': 'gpu_hist', 'lambda': 0.02328426645855122, 'alpha': 0.1089960564292951, 'colsample_bytree': 0.9084185988569264, 'subsample': 0.40989718249052803, 'learning_rate': 0.007229909053202316, 'max_depth': 9, 'min_child_weight': 7, 'eval_metric': 'rmse'}. Best is trial 381 with value: 0.08744076668543482.
start listen on 192.168.1.101:55323
@tracker All of 1 nodes getting started
@tracker All nodes finishes job
