Trial 207 finished with value: 0.08908048227360076 and parameters: {'objective': 'reg:squarederror', 'tree_method': 'gpu_hist', 'lambda': 0.29667770167607194, 'alpha': 0.004954456399377567, 'colsample_bytree': 0.8950540491009787, 'subsample': 0.7228569110537622, 'learning_rate': 0.007265070058107918, 'max_depth': 20, 'min_child_weight': 6, 'eval_metric': 'rmse'}. Best is trial 117 with value: 0.08827149456805923.
start listen on 192.168.1.101:37827
@tracker All of 1 nodes getting started
@tracker All nodes finishes job
Trial 208 finished with value: 0.08881164788830051 and parameters: {'objective': 'reg:squarederror', 'tree_method': 'gpu_hist', 'lambda': 0.38104216551994036, 'alpha': 0.010709772486897813, 'colsample_bytree': 0.8759615634782519, 'subsample': 0.7445907996919509, 'learning_rate': 0.005517965852116871, 'max_depth': 20, 'min_child_weight': 24, 'eval_metric': 'rmse'}. Best is trial 117 with value: 0.08827149456805923.
start listen on 192.168.1.101:38173
@tracker All of 1 nodes getting started
@tracker All nodes finishes job
Trial 209 finished with value: 0.0909929016372393 and parameters: {'objective': 'reg:squarederror', 'tree_method': 'gpu_hist', 'lambda': 0.48358032723873284, 'alpha': 0.008405283789999276, 'colsample_bytree': 0.9157759976072023, 'subsample': 0.7880347565205962, 'learning_rate': 0.0066070472707164965, 'max_depth': 5, 'min_child_weight': 1, 'eval_metric': 'rmse'}. Best is trial 117 with value: 0.08827149456805923.
start listen on 192.168.1.101:42075
@tracker All of 1 nodes getting started
@tracker All nodes finishes job
Trial 210 finished with value: 0.08872159819202823 and parameters: {'objective': 'reg:squarederror', 'tree_method': 'gpu_hist', 'lambda': 0.8720971095415869, 'alpha': 0.003979478522538225, 'colsample_bytree': 0.8311553762831686, 'subsample': 0.7588351284233347, 'learning_rate': 0.008172849354065198, 'max_depth': 20, 'min_child_weight': 15, 'eval_metric': 'rmse'}. Best is trial 117 with value: 0.08827149456805923.
start listen on 192.168.1.101:45017
@tracker All of 1 nodes getting started
@tracker All nodes finishes job
Trial 211 finished with value: 0.08843192546122272 and parameters: {'objective': 'reg:squarederror', 'tree_method': 'gpu_hist', 'lambda': 0.3228942051475134, 'alpha': 0.0035672120517292473, 'colsample_bytree': 0.9072088350548692, 'subsample': 0.7050781416994315, 'learning_rate': 0.00583022978343899, 'max_depth': 17, 'min_child_weight': 17, 'eval_metric': 'rmse'}. Best is trial 117 with value: 0.08827149456805923.
start listen on 192.168.1.101:57511
@tracker All of 1 nodes getting started
@tracker All nodes finishes job
Trial 212 finished with value: 0.08841304641761398 and parameters: {'objective': 'reg:squarederror', 'tree_method': 'gpu_hist', 'lambda': 0.30318269882233695, 'alpha': 0.005247910593059931, 'colsample_bytree': 0.8911601530626071, 'subsample': 0.7078517210474187, 'learning_rate': 0.006000409828933822, 'max_depth': 17, 'min_child_weight': 11, 'eval_metric': 'rmse'}. Best is trial 117 with value: 0.08827149456805923.
start listen on 192.168.1.101:41873
@tracker All of 1 nodes getting started
@tracker All nodes finishes job
Trial 213 finished with value: 0.08818905700061651 and parameters: {'objective': 'reg:squarederror', 'tree_method': 'gpu_hist', 'lambda': 0.2613103927547113, 'alpha': 0.005405913043717084, 'colsample_bytree': 0.8995846084260247, 'subsample': 0.6759685433762058, 'learning_rate': 0.005961364544139111, 'max_depth': 17, 'min_child_weight': 10, 'eval_metric': 'rmse'}. Best is trial 213 with value: 0.08818905700061651.
start listen on 192.168.1.101:58399
@tracker All of 1 nodes getting started
@tracker All nodes finishes job
Trial 214 finished with value: 0.13708219588500997 and parameters: {'objective': 'reg:squarederror', 'tree_method': 'gpu_hist', 'lambda': 0.3211051022643401, 'alpha': 0.005667132939585003, 'colsample_bytree': 0.9024473410926922, 'subsample': 0.6701179955399797, 'learning_rate': 0.00508542810646874, 'max_depth': 17, 'min_child_weight': 125, 'eval_metric': 'rmse'}. Best is trial 213 with value: 0.08818905700061651.
start listen on 192.168.1.101:57169
@tracker All of 1 nodes getting started
@tracker All nodes finishes job
Trial 215 finished with value: 0.08815533771225603 and parameters: {'objective': 'reg:squarederror', 'tree_method': 'gpu_hist', 'lambda': 0.26558024008115927, 'alpha': 0.007041005752873646, 'colsample_bytree': 0.9328604266217683, 'subsample': 0.650705969057571, 'learning_rate': 0.005536345345126393, 'max_depth': 17, 'min_child_weight': 9, 'eval_metric': 'rmse'}. Best is trial 215 with value: 0.08815533771225603.
start listen on 192.168.1.101:46463
@tracker All of 1 nodes getting started
@tracker All nodes finishes job
Trial 216 finished with value: 0.08822350796280613 and parameters: {'objective': 'reg:squarederror', 'tree_method': 'gpu_hist', 'lambda': 0.2951759972269376, 'alpha': 0.0074648615974610075, 'colsample_bytree': 0.9310657838366075, 'subsample': 0.6552314271726454, 'learning_rate': 0.0046022389621344275, 'max_depth': 17, 'min_child_weight': 9, 'eval_metric': 'rmse'}. Best is trial 215 with value: 0.08815533771225603.
start listen on 192.168.1.101:47475
@tracker All of 1 nodes getting started
@tracker All nodes finishes job
Trial 217 finished with value: 0.08955448047879548 and parameters: {'objective': 'reg:squarederror', 'tree_method': 'gpu_hist', 'lambda': 0.2778439256126888, 'alpha': 0.00740457976584985, 'colsample_bytree': 0.9413938671137179, 'subsample': 0.6497041869007847, 'learning_rate': 0.0041286919263221426, 'max_depth': 17, 'min_child_weight': 7, 'eval_metric': 'rmse'}. Best is trial 215 with value: 0.08815533771225603.
start listen on 192.168.1.101:35747
@tracker All of 1 nodes getting started
@tracker All nodes finishes job
Trial 218 finished with value: 0.08825899123502438 and parameters: {'objective': 'reg:squarederror', 'tree_method': 'gpu_hist', 'lambda': 0.4041219927582874, 'alpha': 0.007440741006836694, 'colsample_bytree': 0.9530461231834363, 'subsample': 0.6402385812761845, 'learning_rate': 0.004842016580624023, 'max_depth': 17, 'min_child_weight': 10, 'eval_metric': 'rmse'}. Best is trial 215 with value: 0.08815533771225603.
start listen on 192.168.1.101:43677
@tracker All of 1 nodes getting started
@tracker All nodes finishes job
Trial 219 finished with value: 0.09018355051896569 and parameters: {'objective': 'reg:squarederror', 'tree_method': 'gpu_hist', 'lambda': 0.37158474883100057, 'alpha': 0.00672767654787386, 'colsample_bytree': 0.9541629129401893, 'subsample': 0.629023668117966, 'learning_rate': 0.004606926965737344, 'max_depth': 17, 'min_child_weight': 1, 'eval_metric': 'rmse'}. Best is trial 215 with value: 0.08815533771225603.
start listen on 192.168.1.101:57147
@tracker All of 1 nodes getting started
@tracker All nodes finishes job
Trial 220 finished with value: 0.08820318357758149 and parameters: {'objective': 'reg:squarederror', 'tree_method': 'gpu_hist', 'lambda': 0.3160411158762223, 'alpha': 0.009814197501943806, 'colsample_bytree': 0.9670910141269782, 'subsample': 0.6526099821094488, 'learning_rate': 0.004926460239755073, 'max_depth': 17, 'min_child_weight': 10, 'eval_metric': 'rmse'}. Best is trial 215 with value: 0.08815533771225603.
start listen on 192.168.1.101:41471
@tracker All of 1 nodes getting started
@tracker All nodes finishes job
Trial 221 finished with value: 0.08863847616106423 and parameters: {'objective': 'reg:squarederror', 'tree_method': 'gpu_hist', 'lambda': 0.2628651280456529, 'alpha': 0.014641215281330174, 'colsample_bytree': 0.9728999464061189, 'subsample': 0.6430102531808655, 'learning_rate': 0.004492731728877025, 'max_depth': 17, 'min_child_weight': 8, 'eval_metric': 'rmse'}. Best is trial 215 with value: 0.08815533771225603.
start listen on 192.168.1.101:36673
@tracker All of 1 nodes getting started
@tracker All nodes finishes job
Trial 222 finished with value: 0.08969518186585941 and parameters: {'objective': 'reg:squarederror', 'tree_method': 'gpu_hist', 'lambda': 0.33704465510784687, 'alpha': 0.00991986306553928, 'colsample_bytree': 0.9614440267251784, 'subsample': 0.6618027433917459, 'learning_rate': 0.0038760589744870704, 'max_depth': 17, 'min_child_weight': 11, 'eval_metric': 'rmse'}. Best is trial 215 with value: 0.08815533771225603.
start listen on 192.168.1.101:36039
@tracker All of 1 nodes getting started
@tracker All nodes finishes job
Trial 223 finished with value: 0.08816970494748351 and parameters: {'objective': 'reg:squarederror', 'tree_method': 'gpu_hist', 'lambda': 0.3933375841979499, 'alpha': 0.007255392897951309, 'colsample_bytree': 0.9823454913092038, 'subsample': 0.6371031129864708, 'learning_rate': 0.004858000538025973, 'max_depth': 17, 'min_child_weight': 12, 'eval_metric': 'rmse'}. Best is trial 215 with value: 0.08815533771225603.
start listen on 192.168.1.101:54645
@tracker All of 1 nodes getting started
@tracker All nodes finishes job
Trial 224 finished with value: 0.08804380733514666 and parameters: {'objective': 'reg:squarederror', 'tree_method': 'gpu_hist', 'lambda': 0.46336030561531494, 'alpha': 0.0073333099465518305, 'colsample_bytree': 0.9793321540856044, 'subsample': 0.635874802354056, 'learning_rate': 0.00502019768903178, 'max_depth': 17, 'min_child_weight': 13, 'eval_metric': 'rmse'}. Best is trial 224 with value: 0.08804380733514666.
start listen on 192.168.1.101:43473
@tracker All of 1 nodes getting started
@tracker All nodes finishes job
Trial 225 finished with value: 0.09039306402555944 and parameters: {'objective': 'reg:squarederror', 'tree_method': 'gpu_hist', 'lambda': 0.41263881185026186, 'alpha': 0.007501990038775495, 'colsample_bytree': 0.9820485993836976, 'subsample': 0.6308200242704489, 'learning_rate': 0.003756703830902198, 'max_depth': 17, 'min_child_weight': 14, 'eval_metric': 'rmse'}. Best is trial 224 with value: 0.08804380733514666.
start listen on 192.168.1.101:55795
@tracker All of 1 nodes getting started
@tracker All nodes finishes job
Trial 226 finished with value: 0.08812842729010953 and parameters: {'objective': 'reg:squarederror', 'tree_method': 'gpu_hist', 'lambda': 0.45367967962689587, 'alpha': 0.006468968141379131, 'colsample_bytree': 0.9807192211474126, 'subsample': 0.6168266495371059, 'learning_rate': 0.004943434139583607, 'max_depth': 17, 'min_child_weight': 12, 'eval_metric': 'rmse'}. Best is trial 224 with value: 0.08804380733514666.
start listen on 192.168.1.101:53901
@tracker All of 1 nodes getting started
@tracker All nodes finishes job
Trial 227 finished with value: 0.08819320377536582 and parameters: {'objective': 'reg:squarederror', 'tree_method': 'gpu_hist', 'lambda': 0.4584633810986684, 'alpha': 0.00738338364780072, 'colsample_bytree': 0.984177232113223, 'subsample': 0.6137141304402839, 'learning_rate': 0.004826063599835736, 'max_depth': 17, 'min_child_weight': 12, 'eval_metric': 'rmse'}. Best is trial 224 with value: 0.08804380733514666.
start listen on 192.168.1.101:53383
@tracker All of 1 nodes getting started
@tracker All nodes finishes job
Trial 228 finished with value: 0.08815270828204497 and parameters: {'objective': 'reg:squarederror', 'tree_method': 'gpu_hist', 'lambda': 0.524357415232445, 'alpha': 0.008006457071857473, 'colsample_bytree': 0.9884322860268425, 'subsample': 0.6054608151693788, 'learning_rate': 0.004883498654682591, 'max_depth': 17, 'min_child_weight': 11, 'eval_metric': 'rmse'}. Best is trial 224 with value: 0.08804380733514666.
start listen on 192.168.1.101:39129
@tracker All of 1 nodes getting started
@tracker All nodes finishes job
Trial 229 finished with value: 0.08881812648891034 and parameters: {'objective': 'reg:squarederror', 'tree_method': 'gpu_hist', 'lambda': 0.5275781519476938, 'alpha': 0.01249847994108737, 'colsample_bytree': 0.9898296565848199, 'subsample': 0.6185178384500264, 'learning_rate': 0.00448456958006631, 'max_depth': 17, 'min_child_weight': 5, 'eval_metric': 'rmse'}. Best is trial 224 with value: 0.08804380733514666.
start listen on 192.168.1.101:52955
@tracker All of 1 nodes getting started
@tracker All nodes finishes job
Trial 230 finished with value: 0.09171768762393899 and parameters: {'objective': 'reg:squarederror', 'tree_method': 'gpu_hist', 'lambda': 0.4418475316163158, 'alpha': 0.009365155340660042, 'colsample_bytree': 0.97880906174505, 'subsample': 0.589232350568366, 'learning_rate': 0.0035134146554284267, 'max_depth': 17, 'min_child_weight': 11, 'eval_metric': 'rmse'}. Best is trial 224 with value: 0.08804380733514666.
start listen on 192.168.1.101:35885
@tracker All of 1 nodes getting started
@tracker All nodes finishes job
Trial 231 finished with value: 0.0882764136833661 and parameters: {'objective': 'reg:squarederror', 'tree_method': 'gpu_hist', 'lambda': 0.4263615160140617, 'alpha': 0.007426956206261246, 'colsample_bytree': 0.9720233738622439, 'subsample': 0.6473504945513464, 'learning_rate': 0.0049539887433978315, 'max_depth': 17, 'min_child_weight': 12, 'eval_metric': 'rmse'}. Best is trial 224 with value: 0.08804380733514666.
start listen on 192.168.1.101:40727
@tracker All of 1 nodes getting started
@tracker All nodes finishes job
Trial 232 finished with value: 0.08882372119711103 and parameters: {'objective': 'reg:squarederror', 'tree_method': 'gpu_hist', 'lambda': 0.5662964890994415, 'alpha': 0.0075301050547705774, 'colsample_bytree': 0.9611764796952279, 'subsample': 0.5980853814013583, 'learning_rate': 0.004162197176577645, 'max_depth': 17, 'min_child_weight': 12, 'eval_metric': 'rmse'}. Best is trial 224 with value: 0.08804380733514666.
start listen on 192.168.1.101:54961
@tracker All of 1 nodes getting started
@tracker All nodes finishes job
Trial 233 finished with value: 0.08817761135601303 and parameters: {'objective': 'reg:squarederror', 'tree_method': 'gpu_hist', 'lambda': 0.4288977656366779, 'alpha': 0.007227423881690893, 'colsample_bytree': 0.9874019608700794, 'subsample': 0.6391632993856488, 'learning_rate': 0.004898950653504466, 'max_depth': 17, 'min_child_weight': 11, 'eval_metric': 'rmse'}. Best is trial 224 with value: 0.08804380733514666.
start listen on 192.168.1.101:37471
@tracker All of 1 nodes getting started
@tracker All nodes finishes job
Trial 234 finished with value: 0.08995379827494132 and parameters: {'objective': 'reg:squarederror', 'tree_method': 'gpu_hist', 'lambda': 0.44088746224826814, 'alpha': 0.008312208593212998, 'colsample_bytree': 0.9824627061537544, 'subsample': 0.6531188454918754, 'learning_rate': 0.004863444583836026, 'max_depth': 17, 'min_child_weight': 1, 'eval_metric': 'rmse'}. Best is trial 224 with value: 0.08804380733514666.
start listen on 192.168.1.101:51721
@tracker All of 1 nodes getting started
@tracker All nodes finishes job
Trial 235 finished with value: 0.08840349592098787 and parameters: {'objective': 'reg:squarederror', 'tree_method': 'gpu_hist', 'lambda': 0.3984151969316874, 'alpha': 0.010943525194228174, 'colsample_bytree': 0.9899277639665122, 'subsample': 0.6439961378888398, 'learning_rate': 0.005050449206850147, 'max_depth': 17, 'min_child_weight': 8, 'eval_metric': 'rmse'}. Best is trial 224 with value: 0.08804380733514666.
start listen on 192.168.1.101:57391
@tracker All of 1 nodes getting started
@tracker All nodes finishes job
Trial 236 finished with value: 0.08843759448285728 and parameters: {'objective': 'reg:squarederror', 'tree_method': 'gpu_hist', 'lambda': 0.3961693525695752, 'alpha': 0.011932592276270965, 'colsample_bytree': 0.9821741320495444, 'subsample': 0.6370529480059067, 'learning_rate': 0.004865747775675903, 'max_depth': 17, 'min_child_weight': 7, 'eval_metric': 'rmse'}. Best is trial 224 with value: 0.08804380733514666.
start listen on 192.168.1.101:33469
@tracker All of 1 nodes getting started
@tracker All nodes finishes job
Trial 237 finished with value: 0.08838044341440565 and parameters: {'objective': 'reg:squarederror', 'tree_method': 'gpu_hist', 'lambda': 0.3939093431303316, 'alpha': 0.011456977030872471, 'colsample_bytree': 0.9976340409138134, 'subsample': 0.6397863174265136, 'learning_rate': 0.004928194734543326, 'max_depth': 17, 'min_child_weight': 7, 'eval_metric': 'rmse'}. Best is trial 224 with value: 0.08804380733514666.
start listen on 192.168.1.101:44717
@tracker All of 1 nodes getting started
@tracker All nodes finishes job
Trial 238 finished with value: 0.0894505647739205 and parameters: {'objective': 'reg:squarederror', 'tree_method': 'gpu_hist', 'lambda': 0.4234391981740591, 'alpha': 0.011569131716304925, 'colsample_bytree': 0.9916535214312564, 'subsample': 0.6377107583657423, 'learning_rate': 0.004188623177236143, 'max_depth': 17, 'min_child_weight': 6, 'eval_metric': 'rmse'}. Best is trial 224 with value: 0.08804380733514666.
start listen on 192.168.1.101:35837
@tracker All of 1 nodes getting started
@tracker All nodes finishes job
Trial 239 finished with value: 0.08823557717860536 and parameters: {'objective': 'reg:squarederror', 'tree_method': 'gpu_hist', 'lambda': 0.37264838425824853, 'alpha': 0.014612392495656296, 'colsample_bytree': 0.9957918613410995, 'subsample': 0.6110989506656915, 'learning_rate': 0.004756951491439734, 'max_depth': 17, 'min_child_weight': 9, 'eval_metric': 'rmse'}. Best is trial 224 with value: 0.08804380733514666.
start listen on 192.168.1.101:52203
@tracker All of 1 nodes getting started
@tracker All nodes finishes job
Trial 240 finished with value: 0.08988643959819642 and parameters: {'objective': 'reg:squarederror', 'tree_method': 'gpu_hist', 'lambda': 0.3936839925691996, 'alpha': 0.011387985333785922, 'colsample_bytree': 0.9982086341505917, 'subsample': 0.6134455826453944, 'learning_rate': 0.004827466034869104, 'max_depth': 17, 'min_child_weight': 1, 'eval_metric': 'rmse'}. Best is trial 224 with value: 0.08804380733514666.
start listen on 192.168.1.101:57121
@tracker All of 1 nodes getting started
@tracker All nodes finishes job
Trial 241 finished with value: 0.08852457264356864 and parameters: {'objective': 'reg:squarederror', 'tree_method': 'gpu_hist', 'lambda': 0.4976600809081862, 'alpha': 0.016294735391712892, 'colsample_bytree': 0.9812311462570545, 'subsample': 0.6228365565215953, 'learning_rate': 0.004581469657774841, 'max_depth': 17, 'min_child_weight': 8, 'eval_metric': 'rmse'}. Best is trial 224 with value: 0.08804380733514666.
start listen on 192.168.1.101:51423
@tracker All of 1 nodes getting started
@tracker All nodes finishes job
Trial 242 finished with value: 0.08806092990234167 and parameters: {'objective': 'reg:squarederror', 'tree_method': 'gpu_hist', 'lambda': 0.3179267797859078, 'alpha': 0.009984860293456063, 'colsample_bytree': 0.9853427813021205, 'subsample': 0.6032060912475353, 'learning_rate': 0.005046768222291759, 'max_depth': 17, 'min_child_weight': 12, 'eval_metric': 'rmse'}. Best is trial 224 with value: 0.08804380733514666.
start listen on 192.168.1.101:38695
@tracker All of 1 nodes getting started
@tracker All nodes finishes job
Trial 243 finished with value: 0.08813392389990687 and parameters: {'objective': 'reg:squarederror', 'tree_method': 'gpu_hist', 'lambda': 0.3631343131230995, 'alpha': 0.013621476164113066, 'colsample_bytree': 0.9887476280285812, 'subsample': 0.606713430299957, 'learning_rate': 0.004984525166195199, 'max_depth': 17, 'min_child_weight': 10, 'eval_metric': 'rmse'}. Best is trial 224 with value: 0.08804380733514666.
start listen on 192.168.1.101:46283
@tracker All of 1 nodes getting started
@tracker All nodes finishes job
Trial 244 finished with value: 0.08815170008235913 and parameters: {'objective': 'reg:squarederror', 'tree_method': 'gpu_hist', 'lambda': 0.29985232100592135, 'alpha': 0.024086526137799238, 'colsample_bytree': 0.9995245460942134, 'subsample': 0.5741875258539227, 'learning_rate': 0.005169546073368799, 'max_depth': 17, 'min_child_weight': 12, 'eval_metric': 'rmse'}. Best is trial 224 with value: 0.08804380733514666.
start listen on 192.168.1.101:55795
@tracker All of 1 nodes getting started
@tracker All nodes finishes job
Trial 245 finished with value: 0.08856196211938931 and parameters: {'objective': 'reg:squarederror', 'tree_method': 'gpu_hist', 'lambda': 0.27905843075829145, 'alpha': 0.014861737413885384, 'colsample_bytree': 0.9952771694042496, 'subsample': 0.5820769147637608, 'learning_rate': 0.004361380227052203, 'max_depth': 17, 'min_child_weight': 10, 'eval_metric': 'rmse'}. Best is trial 224 with value: 0.08804380733514666.
start listen on 192.168.1.101:48709
@tracker All of 1 nodes getting started
@tracker All nodes finishes job
Trial 246 finished with value: 0.08798009698679765 and parameters: {'objective': 'reg:squarederror', 'tree_method': 'gpu_hist', 'lambda': 0.3609875594486978, 'alpha': 0.02068486035518561, 'colsample_bytree': 0.9694072200982149, 'subsample': 0.565104892173579, 'learning_rate': 0.005030514964389077, 'max_depth': 17, 'min_child_weight': 13, 'eval_metric': 'rmse'}. Best is trial 246 with value: 0.08798009698679765.
start listen on 192.168.1.101:57789
@tracker All of 1 nodes getting started
@tracker All nodes finishes job
Trial 247 finished with value: 0.08793714839123393 and parameters: {'objective': 'reg:squarederror', 'tree_method': 'gpu_hist', 'lambda': 0.5619490571798936, 'alpha': 0.020595206765515704, 'colsample_bytree': 0.9705639371721186, 'subsample': 0.6029270514487157, 'learning_rate': 0.005151590428430612, 'max_depth': 17, 'min_child_weight': 12, 'eval_metric': 'rmse'}. Best is trial 247 with value: 0.08793714839123393.
start listen on 192.168.1.101:50551
@tracker All of 1 nodes getting started
@tracker All nodes finishes job
