Trial 622 finished with value: 0.08880202580876678 and parameters: {'objective': 'reg:squarederror', 'tree_method': 'gpu_hist', 'lambda': 0.03927150861032978, 'alpha': 0.8853093166574454, 'colsample_bytree': 0.9439884553248683, 'subsample': 0.44844728807643625, 'learning_rate': 0.00581880690282854, 'max_depth': 9, 'min_child_weight': 20, 'eval_metric': 'rmse'}. Best is trial 546 with value: 0.08720962612705459.
start listen on 192.168.1.101:52375
@tracker All of 1 nodes getting started
@tracker All nodes finishes job
Trial 623 finished with value: 0.08769632934388788 and parameters: {'objective': 'reg:squarederror', 'tree_method': 'gpu_hist', 'lambda': 0.051396860265983335, 'alpha': 0.11239060611903748, 'colsample_bytree': 0.803197584693269, 'subsample': 0.43913351804412387, 'learning_rate': 0.007977002750205657, 'max_depth': 9, 'min_child_weight': 6, 'eval_metric': 'rmse'}. Best is trial 546 with value: 0.08720962612705459.
start listen on 192.168.1.101:35901
@tracker All of 1 nodes getting started
@tracker All nodes finishes job
Trial 624 finished with value: 0.08912378221195175 and parameters: {'objective': 'reg:squarederror', 'tree_method': 'gpu_hist', 'lambda': 0.05473420284974593, 'alpha': 0.10312374420354713, 'colsample_bytree': 0.779773161400279, 'subsample': 0.464128097520762, 'learning_rate': 0.00991892990794444, 'max_depth': 9, 'min_child_weight': 14, 'eval_metric': 'rmse'}. Best is trial 546 with value: 0.08720962612705459.
start listen on 192.168.1.101:49939
@tracker All of 1 nodes getting started
@tracker All nodes finishes job
Trial 625 finished with value: 0.08831591018295946 and parameters: {'objective': 'reg:squarederror', 'tree_method': 'gpu_hist', 'lambda': 0.04765210754358111, 'alpha': 0.08785652186489291, 'colsample_bytree': 0.8331025131000599, 'subsample': 0.4390567229764725, 'learning_rate': 0.009160404678341574, 'max_depth': 9, 'min_child_weight': 10, 'eval_metric': 'rmse'}. Best is trial 546 with value: 0.08720962612705459.
start listen on 192.168.1.101:46265
@tracker All of 1 nodes getting started
@tracker All nodes finishes job
Trial 626 finished with value: 0.0881387749600923 and parameters: {'objective': 'reg:squarederror', 'tree_method': 'gpu_hist', 'lambda': 0.06748518726567622, 'alpha': 0.1146850616299254, 'colsample_bytree': 0.8191433609622208, 'subsample': 0.400411383232956, 'learning_rate': 0.00872300466963256, 'max_depth': 9, 'min_child_weight': 6, 'eval_metric': 'rmse'}. Best is trial 546 with value: 0.08720962612705459.
start listen on 192.168.1.101:52007
@tracker All of 1 nodes getting started
@tracker All nodes finishes job
Trial 627 finished with value: 0.08928806047250391 and parameters: {'objective': 'reg:squarederror', 'tree_method': 'gpu_hist', 'lambda': 0.04506800826401258, 'alpha': 0.1222767421485405, 'colsample_bytree': 0.8332816005108917, 'subsample': 0.44439997522961355, 'learning_rate': 0.008186384867977797, 'max_depth': 9, 'min_child_weight': 21, 'eval_metric': 'rmse'}. Best is trial 546 with value: 0.08720962612705459.
start listen on 192.168.1.101:52941
@tracker All of 1 nodes getting started
@tracker All nodes finishes job
Trial 628 finished with value: 0.08867702606918462 and parameters: {'objective': 'reg:squarederror', 'tree_method': 'gpu_hist', 'lambda': 0.035610752874856336, 'alpha': 0.06200175881521207, 'colsample_bytree': 0.8072426582773734, 'subsample': 0.47304078632173174, 'learning_rate': 0.007941114692536468, 'max_depth': 9, 'min_child_weight': 1, 'eval_metric': 'rmse'}. Best is trial 546 with value: 0.08720962612705459.
start listen on 192.168.1.101:47713
@tracker All of 1 nodes getting started
@tracker All nodes finishes job
Trial 629 finished with value: 0.0887542438259459 and parameters: {'objective': 'reg:squarederror', 'tree_method': 'gpu_hist', 'lambda': 0.06941969694722407, 'alpha': 0.07733995285810663, 'colsample_bytree': 0.8523403652648686, 'subsample': 0.4324944031307858, 'learning_rate': 0.007415329007562411, 'max_depth': 9, 'min_child_weight': 16, 'eval_metric': 'rmse'}. Best is trial 546 with value: 0.08720962612705459.
start listen on 192.168.1.101:50903
@tracker All of 1 nodes getting started
@tracker All nodes finishes job
Trial 630 finished with value: 0.08805673280342456 and parameters: {'objective': 'reg:squarederror', 'tree_method': 'gpu_hist', 'lambda': 0.09224710176461727, 'alpha': 0.09405356794715522, 'colsample_bytree': 0.8049222649091805, 'subsample': 0.41607704060562734, 'learning_rate': 0.006568682039984638, 'max_depth': 9, 'min_child_weight': 10, 'eval_metric': 'rmse'}. Best is trial 546 with value: 0.08720962612705459.
start listen on 192.168.1.101:44201
@tracker All of 1 nodes getting started
@tracker All nodes finishes job
Trial 631 finished with value: 0.08808733462588687 and parameters: {'objective': 'reg:squarederror', 'tree_method': 'gpu_hist', 'lambda': 0.05495116317691278, 'alpha': 0.12992833203628398, 'colsample_bytree': 0.8489846582450024, 'subsample': 0.4495717430473081, 'learning_rate': 0.009080593291852318, 'max_depth': 9, 'min_child_weight': 7, 'eval_metric': 'rmse'}. Best is trial 546 with value: 0.08720962612705459.
start listen on 192.168.1.101:37451
@tracker All of 1 nodes getting started
@tracker All nodes finishes job
Trial 632 finished with value: 0.3798580890338149 and parameters: {'objective': 'reg:squarederror', 'tree_method': 'gpu_hist', 'lambda': 0.02988264403653115, 'alpha': 0.2915778966237207, 'colsample_bytree': 0.881949937025371, 'subsample': 0.4323347002010932, 'learning_rate': 0.007749693872894602, 'max_depth': 11, 'min_child_weight': 283, 'eval_metric': 'rmse'}. Best is trial 546 with value: 0.08720962612705459.
start listen on 192.168.1.101:50003
@tracker All of 1 nodes getting started
@tracker All nodes finishes job
Trial 633 finished with value: 0.09018142523811833 and parameters: {'objective': 'reg:squarederror', 'tree_method': 'gpu_hist', 'lambda': 0.04181812973233412, 'alpha': 0.10623575467254082, 'colsample_bytree': 0.8944771048958028, 'subsample': 0.4115445702908057, 'learning_rate': 0.00685973531962687, 'max_depth': 9, 'min_child_weight': 25, 'eval_metric': 'rmse'}. Best is trial 546 with value: 0.08720962612705459.
start listen on 192.168.1.101:37981
@tracker All of 1 nodes getting started
@tracker All nodes finishes job
Trial 634 finished with value: 0.08878606159715773 and parameters: {'objective': 'reg:squarederror', 'tree_method': 'gpu_hist', 'lambda': 0.05452448036643309, 'alpha': 0.14405971663033465, 'colsample_bytree': 0.8712134575209222, 'subsample': 0.4225112512364146, 'learning_rate': 0.005738202512746598, 'max_depth': 9, 'min_child_weight': 15, 'eval_metric': 'rmse'}. Best is trial 546 with value: 0.08720962612705459.
start listen on 192.168.1.101:40039
@tracker All of 1 nodes getting started
@tracker All nodes finishes job
Trial 635 finished with value: 0.08827942930874481 and parameters: {'objective': 'reg:squarederror', 'tree_method': 'gpu_hist', 'lambda': 0.036474579657565336, 'alpha': 0.2009363476447154, 'colsample_bytree': 0.8569852118043864, 'subsample': 0.46202102921722815, 'learning_rate': 0.006421972951213261, 'max_depth': 9, 'min_child_weight': 1, 'eval_metric': 'rmse'}. Best is trial 546 with value: 0.08720962612705459.
start listen on 192.168.1.101:43247
@tracker All of 1 nodes getting started
@tracker All nodes finishes job
Trial 636 finished with value: 0.0881294066286476 and parameters: {'objective': 'reg:squarederror', 'tree_method': 'gpu_hist', 'lambda': 0.08159601429396297, 'alpha': 0.05428667595777902, 'colsample_bytree': 0.8382355707811951, 'subsample': 0.44006533386548824, 'learning_rate': 0.00828950021979162, 'max_depth': 9, 'min_child_weight': 10, 'eval_metric': 'rmse'}. Best is trial 546 with value: 0.08720962612705459.
start listen on 192.168.1.101:48045
@tracker All of 1 nodes getting started
@tracker All nodes finishes job
Trial 637 finished with value: 0.08931144062874466 and parameters: {'objective': 'reg:squarederror', 'tree_method': 'gpu_hist', 'lambda': 0.048527045580369306, 'alpha': 0.6025075433484669, 'colsample_bytree': 0.8222024988842598, 'subsample': 0.4097730289336918, 'learning_rate': 0.007335250753415514, 'max_depth': 9, 'min_child_weight': 19, 'eval_metric': 'rmse'}. Best is trial 546 with value: 0.08720962612705459.
start listen on 192.168.1.101:36199
@tracker All of 1 nodes getting started
@tracker All nodes finishes job
Trial 638 finished with value: 0.08759537752484216 and parameters: {'objective': 'reg:squarederror', 'tree_method': 'gpu_hist', 'lambda': 0.06628896487001835, 'alpha': 0.07530347733966172, 'colsample_bytree': 0.9100807706557561, 'subsample': 0.42461461277863805, 'learning_rate': 0.00631439653231338, 'max_depth': 9, 'min_child_weight': 6, 'eval_metric': 'rmse'}. Best is trial 546 with value: 0.08720962612705459.
start listen on 192.168.1.101:51875
@tracker All of 1 nodes getting started
@tracker All nodes finishes job
Trial 639 finished with value: 0.08957952172617782 and parameters: {'objective': 'reg:squarederror', 'tree_method': 'gpu_hist', 'lambda': 0.06980983375605634, 'alpha': 0.06740185508083896, 'colsample_bytree': 0.8838650370995244, 'subsample': 0.4542414539219361, 'learning_rate': 0.011669118217519679, 'max_depth': 5, 'min_child_weight': 1, 'eval_metric': 'rmse'}. Best is trial 546 with value: 0.08720962612705459.
start listen on 192.168.1.101:35271
@tracker All of 1 nodes getting started
@tracker All nodes finishes job
Trial 640 finished with value: 0.08755077848064936 and parameters: {'objective': 'reg:squarederror', 'tree_method': 'gpu_hist', 'lambda': 0.08326859680390608, 'alpha': 0.07870750116853181, 'colsample_bytree': 0.9305703267466814, 'subsample': 0.43972919407526134, 'learning_rate': 0.0057807007380703875, 'max_depth': 9, 'min_child_weight': 7, 'eval_metric': 'rmse'}. Best is trial 546 with value: 0.08720962612705459.
start listen on 192.168.1.101:45201
@tracker All of 1 nodes getting started
@tracker All nodes finishes job
Trial 641 finished with value: 0.08829633710488274 and parameters: {'objective': 'reg:squarederror', 'tree_method': 'gpu_hist', 'lambda': 0.09598474230705945, 'alpha': 0.0631331836805019, 'colsample_bytree': 0.74564730622766, 'subsample': 0.42871153282094043, 'learning_rate': 0.005656117662712991, 'max_depth': 9, 'min_child_weight': 6, 'eval_metric': 'rmse'}. Best is trial 546 with value: 0.08720962612705459.
start listen on 192.168.1.101:56571
@tracker All of 1 nodes getting started
@tracker All nodes finishes job
Trial 642 finished with value: 0.08776454262294896 and parameters: {'objective': 'reg:squarederror', 'tree_method': 'gpu_hist', 'lambda': 0.08237943618247248, 'alpha': 0.05120212839856728, 'colsample_bytree': 0.7956387165094625, 'subsample': 0.4398614595116974, 'learning_rate': 0.005729508786842226, 'max_depth': 9, 'min_child_weight': 6, 'eval_metric': 'rmse'}. Best is trial 546 with value: 0.08720962612705459.
start listen on 192.168.1.101:59273
@tracker All of 1 nodes getting started
@tracker All nodes finishes job
Trial 643 finished with value: 0.08831479115213962 and parameters: {'objective': 'reg:squarederror', 'tree_method': 'gpu_hist', 'lambda': 0.07316503072878663, 'alpha': 0.07981270912987541, 'colsample_bytree': 0.9473575477321464, 'subsample': 0.42390807501312794, 'learning_rate': 0.005889849269799155, 'max_depth': 9, 'min_child_weight': 15, 'eval_metric': 'rmse'}. Best is trial 546 with value: 0.08720962612705459.
start listen on 192.168.1.101:55713
@tracker All of 1 nodes getting started
@tracker All nodes finishes job
Trial 644 finished with value: 0.08744371968164096 and parameters: {'objective': 'reg:squarederror', 'tree_method': 'gpu_hist', 'lambda': 0.0876572752323192, 'alpha': 0.07496171269163207, 'colsample_bytree': 0.9315071216591864, 'subsample': 0.4498735994272521, 'learning_rate': 0.00611909782661311, 'max_depth': 9, 'min_child_weight': 6, 'eval_metric': 'rmse'}. Best is trial 546 with value: 0.08720962612705459.
start listen on 192.168.1.101:37587
@tracker All of 1 nodes getting started
@tracker All nodes finishes job
Trial 645 finished with value: 0.0884076874505039 and parameters: {'objective': 'reg:squarederror', 'tree_method': 'gpu_hist', 'lambda': 0.10923172363462806, 'alpha': 0.06759550475181325, 'colsample_bytree': 0.9405566519765308, 'subsample': 0.4703482397306223, 'learning_rate': 0.00559343442199425, 'max_depth': 9, 'min_child_weight': 1, 'eval_metric': 'rmse'}. Best is trial 546 with value: 0.08720962612705459.
start listen on 192.168.1.101:44261
@tracker All of 1 nodes getting started
@tracker All nodes finishes job
Trial 646 finished with value: 0.0878738445335989 and parameters: {'objective': 'reg:squarederror', 'tree_method': 'gpu_hist', 'lambda': 0.08588365461202255, 'alpha': 0.08356975131671693, 'colsample_bytree': 0.9309519906181709, 'subsample': 0.45657093413136113, 'learning_rate': 0.006106622793016295, 'max_depth': 9, 'min_child_weight': 12, 'eval_metric': 'rmse'}. Best is trial 546 with value: 0.08720962612705459.
start listen on 192.168.1.101:44071
@tracker All of 1 nodes getting started
@tracker All nodes finishes job
Trial 647 finished with value: 0.08870438736687261 and parameters: {'objective': 'reg:squarederror', 'tree_method': 'gpu_hist', 'lambda': 0.08215269528022712, 'alpha': 0.050472341914259866, 'colsample_bytree': 0.9343168453140767, 'subsample': 0.4428618337501573, 'learning_rate': 0.00617983250220936, 'max_depth': 9, 'min_child_weight': 21, 'eval_metric': 'rmse'}. Best is trial 546 with value: 0.08720962612705459.
start listen on 192.168.1.101:39077
@tracker All of 1 nodes getting started
@tracker All nodes finishes job
Trial 648 finished with value: 0.08812761581815214 and parameters: {'objective': 'reg:squarederror', 'tree_method': 'gpu_hist', 'lambda': 0.1004550075016821, 'alpha': 0.07204030979051827, 'colsample_bytree': 0.7620178049316847, 'subsample': 0.4217047232929202, 'learning_rate': 0.005553065817913084, 'max_depth': 9, 'min_child_weight': 11, 'eval_metric': 'rmse'}. Best is trial 546 with value: 0.08720962612705459.
start listen on 192.168.1.101:37741
@tracker All of 1 nodes getting started
@tracker All nodes finishes job
Trial 649 finished with value: 0.09810253509093597 and parameters: {'objective': 'reg:squarederror', 'tree_method': 'gpu_hist', 'lambda': 0.06814959221310865, 'alpha': 0.07679045634108705, 'colsample_bytree': 0.9491537460024533, 'subsample': 0.4001646763460101, 'learning_rate': 0.006703751948074689, 'max_depth': 3, 'min_child_weight': 17, 'eval_metric': 'rmse'}. Best is trial 546 with value: 0.08720962612705459.
start listen on 192.168.1.101:47837
@tracker All of 1 nodes getting started
@tracker All nodes finishes job
Trial 650 finished with value: 0.09346658655120667 and parameters: {'objective': 'reg:squarederror', 'tree_method': 'gpu_hist', 'lambda': 0.06379563586033707, 'alpha': 0.06140971107473783, 'colsample_bytree': 0.9260951315079473, 'subsample': 0.45102437804265316, 'learning_rate': 0.006123938977556854, 'max_depth': 9, 'min_child_weight': 37, 'eval_metric': 'rmse'}. Best is trial 546 with value: 0.08720962612705459.
start listen on 192.168.1.101:42757
@tracker All of 1 nodes getting started
@tracker All nodes finishes job
Trial 651 finished with value: 0.08930439281536633 and parameters: {'objective': 'reg:squarederror', 'tree_method': 'gpu_hist', 'lambda': 0.09603733558274845, 'alpha': 0.09265085415760042, 'colsample_bytree': 0.9174223694103543, 'subsample': 0.8667337048320961, 'learning_rate': 0.005563189392564167, 'max_depth': 9, 'min_child_weight': 7, 'eval_metric': 'rmse'}. Best is trial 546 with value: 0.08720962612705459.
start listen on 192.168.1.101:60153
@tracker All of 1 nodes getting started
@tracker All nodes finishes job
Trial 652 finished with value: 0.0882478658376108 and parameters: {'objective': 'reg:squarederror', 'tree_method': 'gpu_hist', 'lambda': 0.05653664672548249, 'alpha': 0.08815922033133244, 'colsample_bytree': 0.9277422426616816, 'subsample': 0.43083072311852666, 'learning_rate': 0.007006588236369931, 'max_depth': 9, 'min_child_weight': 1, 'eval_metric': 'rmse'}. Best is trial 546 with value: 0.08720962612705459.
start listen on 192.168.1.101:50457
@tracker All of 1 nodes getting started
@tracker All nodes finishes job
Trial 653 finished with value: 0.18144982789075373 and parameters: {'objective': 'reg:squarederror', 'tree_method': 'gpu_hist', 'lambda': 0.06962595914740073, 'alpha': 0.06007102083071605, 'colsample_bytree': 0.9043273179701958, 'subsample': 0.41842585533494703, 'learning_rate': 0.006403049699477559, 'max_depth': 13, 'min_child_weight': 126, 'eval_metric': 'rmse'}. Best is trial 546 with value: 0.08720962612705459.
start listen on 192.168.1.101:58163
@tracker All of 1 nodes getting started
@tracker All nodes finishes job
Trial 654 finished with value: 0.19629438716432232 and parameters: {'objective': 'reg:squarederror', 'tree_method': 'gpu_hist', 'lambda': 0.11070347310150008, 'alpha': 0.10270596767091991, 'colsample_bytree': 0.950149859434652, 'subsample': 0.4428228759967212, 'learning_rate': 0.007062831909194364, 'max_depth': 9, 'min_child_weight': 144, 'eval_metric': 'rmse'}. Best is trial 546 with value: 0.08720962612705459.
start listen on 192.168.1.101:42321
@tracker All of 1 nodes getting started
@tracker All nodes finishes job
Trial 655 finished with value: 0.08816718368057229 and parameters: {'objective': 'reg:squarederror', 'tree_method': 'gpu_hist', 'lambda': 0.08268446413862653, 'alpha': 0.06919807241073408, 'colsample_bytree': 0.9331359298382035, 'subsample': 0.4213068433685504, 'learning_rate': 0.006106857063248426, 'max_depth': 11, 'min_child_weight': 14, 'eval_metric': 'rmse'}. Best is trial 546 with value: 0.08720962612705459.
start listen on 192.168.1.101:37001
@tracker All of 1 nodes getting started
@tracker All nodes finishes job
Trial 656 finished with value: 0.0917597405661641 and parameters: {'objective': 'reg:squarederror', 'tree_method': 'gpu_hist', 'lambda': 0.05470487291087479, 'alpha': 0.08105433070168898, 'colsample_bytree': 0.9501211142363937, 'subsample': 0.4579540753246707, 'learning_rate': 0.005554733044611896, 'max_depth': 9, 'min_child_weight': 31, 'eval_metric': 'rmse'}. Best is trial 546 with value: 0.08720962612705459.
start listen on 192.168.1.101:39857
@tracker All of 1 nodes getting started
@tracker All nodes finishes job
Trial 657 finished with value: 0.08761750962969786 and parameters: {'objective': 'reg:squarederror', 'tree_method': 'gpu_hist', 'lambda': 0.07676841627169934, 'alpha': 0.09950930190830787, 'colsample_bytree': 0.9173838019810939, 'subsample': 0.43356574941236947, 'learning_rate': 0.0078138568908378, 'max_depth': 9, 'min_child_weight': 7, 'eval_metric': 'rmse'}. Best is trial 546 with value: 0.08720962612705459.
start listen on 192.168.1.101:44853
@tracker All of 1 nodes getting started
@tracker All nodes finishes job
Trial 658 finished with value: 0.08810248179477938 and parameters: {'objective': 'reg:squarederror', 'tree_method': 'gpu_hist', 'lambda': 0.07294499243080431, 'alpha': 0.05208577938044225, 'colsample_bytree': 0.9227511245179502, 'subsample': 0.4129861274332618, 'learning_rate': 0.009354612902922515, 'max_depth': 9, 'min_child_weight': 7, 'eval_metric': 'rmse'}. Best is trial 546 with value: 0.08720962612705459.
start listen on 192.168.1.101:37427
@tracker All of 1 nodes getting started
@tracker All nodes finishes job
Trial 659 finished with value: 0.08781849246655989 and parameters: {'objective': 'reg:squarederror', 'tree_method': 'gpu_hist', 'lambda': 0.08795755842760121, 'alpha': 0.09960649505403084, 'colsample_bytree': 0.9393744713564963, 'subsample': 0.4359711637764079, 'learning_rate': 0.008277358036562679, 'max_depth': 9, 'min_child_weight': 6, 'eval_metric': 'rmse'}. Best is trial 546 with value: 0.08720962612705459.
start listen on 192.168.1.101:42741
@tracker All of 1 nodes getting started
@tracker All nodes finishes job
Trial 660 finished with value: 0.115960038031576 and parameters: {'objective': 'reg:squarederror', 'tree_method': 'gpu_hist', 'lambda': 0.08329945209269506, 'alpha': 0.11345092129696568, 'colsample_bytree': 0.9139714427665264, 'subsample': 0.4268658304815268, 'learning_rate': 0.0024366753344126483, 'max_depth': 9, 'min_child_weight': 1, 'eval_metric': 'rmse'}. Best is trial 546 with value: 0.08720962612705459.
start listen on 192.168.1.101:45097
@tracker All of 1 nodes getting started
@tracker All nodes finishes job
Trial 661 finished with value: 0.08816549986744678 and parameters: {'objective': 'reg:squarederror', 'tree_method': 'gpu_hist', 'lambda': 0.06267096055452696, 'alpha': 0.07299837215429274, 'colsample_bytree': 0.9283381762866048, 'subsample': 0.41269101837897915, 'learning_rate': 0.010086486770928854, 'max_depth': 9, 'min_child_weight': 11, 'eval_metric': 'rmse'}. Best is trial 546 with value: 0.08720962612705459.
start listen on 192.168.1.101:53463
@tracker All of 1 nodes getting started
@tracker All nodes finishes job
Trial 662 finished with value: 0.08839685264317558 and parameters: {'objective': 'reg:squarederror', 'tree_method': 'gpu_hist', 'lambda': 0.07295010491938336, 'alpha': 0.09977565938902916, 'colsample_bytree': 0.6724261630828318, 'subsample': 0.4478979382719688, 'learning_rate': 0.007771365039907973, 'max_depth': 9, 'min_child_weight': 6, 'eval_metric': 'rmse'}. Best is trial 546 with value: 0.08720962612705459.
start listen on 192.168.1.101:54451
@tracker All of 1 nodes getting started
@tracker All nodes finishes job
Trial 663 finished with value: 0.08876169064289623 and parameters: {'objective': 'reg:squarederror', 'tree_method': 'gpu_hist', 'lambda': 0.05842667881714834, 'alpha': 1.4211425792233339, 'colsample_bytree': 0.9481206859942136, 'subsample': 0.4002542901666456, 'learning_rate': 0.008694798819594785, 'max_depth': 9, 'min_child_weight': 1, 'eval_metric': 'rmse'}. Best is trial 546 with value: 0.08720962612705459.
start listen on 192.168.1.101:35523
@tracker All of 1 nodes getting started
@tracker All nodes finishes job
