Trial 372 finished with value: 0.08808851860337738 and parameters: {'objective': 'reg:squarederror', 'tree_method': 'gpu_hist', 'lambda': 0.6278727000986027, 'alpha': 0.0687077682458274, 'colsample_bytree': 0.9226148818772493, 'subsample': 0.4341081907011291, 'learning_rate': 0.006086675024462043, 'max_depth': 15, 'min_child_weight': 16, 'eval_metric': 'rmse'}. Best is trial 368 with value: 0.0878280172838675.
start listen on 192.168.1.101:38793
@tracker All of 1 nodes getting started
@tracker All nodes finishes job
Trial 373 finished with value: 0.08902775204291623 and parameters: {'objective': 'reg:squarederror', 'tree_method': 'gpu_hist', 'lambda': 0.6125736320175357, 'alpha': 0.12626375385783142, 'colsample_bytree': 0.9188536215479146, 'subsample': 0.6246581979307234, 'learning_rate': 0.0061812158251877405, 'max_depth': 15, 'min_child_weight': 31, 'eval_metric': 'rmse'}. Best is trial 368 with value: 0.0878280172838675.
start listen on 192.168.1.101:56933
@tracker All of 1 nodes getting started
@tracker All nodes finishes job
Trial 374 finished with value: 0.0878872975853205 and parameters: {'objective': 'reg:squarederror', 'tree_method': 'gpu_hist', 'lambda': 0.48610190876537135, 'alpha': 0.08753812296473727, 'colsample_bytree': 0.9321647911469407, 'subsample': 0.5860950516102648, 'learning_rate': 0.0071833322734560145, 'max_depth': 15, 'min_child_weight': 11, 'eval_metric': 'rmse'}. Best is trial 368 with value: 0.0878280172838675.
start listen on 192.168.1.101:44489
@tracker All of 1 nodes getting started
@tracker All nodes finishes job
Trial 375 finished with value: 0.08840786115609864 and parameters: {'objective': 'reg:squarederror', 'tree_method': 'gpu_hist', 'lambda': 0.29585607707530515, 'alpha': 0.06132687797687392, 'colsample_bytree': 0.9200372433197738, 'subsample': 0.5968920419719758, 'learning_rate': 0.007289928024419226, 'max_depth': 15, 'min_child_weight': 6, 'eval_metric': 'rmse'}. Best is trial 368 with value: 0.0878280172838675.
start listen on 192.168.1.101:43805
@tracker All of 1 nodes getting started
@tracker All nodes finishes job
Trial 376 finished with value: 0.32263903646288233 and parameters: {'objective': 'reg:squarederror', 'tree_method': 'gpu_hist', 'lambda': 0.49867646204553145, 'alpha': 0.08694999793248177, 'colsample_bytree': 0.9217498490545528, 'subsample': 0.48724730546314216, 'learning_rate': 0.006698021744958064, 'max_depth': 15, 'min_child_weight': 241, 'eval_metric': 'rmse'}. Best is trial 368 with value: 0.0878280172838675.
start listen on 192.168.1.101:35303
@tracker All of 1 nodes getting started
@tracker All nodes finishes job
Trial 377 finished with value: 0.08786632881098362 and parameters: {'objective': 'reg:squarederror', 'tree_method': 'gpu_hist', 'lambda': 0.4330884868101381, 'alpha': 0.08098773478796328, 'colsample_bytree': 0.9382406910938784, 'subsample': 0.4312627989524335, 'learning_rate': 0.005984172299512834, 'max_depth': 15, 'min_child_weight': 11, 'eval_metric': 'rmse'}. Best is trial 368 with value: 0.0878280172838675.
start listen on 192.168.1.101:40041
@tracker All of 1 nodes getting started
@tracker All nodes finishes job
Trial 378 finished with value: 0.08753553791258138 and parameters: {'objective': 'reg:squarederror', 'tree_method': 'gpu_hist', 'lambda': 0.4276698275142534, 'alpha': 0.0756890491648179, 'colsample_bytree': 0.9320312484945982, 'subsample': 0.4266477340765299, 'learning_rate': 0.0068641063469387946, 'max_depth': 15, 'min_child_weight': 10, 'eval_metric': 'rmse'}. Best is trial 378 with value: 0.08753553791258138.
start listen on 192.168.1.101:56401
@tracker All of 1 nodes getting started
@tracker All nodes finishes job
Trial 379 finished with value: 0.08907441343990746 and parameters: {'objective': 'reg:squarederror', 'tree_method': 'gpu_hist', 'lambda': 0.4094828191541425, 'alpha': 0.10752330820917554, 'colsample_bytree': 0.9193408360711861, 'subsample': 0.46647370877803457, 'learning_rate': 0.007329087176785074, 'max_depth': 15, 'min_child_weight': 1, 'eval_metric': 'rmse'}. Best is trial 378 with value: 0.08753553791258138.
start listen on 192.168.1.101:46793
@tracker All of 1 nodes getting started
@tracker All nodes finishes job
Trial 380 finished with value: 0.08777296679455857 and parameters: {'objective': 'reg:squarederror', 'tree_method': 'gpu_hist', 'lambda': 0.31610138319850767, 'alpha': 0.07409402417238059, 'colsample_bytree': 0.9319353049395884, 'subsample': 0.41625196632082084, 'learning_rate': 0.006838473537186122, 'max_depth': 15, 'min_child_weight': 8, 'eval_metric': 'rmse'}. Best is trial 378 with value: 0.08753553791258138.
start listen on 192.168.1.101:38861
@tracker All of 1 nodes getting started
@tracker All nodes finishes job
Trial 381 finished with value: 0.08744076668543482 and parameters: {'objective': 'reg:squarederror', 'tree_method': 'gpu_hist', 'lambda': 0.2776960491927982, 'alpha': 0.07732117455186469, 'colsample_bytree': 0.9349985323504593, 'subsample': 0.4017333477405625, 'learning_rate': 0.0069316379732001, 'max_depth': 15, 'min_child_weight': 6, 'eval_metric': 'rmse'}. Best is trial 381 with value: 0.08744076668543482.
start listen on 192.168.1.101:58917
@tracker All of 1 nodes getting started
@tracker All nodes finishes job
Trial 382 finished with value: 0.08812003525293192 and parameters: {'objective': 'reg:squarederror', 'tree_method': 'gpu_hist', 'lambda': 0.24559371904826952, 'alpha': 0.08024624721660305, 'colsample_bytree': 0.9359700917535164, 'subsample': 0.406624141069658, 'learning_rate': 0.007826339632786977, 'max_depth': 15, 'min_child_weight': 10, 'eval_metric': 'rmse'}. Best is trial 381 with value: 0.08744076668543482.
start listen on 192.168.1.101:40635
@tracker All of 1 nodes getting started
@tracker All nodes finishes job
Trial 383 finished with value: 0.0876657211736447 and parameters: {'objective': 'reg:squarederror', 'tree_method': 'gpu_hist', 'lambda': 0.29822534283804175, 'alpha': 0.09213783587834454, 'colsample_bytree': 0.9384214195517203, 'subsample': 0.4245991326945919, 'learning_rate': 0.007199247168205448, 'max_depth': 15, 'min_child_weight': 7, 'eval_metric': 'rmse'}. Best is trial 381 with value: 0.08744076668543482.
start listen on 192.168.1.101:48833
@tracker All of 1 nodes getting started
@tracker All nodes finishes job
Trial 384 finished with value: 0.09187124845566952 and parameters: {'objective': 'reg:squarederror', 'tree_method': 'gpu_hist', 'lambda': 0.26932590380105625, 'alpha': 0.08884591289468502, 'colsample_bytree': 0.5082262989182864, 'subsample': 0.4129850060916672, 'learning_rate': 0.007218200699130086, 'max_depth': 15, 'min_child_weight': 1, 'eval_metric': 'rmse'}. Best is trial 381 with value: 0.08744076668543482.
start listen on 192.168.1.101:53533
@tracker All of 1 nodes getting started
@tracker All nodes finishes job
Trial 385 finished with value: 0.08803556539748661 and parameters: {'objective': 'reg:squarederror', 'tree_method': 'gpu_hist', 'lambda': 0.3090767461091804, 'alpha': 0.1560287781684633, 'colsample_bytree': 0.9284549436103339, 'subsample': 0.43353005401898276, 'learning_rate': 0.007749371058307527, 'max_depth': 15, 'min_child_weight': 8, 'eval_metric': 'rmse'}. Best is trial 381 with value: 0.08744076668543482.
start listen on 192.168.1.101:55243
@tracker All of 1 nodes getting started
@tracker All nodes finishes job
Trial 386 finished with value: 0.08781749103891642 and parameters: {'objective': 'reg:squarederror', 'tree_method': 'gpu_hist', 'lambda': 0.3126702003000731, 'alpha': 0.1623191683457003, 'colsample_bytree': 0.921121301336665, 'subsample': 0.43733497022445467, 'learning_rate': 0.007926999997690207, 'max_depth': 15, 'min_child_weight': 6, 'eval_metric': 'rmse'}. Best is trial 381 with value: 0.08744076668543482.
start listen on 192.168.1.101:39637
@tracker All of 1 nodes getting started
@tracker All nodes finishes job
Trial 387 finished with value: 0.08814681650823915 and parameters: {'objective': 'reg:squarederror', 'tree_method': 'gpu_hist', 'lambda': 0.22989219510087444, 'alpha': 0.1725027933473484, 'colsample_bytree': 0.919997716765002, 'subsample': 0.4255267887612129, 'learning_rate': 0.008471236778100018, 'max_depth': 15, 'min_child_weight': 5, 'eval_metric': 'rmse'}. Best is trial 381 with value: 0.08744076668543482.
start listen on 192.168.1.101:47901
@tracker All of 1 nodes getting started
@tracker All nodes finishes job
Trial 388 finished with value: 0.08805438928159133 and parameters: {'objective': 'reg:squarederror', 'tree_method': 'gpu_hist', 'lambda': 0.28310690519128373, 'alpha': 0.10451155775930937, 'colsample_bytree': 0.9123891327588401, 'subsample': 0.4337074105288625, 'learning_rate': 0.008103728276776396, 'max_depth': 15, 'min_child_weight': 5, 'eval_metric': 'rmse'}. Best is trial 381 with value: 0.08744076668543482.
start listen on 192.168.1.101:42609
@tracker All of 1 nodes getting started
@tracker All nodes finishes job
Trial 389 finished with value: 0.08786349895137494 and parameters: {'objective': 'reg:squarederror', 'tree_method': 'gpu_hist', 'lambda': 0.32628529395644384, 'alpha': 0.1324986859735452, 'colsample_bytree': 0.931596942714149, 'subsample': 0.4013832014004801, 'learning_rate': 0.007329909404156686, 'max_depth': 15, 'min_child_weight': 5, 'eval_metric': 'rmse'}. Best is trial 381 with value: 0.08744076668543482.
start listen on 192.168.1.101:43351
@tracker All of 1 nodes getting started
@tracker All nodes finishes job
Trial 390 finished with value: 0.0882896576284585 and parameters: {'objective': 'reg:squarederror', 'tree_method': 'gpu_hist', 'lambda': 0.299769727005791, 'alpha': 0.1378931946548881, 'colsample_bytree': 0.9120135036598764, 'subsample': 0.4544101235740968, 'learning_rate': 0.007714498992036252, 'max_depth': 15, 'min_child_weight': 4, 'eval_metric': 'rmse'}. Best is trial 381 with value: 0.08744076668543482.
start listen on 192.168.1.101:40147
@tracker All of 1 nodes getting started
@tracker All nodes finishes job
Trial 391 finished with value: 0.08779882041725152 and parameters: {'objective': 'reg:squarederror', 'tree_method': 'gpu_hist', 'lambda': 0.22470326220843334, 'alpha': 0.1410154568706696, 'colsample_bytree': 0.9261236018360488, 'subsample': 0.42350962602591413, 'learning_rate': 0.007071380342684299, 'max_depth': 15, 'min_child_weight': 5, 'eval_metric': 'rmse'}. Best is trial 381 with value: 0.08744076668543482.
start listen on 192.168.1.101:56259
@tracker All of 1 nodes getting started
@tracker All nodes finishes job
Trial 392 finished with value: 0.08887826711409749 and parameters: {'objective': 'reg:squarederror', 'tree_method': 'gpu_hist', 'lambda': 0.23231826236202568, 'alpha': 0.10581714974392394, 'colsample_bytree': 0.9301036405275476, 'subsample': 0.40385598726819355, 'learning_rate': 0.0071467786704585866, 'max_depth': 15, 'min_child_weight': 1, 'eval_metric': 'rmse'}. Best is trial 381 with value: 0.08744076668543482.
start listen on 192.168.1.101:57983
@tracker All of 1 nodes getting started
@tracker All nodes finishes job
Trial 393 finished with value: 0.08891060523012057 and parameters: {'objective': 'reg:squarederror', 'tree_method': 'gpu_hist', 'lambda': 0.33517927559250915, 'alpha': 0.13832057432304787, 'colsample_bytree': 0.9263865106355912, 'subsample': 0.41069841812142716, 'learning_rate': 0.007241609887500267, 'max_depth': 15, 'min_child_weight': 1, 'eval_metric': 'rmse'}. Best is trial 381 with value: 0.08744076668543482.
start listen on 192.168.1.101:41429
@tracker All of 1 nodes getting started
@tracker All nodes finishes job
Trial 394 finished with value: 0.08767378633021186 and parameters: {'objective': 'reg:squarederror', 'tree_method': 'gpu_hist', 'lambda': 0.25689169730069755, 'alpha': 0.11452487734762797, 'colsample_bytree': 0.9116681109714954, 'subsample': 0.424580267521243, 'learning_rate': 0.007032042797670524, 'max_depth': 15, 'min_child_weight': 6, 'eval_metric': 'rmse'}. Best is trial 381 with value: 0.08744076668543482.
start listen on 192.168.1.101:37775
@tracker All of 1 nodes getting started
@tracker All nodes finishes job
Trial 395 finished with value: 0.0882913240912956 and parameters: {'objective': 'reg:squarederror', 'tree_method': 'gpu_hist', 'lambda': 0.26166034999705656, 'alpha': 0.18625605424279537, 'colsample_bytree': 0.9066142054058148, 'subsample': 0.42483268472746977, 'learning_rate': 0.00907195436223023, 'max_depth': 15, 'min_child_weight': 6, 'eval_metric': 'rmse'}. Best is trial 381 with value: 0.08744076668543482.
start listen on 192.168.1.101:45543
@tracker All of 1 nodes getting started
@tracker All nodes finishes job
Trial 396 finished with value: 0.08840391346360842 and parameters: {'objective': 'reg:squarederror', 'tree_method': 'gpu_hist', 'lambda': 0.21248372972470597, 'alpha': 0.08498529007716779, 'colsample_bytree': 0.9200431273503349, 'subsample': 0.41963373714003094, 'learning_rate': 0.008044173736729734, 'max_depth': 15, 'min_child_weight': 6, 'eval_metric': 'rmse'}. Best is trial 381 with value: 0.08744076668543482.
start listen on 192.168.1.101:50879
@tracker All of 1 nodes getting started
@tracker All nodes finishes job
Trial 397 finished with value: 0.0892245605256518 and parameters: {'objective': 'reg:squarederror', 'tree_method': 'gpu_hist', 'lambda': 0.27126163470710757, 'alpha': 0.11101728184418909, 'colsample_bytree': 0.9070872433177168, 'subsample': 0.44520738882100486, 'learning_rate': 0.006960001987964756, 'max_depth': 15, 'min_child_weight': 1, 'eval_metric': 'rmse'}. Best is trial 381 with value: 0.08744076668543482.
start listen on 192.168.1.101:58871
@tracker All of 1 nodes getting started
@tracker All nodes finishes job
Trial 398 finished with value: 0.08795483821666913 and parameters: {'objective': 'reg:squarederror', 'tree_method': 'gpu_hist', 'lambda': 0.3394795911587003, 'alpha': 0.23422434396753442, 'colsample_bytree': 0.9323092127273792, 'subsample': 0.447156114809008, 'learning_rate': 0.0068976256933836865, 'max_depth': 15, 'min_child_weight': 9, 'eval_metric': 'rmse'}. Best is trial 381 with value: 0.08744076668543482.
start listen on 192.168.1.101:45811
@tracker All of 1 nodes getting started
@tracker All nodes finishes job
Trial 399 finished with value: 0.08801124331044093 and parameters: {'objective': 'reg:squarederror', 'tree_method': 'gpu_hist', 'lambda': 0.3325968398559742, 'alpha': 0.24070333353107934, 'colsample_bytree': 0.9352651188810122, 'subsample': 0.4456800935535169, 'learning_rate': 0.007534489713321011, 'max_depth': 15, 'min_child_weight': 7, 'eval_metric': 'rmse'}. Best is trial 381 with value: 0.08744076668543482.
start listen on 192.168.1.101:55391
@tracker All of 1 nodes getting started
@tracker All nodes finishes job
Trial 400 finished with value: 0.08854050232307059 and parameters: {'objective': 'reg:squarederror', 'tree_method': 'gpu_hist', 'lambda': 0.23725772108509308, 'alpha': 0.13694642540707408, 'colsample_bytree': 0.934826573793793, 'subsample': 0.4442727113480664, 'learning_rate': 0.00869393143613044, 'max_depth': 15, 'min_child_weight': 6, 'eval_metric': 'rmse'}. Best is trial 381 with value: 0.08744076668543482.
start listen on 192.168.1.101:32953
@tracker All of 1 nodes getting started
@tracker All nodes finishes job
Trial 401 finished with value: 0.08801299073363933 and parameters: {'objective': 'reg:squarederror', 'tree_method': 'gpu_hist', 'lambda': 0.282532012039791, 'alpha': 0.23025884342825956, 'colsample_bytree': 0.9364937163917672, 'subsample': 0.46963126095850394, 'learning_rate': 0.007651789618772598, 'max_depth': 15, 'min_child_weight': 8, 'eval_metric': 'rmse'}. Best is trial 381 with value: 0.08744076668543482.
start listen on 192.168.1.101:60087
@tracker All of 1 nodes getting started
@tracker All nodes finishes job
Trial 402 finished with value: 0.08816449582013151 and parameters: {'objective': 'reg:squarederror', 'tree_method': 'gpu_hist', 'lambda': 0.20037549782088376, 'alpha': 0.23375790725741158, 'colsample_bytree': 0.9327355360443146, 'subsample': 0.4016117618798957, 'learning_rate': 0.007824618079681026, 'max_depth': 15, 'min_child_weight': 6, 'eval_metric': 'rmse'}. Best is trial 381 with value: 0.08744076668543482.
start listen on 192.168.1.101:41273
@tracker All of 1 nodes getting started
@tracker All nodes finishes job
Trial 403 finished with value: 0.08861909327583067 and parameters: {'objective': 'reg:squarederror', 'tree_method': 'gpu_hist', 'lambda': 0.27532839213445437, 'alpha': 0.2847778815039782, 'colsample_bytree': 0.9120732464989255, 'subsample': 0.46033551682516477, 'learning_rate': 0.009169558486811542, 'max_depth': 15, 'min_child_weight': 9, 'eval_metric': 'rmse'}. Best is trial 381 with value: 0.08744076668543482.
start listen on 192.168.1.101:41521
@tracker All of 1 nodes getting started
@tracker All nodes finishes job
Trial 404 finished with value: 0.08893764474509555 and parameters: {'objective': 'reg:squarederror', 'tree_method': 'gpu_hist', 'lambda': 0.319832591703065, 'alpha': 0.24431193992965902, 'colsample_bytree': 0.9286094077979259, 'subsample': 0.4238427819952994, 'learning_rate': 0.007473515565450456, 'max_depth': 15, 'min_child_weight': 1, 'eval_metric': 'rmse'}. Best is trial 381 with value: 0.08744076668543482.
start listen on 192.168.1.101:52099
@tracker All of 1 nodes getting started
@tracker All nodes finishes job
Trial 405 finished with value: 0.08987854519778328 and parameters: {'objective': 'reg:squarederror', 'tree_method': 'gpu_hist', 'lambda': 0.18121178992504233, 'alpha': 0.3406970682732367, 'colsample_bytree': 0.9420791528790075, 'subsample': 0.4722505735421198, 'learning_rate': 0.008271807623490411, 'max_depth': 15, 'min_child_weight': 1, 'eval_metric': 'rmse'}. Best is trial 381 with value: 0.08744076668543482.
start listen on 192.168.1.101:38427
@tracker All of 1 nodes getting started
@tracker All nodes finishes job
Trial 406 finished with value: 0.08790596284144024 and parameters: {'objective': 'reg:squarederror', 'tree_method': 'gpu_hist', 'lambda': 0.32375171184603735, 'alpha': 0.20497703859321523, 'colsample_bytree': 0.9346725046135447, 'subsample': 0.4411220014916676, 'learning_rate': 0.006942908056577533, 'max_depth': 15, 'min_child_weight': 9, 'eval_metric': 'rmse'}. Best is trial 381 with value: 0.08744076668543482.
start listen on 192.168.1.101:56823
@tracker All of 1 nodes getting started
@tracker All nodes finishes job
Trial 407 finished with value: 0.08792904431029125 and parameters: {'objective': 'reg:squarederror', 'tree_method': 'gpu_hist', 'lambda': 0.3278041482353955, 'alpha': 0.1922894019245568, 'colsample_bytree': 0.9168649575796609, 'subsample': 0.44263321566311037, 'learning_rate': 0.006951676749072505, 'max_depth': 15, 'min_child_weight': 10, 'eval_metric': 'rmse'}. Best is trial 381 with value: 0.08744076668543482.
start listen on 192.168.1.101:46061
@tracker All of 1 nodes getting started
@tracker All nodes finishes job
Trial 408 finished with value: 0.08808398639797921 and parameters: {'objective': 'reg:squarederror', 'tree_method': 'gpu_hist', 'lambda': 0.3504852554520466, 'alpha': 0.18089650662237028, 'colsample_bytree': 0.9082806195756036, 'subsample': 0.435729247292316, 'learning_rate': 0.006768846782883084, 'max_depth': 15, 'min_child_weight': 11, 'eval_metric': 'rmse'}. Best is trial 381 with value: 0.08744076668543482.
start listen on 192.168.1.101:34047
@tracker All of 1 nodes getting started
@tracker All nodes finishes job
Trial 409 finished with value: 0.0880206577814182 and parameters: {'objective': 'reg:squarederror', 'tree_method': 'gpu_hist', 'lambda': 0.25622908774415676, 'alpha': 0.151972521861456, 'colsample_bytree': 0.9136387750459704, 'subsample': 0.4157555011508111, 'learning_rate': 0.006955924198530038, 'max_depth': 15, 'min_child_weight': 11, 'eval_metric': 'rmse'}. Best is trial 381 with value: 0.08744076668543482.
start listen on 192.168.1.101:45817
@tracker All of 1 nodes getting started
@tracker All nodes finishes job
Trial 410 finished with value: 0.0876870697585957 and parameters: {'objective': 'reg:squarederror', 'tree_method': 'gpu_hist', 'lambda': 0.34586707293380436, 'alpha': 0.1862484724467512, 'colsample_bytree': 0.918634045547462, 'subsample': 0.4189050087828656, 'learning_rate': 0.0067724170875752415, 'max_depth': 15, 'min_child_weight': 10, 'eval_metric': 'rmse'}. Best is trial 381 with value: 0.08744076668543482.
start listen on 192.168.1.101:37783
@tracker All of 1 nodes getting started
@tracker All nodes finishes job
Trial 411 finished with value: 0.08746209266363783 and parameters: {'objective': 'reg:squarederror', 'tree_method': 'gpu_hist', 'lambda': 0.3152992700981484, 'alpha': 0.19877584334101853, 'colsample_bytree': 0.9173862347840337, 'subsample': 0.418144282129073, 'learning_rate': 0.006825279119365585, 'max_depth': 15, 'min_child_weight': 6, 'eval_metric': 'rmse'}. Best is trial 381 with value: 0.08744076668543482.
start listen on 192.168.1.101:50613
@tracker All of 1 nodes getting started
@tracker All nodes finishes job
Trial 412 finished with value: 0.08843934398822034 and parameters: {'objective': 'reg:squarederror', 'tree_method': 'gpu_hist', 'lambda': 0.2356552143079309, 'alpha': 0.1953270601722054, 'colsample_bytree': 0.9058786243476284, 'subsample': 0.4162032903784345, 'learning_rate': 0.0068231181572024685, 'max_depth': 15, 'min_child_weight': 2, 'eval_metric': 'rmse'}. Best is trial 381 with value: 0.08744076668543482.
start listen on 192.168.1.101:51285
@tracker All of 1 nodes getting started
@tracker All nodes finishes job
Trial 413 finished with value: 0.08832808137539824 and parameters: {'objective': 'reg:squarederror', 'tree_method': 'gpu_hist', 'lambda': 0.3027235064755124, 'alpha': 0.12464744392753065, 'colsample_bytree': 0.9127471820856923, 'subsample': 0.401349940728363, 'learning_rate': 0.008398299886668344, 'max_depth': 15, 'min_child_weight': 6, 'eval_metric': 'rmse'}. Best is trial 381 with value: 0.08744076668543482.
start listen on 192.168.1.101:32783
@tracker All of 1 nodes getting started
@tracker All nodes finishes job
