Trial 124 finished with value: 0.31995274837972815 and parameters: {'objective': 'reg:squarederror', 'tree_method': 'gpu_hist', 'lambda': 0.8603848005801459, 'alpha': 0.0039127465779975595, 'colsample_bytree': 0.7380169240995113, 'subsample': 0.6502214223133433, 'learning_rate': 0.002828369760307402, 'max_depth': 13, 'min_child_weight': 7, 'eval_metric': 'rmse'}. Best is trial 105 with value: 0.31638064993546494.
start listen on 192.168.1.101:54849
@tracker All of 1 nodes getting started
@tracker All nodes finishes job
Trial 125 finished with value: 0.3175917978053028 and parameters: {'objective': 'reg:squarederror', 'tree_method': 'gpu_hist', 'lambda': 1.2473288496535635, 'alpha': 0.0018880252128555168, 'colsample_bytree': 0.7374538392150926, 'subsample': 0.6474733244637407, 'learning_rate': 0.0028175285658523478, 'max_depth': 13, 'min_child_weight': 1, 'eval_metric': 'rmse'}. Best is trial 105 with value: 0.31638064993546494.
start listen on 192.168.1.101:44533
@tracker All of 1 nodes getting started
@tracker All nodes finishes job
Trial 126 finished with value: 0.31656199680267744 and parameters: {'objective': 'reg:squarederror', 'tree_method': 'gpu_hist', 'lambda': 1.4626733897345572, 'alpha': 0.0013147972123339216, 'colsample_bytree': 0.731680819051353, 'subsample': 0.6184424714844987, 'learning_rate': 0.003292336448816486, 'max_depth': 13, 'min_child_weight': 2, 'eval_metric': 'rmse'}. Best is trial 105 with value: 0.31638064993546494.
start listen on 192.168.1.101:39119
@tracker All of 1 nodes getting started
