Trial 83 finished with value: 0.3358220608764222 and parameters: {'objective': 'reg:squarederror', 'tree_method': 'gpu_hist', 'lambda': 0.008066648273462509, 'alpha': 4.654847036773133, 'colsample_bytree': 0.5503390624854587, 'subsample': 0.9144325989849803, 'learning_rate': 0.0020801879852860054, 'max_depth': 17, 'min_child_weight': 9, 'eval_metric': 'rmse'}. Best is trial 45 with value: 0.33202535993901416.
start listen on 192.168.1.101:53677
@tracker All of 1 nodes getting started
@tracker All nodes finishes job
Trial 84 finished with value: 0.3407657406519812 and parameters: {'objective': 'reg:squarederror', 'tree_method': 'gpu_hist', 'lambda': 0.006332106231871767, 'alpha': 8.715640846232096, 'colsample_bytree': 0.5687640790166719, 'subsample': 0.8899079366790866, 'learning_rate': 0.002040466897510187, 'max_depth': 9, 'min_child_weight': 8, 'eval_metric': 'rmse'}. Best is trial 45 with value: 0.33202535993901416.
start listen on 192.168.1.101:35829
@tracker All of 1 nodes getting started
@tracker All nodes finishes job
Trial 85 finished with value: 0.3444671677756566 and parameters: {'objective': 'reg:squarederror', 'tree_method': 'gpu_hist', 'lambda': 0.008313403729339875, 'alpha': 4.557821207169151, 'colsample_bytree': 0.5878123970693346, 'subsample': 0.9108403674355215, 'learning_rate': 0.0018423553082853102, 'max_depth': 11, 'min_child_weight': 9, 'eval_metric': 'rmse'}. Best is trial 45 with value: 0.33202535993901416.
start listen on 192.168.1.101:35551
@tracker All of 1 nodes getting started
@tracker All nodes finishes job
Trial 86 finished with value: 0.40277192098297293 and parameters: {'objective': 'reg:squarederror', 'tree_method': 'gpu_hist', 'lambda': 0.0031278448985608926, 'alpha': 6.291954128372551, 'colsample_bytree': 0.5513723037951552, 'subsample': 0.8607309179891164, 'learning_rate': 0.0013053124036625985, 'max_depth': 17, 'min_child_weight': 14, 'eval_metric': 'rmse'}. Best is trial 45 with value: 0.33202535993901416.
start listen on 192.168.1.101:46141
@tracker All of 1 nodes getting started
@tracker All nodes finishes job
Trial 87 finished with value: 0.3870671542170031 and parameters: {'objective': 'reg:squarederror', 'tree_method': 'gpu_hist', 'lambda': 0.005259102668378389, 'alpha': 0.00475094755965765, 'colsample_bytree': 0.6127580456030418, 'subsample': 0.9806660298447246, 'learning_rate': 0.002225156585990881, 'max_depth': 5, 'min_child_weight': 31, 'eval_metric': 'rmse'}. Best is trial 45 with value: 0.33202535993901416.
start listen on 192.168.1.101:53173
@tracker All of 1 nodes getting started
@tracker All nodes finishes job
Trial 88 finished with value: 0.3890277588387493 and parameters: {'objective': 'reg:squarederror', 'tree_method': 'gpu_hist', 'lambda': 0.027806681195071202, 'alpha': 0.10764871107934301, 'colsample_bytree': 0.45929264089490685, 'subsample': 0.8948165871139646, 'learning_rate': 0.0016450066485750913, 'max_depth': 20, 'min_child_weight': 2, 'eval_metric': 'rmse'}. Best is trial 45 with value: 0.33202535993901416.
start listen on 192.168.1.101:52339
@tracker All of 1 nodes getting started
@tracker All nodes finishes job
Trial 89 finished with value: 0.39610678733581445 and parameters: {'objective': 'reg:squarederror', 'tree_method': 'gpu_hist', 'lambda': 0.009402049850666075, 'alpha': 0.007595694823382205, 'colsample_bytree': 0.6827523743852744, 'subsample': 0.9135172967221217, 'learning_rate': 0.0022136847080865226, 'max_depth': 17, 'min_child_weight': 132, 'eval_metric': 'rmse'}. Best is trial 45 with value: 0.33202535993901416.
start listen on 192.168.1.101:54997
@tracker All of 1 nodes getting started
@tracker All nodes finishes job
Trial 90 finished with value: 0.3453242954721454 and parameters: {'objective': 'reg:squarederror', 'tree_method': 'gpu_hist', 'lambda': 0.004107579054226806, 'alpha': 0.02925270588576943, 'colsample_bytree': 0.7476742666431949, 'subsample': 0.9395692667678645, 'learning_rate': 0.002623760131181326, 'max_depth': 11, 'min_child_weight': 46, 'eval_metric': 'rmse'}. Best is trial 45 with value: 0.33202535993901416.
start listen on 192.168.1.101:54935
@tracker All of 1 nodes getting started
@tracker All nodes finishes job
Trial 91 finished with value: 0.33743930723474874 and parameters: {'objective': 'reg:squarederror', 'tree_method': 'gpu_hist', 'lambda': 0.016467331953430548, 'alpha': 4.047023151395427, 'colsample_bytree': 0.5350428118910162, 'subsample': 0.9604244276783526, 'learning_rate': 0.002933784585258255, 'max_depth': 17, 'min_child_weight': 19, 'eval_metric': 'rmse'}. Best is trial 45 with value: 0.33202535993901416.
start listen on 192.168.1.101:41271
@tracker All of 1 nodes getting started
@tracker All nodes finishes job
Trial 92 finished with value: 0.3341356568643315 and parameters: {'objective': 'reg:squarederror', 'tree_method': 'gpu_hist', 'lambda': 0.012181728394286155, 'alpha': 3.8948646636348037, 'colsample_bytree': 0.5458217370685915, 'subsample': 0.9200215174614654, 'learning_rate': 0.002999855178558368, 'max_depth': 17, 'min_child_weight': 15, 'eval_metric': 'rmse'}. Best is trial 45 with value: 0.33202535993901416.
start listen on 192.168.1.101:42849
@tracker All of 1 nodes getting started
@tracker All nodes finishes job
Trial 93 finished with value: 0.32264381348571963 and parameters: {'objective': 'reg:squarederror', 'tree_method': 'gpu_hist', 'lambda': 0.020736821686273443, 'alpha': 8.244714692957745, 'colsample_bytree': 0.6478138703598005, 'subsample': 0.9241564324662195, 'learning_rate': 0.0028776319346914317, 'max_depth': 17, 'min_child_weight': 12, 'eval_metric': 'rmse'}. Best is trial 93 with value: 0.32264381348571963.
start listen on 192.168.1.101:53533
@tracker All of 1 nodes getting started
@tracker All nodes finishes job
Trial 94 finished with value: 0.33792262386445354 and parameters: {'objective': 'reg:squarederror', 'tree_method': 'gpu_hist', 'lambda': 0.045973490189892746, 'alpha': 9.04270351651823, 'colsample_bytree': 0.660645505100038, 'subsample': 0.8771243163187153, 'learning_rate': 0.0018052440856532643, 'max_depth': 17, 'min_child_weight': 6, 'eval_metric': 'rmse'}. Best is trial 93 with value: 0.32264381348571963.
start listen on 192.168.1.101:41993
@tracker All of 1 nodes getting started
@tracker All nodes finishes job
Trial 95 finished with value: 0.32906612915669625 and parameters: {'objective': 'reg:squarederror', 'tree_method': 'gpu_hist', 'lambda': 0.02364885321343576, 'alpha': 0.005824041215501719, 'colsample_bytree': 0.6395736629669628, 'subsample': 0.91852022401314, 'learning_rate': 0.0021048315180374516, 'max_depth': 13, 'min_child_weight': 13, 'eval_metric': 'rmse'}. Best is trial 93 with value: 0.32264381348571963.
start listen on 192.168.1.101:48059
@tracker All of 1 nodes getting started
@tracker All nodes finishes job
Trial 96 finished with value: 0.3392787723373287 and parameters: {'objective': 'reg:squarederror', 'tree_method': 'gpu_hist', 'lambda': 0.02153906795689608, 'alpha': 0.011215390505689732, 'colsample_bytree': 0.6357901922903442, 'subsample': 0.8493251221350113, 'learning_rate': 0.0030187519522521253, 'max_depth': 13, 'min_child_weight': 33, 'eval_metric': 'rmse'}. Best is trial 93 with value: 0.32264381348571963.
start listen on 192.168.1.101:34783
@tracker All of 1 nodes getting started
@tracker All nodes finishes job
Trial 97 finished with value: 0.3267185428631646 and parameters: {'objective': 'reg:squarederror', 'tree_method': 'gpu_hist', 'lambda': 0.0611710365824367, 'alpha': 0.003872263798370193, 'colsample_bytree': 0.6508093599875007, 'subsample': 0.8283074193588912, 'learning_rate': 0.003830401124861393, 'max_depth': 13, 'min_child_weight': 14, 'eval_metric': 'rmse'}. Best is trial 93 with value: 0.32264381348571963.
start listen on 192.168.1.101:49543
@tracker All of 1 nodes getting started
@tracker All nodes finishes job
Trial 98 finished with value: 0.32759912353031434 and parameters: {'objective': 'reg:squarederror', 'tree_method': 'gpu_hist', 'lambda': 0.012733306810786934, 'alpha': 0.0035197828871544943, 'colsample_bytree': 0.7150873533589641, 'subsample': 0.7648637697309602, 'learning_rate': 0.0025527295864888264, 'max_depth': 13, 'min_child_weight': 15, 'eval_metric': 'rmse'}. Best is trial 93 with value: 0.32264381348571963.
start listen on 192.168.1.101:51079
@tracker All of 1 nodes getting started
@tracker All nodes finishes job
Trial 99 finished with value: 0.3268707440273638 and parameters: {'objective': 'reg:squarederror', 'tree_method': 'gpu_hist', 'lambda': 0.012994225281700968, 'alpha': 0.002477375484712585, 'colsample_bytree': 0.7097406754415423, 'subsample': 0.747660076148231, 'learning_rate': 0.0024933680305671783, 'max_depth': 13, 'min_child_weight': 14, 'eval_metric': 'rmse'}. Best is trial 93 with value: 0.32264381348571963.
start listen on 192.168.1.101:48045
@tracker All of 1 nodes getting started
@tracker All nodes finishes job
Trial 100 finished with value: 0.32753483694896723 and parameters: {'objective': 'reg:squarederror', 'tree_method': 'gpu_hist', 'lambda': 0.029439392817903802, 'alpha': 0.0010413296361928164, 'colsample_bytree': 0.7132931111670308, 'subsample': 0.756118156281655, 'learning_rate': 0.0025371788998257896, 'max_depth': 13, 'min_child_weight': 1, 'eval_metric': 'rmse'}. Best is trial 93 with value: 0.32264381348571963.
start listen on 192.168.1.101:59753
@tracker All of 1 nodes getting started
@tracker All nodes finishes job
Trial 101 finished with value: 0.3277738622535083 and parameters: {'objective': 'reg:squarederror', 'tree_method': 'gpu_hist', 'lambda': 0.03194123523809585, 'alpha': 0.0010401051618845044, 'colsample_bytree': 0.7088488308021991, 'subsample': 0.7474996755718217, 'learning_rate': 0.002558142989032968, 'max_depth': 13, 'min_child_weight': 15, 'eval_metric': 'rmse'}. Best is trial 93 with value: 0.32264381348571963.
start listen on 192.168.1.101:51789
@tracker All of 1 nodes getting started
@tracker All nodes finishes job
Trial 102 finished with value: 0.33747413225619544 and parameters: {'objective': 'reg:squarederror', 'tree_method': 'gpu_hist', 'lambda': 0.05931288145288432, 'alpha': 0.0010324133077424399, 'colsample_bytree': 0.7161055557529609, 'subsample': 0.7489735829592951, 'learning_rate': 0.002694608075019118, 'max_depth': 13, 'min_child_weight': 27, 'eval_metric': 'rmse'}. Best is trial 93 with value: 0.32264381348571963.
start listen on 192.168.1.101:34675
@tracker All of 1 nodes getting started
@tracker All nodes finishes job
Trial 103 finished with value: 0.32768954932451844 and parameters: {'objective': 'reg:squarederror', 'tree_method': 'gpu_hist', 'lambda': 0.01276011600304599, 'alpha': 0.0013258449228850846, 'colsample_bytree': 0.6995198885870103, 'subsample': 0.7652598881483271, 'learning_rate': 0.0023781357187892035, 'max_depth': 13, 'min_child_weight': 1, 'eval_metric': 'rmse'}. Best is trial 93 with value: 0.32264381348571963.
start listen on 192.168.1.101:52333
@tracker All of 1 nodes getting started
@tracker All nodes finishes job
Trial 104 finished with value: 0.3247924070944646 and parameters: {'objective': 'reg:squarederror', 'tree_method': 'gpu_hist', 'lambda': 0.02839838957082312, 'alpha': 0.002284211020528206, 'colsample_bytree': 0.6953044873383302, 'subsample': 0.7128253742382852, 'learning_rate': 0.0023997626578553402, 'max_depth': 13, 'min_child_weight': 2, 'eval_metric': 'rmse'}. Best is trial 93 with value: 0.32264381348571963.
start listen on 192.168.1.101:48219
@tracker All of 1 nodes getting started
@tracker All nodes finishes job
Trial 105 finished with value: 0.31638064993546494 and parameters: {'objective': 'reg:squarederror', 'tree_method': 'gpu_hist', 'lambda': 0.038629864711369206, 'alpha': 0.0013739233677146521, 'colsample_bytree': 0.7820067148407787, 'subsample': 0.717019294096086, 'learning_rate': 0.0025007819036671247, 'max_depth': 13, 'min_child_weight': 4, 'eval_metric': 'rmse'}. Best is trial 105 with value: 0.31638064993546494.
start listen on 192.168.1.101:42597
@tracker All of 1 nodes getting started
@tracker All nodes finishes job
Trial 106 finished with value: 0.3227047459586799 and parameters: {'objective': 'reg:squarederror', 'tree_method': 'gpu_hist', 'lambda': 0.03387930553874007, 'alpha': 0.0013215279279794022, 'colsample_bytree': 0.7052035936257768, 'subsample': 0.6929182469647295, 'learning_rate': 0.002457273208316753, 'max_depth': 13, 'min_child_weight': 3, 'eval_metric': 'rmse'}. Best is trial 105 with value: 0.31638064993546494.
start listen on 192.168.1.101:56857
@tracker All of 1 nodes getting started
@tracker All nodes finishes job
Trial 107 finished with value: 0.3194803158021947 and parameters: {'objective': 'reg:squarederror', 'tree_method': 'gpu_hist', 'lambda': 0.11729091959304284, 'alpha': 0.0014411769430697982, 'colsample_bytree': 0.7899781216088161, 'subsample': 0.6977935566361649, 'learning_rate': 0.0024370324426673407, 'max_depth': 13, 'min_child_weight': 2, 'eval_metric': 'rmse'}. Best is trial 105 with value: 0.31638064993546494.
start listen on 192.168.1.101:33301
@tracker All of 1 nodes getting started
@tracker All nodes finishes job
Trial 108 finished with value: 0.37484885253920364 and parameters: {'objective': 'reg:squarederror', 'tree_method': 'gpu_hist', 'lambda': 0.11090883663902423, 'alpha': 0.0014465755791428817, 'colsample_bytree': 0.7018402147583177, 'subsample': 0.6928443071524861, 'learning_rate': 0.001481045496984154, 'max_depth': 13, 'min_child_weight': 1, 'eval_metric': 'rmse'}. Best is trial 105 with value: 0.31638064993546494.
start listen on 192.168.1.101:39221
@tracker All of 1 nodes getting started
@tracker All nodes finishes job
Trial 109 finished with value: 0.3166176946838699 and parameters: {'objective': 'reg:squarederror', 'tree_method': 'gpu_hist', 'lambda': 0.13711729693943744, 'alpha': 0.0022543450458589165, 'colsample_bytree': 0.7937546268923922, 'subsample': 0.7124009326530047, 'learning_rate': 0.00247793912522241, 'max_depth': 13, 'min_child_weight': 5, 'eval_metric': 'rmse'}. Best is trial 105 with value: 0.31638064993546494.
start listen on 192.168.1.101:43815
@tracker All of 1 nodes getting started
@tracker All nodes finishes job
Trial 110 finished with value: 0.32137835426237943 and parameters: {'objective': 'reg:squarederror', 'tree_method': 'gpu_hist', 'lambda': 0.29078739391533764, 'alpha': 0.0021689784777066904, 'colsample_bytree': 0.7956120686718283, 'subsample': 0.7133350251874326, 'learning_rate': 0.0023722682326473435, 'max_depth': 13, 'min_child_weight': 1, 'eval_metric': 'rmse'}. Best is trial 105 with value: 0.31638064993546494.
start listen on 192.168.1.101:53871
@tracker All of 1 nodes getting started
@tracker All nodes finishes job
Trial 111 finished with value: 0.3209031845481425 and parameters: {'objective': 'reg:squarederror', 'tree_method': 'gpu_hist', 'lambda': 0.3683255883278701, 'alpha': 0.002155542076624264, 'colsample_bytree': 0.7822873718463574, 'subsample': 0.6655428952229616, 'learning_rate': 0.002386062127445503, 'max_depth': 13, 'min_child_weight': 1, 'eval_metric': 'rmse'}. Best is trial 105 with value: 0.31638064993546494.
start listen on 192.168.1.101:34947
@tracker All of 1 nodes getting started
@tracker All nodes finishes job
Trial 112 finished with value: 0.3448871682068875 and parameters: {'objective': 'reg:squarederror', 'tree_method': 'gpu_hist', 'lambda': 0.5930995952998105, 'alpha': 0.002012452583098267, 'colsample_bytree': 0.7824260603157934, 'subsample': 0.669191946231153, 'learning_rate': 0.0017356107019928055, 'max_depth': 13, 'min_child_weight': 5, 'eval_metric': 'rmse'}. Best is trial 105 with value: 0.31638064993546494.
start listen on 192.168.1.101:60341
@tracker All of 1 nodes getting started
@tracker All nodes finishes job
Trial 113 finished with value: 0.32033542190032144 and parameters: {'objective': 'reg:squarederror', 'tree_method': 'gpu_hist', 'lambda': 0.1943715534256695, 'alpha': 0.002512345343080466, 'colsample_bytree': 0.8420377668341782, 'subsample': 0.7183638979459787, 'learning_rate': 0.0022976174468897007, 'max_depth': 13, 'min_child_weight': 7, 'eval_metric': 'rmse'}. Best is trial 105 with value: 0.31638064993546494.
start listen on 192.168.1.101:44429
@tracker All of 1 nodes getting started
@tracker All nodes finishes job
Trial 114 finished with value: 0.4427473168672532 and parameters: {'objective': 'reg:squarederror', 'tree_method': 'gpu_hist', 'lambda': 0.18402575381074038, 'alpha': 0.002562564891321866, 'colsample_bytree': 0.8296608721313644, 'subsample': 0.7225446241659523, 'learning_rate': 0.00227525320569657, 'max_depth': 13, 'min_child_weight': 207, 'eval_metric': 'rmse'}. Best is trial 105 with value: 0.31638064993546494.
start listen on 192.168.1.101:47071
@tracker All of 1 nodes getting started
@tracker All nodes finishes job
Trial 115 finished with value: 0.33305361013396556 and parameters: {'objective': 'reg:squarederror', 'tree_method': 'gpu_hist', 'lambda': 0.15235333038236895, 'alpha': 0.001701873665793241, 'colsample_bytree': 0.8021667648231913, 'subsample': 0.7161914059307162, 'learning_rate': 0.0018764202327443775, 'max_depth': 13, 'min_child_weight': 6, 'eval_metric': 'rmse'}. Best is trial 105 with value: 0.31638064993546494.
start listen on 192.168.1.101:48329
@tracker All of 1 nodes getting started
@tracker All nodes finishes job
Trial 116 finished with value: 0.36053818793835307 and parameters: {'objective': 'reg:squarederror', 'tree_method': 'gpu_hist', 'lambda': 0.32362610852722534, 'alpha': 0.0019989985156144414, 'colsample_bytree': 0.8693139807133657, 'subsample': 0.6991758979807121, 'learning_rate': 0.001564371638916627, 'max_depth': 13, 'min_child_weight': 5, 'eval_metric': 'rmse'}. Best is trial 105 with value: 0.31638064993546494.
start listen on 192.168.1.101:58923
@tracker All of 1 nodes getting started
@tracker All nodes finishes job
Trial 117 finished with value: 0.3358702363412994 and parameters: {'objective': 'reg:squarederror', 'tree_method': 'gpu_hist', 'lambda': 0.23602535748014702, 'alpha': 0.0024803070616384888, 'colsample_bytree': 0.8242651872360256, 'subsample': 0.6351262766253517, 'learning_rate': 0.002460352082914742, 'max_depth': 13, 'min_child_weight': 26, 'eval_metric': 'rmse'}. Best is trial 105 with value: 0.31638064993546494.
start listen on 192.168.1.101:39453
@tracker All of 1 nodes getting started
@tracker All nodes finishes job
Trial 118 finished with value: 0.32438427467688263 and parameters: {'objective': 'reg:squarederror', 'tree_method': 'gpu_hist', 'lambda': 0.3919115574155855, 'alpha': 0.0029552124864261407, 'colsample_bytree': 0.7589684434133595, 'subsample': 0.6668011653156475, 'learning_rate': 0.0022161266435947505, 'max_depth': 13, 'min_child_weight': 1, 'eval_metric': 'rmse'}. Best is trial 105 with value: 0.31638064993546494.
start listen on 192.168.1.101:52459
@tracker All of 1 nodes getting started
@tracker All nodes finishes job
Trial 119 finished with value: 0.32661241252801987 and parameters: {'objective': 'reg:squarederror', 'tree_method': 'gpu_hist', 'lambda': 0.476152674221453, 'alpha': 0.003025596273709484, 'colsample_bytree': 0.7581152410723411, 'subsample': 0.6480557289179035, 'learning_rate': 0.002222750561826164, 'max_depth': 13, 'min_child_weight': 12, 'eval_metric': 'rmse'}. Best is trial 105 with value: 0.31638064993546494.
start listen on 192.168.1.101:42655
@tracker All of 1 nodes getting started
@tracker All nodes finishes job
Trial 120 finished with value: 0.40983681608010464 and parameters: {'objective': 'reg:squarederror', 'tree_method': 'gpu_hist', 'lambda': 0.40814711738222803, 'alpha': 0.0016282901522934083, 'colsample_bytree': 0.7882446919097256, 'subsample': 0.608571206891182, 'learning_rate': 0.0012897193962590951, 'max_depth': 13, 'min_child_weight': 7, 'eval_metric': 'rmse'}. Best is trial 105 with value: 0.31638064993546494.
start listen on 192.168.1.101:32989
@tracker All of 1 nodes getting started
@tracker All nodes finishes job
Trial 121 finished with value: 0.3323545371434815 and parameters: {'objective': 'reg:squarederror', 'tree_method': 'gpu_hist', 'lambda': 0.5623215377176075, 'alpha': 0.0032792616010616795, 'colsample_bytree': 0.7714305614044163, 'subsample': 0.6666217756377668, 'learning_rate': 0.002183896335414108, 'max_depth': 13, 'min_child_weight': 17, 'eval_metric': 'rmse'}. Best is trial 105 with value: 0.31638064993546494.
start listen on 192.168.1.101:48855
@tracker All of 1 nodes getting started
@tracker All nodes finishes job
Trial 122 finished with value: 0.3343067157059385 and parameters: {'objective': 'reg:squarederror', 'tree_method': 'gpu_hist', 'lambda': 0.1371416027259471, 'alpha': 0.0028324249782431463, 'colsample_bytree': 0.7584279554869645, 'subsample': 0.6842531926115084, 'learning_rate': 0.001936121382067452, 'max_depth': 13, 'min_child_weight': 12, 'eval_metric': 'rmse'}. Best is trial 105 with value: 0.31638064993546494.
start listen on 192.168.1.101:49969
@tracker All of 1 nodes getting started
@tracker All nodes finishes job
Trial 123 finished with value: 0.320904655201587 and parameters: {'objective': 'reg:squarederror', 'tree_method': 'gpu_hist', 'lambda': 0.43375243588243223, 'alpha': 0.0019091812893315867, 'colsample_bytree': 0.7373626860086347, 'subsample': 0.647550301923575, 'learning_rate': 0.002846991515230224, 'max_depth': 13, 'min_child_weight': 1, 'eval_metric': 'rmse'}. Best is trial 105 with value: 0.31638064993546494.
start listen on 192.168.1.101:60093
@tracker All of 1 nodes getting started
@tracker All nodes finishes job
