A new study created in RDB with name: jul_2021_test_1000_1
Start optimization.
start listen on 192.168.1.101:58075
@tracker All of 1 nodes getting started
@tracker All nodes finishes job
Trial 0 finished with value: 0.09755816789650076 and parameters: {'objective': 'reg:squarederror', 'tree_method': 'gpu_hist', 'lambda': 0.02263249711288581, 'alpha': 0.03338215486449967, 'colsample_bytree': 0.7774169224355922, 'subsample': 0.4563253200523855, 'learning_rate': 0.09296379448212864, 'max_depth': 9, 'min_child_weight': 13, 'eval_metric': 'rmse'}. Best is trial 0 with value: 0.09755816789650076.
start listen on 192.168.1.101:60201
@tracker All of 1 nodes getting started
@tracker All nodes finishes job
Trial 1 finished with value: 0.13813894528110904 and parameters: {'objective': 'reg:squarederror', 'tree_method': 'gpu_hist', 'lambda': 0.007495323685920592, 'alpha': 0.03599788843535369, 'colsample_bytree': 0.7645459479431662, 'subsample': 0.8760488901711679, 'learning_rate': 0.0063546608872152265, 'max_depth': 15, 'min_child_weight': 114, 'eval_metric': 'rmse'}. Best is trial 0 with value: 0.09755816789650076.
start listen on 192.168.1.101:49317
@tracker All of 1 nodes getting started
@tracker All nodes finishes job
Trial 2 finished with value: 0.1974445630379989 and parameters: {'objective': 'reg:squarederror', 'tree_method': 'gpu_hist', 'lambda': 0.0022186008252907024, 'alpha': 0.2770792790863294, 'colsample_bytree': 0.5688979556907507, 'subsample': 0.954334906758011, 'learning_rate': 0.0985105602350857, 'max_depth': 9, 'min_child_weight': 244, 'eval_metric': 'rmse'}. Best is trial 0 with value: 0.09755816789650076.
start listen on 192.168.1.101:33383
@tracker All of 1 nodes getting started
@tracker All nodes finishes job
Trial 3 finished with value: 0.3816317639224306 and parameters: {'objective': 'reg:squarederror', 'tree_method': 'gpu_hist', 'lambda': 0.016833633885892783, 'alpha': 0.4397671205055252, 'colsample_bytree': 0.3952920005412792, 'subsample': 0.6365269844243417, 'learning_rate': 0.004564347305734766, 'max_depth': 3, 'min_child_weight': 297, 'eval_metric': 'rmse'}. Best is trial 0 with value: 0.09755816789650076.
start listen on 192.168.1.101:47411
@tracker All of 1 nodes getting started
@tracker All nodes finishes job
Trial 4 finished with value: 0.3141409586611775 and parameters: {'objective': 'reg:squarederror', 'tree_method': 'gpu_hist', 'lambda': 0.033094801180086834, 'alpha': 0.2946923350285694, 'colsample_bytree': 0.9662702684138356, 'subsample': 0.6094248260588732, 'learning_rate': 0.02305705896151976, 'max_depth': 7, 'min_child_weight': 300, 'eval_metric': 'rmse'}. Best is trial 0 with value: 0.09755816789650076.
start listen on 192.168.1.101:54751
@tracker All of 1 nodes getting started
@tracker All nodes finishes job
Trial 5 finished with value: 0.3206665990506973 and parameters: {'objective': 'reg:squarederror', 'tree_method': 'gpu_hist', 'lambda': 0.020833009242823625, 'alpha': 0.010347333950168527, 'colsample_bytree': 0.41588408016156125, 'subsample': 0.6208608913778657, 'learning_rate': 0.01915559932902548, 'max_depth': 5, 'min_child_weight': 261, 'eval_metric': 'rmse'}. Best is trial 0 with value: 0.09755816789650076.
start listen on 192.168.1.101:54611
@tracker All of 1 nodes getting started
@tracker All nodes finishes job
Trial 6 finished with value: 0.3168078814550871 and parameters: {'objective': 'reg:squarederror', 'tree_method': 'gpu_hist', 'lambda': 0.10471790702162688, 'alpha': 5.909818772845744, 'colsample_bytree': 0.565498354147449, 'subsample': 0.5464880979000388, 'learning_rate': 0.020403131831817124, 'max_depth': 7, 'min_child_weight': 249, 'eval_metric': 'rmse'}. Best is trial 0 with value: 0.09755816789650076.
start listen on 192.168.1.101:56839
@tracker All of 1 nodes getting started
@tracker All nodes finishes job
Trial 7 finished with value: 0.24334856757182532 and parameters: {'objective': 'reg:squarederror', 'tree_method': 'gpu_hist', 'lambda': 0.011859144864671718, 'alpha': 0.33397055871421427, 'colsample_bytree': 0.677830628779955, 'subsample': 0.49125759591679297, 'learning_rate': 0.0027975664418173904, 'max_depth': 7, 'min_child_weight': 181, 'eval_metric': 'rmse'}. Best is trial 0 with value: 0.09755816789650076.
start listen on 192.168.1.101:56271
@tracker All of 1 nodes getting started
@tracker All nodes finishes job
Trial 8 finished with value: 0.2945104043365108 and parameters: {'objective': 'reg:squarederror', 'tree_method': 'gpu_hist', 'lambda': 0.03196914917590279, 'alpha': 0.0014242971324093918, 'colsample_bytree': 0.5820933098698773, 'subsample': 0.7746602448407618, 'learning_rate': 0.0013665745944642243, 'max_depth': 3, 'min_child_weight': 176, 'eval_metric': 'rmse'}. Best is trial 0 with value: 0.09755816789650076.
start listen on 192.168.1.101:43887
@tracker All of 1 nodes getting started
@tracker All nodes finishes job
Trial 9 finished with value: 0.10795764286187036 and parameters: {'objective': 'reg:squarederror', 'tree_method': 'gpu_hist', 'lambda': 0.770960720730361, 'alpha': 0.0015297986103953898, 'colsample_bytree': 0.9853443417366516, 'subsample': 0.42461317836186396, 'learning_rate': 0.08120240329488447, 'max_depth': 11, 'min_child_weight': 48, 'eval_metric': 'rmse'}. Best is trial 0 with value: 0.09755816789650076.
start listen on 192.168.1.101:46205
@tracker All of 1 nodes getting started
@tracker All nodes finishes job
Trial 10 finished with value: 0.09424691435708207 and parameters: {'objective': 'reg:squarederror', 'tree_method': 'gpu_hist', 'lambda': 3.4187183166758177, 'alpha': 0.013343431086901166, 'colsample_bytree': 0.8196227546221878, 'subsample': 0.4012491451804352, 'learning_rate': 0.045846944973926856, 'max_depth': 20, 'min_child_weight': 9, 'eval_metric': 'rmse'}. Best is trial 10 with value: 0.09424691435708207.
start listen on 192.168.1.101:37793
@tracker All of 1 nodes getting started
@tracker All nodes finishes job
Trial 11 finished with value: 0.09274260207706422 and parameters: {'objective': 'reg:squarederror', 'tree_method': 'gpu_hist', 'lambda': 6.65768184367266, 'alpha': 0.015584138938439991, 'colsample_bytree': 0.8412663070865307, 'subsample': 0.41697207500876476, 'learning_rate': 0.04874024343243788, 'max_depth': 20, 'min_child_weight': 1, 'eval_metric': 'rmse'}. Best is trial 11 with value: 0.09274260207706422.
start listen on 192.168.1.101:46865
@tracker All of 1 nodes getting started
@tracker All nodes finishes job
Trial 12 finished with value: 0.11136782494986143 and parameters: {'objective': 'reg:squarederror', 'tree_method': 'gpu_hist', 'lambda': 8.277281527734681, 'alpha': 0.008121552428155855, 'colsample_bytree': 0.8547330593441291, 'subsample': 0.41256231610101735, 'learning_rate': 0.040252152306351346, 'max_depth': 20, 'min_child_weight': 71, 'eval_metric': 'rmse'}. Best is trial 11 with value: 0.09274260207706422.
start listen on 192.168.1.101:43919
@tracker All of 1 nodes getting started
@tracker All nodes finishes job
Trial 13 finished with value: 0.091711898161204 and parameters: {'objective': 'reg:squarederror', 'tree_method': 'gpu_hist', 'lambda': 6.509815213769756, 'alpha': 0.007204193209737109, 'colsample_bytree': 0.8494083323598676, 'subsample': 0.7447338628448541, 'learning_rate': 0.030679032543579374, 'max_depth': 20, 'min_child_weight': 9, 'eval_metric': 'rmse'}. Best is trial 13 with value: 0.091711898161204.
start listen on 192.168.1.101:50347
@tracker All of 1 nodes getting started
@tracker All nodes finishes job
Trial 14 finished with value: 0.1064624855724661 and parameters: {'objective': 'reg:squarederror', 'tree_method': 'gpu_hist', 'lambda': 0.9248472878062736, 'alpha': 0.003870792601027606, 'colsample_bytree': 0.8966454596310452, 'subsample': 0.7592367583771988, 'learning_rate': 0.010222887325185264, 'max_depth': 20, 'min_child_weight': 84, 'eval_metric': 'rmse'}. Best is trial 13 with value: 0.091711898161204.
start listen on 192.168.1.101:57097
@tracker All of 1 nodes getting started
@tracker All nodes finishes job
Trial 15 finished with value: 0.09723359958328678 and parameters: {'objective': 'reg:squarederror', 'tree_method': 'gpu_hist', 'lambda': 0.9997617319975735, 'alpha': 0.05652236745509324, 'colsample_bytree': 0.7221349968228484, 'subsample': 0.7405283048081475, 'learning_rate': 0.0445987806632612, 'max_depth': 17, 'min_child_weight': 41, 'eval_metric': 'rmse'}. Best is trial 13 with value: 0.091711898161204.
start listen on 192.168.1.101:39105
@tracker All of 1 nodes getting started
@tracker All nodes finishes job
Trial 16 finished with value: 0.13491024721116837 and parameters: {'objective': 'reg:squarederror', 'tree_method': 'gpu_hist', 'lambda': 0.23891314564123076, 'alpha': 0.003994065458415847, 'colsample_bytree': 0.9085409888420413, 'subsample': 0.828686878531566, 'learning_rate': 0.012719887301603077, 'max_depth': 13, 'min_child_weight': 121, 'eval_metric': 'rmse'}. Best is trial 13 with value: 0.091711898161204.
start listen on 192.168.1.101:43581
@tracker All of 1 nodes getting started
@tracker All nodes finishes job
Trial 17 finished with value: 0.09052725515105131 and parameters: {'objective': 'reg:squarederror', 'tree_method': 'gpu_hist', 'lambda': 9.084741374332637, 'alpha': 1.9964147437493114, 'colsample_bytree': 0.636472921202301, 'subsample': 0.6881662892863396, 'learning_rate': 0.029277694005954417, 'max_depth': 20, 'min_child_weight': 10, 'eval_metric': 'rmse'}. Best is trial 17 with value: 0.09052725515105131.
start listen on 192.168.1.101:47233
@tracker All of 1 nodes getting started
@tracker All nodes finishes job
Trial 18 finished with value: 0.10308968968925811 and parameters: {'objective': 'reg:squarederror', 'tree_method': 'gpu_hist', 'lambda': 2.288327727181288, 'alpha': 5.903664258284673, 'colsample_bytree': 0.4579685735096116, 'subsample': 0.6859072584303832, 'learning_rate': 0.03035416675011348, 'max_depth': 20, 'min_child_weight': 45, 'eval_metric': 'rmse'}. Best is trial 17 with value: 0.09052725515105131.
start listen on 192.168.1.101:33327
@tracker All of 1 nodes getting started
@tracker All nodes finishes job
Trial 19 finished with value: 0.1322985538644854 and parameters: {'objective': 'reg:squarederror', 'tree_method': 'gpu_hist', 'lambda': 0.27045079699396607, 'alpha': 1.392833919051893, 'colsample_bytree': 0.6223955567808156, 'subsample': 0.8694563749187644, 'learning_rate': 0.013707784120607382, 'max_depth': 15, 'min_child_weight': 102, 'eval_metric': 'rmse'}. Best is trial 17 with value: 0.09052725515105131.
start listen on 192.168.1.101:58393
@tracker All of 1 nodes getting started
@tracker All nodes finishes job
Trial 20 finished with value: 0.1810237696436004 and parameters: {'objective': 'reg:squarederror', 'tree_method': 'gpu_hist', 'lambda': 2.9185337310628023, 'alpha': 1.6946464306176972, 'colsample_bytree': 0.511775125060695, 'subsample': 0.6869130040302409, 'learning_rate': 0.007662560293877358, 'max_depth': 5, 'min_child_weight': 156, 'eval_metric': 'rmse'}. Best is trial 17 with value: 0.09052725515105131.
start listen on 192.168.1.101:56271
@tracker All of 1 nodes getting started
@tracker All nodes finishes job
Trial 21 finished with value: 0.09257655007936498 and parameters: {'objective': 'reg:squarederror', 'tree_method': 'gpu_hist', 'lambda': 9.66906386345584, 'alpha': 0.11756058395190846, 'colsample_bytree': 0.6914986453771611, 'subsample': 0.5054368740568385, 'learning_rate': 0.059491217788636294, 'max_depth': 20, 'min_child_weight': 3, 'eval_metric': 'rmse'}. Best is trial 17 with value: 0.09052725515105131.
start listen on 192.168.1.101:52401
@tracker All of 1 nodes getting started
@tracker All nodes finishes job
Trial 22 finished with value: 0.0964131704594372 and parameters: {'objective': 'reg:squarederror', 'tree_method': 'gpu_hist', 'lambda': 9.064838327487266, 'alpha': 0.10585509412377588, 'colsample_bytree': 0.684039664395276, 'subsample': 0.5242017036845924, 'learning_rate': 0.05929861065522828, 'max_depth': 20, 'min_child_weight': 31, 'eval_metric': 'rmse'}. Best is trial 17 with value: 0.09052725515105131.
start listen on 192.168.1.101:49953
@tracker All of 1 nodes getting started
@tracker All nodes finishes job
Trial 23 finished with value: 0.12517416162091383 and parameters: {'objective': 'reg:squarederror', 'tree_method': 'gpu_hist', 'lambda': 3.7416105573941856, 'alpha': 1.6735164472414392, 'colsample_bytree': 0.3229462232102024, 'subsample': 0.5565097536566325, 'learning_rate': 0.03326287337233515, 'max_depth': 20, 'min_child_weight': 62, 'eval_metric': 'rmse'}. Best is trial 17 with value: 0.09052725515105131.
start listen on 192.168.1.101:51559
@tracker All of 1 nodes getting started
@tracker All nodes finishes job
Trial 24 finished with value: 0.09166721301647807 and parameters: {'objective': 'reg:squarederror', 'tree_method': 'gpu_hist', 'lambda': 1.7212052171514316, 'alpha': 0.13260707534278404, 'colsample_bytree': 0.7391939282467963, 'subsample': 0.8093365049399823, 'learning_rate': 0.027412051059990963, 'max_depth': 13, 'min_child_weight': 21, 'eval_metric': 'rmse'}. Best is trial 17 with value: 0.09052725515105131.
start listen on 192.168.1.101:42493
@tracker All of 1 nodes getting started
@tracker All nodes finishes job
Trial 25 finished with value: 0.0928341025787501 and parameters: {'objective': 'reg:squarederror', 'tree_method': 'gpu_hist', 'lambda': 1.5564866460177924, 'alpha': 0.6967705612681887, 'colsample_bytree': 0.632057872372395, 'subsample': 0.8089528070586107, 'learning_rate': 0.025544123084680025, 'max_depth': 13, 'min_child_weight': 28, 'eval_metric': 'rmse'}. Best is trial 17 with value: 0.09052725515105131.
start listen on 192.168.1.101:48393
@tracker All of 1 nodes getting started
@tracker All nodes finishes job
Trial 26 finished with value: 0.10516744732855046 and parameters: {'objective': 'reg:squarederror', 'tree_method': 'gpu_hist', 'lambda': 0.3035054058916644, 'alpha': 3.443027880644849, 'colsample_bytree': 0.7722192377850163, 'subsample': 0.9346975681748045, 'learning_rate': 0.01625088105816129, 'max_depth': 13, 'min_child_weight': 80, 'eval_metric': 'rmse'}. Best is trial 17 with value: 0.09052725515105131.
start listen on 192.168.1.101:38921
@tracker All of 1 nodes getting started
@tracker All nodes finishes job
Trial 27 finished with value: 0.092419728175 and parameters: {'objective': 'reg:squarederror', 'tree_method': 'gpu_hist', 'lambda': 0.5525237078722985, 'alpha': 0.18244060366142964, 'colsample_bytree': 0.7348870850305685, 'subsample': 0.7172095473926209, 'learning_rate': 0.027505966753024774, 'max_depth': 11, 'min_child_weight': 25, 'eval_metric': 'rmse'}. Best is trial 17 with value: 0.09052725515105131.
start listen on 192.168.1.101:38607
@tracker All of 1 nodes getting started
@tracker All nodes finishes job
Trial 28 finished with value: 0.09359965139028274 and parameters: {'objective': 'reg:squarederror', 'tree_method': 'gpu_hist', 'lambda': 5.02598128187661, 'alpha': 9.519991513668764, 'colsample_bytree': 0.9129684956013936, 'subsample': 0.8115311391753329, 'learning_rate': 0.011291577018842237, 'max_depth': 13, 'min_child_weight': 58, 'eval_metric': 'rmse'}. Best is trial 17 with value: 0.09052725515105131.
start listen on 192.168.1.101:53553
@tracker All of 1 nodes getting started
@tracker All nodes finishes job
Trial 29 finished with value: 0.09749906117150187 and parameters: {'objective': 'reg:squarederror', 'tree_method': 'gpu_hist', 'lambda': 1.8523514087504964, 'alpha': 0.024562684461952606, 'colsample_bytree': 0.804058145421172, 'subsample': 0.6553445807704579, 'learning_rate': 0.07748196118154695, 'max_depth': 17, 'min_child_weight': 22, 'eval_metric': 'rmse'}. Best is trial 17 with value: 0.09052725515105131.
start listen on 192.168.1.101:38479
@tracker All of 1 nodes getting started
@tracker All nodes finishes job
Trial 30 finished with value: 0.17855098091861193 and parameters: {'objective': 'reg:squarederror', 'tree_method': 'gpu_hist', 'lambda': 0.11654950852874342, 'alpha': 0.055795655423429014, 'colsample_bytree': 0.506847789946361, 'subsample': 0.9901801835350413, 'learning_rate': 0.03374955200213232, 'max_depth': 9, 'min_child_weight': 138, 'eval_metric': 'rmse'}. Best is trial 17 with value: 0.09052725515105131.
start listen on 192.168.1.101:57061
@tracker All of 1 nodes getting started
@tracker All nodes finishes job
Trial 31 finished with value: 0.09109813306370276 and parameters: {'objective': 'reg:squarederror', 'tree_method': 'gpu_hist', 'lambda': 0.5481310241576752, 'alpha': 0.13403118909891873, 'colsample_bytree': 0.7359639840035238, 'subsample': 0.7262500584215715, 'learning_rate': 0.0249689127039568, 'max_depth': 11, 'min_child_weight': 21, 'eval_metric': 'rmse'}. Best is trial 17 with value: 0.09052725515105131.
start listen on 192.168.1.101:46413
@tracker All of 1 nodes getting started
@tracker All nodes finishes job
Trial 32 finished with value: 0.08993182077321218 and parameters: {'objective': 'reg:squarederror', 'tree_method': 'gpu_hist', 'lambda': 1.6187291707483114, 'alpha': 0.633505768685314, 'colsample_bytree': 0.7326026286237884, 'subsample': 0.7243389050665445, 'learning_rate': 0.01668487757462767, 'max_depth': 11, 'min_child_weight': 15, 'eval_metric': 'rmse'}. Best is trial 32 with value: 0.08993182077321218.
start listen on 192.168.1.101:48087
@tracker All of 1 nodes getting started
@tracker All nodes finishes job
Trial 33 finished with value: 0.11961009037748349 and parameters: {'objective': 'reg:squarederror', 'tree_method': 'gpu_hist', 'lambda': 0.4714733499630408, 'alpha': 0.6473853103063084, 'colsample_bytree': 0.7337110722164384, 'subsample': 0.8630328974596514, 'learning_rate': 0.008045600282659247, 'max_depth': 11, 'min_child_weight': 86, 'eval_metric': 'rmse'}. Best is trial 32 with value: 0.08993182077321218.
start listen on 192.168.1.101:54157
@tracker All of 1 nodes getting started
@tracker All nodes finishes job
Trial 34 finished with value: 0.0923450220166303 and parameters: {'objective': 'reg:squarederror', 'tree_method': 'gpu_hist', 'lambda': 0.001128870119265373, 'alpha': 0.16471729261556434, 'colsample_bytree': 0.77674381610189, 'subsample': 0.7790763060257031, 'learning_rate': 0.0047886460158459015, 'max_depth': 11, 'min_child_weight': 40, 'eval_metric': 'rmse'}. Best is trial 32 with value: 0.08993182077321218.
start listen on 192.168.1.101:53413
@tracker All of 1 nodes getting started
@tracker All nodes finishes job
Trial 35 finished with value: 0.10043102419107408 and parameters: {'objective': 'reg:squarederror', 'tree_method': 'gpu_hist', 'lambda': 1.350924023340856, 'alpha': 0.973551519781495, 'colsample_bytree': 0.6369373028846012, 'subsample': 0.6622986528221001, 'learning_rate': 0.014781737516692263, 'max_depth': 11, 'min_child_weight': 60, 'eval_metric': 'rmse'}. Best is trial 32 with value: 0.08993182077321218.
start listen on 192.168.1.101:55095
@tracker All of 1 nodes getting started
@tracker All nodes finishes job
Trial 36 finished with value: 0.2491936231095243 and parameters: {'objective': 'reg:squarederror', 'tree_method': 'gpu_hist', 'lambda': 0.17002307067578903, 'alpha': 0.06582868636624094, 'colsample_bytree': 0.5994192840194568, 'subsample': 0.5883336638377368, 'learning_rate': 0.0189466947760553, 'max_depth': 11, 'min_child_weight': 211, 'eval_metric': 'rmse'}. Best is trial 32 with value: 0.08993182077321218.
start listen on 192.168.1.101:40559
@tracker All of 1 nodes getting started
@tracker All nodes finishes job
Trial 37 finished with value: 0.09035644568429026 and parameters: {'objective': 'reg:squarederror', 'tree_method': 'gpu_hist', 'lambda': 0.5557019751318322, 'alpha': 0.5161441029530164, 'colsample_bytree': 0.6662255488624508, 'subsample': 0.7007954443773192, 'learning_rate': 0.02089352051406134, 'max_depth': 9, 'min_child_weight': 21, 'eval_metric': 'rmse'}. Best is trial 32 with value: 0.08993182077321218.
start listen on 192.168.1.101:37377
@tracker All of 1 nodes getting started
@tracker All nodes finishes job
Trial 38 finished with value: 0.10333369327678589 and parameters: {'objective': 'reg:squarederror', 'tree_method': 'gpu_hist', 'lambda': 0.05657060706269617, 'alpha': 0.4964003017105002, 'colsample_bytree': 0.5315611644238613, 'subsample': 0.712247255238686, 'learning_rate': 0.016463664710563097, 'max_depth': 9, 'min_child_weight': 51, 'eval_metric': 'rmse'}. Best is trial 32 with value: 0.08993182077321218.
start listen on 192.168.1.101:41061
@tracker All of 1 nodes getting started
@tracker All nodes finishes job
Trial 39 finished with value: 0.13208624491363605 and parameters: {'objective': 'reg:squarederror', 'tree_method': 'gpu_hist', 'lambda': 0.5080683649909461, 'alpha': 0.30244791459299475, 'colsample_bytree': 0.6689057213569067, 'subsample': 0.5937435069932109, 'learning_rate': 0.02133486462009488, 'max_depth': 9, 'min_child_weight': 109, 'eval_metric': 'rmse'}. Best is trial 32 with value: 0.08993182077321218.
start listen on 192.168.1.101:40469
@tracker All of 1 nodes getting started
@tracker All nodes finishes job
Trial 40 finished with value: 0.09753371893455057 and parameters: {'objective': 'reg:squarederror', 'tree_method': 'gpu_hist', 'lambda': 0.7049948501236109, 'alpha': 3.2319938238375445, 'colsample_bytree': 0.7032030718157427, 'subsample': 0.6380230524038308, 'learning_rate': 0.00840190316063028, 'max_depth': 3, 'min_child_weight': 17, 'eval_metric': 'rmse'}. Best is trial 32 with value: 0.08993182077321218.
start listen on 192.168.1.101:54423
@tracker All of 1 nodes getting started
@tracker All nodes finishes job
