Trial 538 finished with value: 0.08784405747914198 and parameters: {'objective': 'reg:squarederror', 'tree_method': 'gpu_hist', 'lambda': 0.018465801018395053, 'alpha': 0.10073942527398133, 'colsample_bytree': 0.9074063412019134, 'subsample': 0.4002257296214085, 'learning_rate': 0.008386800703674495, 'max_depth': 9, 'min_child_weight': 6, 'eval_metric': 'rmse'}. Best is trial 381 with value: 0.08744076668543482.
start listen on 192.168.1.101:57181
@tracker All of 1 nodes getting started
@tracker All nodes finishes job
Trial 539 finished with value: 0.35292786817223437 and parameters: {'objective': 'reg:squarederror', 'tree_method': 'gpu_hist', 'lambda': 0.024392166467438865, 'alpha': 0.0749217005931563, 'colsample_bytree': 0.8755245931248735, 'subsample': 0.4122904836125757, 'learning_rate': 0.007874725624546842, 'max_depth': 9, 'min_child_weight': 254, 'eval_metric': 'rmse'}. Best is trial 381 with value: 0.08744076668543482.
start listen on 192.168.1.101:47629
@tracker All of 1 nodes getting started
@tracker All nodes finishes job
Trial 540 finished with value: 0.0882777398278976 and parameters: {'objective': 'reg:squarederror', 'tree_method': 'gpu_hist', 'lambda': 0.021719999571906547, 'alpha': 0.11149837765300918, 'colsample_bytree': 0.9131609039960064, 'subsample': 0.4216843387629293, 'learning_rate': 0.0074316762966698795, 'max_depth': 9, 'min_child_weight': 1, 'eval_metric': 'rmse'}. Best is trial 381 with value: 0.08744076668543482.
start listen on 192.168.1.101:50957
@tracker All of 1 nodes getting started
@tracker All nodes finishes job
Trial 541 finished with value: 0.08820309093274165 and parameters: {'objective': 'reg:squarederror', 'tree_method': 'gpu_hist', 'lambda': 0.019694437144739896, 'alpha': 0.08730558142644815, 'colsample_bytree': 0.8891574494696208, 'subsample': 0.412112437209316, 'learning_rate': 0.008747494635200288, 'max_depth': 9, 'min_child_weight': 13, 'eval_metric': 'rmse'}. Best is trial 381 with value: 0.08744076668543482.
start listen on 192.168.1.101:34861
@tracker All of 1 nodes getting started
@tracker All nodes finishes job
Trial 542 finished with value: 0.08879976445068641 and parameters: {'objective': 'reg:squarederror', 'tree_method': 'gpu_hist', 'lambda': 0.027204084544372457, 'alpha': 0.13635261240745775, 'colsample_bytree': 0.9174970500338222, 'subsample': 0.4237152763037086, 'learning_rate': 0.007132660218678722, 'max_depth': 9, 'min_child_weight': 21, 'eval_metric': 'rmse'}. Best is trial 381 with value: 0.08744076668543482.
start listen on 192.168.1.101:36421
@tracker All of 1 nodes getting started
@tracker All nodes finishes job
Trial 543 finished with value: 0.08780814957758294 and parameters: {'objective': 'reg:squarederror', 'tree_method': 'gpu_hist', 'lambda': 0.013300890116100706, 'alpha': 0.12000531181487407, 'colsample_bytree': 0.8341051815566131, 'subsample': 0.41294303104393326, 'learning_rate': 0.006482308074107332, 'max_depth': 9, 'min_child_weight': 6, 'eval_metric': 'rmse'}. Best is trial 381 with value: 0.08744076668543482.
start listen on 192.168.1.101:49707
@tracker All of 1 nodes getting started
@tracker All nodes finishes job
Trial 544 finished with value: 0.13672893099536645 and parameters: {'objective': 'reg:squarederror', 'tree_method': 'gpu_hist', 'lambda': 0.01238820205536754, 'alpha': 0.12097925248738699, 'colsample_bytree': 0.8576852840827314, 'subsample': 0.4101472620429127, 'learning_rate': 0.007348544263812294, 'max_depth': 9, 'min_child_weight': 90, 'eval_metric': 'rmse'}. Best is trial 381 with value: 0.08744076668543482.
start listen on 192.168.1.101:44839
@tracker All of 1 nodes getting started
@tracker All nodes finishes job
Trial 545 finished with value: 0.094997797176172 and parameters: {'objective': 'reg:squarederror', 'tree_method': 'gpu_hist', 'lambda': 0.0513620055708308, 'alpha': 0.1385600895079586, 'colsample_bytree': 0.9289232631377256, 'subsample': 0.4103885488510459, 'learning_rate': 0.09886318148025597, 'max_depth': 9, 'min_child_weight': 1, 'eval_metric': 'rmse'}. Best is trial 381 with value: 0.08744076668543482.
start listen on 192.168.1.101:46051
@tracker All of 1 nodes getting started
@tracker All nodes finishes job
Trial 546 finished with value: 0.08720962612705459 and parameters: {'objective': 'reg:squarederror', 'tree_method': 'gpu_hist', 'lambda': 0.05896050518040323, 'alpha': 0.10737394308872598, 'colsample_bytree': 0.8655387847693162, 'subsample': 0.42348246223736413, 'learning_rate': 0.006334397665289554, 'max_depth': 9, 'min_child_weight': 6, 'eval_metric': 'rmse'}. Best is trial 546 with value: 0.08720962612705459.
start listen on 192.168.1.101:59977
@tracker All of 1 nodes getting started
@tracker All nodes finishes job
Trial 547 finished with value: 0.08851721716391146 and parameters: {'objective': 'reg:squarederror', 'tree_method': 'gpu_hist', 'lambda': 0.04287085184532209, 'alpha': 4.787420747683773, 'colsample_bytree': 0.8760040167737497, 'subsample': 0.4282113896193438, 'learning_rate': 0.009304917586851327, 'max_depth': 9, 'min_child_weight': 6, 'eval_metric': 'rmse'}. Best is trial 546 with value: 0.08720962612705459.
start listen on 192.168.1.101:49121
@tracker All of 1 nodes getting started
@tracker All nodes finishes job
Trial 548 finished with value: 0.09194964338704115 and parameters: {'objective': 'reg:squarederror', 'tree_method': 'gpu_hist', 'lambda': 0.06041221036227265, 'alpha': 0.09690844010106896, 'colsample_bytree': 0.6177253199140607, 'subsample': 0.4012474899002355, 'learning_rate': 0.008079561275126792, 'max_depth': 9, 'min_child_weight': 15, 'eval_metric': 'rmse'}. Best is trial 546 with value: 0.08720962612705459.
start listen on 192.168.1.101:60333
@tracker All of 1 nodes getting started
@tracker All nodes finishes job
Trial 549 finished with value: 0.08787689306784141 and parameters: {'objective': 'reg:squarederror', 'tree_method': 'gpu_hist', 'lambda': 0.04804711968860373, 'alpha': 0.1671222670935494, 'colsample_bytree': 0.8486126742908235, 'subsample': 0.42276122201077965, 'learning_rate': 0.0062512105726000074, 'max_depth': 9, 'min_child_weight': 9, 'eval_metric': 'rmse'}. Best is trial 546 with value: 0.08720962612705459.
start listen on 192.168.1.101:44507
@tracker All of 1 nodes getting started
@tracker All nodes finishes job
Trial 550 finished with value: 0.0876004126932188 and parameters: {'objective': 'reg:squarederror', 'tree_method': 'gpu_hist', 'lambda': 0.06786475091707898, 'alpha': 0.570226943245347, 'colsample_bytree': 0.8657378963828279, 'subsample': 0.4341353229509361, 'learning_rate': 0.007030138674457701, 'max_depth': 9, 'min_child_weight': 7, 'eval_metric': 'rmse'}. Best is trial 546 with value: 0.08720962612705459.
start listen on 192.168.1.101:46787
@tracker All of 1 nodes getting started
@tracker All nodes finishes job
Trial 551 finished with value: 0.08924318277171614 and parameters: {'objective': 'reg:squarederror', 'tree_method': 'gpu_hist', 'lambda': 0.03453398934841313, 'alpha': 0.7421626933313447, 'colsample_bytree': 0.8103771070414924, 'subsample': 0.4365685138435648, 'learning_rate': 0.0060496756125902615, 'max_depth': 9, 'min_child_weight': 19, 'eval_metric': 'rmse'}. Best is trial 546 with value: 0.08720962612705459.
start listen on 192.168.1.101:36597
@tracker All of 1 nodes getting started
@tracker All nodes finishes job
Trial 552 finished with value: 0.31860904544555224 and parameters: {'objective': 'reg:squarederror', 'tree_method': 'gpu_hist', 'lambda': 0.07975257603428641, 'alpha': 0.6276337225355634, 'colsample_bytree': 0.8649055419945341, 'subsample': 0.40010141500303037, 'learning_rate': 0.006858929103856009, 'max_depth': 9, 'min_child_weight': 197, 'eval_metric': 'rmse'}. Best is trial 546 with value: 0.08720962612705459.
start listen on 192.168.1.101:48321
@tracker All of 1 nodes getting started
@tracker All nodes finishes job
Trial 553 finished with value: 0.09144173688342046 and parameters: {'objective': 'reg:squarederror', 'tree_method': 'gpu_hist', 'lambda': 0.0681585199367317, 'alpha': 2.091898667939696, 'colsample_bytree': 0.8499603965127532, 'subsample': 0.4332097745085933, 'learning_rate': 0.007713695501775577, 'max_depth': 9, 'min_child_weight': 27, 'eval_metric': 'rmse'}. Best is trial 546 with value: 0.08720962612705459.
start listen on 192.168.1.101:57119
@tracker All of 1 nodes getting started
@tracker All nodes finishes job
Trial 554 finished with value: 0.08818375452398439 and parameters: {'objective': 'reg:squarederror', 'tree_method': 'gpu_hist', 'lambda': 0.016917015002704365, 'alpha': 0.7879604381624555, 'colsample_bytree': 0.8702861471029838, 'subsample': 0.4188921475736735, 'learning_rate': 0.008290267795716995, 'max_depth': 9, 'min_child_weight': 12, 'eval_metric': 'rmse'}. Best is trial 546 with value: 0.08720962612705459.
start listen on 192.168.1.101:52915
@tracker All of 1 nodes getting started
@tracker All nodes finishes job
Trial 555 finished with value: 0.088354202405686 and parameters: {'objective': 'reg:squarederror', 'tree_method': 'gpu_hist', 'lambda': 0.05148114775048735, 'alpha': 0.4844290330678668, 'colsample_bytree': 0.8828178829345509, 'subsample': 0.43655408774426807, 'learning_rate': 0.006597380600365286, 'max_depth': 9, 'min_child_weight': 16, 'eval_metric': 'rmse'}. Best is trial 546 with value: 0.08720962612705459.
start listen on 192.168.1.101:51189
@tracker All of 1 nodes getting started
@tracker All nodes finishes job
Trial 556 finished with value: 0.0880807320366809 and parameters: {'objective': 'reg:squarederror', 'tree_method': 'gpu_hist', 'lambda': 0.06244443407850385, 'alpha': 0.36014405496990165, 'colsample_bytree': 0.8387805929873362, 'subsample': 0.4222550675904536, 'learning_rate': 0.007268310439081168, 'max_depth': 9, 'min_child_weight': 1, 'eval_metric': 'rmse'}. Best is trial 546 with value: 0.08720962612705459.
start listen on 192.168.1.101:49219
@tracker All of 1 nodes getting started
@tracker All nodes finishes job
Trial 557 finished with value: 0.08807055956344166 and parameters: {'objective': 'reg:squarederror', 'tree_method': 'gpu_hist', 'lambda': 0.02088757682116415, 'alpha': 0.10477042000904717, 'colsample_bytree': 0.8655544416700028, 'subsample': 0.41022661557227486, 'learning_rate': 0.0059425600820095245, 'max_depth': 9, 'min_child_weight': 9, 'eval_metric': 'rmse'}. Best is trial 546 with value: 0.08720962612705459.
start listen on 192.168.1.101:35207
@tracker All of 1 nodes getting started
@tracker All nodes finishes job
Trial 558 finished with value: 0.08770760160834931 and parameters: {'objective': 'reg:squarederror', 'tree_method': 'gpu_hist', 'lambda': 0.030608944041735253, 'alpha': 0.23773097039440183, 'colsample_bytree': 0.8316595955911306, 'subsample': 0.4329639236848958, 'learning_rate': 0.007581376476916236, 'max_depth': 9, 'min_child_weight': 6, 'eval_metric': 'rmse'}. Best is trial 546 with value: 0.08720962612705459.
start listen on 192.168.1.101:52975
@tracker All of 1 nodes getting started
@tracker All nodes finishes job
Trial 559 finished with value: 0.08855066988116954 and parameters: {'objective': 'reg:squarederror', 'tree_method': 'gpu_hist', 'lambda': 0.02694847321783992, 'alpha': 0.3038456320101283, 'colsample_bytree': 0.8554259838087962, 'subsample': 0.44412801107773214, 'learning_rate': 0.00922464379571319, 'max_depth': 9, 'min_child_weight': 13, 'eval_metric': 'rmse'}. Best is trial 546 with value: 0.08720962612705459.
start listen on 192.168.1.101:36039
@tracker All of 1 nodes getting started
@tracker All nodes finishes job
Trial 560 finished with value: 0.08999137771898486 and parameters: {'objective': 'reg:squarederror', 'tree_method': 'gpu_hist', 'lambda': 0.037328346499838246, 'alpha': 0.5165773329805378, 'colsample_bytree': 0.8255638856161991, 'subsample': 0.43444983976150986, 'learning_rate': 0.011152181928696003, 'max_depth': 9, 'min_child_weight': 23, 'eval_metric': 'rmse'}. Best is trial 546 with value: 0.08720962612705459.
start listen on 192.168.1.101:47567
@tracker All of 1 nodes getting started
@tracker All nodes finishes job
Trial 561 finished with value: 0.08790482355139631 and parameters: {'objective': 'reg:squarederror', 'tree_method': 'gpu_hist', 'lambda': 0.03120850057558218, 'alpha': 0.23062422480069775, 'colsample_bytree': 0.8461785228526972, 'subsample': 0.4155350116188052, 'learning_rate': 0.006622417853659936, 'max_depth': 9, 'min_child_weight': 6, 'eval_metric': 'rmse'}. Best is trial 546 with value: 0.08720962612705459.
start listen on 192.168.1.101:55631
@tracker All of 1 nodes getting started
@tracker All nodes finishes job
Trial 562 finished with value: 0.08792790467983537 and parameters: {'objective': 'reg:squarederror', 'tree_method': 'gpu_hist', 'lambda': 0.04127017625930161, 'alpha': 0.2707941474061435, 'colsample_bytree': 0.84297720643068, 'subsample': 0.45300972761591113, 'learning_rate': 0.00602135564045619, 'max_depth': 9, 'min_child_weight': 1, 'eval_metric': 'rmse'}. Best is trial 546 with value: 0.08720962612705459.
start listen on 192.168.1.101:40827
@tracker All of 1 nodes getting started
@tracker All nodes finishes job
Trial 563 finished with value: 0.08877130560122498 and parameters: {'objective': 'reg:squarederror', 'tree_method': 'gpu_hist', 'lambda': 0.030828613319737932, 'alpha': 0.08146003950207632, 'colsample_bytree': 0.8873944846836895, 'subsample': 0.42254161949623237, 'learning_rate': 0.008061439309706013, 'max_depth': 9, 'min_child_weight': 19, 'eval_metric': 'rmse'}. Best is trial 546 with value: 0.08720962612705459.
start listen on 192.168.1.101:52799
@tracker All of 1 nodes getting started
@tracker All nodes finishes job
Trial 564 finished with value: 0.08812405446226905 and parameters: {'objective': 'reg:squarederror', 'tree_method': 'gpu_hist', 'lambda': 0.023374942532711974, 'alpha': 0.38073563340498956, 'colsample_bytree': 0.8223372923546624, 'subsample': 0.40988888741140167, 'learning_rate': 0.0070209556820692316, 'max_depth': 9, 'min_child_weight': 11, 'eval_metric': 'rmse'}. Best is trial 546 with value: 0.08720962612705459.
start listen on 192.168.1.101:49027
@tracker All of 1 nodes getting started
@tracker All nodes finishes job
Trial 565 finished with value: 0.08850333598533586 and parameters: {'objective': 'reg:squarederror', 'tree_method': 'gpu_hist', 'lambda': 0.01586333065145136, 'alpha': 0.9984065043020766, 'colsample_bytree': 0.7916190788006111, 'subsample': 0.44004380471925936, 'learning_rate': 0.006680889417495621, 'max_depth': 9, 'min_child_weight': 15, 'eval_metric': 'rmse'}. Best is trial 546 with value: 0.08720962612705459.
start listen on 192.168.1.101:54455
@tracker All of 1 nodes getting started
@tracker All nodes finishes job
Trial 566 finished with value: 0.08766236299077645 and parameters: {'objective': 'reg:squarederror', 'tree_method': 'gpu_hist', 'lambda': 0.05571254543603644, 'alpha': 0.2061348284303231, 'colsample_bytree': 0.9092331636327178, 'subsample': 0.400568395104225, 'learning_rate': 0.007819614808330416, 'max_depth': 9, 'min_child_weight': 7, 'eval_metric': 'rmse'}. Best is trial 546 with value: 0.08720962612705459.
start listen on 192.168.1.101:43343
@tracker All of 1 nodes getting started
@tracker All nodes finishes job
Trial 567 finished with value: 0.09067735938392588 and parameters: {'objective': 'reg:squarederror', 'tree_method': 'gpu_hist', 'lambda': 0.043707723059212306, 'alpha': 0.2030974722469114, 'colsample_bytree': 0.86349879810357, 'subsample': 0.9991829680358717, 'learning_rate': 0.008939933699909641, 'max_depth': 9, 'min_child_weight': 1, 'eval_metric': 'rmse'}. Best is trial 546 with value: 0.08720962612705459.
start listen on 192.168.1.101:55099
@tracker All of 1 nodes getting started
@tracker All nodes finishes job
Trial 568 finished with value: 0.08790124753865741 and parameters: {'objective': 'reg:squarederror', 'tree_method': 'gpu_hist', 'lambda': 0.0507693073317233, 'alpha': 0.10892208411543994, 'colsample_bytree': 0.8791025571129706, 'subsample': 0.4287258554528124, 'learning_rate': 0.008195910960573472, 'max_depth': 9, 'min_child_weight': 7, 'eval_metric': 'rmse'}. Best is trial 546 with value: 0.08720962612705459.
start listen on 192.168.1.101:50381
@tracker All of 1 nodes getting started
@tracker All nodes finishes job
Trial 569 finished with value: 0.08761944577746929 and parameters: {'objective': 'reg:squarederror', 'tree_method': 'gpu_hist', 'lambda': 0.0583879681359245, 'alpha': 0.09062500412914165, 'colsample_bytree': 0.9008095982109513, 'subsample': 0.4186584703126296, 'learning_rate': 0.007484766854559612, 'max_depth': 9, 'min_child_weight': 6, 'eval_metric': 'rmse'}. Best is trial 546 with value: 0.08720962612705459.
start listen on 192.168.1.101:58097
@tracker All of 1 nodes getting started
@tracker All nodes finishes job
Trial 570 finished with value: 0.08846005986814807 and parameters: {'objective': 'reg:squarederror', 'tree_method': 'gpu_hist', 'lambda': 0.062151699509149436, 'alpha': 0.08953541767775648, 'colsample_bytree': 0.8702986851622004, 'subsample': 0.4473102180670683, 'learning_rate': 0.00890506618525009, 'max_depth': 9, 'min_child_weight': 1, 'eval_metric': 'rmse'}. Best is trial 546 with value: 0.08720962612705459.
start listen on 192.168.1.101:48719
@tracker All of 1 nodes getting started
@tracker All nodes finishes job
Trial 571 finished with value: 0.23036006239954754 and parameters: {'objective': 'reg:squarederror', 'tree_method': 'gpu_hist', 'lambda': 0.050035795648589676, 'alpha': 0.0951905994710469, 'colsample_bytree': 0.8896567936355365, 'subsample': 0.41072948496758993, 'learning_rate': 0.00820462488815181, 'max_depth': 9, 'min_child_weight': 160, 'eval_metric': 'rmse'}. Best is trial 546 with value: 0.08720962612705459.
start listen on 192.168.1.101:45647
@tracker All of 1 nodes getting started
@tracker All nodes finishes job
Trial 572 finished with value: 0.08999702332265452 and parameters: {'objective': 'reg:squarederror', 'tree_method': 'gpu_hist', 'lambda': 0.07739999223776897, 'alpha': 0.06402205441800676, 'colsample_bytree': 0.9040540385344216, 'subsample': 0.9237321961432008, 'learning_rate': 0.0075999281147131744, 'max_depth': 9, 'min_child_weight': 6, 'eval_metric': 'rmse'}. Best is trial 546 with value: 0.08720962612705459.
start listen on 192.168.1.101:42691
@tracker All of 1 nodes getting started
@tracker All nodes finishes job
Trial 573 finished with value: 0.08792508222446302 and parameters: {'objective': 'reg:squarederror', 'tree_method': 'gpu_hist', 'lambda': 0.057429758625424356, 'alpha': 0.12154597654042326, 'colsample_bytree': 0.8782908613326099, 'subsample': 0.40077934666318604, 'learning_rate': 0.009871677416849894, 'max_depth': 9, 'min_child_weight': 6, 'eval_metric': 'rmse'}. Best is trial 546 with value: 0.08720962612705459.
start listen on 192.168.1.101:45075
@tracker All of 1 nodes getting started
@tracker All nodes finishes job
Trial 574 finished with value: 0.08776485258144671 and parameters: {'objective': 'reg:squarederror', 'tree_method': 'gpu_hist', 'lambda': 0.04064013088234873, 'alpha': 0.06978802825468468, 'colsample_bytree': 0.9010245818361733, 'subsample': 0.42747838921566805, 'learning_rate': 0.007584472797657276, 'max_depth': 9, 'min_child_weight': 7, 'eval_metric': 'rmse'}. Best is trial 546 with value: 0.08720962612705459.
start listen on 192.168.1.101:36389
@tracker All of 1 nodes getting started
@tracker All nodes finishes job
Trial 575 finished with value: 0.08804288887229159 and parameters: {'objective': 'reg:squarederror', 'tree_method': 'gpu_hist', 'lambda': 0.0338746230772744, 'alpha': 0.06903867202236322, 'colsample_bytree': 0.8971751928143616, 'subsample': 0.43509229544737776, 'learning_rate': 0.008572148685684644, 'max_depth': 9, 'min_child_weight': 6, 'eval_metric': 'rmse'}. Best is trial 546 with value: 0.08720962612705459.
start listen on 192.168.1.101:33003
@tracker All of 1 nodes getting started
@tracker All nodes finishes job
Trial 576 finished with value: 0.08864536072816949 and parameters: {'objective': 'reg:squarederror', 'tree_method': 'gpu_hist', 'lambda': 0.0475276296477813, 'alpha': 0.14356181518714797, 'colsample_bytree': 0.8851880261263944, 'subsample': 0.4303094551261664, 'learning_rate': 0.009720765078676233, 'max_depth': 9, 'min_child_weight': 17, 'eval_metric': 'rmse'}. Best is trial 546 with value: 0.08720962612705459.
start listen on 192.168.1.101:53955
@tracker All of 1 nodes getting started
@tracker All nodes finishes job
Trial 577 finished with value: 0.08819636457076835 and parameters: {'objective': 'reg:squarederror', 'tree_method': 'gpu_hist', 'lambda': 0.03910239352634936, 'alpha': 0.08694929621630526, 'colsample_bytree': 0.8587487627175544, 'subsample': 0.4568888996132528, 'learning_rate': 0.0076800425970635815, 'max_depth': 9, 'min_child_weight': 11, 'eval_metric': 'rmse'}. Best is trial 546 with value: 0.08720962612705459.
start listen on 192.168.1.101:36237
@tracker All of 1 nodes getting started
@tracker All nodes finishes job
Trial 578 finished with value: 0.08881220219443281 and parameters: {'objective': 'reg:squarederror', 'tree_method': 'gpu_hist', 'lambda': 0.028002597894245196, 'alpha': 1.6555405347849934, 'colsample_bytree': 0.9052098335804102, 'subsample': 0.4462163215608694, 'learning_rate': 0.0075653295907267505, 'max_depth': 9, 'min_child_weight': 1, 'eval_metric': 'rmse'}. Best is trial 546 with value: 0.08720962612705459.
start listen on 192.168.1.101:47665
@tracker All of 1 nodes getting started
@tracker All nodes finishes job
Trial 579 finished with value: 0.08823677070645178 and parameters: {'objective': 'reg:squarederror', 'tree_method': 'gpu_hist', 'lambda': 0.05769775011072727, 'alpha': 0.10920918242400986, 'colsample_bytree': 0.8737489973171219, 'subsample': 0.42245678780080814, 'learning_rate': 0.008553370305718285, 'max_depth': 9, 'min_child_weight': 1, 'eval_metric': 'rmse'}. Best is trial 546 with value: 0.08720962612705459.
start listen on 192.168.1.101:41449
@tracker All of 1 nodes getting started
@tracker All nodes finishes job
