Trial 330 finished with value: 0.08801672325384334 and parameters: {'objective': 'reg:squarederror', 'tree_method': 'gpu_hist', 'lambda': 0.7919293773211123, 'alpha': 0.01545612045742787, 'colsample_bytree': 0.998458588961082, 'subsample': 0.6214778017205133, 'learning_rate': 0.005791828269530333, 'max_depth': 17, 'min_child_weight': 17, 'eval_metric': 'rmse'}. Best is trial 323 with value: 0.08793246917451533.
start listen on 192.168.1.101:38685
@tracker All of 1 nodes getting started
@tracker All nodes finishes job
Trial 331 finished with value: 0.08855755696537063 and parameters: {'objective': 'reg:squarederror', 'tree_method': 'gpu_hist', 'lambda': 0.8300055696685065, 'alpha': 0.015792509379736173, 'colsample_bytree': 0.9976208544643386, 'subsample': 0.619810230311144, 'learning_rate': 0.0059074596080594555, 'max_depth': 17, 'min_child_weight': 23, 'eval_metric': 'rmse'}. Best is trial 323 with value: 0.08793246917451533.
start listen on 192.168.1.101:58965
@tracker All of 1 nodes getting started
@tracker All nodes finishes job
Trial 332 finished with value: 0.08900145037372677 and parameters: {'objective': 'reg:squarederror', 'tree_method': 'gpu_hist', 'lambda': 0.2552584533408661, 'alpha': 0.02371332913779863, 'colsample_bytree': 0.9987373240630065, 'subsample': 0.9561752665829222, 'learning_rate': 0.005387386562167882, 'max_depth': 17, 'min_child_weight': 17, 'eval_metric': 'rmse'}. Best is trial 323 with value: 0.08793246917451533.
start listen on 192.168.1.101:35275
@tracker All of 1 nodes getting started
@tracker All nodes finishes job
Trial 333 finished with value: 0.08892204173635904 and parameters: {'objective': 'reg:squarederror', 'tree_method': 'gpu_hist', 'lambda': 1.0506315897011211, 'alpha': 0.03624512908167425, 'colsample_bytree': 0.9473184242708023, 'subsample': 0.6277669128069868, 'learning_rate': 0.005833337138487489, 'max_depth': 17, 'min_child_weight': 26, 'eval_metric': 'rmse'}. Best is trial 323 with value: 0.08793246917451533.
start listen on 192.168.1.101:37509
@tracker All of 1 nodes getting started
@tracker All nodes finishes job
Trial 334 finished with value: 0.09176305521262541 and parameters: {'objective': 'reg:squarederror', 'tree_method': 'gpu_hist', 'lambda': 0.7330525609643882, 'alpha': 0.02775935312052344, 'colsample_bytree': 0.9632120787490224, 'subsample': 0.608987483250779, 'learning_rate': 0.03436347390207754, 'max_depth': 17, 'min_child_weight': 16, 'eval_metric': 'rmse'}. Best is trial 323 with value: 0.08793246917451533.
start listen on 192.168.1.101:42089
@tracker All of 1 nodes getting started
@tracker All nodes finishes job
Trial 335 finished with value: 0.08833433632764583 and parameters: {'objective': 'reg:squarederror', 'tree_method': 'gpu_hist', 'lambda': 0.337110757928329, 'alpha': 0.016379436386324865, 'colsample_bytree': 0.9296379228113165, 'subsample': 0.581963653307607, 'learning_rate': 0.005144513558818295, 'max_depth': 17, 'min_child_weight': 6, 'eval_metric': 'rmse'}. Best is trial 323 with value: 0.08793246917451533.
start listen on 192.168.1.101:42205
@tracker All of 1 nodes getting started
@tracker All nodes finishes job
Trial 336 finished with value: 0.08799316667482641 and parameters: {'objective': 'reg:squarederror', 'tree_method': 'gpu_hist', 'lambda': 0.41588307998312796, 'alpha': 0.02080579821325955, 'colsample_bytree': 0.9852787871443729, 'subsample': 0.5447628841306846, 'learning_rate': 0.00603568699155697, 'max_depth': 17, 'min_child_weight': 12, 'eval_metric': 'rmse'}. Best is trial 323 with value: 0.08793246917451533.
start listen on 192.168.1.101:52363
@tracker All of 1 nodes getting started
@tracker All nodes finishes job
Trial 337 finished with value: 0.08849090759372927 and parameters: {'objective': 'reg:squarederror', 'tree_method': 'gpu_hist', 'lambda': 0.47398567173767026, 'alpha': 0.02019311245691134, 'colsample_bytree': 0.9865016428271366, 'subsample': 0.5423590750254538, 'learning_rate': 0.0061532835960801035, 'max_depth': 17, 'min_child_weight': 21, 'eval_metric': 'rmse'}. Best is trial 323 with value: 0.08793246917451533.
start listen on 192.168.1.101:50591
@tracker All of 1 nodes getting started
@tracker All nodes finishes job
Trial 338 finished with value: 0.09060380966321488 and parameters: {'objective': 'reg:squarederror', 'tree_method': 'gpu_hist', 'lambda': 1.3259095464895736, 'alpha': 0.024609947226434552, 'colsample_bytree': 0.9848019230315989, 'subsample': 0.5460693584234906, 'learning_rate': 0.00494629705822036, 'max_depth': 17, 'min_child_weight': 32, 'eval_metric': 'rmse'}. Best is trial 323 with value: 0.08793246917451533.
start listen on 192.168.1.101:42141
@tracker All of 1 nodes getting started
@tracker All nodes finishes job
Trial 339 finished with value: 0.08899897964571594 and parameters: {'objective': 'reg:squarederror', 'tree_method': 'gpu_hist', 'lambda': 0.6474935932321666, 'alpha': 0.013015528762909243, 'colsample_bytree': 0.9997935640572014, 'subsample': 0.5599184366557868, 'learning_rate': 0.004230766400937334, 'max_depth': 17, 'min_child_weight': 15, 'eval_metric': 'rmse'}. Best is trial 323 with value: 0.08793246917451533.
start listen on 192.168.1.101:44097
@tracker All of 1 nodes getting started
@tracker All nodes finishes job
Trial 340 finished with value: 0.08948983639836659 and parameters: {'objective': 'reg:squarederror', 'tree_method': 'gpu_hist', 'lambda': 0.8878264586950056, 'alpha': 0.03087592457622825, 'colsample_bytree': 0.9679696625754555, 'subsample': 0.5215241859952823, 'learning_rate': 0.005630468393943876, 'max_depth': 17, 'min_child_weight': 1, 'eval_metric': 'rmse'}. Best is trial 323 with value: 0.08793246917451533.
start listen on 192.168.1.101:33465
@tracker All of 1 nodes getting started
@tracker All nodes finishes job
Trial 341 finished with value: 0.09932341525628378 and parameters: {'objective': 'reg:squarederror', 'tree_method': 'gpu_hist', 'lambda': 1.7201711918258737, 'alpha': 0.01951031376907602, 'colsample_bytree': 0.9761771314137447, 'subsample': 0.5594108571154326, 'learning_rate': 0.0061094130818351855, 'max_depth': 3, 'min_child_weight': 13, 'eval_metric': 'rmse'}. Best is trial 323 with value: 0.08793246917451533.
start listen on 192.168.1.101:52377
@tracker All of 1 nodes getting started
@tracker All nodes finishes job
Trial 342 finished with value: 0.09886659310174667 and parameters: {'objective': 'reg:squarederror', 'tree_method': 'gpu_hist', 'lambda': 0.41144610403525095, 'alpha': 0.01577679478680654, 'colsample_bytree': 0.40289997752479767, 'subsample': 0.534147279234949, 'learning_rate': 0.005139414902681867, 'max_depth': 17, 'min_child_weight': 22, 'eval_metric': 'rmse'}. Best is trial 323 with value: 0.08793246917451533.
start listen on 192.168.1.101:33539
@tracker All of 1 nodes getting started
@tracker All nodes finishes job
Trial 343 finished with value: 0.08802222258734697 and parameters: {'objective': 'reg:squarederror', 'tree_method': 'gpu_hist', 'lambda': 0.5235444365351507, 'alpha': 0.04005139640458033, 'colsample_bytree': 0.9573183776193618, 'subsample': 0.5790505708109741, 'learning_rate': 0.004796981663141696, 'max_depth': 9, 'min_child_weight': 10, 'eval_metric': 'rmse'}. Best is trial 323 with value: 0.08793246917451533.
start listen on 192.168.1.101:51957
@tracker All of 1 nodes getting started
@tracker All nodes finishes job
Trial 344 finished with value: 0.08936368889638414 and parameters: {'objective': 'reg:squarederror', 'tree_method': 'gpu_hist', 'lambda': 0.7375901582900497, 'alpha': 0.04733758324063068, 'colsample_bytree': 0.9558624411764461, 'subsample': 0.5716567781542878, 'learning_rate': 0.004243889013725163, 'max_depth': 9, 'min_child_weight': 17, 'eval_metric': 'rmse'}. Best is trial 323 with value: 0.08793246917451533.
start listen on 192.168.1.101:48787
@tracker All of 1 nodes getting started
@tracker All nodes finishes job
Trial 345 finished with value: 0.08912140312698494 and parameters: {'objective': 'reg:squarederror', 'tree_method': 'gpu_hist', 'lambda': 1.042779071101165, 'alpha': 0.038467469245418294, 'colsample_bytree': 0.9610089520071582, 'subsample': 0.5818023474012639, 'learning_rate': 0.005522981842337579, 'max_depth': 9, 'min_child_weight': 27, 'eval_metric': 'rmse'}. Best is trial 323 with value: 0.08793246917451533.
start listen on 192.168.1.101:39591
@tracker All of 1 nodes getting started
@tracker All nodes finishes job
Trial 346 finished with value: 0.11912396256836594 and parameters: {'objective': 'reg:squarederror', 'tree_method': 'gpu_hist', 'lambda': 0.6121792717092585, 'alpha': 0.0245320153855606, 'colsample_bytree': 0.31202752084820407, 'subsample': 0.5465402072187289, 'learning_rate': 0.0046869585902577695, 'max_depth': 13, 'min_child_weight': 6, 'eval_metric': 'rmse'}. Best is trial 323 with value: 0.08793246917451533.
start listen on 192.168.1.101:49287
@tracker All of 1 nodes getting started
@tracker All nodes finishes job
Trial 347 finished with value: 0.08804889759391424 and parameters: {'objective': 'reg:squarederror', 'tree_method': 'gpu_hist', 'lambda': 0.41091499097493767, 'alpha': 0.029993846250772675, 'colsample_bytree': 0.9446792788742072, 'subsample': 0.5657826404055833, 'learning_rate': 0.0060312218852389896, 'max_depth': 15, 'min_child_weight': 12, 'eval_metric': 'rmse'}. Best is trial 323 with value: 0.08793246917451533.
start listen on 192.168.1.101:41993
@tracker All of 1 nodes getting started
@tracker All nodes finishes job
Trial 348 finished with value: 0.08834588899445951 and parameters: {'objective': 'reg:squarederror', 'tree_method': 'gpu_hist', 'lambda': 0.4205641139280365, 'alpha': 0.031176647084073215, 'colsample_bytree': 0.9444172309303676, 'subsample': 0.5627909014868289, 'learning_rate': 0.006176652323240907, 'max_depth': 15, 'min_child_weight': 20, 'eval_metric': 'rmse'}. Best is trial 323 with value: 0.08793246917451533.
start listen on 192.168.1.101:35133
@tracker All of 1 nodes getting started
@tracker All nodes finishes job
Trial 349 finished with value: 0.08807381714945617 and parameters: {'objective': 'reg:squarederror', 'tree_method': 'gpu_hist', 'lambda': 0.5186132447831824, 'alpha': 0.03766020261487609, 'colsample_bytree': 0.9384822543353705, 'subsample': 0.5944699183883472, 'learning_rate': 0.005821038234932706, 'max_depth': 15, 'min_child_weight': 7, 'eval_metric': 'rmse'}. Best is trial 323 with value: 0.08793246917451533.
start listen on 192.168.1.101:54413
@tracker All of 1 nodes getting started
@tracker All nodes finishes job
Trial 350 finished with value: 0.13468747714030846 and parameters: {'objective': 'reg:squarederror', 'tree_method': 'gpu_hist', 'lambda': 0.5151322447160033, 'alpha': 0.057767659372168774, 'colsample_bytree': 0.9267481269888945, 'subsample': 0.596647469423623, 'learning_rate': 0.0059897514036586635, 'max_depth': 15, 'min_child_weight': 115, 'eval_metric': 'rmse'}. Best is trial 323 with value: 0.08793246917451533.
start listen on 192.168.1.101:39219
@tracker All of 1 nodes getting started
@tracker All nodes finishes job
Trial 351 finished with value: 0.08917876963217837 and parameters: {'objective': 'reg:squarederror', 'tree_method': 'gpu_hist', 'lambda': 0.3880561807356037, 'alpha': 0.029185131775699664, 'colsample_bytree': 0.9444540875740512, 'subsample': 0.5892471518867475, 'learning_rate': 0.006257990295612046, 'max_depth': 15, 'min_child_weight': 1, 'eval_metric': 'rmse'}. Best is trial 323 with value: 0.08793246917451533.
start listen on 192.168.1.101:54151
@tracker All of 1 nodes getting started
@tracker All nodes finishes job
Trial 352 finished with value: 0.08798040160616864 and parameters: {'objective': 'reg:squarederror', 'tree_method': 'gpu_hist', 'lambda': 0.4691917255476323, 'alpha': 0.044856091388796586, 'colsample_bytree': 0.9681770444845359, 'subsample': 0.6173730858434998, 'learning_rate': 0.005626632383542271, 'max_depth': 15, 'min_child_weight': 7, 'eval_metric': 'rmse'}. Best is trial 323 with value: 0.08793246917451533.
start listen on 192.168.1.101:42535
@tracker All of 1 nodes getting started
@tracker All nodes finishes job
Trial 353 finished with value: 0.08827530580439831 and parameters: {'objective': 'reg:squarederror', 'tree_method': 'gpu_hist', 'lambda': 0.44925460651605614, 'alpha': 0.04227767050011705, 'colsample_bytree': 0.9398144638425658, 'subsample': 0.6201579925645265, 'learning_rate': 0.005603191865464862, 'max_depth': 15, 'min_child_weight': 7, 'eval_metric': 'rmse'}. Best is trial 323 with value: 0.08793246917451533.
start listen on 192.168.1.101:56863
@tracker All of 1 nodes getting started
@tracker All nodes finishes job
Trial 354 finished with value: 0.08902585031583822 and parameters: {'objective': 'reg:squarederror', 'tree_method': 'gpu_hist', 'lambda': 0.35954819993956344, 'alpha': 0.04569288088189181, 'colsample_bytree': 0.959389992797516, 'subsample': 0.5019882080318314, 'learning_rate': 0.0064882948612023945, 'max_depth': 15, 'min_child_weight': 1, 'eval_metric': 'rmse'}. Best is trial 323 with value: 0.08793246917451533.
start listen on 192.168.1.101:58971
@tracker All of 1 nodes getting started
@tracker All nodes finishes job
Trial 355 finished with value: 0.08829557722747657 and parameters: {'objective': 'reg:squarederror', 'tree_method': 'gpu_hist', 'lambda': 0.5247910202463303, 'alpha': 0.040148569324925346, 'colsample_bytree': 0.9685557273157849, 'subsample': 0.6309773008512595, 'learning_rate': 0.00582989627800483, 'max_depth': 15, 'min_child_weight': 7, 'eval_metric': 'rmse'}. Best is trial 323 with value: 0.08793246917451533.
start listen on 192.168.1.101:57223
@tracker All of 1 nodes getting started
@tracker All nodes finishes job
Trial 356 finished with value: 0.08797020483735368 and parameters: {'objective': 'reg:squarederror', 'tree_method': 'gpu_hist', 'lambda': 0.4450086879535247, 'alpha': 0.03071521925778541, 'colsample_bytree': 0.9472543770122144, 'subsample': 0.6111091157848253, 'learning_rate': 0.00541008384695543, 'max_depth': 15, 'min_child_weight': 13, 'eval_metric': 'rmse'}. Best is trial 323 with value: 0.08793246917451533.
start listen on 192.168.1.101:32951
@tracker All of 1 nodes getting started
@tracker All nodes finishes job
Trial 357 finished with value: 0.08800702732445996 and parameters: {'objective': 'reg:squarederror', 'tree_method': 'gpu_hist', 'lambda': 0.48160033042686773, 'alpha': 0.0361278649319695, 'colsample_bytree': 0.9263583317029984, 'subsample': 0.6163720924997161, 'learning_rate': 0.005838164681672156, 'max_depth': 15, 'min_child_weight': 18, 'eval_metric': 'rmse'}. Best is trial 323 with value: 0.08793246917451533.
start listen on 192.168.1.101:41853
@tracker All of 1 nodes getting started
@tracker All nodes finishes job
Trial 358 finished with value: 0.0894393571064582 and parameters: {'objective': 'reg:squarederror', 'tree_method': 'gpu_hist', 'lambda': 0.460168848920502, 'alpha': 0.05213154565612482, 'colsample_bytree': 0.92583700303266, 'subsample': 0.6171814168974715, 'learning_rate': 0.0067228422199688215, 'max_depth': 15, 'min_child_weight': 32, 'eval_metric': 'rmse'}. Best is trial 323 with value: 0.08793246917451533.
start listen on 192.168.1.101:41271
@tracker All of 1 nodes getting started
@tracker All nodes finishes job
Trial 359 finished with value: 0.08816832498510647 and parameters: {'objective': 'reg:squarederror', 'tree_method': 'gpu_hist', 'lambda': 0.44374049776005514, 'alpha': 0.0364283175952822, 'colsample_bytree': 0.936498486163621, 'subsample': 0.6081670438766701, 'learning_rate': 0.006071101132900915, 'max_depth': 15, 'min_child_weight': 19, 'eval_metric': 'rmse'}. Best is trial 323 with value: 0.08793246917451533.
start listen on 192.168.1.101:52699
@tracker All of 1 nodes getting started
@tracker All nodes finishes job
Trial 360 finished with value: 0.09832095804271006 and parameters: {'objective': 'reg:squarederror', 'tree_method': 'gpu_hist', 'lambda': 0.5065102087794152, 'alpha': 0.03281389778845518, 'colsample_bytree': 0.4369851896008858, 'subsample': 0.6276247639107562, 'learning_rate': 0.005604913310298922, 'max_depth': 15, 'min_child_weight': 26, 'eval_metric': 'rmse'}. Best is trial 323 with value: 0.08793246917451533.
start listen on 192.168.1.101:58873
@tracker All of 1 nodes getting started
@tracker All nodes finishes job
Trial 361 finished with value: 0.08801842882977806 and parameters: {'objective': 'reg:squarederror', 'tree_method': 'gpu_hist', 'lambda': 0.3654246911236009, 'alpha': 0.06878427399140216, 'colsample_bytree': 0.9224220306091617, 'subsample': 0.6136172969649536, 'learning_rate': 0.006070336595563045, 'max_depth': 15, 'min_child_weight': 16, 'eval_metric': 'rmse'}. Best is trial 323 with value: 0.08793246917451533.
start listen on 192.168.1.101:36827
@tracker All of 1 nodes getting started
@tracker All nodes finishes job
Trial 362 finished with value: 0.09103114103232886 and parameters: {'objective': 'reg:squarederror', 'tree_method': 'gpu_hist', 'lambda': 0.33103300604652885, 'alpha': 0.07409799190667647, 'colsample_bytree': 0.9257343955567844, 'subsample': 0.61717478123833, 'learning_rate': 0.006444735883971101, 'max_depth': 15, 'min_child_weight': 36, 'eval_metric': 'rmse'}. Best is trial 323 with value: 0.08793246917451533.
start listen on 192.168.1.101:39317
@tracker All of 1 nodes getting started
@tracker All nodes finishes job
Trial 363 finished with value: 0.08845475674053065 and parameters: {'objective': 'reg:squarederror', 'tree_method': 'gpu_hist', 'lambda': 0.3545835396009791, 'alpha': 0.04430673581623743, 'colsample_bytree': 0.9352862656712013, 'subsample': 0.6346577214863709, 'learning_rate': 0.006729872050338298, 'max_depth': 15, 'min_child_weight': 20, 'eval_metric': 'rmse'}. Best is trial 323 with value: 0.08793246917451533.
start listen on 192.168.1.101:50293
@tracker All of 1 nodes getting started
@tracker All nodes finishes job
Trial 364 finished with value: 0.08880436620552776 and parameters: {'objective': 'reg:squarederror', 'tree_method': 'gpu_hist', 'lambda': 0.39113959561926853, 'alpha': 0.08661914861812023, 'colsample_bytree': 0.9197976040408311, 'subsample': 0.6016889787358317, 'learning_rate': 0.006024116173618239, 'max_depth': 15, 'min_child_weight': 26, 'eval_metric': 'rmse'}. Best is trial 323 with value: 0.08793246917451533.
start listen on 192.168.1.101:51351
@tracker All of 1 nodes getting started
@tracker All nodes finishes job
Trial 365 finished with value: 0.08799614452822037 and parameters: {'objective': 'reg:squarederror', 'tree_method': 'gpu_hist', 'lambda': 0.5250649009798243, 'alpha': 0.06274641402699481, 'colsample_bytree': 0.9417017995245089, 'subsample': 0.6154063328359953, 'learning_rate': 0.005396977090032403, 'max_depth': 15, 'min_child_weight': 15, 'eval_metric': 'rmse'}. Best is trial 323 with value: 0.08793246917451533.
start listen on 192.168.1.101:50179
@tracker All of 1 nodes getting started
@tracker All nodes finishes job
Trial 366 finished with value: 0.08823254024455317 and parameters: {'objective': 'reg:squarederror', 'tree_method': 'gpu_hist', 'lambda': 0.5308996861795033, 'alpha': 0.10183234263897815, 'colsample_bytree': 0.9444466658817982, 'subsample': 0.6174481914070348, 'learning_rate': 0.005293251721686925, 'max_depth': 15, 'min_child_weight': 15, 'eval_metric': 'rmse'}. Best is trial 323 with value: 0.08793246917451533.
start listen on 192.168.1.101:47549
@tracker All of 1 nodes getting started
@tracker All nodes finishes job
Trial 367 finished with value: 0.08881041945716384 and parameters: {'objective': 'reg:squarederror', 'tree_method': 'gpu_hist', 'lambda': 0.5983212736524861, 'alpha': 0.0662860904466401, 'colsample_bytree': 0.9640765163619716, 'subsample': 0.6320171078469065, 'learning_rate': 0.00519171549624301, 'max_depth': 15, 'min_child_weight': 22, 'eval_metric': 'rmse'}. Best is trial 323 with value: 0.08793246917451533.
start listen on 192.168.1.101:37823
@tracker All of 1 nodes getting started
@tracker All nodes finishes job
Trial 368 finished with value: 0.0878280172838675 and parameters: {'objective': 'reg:squarederror', 'tree_method': 'gpu_hist', 'lambda': 0.45804963395529147, 'alpha': 0.05868282388447539, 'colsample_bytree': 0.9763163482155266, 'subsample': 0.6088088699075297, 'learning_rate': 0.006185333583613795, 'max_depth': 15, 'min_child_weight': 13, 'eval_metric': 'rmse'}. Best is trial 368 with value: 0.0878280172838675.
start listen on 192.168.1.101:40301
@tracker All of 1 nodes getting started
@tracker All nodes finishes job
Trial 369 finished with value: 0.08829770182828785 and parameters: {'objective': 'reg:squarederror', 'tree_method': 'gpu_hist', 'lambda': 0.5306864035558541, 'alpha': 0.0537955468239885, 'colsample_bytree': 0.9539902975269867, 'subsample': 0.6061237694325642, 'learning_rate': 0.006847100381930497, 'max_depth': 15, 'min_child_weight': 15, 'eval_metric': 'rmse'}. Best is trial 368 with value: 0.0878280172838675.
start listen on 192.168.1.101:51563
@tracker All of 1 nodes getting started
@tracker All nodes finishes job
Trial 370 finished with value: 0.08873520692422801 and parameters: {'objective': 'reg:squarederror', 'tree_method': 'gpu_hist', 'lambda': 0.7014458627078815, 'alpha': 0.056350045662145395, 'colsample_bytree': 0.9735746491131181, 'subsample': 0.5945572297342083, 'learning_rate': 0.00623574831890219, 'max_depth': 15, 'min_child_weight': 27, 'eval_metric': 'rmse'}. Best is trial 368 with value: 0.0878280172838675.
start listen on 192.168.1.101:36531
@tracker All of 1 nodes getting started
@tracker All nodes finishes job
Trial 371 finished with value: 0.08878387896619107 and parameters: {'objective': 'reg:squarederror', 'tree_method': 'gpu_hist', 'lambda': 0.4361913037856603, 'alpha': 0.07045962681607945, 'colsample_bytree': 0.944103682088741, 'subsample': 0.6097318044577523, 'learning_rate': 0.0071646117120387235, 'max_depth': 15, 'min_child_weight': 21, 'eval_metric': 'rmse'}. Best is trial 368 with value: 0.0878280172838675.
start listen on 192.168.1.101:57651
@tracker All of 1 nodes getting started
@tracker All nodes finishes job
