Trial 456 finished with value: 0.38509579117669007 and parameters: {'objective': 'reg:squarederror', 'tree_method': 'gpu_hist', 'lambda': 0.19294547641551876, 'alpha': 0.20661422428220783, 'colsample_bytree': 0.8919691408801298, 'subsample': 0.41405136172246954, 'learning_rate': 0.007300742573771533, 'max_depth': 15, 'min_child_weight': 278, 'eval_metric': 'rmse'}. Best is trial 381 with value: 0.08744076668543482.
start listen on 192.168.1.101:60357
@tracker All of 1 nodes getting started
@tracker All nodes finishes job
Trial 457 finished with value: 0.0877413838524919 and parameters: {'objective': 'reg:squarederror', 'tree_method': 'gpu_hist', 'lambda': 0.21810682408135773, 'alpha': 0.1689496381884307, 'colsample_bytree': 0.9204425582468065, 'subsample': 0.42478855036282537, 'learning_rate': 0.007108162354623889, 'max_depth': 15, 'min_child_weight': 6, 'eval_metric': 'rmse'}. Best is trial 381 with value: 0.08744076668543482.
start listen on 192.168.1.101:53471
@tracker All of 1 nodes getting started
@tracker All nodes finishes job
Trial 458 finished with value: 0.08848523630782791 and parameters: {'objective': 'reg:squarederror', 'tree_method': 'gpu_hist', 'lambda': 0.19949727543173365, 'alpha': 0.07261345982135933, 'colsample_bytree': 0.8688858755304721, 'subsample': 0.42474530190255927, 'learning_rate': 0.008823007999138873, 'max_depth': 15, 'min_child_weight': 6, 'eval_metric': 'rmse'}. Best is trial 381 with value: 0.08744076668543482.
start listen on 192.168.1.101:51759
@tracker All of 1 nodes getting started
@tracker All nodes finishes job
Trial 459 finished with value: 0.08827513411632322 and parameters: {'objective': 'reg:squarederror', 'tree_method': 'gpu_hist', 'lambda': 0.1338213573094771, 'alpha': 0.11187549770906337, 'colsample_bytree': 0.9022664425999548, 'subsample': 0.40924152202092573, 'learning_rate': 0.008147261984354085, 'max_depth': 15, 'min_child_weight': 6, 'eval_metric': 'rmse'}. Best is trial 381 with value: 0.08744076668543482.
start listen on 192.168.1.101:60435
@tracker All of 1 nodes getting started
@tracker All nodes finishes job
Trial 460 finished with value: 0.08797453661340784 and parameters: {'objective': 'reg:squarederror', 'tree_method': 'gpu_hist', 'lambda': 0.22081992994587932, 'alpha': 0.16282122104832417, 'colsample_bytree': 0.9250334857003052, 'subsample': 0.4242281429440338, 'learning_rate': 0.0075269100616767205, 'max_depth': 15, 'min_child_weight': 6, 'eval_metric': 'rmse'}. Best is trial 381 with value: 0.08744076668543482.
start listen on 192.168.1.101:47957
@tracker All of 1 nodes getting started
@tracker All nodes finishes job
Trial 461 finished with value: 0.09059467148237386 and parameters: {'objective': 'reg:squarederror', 'tree_method': 'gpu_hist', 'lambda': 0.17011524258362012, 'alpha': 0.0919092654753983, 'colsample_bytree': 0.9110750380186605, 'subsample': 0.43210410166686924, 'learning_rate': 0.006465092025248108, 'max_depth': 5, 'min_child_weight': 1, 'eval_metric': 'rmse'}. Best is trial 381 with value: 0.08744076668543482.
start listen on 192.168.1.101:47851
@tracker All of 1 nodes getting started
@tracker All nodes finishes job
Trial 462 finished with value: 0.0881687879360922 and parameters: {'objective': 'reg:squarederror', 'tree_method': 'gpu_hist', 'lambda': 0.20420754294187277, 'alpha': 0.23943921851008804, 'colsample_bytree': 0.8867735600482979, 'subsample': 0.410357862997762, 'learning_rate': 0.007087746404086407, 'max_depth': 15, 'min_child_weight': 13, 'eval_metric': 'rmse'}. Best is trial 381 with value: 0.08744076668543482.
start listen on 192.168.1.101:51231
@tracker All of 1 nodes getting started
@tracker All nodes finishes job
Trial 463 finished with value: 0.11696634629767298 and parameters: {'objective': 'reg:squarederror', 'tree_method': 'gpu_hist', 'lambda': 0.269985806303494, 'alpha': 0.13421318965861098, 'colsample_bytree': 0.9204102338969905, 'subsample': 0.40039199883175103, 'learning_rate': 0.008831934001320678, 'max_depth': 15, 'min_child_weight': 68, 'eval_metric': 'rmse'}. Best is trial 381 with value: 0.08744076668543482.
start listen on 192.168.1.101:49581
@tracker All of 1 nodes getting started
@tracker All nodes finishes job
Trial 464 finished with value: 0.08780981310268 and parameters: {'objective': 'reg:squarederror', 'tree_method': 'gpu_hist', 'lambda': 0.24715943146521208, 'alpha': 0.07859983621485238, 'colsample_bytree': 0.8989882016980173, 'subsample': 0.462026946836246, 'learning_rate': 0.006495435435842983, 'max_depth': 15, 'min_child_weight': 11, 'eval_metric': 'rmse'}. Best is trial 381 with value: 0.08744076668543482.
start listen on 192.168.1.101:48485
@tracker All of 1 nodes getting started
@tracker All nodes finishes job
Trial 465 finished with value: 0.08854584401764216 and parameters: {'objective': 'reg:squarederror', 'tree_method': 'gpu_hist', 'lambda': 0.24880308185215286, 'alpha': 0.07623945701531867, 'colsample_bytree': 0.9261515053243609, 'subsample': 0.4566989069364993, 'learning_rate': 0.006510422709186681, 'max_depth': 15, 'min_child_weight': 20, 'eval_metric': 'rmse'}. Best is trial 381 with value: 0.08744076668543482.
start listen on 192.168.1.101:60737
@tracker All of 1 nodes getting started
@tracker All nodes finishes job
Trial 466 finished with value: 0.3860850072433858 and parameters: {'objective': 'reg:squarederror', 'tree_method': 'gpu_hist', 'lambda': 0.24259266553749836, 'alpha': 0.08627209055908323, 'colsample_bytree': 0.9076080289695236, 'subsample': 0.44541396977937286, 'learning_rate': 0.006565654599465046, 'max_depth': 15, 'min_child_weight': 297, 'eval_metric': 'rmse'}. Best is trial 381 with value: 0.08744076668543482.
start listen on 192.168.1.101:33715
@tracker All of 1 nodes getting started
@tracker All nodes finishes job
Trial 467 finished with value: 0.08825662274090205 and parameters: {'objective': 'reg:squarederror', 'tree_method': 'gpu_hist', 'lambda': 0.28494766860330045, 'alpha': 0.29419932000062926, 'colsample_bytree': 0.898068331393239, 'subsample': 0.4230434863410754, 'learning_rate': 0.007934997208764462, 'max_depth': 15, 'min_child_weight': 12, 'eval_metric': 'rmse'}. Best is trial 381 with value: 0.08744076668543482.
start listen on 192.168.1.101:52175
@tracker All of 1 nodes getting started
@tracker All nodes finishes job
Trial 468 finished with value: 0.08873855831620557 and parameters: {'objective': 'reg:squarederror', 'tree_method': 'gpu_hist', 'lambda': 0.19117115454136646, 'alpha': 0.10571974252695636, 'colsample_bytree': 0.9259072315118113, 'subsample': 0.41504674583807566, 'learning_rate': 0.006556645778500491, 'max_depth': 15, 'min_child_weight': 1, 'eval_metric': 'rmse'}. Best is trial 381 with value: 0.08744076668543482.
start listen on 192.168.1.101:37835
@tracker All of 1 nodes getting started
@tracker All nodes finishes job
Trial 469 finished with value: 0.08838924133132703 and parameters: {'objective': 'reg:squarederror', 'tree_method': 'gpu_hist', 'lambda': 0.22700893200702885, 'alpha': 0.1578838064519615, 'colsample_bytree': 0.9101133388119195, 'subsample': 0.46179150326140284, 'learning_rate': 0.007426972364508243, 'max_depth': 15, 'min_child_weight': 17, 'eval_metric': 'rmse'}. Best is trial 381 with value: 0.08744076668543482.
start listen on 192.168.1.101:52471
@tracker All of 1 nodes getting started
@tracker All nodes finishes job
Trial 470 finished with value: 0.08810651605205047 and parameters: {'objective': 'reg:squarederror', 'tree_method': 'gpu_hist', 'lambda': 0.2640888018291741, 'alpha': 0.06852474347156476, 'colsample_bytree': 0.9305682438344972, 'subsample': 0.4323170305387388, 'learning_rate': 0.00815592348156795, 'max_depth': 15, 'min_child_weight': 11, 'eval_metric': 'rmse'}. Best is trial 381 with value: 0.08744076668543482.
start listen on 192.168.1.101:46771
@tracker All of 1 nodes getting started
@tracker All nodes finishes job
Trial 471 finished with value: 0.08879125309568256 and parameters: {'objective': 'reg:squarederror', 'tree_method': 'gpu_hist', 'lambda': 0.28053701754123406, 'alpha': 0.22793999985718583, 'colsample_bytree': 0.8873507259147203, 'subsample': 0.44544363774629137, 'learning_rate': 0.006967638923334207, 'max_depth': 15, 'min_child_weight': 22, 'eval_metric': 'rmse'}. Best is trial 381 with value: 0.08744076668543482.
start listen on 192.168.1.101:52605
@tracker All of 1 nodes getting started
@tracker All nodes finishes job
Trial 472 finished with value: 0.08774399754273435 and parameters: {'objective': 'reg:squarederror', 'tree_method': 'gpu_hist', 'lambda': 0.17388721352175285, 'alpha': 0.17213500005880653, 'colsample_bytree': 0.9186835461026407, 'subsample': 0.41790158923474763, 'learning_rate': 0.006385449669530014, 'max_depth': 15, 'min_child_weight': 6, 'eval_metric': 'rmse'}. Best is trial 381 with value: 0.08744076668543482.
start listen on 192.168.1.101:53031
@tracker All of 1 nodes getting started
@tracker All nodes finishes job
Trial 473 finished with value: 0.10064797876204397 and parameters: {'objective': 'reg:squarederror', 'tree_method': 'gpu_hist', 'lambda': 0.17021856116555126, 'alpha': 0.09883677350542953, 'colsample_bytree': 0.9000380794462175, 'subsample': 0.4101824782212168, 'learning_rate': 0.0064178605330886635, 'max_depth': 3, 'min_child_weight': 6, 'eval_metric': 'rmse'}. Best is trial 381 with value: 0.08744076668543482.
start listen on 192.168.1.101:33617
@tracker All of 1 nodes getting started
@tracker All nodes finishes job
Trial 474 finished with value: 0.08961974772264991 and parameters: {'objective': 'reg:squarederror', 'tree_method': 'gpu_hist', 'lambda': 0.17507815922716333, 'alpha': 0.17018670708974504, 'colsample_bytree': 0.9144495434448802, 'subsample': 0.4200048970085082, 'learning_rate': 0.010634191035269847, 'max_depth': 15, 'min_child_weight': 1, 'eval_metric': 'rmse'}. Best is trial 381 with value: 0.08744076668543482.
start listen on 192.168.1.101:38539
@tracker All of 1 nodes getting started
@tracker All nodes finishes job
Trial 475 finished with value: 0.08791435526932567 and parameters: {'objective': 'reg:squarederror', 'tree_method': 'gpu_hist', 'lambda': 0.11826140391374909, 'alpha': 0.0841813011072997, 'colsample_bytree': 0.897998045123385, 'subsample': 0.4236243494861816, 'learning_rate': 0.006473979763368634, 'max_depth': 15, 'min_child_weight': 13, 'eval_metric': 'rmse'}. Best is trial 381 with value: 0.08744076668543482.
start listen on 192.168.1.101:60843
@tracker All of 1 nodes getting started
@tracker All nodes finishes job
Trial 476 finished with value: 0.08801931739570365 and parameters: {'objective': 'reg:squarederror', 'tree_method': 'gpu_hist', 'lambda': 0.21650765680997464, 'alpha': 0.11503180331764885, 'colsample_bytree': 0.9199164022805857, 'subsample': 0.4092777948000066, 'learning_rate': 0.007725654146862908, 'max_depth': 15, 'min_child_weight': 6, 'eval_metric': 'rmse'}. Best is trial 381 with value: 0.08744076668543482.
start listen on 192.168.1.101:43479
@tracker All of 1 nodes getting started
@tracker All nodes finishes job
Trial 477 finished with value: 0.08877308062074714 and parameters: {'objective': 'reg:squarederror', 'tree_method': 'gpu_hist', 'lambda': 0.14464098502239361, 'alpha': 0.14541541769267058, 'colsample_bytree': 0.8799900767253518, 'subsample': 0.4795394301180566, 'learning_rate': 0.008591448285829927, 'max_depth': 15, 'min_child_weight': 16, 'eval_metric': 'rmse'}. Best is trial 381 with value: 0.08744076668543482.
start listen on 192.168.1.101:37411
@tracker All of 1 nodes getting started
@tracker All nodes finishes job
Trial 478 finished with value: 0.08791159167633003 and parameters: {'objective': 'reg:squarederror', 'tree_method': 'gpu_hist', 'lambda': 0.19523794742074235, 'alpha': 0.07872298949032264, 'colsample_bytree': 0.9273471075974831, 'subsample': 0.4301568253863386, 'learning_rate': 0.00720770305260811, 'max_depth': 13, 'min_child_weight': 10, 'eval_metric': 'rmse'}. Best is trial 381 with value: 0.08744076668543482.
start listen on 192.168.1.101:53307
@tracker All of 1 nodes getting started
@tracker All nodes finishes job
Trial 479 finished with value: 0.08878703405754303 and parameters: {'objective': 'reg:squarederror', 'tree_method': 'gpu_hist', 'lambda': 0.22979707499865942, 'alpha': 0.06178171783615116, 'colsample_bytree': 0.9047298986751049, 'subsample': 0.417250372612783, 'learning_rate': 0.006384794562996848, 'max_depth': 15, 'min_child_weight': 1, 'eval_metric': 'rmse'}. Best is trial 381 with value: 0.08744076668543482.
start listen on 192.168.1.101:47269
@tracker All of 1 nodes getting started
@tracker All nodes finishes job
Trial 480 finished with value: 0.10384265403650556 and parameters: {'objective': 'reg:squarederror', 'tree_method': 'gpu_hist', 'lambda': 0.16518805069636738, 'alpha': 0.11186458465301, 'colsample_bytree': 0.9157077077034194, 'subsample': 0.4054512345808151, 'learning_rate': 0.009252708318265522, 'max_depth': 15, 'min_child_weight': 52, 'eval_metric': 'rmse'}. Best is trial 381 with value: 0.08744076668543482.
start listen on 192.168.1.101:36165
@tracker All of 1 nodes getting started
@tracker All nodes finishes job
Trial 481 finished with value: 0.08880315152482039 and parameters: {'objective': 'reg:squarederror', 'tree_method': 'gpu_hist', 'lambda': 0.10364418276200442, 'alpha': 0.18025943315639487, 'colsample_bytree': 0.8889288131992988, 'subsample': 0.4295966514866077, 'learning_rate': 0.007518933651733755, 'max_depth': 15, 'min_child_weight': 21, 'eval_metric': 'rmse'}. Best is trial 381 with value: 0.08744076668543482.
start listen on 192.168.1.101:36139
@tracker All of 1 nodes getting started
@tracker All nodes finishes job
Trial 482 finished with value: 0.08787289892880458 and parameters: {'objective': 'reg:squarederror', 'tree_method': 'gpu_hist', 'lambda': 0.26904046085200856, 'alpha': 0.14519484029490887, 'colsample_bytree': 0.9292148406610885, 'subsample': 0.45181958572864933, 'learning_rate': 0.006385118546508916, 'max_depth': 15, 'min_child_weight': 12, 'eval_metric': 'rmse'}. Best is trial 381 with value: 0.08744076668543482.
start listen on 192.168.1.101:51289
@tracker All of 1 nodes getting started
@tracker All nodes finishes job
Trial 483 finished with value: 0.17471218716089063 and parameters: {'objective': 'reg:squarederror', 'tree_method': 'gpu_hist', 'lambda': 0.259586050809461, 'alpha': 0.14970361816964883, 'colsample_bytree': 0.9108556818094842, 'subsample': 0.4628141367810621, 'learning_rate': 0.0064526988901235875, 'max_depth': 15, 'min_child_weight': 134, 'eval_metric': 'rmse'}. Best is trial 381 with value: 0.08744076668543482.
start listen on 192.168.1.101:44749
@tracker All of 1 nodes getting started
@tracker All nodes finishes job
Trial 484 finished with value: 0.08794697477747351 and parameters: {'objective': 'reg:squarederror', 'tree_method': 'gpu_hist', 'lambda': 0.2235494100907688, 'alpha': 0.22088970069034486, 'colsample_bytree': 0.8982443085134751, 'subsample': 0.45023248890634354, 'learning_rate': 0.006279775435901866, 'max_depth': 15, 'min_child_weight': 6, 'eval_metric': 'rmse'}. Best is trial 381 with value: 0.08744076668543482.
start listen on 192.168.1.101:50747
@tracker All of 1 nodes getting started
@tracker All nodes finishes job
Trial 485 finished with value: 0.08975172970928222 and parameters: {'objective': 'reg:squarederror', 'tree_method': 'gpu_hist', 'lambda': 0.2835454991142409, 'alpha': 0.1707776991059323, 'colsample_bytree': 0.6587226364237408, 'subsample': 0.439241230646201, 'learning_rate': 0.006902679539964944, 'max_depth': 15, 'min_child_weight': 16, 'eval_metric': 'rmse'}. Best is trial 381 with value: 0.08744076668543482.
start listen on 192.168.1.101:36847
@tracker All of 1 nodes getting started
@tracker All nodes finishes job
Trial 486 finished with value: 0.08840410874935067 and parameters: {'objective': 'reg:squarederror', 'tree_method': 'gpu_hist', 'lambda': 0.1901370075512733, 'alpha': 0.12951558535712515, 'colsample_bytree': 0.859280681619049, 'subsample': 0.4189241312519815, 'learning_rate': 0.00804604100560197, 'max_depth': 15, 'min_child_weight': 6, 'eval_metric': 'rmse'}. Best is trial 381 with value: 0.08744076668543482.
start listen on 192.168.1.101:39769
@tracker All of 1 nodes getting started
@tracker All nodes finishes job
Trial 487 finished with value: 0.08778176659455486 and parameters: {'objective': 'reg:squarederror', 'tree_method': 'gpu_hist', 'lambda': 0.2847010127415473, 'alpha': 0.2877671518320818, 'colsample_bytree': 0.9268478342364683, 'subsample': 0.402400817297612, 'learning_rate': 0.006229504757621655, 'max_depth': 15, 'min_child_weight': 12, 'eval_metric': 'rmse'}. Best is trial 381 with value: 0.08744076668543482.
start listen on 192.168.1.101:43179
@tracker All of 1 nodes getting started
@tracker All nodes finishes job
Trial 488 finished with value: 0.08914995117064616 and parameters: {'objective': 'reg:squarederror', 'tree_method': 'gpu_hist', 'lambda': 0.3044426389500491, 'alpha': 0.33636009372056047, 'colsample_bytree': 0.9305699275820722, 'subsample': 0.4006557262810505, 'learning_rate': 0.006204461015654169, 'max_depth': 15, 'min_child_weight': 22, 'eval_metric': 'rmse'}. Best is trial 381 with value: 0.08744076668543482.
start listen on 192.168.1.101:48027
@tracker All of 1 nodes getting started
@tracker All nodes finishes job
Trial 489 finished with value: 0.09083027913677959 and parameters: {'objective': 'reg:squarederror', 'tree_method': 'gpu_hist', 'lambda': 0.2578191911220796, 'alpha': 0.09915595763062142, 'colsample_bytree': 0.936095170457379, 'subsample': 0.44984293744207593, 'learning_rate': 0.006312385945264916, 'max_depth': 5, 'min_child_weight': 15, 'eval_metric': 'rmse'}. Best is trial 381 with value: 0.08744076668543482.
start listen on 192.168.1.101:48649
@tracker All of 1 nodes getting started
@tracker All nodes finishes job
Trial 490 finished with value: 0.09179069206256521 and parameters: {'objective': 'reg:squarederror', 'tree_method': 'gpu_hist', 'lambda': 0.3008213605480926, 'alpha': 0.293042813097688, 'colsample_bytree': 0.5432292860957054, 'subsample': 0.4313107206270658, 'learning_rate': 0.006751542807596451, 'max_depth': 15, 'min_child_weight': 19, 'eval_metric': 'rmse'}. Best is trial 381 with value: 0.08744076668543482.
start listen on 192.168.1.101:51453
@tracker All of 1 nodes getting started
@tracker All nodes finishes job
Trial 491 finished with value: 0.08778146794373878 and parameters: {'objective': 'reg:squarederror', 'tree_method': 'gpu_hist', 'lambda': 0.2282795730154658, 'alpha': 0.25449462702947023, 'colsample_bytree': 0.9255601658679965, 'subsample': 0.4201594513215424, 'learning_rate': 0.006844261526734542, 'max_depth': 15, 'min_child_weight': 12, 'eval_metric': 'rmse'}. Best is trial 381 with value: 0.08744076668543482.
start listen on 192.168.1.101:52611
@tracker All of 1 nodes getting started
@tracker All nodes finishes job
Trial 492 finished with value: 0.3111185005804792 and parameters: {'objective': 'reg:squarederror', 'tree_method': 'gpu_hist', 'lambda': 0.1489307252341616, 'alpha': 0.23774879187041936, 'colsample_bytree': 0.8995587292105307, 'subsample': 0.4199733695908072, 'learning_rate': 0.007661792943813133, 'max_depth': 15, 'min_child_weight': 209, 'eval_metric': 'rmse'}. Best is trial 381 with value: 0.08744076668543482.
start listen on 192.168.1.101:37693
@tracker All of 1 nodes getting started
@tracker All nodes finishes job
Trial 493 finished with value: 0.08951719932047338 and parameters: {'objective': 'reg:squarederror', 'tree_method': 'gpu_hist', 'lambda': 0.22352634659394582, 'alpha': 0.2667104330686788, 'colsample_bytree': 0.8793411049266215, 'subsample': 0.4005059974360754, 'learning_rate': 0.008335905115272848, 'max_depth': 15, 'min_child_weight': 24, 'eval_metric': 'rmse'}. Best is trial 381 with value: 0.08744076668543482.
start listen on 192.168.1.101:50793
@tracker All of 1 nodes getting started
@tracker All nodes finishes job
Trial 494 finished with value: 0.08809766250889367 and parameters: {'objective': 'reg:squarederror', 'tree_method': 'gpu_hist', 'lambda': 0.16920892337061852, 'alpha': 0.3286582542088221, 'colsample_bytree': 0.9166241755810233, 'subsample': 0.43467630405031304, 'learning_rate': 0.006895774018527498, 'max_depth': 15, 'min_child_weight': 12, 'eval_metric': 'rmse'}. Best is trial 381 with value: 0.08744076668543482.
start listen on 192.168.1.101:54773
@tracker All of 1 nodes getting started
@tracker All nodes finishes job
Trial 495 finished with value: 0.08905023171841091 and parameters: {'objective': 'reg:squarederror', 'tree_method': 'gpu_hist', 'lambda': 0.126595661121828, 'alpha': 0.44447958202239146, 'colsample_bytree': 0.9360894657194008, 'subsample': 0.41741673232922644, 'learning_rate': 0.007086444246250494, 'max_depth': 15, 'min_child_weight': 1, 'eval_metric': 'rmse'}. Best is trial 381 with value: 0.08744076668543482.
start listen on 192.168.1.101:51541
@tracker All of 1 nodes getting started
@tracker All nodes finishes job
Trial 496 finished with value: 0.09663467423873383 and parameters: {'objective': 'reg:squarederror', 'tree_method': 'gpu_hist', 'lambda': 0.23146041166482878, 'alpha': 0.18436630914191765, 'colsample_bytree': 0.4749401775933464, 'subsample': 0.42568049590815654, 'learning_rate': 0.00621188321228212, 'max_depth': 15, 'min_child_weight': 17, 'eval_metric': 'rmse'}. Best is trial 381 with value: 0.08744076668543482.
start listen on 192.168.1.101:43687
@tracker All of 1 nodes getting started
@tracker All nodes finishes job
