Trial 166 finished with value: 0.0906313325990891 and parameters: {'objective': 'reg:squarederror', 'tree_method': 'gpu_hist', 'lambda': 0.004108461849449035, 'alpha': 0.005037324451576163, 'colsample_bytree': 0.9872809441461887, 'subsample': 0.6863058474542801, 'learning_rate': 0.008192614765432807, 'max_depth': 5, 'min_child_weight': 12, 'eval_metric': 'rmse'}. Best is trial 117 with value: 0.08827149456805923.
start listen on 192.168.1.101:42541
@tracker All of 1 nodes getting started
@tracker All nodes finishes job
Trial 167 finished with value: 0.09105067650207677 and parameters: {'objective': 'reg:squarederror', 'tree_method': 'gpu_hist', 'lambda': 0.024421174724507146, 'alpha': 0.0024605232373852877, 'colsample_bytree': 0.9382819341120388, 'subsample': 0.7021734867864449, 'learning_rate': 0.006354938538827616, 'max_depth': 17, 'min_child_weight': 38, 'eval_metric': 'rmse'}. Best is trial 117 with value: 0.08827149456805923.
start listen on 192.168.1.101:56959
@tracker All of 1 nodes getting started
@tracker All nodes finishes job
Trial 168 finished with value: 0.09102237320165012 and parameters: {'objective': 'reg:squarederror', 'tree_method': 'gpu_hist', 'lambda': 0.8767217619408759, 'alpha': 0.00196281048275976, 'colsample_bytree': 0.9982655040192805, 'subsample': 0.7995227286709478, 'learning_rate': 0.005237602361099492, 'max_depth': 17, 'min_child_weight': 1, 'eval_metric': 'rmse'}. Best is trial 117 with value: 0.08827149456805923.
start listen on 192.168.1.101:59539
@tracker All of 1 nodes getting started
@tracker All nodes finishes job
Trial 169 finished with value: 0.08866581476236271 and parameters: {'objective': 'reg:squarederror', 'tree_method': 'gpu_hist', 'lambda': 0.1739664830084705, 'alpha': 0.0065074857410939825, 'colsample_bytree': 0.904295085301442, 'subsample': 0.7516575861159197, 'learning_rate': 0.006524506559211606, 'max_depth': 20, 'min_child_weight': 19, 'eval_metric': 'rmse'}. Best is trial 117 with value: 0.08827149456805923.
start listen on 192.168.1.101:57823
@tracker All of 1 nodes getting started
@tracker All nodes finishes job
Trial 170 finished with value: 0.08942714023326352 and parameters: {'objective': 'reg:squarederror', 'tree_method': 'gpu_hist', 'lambda': 0.1774118884055544, 'alpha': 0.007320048644690635, 'colsample_bytree': 0.9015931986987411, 'subsample': 0.7813990671796521, 'learning_rate': 0.007376125889247033, 'max_depth': 20, 'min_child_weight': 28, 'eval_metric': 'rmse'}. Best is trial 117 with value: 0.08827149456805923.
start listen on 192.168.1.101:44423
@tracker All of 1 nodes getting started
@tracker All nodes finishes job
Trial 171 finished with value: 0.08856540518295737 and parameters: {'objective': 'reg:squarederror', 'tree_method': 'gpu_hist', 'lambda': 0.1377323037329553, 'alpha': 0.005623260760295982, 'colsample_bytree': 0.8895419996944444, 'subsample': 0.7576055086876375, 'learning_rate': 0.006584300086422033, 'max_depth': 20, 'min_child_weight': 19, 'eval_metric': 'rmse'}. Best is trial 117 with value: 0.08827149456805923.
start listen on 192.168.1.101:35207
@tracker All of 1 nodes getting started
@tracker All nodes finishes job
Trial 172 finished with value: 0.08853938326805288 and parameters: {'objective': 'reg:squarederror', 'tree_method': 'gpu_hist', 'lambda': 0.14198356388358538, 'alpha': 0.006130125302067462, 'colsample_bytree': 0.8873668066956203, 'subsample': 0.7436948091456653, 'learning_rate': 0.0057934987015055605, 'max_depth': 20, 'min_child_weight': 19, 'eval_metric': 'rmse'}. Best is trial 117 with value: 0.08827149456805923.
start listen on 192.168.1.101:39917
@tracker All of 1 nodes getting started
@tracker All nodes finishes job
Trial 173 finished with value: 0.08937121679184246 and parameters: {'objective': 'reg:squarederror', 'tree_method': 'gpu_hist', 'lambda': 0.1366537631729073, 'alpha': 0.005611677457577996, 'colsample_bytree': 0.874064110519386, 'subsample': 0.7382993099825024, 'learning_rate': 0.005741625064126859, 'max_depth': 20, 'min_child_weight': 6, 'eval_metric': 'rmse'}. Best is trial 117 with value: 0.08827149456805923.
start listen on 192.168.1.101:47801
@tracker All of 1 nodes getting started
@tracker All nodes finishes job
Trial 174 finished with value: 0.08920353106638002 and parameters: {'objective': 'reg:squarederror', 'tree_method': 'gpu_hist', 'lambda': 0.2246819976590736, 'alpha': 0.009881566722005219, 'colsample_bytree': 0.8876761625144052, 'subsample': 0.7671612477647075, 'learning_rate': 0.004824988623637134, 'max_depth': 20, 'min_child_weight': 24, 'eval_metric': 'rmse'}. Best is trial 117 with value: 0.08827149456805923.
start listen on 192.168.1.101:41403
@tracker All of 1 nodes getting started
@tracker All nodes finishes job
Trial 175 finished with value: 0.08922981046686182 and parameters: {'objective': 'reg:squarederror', 'tree_method': 'gpu_hist', 'lambda': 0.3400332612011283, 'alpha': 0.004959634153719664, 'colsample_bytree': 0.862633206350708, 'subsample': 0.7112760104954405, 'learning_rate': 0.00874694307256931, 'max_depth': 20, 'min_child_weight': 18, 'eval_metric': 'rmse'}. Best is trial 117 with value: 0.08827149456805923.
start listen on 192.168.1.101:47729
@tracker All of 1 nodes getting started
@tracker All nodes finishes job
Trial 176 finished with value: 0.08974491417215352 and parameters: {'objective': 'reg:squarederror', 'tree_method': 'gpu_hist', 'lambda': 0.2412317617473896, 'alpha': 0.006356699655644938, 'colsample_bytree': 0.9303318449827116, 'subsample': 0.7424984893068144, 'learning_rate': 0.007857981449714077, 'max_depth': 20, 'min_child_weight': 32, 'eval_metric': 'rmse'}. Best is trial 117 with value: 0.08827149456805923.
start listen on 192.168.1.101:57095
@tracker All of 1 nodes getting started
@tracker All nodes finishes job
Trial 177 finished with value: 0.08873836658922643 and parameters: {'objective': 'reg:squarederror', 'tree_method': 'gpu_hist', 'lambda': 0.0018561075078745313, 'alpha': 0.004210566927974292, 'colsample_bytree': 0.8926338511078916, 'subsample': 0.7531781698469135, 'learning_rate': 0.007088321760346419, 'max_depth': 11, 'min_child_weight': 11, 'eval_metric': 'rmse'}. Best is trial 117 with value: 0.08827149456805923.
start listen on 192.168.1.101:53999
@tracker All of 1 nodes getting started
@tracker All nodes finishes job
Trial 178 finished with value: 0.09121655340014778 and parameters: {'objective': 'reg:squarederror', 'tree_method': 'gpu_hist', 'lambda': 1.5669798428645012, 'alpha': 0.007967120405962133, 'colsample_bytree': 0.9180694005826164, 'subsample': 0.7808808900497494, 'learning_rate': 0.005757970597022072, 'max_depth': 20, 'min_child_weight': 41, 'eval_metric': 'rmse'}. Best is trial 117 with value: 0.08827149456805923.
start listen on 192.168.1.101:41089
@tracker All of 1 nodes getting started
@tracker All nodes finishes job
Trial 179 finished with value: 0.10012116325413717 and parameters: {'objective': 'reg:squarederror', 'tree_method': 'gpu_hist', 'lambda': 0.10429628901663986, 'alpha': 0.00352640994318754, 'colsample_bytree': 0.9529099725090997, 'subsample': 0.6938633396974506, 'learning_rate': 0.005249664440778173, 'max_depth': 3, 'min_child_weight': 6, 'eval_metric': 'rmse'}. Best is trial 117 with value: 0.08827149456805923.
start listen on 192.168.1.101:37567
@tracker All of 1 nodes getting started
@tracker All nodes finishes job
Trial 180 finished with value: 0.18360408496232794 and parameters: {'objective': 'reg:squarederror', 'tree_method': 'gpu_hist', 'lambda': 0.28462322707475635, 'alpha': 0.005438261995915718, 'colsample_bytree': 0.8488633589653496, 'subsample': 0.7217849711385397, 'learning_rate': 0.006199894622344925, 'max_depth': 17, 'min_child_weight': 191, 'eval_metric': 'rmse'}. Best is trial 117 with value: 0.08827149456805923.
start listen on 192.168.1.101:41923
@tracker All of 1 nodes getting started
@tracker All nodes finishes job
Trial 181 finished with value: 0.08863961491747116 and parameters: {'objective': 'reg:squarederror', 'tree_method': 'gpu_hist', 'lambda': 0.17707713220272076, 'alpha': 0.006674883188418406, 'colsample_bytree': 0.903058346546607, 'subsample': 0.7547338262752008, 'learning_rate': 0.006464643865108751, 'max_depth': 20, 'min_child_weight': 22, 'eval_metric': 'rmse'}. Best is trial 117 with value: 0.08827149456805923.
start listen on 192.168.1.101:51343
@tracker All of 1 nodes getting started
@tracker All nodes finishes job
Trial 182 finished with value: 0.08895712001897464 and parameters: {'objective': 'reg:squarederror', 'tree_method': 'gpu_hist', 'lambda': 0.132995635369169, 'alpha': 0.010298860748611117, 'colsample_bytree': 0.87375351884054, 'subsample': 0.7344767867919936, 'learning_rate': 0.006959608069386225, 'max_depth': 20, 'min_child_weight': 20, 'eval_metric': 'rmse'}. Best is trial 117 with value: 0.08827149456805923.
start listen on 192.168.1.101:56811
@tracker All of 1 nodes getting started
@tracker All nodes finishes job
Trial 183 finished with value: 0.089565640427183 and parameters: {'objective': 'reg:squarederror', 'tree_method': 'gpu_hist', 'lambda': 0.16124488732357653, 'alpha': 0.008616031762945274, 'colsample_bytree': 0.9043699936968868, 'subsample': 0.7687116313572332, 'learning_rate': 0.008203394857332397, 'max_depth': 20, 'min_child_weight': 26, 'eval_metric': 'rmse'}. Best is trial 117 with value: 0.08827149456805923.
start listen on 192.168.1.101:41969
@tracker All of 1 nodes getting started
@tracker All nodes finishes job
Trial 184 finished with value: 0.08850644526690392 and parameters: {'objective': 'reg:squarederror', 'tree_method': 'gpu_hist', 'lambda': 0.21232366320511795, 'alpha': 0.004716750431609046, 'colsample_bytree': 0.8840708933325031, 'subsample': 0.747943807341838, 'learning_rate': 0.005638880851961948, 'max_depth': 20, 'min_child_weight': 14, 'eval_metric': 'rmse'}. Best is trial 117 with value: 0.08827149456805923.
start listen on 192.168.1.101:46395
@tracker All of 1 nodes getting started
@tracker All nodes finishes job
Trial 185 finished with value: 0.08864311548391714 and parameters: {'objective': 'reg:squarederror', 'tree_method': 'gpu_hist', 'lambda': 0.19377651679673505, 'alpha': 0.0065927381168155805, 'colsample_bytree': 0.8799430372121301, 'subsample': 0.7380672941680286, 'learning_rate': 0.00599679909807659, 'max_depth': 20, 'min_child_weight': 11, 'eval_metric': 'rmse'}. Best is trial 117 with value: 0.08827149456805923.
start listen on 192.168.1.101:51669
@tracker All of 1 nodes getting started
@tracker All nodes finishes job
Trial 186 finished with value: 0.18057856102545322 and parameters: {'objective': 'reg:squarederror', 'tree_method': 'gpu_hist', 'lambda': 0.2957275057283605, 'alpha': 0.005758872931421923, 'colsample_bytree': 0.34949861121661846, 'subsample': 0.7365311431454564, 'learning_rate': 0.0019879134276655974, 'max_depth': 20, 'min_child_weight': 14, 'eval_metric': 'rmse'}. Best is trial 117 with value: 0.08827149456805923.
start listen on 192.168.1.101:50231
@tracker All of 1 nodes getting started
@tracker All nodes finishes job
Trial 187 finished with value: 0.08856770821592418 and parameters: {'objective': 'reg:squarederror', 'tree_method': 'gpu_hist', 'lambda': 0.20626976881448572, 'alpha': 0.004718920170417025, 'colsample_bytree': 0.8849101176485533, 'subsample': 0.7567717518725522, 'learning_rate': 0.005969107119673894, 'max_depth': 20, 'min_child_weight': 11, 'eval_metric': 'rmse'}. Best is trial 117 with value: 0.08827149456805923.
start listen on 192.168.1.101:39453
@tracker All of 1 nodes getting started
@tracker All nodes finishes job
Trial 188 finished with value: 0.08867706927501644 and parameters: {'objective': 'reg:squarederror', 'tree_method': 'gpu_hist', 'lambda': 0.5251163580749859, 'alpha': 0.004673917734709074, 'colsample_bytree': 0.9146991315997106, 'subsample': 0.7640243039068243, 'learning_rate': 0.004806683588950031, 'max_depth': 20, 'min_child_weight': 18, 'eval_metric': 'rmse'}. Best is trial 117 with value: 0.08827149456805923.
start listen on 192.168.1.101:57913
@tracker All of 1 nodes getting started
@tracker All nodes finishes job
Trial 189 finished with value: 0.0898047627736988 and parameters: {'objective': 'reg:squarederror', 'tree_method': 'gpu_hist', 'lambda': 0.3737459695771667, 'alpha': 0.004813682458652861, 'colsample_bytree': 0.8588155485254504, 'subsample': 0.7526647748689073, 'learning_rate': 0.00663498955771634, 'max_depth': 20, 'min_child_weight': 32, 'eval_metric': 'rmse'}. Best is trial 117 with value: 0.08827149456805923.
start listen on 192.168.1.101:46783
@tracker All of 1 nodes getting started
@tracker All nodes finishes job
Trial 190 finished with value: 0.09020472640627385 and parameters: {'objective': 'reg:squarederror', 'tree_method': 'gpu_hist', 'lambda': 0.21721140595982355, 'alpha': 0.0031704653905808714, 'colsample_bytree': 0.8916142025500674, 'subsample': 0.7735987660814119, 'learning_rate': 0.004347783151786009, 'max_depth': 20, 'min_child_weight': 5, 'eval_metric': 'rmse'}. Best is trial 117 with value: 0.08827149456805923.
start listen on 192.168.1.101:55055
@tracker All of 1 nodes getting started
@tracker All nodes finishes job
Trial 191 finished with value: 0.08864499587164026 and parameters: {'objective': 'reg:squarederror', 'tree_method': 'gpu_hist', 'lambda': 0.14945877915046302, 'alpha': 0.007056410239519289, 'colsample_bytree': 0.8841032382917203, 'subsample': 0.725038272191147, 'learning_rate': 0.005987644124629819, 'max_depth': 20, 'min_child_weight': 11, 'eval_metric': 'rmse'}. Best is trial 117 with value: 0.08827149456805923.
start listen on 192.168.1.101:57903
@tracker All of 1 nodes getting started
@tracker All nodes finishes job
Trial 192 finished with value: 0.08870239607967068 and parameters: {'objective': 'reg:squarederror', 'tree_method': 'gpu_hist', 'lambda': 0.24204188470537766, 'alpha': 0.006408264697789171, 'colsample_bytree': 0.8731018798223832, 'subsample': 0.7484116696737738, 'learning_rate': 0.005824361152046643, 'max_depth': 20, 'min_child_weight': 15, 'eval_metric': 'rmse'}. Best is trial 117 with value: 0.08827149456805923.
start listen on 192.168.1.101:37503
@tracker All of 1 nodes getting started
@tracker All nodes finishes job
Trial 193 finished with value: 0.08870612485610223 and parameters: {'objective': 'reg:squarederror', 'tree_method': 'gpu_hist', 'lambda': 0.19587041578452005, 'alpha': 0.005402596461737991, 'colsample_bytree': 0.9074589104930045, 'subsample': 0.7299432603437827, 'learning_rate': 0.007036746793370736, 'max_depth': 20, 'min_child_weight': 10, 'eval_metric': 'rmse'}. Best is trial 117 with value: 0.08827149456805923.
start listen on 192.168.1.101:55843
@tracker All of 1 nodes getting started
@tracker All nodes finishes job
Trial 194 finished with value: 0.08931125699568401 and parameters: {'objective': 'reg:squarederror', 'tree_method': 'gpu_hist', 'lambda': 0.1287491423183351, 'alpha': 0.004279253381889958, 'colsample_bytree': 0.9249571578295094, 'subsample': 0.740889331829926, 'learning_rate': 0.005397286027955533, 'max_depth': 20, 'min_child_weight': 26, 'eval_metric': 'rmse'}. Best is trial 117 with value: 0.08827149456805923.
start listen on 192.168.1.101:58917
@tracker All of 1 nodes getting started
@tracker All nodes finishes job
Trial 195 finished with value: 0.0885536454271013 and parameters: {'objective': 'reg:squarederror', 'tree_method': 'gpu_hist', 'lambda': 0.6744343080888903, 'alpha': 0.008204872846022199, 'colsample_bytree': 0.879667082118658, 'subsample': 0.7092174349407742, 'learning_rate': 0.007458914256010598, 'max_depth': 20, 'min_child_weight': 20, 'eval_metric': 'rmse'}. Best is trial 117 with value: 0.08827149456805923.
start listen on 192.168.1.101:42291
@tracker All of 1 nodes getting started
@tracker All nodes finishes job
Trial 196 finished with value: 0.08873613801607383 and parameters: {'objective': 'reg:squarederror', 'tree_method': 'gpu_hist', 'lambda': 0.48875346731201785, 'alpha': 0.01270381449784769, 'colsample_bytree': 0.9038002307158668, 'subsample': 0.7106433805972573, 'learning_rate': 0.007665231014863108, 'max_depth': 15, 'min_child_weight': 21, 'eval_metric': 'rmse'}. Best is trial 117 with value: 0.08827149456805923.
start listen on 192.168.1.101:41611
@tracker All of 1 nodes getting started
@tracker All nodes finishes job
Trial 197 finished with value: 0.08959242298468867 and parameters: {'objective': 'reg:squarederror', 'tree_method': 'gpu_hist', 'lambda': 0.9941240580471581, 'alpha': 0.00898101552341654, 'colsample_bytree': 0.8512428708944244, 'subsample': 0.7170499265733942, 'learning_rate': 0.006550631379396805, 'max_depth': 20, 'min_child_weight': 27, 'eval_metric': 'rmse'}. Best is trial 117 with value: 0.08827149456805923.
start listen on 192.168.1.101:47395
@tracker All of 1 nodes getting started
@tracker All nodes finishes job
Trial 198 finished with value: 0.08991896551489664 and parameters: {'objective': 'reg:squarederror', 'tree_method': 'gpu_hist', 'lambda': 0.664397670606194, 'alpha': 0.0034399717600956466, 'colsample_bytree': 0.9378754396321625, 'subsample': 0.7584903166717105, 'learning_rate': 0.007741405969954475, 'max_depth': 13, 'min_child_weight': 36, 'eval_metric': 'rmse'}. Best is trial 117 with value: 0.08827149456805923.
start listen on 192.168.1.101:40787
@tracker All of 1 nodes getting started
@tracker All nodes finishes job
Trial 199 finished with value: 0.08903801989676968 and parameters: {'objective': 'reg:squarederror', 'tree_method': 'gpu_hist', 'lambda': 0.003415620074407011, 'alpha': 0.00821749329512254, 'colsample_bytree': 0.8844334197436554, 'subsample': 0.6987870251306982, 'learning_rate': 0.008819361774971139, 'max_depth': 17, 'min_child_weight': 18, 'eval_metric': 'rmse'}. Best is trial 117 with value: 0.08827149456805923.
start listen on 192.168.1.101:48411
@tracker All of 1 nodes getting started
@tracker All nodes finishes job
Trial 200 finished with value: 0.08960302983437714 and parameters: {'objective': 'reg:squarederror', 'tree_method': 'gpu_hist', 'lambda': 1.2005982391213237, 'alpha': 0.002730390903497932, 'colsample_bytree': 0.8649277117827258, 'subsample': 0.7789943455672654, 'learning_rate': 0.007094070537747368, 'max_depth': 20, 'min_child_weight': 3, 'eval_metric': 'rmse'}. Best is trial 117 with value: 0.08827149456805923.
start listen on 192.168.1.101:44317
@tracker All of 1 nodes getting started
@tracker All nodes finishes job
Trial 201 finished with value: 0.08833002454441151 and parameters: {'objective': 'reg:squarederror', 'tree_method': 'gpu_hist', 'lambda': 0.3300968296433057, 'alpha': 0.006220060936628174, 'colsample_bytree': 0.8922064780563345, 'subsample': 0.7419395543827257, 'learning_rate': 0.006027594018756378, 'max_depth': 20, 'min_child_weight': 12, 'eval_metric': 'rmse'}. Best is trial 117 with value: 0.08827149456805923.
start listen on 192.168.1.101:41321
@tracker All of 1 nodes getting started
@tracker All nodes finishes job
Trial 202 finished with value: 0.08830933671332737 and parameters: {'objective': 'reg:squarederror', 'tree_method': 'gpu_hist', 'lambda': 0.3489979702766172, 'alpha': 0.005579659516641999, 'colsample_bytree': 0.8975136776297132, 'subsample': 0.7463843054917897, 'learning_rate': 0.006320766873221642, 'max_depth': 20, 'min_child_weight': 15, 'eval_metric': 'rmse'}. Best is trial 117 with value: 0.08827149456805923.
start listen on 192.168.1.101:35129
@tracker All of 1 nodes getting started
@tracker All nodes finishes job
Trial 203 finished with value: 0.08838375664355448 and parameters: {'objective': 'reg:squarederror', 'tree_method': 'gpu_hist', 'lambda': 0.3431386788022585, 'alpha': 0.005300617419709888, 'colsample_bytree': 0.8923633882291905, 'subsample': 0.7236464538320412, 'learning_rate': 0.005293154269727424, 'max_depth': 20, 'min_child_weight': 16, 'eval_metric': 'rmse'}. Best is trial 117 with value: 0.08827149456805923.
start listen on 192.168.1.101:38277
@tracker All of 1 nodes getting started
@tracker All nodes finishes job
Trial 204 finished with value: 0.08895402248290071 and parameters: {'objective': 'reg:squarederror', 'tree_method': 'gpu_hist', 'lambda': 0.34602756924688666, 'alpha': 0.00527297172541724, 'colsample_bytree': 0.8915673461815721, 'subsample': 0.7287204299401441, 'learning_rate': 0.00534719563213494, 'max_depth': 20, 'min_child_weight': 7, 'eval_metric': 'rmse'}. Best is trial 117 with value: 0.08827149456805923.
start listen on 192.168.1.101:34285
@tracker All of 1 nodes getting started
@tracker All nodes finishes job
Trial 205 finished with value: 0.08880596577768492 and parameters: {'objective': 'reg:squarederror', 'tree_method': 'gpu_hist', 'lambda': 0.4268697838028511, 'alpha': 0.004282716524229542, 'colsample_bytree': 0.8682711867172017, 'subsample': 0.745012756453163, 'learning_rate': 0.00487121184687209, 'max_depth': 20, 'min_child_weight': 14, 'eval_metric': 'rmse'}. Best is trial 117 with value: 0.08827149456805923.
start listen on 192.168.1.101:49103
@tracker All of 1 nodes getting started
@tracker All nodes finishes job
Trial 206 finished with value: 0.1262662154585437 and parameters: {'objective': 'reg:squarederror', 'tree_method': 'gpu_hist', 'lambda': 0.6200467954848807, 'alpha': 0.005989064160100736, 'colsample_bytree': 0.9244671219899326, 'subsample': 0.7655043945688585, 'learning_rate': 0.006211398645252134, 'max_depth': 20, 'min_child_weight': 106, 'eval_metric': 'rmse'}. Best is trial 117 with value: 0.08827149456805923.
start listen on 192.168.1.101:59141
@tracker All of 1 nodes getting started
@tracker All nodes finishes job
