Trial 414 finished with value: 0.08746164322081906 and parameters: {'objective': 'reg:squarederror', 'tree_method': 'gpu_hist', 'lambda': 0.3452593543874867, 'alpha': 0.20772950322106756, 'colsample_bytree': 0.9205240063038632, 'subsample': 0.4256133833982866, 'learning_rate': 0.006696088473338284, 'max_depth': 15, 'min_child_weight': 9, 'eval_metric': 'rmse'}. Best is trial 381 with value: 0.08744076668543482.
start listen on 192.168.1.101:34979
@tracker All of 1 nodes getting started
@tracker All nodes finishes job
Trial 415 finished with value: 0.08905110334295706 and parameters: {'objective': 'reg:squarederror', 'tree_method': 'gpu_hist', 'lambda': 0.23203991566418322, 'alpha': 0.20452409627576074, 'colsample_bytree': 0.9173293504781805, 'subsample': 0.4298150792153201, 'learning_rate': 0.007172149189390551, 'max_depth': 15, 'min_child_weight': 1, 'eval_metric': 'rmse'}. Best is trial 381 with value: 0.08744076668543482.
start listen on 192.168.1.101:57373
@tracker All of 1 nodes getting started
@tracker All nodes finishes job
Trial 416 finished with value: 0.08781738053913642 and parameters: {'objective': 'reg:squarederror', 'tree_method': 'gpu_hist', 'lambda': 0.3223696171804713, 'alpha': 0.16718166958324465, 'colsample_bytree': 0.8987240484789246, 'subsample': 0.44770398382403265, 'learning_rate': 0.00681417815718633, 'max_depth': 15, 'min_child_weight': 8, 'eval_metric': 'rmse'}. Best is trial 381 with value: 0.08744076668543482.
start listen on 192.168.1.101:50387
@tracker All of 1 nodes getting started
@tracker All nodes finishes job
Trial 417 finished with value: 0.08952629627125841 and parameters: {'objective': 'reg:squarederror', 'tree_method': 'gpu_hist', 'lambda': 0.30995228197379504, 'alpha': 0.17273314756194605, 'colsample_bytree': 0.8994124100750637, 'subsample': 0.44630849079881885, 'learning_rate': 0.006932042666002251, 'max_depth': 15, 'min_child_weight': 1, 'eval_metric': 'rmse'}. Best is trial 381 with value: 0.08744076668543482.
start listen on 192.168.1.101:42823
@tracker All of 1 nodes getting started
@tracker All nodes finishes job
Trial 418 finished with value: 0.08811480251639965 and parameters: {'objective': 'reg:squarederror', 'tree_method': 'gpu_hist', 'lambda': 0.34909885744334884, 'alpha': 0.15939580078302343, 'colsample_bytree': 0.9048072046576784, 'subsample': 0.42124996312031016, 'learning_rate': 0.007732034763526425, 'max_depth': 15, 'min_child_weight': 7, 'eval_metric': 'rmse'}. Best is trial 381 with value: 0.08744076668543482.
start listen on 192.168.1.101:40993
@tracker All of 1 nodes getting started
@tracker All nodes finishes job
Trial 419 finished with value: 0.08793549774604895 and parameters: {'objective': 'reg:squarederror', 'tree_method': 'gpu_hist', 'lambda': 0.19962959318419082, 'alpha': 0.12281323560736877, 'colsample_bytree': 0.9227147158895649, 'subsample': 0.45250773546127854, 'learning_rate': 0.006837233926354944, 'max_depth': 15, 'min_child_weight': 8, 'eval_metric': 'rmse'}. Best is trial 381 with value: 0.08744076668543482.
start listen on 192.168.1.101:50271
@tracker All of 1 nodes getting started
@tracker All nodes finishes job
Trial 420 finished with value: 0.08771644728104759 and parameters: {'objective': 'reg:squarederror', 'tree_method': 'gpu_hist', 'lambda': 0.17812811984659968, 'alpha': 0.1238576830275408, 'colsample_bytree': 0.91684551489468, 'subsample': 0.44046244696420755, 'learning_rate': 0.006706777505581006, 'max_depth': 15, 'min_child_weight': 7, 'eval_metric': 'rmse'}. Best is trial 381 with value: 0.08744076668543482.
start listen on 192.168.1.101:33421
@tracker All of 1 nodes getting started
@tracker All nodes finishes job
Trial 421 finished with value: 0.08911683848505887 and parameters: {'objective': 'reg:squarederror', 'tree_method': 'gpu_hist', 'lambda': 0.1794483516963383, 'alpha': 0.12352829272180608, 'colsample_bytree': 0.903627127256807, 'subsample': 0.4547684760583905, 'learning_rate': 0.0068157908618274934, 'max_depth': 15, 'min_child_weight': 1, 'eval_metric': 'rmse'}. Best is trial 381 with value: 0.08744076668543482.
start listen on 192.168.1.101:49375
@tracker All of 1 nodes getting started
@tracker All nodes finishes job
Trial 422 finished with value: 0.08821256409640978 and parameters: {'objective': 'reg:squarederror', 'tree_method': 'gpu_hist', 'lambda': 0.1766556554237846, 'alpha': 0.15469642454351293, 'colsample_bytree': 0.9164839496288605, 'subsample': 0.4392555911453975, 'learning_rate': 0.008445541732628539, 'max_depth': 15, 'min_child_weight': 6, 'eval_metric': 'rmse'}. Best is trial 381 with value: 0.08744076668543482.
start listen on 192.168.1.101:41545
@tracker All of 1 nodes getting started
@tracker All nodes finishes job
Trial 423 finished with value: 0.08783979187568046 and parameters: {'objective': 'reg:squarederror', 'tree_method': 'gpu_hist', 'lambda': 0.21441286257457595, 'alpha': 0.2002023339795267, 'colsample_bytree': 0.9226912178792656, 'subsample': 0.424296668777388, 'learning_rate': 0.007584087646239746, 'max_depth': 15, 'min_child_weight': 7, 'eval_metric': 'rmse'}. Best is trial 381 with value: 0.08744076668543482.
start listen on 192.168.1.101:49277
@tracker All of 1 nodes getting started
@tracker All nodes finishes job
Trial 424 finished with value: 0.08925853305939677 and parameters: {'objective': 'reg:squarederror', 'tree_method': 'gpu_hist', 'lambda': 0.21204528795298672, 'alpha': 0.3001043563194222, 'colsample_bytree': 0.9197352388034703, 'subsample': 0.42417222448320635, 'learning_rate': 0.007573972916109584, 'max_depth': 15, 'min_child_weight': 1, 'eval_metric': 'rmse'}. Best is trial 381 with value: 0.08744076668543482.
start listen on 192.168.1.101:42839
@tracker All of 1 nodes getting started
@tracker All nodes finishes job
Trial 425 finished with value: 0.08846290200882335 and parameters: {'objective': 'reg:squarederror', 'tree_method': 'gpu_hist', 'lambda': 0.206520169353588, 'alpha': 0.20578831936886313, 'colsample_bytree': 0.7511619979421056, 'subsample': 0.4529467277583877, 'learning_rate': 0.00922329551246939, 'max_depth': 15, 'min_child_weight': 8, 'eval_metric': 'rmse'}. Best is trial 381 with value: 0.08744076668543482.
start listen on 192.168.1.101:53559
@tracker All of 1 nodes getting started
@tracker All nodes finishes job
Trial 426 finished with value: 0.08833490270939046 and parameters: {'objective': 'reg:squarederror', 'tree_method': 'gpu_hist', 'lambda': 0.2388218412647559, 'alpha': 0.12266997502757164, 'colsample_bytree': 0.9044113468108299, 'subsample': 0.4133600132040887, 'learning_rate': 0.007977729035162999, 'max_depth': 15, 'min_child_weight': 8, 'eval_metric': 'rmse'}. Best is trial 381 with value: 0.08744076668543482.
start listen on 192.168.1.101:50191
@tracker All of 1 nodes getting started
@tracker All nodes finishes job
Trial 427 finished with value: 0.08770547498685947 and parameters: {'objective': 'reg:squarederror', 'tree_method': 'gpu_hist', 'lambda': 0.17937411375993262, 'alpha': 0.09112464031690232, 'colsample_bytree': 0.8953076299547548, 'subsample': 0.43350556215200525, 'learning_rate': 0.0071474484236468796, 'max_depth': 15, 'min_child_weight': 11, 'eval_metric': 'rmse'}. Best is trial 381 with value: 0.08744076668543482.
start listen on 192.168.1.101:55383
@tracker All of 1 nodes getting started
@tracker All nodes finishes job
Trial 428 finished with value: 0.0876895336907437 and parameters: {'objective': 'reg:squarederror', 'tree_method': 'gpu_hist', 'lambda': 0.16736473602892943, 'alpha': 0.10118628890698149, 'colsample_bytree': 0.8989472787245645, 'subsample': 0.43390726608921737, 'learning_rate': 0.007181052295267277, 'max_depth': 15, 'min_child_weight': 7, 'eval_metric': 'rmse'}. Best is trial 381 with value: 0.08744076668543482.
start listen on 192.168.1.101:35865
@tracker All of 1 nodes getting started
@tracker All nodes finishes job
Trial 429 finished with value: 0.08869608227472393 and parameters: {'objective': 'reg:squarederror', 'tree_method': 'gpu_hist', 'lambda': 0.16169271539787144, 'alpha': 0.09964279251972519, 'colsample_bytree': 0.9045208134447659, 'subsample': 0.4320583876966935, 'learning_rate': 0.00716920427713275, 'max_depth': 15, 'min_child_weight': 1, 'eval_metric': 'rmse'}. Best is trial 381 with value: 0.08744076668543482.
start listen on 192.168.1.101:32917
@tracker All of 1 nodes getting started
@tracker All nodes finishes job
Trial 430 finished with value: 0.0881515715968687 and parameters: {'objective': 'reg:squarederror', 'tree_method': 'gpu_hist', 'lambda': 0.17638294967343185, 'alpha': 0.09491406738480765, 'colsample_bytree': 0.8948578213322858, 'subsample': 0.4425847263123049, 'learning_rate': 0.008353493314691785, 'max_depth': 15, 'min_child_weight': 7, 'eval_metric': 'rmse'}. Best is trial 381 with value: 0.08744076668543482.
start listen on 192.168.1.101:32935
@tracker All of 1 nodes getting started
@tracker All nodes finishes job
Trial 431 finished with value: 0.24038452195530496 and parameters: {'objective': 'reg:squarederror', 'tree_method': 'gpu_hist', 'lambda': 0.11962166602567635, 'alpha': 0.11734396060424813, 'colsample_bytree': 0.8925353409271419, 'subsample': 0.47835836233856427, 'learning_rate': 0.00744562319335942, 'max_depth': 15, 'min_child_weight': 189, 'eval_metric': 'rmse'}. Best is trial 381 with value: 0.08744076668543482.
start listen on 192.168.1.101:53831
@tracker All of 1 nodes getting started
@tracker All nodes finishes job
Trial 432 finished with value: 0.08782662654686814 and parameters: {'objective': 'reg:squarederror', 'tree_method': 'gpu_hist', 'lambda': 0.15398833618577157, 'alpha': 0.19844036535343745, 'colsample_bytree': 0.8954823538128672, 'subsample': 0.4264735245395586, 'learning_rate': 0.0067418261474318205, 'max_depth': 15, 'min_child_weight': 6, 'eval_metric': 'rmse'}. Best is trial 381 with value: 0.08744076668543482.
start listen on 192.168.1.101:44917
@tracker All of 1 nodes getting started
@tracker All nodes finishes job
Trial 433 finished with value: 0.08766820592997335 and parameters: {'objective': 'reg:squarederror', 'tree_method': 'gpu_hist', 'lambda': 0.13578338370153664, 'alpha': 0.15975353469324502, 'colsample_bytree': 0.8897232498158362, 'subsample': 0.4166024411655636, 'learning_rate': 0.006610419874148818, 'max_depth': 15, 'min_child_weight': 6, 'eval_metric': 'rmse'}. Best is trial 381 with value: 0.08744076668543482.
start listen on 192.168.1.101:57559
@tracker All of 1 nodes getting started
@tracker All nodes finishes job
Trial 434 finished with value: 0.088720327865558 and parameters: {'objective': 'reg:squarederror', 'tree_method': 'gpu_hist', 'lambda': 0.14131087245031554, 'alpha': 0.15799313128728718, 'colsample_bytree': 0.8760311049054172, 'subsample': 0.41351194828021004, 'learning_rate': 0.006579712487301004, 'max_depth': 15, 'min_child_weight': 1, 'eval_metric': 'rmse'}. Best is trial 381 with value: 0.08744076668543482.
start listen on 192.168.1.101:53637
@tracker All of 1 nodes getting started
@tracker All nodes finishes job
Trial 435 finished with value: 0.0892020547331854 and parameters: {'objective': 'reg:squarederror', 'tree_method': 'gpu_hist', 'lambda': 0.13908472592978197, 'alpha': 0.1692471703709578, 'colsample_bytree': 0.8884590162972221, 'subsample': 0.4274527198172097, 'learning_rate': 0.007918010601348583, 'max_depth': 15, 'min_child_weight': 1, 'eval_metric': 'rmse'}. Best is trial 381 with value: 0.08744076668543482.
start listen on 192.168.1.101:50897
@tracker All of 1 nodes getting started
@tracker All nodes finishes job
Trial 436 finished with value: 0.0879381492890779 and parameters: {'objective': 'reg:squarederror', 'tree_method': 'gpu_hist', 'lambda': 0.10526171226579414, 'alpha': 0.1928071552799955, 'colsample_bytree': 0.8957687336628134, 'subsample': 0.4026016773916889, 'learning_rate': 0.008940503451450725, 'max_depth': 15, 'min_child_weight': 6, 'eval_metric': 'rmse'}. Best is trial 381 with value: 0.08744076668543482.
start listen on 192.168.1.101:36787
@tracker All of 1 nodes getting started
@tracker All nodes finishes job
Trial 437 finished with value: 0.08791942097750652 and parameters: {'objective': 'reg:squarederror', 'tree_method': 'gpu_hist', 'lambda': 0.14412281533646124, 'alpha': 0.12832240167095038, 'colsample_bytree': 0.870843461101241, 'subsample': 0.4358507013565868, 'learning_rate': 0.0072563196575155114, 'max_depth': 15, 'min_child_weight': 7, 'eval_metric': 'rmse'}. Best is trial 381 with value: 0.08744076668543482.
start listen on 192.168.1.101:34597
@tracker All of 1 nodes getting started
@tracker All nodes finishes job
Trial 438 finished with value: 0.0882158900749544 and parameters: {'objective': 'reg:squarederror', 'tree_method': 'gpu_hist', 'lambda': 0.15587204034056376, 'alpha': 0.14309934005650726, 'colsample_bytree': 0.8725202066394449, 'subsample': 0.4203767642221582, 'learning_rate': 0.00743389427752586, 'max_depth': 15, 'min_child_weight': 6, 'eval_metric': 'rmse'}. Best is trial 381 with value: 0.08744076668543482.
start listen on 192.168.1.101:58471
@tracker All of 1 nodes getting started
@tracker All nodes finishes job
Trial 439 finished with value: 0.13009172707930688 and parameters: {'objective': 'reg:squarederror', 'tree_method': 'gpu_hist', 'lambda': 0.0975005377297407, 'alpha': 0.08251614468275392, 'colsample_bytree': 0.8946900821453618, 'subsample': 0.43195198280439295, 'learning_rate': 0.008276590010097774, 'max_depth': 15, 'min_child_weight': 97, 'eval_metric': 'rmse'}. Best is trial 381 with value: 0.08744076668543482.
start listen on 192.168.1.101:54463
@tracker All of 1 nodes getting started
@tracker All nodes finishes job
Trial 440 finished with value: 0.08795557749745848 and parameters: {'objective': 'reg:squarederror', 'tree_method': 'gpu_hist', 'lambda': 0.1576662214916458, 'alpha': 0.09851081910772008, 'colsample_bytree': 0.8825676053631188, 'subsample': 0.4367530069343302, 'learning_rate': 0.006595179251222023, 'max_depth': 15, 'min_child_weight': 11, 'eval_metric': 'rmse'}. Best is trial 381 with value: 0.08744076668543482.
start listen on 192.168.1.101:58313
@tracker All of 1 nodes getting started
@tracker All nodes finishes job
Trial 441 finished with value: 0.08963726603925848 and parameters: {'objective': 'reg:squarederror', 'tree_method': 'gpu_hist', 'lambda': 0.11271568774356373, 'alpha': 0.27406499669627177, 'colsample_bytree': 0.8657656203035027, 'subsample': 0.41307963014324156, 'learning_rate': 0.009819345090936783, 'max_depth': 15, 'min_child_weight': 1, 'eval_metric': 'rmse'}. Best is trial 381 with value: 0.08744076668543482.
start listen on 192.168.1.101:58115
@tracker All of 1 nodes getting started
@tracker All nodes finishes job
Trial 442 finished with value: 0.08881761270782232 and parameters: {'objective': 'reg:squarederror', 'tree_method': 'gpu_hist', 'lambda': 0.14023890967314503, 'alpha': 0.20593394248510005, 'colsample_bytree': 0.9071865462857703, 'subsample': 0.4239462452444058, 'learning_rate': 0.007370690971429823, 'max_depth': 15, 'min_child_weight': 19, 'eval_metric': 'rmse'}. Best is trial 381 with value: 0.08744076668543482.
start listen on 192.168.1.101:33127
@tracker All of 1 nodes getting started
@tracker All nodes finishes job
Trial 443 finished with value: 0.08803824730825346 and parameters: {'objective': 'reg:squarederror', 'tree_method': 'gpu_hist', 'lambda': 0.15407590004404534, 'alpha': 0.14013686653006197, 'colsample_bytree': 0.8960499874279594, 'subsample': 0.43822208756591885, 'learning_rate': 0.00672159866574174, 'max_depth': 15, 'min_child_weight': 11, 'eval_metric': 'rmse'}. Best is trial 381 with value: 0.08744076668543482.
start listen on 192.168.1.101:54269
@tracker All of 1 nodes getting started
@tracker All nodes finishes job
Trial 444 finished with value: 0.08807329536997029 and parameters: {'objective': 'reg:squarederror', 'tree_method': 'gpu_hist', 'lambda': 0.183136797697547, 'alpha': 0.11227318348303524, 'colsample_bytree': 0.9100008299697032, 'subsample': 0.40059002534197985, 'learning_rate': 0.007881268058035988, 'max_depth': 15, 'min_child_weight': 8, 'eval_metric': 'rmse'}. Best is trial 381 with value: 0.08744076668543482.
start listen on 192.168.1.101:54843
@tracker All of 1 nodes getting started
@tracker All nodes finishes job
Trial 445 finished with value: 0.1109136060168485 and parameters: {'objective': 'reg:squarederror', 'tree_method': 'gpu_hist', 'lambda': 0.12600959725097746, 'alpha': 0.18897489272866438, 'colsample_bytree': 0.35110812827063087, 'subsample': 0.4614482786678716, 'learning_rate': 0.007238739906737452, 'max_depth': 15, 'min_child_weight': 18, 'eval_metric': 'rmse'}. Best is trial 381 with value: 0.08744076668543482.
start listen on 192.168.1.101:36417
@tracker All of 1 nodes getting started
@tracker All nodes finishes job
Trial 446 finished with value: 0.088205057213468 and parameters: {'objective': 'reg:squarederror', 'tree_method': 'gpu_hist', 'lambda': 0.20924437422238976, 'alpha': 0.15567283997854764, 'colsample_bytree': 0.8793410923569287, 'subsample': 0.4142247137902839, 'learning_rate': 0.008774618643496431, 'max_depth': 15, 'min_child_weight': 6, 'eval_metric': 'rmse'}. Best is trial 381 with value: 0.08744076668543482.
start listen on 192.168.1.101:60423
@tracker All of 1 nodes getting started
@tracker All nodes finishes job
Trial 447 finished with value: 0.08798699807762704 and parameters: {'objective': 'reg:squarederror', 'tree_method': 'gpu_hist', 'lambda': 0.23930212137909349, 'alpha': 0.07936462590387174, 'colsample_bytree': 0.9169489239034732, 'subsample': 0.4258683061721266, 'learning_rate': 0.006565593170831026, 'max_depth': 15, 'min_child_weight': 13, 'eval_metric': 'rmse'}. Best is trial 381 with value: 0.08744076668543482.
start listen on 192.168.1.101:56357
@tracker All of 1 nodes getting started
@tracker All nodes finishes job
Trial 448 finished with value: 0.08796499598530323 and parameters: {'objective': 'reg:squarederror', 'tree_method': 'gpu_hist', 'lambda': 0.18449120394765903, 'alpha': 0.09496140186189338, 'colsample_bytree': 0.8949221094031716, 'subsample': 0.4404459835191446, 'learning_rate': 0.007616710742664105, 'max_depth': 15, 'min_child_weight': 6, 'eval_metric': 'rmse'}. Best is trial 381 with value: 0.08744076668543482.
start listen on 192.168.1.101:59601
@tracker All of 1 nodes getting started
@tracker All nodes finishes job
Trial 449 finished with value: 0.21416415546491152 and parameters: {'objective': 'reg:squarederror', 'tree_method': 'gpu_hist', 'lambda': 0.07784678865918816, 'alpha': 0.12447129790362514, 'colsample_bytree': 0.9100852218161664, 'subsample': 0.4131554306848153, 'learning_rate': 0.0066408921882269096, 'max_depth': 15, 'min_child_weight': 146, 'eval_metric': 'rmse'}. Best is trial 381 with value: 0.08744076668543482.
start listen on 192.168.1.101:55581
@tracker All of 1 nodes getting started
@tracker All nodes finishes job
Trial 450 finished with value: 0.08841446832406531 and parameters: {'objective': 'reg:squarederror', 'tree_method': 'gpu_hist', 'lambda': 0.16035180297896554, 'alpha': 0.4687070178241549, 'colsample_bytree': 0.9208072527813799, 'subsample': 0.4292160947292658, 'learning_rate': 0.008203887991617656, 'max_depth': 15, 'min_child_weight': 14, 'eval_metric': 'rmse'}. Best is trial 381 with value: 0.08744076668543482.
start listen on 192.168.1.101:46997
@tracker All of 1 nodes getting started
@tracker All nodes finishes job
Trial 451 finished with value: 0.0890252929728054 and parameters: {'objective': 'reg:squarederror', 'tree_method': 'gpu_hist', 'lambda': 0.11884249668309675, 'alpha': 0.18827620005880868, 'colsample_bytree': 0.8515667771037485, 'subsample': 0.45326231701446196, 'learning_rate': 0.007214288057988779, 'max_depth': 15, 'min_child_weight': 19, 'eval_metric': 'rmse'}. Best is trial 381 with value: 0.08744076668543482.
start listen on 192.168.1.101:58515
@tracker All of 1 nodes getting started
@tracker All nodes finishes job
Trial 452 finished with value: 0.0890106875139756 and parameters: {'objective': 'reg:squarederror', 'tree_method': 'gpu_hist', 'lambda': 0.22567233685285384, 'alpha': 0.26801988198910515, 'colsample_bytree': 0.8990688122734197, 'subsample': 0.42003434503983733, 'learning_rate': 0.006522237027496569, 'max_depth': 15, 'min_child_weight': 1, 'eval_metric': 'rmse'}. Best is trial 381 with value: 0.08744076668543482.
start listen on 192.168.1.101:57737
@tracker All of 1 nodes getting started
@tracker All nodes finishes job
Trial 453 finished with value: 0.0880100699138338 and parameters: {'objective': 'reg:squarederror', 'tree_method': 'gpu_hist', 'lambda': 0.2664105713369969, 'alpha': 0.13981903137071577, 'colsample_bytree': 0.8815503547115692, 'subsample': 0.4364235315504987, 'learning_rate': 0.009552386419950988, 'max_depth': 15, 'min_child_weight': 11, 'eval_metric': 'rmse'}. Best is trial 381 with value: 0.08744076668543482.
start listen on 192.168.1.101:49245
@tracker All of 1 nodes getting started
@tracker All nodes finishes job
Trial 454 finished with value: 0.08788539291228016 and parameters: {'objective': 'reg:squarederror', 'tree_method': 'gpu_hist', 'lambda': 0.19525111731986575, 'alpha': 0.2174572136665049, 'colsample_bytree': 0.9166592083496401, 'subsample': 0.40861452707204776, 'learning_rate': 0.007233633419838552, 'max_depth': 15, 'min_child_weight': 6, 'eval_metric': 'rmse'}. Best is trial 381 with value: 0.08744076668543482.
start listen on 192.168.1.101:36069
@tracker All of 1 nodes getting started
@tracker All nodes finishes job
Trial 455 finished with value: 0.08895269327155608 and parameters: {'objective': 'reg:squarederror', 'tree_method': 'gpu_hist', 'lambda': 0.15815169879338375, 'alpha': 0.372197913503053, 'colsample_bytree': 0.9113676861448603, 'subsample': 0.40009070119818624, 'learning_rate': 0.00790281483785016, 'max_depth': 15, 'min_child_weight': 1, 'eval_metric': 'rmse'}. Best is trial 381 with value: 0.08744076668543482.
start listen on 192.168.1.101:35383
@tracker All of 1 nodes getting started
@tracker All nodes finishes job
