Trial 664 finished with value: 0.11147690413985567 and parameters: {'objective': 'reg:squarederror', 'tree_method': 'gpu_hist', 'lambda': 0.06113564817792114, 'alpha': 0.08270975803567393, 'colsample_bytree': 0.34431759004559853, 'subsample': 0.4317477722782178, 'learning_rate': 0.0064995670919073285, 'max_depth': 9, 'min_child_weight': 18, 'eval_metric': 'rmse'}. Best is trial 546 with value: 0.08720962612705459.
start listen on 192.168.1.101:42345
@tracker All of 1 nodes getting started
@tracker All nodes finishes job
Trial 665 finished with value: 0.087939710570328 and parameters: {'objective': 'reg:squarederror', 'tree_method': 'gpu_hist', 'lambda': 0.10360044375937096, 'alpha': 0.06033719219205611, 'colsample_bytree': 0.905303950151301, 'subsample': 0.47144228406094496, 'learning_rate': 0.007388763337592733, 'max_depth': 9, 'min_child_weight': 13, 'eval_metric': 'rmse'}. Best is trial 546 with value: 0.08720962612705459.
start listen on 192.168.1.101:39839
@tracker All of 1 nodes getting started
@tracker All nodes finishes job
Trial 666 finished with value: 0.08961639243723828 and parameters: {'objective': 'reg:squarederror', 'tree_method': 'gpu_hist', 'lambda': 0.07439902375550446, 'alpha': 0.10900608297414893, 'colsample_bytree': 0.9213180286715903, 'subsample': 0.4197051302362469, 'learning_rate': 0.006868651633003565, 'max_depth': 9, 'min_child_weight': 24, 'eval_metric': 'rmse'}. Best is trial 546 with value: 0.08720962612705459.
start listen on 192.168.1.101:55165
@tracker All of 1 nodes getting started
@tracker All nodes finishes job
Trial 667 finished with value: 0.08787143588782087 and parameters: {'objective': 'reg:squarederror', 'tree_method': 'gpu_hist', 'lambda': 0.04978259655857946, 'alpha': 0.07644698134173689, 'colsample_bytree': 0.9355721264466871, 'subsample': 0.44363099247150095, 'learning_rate': 0.007958526234349374, 'max_depth': 9, 'min_child_weight': 6, 'eval_metric': 'rmse'}. Best is trial 546 with value: 0.08720962612705459.
start listen on 192.168.1.101:45659
@tracker All of 1 nodes getting started
@tracker All nodes finishes job
Trial 668 finished with value: 0.08846470200581112 and parameters: {'objective': 'reg:squarederror', 'tree_method': 'gpu_hist', 'lambda': 0.09126929292786923, 'alpha': 0.12808539079111705, 'colsample_bytree': 0.9109283890368212, 'subsample': 0.45387787575888816, 'learning_rate': 0.006174802581139017, 'max_depth': 7, 'min_child_weight': 15, 'eval_metric': 'rmse'}. Best is trial 546 with value: 0.08720962612705459.
start listen on 192.168.1.101:53335
@tracker All of 1 nodes getting started
@tracker All nodes finishes job
Trial 669 finished with value: 0.09030900770150474 and parameters: {'objective': 'reg:squarederror', 'tree_method': 'gpu_hist', 'lambda': 0.12245770462291114, 'alpha': 0.09793817192043869, 'colsample_bytree': 0.8982590707418703, 'subsample': 0.42789850169466775, 'learning_rate': 0.007151814000277241, 'max_depth': 5, 'min_child_weight': 1, 'eval_metric': 'rmse'}. Best is trial 546 with value: 0.08720962612705459.
start listen on 192.168.1.101:43123
@tracker All of 1 nodes getting started
@tracker All nodes finishes job
Trial 670 finished with value: 0.08773228178809107 and parameters: {'objective': 'reg:squarederror', 'tree_method': 'gpu_hist', 'lambda': 0.06153393831777879, 'alpha': 0.12237167371104737, 'colsample_bytree': 0.9462737527702296, 'subsample': 0.416370055972621, 'learning_rate': 0.005693870326174739, 'max_depth': 9, 'min_child_weight': 10, 'eval_metric': 'rmse'}. Best is trial 546 with value: 0.08720962612705459.
start listen on 192.168.1.101:51429
@tracker All of 1 nodes getting started
@tracker All nodes finishes job
Trial 671 finished with value: 0.08869434726839771 and parameters: {'objective': 'reg:squarederror', 'tree_method': 'gpu_hist', 'lambda': 0.05120112557190999, 'alpha': 0.08568981344071942, 'colsample_bytree': 0.9219128188104618, 'subsample': 0.43927497947688726, 'learning_rate': 0.008476251265423123, 'max_depth': 9, 'min_child_weight': 20, 'eval_metric': 'rmse'}. Best is trial 546 with value: 0.08720962612705459.
start listen on 192.168.1.101:41499
@tracker All of 1 nodes getting started
@tracker All nodes finishes job
Trial 672 finished with value: 0.08740173659276082 and parameters: {'objective': 'reg:squarederror', 'tree_method': 'gpu_hist', 'lambda': 0.0716214470538001, 'alpha': 0.05573446645872711, 'colsample_bytree': 0.9115833576161632, 'subsample': 0.4230977708908622, 'learning_rate': 0.0066339163024144955, 'max_depth': 9, 'min_child_weight': 6, 'eval_metric': 'rmse'}. Best is trial 546 with value: 0.08720962612705459.
start listen on 192.168.1.101:39543
@tracker All of 1 nodes getting started
@tracker All nodes finishes job
Trial 673 finished with value: 0.08786476266877405 and parameters: {'objective': 'reg:squarederror', 'tree_method': 'gpu_hist', 'lambda': 0.0797159619525236, 'alpha': 0.057338638171569575, 'colsample_bytree': 0.8965529080243508, 'subsample': 0.4112425018204481, 'learning_rate': 0.0075880362140224806, 'max_depth': 9, 'min_child_weight': 6, 'eval_metric': 'rmse'}. Best is trial 546 with value: 0.08720962612705459.
start listen on 192.168.1.101:37395
@tracker All of 1 nodes getting started
@tracker All nodes finishes job
Trial 674 finished with value: 0.3395497628582481 and parameters: {'objective': 'reg:squarederror', 'tree_method': 'gpu_hist', 'lambda': 0.092938159244588, 'alpha': 0.0619122774642906, 'colsample_bytree': 0.9049464896809716, 'subsample': 0.4090636737178355, 'learning_rate': 0.006674010261615775, 'max_depth': 9, 'min_child_weight': 231, 'eval_metric': 'rmse'}. Best is trial 546 with value: 0.08720962612705459.
start listen on 192.168.1.101:35947
@tracker All of 1 nodes getting started
@tracker All nodes finishes job
Trial 675 finished with value: 0.09785452355381917 and parameters: {'objective': 'reg:squarederror', 'tree_method': 'gpu_hist', 'lambda': 0.001053309423334685, 'alpha': 0.04801121902329035, 'colsample_bytree': 0.8867250117056826, 'subsample': 0.4229678080204983, 'learning_rate': 0.008956547896856428, 'max_depth': 3, 'min_child_weight': 1, 'eval_metric': 'rmse'}. Best is trial 546 with value: 0.08720962612705459.
start listen on 192.168.1.101:33447
@tracker All of 1 nodes getting started
@tracker All nodes finishes job
Trial 676 finished with value: 0.08786868594392147 and parameters: {'objective': 'reg:squarederror', 'tree_method': 'gpu_hist', 'lambda': 0.11440343007203709, 'alpha': 0.04783936500759893, 'colsample_bytree': 0.9348961387871921, 'subsample': 0.4008478994664332, 'learning_rate': 0.007759253090442313, 'max_depth': 9, 'min_child_weight': 7, 'eval_metric': 'rmse'}. Best is trial 546 with value: 0.08720962612705459.
start listen on 192.168.1.101:35457
@tracker All of 1 nodes getting started
@tracker All nodes finishes job
Trial 677 finished with value: 0.08756054765399783 and parameters: {'objective': 'reg:squarederror', 'tree_method': 'gpu_hist', 'lambda': 0.0753522909920769, 'alpha': 0.07041408707141747, 'colsample_bytree': 0.9093610121106444, 'subsample': 0.42537809188104486, 'learning_rate': 0.006836604073416474, 'max_depth': 9, 'min_child_weight': 6, 'eval_metric': 'rmse'}. Best is trial 546 with value: 0.08720962612705459.
start listen on 192.168.1.101:44403
@tracker All of 1 nodes getting started
@tracker All nodes finishes job
Trial 678 finished with value: 0.08818443034270557 and parameters: {'objective': 'reg:squarederror', 'tree_method': 'gpu_hist', 'lambda': 0.10389740725814064, 'alpha': 0.05577141016013639, 'colsample_bytree': 0.9102510245412055, 'subsample': 0.4203840408644877, 'learning_rate': 0.006334010721334412, 'max_depth': 9, 'min_child_weight': 14, 'eval_metric': 'rmse'}. Best is trial 546 with value: 0.08720962612705459.
start listen on 192.168.1.101:37131
@tracker All of 1 nodes getting started
@tracker All nodes finishes job
Trial 679 finished with value: 0.08807316683907365 and parameters: {'objective': 'reg:squarederror', 'tree_method': 'gpu_hist', 'lambda': 0.07901111826734392, 'alpha': 0.07136231207460726, 'colsample_bytree': 0.914830113401442, 'subsample': 0.4104447976496719, 'learning_rate': 0.006892538872147898, 'max_depth': 13, 'min_child_weight': 10, 'eval_metric': 'rmse'}. Best is trial 546 with value: 0.08720962612705459.
start listen on 192.168.1.101:33799
@tracker All of 1 nodes getting started
@tracker All nodes finishes job
Trial 680 finished with value: 0.08818828426101451 and parameters: {'objective': 'reg:squarederror', 'tree_method': 'gpu_hist', 'lambda': 0.06751541725075051, 'alpha': 0.048285219370867764, 'colsample_bytree': 0.8986835923825703, 'subsample': 0.4239344625189119, 'learning_rate': 0.006297465451894539, 'max_depth': 9, 'min_child_weight': 1, 'eval_metric': 'rmse'}. Best is trial 546 with value: 0.08720962612705459.
start listen on 192.168.1.101:37449
@tracker All of 1 nodes getting started
@tracker All nodes finishes job
Trial 681 finished with value: 0.09616200663772699 and parameters: {'objective': 'reg:squarederror', 'tree_method': 'gpu_hist', 'lambda': 0.08532497238558845, 'alpha': 0.06509705142485639, 'colsample_bytree': 0.42894511086996334, 'subsample': 0.4283904278657735, 'learning_rate': 0.006919174504858521, 'max_depth': 9, 'min_child_weight': 16, 'eval_metric': 'rmse'}. Best is trial 546 with value: 0.08720962612705459.
start listen on 192.168.1.101:36341
@tracker All of 1 nodes getting started
@tracker All nodes finishes job
Trial 682 finished with value: 0.08768657381655 and parameters: {'objective': 'reg:squarederror', 'tree_method': 'gpu_hist', 'lambda': 0.06636149247350957, 'alpha': 0.07065810749221489, 'colsample_bytree': 0.9318468613890906, 'subsample': 0.41074220692028257, 'learning_rate': 0.006475229759652997, 'max_depth': 9, 'min_child_weight': 6, 'eval_metric': 'rmse'}. Best is trial 546 with value: 0.08720962612705459.
start listen on 192.168.1.101:59331
@tracker All of 1 nodes getting started
@tracker All nodes finishes job
Trial 683 finished with value: 0.08781964357424388 and parameters: {'objective': 'reg:squarederror', 'tree_method': 'gpu_hist', 'lambda': 0.07219365782379576, 'alpha': 0.05467984103127466, 'colsample_bytree': 0.9510693060930488, 'subsample': 0.40012360987108864, 'learning_rate': 0.005579534988149403, 'max_depth': 9, 'min_child_weight': 1, 'eval_metric': 'rmse'}. Best is trial 546 with value: 0.08720962612705459.
start listen on 192.168.1.101:51549
@tracker All of 1 nodes getting started
@tracker All nodes finishes job
Trial 684 finished with value: 0.08763824860403935 and parameters: {'objective': 'reg:squarederror', 'tree_method': 'gpu_hist', 'lambda': 0.091178414651312, 'alpha': 0.06870299128504578, 'colsample_bytree': 0.9360762723121113, 'subsample': 0.41122304883031996, 'learning_rate': 0.006522469253238857, 'max_depth': 9, 'min_child_weight': 10, 'eval_metric': 'rmse'}. Best is trial 546 with value: 0.08720962612705459.
start listen on 192.168.1.101:55465
@tracker All of 1 nodes getting started
@tracker All nodes finishes job
Trial 685 finished with value: 0.08747363438379606 and parameters: {'objective': 'reg:squarederror', 'tree_method': 'gpu_hist', 'lambda': 0.09513348787026915, 'alpha': 0.06667066379792048, 'colsample_bytree': 0.9406669592181479, 'subsample': 0.4118738752825981, 'learning_rate': 0.005969079610403658, 'max_depth': 9, 'min_child_weight': 6, 'eval_metric': 'rmse'}. Best is trial 546 with value: 0.08720962612705459.
start listen on 192.168.1.101:43081
@tracker All of 1 nodes getting started
@tracker All nodes finishes job
Trial 686 finished with value: 0.09829459809232362 and parameters: {'objective': 'reg:squarederror', 'tree_method': 'gpu_hist', 'lambda': 0.10346041086930378, 'alpha': 0.05370305736533117, 'colsample_bytree': 0.3760544825662548, 'subsample': 0.4002696538580869, 'learning_rate': 0.005687594364360355, 'max_depth': 9, 'min_child_weight': 17, 'eval_metric': 'rmse'}. Best is trial 546 with value: 0.08720962612705459.
start listen on 192.168.1.101:45293
@tracker All of 1 nodes getting started
@tracker All nodes finishes job
Trial 687 finished with value: 0.08971925726138093 and parameters: {'objective': 'reg:squarederror', 'tree_method': 'gpu_hist', 'lambda': 0.09801621638760465, 'alpha': 0.06286487578263655, 'colsample_bytree': 0.9545120403080631, 'subsample': 0.41091693921868283, 'learning_rate': 0.00614139701337446, 'max_depth': 9, 'min_child_weight': 24, 'eval_metric': 'rmse'}. Best is trial 546 with value: 0.08720962612705459.
start listen on 192.168.1.101:41587
@tracker All of 1 nodes getting started
@tracker All nodes finishes job
Trial 688 finished with value: 0.0877451026809395 and parameters: {'objective': 'reg:squarederror', 'tree_method': 'gpu_hist', 'lambda': 0.08900881395510259, 'alpha': 0.04714949382957102, 'colsample_bytree': 0.9446434954700234, 'subsample': 0.41578048986185034, 'learning_rate': 0.005541714054533012, 'max_depth': 9, 'min_child_weight': 11, 'eval_metric': 'rmse'}. Best is trial 546 with value: 0.08720962612705459.
start listen on 192.168.1.101:58125
@tracker All of 1 nodes getting started
@tracker All nodes finishes job
Trial 689 finished with value: 0.12202284101729646 and parameters: {'objective': 'reg:squarederror', 'tree_method': 'gpu_hist', 'lambda': 0.08200756525951364, 'alpha': 0.06886355887908027, 'colsample_bytree': 0.9386859291120212, 'subsample': 0.42155683852621983, 'learning_rate': 0.006072171792403737, 'max_depth': 9, 'min_child_weight': 73, 'eval_metric': 'rmse'}. Best is trial 546 with value: 0.08720962612705459.
start listen on 192.168.1.101:37169
@tracker All of 1 nodes getting started
@tracker All nodes finishes job
Trial 690 finished with value: 0.08777158451795386 and parameters: {'objective': 'reg:squarederror', 'tree_method': 'gpu_hist', 'lambda': 0.10930430303791536, 'alpha': 0.04497302699540115, 'colsample_bytree': 0.9529223583122807, 'subsample': 0.41039067162330956, 'learning_rate': 0.006141187621044881, 'max_depth': 9, 'min_child_weight': 6, 'eval_metric': 'rmse'}. Best is trial 546 with value: 0.08720962612705459.
start listen on 192.168.1.101:37073
@tracker All of 1 nodes getting started
@tracker All nodes finishes job
Trial 691 finished with value: 0.08989743129500559 and parameters: {'objective': 'reg:squarederror', 'tree_method': 'gpu_hist', 'lambda': 0.06980927847005175, 'alpha': 0.06058219677810394, 'colsample_bytree': 0.9298312345820806, 'subsample': 0.4286190494385527, 'learning_rate': 0.02621827864289917, 'max_depth': 9, 'min_child_weight': 14, 'eval_metric': 'rmse'}. Best is trial 546 with value: 0.08720962612705459.
start listen on 192.168.1.101:38281
@tracker All of 1 nodes getting started
@tracker All nodes finishes job
Trial 692 finished with value: 0.08738309646215921 and parameters: {'objective': 'reg:squarederror', 'tree_method': 'gpu_hist', 'lambda': 0.11768617319306322, 'alpha': 0.07424340406042533, 'colsample_bytree': 0.9410633363017145, 'subsample': 0.40069998568718823, 'learning_rate': 0.006753521159640673, 'max_depth': 9, 'min_child_weight': 6, 'eval_metric': 'rmse'}. Best is trial 546 with value: 0.08720962612705459.
start listen on 192.168.1.101:38361
@tracker All of 1 nodes getting started
@tracker All nodes finishes job
Trial 693 finished with value: 0.0881706163993711 and parameters: {'objective': 'reg:squarederror', 'tree_method': 'gpu_hist', 'lambda': 0.07840767853789153, 'alpha': 0.07417468431379834, 'colsample_bytree': 0.9462985878742683, 'subsample': 0.4073878168371273, 'learning_rate': 0.005468640752009077, 'max_depth': 9, 'min_child_weight': 1, 'eval_metric': 'rmse'}. Best is trial 546 with value: 0.08720962612705459.
start listen on 192.168.1.101:41831
@tracker All of 1 nodes getting started
@tracker All nodes finishes job
Trial 694 finished with value: 0.08844826554641358 and parameters: {'objective': 'reg:squarederror', 'tree_method': 'gpu_hist', 'lambda': 0.12203736309145534, 'alpha': 0.05624406536251326, 'colsample_bytree': 0.9550932119412056, 'subsample': 0.4031056068534256, 'learning_rate': 0.006434983813726919, 'max_depth': 9, 'min_child_weight': 19, 'eval_metric': 'rmse'}. Best is trial 546 with value: 0.08720962612705459.
start listen on 192.168.1.101:44651
@tracker All of 1 nodes getting started
@tracker All nodes finishes job
Trial 695 finished with value: 0.08776334370538794 and parameters: {'objective': 'reg:squarederror', 'tree_method': 'gpu_hist', 'lambda': 0.11505880512120355, 'alpha': 0.07942941691319418, 'colsample_bytree': 0.9398152444211728, 'subsample': 0.4000538037160385, 'learning_rate': 0.005790653892881801, 'max_depth': 9, 'min_child_weight': 11, 'eval_metric': 'rmse'}. Best is trial 546 with value: 0.08720962612705459.
start listen on 192.168.1.101:46373
@tracker All of 1 nodes getting started
@tracker All nodes finishes job
Trial 696 finished with value: 0.08746452717107235 and parameters: {'objective': 'reg:squarederror', 'tree_method': 'gpu_hist', 'lambda': 0.11854613569033817, 'alpha': 0.06439237991551403, 'colsample_bytree': 0.9286154563436126, 'subsample': 0.41477378451725627, 'learning_rate': 0.006608699816254579, 'max_depth': 9, 'min_child_weight': 6, 'eval_metric': 'rmse'}. Best is trial 546 with value: 0.08720962612705459.
start listen on 192.168.1.101:55399
@tracker All of 1 nodes getting started
@tracker All nodes finishes job
Trial 697 finished with value: 0.0880949445385604 and parameters: {'objective': 'reg:squarederror', 'tree_method': 'gpu_hist', 'lambda': 0.0975782941542686, 'alpha': 0.04539874421004037, 'colsample_bytree': 0.9575440121832205, 'subsample': 0.41341461690906045, 'learning_rate': 0.007395719839840724, 'max_depth': 9, 'min_child_weight': 11, 'eval_metric': 'rmse'}. Best is trial 546 with value: 0.08720962612705459.
start listen on 192.168.1.101:45529
@tracker All of 1 nodes getting started
@tracker All nodes finishes job
Trial 698 finished with value: 0.20747234554417468 and parameters: {'objective': 'reg:squarederror', 'tree_method': 'gpu_hist', 'lambda': 0.09374935121409385, 'alpha': 0.06420728932199576, 'colsample_bytree': 0.9342862469179718, 'subsample': 0.4204960391742702, 'learning_rate': 0.0015633445967136036, 'max_depth': 9, 'min_child_weight': 28, 'eval_metric': 'rmse'}. Best is trial 546 with value: 0.08720962612705459.
start listen on 192.168.1.101:52859
@tracker All of 1 nodes getting started
@tracker All nodes finishes job
Trial 699 finished with value: 0.08838619706107675 and parameters: {'objective': 'reg:squarederror', 'tree_method': 'gpu_hist', 'lambda': 0.06523717816907874, 'alpha': 0.06061360794869491, 'colsample_bytree': 0.9497199357387297, 'subsample': 0.4075416198058747, 'learning_rate': 0.006234900428903911, 'max_depth': 9, 'min_child_weight': 16, 'eval_metric': 'rmse'}. Best is trial 546 with value: 0.08720962612705459.
start listen on 192.168.1.101:59327
@tracker All of 1 nodes getting started
@tracker All nodes finishes job
Trial 700 finished with value: 0.0873990401626251 and parameters: {'objective': 'reg:squarederror', 'tree_method': 'gpu_hist', 'lambda': 0.08142414518097338, 'alpha': 0.05323685743068525, 'colsample_bytree': 0.9344348181163519, 'subsample': 0.43005779498414076, 'learning_rate': 0.006879366914428897, 'max_depth': 9, 'min_child_weight': 6, 'eval_metric': 'rmse'}. Best is trial 546 with value: 0.08720962612705459.
start listen on 192.168.1.101:37211
@tracker All of 1 nodes getting started
@tracker All nodes finishes job
Trial 701 finished with value: 0.09130243594198074 and parameters: {'objective': 'reg:squarederror', 'tree_method': 'gpu_hist', 'lambda': 0.08656236937666888, 'alpha': 0.057516678536098084, 'colsample_bytree': 0.9280118263042159, 'subsample': 0.4321147340182037, 'learning_rate': 0.029984968923073143, 'max_depth': 9, 'min_child_weight': 1, 'eval_metric': 'rmse'}. Best is trial 546 with value: 0.08720962612705459.
start listen on 192.168.1.101:57731
@tracker All of 1 nodes getting started
@tracker All nodes finishes job
Trial 702 finished with value: 0.08886425972960198 and parameters: {'objective': 'reg:squarederror', 'tree_method': 'gpu_hist', 'lambda': 0.11931436539099681, 'alpha': 0.043664266730762985, 'colsample_bytree': 0.941407716278576, 'subsample': 0.4171428767763331, 'learning_rate': 0.005483507043011909, 'max_depth': 9, 'min_child_weight': 21, 'eval_metric': 'rmse'}. Best is trial 546 with value: 0.08720962612705459.
start listen on 192.168.1.101:50519
@tracker All of 1 nodes getting started
@tracker All nodes finishes job
Trial 703 finished with value: 0.3564773162590189 and parameters: {'objective': 'reg:squarederror', 'tree_method': 'gpu_hist', 'lambda': 0.07597202930182631, 'alpha': 0.04902259435820929, 'colsample_bytree': 0.9232797797738268, 'subsample': 0.43192567863593756, 'learning_rate': 0.00655961233267291, 'max_depth': 9, 'min_child_weight': 263, 'eval_metric': 'rmse'}. Best is trial 546 with value: 0.08720962612705459.
start listen on 192.168.1.101:39551
@tracker All of 1 nodes getting started
@tracker All nodes finishes job
Trial 704 finished with value: 0.08737768857579738 and parameters: {'objective': 'reg:squarederror', 'tree_method': 'gpu_hist', 'lambda': 0.0931273057449885, 'alpha': 0.051646595301131235, 'colsample_bytree': 0.9301535166584913, 'subsample': 0.40931202874954453, 'learning_rate': 0.0058986108451185276, 'max_depth': 9, 'min_child_weight': 6, 'eval_metric': 'rmse'}. Best is trial 546 with value: 0.08720962612705459.
start listen on 192.168.1.101:34445
@tracker All of 1 nodes getting started
@tracker All nodes finishes job
Trial 705 finished with value: 0.0881949046363544 and parameters: {'objective': 'reg:squarederror', 'tree_method': 'gpu_hist', 'lambda': 0.10030154172730427, 'alpha': 0.051906733407928854, 'colsample_bytree': 0.9552218292266895, 'subsample': 0.44295883315963097, 'learning_rate': 0.005452911859136088, 'max_depth': 9, 'min_child_weight': 1, 'eval_metric': 'rmse'}. Best is trial 546 with value: 0.08720962612705459.
start listen on 192.168.1.101:39151
@tracker All of 1 nodes getting started
@tracker All nodes finishes job
