Trial 289 finished with value: 0.08854724897591983 and parameters: {'objective': 'reg:squarederror', 'tree_method': 'gpu_hist', 'lambda': 0.48771987925503935, 'alpha': 0.020039733440566792, 'colsample_bytree': 0.9865504227894529, 'subsample': 0.6283220488322561, 'learning_rate': 0.005477129235157463, 'max_depth': 17, 'min_child_weight': 23, 'eval_metric': 'rmse'}. Best is trial 247 with value: 0.08793714839123393.
start listen on 192.168.1.101:36521
@tracker All of 1 nodes getting started
@tracker All nodes finishes job
Trial 290 finished with value: 0.09172781739235143 and parameters: {'objective': 'reg:squarederror', 'tree_method': 'gpu_hist', 'lambda': 1.0123067925193574, 'alpha': 0.03135423558843555, 'colsample_bytree': 0.9585833774652418, 'subsample': 0.6049438556111287, 'learning_rate': 0.004537680207296927, 'max_depth': 5, 'min_child_weight': 13, 'eval_metric': 'rmse'}. Best is trial 247 with value: 0.08793714839123393.
start listen on 192.168.1.101:45801
@tracker All of 1 nodes getting started
@tracker All nodes finishes job
Trial 291 finished with value: 0.09292912851742484 and parameters: {'objective': 'reg:squarederror', 'tree_method': 'gpu_hist', 'lambda': 0.5689152879146211, 'alpha': 0.025207368246051055, 'colsample_bytree': 0.9721109454693468, 'subsample': 0.5505120228570612, 'learning_rate': 0.0037920644375256576, 'max_depth': 17, 'min_child_weight': 1, 'eval_metric': 'rmse'}. Best is trial 247 with value: 0.08793714839123393.
start listen on 192.168.1.101:39019
@tracker All of 1 nodes getting started
@tracker All nodes finishes job
Trial 292 finished with value: 0.09745407290965648 and parameters: {'objective': 'reg:squarederror', 'tree_method': 'gpu_hist', 'lambda': 0.7342611407556032, 'alpha': 0.017645888249703666, 'colsample_bytree': 0.9420117664695646, 'subsample': 0.5834767053680995, 'learning_rate': 0.08362125344866689, 'max_depth': 17, 'min_child_weight': 27, 'eval_metric': 'rmse'}. Best is trial 247 with value: 0.08793714839123393.
start listen on 192.168.1.101:34507
@tracker All of 1 nodes getting started
@tracker All nodes finishes job
Trial 293 finished with value: 0.08843509629290142 and parameters: {'objective': 'reg:squarederror', 'tree_method': 'gpu_hist', 'lambda': 0.45129979709289625, 'alpha': 0.014386163907325066, 'colsample_bytree': 0.9844399125934409, 'subsample': 0.6151968503058569, 'learning_rate': 0.00500660008581808, 'max_depth': 17, 'min_child_weight': 6, 'eval_metric': 'rmse'}. Best is trial 247 with value: 0.08793714839123393.
start listen on 192.168.1.101:39969
@tracker All of 1 nodes getting started
@tracker All nodes finishes job
Trial 294 finished with value: 0.08918932575022075 and parameters: {'objective': 'reg:squarederror', 'tree_method': 'gpu_hist', 'lambda': 1.4847308633886722, 'alpha': 0.020551373006922096, 'colsample_bytree': 0.9614638525848875, 'subsample': 0.5958835540269674, 'learning_rate': 0.004452406666609781, 'max_depth': 17, 'min_child_weight': 19, 'eval_metric': 'rmse'}. Best is trial 247 with value: 0.08793714839123393.
start listen on 192.168.1.101:35543
@tracker All of 1 nodes getting started
@tracker All nodes finishes job
Trial 295 finished with value: 0.08798049649942653 and parameters: {'objective': 'reg:squarederror', 'tree_method': 'gpu_hist', 'lambda': 0.5347003682272994, 'alpha': 0.02982401285043164, 'colsample_bytree': 0.9713523520580425, 'subsample': 0.5773160309775069, 'learning_rate': 0.005410238799949466, 'max_depth': 17, 'min_child_weight': 11, 'eval_metric': 'rmse'}. Best is trial 247 with value: 0.08793714839123393.
start listen on 192.168.1.101:33767
@tracker All of 1 nodes getting started
@tracker All nodes finishes job
Trial 296 finished with value: 0.08813081607967378 and parameters: {'objective': 'reg:squarederror', 'tree_method': 'gpu_hist', 'lambda': 0.8869934418739027, 'alpha': 0.030798397540207294, 'colsample_bytree': 0.9506321373356248, 'subsample': 0.572306239460847, 'learning_rate': 0.00561079603134692, 'max_depth': 17, 'min_child_weight': 7, 'eval_metric': 'rmse'}. Best is trial 247 with value: 0.08793714839123393.
start listen on 192.168.1.101:33255
@tracker All of 1 nodes getting started
@tracker All nodes finishes job
Trial 297 finished with value: 0.08819472146948122 and parameters: {'objective': 'reg:squarederror', 'tree_method': 'gpu_hist', 'lambda': 0.9338355346627061, 'alpha': 0.03495100098505065, 'colsample_bytree': 0.9526233830871047, 'subsample': 0.5764125194886509, 'learning_rate': 0.005444695640505135, 'max_depth': 17, 'min_child_weight': 5, 'eval_metric': 'rmse'}. Best is trial 247 with value: 0.08793714839123393.
start listen on 192.168.1.101:47823
@tracker All of 1 nodes getting started
@tracker All nodes finishes job
Trial 298 finished with value: 0.0882735597218718 and parameters: {'objective': 'reg:squarederror', 'tree_method': 'gpu_hist', 'lambda': 1.1812315185110023, 'alpha': 0.03936241753551241, 'colsample_bytree': 0.9695219334943664, 'subsample': 0.522524218326234, 'learning_rate': 0.005149408708420859, 'max_depth': 17, 'min_child_weight': 15, 'eval_metric': 'rmse'}. Best is trial 247 with value: 0.08793714839123393.
start listen on 192.168.1.101:54377
@tracker All of 1 nodes getting started
@tracker All nodes finishes job
Trial 299 finished with value: 0.14793620444238506 and parameters: {'objective': 'reg:squarederror', 'tree_method': 'gpu_hist', 'lambda': 0.58767840329134, 'alpha': 0.029392926095968178, 'colsample_bytree': 0.9373618674979716, 'subsample': 0.5654835313241667, 'learning_rate': 0.0020060190241891996, 'max_depth': 17, 'min_child_weight': 19, 'eval_metric': 'rmse'}. Best is trial 247 with value: 0.08793714839123393.
start listen on 192.168.1.101:41251
@tracker All of 1 nodes getting started
@tracker All nodes finishes job
Trial 300 finished with value: 0.11195163267835866 and parameters: {'objective': 'reg:squarederror', 'tree_method': 'gpu_hist', 'lambda': 0.8193018733343265, 'alpha': 0.02263459494548473, 'colsample_bytree': 0.9672675306536664, 'subsample': 0.5861220499744106, 'learning_rate': 0.00553562408669514, 'max_depth': 17, 'min_child_weight': 76, 'eval_metric': 'rmse'}. Best is trial 247 with value: 0.08793714839123393.
start listen on 192.168.1.101:52071
@tracker All of 1 nodes getting started
@tracker All nodes finishes job
Trial 301 finished with value: 0.08858809015449763 and parameters: {'objective': 'reg:squarederror', 'tree_method': 'gpu_hist', 'lambda': 0.672366896327212, 'alpha': 0.0272391350150882, 'colsample_bytree': 0.9987772637208072, 'subsample': 0.5756840665758824, 'learning_rate': 0.004286335842765993, 'max_depth': 17, 'min_child_weight': 7, 'eval_metric': 'rmse'}. Best is trial 247 with value: 0.08793714839123393.
start listen on 192.168.1.101:52555
@tracker All of 1 nodes getting started
@tracker All nodes finishes job
Trial 302 finished with value: 0.08817621332955429 and parameters: {'objective': 'reg:squarederror', 'tree_method': 'gpu_hist', 'lambda': 0.5772956052091138, 'alpha': 0.04927789132348989, 'colsample_bytree': 0.9545461902725186, 'subsample': 0.5964165194215143, 'learning_rate': 0.004614403911992186, 'max_depth': 11, 'min_child_weight': 12, 'eval_metric': 'rmse'}. Best is trial 247 with value: 0.08793714839123393.
start listen on 192.168.1.101:47323
@tracker All of 1 nodes getting started
@tracker All nodes finishes job
Trial 303 finished with value: 0.0894414752875305 and parameters: {'objective': 'reg:squarederror', 'tree_method': 'gpu_hist', 'lambda': 0.54705404474173, 'alpha': 0.040271803195978506, 'colsample_bytree': 0.9525476121419248, 'subsample': 0.5972350574151497, 'learning_rate': 0.0046674758136815864, 'max_depth': 11, 'min_child_weight': 1, 'eval_metric': 'rmse'}. Best is trial 247 with value: 0.08793714839123393.
start listen on 192.168.1.101:34831
@tracker All of 1 nodes getting started
@tracker All nodes finishes job
Trial 304 finished with value: 0.09086320969045736 and parameters: {'objective': 'reg:squarederror', 'tree_method': 'gpu_hist', 'lambda': 1.0608691524113978, 'alpha': 0.06191508824302113, 'colsample_bytree': 0.9376633929678955, 'subsample': 0.5874782430633803, 'learning_rate': 0.004027586876353137, 'max_depth': 11, 'min_child_weight': 29, 'eval_metric': 'rmse'}. Best is trial 247 with value: 0.08793714839123393.
start listen on 192.168.1.101:58031
@tracker All of 1 nodes getting started
@tracker All nodes finishes job
Trial 305 finished with value: 0.08847561058975491 and parameters: {'objective': 'reg:squarederror', 'tree_method': 'gpu_hist', 'lambda': 0.7442901658615089, 'alpha': 0.052327105167631754, 'colsample_bytree': 0.9740911717598506, 'subsample': 0.5622972395511374, 'learning_rate': 0.005654170036438238, 'max_depth': 11, 'min_child_weight': 20, 'eval_metric': 'rmse'}. Best is trial 247 with value: 0.08793714839123393.
start listen on 192.168.1.101:33933
@tracker All of 1 nodes getting started
@tracker All nodes finishes job
Trial 306 finished with value: 0.10055473983101795 and parameters: {'objective': 'reg:squarederror', 'tree_method': 'gpu_hist', 'lambda': 0.6520535085543763, 'alpha': 0.031862047628365135, 'colsample_bytree': 0.9541778718469062, 'subsample': 0.5497467451422934, 'learning_rate': 0.0029015959389216816, 'max_depth': 11, 'min_child_weight': 13, 'eval_metric': 'rmse'}. Best is trial 247 with value: 0.08793714839123393.
start listen on 192.168.1.101:38999
@tracker All of 1 nodes getting started
@tracker All nodes finishes job
Trial 307 finished with value: 0.08859161700639075 and parameters: {'objective': 'reg:squarederror', 'tree_method': 'gpu_hist', 'lambda': 0.8678421009869302, 'alpha': 0.025661221938024555, 'colsample_bytree': 0.9729330632365617, 'subsample': 0.6104712433497961, 'learning_rate': 0.004496433208406568, 'max_depth': 17, 'min_child_weight': 7, 'eval_metric': 'rmse'}. Best is trial 247 with value: 0.08793714839123393.
start listen on 192.168.1.101:34991
@tracker All of 1 nodes getting started
@tracker All nodes finishes job
Trial 308 finished with value: 0.09218663317234425 and parameters: {'objective': 'reg:squarederror', 'tree_method': 'gpu_hist', 'lambda': 0.5389940993932348, 'alpha': 0.01832100066796027, 'colsample_bytree': 0.9422105252792694, 'subsample': 0.6009009309274363, 'learning_rate': 0.053906837166235934, 'max_depth': 3, 'min_child_weight': 15, 'eval_metric': 'rmse'}. Best is trial 247 with value: 0.08793714839123393.
start listen on 192.168.1.101:35881
@tracker All of 1 nodes getting started
@tracker All nodes finishes job
Trial 309 finished with value: 0.08915257118641318 and parameters: {'objective': 'reg:squarederror', 'tree_method': 'gpu_hist', 'lambda': 0.6447516253307525, 'alpha': 0.03267436417040004, 'colsample_bytree': 0.9610833758433144, 'subsample': 0.5736184965444653, 'learning_rate': 0.005082754658619204, 'max_depth': 9, 'min_child_weight': 26, 'eval_metric': 'rmse'}. Best is trial 247 with value: 0.08793714839123393.
start listen on 192.168.1.101:38477
@tracker All of 1 nodes getting started
@tracker All nodes finishes job
Trial 310 finished with value: 0.08836612113520023 and parameters: {'objective': 'reg:squarederror', 'tree_method': 'gpu_hist', 'lambda': 0.8729647691455904, 'alpha': 0.025102847146721417, 'colsample_bytree': 0.9879838182682346, 'subsample': 0.5893068575356515, 'learning_rate': 0.005614463041036637, 'max_depth': 15, 'min_child_weight': 20, 'eval_metric': 'rmse'}. Best is trial 247 with value: 0.08793714839123393.
start listen on 192.168.1.101:33777
@tracker All of 1 nodes getting started
@tracker All nodes finishes job
Trial 311 finished with value: 0.09049356932222226 and parameters: {'objective': 'reg:squarederror', 'tree_method': 'gpu_hist', 'lambda': 0.5026052831244457, 'alpha': 0.021447468610267306, 'colsample_bytree': 0.9747364667826656, 'subsample': 0.626046271992221, 'learning_rate': 0.0037743655892046677, 'max_depth': 17, 'min_child_weight': 7, 'eval_metric': 'rmse'}. Best is trial 247 with value: 0.08793714839123393.
start listen on 192.168.1.101:33227
@tracker All of 1 nodes getting started
@tracker All nodes finishes job
Trial 312 finished with value: 0.08833786256379533 and parameters: {'objective': 'reg:squarederror', 'tree_method': 'gpu_hist', 'lambda': 0.7001530121319939, 'alpha': 0.017243138867238154, 'colsample_bytree': 0.961352694226216, 'subsample': 0.6045787157021255, 'learning_rate': 0.0045419919546099705, 'max_depth': 17, 'min_child_weight': 12, 'eval_metric': 'rmse'}. Best is trial 247 with value: 0.08793714839123393.
start listen on 192.168.1.101:51869
@tracker All of 1 nodes getting started
@tracker All nodes finishes job
Trial 313 finished with value: 0.09044571481976085 and parameters: {'objective': 'reg:squarederror', 'tree_method': 'gpu_hist', 'lambda': 1.4131365954467727, 'alpha': 0.04270638814387549, 'colsample_bytree': 0.9474058218960738, 'subsample': 0.5934836482458264, 'learning_rate': 0.005131594981975934, 'max_depth': 17, 'min_child_weight': 1, 'eval_metric': 'rmse'}. Best is trial 247 with value: 0.08793714839123393.
start listen on 192.168.1.101:42875
@tracker All of 1 nodes getting started
@tracker All nodes finishes job
Trial 314 finished with value: 0.0898919905803594 and parameters: {'objective': 'reg:squarederror', 'tree_method': 'gpu_hist', 'lambda': 0.5564904819414697, 'alpha': 0.0146172173933934, 'colsample_bytree': 0.9886284583003604, 'subsample': 0.5779411034491209, 'learning_rate': 0.004118503849957755, 'max_depth': 13, 'min_child_weight': 23, 'eval_metric': 'rmse'}. Best is trial 247 with value: 0.08793714839123393.
start listen on 192.168.1.101:46279
@tracker All of 1 nodes getting started
@tracker All nodes finishes job
Trial 315 finished with value: 0.23396023505662267 and parameters: {'objective': 'reg:squarederror', 'tree_method': 'gpu_hist', 'lambda': 1.1003696551619782, 'alpha': 0.02764495377645027, 'colsample_bytree': 0.9752700384436135, 'subsample': 0.6187163900111687, 'learning_rate': 0.004758658107406255, 'max_depth': 11, 'min_child_weight': 225, 'eval_metric': 'rmse'}. Best is trial 247 with value: 0.08793714839123393.
start listen on 192.168.1.101:58625
@tracker All of 1 nodes getting started
@tracker All nodes finishes job
Trial 316 finished with value: 0.23821811638407875 and parameters: {'objective': 'reg:squarederror', 'tree_method': 'gpu_hist', 'lambda': 0.4483506134758011, 'alpha': 0.022808621121851818, 'colsample_bytree': 0.998737650023062, 'subsample': 0.5389981132513518, 'learning_rate': 0.00559545177602256, 'max_depth': 17, 'min_child_weight': 206, 'eval_metric': 'rmse'}. Best is trial 247 with value: 0.08793714839123393.
start listen on 192.168.1.101:48385
@tracker All of 1 nodes getting started
@tracker All nodes finishes job
Trial 317 finished with value: 0.08803520272452929 and parameters: {'objective': 'reg:squarederror', 'tree_method': 'gpu_hist', 'lambda': 0.7090187141910377, 'alpha': 0.03552484134616462, 'colsample_bytree': 0.9623586125972262, 'subsample': 0.5584732003122367, 'learning_rate': 0.005108441396987553, 'max_depth': 17, 'min_child_weight': 14, 'eval_metric': 'rmse'}. Best is trial 247 with value: 0.08793714839123393.
start listen on 192.168.1.101:48281
@tracker All of 1 nodes getting started
@tracker All nodes finishes job
Trial 318 finished with value: 0.08839249227949404 and parameters: {'objective': 'reg:squarederror', 'tree_method': 'gpu_hist', 'lambda': 0.9293083186383283, 'alpha': 0.036378708690671994, 'colsample_bytree': 0.9751096791851511, 'subsample': 0.5527740696391236, 'learning_rate': 0.005223164758733196, 'max_depth': 17, 'min_child_weight': 17, 'eval_metric': 'rmse'}. Best is trial 247 with value: 0.08793714839123393.
start listen on 192.168.1.101:57895
@tracker All of 1 nodes getting started
@tracker All nodes finishes job
Trial 319 finished with value: 0.09378623699610689 and parameters: {'objective': 'reg:squarederror', 'tree_method': 'gpu_hist', 'lambda': 0.7493191302991294, 'alpha': 0.02025060521019035, 'colsample_bytree': 0.9620499654725277, 'subsample': 0.5687403894713563, 'learning_rate': 0.003372388829079017, 'max_depth': 17, 'min_child_weight': 6, 'eval_metric': 'rmse'}. Best is trial 247 with value: 0.08793714839123393.
start listen on 192.168.1.101:44459
@tracker All of 1 nodes getting started
@tracker All nodes finishes job
Trial 320 finished with value: 0.12316522933031342 and parameters: {'objective': 'reg:squarederror', 'tree_method': 'gpu_hist', 'lambda': 0.7823683979088191, 'alpha': 0.013196912521201469, 'colsample_bytree': 0.9864487039852967, 'subsample': 0.556810478540369, 'learning_rate': 0.0023386221151333554, 'max_depth': 17, 'min_child_weight': 30, 'eval_metric': 'rmse'}. Best is trial 247 with value: 0.08793714839123393.
start listen on 192.168.1.101:48637
@tracker All of 1 nodes getting started
@tracker All nodes finishes job
Trial 321 finished with value: 0.08813001593685288 and parameters: {'objective': 'reg:squarederror', 'tree_method': 'gpu_hist', 'lambda': 0.38421750414141864, 'alpha': 0.030686185323378568, 'colsample_bytree': 0.9327551600426014, 'subsample': 0.5293633549126145, 'learning_rate': 0.0056655612596410105, 'max_depth': 17, 'min_child_weight': 17, 'eval_metric': 'rmse'}. Best is trial 247 with value: 0.08793714839123393.
start listen on 192.168.1.101:39727
@tracker All of 1 nodes getting started
@tracker All nodes finishes job
Trial 322 finished with value: 0.08853039679511415 and parameters: {'objective': 'reg:squarederror', 'tree_method': 'gpu_hist', 'lambda': 0.3774242012967723, 'alpha': 0.03332058239555059, 'colsample_bytree': 0.9336294467838171, 'subsample': 0.4942469653145962, 'learning_rate': 0.005651692544296885, 'max_depth': 17, 'min_child_weight': 22, 'eval_metric': 'rmse'}. Best is trial 247 with value: 0.08793714839123393.
start listen on 192.168.1.101:47843
@tracker All of 1 nodes getting started
@tracker All nodes finishes job
Trial 323 finished with value: 0.08793246917451533 and parameters: {'objective': 'reg:squarederror', 'tree_method': 'gpu_hist', 'lambda': 0.3700011916660357, 'alpha': 0.017113705151626583, 'colsample_bytree': 0.935895391792336, 'subsample': 0.6247875223146895, 'learning_rate': 0.005786908219492394, 'max_depth': 17, 'min_child_weight': 16, 'eval_metric': 'rmse'}. Best is trial 323 with value: 0.08793246917451533.
start listen on 192.168.1.101:41475
@tracker All of 1 nodes getting started
@tracker All nodes finishes job
Trial 324 finished with value: 0.08819803324983136 and parameters: {'objective': 'reg:squarederror', 'tree_method': 'gpu_hist', 'lambda': 0.464174714024631, 'alpha': 0.016584718923494023, 'colsample_bytree': 0.9328740248916577, 'subsample': 0.5297680138371077, 'learning_rate': 0.0055278219737338735, 'max_depth': 17, 'min_child_weight': 18, 'eval_metric': 'rmse'}. Best is trial 323 with value: 0.08793246917451533.
start listen on 192.168.1.101:35279
@tracker All of 1 nodes getting started
@tracker All nodes finishes job
Trial 325 finished with value: 0.08882978117016767 and parameters: {'objective': 'reg:squarederror', 'tree_method': 'gpu_hist', 'lambda': 1.2137149723761924, 'alpha': 0.019313442465971137, 'colsample_bytree': 0.941385739949456, 'subsample': 0.6058905238084015, 'learning_rate': 0.005988472468486848, 'max_depth': 17, 'min_child_weight': 24, 'eval_metric': 'rmse'}. Best is trial 323 with value: 0.08793246917451533.
start listen on 192.168.1.101:55347
@tracker All of 1 nodes getting started
@tracker All nodes finishes job
Trial 326 finished with value: 0.08847777747270891 and parameters: {'objective': 'reg:squarederror', 'tree_method': 'gpu_hist', 'lambda': 0.9517229322103112, 'alpha': 0.02290244579059286, 'colsample_bytree': 0.9311964841155972, 'subsample': 0.5135451624318585, 'learning_rate': 0.005203682964685241, 'max_depth': 17, 'min_child_weight': 16, 'eval_metric': 'rmse'}. Best is trial 323 with value: 0.08793246917451533.
start listen on 192.168.1.101:60823
@tracker All of 1 nodes getting started
@tracker All nodes finishes job
Trial 327 finished with value: 0.08834480763468953 and parameters: {'objective': 'reg:squarederror', 'tree_method': 'gpu_hist', 'lambda': 0.3554362126493826, 'alpha': 0.013734912144401507, 'colsample_bytree': 0.9474394022121189, 'subsample': 0.6253262364366278, 'learning_rate': 0.005745769547308523, 'max_depth': 17, 'min_child_weight': 7, 'eval_metric': 'rmse'}. Best is trial 323 with value: 0.08793246917451533.
start listen on 192.168.1.101:38949
@tracker All of 1 nodes getting started
@tracker All nodes finishes job
Trial 328 finished with value: 0.2251062143880373 and parameters: {'objective': 'reg:squarederror', 'tree_method': 'gpu_hist', 'lambda': 0.6614372006601547, 'alpha': 0.02981955450309472, 'colsample_bytree': 0.9549563305997455, 'subsample': 0.6106337321305815, 'learning_rate': 0.0014806621358002274, 'max_depth': 5, 'min_child_weight': 30, 'eval_metric': 'rmse'}. Best is trial 323 with value: 0.08793246917451533.
start listen on 192.168.1.101:45573
@tracker All of 1 nodes getting started
@tracker All nodes finishes job
Trial 329 finished with value: 0.15749112373632584 and parameters: {'objective': 'reg:squarederror', 'tree_method': 'gpu_hist', 'lambda': 0.47838699235646204, 'alpha': 7.960318474891644, 'colsample_bytree': 0.9733356385335764, 'subsample': 0.5876849420937932, 'learning_rate': 0.0050804889677869575, 'max_depth': 17, 'min_child_weight': 155, 'eval_metric': 'rmse'}. Best is trial 323 with value: 0.08793246917451533.
start listen on 192.168.1.101:52995
@tracker All of 1 nodes getting started
@tracker All nodes finishes job
