A new study created in RDB with name: jul_2021_test_1000_2
Start optimization.
start listen on 192.168.1.101:57127
@tracker All of 1 nodes getting started
@tracker All nodes finishes job
Trial 0 finished with value: 0.40057762170559574 and parameters: {'objective': 'reg:squarederror', 'tree_method': 'gpu_hist', 'lambda': 0.5735290202643869, 'alpha': 0.0192023865698178, 'colsample_bytree': 0.3223942269542381, 'subsample': 0.7236069657376822, 'learning_rate': 0.010575947271933414, 'max_depth': 13, 'min_child_weight': 10, 'eval_metric': 'rmse'}. Best is trial 0 with value: 0.40057762170559574.
start listen on 192.168.1.101:32927
@tracker All of 1 nodes getting started
@tracker All nodes finishes job
Trial 1 finished with value: 0.36610602845190254 and parameters: {'objective': 'reg:squarederror', 'tree_method': 'gpu_hist', 'lambda': 0.0013647692571842123, 'alpha': 0.01859640949951896, 'colsample_bytree': 0.5371778194854967, 'subsample': 0.9852449153383789, 'learning_rate': 0.053162280638605466, 'max_depth': 17, 'min_child_weight': 67, 'eval_metric': 'rmse'}. Best is trial 1 with value: 0.36610602845190254.
start listen on 192.168.1.101:54279
@tracker All of 1 nodes getting started
@tracker All nodes finishes job
Trial 2 finished with value: 0.5000105443551586 and parameters: {'objective': 'reg:squarederror', 'tree_method': 'gpu_hist', 'lambda': 0.1587897455309888, 'alpha': 2.662575698946278, 'colsample_bytree': 0.46713524579564264, 'subsample': 0.6509791676699819, 'learning_rate': 0.0036825891226508656, 'max_depth': 13, 'min_child_weight': 160, 'eval_metric': 'rmse'}. Best is trial 1 with value: 0.36610602845190254.
start listen on 192.168.1.101:53191
@tracker All of 1 nodes getting started
@tracker All nodes finishes job
Trial 3 finished with value: 0.44014761586098644 and parameters: {'objective': 'reg:squarederror', 'tree_method': 'gpu_hist', 'lambda': 0.0013420425863841688, 'alpha': 0.17437568221520763, 'colsample_bytree': 0.6562158687939271, 'subsample': 0.9239889893365953, 'learning_rate': 0.01669013086694759, 'max_depth': 5, 'min_child_weight': 167, 'eval_metric': 'rmse'}. Best is trial 1 with value: 0.36610602845190254.
start listen on 192.168.1.101:36369
@tracker All of 1 nodes getting started
@tracker All nodes finishes job
Trial 4 finished with value: 0.39162973204033247 and parameters: {'objective': 'reg:squarederror', 'tree_method': 'gpu_hist', 'lambda': 9.28931564360216, 'alpha': 0.7119418145769134, 'colsample_bytree': 0.38128006767904715, 'subsample': 0.6845274112978492, 'learning_rate': 0.003913609822690168, 'max_depth': 11, 'min_child_weight': 72, 'eval_metric': 'rmse'}. Best is trial 1 with value: 0.36610602845190254.
start listen on 192.168.1.101:42227
@tracker All of 1 nodes getting started
@tracker All nodes finishes job
Trial 5 finished with value: 0.47250061100078317 and parameters: {'objective': 'reg:squarederror', 'tree_method': 'gpu_hist', 'lambda': 3.226834789418418, 'alpha': 1.3943491618765786, 'colsample_bytree': 0.4991400837588739, 'subsample': 0.873750629193415, 'learning_rate': 0.02037737791989714, 'max_depth': 13, 'min_child_weight': 191, 'eval_metric': 'rmse'}. Best is trial 1 with value: 0.36610602845190254.
start listen on 192.168.1.101:51759
@tracker All of 1 nodes getting started
@tracker All nodes finishes job
Trial 6 finished with value: 0.4772896887006424 and parameters: {'objective': 'reg:squarederror', 'tree_method': 'gpu_hist', 'lambda': 0.009383385626330905, 'alpha': 0.07308503761378292, 'colsample_bytree': 0.8565236022686724, 'subsample': 0.6775624299026877, 'learning_rate': 0.0014358937529089081, 'max_depth': 9, 'min_child_weight': 293, 'eval_metric': 'rmse'}. Best is trial 1 with value: 0.36610602845190254.
start listen on 192.168.1.101:43275
@tracker All of 1 nodes getting started
@tracker All nodes finishes job
Trial 7 finished with value: 0.4295588271548342 and parameters: {'objective': 'reg:squarederror', 'tree_method': 'gpu_hist', 'lambda': 2.702901954082065, 'alpha': 9.765604818464722, 'colsample_bytree': 0.8706897424877695, 'subsample': 0.46333443149848774, 'learning_rate': 0.0019254427285569473, 'max_depth': 11, 'min_child_weight': 149, 'eval_metric': 'rmse'}. Best is trial 1 with value: 0.36610602845190254.
start listen on 192.168.1.101:45325
@tracker All of 1 nodes getting started
@tracker All nodes finishes job
Trial 8 finished with value: 0.452475287181885 and parameters: {'objective': 'reg:squarederror', 'tree_method': 'gpu_hist', 'lambda': 0.7895095837707949, 'alpha': 1.4258069020961261, 'colsample_bytree': 0.4940189184295715, 'subsample': 0.911198171320967, 'learning_rate': 0.04591953274289027, 'max_depth': 9, 'min_child_weight': 152, 'eval_metric': 'rmse'}. Best is trial 1 with value: 0.36610602845190254.
start listen on 192.168.1.101:55391
@tracker All of 1 nodes getting started
@tracker All nodes finishes job
Trial 9 finished with value: 0.4677806835216767 and parameters: {'objective': 'reg:squarederror', 'tree_method': 'gpu_hist', 'lambda': 2.1100924575561217, 'alpha': 0.382558471224243, 'colsample_bytree': 0.9763420186695317, 'subsample': 0.5215715186529849, 'learning_rate': 0.005122813849661076, 'max_depth': 20, 'min_child_weight': 168, 'eval_metric': 'rmse'}. Best is trial 1 with value: 0.36610602845190254.
start listen on 192.168.1.101:55653
@tracker All of 1 nodes getting started
@tracker All nodes finishes job
Trial 10 finished with value: 0.36868672431664434 and parameters: {'objective': 'reg:squarederror', 'tree_method': 'gpu_hist', 'lambda': 0.016086968047806335, 'alpha': 0.0018504988450237744, 'colsample_bytree': 0.6686701291613273, 'subsample': 0.9899252564493197, 'learning_rate': 0.0953159488950386, 'max_depth': 17, 'min_child_weight': 72, 'eval_metric': 'rmse'}. Best is trial 1 with value: 0.36610602845190254.
start listen on 192.168.1.101:37677
@tracker All of 1 nodes getting started
@tracker All nodes finishes job
Trial 11 finished with value: 0.36526540815865033 and parameters: {'objective': 'reg:squarederror', 'tree_method': 'gpu_hist', 'lambda': 0.011848614117955169, 'alpha': 0.0018979104209151968, 'colsample_bytree': 0.6629658663313271, 'subsample': 0.9975999151776391, 'learning_rate': 0.09563589073505503, 'max_depth': 17, 'min_child_weight': 66, 'eval_metric': 'rmse'}. Best is trial 11 with value: 0.36526540815865033.
start listen on 192.168.1.101:52695
@tracker All of 1 nodes getting started
@tracker All nodes finishes job
Trial 12 finished with value: 0.3960372491452121 and parameters: {'objective': 'reg:squarederror', 'tree_method': 'gpu_hist', 'lambda': 0.0011982697657964348, 'alpha': 0.0011709676559789465, 'colsample_bytree': 0.7331338577972653, 'subsample': 0.8177413017817476, 'learning_rate': 0.09674103745122471, 'max_depth': 17, 'min_child_weight': 60, 'eval_metric': 'rmse'}. Best is trial 11 with value: 0.36526540815865033.
start listen on 192.168.1.101:60153
@tracker All of 1 nodes getting started
@tracker All nodes finishes job
Trial 13 finished with value: 0.3462498010651054 and parameters: {'objective': 'reg:squarederror', 'tree_method': 'gpu_hist', 'lambda': 0.008844187875665148, 'alpha': 0.007122437284157079, 'colsample_bytree': 0.5772310498271832, 'subsample': 0.9823939248039633, 'learning_rate': 0.03860582011662779, 'max_depth': 17, 'min_child_weight': 6, 'eval_metric': 'rmse'}. Best is trial 13 with value: 0.3462498010651054.
start listen on 192.168.1.101:43543
@tracker All of 1 nodes getting started
@tracker All nodes finishes job
Trial 14 finished with value: 0.33375540135457243 and parameters: {'objective': 'reg:squarederror', 'tree_method': 'gpu_hist', 'lambda': 0.017309097181839782, 'alpha': 0.00582675138111731, 'colsample_bytree': 0.7611851033879373, 'subsample': 0.8123324345442969, 'learning_rate': 0.031740356137240786, 'max_depth': 7, 'min_child_weight': 1, 'eval_metric': 'rmse'}. Best is trial 14 with value: 0.33375540135457243.
start listen on 192.168.1.101:55045
@tracker All of 1 nodes getting started
@tracker All nodes finishes job
Trial 15 finished with value: 0.3742277566117047 and parameters: {'objective': 'reg:squarederror', 'tree_method': 'gpu_hist', 'lambda': 0.040631956078771195, 'alpha': 0.00875424299579382, 'colsample_bytree': 0.7531417365992681, 'subsample': 0.7911212504583645, 'learning_rate': 0.029212352818919356, 'max_depth': 7, 'min_child_weight': 17, 'eval_metric': 'rmse'}. Best is trial 14 with value: 0.33375540135457243.
start listen on 192.168.1.101:58911
@tracker All of 1 nodes getting started
@tracker All nodes finishes job
Trial 16 finished with value: 0.4254684757255511 and parameters: {'objective': 'reg:squarederror', 'tree_method': 'gpu_hist', 'lambda': 0.0042115829029258384, 'alpha': 0.005583308993894539, 'colsample_bytree': 0.5920275614281802, 'subsample': 0.7875603151855979, 'learning_rate': 0.03638774458004764, 'max_depth': 7, 'min_child_weight': 117, 'eval_metric': 'rmse'}. Best is trial 14 with value: 0.33375540135457243.
start listen on 192.168.1.101:44261
@tracker All of 1 nodes getting started
@tracker All nodes finishes job
Trial 17 finished with value: 0.38663360198922203 and parameters: {'objective': 'reg:squarederror', 'tree_method': 'gpu_hist', 'lambda': 0.07665480666727481, 'alpha': 0.04743122594186506, 'colsample_bytree': 0.8067676896290634, 'subsample': 0.592592081104354, 'learning_rate': 0.012533573051670696, 'max_depth': 3, 'min_child_weight': 3, 'eval_metric': 'rmse'}. Best is trial 14 with value: 0.33375540135457243.
start listen on 192.168.1.101:41157
@tracker All of 1 nodes getting started
@tracker All nodes finishes job
Trial 18 finished with value: 0.4955944810264581 and parameters: {'objective': 'reg:squarederror', 'tree_method': 'gpu_hist', 'lambda': 0.032667039099824546, 'alpha': 0.006167421896452598, 'colsample_bytree': 0.9761699244613639, 'subsample': 0.8525617267799315, 'learning_rate': 0.023606701184727578, 'max_depth': 15, 'min_child_weight': 267, 'eval_metric': 'rmse'}. Best is trial 14 with value: 0.33375540135457243.
start listen on 192.168.1.101:33765
@tracker All of 1 nodes getting started
@tracker All nodes finishes job
Trial 19 finished with value: 0.3577961098865728 and parameters: {'objective': 'reg:squarederror', 'tree_method': 'gpu_hist', 'lambda': 0.003869112067385847, 'alpha': 0.02862251725078583, 'colsample_bytree': 0.7344118744229691, 'subsample': 0.7495438491458188, 'learning_rate': 0.006251743344651539, 'max_depth': 7, 'min_child_weight': 38, 'eval_metric': 'rmse'}. Best is trial 14 with value: 0.33375540135457243.
start listen on 192.168.1.101:54691
@tracker All of 1 nodes getting started
@tracker All nodes finishes job
Trial 20 finished with value: 0.3968218313432292 and parameters: {'objective': 'reg:squarederror', 'tree_method': 'gpu_hist', 'lambda': 0.17269481653805144, 'alpha': 0.0038543224450259313, 'colsample_bytree': 0.5633401360280738, 'subsample': 0.9276491741690215, 'learning_rate': 0.04706966953477844, 'max_depth': 20, 'min_child_weight': 106, 'eval_metric': 'rmse'}. Best is trial 14 with value: 0.33375540135457243.
start listen on 192.168.1.101:37769
@tracker All of 1 nodes getting started
@tracker All nodes finishes job
Trial 21 finished with value: 0.3546342964695228 and parameters: {'objective': 'reg:squarederror', 'tree_method': 'gpu_hist', 'lambda': 0.003521302203946643, 'alpha': 0.024176127298303693, 'colsample_bytree': 0.7223131893858188, 'subsample': 0.7320640213433265, 'learning_rate': 0.00731242530218243, 'max_depth': 7, 'min_child_weight': 32, 'eval_metric': 'rmse'}. Best is trial 14 with value: 0.33375540135457243.
start listen on 192.168.1.101:49841
@tracker All of 1 nodes getting started
@tracker All nodes finishes job
Trial 22 finished with value: 0.36517297790047787 and parameters: {'objective': 'reg:squarederror', 'tree_method': 'gpu_hist', 'lambda': 0.004613971415042371, 'alpha': 0.012374006756623855, 'colsample_bytree': 0.6122840743907976, 'subsample': 0.5864472259148542, 'learning_rate': 0.007208748883261269, 'max_depth': 7, 'min_child_weight': 33, 'eval_metric': 'rmse'}. Best is trial 14 with value: 0.33375540135457243.
start listen on 192.168.1.101:54555
@tracker All of 1 nodes getting started
@tracker All nodes finishes job
Trial 23 finished with value: 0.35788825927417545 and parameters: {'objective': 'reg:squarederror', 'tree_method': 'gpu_hist', 'lambda': 0.021497352253411744, 'alpha': 0.15425127989117027, 'colsample_bytree': 0.7927140838847345, 'subsample': 0.7636270795817576, 'learning_rate': 0.014838050113129888, 'max_depth': 7, 'min_child_weight': 38, 'eval_metric': 'rmse'}. Best is trial 14 with value: 0.33375540135457243.
start listen on 192.168.1.101:60609
@tracker All of 1 nodes getting started
@tracker All nodes finishes job
Trial 24 finished with value: 0.3992393129136229 and parameters: {'objective': 'reg:squarederror', 'tree_method': 'gpu_hist', 'lambda': 0.005162973484114568, 'alpha': 0.0031477648630853718, 'colsample_bytree': 0.6962478984771739, 'subsample': 0.8448438569773643, 'learning_rate': 0.008828782081031437, 'max_depth': 15, 'min_child_weight': 106, 'eval_metric': 'rmse'}. Best is trial 14 with value: 0.33375540135457243.
start listen on 192.168.1.101:48579
@tracker All of 1 nodes getting started
@tracker All nodes finishes job
Trial 25 finished with value: 0.36220600061610725 and parameters: {'objective': 'reg:squarederror', 'tree_method': 'gpu_hist', 'lambda': 0.0025573571315926007, 'alpha': 0.03906644532030712, 'colsample_bytree': 0.8955305542939594, 'subsample': 0.635386575434725, 'learning_rate': 0.06326159729092726, 'max_depth': 5, 'min_child_weight': 4, 'eval_metric': 'rmse'}. Best is trial 14 with value: 0.33375540135457243.
start listen on 192.168.1.101:44299
@tracker All of 1 nodes getting started
@tracker All nodes finishes job
Trial 26 finished with value: 0.40562455347547044 and parameters: {'objective': 'reg:squarederror', 'tree_method': 'gpu_hist', 'lambda': 0.008306928962996233, 'alpha': 0.010178407621895617, 'colsample_bytree': 0.42157105402273487, 'subsample': 0.891024649310945, 'learning_rate': 0.025861984471580484, 'max_depth': 3, 'min_child_weight': 34, 'eval_metric': 'rmse'}. Best is trial 14 with value: 0.33375540135457243.
start listen on 192.168.1.101:52793
@tracker All of 1 nodes getting started
@tracker All nodes finishes job
Trial 27 finished with value: 0.4008487148400657 and parameters: {'objective': 'reg:squarederror', 'tree_method': 'gpu_hist', 'lambda': 0.06869342305194466, 'alpha': 0.08502993057294607, 'colsample_bytree': 0.8115409165521242, 'subsample': 0.711252229930994, 'learning_rate': 0.034416512398222396, 'max_depth': 7, 'min_child_weight': 95, 'eval_metric': 'rmse'}. Best is trial 14 with value: 0.33375540135457243.
start listen on 192.168.1.101:53941
@tracker All of 1 nodes getting started
@tracker All nodes finishes job
Trial 28 finished with value: 0.48713595118119485 and parameters: {'objective': 'reg:squarederror', 'tree_method': 'gpu_hist', 'lambda': 0.026905263089752697, 'alpha': 0.0027290567165829073, 'colsample_bytree': 0.6082088412844509, 'subsample': 0.8227097522951194, 'learning_rate': 0.018484257688105292, 'max_depth': 7, 'min_child_weight': 214, 'eval_metric': 'rmse'}. Best is trial 14 with value: 0.33375540135457243.
start listen on 192.168.1.101:37825
@tracker All of 1 nodes getting started
@tracker All nodes finishes job
Trial 29 finished with value: 0.35604266636967175 and parameters: {'objective': 'reg:squarederror', 'tree_method': 'gpu_hist', 'lambda': 0.2628511753100198, 'alpha': 0.023155210491974196, 'colsample_bytree': 0.9344661420663758, 'subsample': 0.40056159879784986, 'learning_rate': 0.011366929662008255, 'max_depth': 17, 'min_child_weight': 26, 'eval_metric': 'rmse'}. Best is trial 14 with value: 0.33375540135457243.
start listen on 192.168.1.101:36247
@tracker All of 1 nodes getting started
@tracker All nodes finishes job
Trial 30 finished with value: 0.3439112344333074 and parameters: {'objective': 'reg:squarederror', 'tree_method': 'gpu_hist', 'lambda': 0.0022273441106111414, 'alpha': 0.016957672461664214, 'colsample_bytree': 0.7058601572108885, 'subsample': 0.734275760469084, 'learning_rate': 0.0023853032654203837, 'max_depth': 7, 'min_child_weight': 1, 'eval_metric': 'rmse'}. Best is trial 14 with value: 0.33375540135457243.
start listen on 192.168.1.101:42141
@tracker All of 1 nodes getting started
@tracker All nodes finishes job
Trial 31 finished with value: 0.3412140179485442 and parameters: {'objective': 'reg:squarederror', 'tree_method': 'gpu_hist', 'lambda': 0.002324640994831362, 'alpha': 0.010280119380821535, 'colsample_bytree': 0.7092656604153782, 'subsample': 0.7308417765628427, 'learning_rate': 0.0024288180586259094, 'max_depth': 7, 'min_child_weight': 6, 'eval_metric': 'rmse'}. Best is trial 14 with value: 0.33375540135457243.
start listen on 192.168.1.101:59197
@tracker All of 1 nodes getting started
@tracker All nodes finishes job
Trial 32 finished with value: 0.34397906181733173 and parameters: {'objective': 'reg:squarederror', 'tree_method': 'gpu_hist', 'lambda': 0.0022834092788297134, 'alpha': 0.013965184879570342, 'colsample_bytree': 0.7705248380498203, 'subsample': 0.9473581602575307, 'learning_rate': 0.002419470389694646, 'max_depth': 7, 'min_child_weight': 3, 'eval_metric': 'rmse'}. Best is trial 14 with value: 0.33375540135457243.
start listen on 192.168.1.101:40971
@tracker All of 1 nodes getting started
@tracker All nodes finishes job
Trial 33 finished with value: 0.35283167921540487 and parameters: {'objective': 'reg:squarederror', 'tree_method': 'gpu_hist', 'lambda': 0.0021076890803406493, 'alpha': 0.01729123736328187, 'colsample_bytree': 0.7753081530075497, 'subsample': 0.9516337180199311, 'learning_rate': 0.0027421216811509314, 'max_depth': 7, 'min_child_weight': 47, 'eval_metric': 'rmse'}. Best is trial 14 with value: 0.33375540135457243.
start listen on 192.168.1.101:57119
@tracker All of 1 nodes getting started
@tracker All nodes finishes job
Trial 34 finished with value: 0.44110255681257954 and parameters: {'objective': 'reg:squarederror', 'tree_method': 'gpu_hist', 'lambda': 0.0018534849672264392, 'alpha': 0.014072384336153838, 'colsample_bytree': 0.8242972096018075, 'subsample': 0.631879581145534, 'learning_rate': 0.0011683859431053543, 'max_depth': 7, 'min_child_weight': 15, 'eval_metric': 'rmse'}. Best is trial 14 with value: 0.33375540135457243.
start listen on 192.168.1.101:59111
@tracker All of 1 nodes getting started
@tracker All nodes finishes job
Trial 35 finished with value: 0.36209160469010737 and parameters: {'objective': 'reg:squarederror', 'tree_method': 'gpu_hist', 'lambda': 0.0010091265979570243, 'alpha': 0.04446518929693661, 'colsample_bytree': 0.7092991923223375, 'subsample': 0.707208811243939, 'learning_rate': 0.0023690160863447406, 'max_depth': 7, 'min_child_weight': 53, 'eval_metric': 'rmse'}. Best is trial 14 with value: 0.33375540135457243.
start listen on 192.168.1.101:37861
@tracker All of 1 nodes getting started
@tracker All nodes finishes job
Trial 36 finished with value: 0.3761110206807975 and parameters: {'objective': 'reg:squarederror', 'tree_method': 'gpu_hist', 'lambda': 0.00610407451263448, 'alpha': 0.004557887777173706, 'colsample_bytree': 0.6426276718891673, 'subsample': 0.7818735676923472, 'learning_rate': 0.0031755599180902654, 'max_depth': 13, 'min_child_weight': 86, 'eval_metric': 'rmse'}. Best is trial 14 with value: 0.33375540135457243.
start listen on 192.168.1.101:54923
@tracker All of 1 nodes getting started
@tracker All nodes finishes job
Trial 37 finished with value: 0.39545106674029773 and parameters: {'objective': 'reg:squarederror', 'tree_method': 'gpu_hist', 'lambda': 0.002372359428362012, 'alpha': 0.14870812631129762, 'colsample_bytree': 0.6924624737466509, 'subsample': 0.6577380240234791, 'learning_rate': 0.0016903294598695471, 'max_depth': 5, 'min_child_weight': 18, 'eval_metric': 'rmse'}. Best is trial 14 with value: 0.33375540135457243.
start listen on 192.168.1.101:51581
@tracker All of 1 nodes getting started
@tracker All nodes finishes job
Trial 38 finished with value: 0.4130311986160696 and parameters: {'objective': 'reg:squarederror', 'tree_method': 'gpu_hist', 'lambda': 0.014451487492731533, 'alpha': 0.0011972036821030535, 'colsample_bytree': 0.7690806235546068, 'subsample': 0.8781432003834437, 'learning_rate': 0.0046959138962583925, 'max_depth': 11, 'min_child_weight': 135, 'eval_metric': 'rmse'}. Best is trial 14 with value: 0.33375540135457243.
start listen on 192.168.1.101:35745
@tracker All of 1 nodes getting started
@tracker All nodes finishes job
Trial 39 finished with value: 0.4221727022288537 and parameters: {'objective': 'reg:squarederror', 'tree_method': 'gpu_hist', 'lambda': 0.0018489073101239477, 'alpha': 0.013925415610925666, 'colsample_bytree': 0.3103246135805552, 'subsample': 0.7376334801897282, 'learning_rate': 0.0023568026073030515, 'max_depth': 9, 'min_child_weight': 1, 'eval_metric': 'rmse'}. Best is trial 14 with value: 0.33375540135457243.
start listen on 192.168.1.101:59719
@tracker All of 1 nodes getting started
@tracker All nodes finishes job
Trial 40 finished with value: 0.5229002706240247 and parameters: {'objective': 'reg:squarederror', 'tree_method': 'gpu_hist', 'lambda': 0.006927163798099565, 'alpha': 0.009338266102785799, 'colsample_bytree': 0.8519849058425257, 'subsample': 0.6816712430995043, 'learning_rate': 0.0010132351160204928, 'max_depth': 7, 'min_child_weight': 227, 'eval_metric': 'rmse'}. Best is trial 14 with value: 0.33375540135457243.
start listen on 192.168.1.101:33751
@tracker All of 1 nodes getting started
@tracker All nodes finishes job
