Trial 580 finished with value: 0.08783800210872521 and parameters: {'objective': 'reg:squarederror', 'tree_method': 'gpu_hist', 'lambda': 0.03257044183475531, 'alpha': 0.14705724335363815, 'colsample_bytree': 0.891191550596761, 'subsample': 0.43746367895426264, 'learning_rate': 0.007414631556878562, 'max_depth': 9, 'min_child_weight': 10, 'eval_metric': 'rmse'}. Best is trial 546 with value: 0.08720962612705459.
start listen on 192.168.1.101:58273
@tracker All of 1 nodes getting started
@tracker All nodes finishes job
Trial 581 finished with value: 0.08884793162570834 and parameters: {'objective': 'reg:squarederror', 'tree_method': 'gpu_hist', 'lambda': 0.03885618035306868, 'alpha': 0.11915357323747713, 'colsample_bytree': 0.9085095876760904, 'subsample': 0.41331044766849145, 'learning_rate': 0.007816230685096792, 'max_depth': 9, 'min_child_weight': 19, 'eval_metric': 'rmse'}. Best is trial 546 with value: 0.08720962612705459.
start listen on 192.168.1.101:39015
@tracker All of 1 nodes getting started
@tracker All nodes finishes job
Trial 582 finished with value: 0.08750636811589407 and parameters: {'objective': 'reg:squarederror', 'tree_method': 'gpu_hist', 'lambda': 0.06940037048759876, 'alpha': 0.05689187670341452, 'colsample_bytree': 0.8942552338669533, 'subsample': 0.4270137025026941, 'learning_rate': 0.007189350217189871, 'max_depth': 9, 'min_child_weight': 6, 'eval_metric': 'rmse'}. Best is trial 546 with value: 0.08720962612705459.
start listen on 192.168.1.101:56667
@tracker All of 1 nodes getting started
@tracker All nodes finishes job
Trial 583 finished with value: 0.08860831715496115 and parameters: {'objective': 'reg:squarederror', 'tree_method': 'gpu_hist', 'lambda': 0.06774630489566509, 'alpha': 0.054423110730152255, 'colsample_bytree': 0.8603305240738063, 'subsample': 0.4459803347601865, 'learning_rate': 0.009284614257348259, 'max_depth': 9, 'min_child_weight': 14, 'eval_metric': 'rmse'}. Best is trial 546 with value: 0.08720962612705459.
start listen on 192.168.1.101:60281
@tracker All of 1 nodes getting started
@tracker All nodes finishes job
Trial 584 finished with value: 0.08926836651463213 and parameters: {'objective': 'reg:squarederror', 'tree_method': 'gpu_hist', 'lambda': 0.08242079163448823, 'alpha': 1.1985042584376722, 'colsample_bytree': 0.8773447725351669, 'subsample': 0.4304404257932781, 'learning_rate': 0.0106365361730158, 'max_depth': 9, 'min_child_weight': 1, 'eval_metric': 'rmse'}. Best is trial 546 with value: 0.08720962612705459.
start listen on 192.168.1.101:53571
@tracker All of 1 nodes getting started
@tracker All nodes finishes job
Trial 585 finished with value: 0.0888928663851363 and parameters: {'objective': 'reg:squarederror', 'tree_method': 'gpu_hist', 'lambda': 0.05684301340930678, 'alpha': 0.06167342775380706, 'colsample_bytree': 0.7027835423055446, 'subsample': 0.456832883341982, 'learning_rate': 0.008286528008571891, 'max_depth': 13, 'min_child_weight': 9, 'eval_metric': 'rmse'}. Best is trial 546 with value: 0.08720962612705459.
start listen on 192.168.1.101:56797
@tracker All of 1 nodes getting started
@tracker All nodes finishes job
Trial 586 finished with value: 0.13929526093937708 and parameters: {'objective': 'reg:squarederror', 'tree_method': 'gpu_hist', 'lambda': 0.04553855061365924, 'alpha': 0.05388068436253438, 'colsample_bytree': 0.8961512417040106, 'subsample': 0.4257863931599539, 'learning_rate': 0.00711223543986898, 'max_depth': 9, 'min_child_weight': 105, 'eval_metric': 'rmse'}. Best is trial 546 with value: 0.08720962612705459.
start listen on 192.168.1.101:56797
@tracker All of 1 nodes getting started
@tracker All nodes finishes job
Trial 587 finished with value: 0.08870551455028167 and parameters: {'objective': 'reg:squarederror', 'tree_method': 'gpu_hist', 'lambda': 0.06713116528600493, 'alpha': 0.07173267716193842, 'colsample_bytree': 0.8863333788628146, 'subsample': 0.47358984749444644, 'learning_rate': 0.007832763654112984, 'max_depth': 9, 'min_child_weight': 22, 'eval_metric': 'rmse'}. Best is trial 546 with value: 0.08720962612705459.
start listen on 192.168.1.101:58091
@tracker All of 1 nodes getting started
@tracker All nodes finishes job
Trial 588 finished with value: 0.0875557641589246 and parameters: {'objective': 'reg:squarederror', 'tree_method': 'gpu_hist', 'lambda': 0.051603371621484276, 'alpha': 0.19435181158973494, 'colsample_bytree': 0.874011511584388, 'subsample': 0.44055104618881674, 'learning_rate': 0.006567255052151365, 'max_depth': 9, 'min_child_weight': 6, 'eval_metric': 'rmse'}. Best is trial 546 with value: 0.08720962612705459.
start listen on 192.168.1.101:55979
@tracker All of 1 nodes getting started
@tracker All nodes finishes job
Trial 589 finished with value: 0.08852560384319545 and parameters: {'objective': 'reg:squarederror', 'tree_method': 'gpu_hist', 'lambda': 0.050944902871117866, 'alpha': 0.19612226256701018, 'colsample_bytree': 0.8310922518352035, 'subsample': 0.4457037443602544, 'learning_rate': 0.006332215364946651, 'max_depth': 9, 'min_child_weight': 15, 'eval_metric': 'rmse'}. Best is trial 546 with value: 0.08720962612705459.
start listen on 192.168.1.101:43485
@tracker All of 1 nodes getting started
@tracker All nodes finishes job
Trial 590 finished with value: 0.09031864384743184 and parameters: {'objective': 'reg:squarederror', 'tree_method': 'gpu_hist', 'lambda': 0.07690412334436533, 'alpha': 0.17870817536020142, 'colsample_bytree': 0.8539575586430618, 'subsample': 0.46170893257161405, 'learning_rate': 0.020409708818718536, 'max_depth': 9, 'min_child_weight': 1, 'eval_metric': 'rmse'}. Best is trial 546 with value: 0.08720962612705459.
start listen on 192.168.1.101:52975
@tracker All of 1 nodes getting started
@tracker All nodes finishes job
Trial 591 finished with value: 0.08777732579694603 and parameters: {'objective': 'reg:squarederror', 'tree_method': 'gpu_hist', 'lambda': 0.056423975755848524, 'alpha': 0.22054603695455624, 'colsample_bytree': 0.8686986881035169, 'subsample': 0.43911140973541296, 'learning_rate': 0.006560635645482698, 'max_depth': 9, 'min_child_weight': 10, 'eval_metric': 'rmse'}. Best is trial 546 with value: 0.08720962612705459.
start listen on 192.168.1.101:52339
@tracker All of 1 nodes getting started
@tracker All nodes finishes job
Trial 592 finished with value: 0.09018387316206314 and parameters: {'objective': 'reg:squarederror', 'tree_method': 'gpu_hist', 'lambda': 0.09182551766265933, 'alpha': 0.1412551429700236, 'colsample_bytree': 0.8478472760791629, 'subsample': 0.43630744428919344, 'learning_rate': 0.0060394709052217265, 'max_depth': 5, 'min_child_weight': 6, 'eval_metric': 'rmse'}. Best is trial 546 with value: 0.08720962612705459.
start listen on 192.168.1.101:40389
@tracker All of 1 nodes getting started
@tracker All nodes finishes job
Trial 593 finished with value: 0.08862519353107567 and parameters: {'objective': 'reg:squarederror', 'tree_method': 'gpu_hist', 'lambda': 0.05263684035838306, 'alpha': 0.19012198987150786, 'colsample_bytree': 0.8723607492576554, 'subsample': 0.418267132117361, 'learning_rate': 0.006858681403771351, 'max_depth': 9, 'min_child_weight': 14, 'eval_metric': 'rmse'}. Best is trial 546 with value: 0.08720962612705459.
start listen on 192.168.1.101:46785
@tracker All of 1 nodes getting started
@tracker All nodes finishes job
Trial 594 finished with value: 0.09056225802736778 and parameters: {'objective': 'reg:squarederror', 'tree_method': 'gpu_hist', 'lambda': 0.07230695505499184, 'alpha': 0.1698508814830263, 'colsample_bytree': 0.88420534409751, 'subsample': 0.400286731935548, 'learning_rate': 0.00601347311754892, 'max_depth': 9, 'min_child_weight': 26, 'eval_metric': 'rmse'}. Best is trial 546 with value: 0.08720962612705459.
start listen on 192.168.1.101:37099
@tracker All of 1 nodes getting started
@tracker All nodes finishes job
Trial 595 finished with value: 0.0898941916234995 and parameters: {'objective': 'reg:squarederror', 'tree_method': 'gpu_hist', 'lambda': 0.06514010152348043, 'alpha': 0.14879877433423744, 'colsample_bytree': 0.859722241111148, 'subsample': 0.9721308061220915, 'learning_rate': 0.007098738217441662, 'max_depth': 9, 'min_child_weight': 6, 'eval_metric': 'rmse'}. Best is trial 546 with value: 0.08720962612705459.
start listen on 192.168.1.101:55177
@tracker All of 1 nodes getting started
@tracker All nodes finishes job
Trial 596 finished with value: 0.09847770580388418 and parameters: {'objective': 'reg:squarederror', 'tree_method': 'gpu_hist', 'lambda': 0.04477424705818879, 'alpha': 0.2223117013399142, 'colsample_bytree': 0.838010017306594, 'subsample': 0.45214511997084283, 'learning_rate': 0.006489439983502395, 'max_depth': 3, 'min_child_weight': 19, 'eval_metric': 'rmse'}. Best is trial 546 with value: 0.08720962612705459.
start listen on 192.168.1.101:33841
@tracker All of 1 nodes getting started
@tracker All nodes finishes job
Trial 597 finished with value: 0.08821850040596203 and parameters: {'objective': 'reg:squarederror', 'tree_method': 'gpu_hist', 'lambda': 0.034537621144636585, 'alpha': 0.16223013596131136, 'colsample_bytree': 0.9127130613701951, 'subsample': 0.4222671036631756, 'learning_rate': 0.008578108424690235, 'max_depth': 9, 'min_child_weight': 1, 'eval_metric': 'rmse'}. Best is trial 546 with value: 0.08720962612705459.
start listen on 192.168.1.101:39745
@tracker All of 1 nodes getting started
@tracker All nodes finishes job
Trial 598 finished with value: 0.08785505863550483 and parameters: {'objective': 'reg:squarederror', 'tree_method': 'gpu_hist', 'lambda': 0.09468705643512958, 'alpha': 0.12791678667667164, 'colsample_bytree': 0.8873627685444806, 'subsample': 0.43804441547177914, 'learning_rate': 0.007023326187197245, 'max_depth': 9, 'min_child_weight': 11, 'eval_metric': 'rmse'}. Best is trial 546 with value: 0.08720962612705459.
start listen on 192.168.1.101:35603
@tracker All of 1 nodes getting started
@tracker All nodes finishes job
Trial 599 finished with value: 0.08808403848118873 and parameters: {'objective': 'reg:squarederror', 'tree_method': 'gpu_hist', 'lambda': 0.05820991991510883, 'alpha': 0.0900858311219598, 'colsample_bytree': 0.8959228403821472, 'subsample': 0.41867105780364333, 'learning_rate': 0.005843521165095624, 'max_depth': 9, 'min_child_weight': 15, 'eval_metric': 'rmse'}. Best is trial 546 with value: 0.08720962612705459.
start listen on 192.168.1.101:35373
@tracker All of 1 nodes getting started
@tracker All nodes finishes job
Trial 600 finished with value: 0.08816188786688363 and parameters: {'objective': 'reg:squarederror', 'tree_method': 'gpu_hist', 'lambda': 0.07433600117077525, 'alpha': 0.18431420193919387, 'colsample_bytree': 0.8697259968236837, 'subsample': 0.4317988223776741, 'learning_rate': 0.007918546767132691, 'max_depth': 13, 'min_child_weight': 7, 'eval_metric': 'rmse'}. Best is trial 546 with value: 0.08720962612705459.
start listen on 192.168.1.101:36711
@tracker All of 1 nodes getting started
@tracker All nodes finishes job
Trial 601 finished with value: 0.08773700518095125 and parameters: {'objective': 'reg:squarederror', 'tree_method': 'gpu_hist', 'lambda': 0.04401685098609217, 'alpha': 0.22643972800837323, 'colsample_bytree': 0.9107676074075383, 'subsample': 0.41004304482918646, 'learning_rate': 0.006501071732553694, 'max_depth': 9, 'min_child_weight': 11, 'eval_metric': 'rmse'}. Best is trial 546 with value: 0.08720962612705459.
start listen on 192.168.1.101:43927
@tracker All of 1 nodes getting started
@tracker All nodes finishes job
Trial 602 finished with value: 0.09090102934996919 and parameters: {'objective': 'reg:squarederror', 'tree_method': 'gpu_hist', 'lambda': 0.044408986852810174, 'alpha': 0.24477602826502975, 'colsample_bytree': 0.8837740428426434, 'subsample': 0.44942545720009835, 'learning_rate': 0.0063679299282614794, 'max_depth': 9, 'min_child_weight': 29, 'eval_metric': 'rmse'}. Best is trial 546 with value: 0.08720962612705459.
start listen on 192.168.1.101:48029
@tracker All of 1 nodes getting started
@tracker All nodes finishes job
Trial 603 finished with value: 0.08865838760001594 and parameters: {'objective': 'reg:squarederror', 'tree_method': 'gpu_hist', 'lambda': 0.052726155434975365, 'alpha': 0.2524143597319035, 'colsample_bytree': 0.9138362190362634, 'subsample': 0.42880759869117896, 'learning_rate': 0.006162907445937587, 'max_depth': 11, 'min_child_weight': 19, 'eval_metric': 'rmse'}. Best is trial 546 with value: 0.08720962612705459.
start listen on 192.168.1.101:42487
@tracker All of 1 nodes getting started
@tracker All nodes finishes job
Trial 604 finished with value: 0.08913109030858685 and parameters: {'objective': 'reg:squarederror', 'tree_method': 'gpu_hist', 'lambda': 0.042264614192820946, 'alpha': 0.20941033875747217, 'colsample_bytree': 0.8954327687461141, 'subsample': 0.46810027831965423, 'learning_rate': 0.00662927872374183, 'max_depth': 9, 'min_child_weight': 24, 'eval_metric': 'rmse'}. Best is trial 546 with value: 0.08720962612705459.
start listen on 192.168.1.101:48073
@tracker All of 1 nodes getting started
@tracker All nodes finishes job
Trial 605 finished with value: 0.09065955340864089 and parameters: {'objective': 'reg:squarederror', 'tree_method': 'gpu_hist', 'lambda': 0.061666871404078526, 'alpha': 0.3148529494895937, 'colsample_bytree': 0.8677164766895613, 'subsample': 0.41601421114401604, 'learning_rate': 0.006973942262582988, 'max_depth': 5, 'min_child_weight': 13, 'eval_metric': 'rmse'}. Best is trial 546 with value: 0.08720962612705459.
start listen on 192.168.1.101:59203
@tracker All of 1 nodes getting started
@tracker All nodes finishes job
Trial 606 finished with value: 0.08829647587414362 and parameters: {'objective': 'reg:squarederror', 'tree_method': 'gpu_hist', 'lambda': 0.03790598417620204, 'alpha': 0.21789225199156026, 'colsample_bytree': 0.9110353833890377, 'subsample': 0.4875335536215672, 'learning_rate': 0.005687544263447439, 'max_depth': 9, 'min_child_weight': 18, 'eval_metric': 'rmse'}. Best is trial 546 with value: 0.08720962612705459.
start listen on 192.168.1.101:43807
@tracker All of 1 nodes getting started
@tracker All nodes finishes job
Trial 607 finished with value: 0.08770204296669026 and parameters: {'objective': 'reg:squarederror', 'tree_method': 'gpu_hist', 'lambda': 0.04633108307485266, 'alpha': 0.18266573591998853, 'colsample_bytree': 0.918947816713605, 'subsample': 0.4402700503316182, 'learning_rate': 0.005860423969339985, 'max_depth': 9, 'min_child_weight': 11, 'eval_metric': 'rmse'}. Best is trial 546 with value: 0.08720962612705459.
start listen on 192.168.1.101:55239
@tracker All of 1 nodes getting started
@tracker All nodes finishes job
Trial 608 finished with value: 0.08872111421535235 and parameters: {'objective': 'reg:squarederror', 'tree_method': 'gpu_hist', 'lambda': 0.083794673301627, 'alpha': 0.2585491252476758, 'colsample_bytree': 0.9415419629429747, 'subsample': 0.45712638109732956, 'learning_rate': 0.005810104905560552, 'max_depth': 9, 'min_child_weight': 21, 'eval_metric': 'rmse'}. Best is trial 546 with value: 0.08720962612705459.
start listen on 192.168.1.101:48969
@tracker All of 1 nodes getting started
@tracker All nodes finishes job
Trial 609 finished with value: 0.08810261737559907 and parameters: {'objective': 'reg:squarederror', 'tree_method': 'gpu_hist', 'lambda': 0.06056883715921511, 'alpha': 0.19793325676908763, 'colsample_bytree': 0.9191989339390648, 'subsample': 0.44374578536993375, 'learning_rate': 0.005858966998421697, 'max_depth': 9, 'min_child_weight': 13, 'eval_metric': 'rmse'}. Best is trial 546 with value: 0.08720962612705459.
start listen on 192.168.1.101:34805
@tracker All of 1 nodes getting started
@tracker All nodes finishes job
Trial 610 finished with value: 0.10046633597552647 and parameters: {'objective': 'reg:squarederror', 'tree_method': 'gpu_hist', 'lambda': 0.051482156861249045, 'alpha': 0.16746118079082153, 'colsample_bytree': 0.9197173950637099, 'subsample': 0.4376216433580086, 'learning_rate': 0.006214854399403225, 'max_depth': 3, 'min_child_weight': 33, 'eval_metric': 'rmse'}. Best is trial 546 with value: 0.08720962612705459.
start listen on 192.168.1.101:42523
@tracker All of 1 nodes getting started
@tracker All nodes finishes job
Trial 611 finished with value: 0.3118215359385489 and parameters: {'objective': 'reg:squarederror', 'tree_method': 'gpu_hist', 'lambda': 0.10795368139829585, 'alpha': 0.0837233626902153, 'colsample_bytree': 0.9025801598629526, 'subsample': 0.4503699124107588, 'learning_rate': 0.005779973686407245, 'max_depth': 9, 'min_child_weight': 217, 'eval_metric': 'rmse'}. Best is trial 546 with value: 0.08720962612705459.
start listen on 192.168.1.101:52043
@tracker All of 1 nodes getting started
@tracker All nodes finishes job
Trial 612 finished with value: 0.08762053647931575 and parameters: {'objective': 'reg:squarederror', 'tree_method': 'gpu_hist', 'lambda': 0.04877704777797099, 'alpha': 0.2192594048649327, 'colsample_bytree': 0.9419529018251289, 'subsample': 0.4297267911981923, 'learning_rate': 0.006528352364591519, 'max_depth': 9, 'min_child_weight': 11, 'eval_metric': 'rmse'}. Best is trial 546 with value: 0.08720962612705459.
start listen on 192.168.1.101:37999
@tracker All of 1 nodes getting started
@tracker All nodes finishes job
Trial 613 finished with value: 0.0902676536977399 and parameters: {'objective': 'reg:squarederror', 'tree_method': 'gpu_hist', 'lambda': 0.04903602708417115, 'alpha': 0.4196759190938147, 'colsample_bytree': 0.9434572315745902, 'subsample': 0.4632815370051972, 'learning_rate': 0.0064842680870144795, 'max_depth': 9, 'min_child_weight': 27, 'eval_metric': 'rmse'}. Best is trial 546 with value: 0.08720962612705459.
start listen on 192.168.1.101:35889
@tracker All of 1 nodes getting started
@tracker All nodes finishes job
Trial 614 finished with value: 0.08857058342768508 and parameters: {'objective': 'reg:squarederror', 'tree_method': 'gpu_hist', 'lambda': 0.06932685072840948, 'alpha': 0.3222449395811542, 'colsample_bytree': 0.9413069493341601, 'subsample': 0.43555668379648205, 'learning_rate': 0.006843653103611528, 'max_depth': 9, 'min_child_weight': 17, 'eval_metric': 'rmse'}. Best is trial 546 with value: 0.08720962612705459.
start listen on 192.168.1.101:53127
@tracker All of 1 nodes getting started
@tracker All nodes finishes job
Trial 615 finished with value: 0.0881636571405748 and parameters: {'objective': 'reg:squarederror', 'tree_method': 'gpu_hist', 'lambda': 0.030816687880093206, 'alpha': 0.2849627913382065, 'colsample_bytree': 0.9338209154224214, 'subsample': 0.44762673419209387, 'learning_rate': 0.007642504987254025, 'max_depth': 9, 'min_child_weight': 12, 'eval_metric': 'rmse'}. Best is trial 546 with value: 0.08720962612705459.
start listen on 192.168.1.101:46619
@tracker All of 1 nodes getting started
@tracker All nodes finishes job
Trial 616 finished with value: 0.08944160184415 and parameters: {'objective': 'reg:squarederror', 'tree_method': 'gpu_hist', 'lambda': 0.048153296631326926, 'alpha': 0.22478223118929255, 'colsample_bytree': 0.9255212650341506, 'subsample': 0.4283636468747316, 'learning_rate': 0.005966560243760137, 'max_depth': 9, 'min_child_weight': 24, 'eval_metric': 'rmse'}. Best is trial 546 with value: 0.08720962612705459.
start listen on 192.168.1.101:33801
@tracker All of 1 nodes getting started
@tracker All nodes finishes job
Trial 617 finished with value: 0.08852516759077748 and parameters: {'objective': 'reg:squarederror', 'tree_method': 'gpu_hist', 'lambda': 0.05823973661492221, 'alpha': 0.24753456309980856, 'colsample_bytree': 0.9036135318565359, 'subsample': 0.4382370962361187, 'learning_rate': 0.006924951584866819, 'max_depth': 9, 'min_child_weight': 17, 'eval_metric': 'rmse'}. Best is trial 546 with value: 0.08720962612705459.
start listen on 192.168.1.101:37073
@tracker All of 1 nodes getting started
@tracker All nodes finishes job
Trial 618 finished with value: 0.08816118292365424 and parameters: {'objective': 'reg:squarederror', 'tree_method': 'gpu_hist', 'lambda': 0.0341740484740736, 'alpha': 0.09882966826877267, 'colsample_bytree': 0.9376994240216547, 'subsample': 0.4806832692996348, 'learning_rate': 0.008318951139572798, 'max_depth': 9, 'min_child_weight': 11, 'eval_metric': 'rmse'}. Best is trial 546 with value: 0.08720962612705459.
start listen on 192.168.1.101:39523
@tracker All of 1 nodes getting started
@tracker All nodes finishes job
Trial 619 finished with value: 0.09853824551409066 and parameters: {'objective': 'reg:squarederror', 'tree_method': 'gpu_hist', 'lambda': 0.04400765709046287, 'alpha': 0.17805265669960457, 'colsample_bytree': 0.9163837249171302, 'subsample': 0.4272825994664484, 'learning_rate': 0.03671595752044736, 'max_depth': 9, 'min_child_weight': 44, 'eval_metric': 'rmse'}. Best is trial 546 with value: 0.08720962612705459.
start listen on 192.168.1.101:46675
@tracker All of 1 nodes getting started
@tracker All nodes finishes job
Trial 620 finished with value: 0.08808153507501895 and parameters: {'objective': 'reg:squarederror', 'tree_method': 'gpu_hist', 'lambda': 0.06161622596127322, 'alpha': 0.07812894498489147, 'colsample_bytree': 0.8918285752950124, 'subsample': 0.455950147688497, 'learning_rate': 0.006459179904132139, 'max_depth': 9, 'min_child_weight': 1, 'eval_metric': 'rmse'}. Best is trial 546 with value: 0.08720962612705459.
start listen on 192.168.1.101:49303
@tracker All of 1 nodes getting started
@tracker All nodes finishes job
Trial 621 finished with value: 0.08813718512955511 and parameters: {'objective': 'reg:squarederror', 'tree_method': 'gpu_hist', 'lambda': 0.07611980422542106, 'alpha': 0.21107858727165088, 'colsample_bytree': 0.9034547180191751, 'subsample': 0.4244230971077145, 'learning_rate': 0.007393988771217648, 'max_depth': 13, 'min_child_weight': 11, 'eval_metric': 'rmse'}. Best is trial 546 with value: 0.08720962612705459.
start listen on 192.168.1.101:34191
@tracker All of 1 nodes getting started
@tracker All nodes finishes job
