Trial 41 finished with value: 0.33608987068538426 and parameters: {'objective': 'reg:squarederror', 'tree_method': 'gpu_hist', 'lambda': 0.00306735031015268, 'alpha': 0.006492638637325675, 'colsample_bytree': 0.556961233282525, 'subsample': 0.9344367166520824, 'learning_rate': 0.0036145304988257133, 'max_depth': 17, 'min_child_weight': 16, 'eval_metric': 'rmse'}. Best is trial 14 with value: 0.33375540135457243.
start listen on 192.168.1.101:48161
@tracker All of 1 nodes getting started
@tracker All nodes finishes job
Trial 42 finished with value: 0.35851447538373155 and parameters: {'objective': 'reg:squarederror', 'tree_method': 'gpu_hist', 'lambda': 0.003338332805688448, 'alpha': 0.0022344200189607696, 'colsample_bytree': 0.5503447018849678, 'subsample': 0.9437474537261746, 'learning_rate': 0.003764524588662182, 'max_depth': 13, 'min_child_weight': 48, 'eval_metric': 'rmse'}. Best is trial 14 with value: 0.33375540135457243.
start listen on 192.168.1.101:34483
@tracker All of 1 nodes getting started
@tracker All nodes finishes job
Trial 43 finished with value: 0.36265955138366046 and parameters: {'objective': 'reg:squarederror', 'tree_method': 'gpu_hist', 'lambda': 0.00161244261535564, 'alpha': 0.2947372675431762, 'colsample_bytree': 0.5088037872135448, 'subsample': 0.9080780075996846, 'learning_rate': 0.001879355395535042, 'max_depth': 7, 'min_child_weight': 19, 'eval_metric': 'rmse'}. Best is trial 14 with value: 0.33375540135457243.
start listen on 192.168.1.101:34435
@tracker All of 1 nodes getting started
@tracker All nodes finishes job
Trial 44 finished with value: 0.40468007359826214 and parameters: {'objective': 'reg:squarederror', 'tree_method': 'gpu_hist', 'lambda': 0.0011796295055088188, 'alpha': 0.05911638184985583, 'colsample_bytree': 0.6327512335736982, 'subsample': 0.8227553128821765, 'learning_rate': 0.0014114919941985635, 'max_depth': 20, 'min_child_weight': 73, 'eval_metric': 'rmse'}. Best is trial 14 with value: 0.33375540135457243.
start listen on 192.168.1.101:42983
@tracker All of 1 nodes getting started
@tracker All nodes finishes job
Trial 45 finished with value: 0.33202535993901416 and parameters: {'objective': 'reg:squarederror', 'tree_method': 'gpu_hist', 'lambda': 0.012150868190288877, 'alpha': 0.005056121792624476, 'colsample_bytree': 0.6719463561636824, 'subsample': 0.9641167247221393, 'learning_rate': 0.0030865754214563237, 'max_depth': 11, 'min_child_weight': 21, 'eval_metric': 'rmse'}. Best is trial 45 with value: 0.33202535993901416.
start listen on 192.168.1.101:50751
@tracker All of 1 nodes getting started
@tracker All nodes finishes job
Trial 46 finished with value: 0.33661384477227374 and parameters: {'objective': 'reg:squarederror', 'tree_method': 'gpu_hist', 'lambda': 0.04734668994538529, 'alpha': 0.0049767542053377484, 'colsample_bytree': 0.6730763658108762, 'subsample': 0.8582458001815106, 'learning_rate': 0.004787155717174372, 'max_depth': 11, 'min_child_weight': 23, 'eval_metric': 'rmse'}. Best is trial 45 with value: 0.33202535993901416.
start listen on 192.168.1.101:45683
@tracker All of 1 nodes getting started
@tracker All nodes finishes job
Trial 47 finished with value: 0.35539493880107814 and parameters: {'objective': 'reg:squarederror', 'tree_method': 'gpu_hist', 'lambda': 0.051544057107385806, 'alpha': 0.0016395096021510694, 'colsample_bytree': 0.6701492200285574, 'subsample': 0.9694150893518625, 'learning_rate': 0.004787650312066607, 'max_depth': 11, 'min_child_weight': 54, 'eval_metric': 'rmse'}. Best is trial 45 with value: 0.33202535993901416.
start listen on 192.168.1.101:32915
@tracker All of 1 nodes getting started
@tracker All nodes finishes job
Trial 48 finished with value: 0.3801705067897907 and parameters: {'objective': 'reg:squarederror', 'tree_method': 'gpu_hist', 'lambda': 0.022496996568328806, 'alpha': 0.004285776017505508, 'colsample_bytree': 0.5263324337655882, 'subsample': 0.8628356206205123, 'learning_rate': 0.003156324152553508, 'max_depth': 11, 'min_child_weight': 84, 'eval_metric': 'rmse'}. Best is trial 45 with value: 0.33202535993901416.
start listen on 192.168.1.101:32839
@tracker All of 1 nodes getting started
@tracker All nodes finishes job
Trial 49 finished with value: 0.4056933906926474 and parameters: {'objective': 'reg:squarederror', 'tree_method': 'gpu_hist', 'lambda': 0.12128686968052463, 'alpha': 0.0067199403624090825, 'colsample_bytree': 0.35281380020962916, 'subsample': 0.8957033384433963, 'learning_rate': 0.0040047822563701345, 'max_depth': 11, 'min_child_weight': 25, 'eval_metric': 'rmse'}. Best is trial 45 with value: 0.33202535993901416.
start listen on 192.168.1.101:33681
@tracker All of 1 nodes getting started
@tracker All nodes finishes job
Trial 50 finished with value: 0.3534531175144184 and parameters: {'objective': 'reg:squarederror', 'tree_method': 'gpu_hist', 'lambda': 0.011947059224387626, 'alpha': 0.002884495085861147, 'colsample_bytree': 0.6702685417779022, 'subsample': 0.8043999988690208, 'learning_rate': 0.005598028282958384, 'max_depth': 11, 'min_child_weight': 44, 'eval_metric': 'rmse'}. Best is trial 45 with value: 0.33202535993901416.
start listen on 192.168.1.101:32785
@tracker All of 1 nodes getting started
@tracker All nodes finishes job
Trial 51 finished with value: 0.3622483135175876 and parameters: {'objective': 'reg:squarederror', 'tree_method': 'gpu_hist', 'lambda': 0.018771657251916644, 'alpha': 0.007483389989819311, 'colsample_bytree': 0.4468597345077259, 'subsample': 0.8369539721716558, 'learning_rate': 0.00205376403602836, 'max_depth': 11, 'min_child_weight': 14, 'eval_metric': 'rmse'}. Best is trial 45 with value: 0.33202535993901416.
start listen on 192.168.1.101:33679
@tracker All of 1 nodes getting started
@tracker All nodes finishes job
Trial 52 finished with value: 0.3339251985696319 and parameters: {'objective': 'reg:squarederror', 'tree_method': 'gpu_hist', 'lambda': 0.01030151161737213, 'alpha': 6.846479816773844, 'colsample_bytree': 0.6427097311804932, 'subsample': 0.7677408461046319, 'learning_rate': 0.003020154477191991, 'max_depth': 17, 'min_child_weight': 24, 'eval_metric': 'rmse'}. Best is trial 45 with value: 0.33202535993901416.
start listen on 192.168.1.101:48413
@tracker All of 1 nodes getting started
@tracker All nodes finishes job
Trial 53 finished with value: 0.3697541111348082 and parameters: {'objective': 'reg:squarederror', 'tree_method': 'gpu_hist', 'lambda': 0.04659115001740672, 'alpha': 7.569168082209494, 'colsample_bytree': 0.6242660573955775, 'subsample': 0.7645844936839423, 'learning_rate': 0.0031143321076380582, 'max_depth': 17, 'min_child_weight': 62, 'eval_metric': 'rmse'}. Best is trial 45 with value: 0.33202535993901416.
start listen on 192.168.1.101:58519
@tracker All of 1 nodes getting started
@tracker All nodes finishes job
Trial 54 finished with value: 0.34132003930926935 and parameters: {'objective': 'reg:squarederror', 'tree_method': 'gpu_hist', 'lambda': 0.011158787152515642, 'alpha': 1.1378184768704611, 'colsample_bytree': 0.5871370483163116, 'subsample': 0.9284351894604908, 'learning_rate': 0.004232827787549063, 'max_depth': 17, 'min_child_weight': 24, 'eval_metric': 'rmse'}. Best is trial 45 with value: 0.33202535993901416.
start listen on 192.168.1.101:51709
@tracker All of 1 nodes getting started
@tracker All nodes finishes job
Trial 55 finished with value: 0.3579992233731275 and parameters: {'objective': 'reg:squarederror', 'tree_method': 'gpu_hist', 'lambda': 0.03361842330329485, 'alpha': 4.8766368391636785, 'colsample_bytree': 0.7481384343601118, 'subsample': 0.8722492937332461, 'learning_rate': 0.0015813063092187706, 'max_depth': 17, 'min_child_weight': 13, 'eval_metric': 'rmse'}. Best is trial 45 with value: 0.33202535993901416.
start listen on 192.168.1.101:53063
@tracker All of 1 nodes getting started
@tracker All nodes finishes job
Trial 56 finished with value: 0.34305654027286875 and parameters: {'objective': 'reg:squarederror', 'tree_method': 'gpu_hist', 'lambda': 0.015656719304447, 'alpha': 0.005333243564621858, 'colsample_bytree': 0.6580356052445, 'subsample': 0.9788054089910248, 'learning_rate': 0.0058044102844132415, 'max_depth': 17, 'min_child_weight': 41, 'eval_metric': 'rmse'}. Best is trial 45 with value: 0.33202535993901416.
start listen on 192.168.1.101:48955
@tracker All of 1 nodes getting started
@tracker All nodes finishes job
Trial 57 finished with value: 0.34330728207919303 and parameters: {'objective': 'reg:squarederror', 'tree_method': 'gpu_hist', 'lambda': 0.007833467350196925, 'alpha': 0.5382390294293821, 'colsample_bytree': 0.6868740195145985, 'subsample': 0.7763111434277447, 'learning_rate': 0.003380658643861428, 'max_depth': 9, 'min_child_weight': 30, 'eval_metric': 'rmse'}. Best is trial 45 with value: 0.33202535993901416.
start listen on 192.168.1.101:52095
@tracker All of 1 nodes getting started
@tracker All nodes finishes job
Trial 58 finished with value: 0.4234047761847379 and parameters: {'objective': 'reg:squarederror', 'tree_method': 'gpu_hist', 'lambda': 0.3065318829887009, 'alpha': 0.001475384884808228, 'colsample_bytree': 0.5661043439054103, 'subsample': 0.8117329892654196, 'learning_rate': 0.008452194789819593, 'max_depth': 3, 'min_child_weight': 69, 'eval_metric': 'rmse'}. Best is trial 45 with value: 0.33202535993901416.
start listen on 192.168.1.101:47521
@tracker All of 1 nodes getting started
@tracker All nodes finishes job
Trial 59 finished with value: 0.3564866951175307 and parameters: {'objective': 'reg:squarederror', 'tree_method': 'gpu_hist', 'lambda': 0.027298036270960578, 'alpha': 2.596549008630506, 'colsample_bytree': 0.48061367401269894, 'subsample': 0.9134732771886406, 'learning_rate': 0.00271624424757228, 'max_depth': 15, 'min_child_weight': 10, 'eval_metric': 'rmse'}. Best is trial 45 with value: 0.33202535993901416.
start listen on 192.168.1.101:58355
@tracker All of 1 nodes getting started
@tracker All nodes finishes job
Trial 60 finished with value: 0.45818729845193185 and parameters: {'objective': 'reg:squarederror', 'tree_method': 'gpu_hist', 'lambda': 0.06975489552613015, 'alpha': 0.003502397013791021, 'colsample_bytree': 0.5980200273564917, 'subsample': 0.8451586545190872, 'learning_rate': 0.006575919463798254, 'max_depth': 11, 'min_child_weight': 176, 'eval_metric': 'rmse'}. Best is trial 45 with value: 0.33202535993901416.
start listen on 192.168.1.101:41727
@tracker All of 1 nodes getting started
@tracker All nodes finishes job
Trial 61 finished with value: 0.34111526547152776 and parameters: {'objective': 'reg:squarederror', 'tree_method': 'gpu_hist', 'lambda': 0.010879185983510994, 'alpha': 2.459594236637374, 'colsample_bytree': 0.5316310319508294, 'subsample': 0.9333331714648198, 'learning_rate': 0.004195633092094871, 'max_depth': 17, 'min_child_weight': 24, 'eval_metric': 'rmse'}. Best is trial 45 with value: 0.33202535993901416.
start listen on 192.168.1.101:39571
@tracker All of 1 nodes getting started
@tracker All nodes finishes job
Trial 62 finished with value: 0.40326486565700465 and parameters: {'objective': 'reg:squarederror', 'tree_method': 'gpu_hist', 'lambda': 8.960015588931823, 'alpha': 7.486081074310898, 'colsample_bytree': 0.7293496206201527, 'subsample': 0.9709259292589241, 'learning_rate': 0.06660518996246624, 'max_depth': 17, 'min_child_weight': 28, 'eval_metric': 'rmse'}. Best is trial 45 with value: 0.33202535993901416.
start listen on 192.168.1.101:40469
@tracker All of 1 nodes getting started
@tracker All nodes finishes job
Trial 63 finished with value: 0.36241370623833236 and parameters: {'objective': 'reg:squarederror', 'tree_method': 'gpu_hist', 'lambda': 0.010277861286579478, 'alpha': 3.1687847563930847, 'colsample_bytree': 0.4540028081637768, 'subsample': 0.8834373433437368, 'learning_rate': 0.004418013525388443, 'max_depth': 17, 'min_child_weight': 36, 'eval_metric': 'rmse'}. Best is trial 45 with value: 0.33202535993901416.
start listen on 192.168.1.101:44901
@tracker All of 1 nodes getting started
@tracker All nodes finishes job
Trial 64 finished with value: 0.3383837580239795 and parameters: {'objective': 'reg:squarederror', 'tree_method': 'gpu_hist', 'lambda': 0.006321219228980753, 'alpha': 3.601803933277363, 'colsample_bytree': 0.522137657647235, 'subsample': 0.9994480159807345, 'learning_rate': 0.0035716511514479153, 'max_depth': 17, 'min_child_weight': 20, 'eval_metric': 'rmse'}. Best is trial 45 with value: 0.33202535993901416.
start listen on 192.168.1.101:56215
@tracker All of 1 nodes getting started
@tracker All nodes finishes job
Trial 65 finished with value: 0.36207272399062745 and parameters: {'objective': 'reg:squarederror', 'tree_method': 'gpu_hist', 'lambda': 0.005483016112904351, 'alpha': 1.8038558284040302, 'colsample_bytree': 0.540351697612195, 'subsample': 0.9912909756895352, 'learning_rate': 0.0036982294676724957, 'max_depth': 17, 'min_child_weight': 54, 'eval_metric': 'rmse'}. Best is trial 45 with value: 0.33202535993901416.
start listen on 192.168.1.101:47239
@tracker All of 1 nodes getting started
@tracker All nodes finishes job
Trial 66 finished with value: 0.3397628348468517 and parameters: {'objective': 'reg:squarederror', 'tree_method': 'gpu_hist', 'lambda': 0.016974361115863763, 'alpha': 5.162262707868536, 'colsample_bytree': 0.5178154233514265, 'subsample': 0.9565348307013263, 'learning_rate': 0.005212648824461933, 'max_depth': 17, 'min_child_weight': 22, 'eval_metric': 'rmse'}. Best is trial 45 with value: 0.33202535993901416.
start listen on 192.168.1.101:35607
@tracker All of 1 nodes getting started
@tracker All nodes finishes job
Trial 67 finished with value: 0.5680408357572969 and parameters: {'objective': 'reg:squarederror', 'tree_method': 'gpu_hist', 'lambda': 0.017951788186958972, 'alpha': 4.190300206766504, 'colsample_bytree': 0.4122663116780504, 'subsample': 0.9631573028021236, 'learning_rate': 0.0052423218512749024, 'max_depth': 17, 'min_child_weight': 296, 'eval_metric': 'rmse'}. Best is trial 45 with value: 0.33202535993901416.
start listen on 192.168.1.101:32873
@tracker All of 1 nodes getting started
@tracker All nodes finishes job
Trial 68 finished with value: 0.3577484673369349 and parameters: {'objective': 'reg:squarederror', 'tree_method': 'gpu_hist', 'lambda': 0.0036679478246442816, 'alpha': 5.374977185367618, 'colsample_bytree': 0.5070452587658221, 'subsample': 0.9030912944918508, 'learning_rate': 0.013786689962274393, 'max_depth': 17, 'min_child_weight': 41, 'eval_metric': 'rmse'}. Best is trial 45 with value: 0.33202535993901416.
start listen on 192.168.1.101:50107
@tracker All of 1 nodes getting started
@tracker All nodes finishes job
Trial 69 finished with value: 0.3633860918089149 and parameters: {'objective': 'reg:squarederror', 'tree_method': 'gpu_hist', 'lambda': 0.03403711607068831, 'alpha': 9.68797303625878, 'colsample_bytree': 0.47532895994437996, 'subsample': 0.9960891649284144, 'learning_rate': 0.008846067443096605, 'max_depth': 5, 'min_child_weight': 11, 'eval_metric': 'rmse'}. Best is trial 45 with value: 0.33202535993901416.
start listen on 192.168.1.101:56843
@tracker All of 1 nodes getting started
@tracker All nodes finishes job
Trial 70 finished with value: 0.34889042492021133 and parameters: {'objective': 'reg:squarederror', 'tree_method': 'gpu_hist', 'lambda': 0.013617873416197305, 'alpha': 3.594929312247422, 'colsample_bytree': 0.5731188145040657, 'subsample': 0.9536866641225218, 'learning_rate': 0.006719823449895215, 'max_depth': 20, 'min_child_weight': 20, 'eval_metric': 'rmse'}. Best is trial 45 with value: 0.33202535993901416.
start listen on 192.168.1.101:34403
@tracker All of 1 nodes getting started
@tracker All nodes finishes job
Trial 71 finished with value: 0.3434554797521938 and parameters: {'objective': 'reg:squarederror', 'tree_method': 'gpu_hist', 'lambda': 0.00896499446356585, 'alpha': 2.131085176026306, 'colsample_bytree': 0.5132074908168816, 'subsample': 0.9335892493938917, 'learning_rate': 0.002910523948322156, 'max_depth': 17, 'min_child_weight': 27, 'eval_metric': 'rmse'}. Best is trial 45 with value: 0.33202535993901416.
start listen on 192.168.1.101:46915
@tracker All of 1 nodes getting started
@tracker All nodes finishes job
Trial 72 finished with value: 0.346265050314375 and parameters: {'objective': 'reg:squarederror', 'tree_method': 'gpu_hist', 'lambda': 0.006816968092079215, 'alpha': 6.0319922274663424, 'colsample_bytree': 0.5527667364132528, 'subsample': 0.9235018957584105, 'learning_rate': 0.0034205181180149606, 'max_depth': 17, 'min_child_weight': 33, 'eval_metric': 'rmse'}. Best is trial 45 with value: 0.33202535993901416.
start listen on 192.168.1.101:59863
@tracker All of 1 nodes getting started
@tracker All nodes finishes job
Trial 73 finished with value: 0.3345491486015105 and parameters: {'objective': 'reg:squarederror', 'tree_method': 'gpu_hist', 'lambda': 0.02580637641956801, 'alpha': 0.8904833833662474, 'colsample_bytree': 0.5235326866308421, 'subsample': 0.961197154134244, 'learning_rate': 0.0050937310248439565, 'max_depth': 17, 'min_child_weight': 10, 'eval_metric': 'rmse'}. Best is trial 45 with value: 0.33202535993901416.
start listen on 192.168.1.101:34417
@tracker All of 1 nodes getting started
@tracker All nodes finishes job
Trial 74 finished with value: 0.34141683584822247 and parameters: {'objective': 'reg:squarederror', 'tree_method': 'gpu_hist', 'lambda': 0.05704557478836318, 'alpha': 1.0710909370728874, 'colsample_bytree': 0.6202532715194968, 'subsample': 0.9741365488616651, 'learning_rate': 0.010345712328915197, 'max_depth': 17, 'min_child_weight': 10, 'eval_metric': 'rmse'}. Best is trial 45 with value: 0.33202535993901416.
start listen on 192.168.1.101:49761
@tracker All of 1 nodes getting started
@tracker All nodes finishes job
Trial 75 finished with value: 0.4102125845323311 and parameters: {'objective': 'reg:squarederror', 'tree_method': 'gpu_hist', 'lambda': 0.024977753713487937, 'alpha': 0.2298539483634343, 'colsample_bytree': 0.4922770560408729, 'subsample': 0.9958374171902605, 'learning_rate': 0.007693773154603309, 'max_depth': 3, 'min_child_weight': 18, 'eval_metric': 'rmse'}. Best is trial 45 with value: 0.33202535993901416.
start listen on 192.168.1.101:42393
@tracker All of 1 nodes getting started
@tracker All nodes finishes job
Trial 76 finished with value: 0.356462874938257 and parameters: {'objective': 'reg:squarederror', 'tree_method': 'gpu_hist', 'lambda': 0.08667121653010845, 'alpha': 0.7468146495772977, 'colsample_bytree': 0.6007861449168951, 'subsample': 0.959466043147107, 'learning_rate': 0.0049199502559153525, 'max_depth': 15, 'min_child_weight': 1, 'eval_metric': 'rmse'}. Best is trial 45 with value: 0.33202535993901416.
start listen on 192.168.1.101:33083
@tracker All of 1 nodes getting started
@tracker All nodes finishes job
Trial 77 finished with value: 0.37493661374679926 and parameters: {'objective': 'reg:squarederror', 'tree_method': 'gpu_hist', 'lambda': 0.03830757867295258, 'alpha': 6.946618009994934, 'colsample_bytree': 0.4306716395404313, 'subsample': 0.7949769816389886, 'learning_rate': 0.005805552272559103, 'max_depth': 13, 'min_child_weight': 49, 'eval_metric': 'rmse'}. Best is trial 45 with value: 0.33202535993901416.
start listen on 192.168.1.101:45533
@tracker All of 1 nodes getting started
@tracker All nodes finishes job
Trial 78 finished with value: 0.4863323723785729 and parameters: {'objective': 'reg:squarederror', 'tree_method': 'gpu_hist', 'lambda': 0.0047503714332752115, 'alpha': 1.468182701308565, 'colsample_bytree': 0.6414888266128213, 'subsample': 0.8647592567728718, 'learning_rate': 0.002684025273036926, 'max_depth': 11, 'min_child_weight': 268, 'eval_metric': 'rmse'}. Best is trial 45 with value: 0.33202535993901416.
start listen on 192.168.1.101:41121
@tracker All of 1 nodes getting started
@tracker All nodes finishes job
Trial 79 finished with value: 0.3801682012227884 and parameters: {'objective': 'reg:squarederror', 'tree_method': 'gpu_hist', 'lambda': 0.002851007214035306, 'alpha': 0.002271219472001, 'colsample_bytree': 0.3884780242991682, 'subsample': 0.9488943954844756, 'learning_rate': 0.003397215984022899, 'max_depth': 17, 'min_child_weight': 59, 'eval_metric': 'rmse'}. Best is trial 45 with value: 0.33202535993901416.
start listen on 192.168.1.101:51207
@tracker All of 1 nodes getting started
@tracker All nodes finishes job
Trial 80 finished with value: 0.37874547625783644 and parameters: {'objective': 'reg:squarederror', 'tree_method': 'gpu_hist', 'lambda': 0.020898194020517475, 'alpha': 3.474629281980644, 'colsample_bytree': 0.5239146732134772, 'subsample': 0.8334465715776364, 'learning_rate': 0.022172220285525075, 'max_depth': 17, 'min_child_weight': 37, 'eval_metric': 'rmse'}. Best is trial 45 with value: 0.33202535993901416.
start listen on 192.168.1.101:53301
@tracker All of 1 nodes getting started
@tracker All nodes finishes job
Trial 81 finished with value: 0.3558483922772839 and parameters: {'objective': 'reg:squarederror', 'tree_method': 'gpu_hist', 'lambda': 0.013453953145961916, 'alpha': 2.5386038138202656, 'colsample_bytree': 0.48924652796243945, 'subsample': 0.930832207164072, 'learning_rate': 0.0040974200273866486, 'max_depth': 17, 'min_child_weight': 21, 'eval_metric': 'rmse'}. Best is trial 45 with value: 0.33202535993901416.
start listen on 192.168.1.101:46561
@tracker All of 1 nodes getting started
@tracker All nodes finishes job
Trial 82 finished with value: 0.3373115078090626 and parameters: {'objective': 'reg:squarederror', 'tree_method': 'gpu_hist', 'lambda': 0.008597755223529522, 'alpha': 9.657971760896029, 'colsample_bytree': 0.535675687551054, 'subsample': 0.9155783442939864, 'learning_rate': 0.0020159614014773172, 'max_depth': 17, 'min_child_weight': 9, 'eval_metric': 'rmse'}. Best is trial 45 with value: 0.33202535993901416.
start listen on 192.168.1.101:51323
@tracker All of 1 nodes getting started
@tracker All nodes finishes job
