number,value,params_alpha,params_colsample_bytree,params_eval_metric,params_lambda,params_learning_rate,params_max_depth,params_min_child_weight,params_objective,params_subsample,params_tree_method,state
387,0.08814681650823915,0.1725027933473484,0.919997716765002,rmse,0.22989219510087444,0.008471236778100018,15,5,reg:squarederror,0.4255267887612129,gpu_hist,COMPLETE
388,0.08805438928159133,0.10451155775930937,0.9123891327588401,rmse,0.28310690519128373,0.008103728276776396,15,5,reg:squarederror,0.4337074105288625,gpu_hist,COMPLETE
389,0.08786349895137494,0.1324986859735452,0.931596942714149,rmse,0.32628529395644384,0.007329909404156686,15,5,reg:squarederror,0.4013832014004801,gpu_hist,COMPLETE
390,0.0882896576284585,0.1378931946548881,0.9120135036598764,rmse,0.299769727005791,0.007714498992036252,15,4,reg:squarederror,0.4544101235740968,gpu_hist,COMPLETE
391,0.08779882041725152,0.1410154568706696,0.9261236018360488,rmse,0.22470326220843334,0.007071380342684299,15,5,reg:squarederror,0.42350962602591413,gpu_hist,COMPLETE
392,0.08887826711409749,0.10581714974392394,0.9301036405275476,rmse,0.23231826236202568,0.0071467786704585866,15,1,reg:squarederror,0.40385598726819355,gpu_hist,COMPLETE
393,0.08891060523012057,0.13832057432304787,0.9263865106355912,rmse,0.33517927559250915,0.007241609887500267,15,1,reg:squarederror,0.41069841812142716,gpu_hist,COMPLETE
394,0.08767378633021186,0.11452487734762797,0.9116681109714954,rmse,0.25689169730069755,0.007032042797670524,15,6,reg:squarederror,0.424580267521243,gpu_hist,COMPLETE
395,0.0882913240912956,0.18625605424279537,0.9066142054058148,rmse,0.26166034999705656,0.00907195436223023,15,6,reg:squarederror,0.42483268472746977,gpu_hist,COMPLETE
396,0.08840391346360842,0.08498529007716779,0.9200431273503349,rmse,0.21248372972470597,0.008044173736729734,15,6,reg:squarederror,0.41963373714003094,gpu_hist,COMPLETE
397,0.0892245605256518,0.11101728184418909,0.9070872433177168,rmse,0.27126163470710757,0.006960001987964756,15,1,reg:squarederror,0.44520738882100486,gpu_hist,COMPLETE
398,0.08795483821666913,0.23422434396753442,0.9323092127273792,rmse,0.3394795911587003,0.0068976256933836865,15,9,reg:squarederror,0.447156114809008,gpu_hist,COMPLETE
399,0.08801124331044093,0.24070333353107934,0.9352651188810122,rmse,0.3325968398559742,0.007534489713321011,15,7,reg:squarederror,0.4456800935535169,gpu_hist,COMPLETE
400,0.08854050232307059,0.13694642540707408,0.934826573793793,rmse,0.23725772108509308,0.00869393143613044,15,6,reg:squarederror,0.4442727113480664,gpu_hist,COMPLETE
401,0.08801299073363933,0.23025884342825956,0.9364937163917672,rmse,0.282532012039791,0.007651789618772598,15,8,reg:squarederror,0.46963126095850394,gpu_hist,COMPLETE
402,0.08816449582013151,0.23375790725741158,0.9327355360443146,rmse,0.20037549782088376,0.007824618079681026,15,6,reg:squarederror,0.4016117618798957,gpu_hist,COMPLETE
403,0.08861909327583067,0.2847778815039782,0.9120732464989255,rmse,0.27532839213445437,0.009169558486811542,15,9,reg:squarederror,0.46033551682516477,gpu_hist,COMPLETE
404,0.08893764474509555,0.24431193992965902,0.9286094077979259,rmse,0.319832591703065,0.007473515565450456,15,1,reg:squarederror,0.4238427819952994,gpu_hist,COMPLETE
405,0.08987854519778328,0.3406970682732367,0.9420791528790075,rmse,0.18121178992504233,0.008271807623490411,15,1,reg:squarederror,0.4722505735421198,gpu_hist,COMPLETE
406,0.08790596284144024,0.20497703859321523,0.9346725046135447,rmse,0.32375171184603735,0.006942908056577533,15,9,reg:squarederror,0.4411220014916676,gpu_hist,COMPLETE
407,0.08792904431029125,0.1922894019245568,0.9168649575796609,rmse,0.3278041482353955,0.006951676749072505,15,10,reg:squarederror,0.44263321566311037,gpu_hist,COMPLETE
408,0.08808398639797921,0.18089650662237028,0.9082806195756036,rmse,0.3504852554520466,0.006768846782883084,15,11,reg:squarederror,0.435729247292316,gpu_hist,COMPLETE
409,0.0880206577814182,0.151972521861456,0.9136387750459704,rmse,0.25622908774415676,0.006955924198530038,15,11,reg:squarederror,0.4157555011508111,gpu_hist,COMPLETE
410,0.0876870697585957,0.1862484724467512,0.918634045547462,rmse,0.34586707293380436,0.0067724170875752415,15,10,reg:squarederror,0.4189050087828656,gpu_hist,COMPLETE
411,0.08746209266363783,0.19877584334101853,0.9173862347840337,rmse,0.3152992700981484,0.006825279119365585,15,6,reg:squarederror,0.418144282129073,gpu_hist,COMPLETE
412,0.08843934398822034,0.1953270601722054,0.9058786243476284,rmse,0.2356552143079309,0.0068231181572024685,15,2,reg:squarederror,0.4162032903784345,gpu_hist,COMPLETE
413,0.08832808137539824,0.12464744392753065,0.9127471820856923,rmse,0.3027235064755124,0.008398299886668344,15,6,reg:squarederror,0.401349940728363,gpu_hist,COMPLETE
414,0.08746164322081906,0.20772950322106756,0.9205240063038632,rmse,0.3452593543874867,0.006696088473338284,15,9,reg:squarederror,0.4256133833982866,gpu_hist,COMPLETE
415,0.08905110334295706,0.20452409627576074,0.9173293504781805,rmse,0.23203991566418322,0.007172149189390551,15,1,reg:squarederror,0.4298150792153201,gpu_hist,COMPLETE
416,0.08781738053913642,0.16718166958324465,0.8987240484789246,rmse,0.3223696171804713,0.00681417815718633,15,8,reg:squarederror,0.44770398382403265,gpu_hist,COMPLETE
417,0.08952629627125841,0.17273314756194605,0.8994124100750637,rmse,0.30995228197379504,0.006932042666002251,15,1,reg:squarederror,0.44630849079881885,gpu_hist,COMPLETE
418,0.08811480251639965,0.15939580078302343,0.9048072046576784,rmse,0.34909885744334884,0.007732034763526425,15,7,reg:squarederror,0.42124996312031016,gpu_hist,COMPLETE
419,0.08793549774604895,0.12281323560736877,0.9227147158895649,rmse,0.19962959318419082,0.006837233926354944,15,8,reg:squarederror,0.45250773546127854,gpu_hist,COMPLETE
420,0.08771644728104759,0.1238576830275408,0.91684551489468,rmse,0.17812811984659968,0.006706777505581006,15,7,reg:squarederror,0.44046244696420755,gpu_hist,COMPLETE
421,0.08911683848505887,0.12352829272180608,0.903627127256807,rmse,0.1794483516963383,0.0068157908618274934,15,1,reg:squarederror,0.4547684760583905,gpu_hist,COMPLETE
422,0.08821256409640978,0.15469642454351293,0.9164839496288605,rmse,0.1766556554237846,0.008445541732628539,15,6,reg:squarederror,0.4392555911453975,gpu_hist,COMPLETE
423,0.08783979187568046,0.2002023339795267,0.9226912178792656,rmse,0.21441286257457595,0.007584087646239746,15,7,reg:squarederror,0.424296668777388,gpu_hist,COMPLETE
424,0.08925853305939677,0.3001043563194222,0.9197352388034703,rmse,0.21204528795298672,0.007573972916109584,15,1,reg:squarederror,0.42417222448320635,gpu_hist,COMPLETE
425,0.08846290200882335,0.20578831936886313,0.7511619979421056,rmse,0.206520169353588,0.00922329551246939,15,8,reg:squarederror,0.4529467277583877,gpu_hist,COMPLETE
426,0.08833490270939046,0.12266997502757164,0.9044113468108299,rmse,0.2388218412647559,0.007977729035162999,15,8,reg:squarederror,0.4133600132040887,gpu_hist,COMPLETE
427,0.08770547498685947,0.09112464031690232,0.8953076299547548,rmse,0.17937411375993262,0.0071474484236468796,15,11,reg:squarederror,0.43350556215200525,gpu_hist,COMPLETE
428,0.0876895336907437,0.10118628890698149,0.8989472787245645,rmse,0.16736473602892943,0.007181052295267277,15,7,reg:squarederror,0.43390726608921737,gpu_hist,COMPLETE
429,0.08869608227472393,0.09964279251972519,0.9045208134447659,rmse,0.16169271539787144,0.00716920427713275,15,1,reg:squarederror,0.4320583876966935,gpu_hist,COMPLETE
430,0.0881515715968687,0.09491406738480765,0.8948578213322858,rmse,0.17638294967343185,0.008353493314691785,15,7,reg:squarederror,0.4425847263123049,gpu_hist,COMPLETE
431,0.24038452195530496,0.11734396060424813,0.8925353409271419,rmse,0.11962166602567635,0.00744562319335942,15,189,reg:squarederror,0.47835836233856427,gpu_hist,COMPLETE
432,0.08782662654686814,0.19844036535343745,0.8954823538128672,rmse,0.15398833618577157,0.0067418261474318205,15,6,reg:squarederror,0.4264735245395586,gpu_hist,COMPLETE
433,0.08766820592997335,0.15975353469324502,0.8897232498158362,rmse,0.13578338370153664,0.006610419874148818,15,6,reg:squarederror,0.4166024411655636,gpu_hist,COMPLETE
434,0.088720327865558,0.15799313128728718,0.8760311049054172,rmse,0.14131087245031554,0.006579712487301004,15,1,reg:squarederror,0.41351194828021004,gpu_hist,COMPLETE
435,0.0892020547331854,0.1692471703709578,0.8884590162972221,rmse,0.13908472592978197,0.007918010601348583,15,1,reg:squarederror,0.4274527198172097,gpu_hist,COMPLETE
436,0.0879381492890779,0.1928071552799955,0.8957687336628134,rmse,0.10526171226579414,0.008940503451450725,15,6,reg:squarederror,0.4026016773916889,gpu_hist,COMPLETE
437,0.08791942097750652,0.12832240167095038,0.870843461101241,rmse,0.14412281533646124,0.0072563196575155114,15,7,reg:squarederror,0.4358507013565868,gpu_hist,COMPLETE
438,0.0882158900749544,0.14309934005650726,0.8725202066394449,rmse,0.15587204034056376,0.00743389427752586,15,6,reg:squarederror,0.4203767642221582,gpu_hist,COMPLETE
439,0.13009172707930688,0.08251614468275392,0.8946900821453618,rmse,0.0975005377297407,0.008276590010097774,15,97,reg:squarederror,0.43195198280439295,gpu_hist,COMPLETE
440,0.08795557749745848,0.09851081910772008,0.8825676053631188,rmse,0.1576662214916458,0.006595179251222023,15,11,reg:squarederror,0.4367530069343302,gpu_hist,COMPLETE
441,0.08963726603925848,0.27406499669627177,0.8657656203035027,rmse,0.11271568774356373,0.009819345090936783,15,1,reg:squarederror,0.41307963014324156,gpu_hist,COMPLETE
442,0.08881761270782232,0.20593394248510005,0.9071865462857703,rmse,0.14023890967314503,0.007370690971429823,15,19,reg:squarederror,0.4239462452444058,gpu_hist,COMPLETE
443,0.08803824730825346,0.14013686653006197,0.8960499874279594,rmse,0.15407590004404534,0.00672159866574174,15,11,reg:squarederror,0.43822208756591885,gpu_hist,COMPLETE
444,0.08807329536997029,0.11227318348303524,0.9100008299697032,rmse,0.183136797697547,0.007881268058035988,15,8,reg:squarederror,0.40059002534197985,gpu_hist,COMPLETE
445,0.1109136060168485,0.18897489272866438,0.35110812827063087,rmse,0.12600959725097746,0.007238739906737452,15,18,reg:squarederror,0.4614482786678716,gpu_hist,COMPLETE
446,0.088205057213468,0.15567283997854764,0.8793410923569287,rmse,0.20924437422238976,0.008774618643496431,15,6,reg:squarederror,0.4142247137902839,gpu_hist,COMPLETE
447,0.08798699807762704,0.07936462590387174,0.9169489239034732,rmse,0.23930212137909349,0.006565593170831026,15,13,reg:squarederror,0.4258683061721266,gpu_hist,COMPLETE
448,0.08796499598530323,0.09496140186189338,0.8949221094031716,rmse,0.18449120394765903,0.007616710742664105,15,6,reg:squarederror,0.4404459835191446,gpu_hist,COMPLETE
449,0.21416415546491152,0.12447129790362514,0.9100852218161664,rmse,0.07784678865918816,0.0066408921882269096,15,146,reg:squarederror,0.4131554306848153,gpu_hist,COMPLETE
450,0.08841446832406531,0.4687070178241549,0.9208072527813799,rmse,0.16035180297896554,0.008203887991617656,15,14,reg:squarederror,0.4292160947292658,gpu_hist,COMPLETE
451,0.0890252929728054,0.18827620005880868,0.8515667771037485,rmse,0.11884249668309675,0.007214288057988779,15,19,reg:squarederror,0.45326231701446196,gpu_hist,COMPLETE
452,0.0890106875139756,0.26801988198910515,0.8990688122734197,rmse,0.22567233685285384,0.006522237027496569,15,1,reg:squarederror,0.42003434503983733,gpu_hist,COMPLETE
453,0.0880100699138338,0.13981903137071577,0.8815503547115692,rmse,0.2664105713369969,0.009552386419950988,15,11,reg:squarederror,0.4364235315504987,gpu_hist,COMPLETE
454,0.08788539291228016,0.2174572136665049,0.9166592083496401,rmse,0.19525111731986575,0.007233633419838552,15,6,reg:squarederror,0.40861452707204776,gpu_hist,COMPLETE
455,0.08895269327155608,0.372197913503053,0.9113676861448603,rmse,0.15815169879338375,0.00790281483785016,15,1,reg:squarederror,0.40009070119818624,gpu_hist,COMPLETE
456,0.38509579117669007,0.20661422428220783,0.8919691408801298,rmse,0.19294547641551876,0.007300742573771533,15,278,reg:squarederror,0.41405136172246954,gpu_hist,COMPLETE
457,0.0877413838524919,0.1689496381884307,0.9204425582468065,rmse,0.21810682408135773,0.007108162354623889,15,6,reg:squarederror,0.42478855036282537,gpu_hist,COMPLETE
458,0.08848523630782791,0.07261345982135933,0.8688858755304721,rmse,0.19949727543173365,0.008823007999138873,15,6,reg:squarederror,0.42474530190255927,gpu_hist,COMPLETE
459,0.08827513411632322,0.11187549770906337,0.9022664425999548,rmse,0.1338213573094771,0.008147261984354085,15,6,reg:squarederror,0.40924152202092573,gpu_hist,COMPLETE
460,0.08797453661340784,0.16282122104832417,0.9250334857003052,rmse,0.22081992994587932,0.0075269100616767205,15,6,reg:squarederror,0.4242281429440338,gpu_hist,COMPLETE
461,0.09059467148237386,0.0919092654753983,0.9110750380186605,rmse,0.17011524258362012,0.006465092025248108,5,1,reg:squarederror,0.43210410166686924,gpu_hist,COMPLETE
462,0.0881687879360922,0.23943921851008804,0.8867735600482979,rmse,0.20420754294187277,0.007087746404086407,15,13,reg:squarederror,0.410357862997762,gpu_hist,COMPLETE
463,0.11696634629767298,0.13421318965861098,0.9204102338969905,rmse,0.269985806303494,0.008831934001320678,15,68,reg:squarederror,0.40039199883175103,gpu_hist,COMPLETE
464,0.08780981310268,0.07859983621485238,0.8989882016980173,rmse,0.24715943146521208,0.006495435435842983,15,11,reg:squarederror,0.462026946836246,gpu_hist,COMPLETE
465,0.08854584401764216,0.07623945701531867,0.9261515053243609,rmse,0.24880308185215286,0.006510422709186681,15,20,reg:squarederror,0.4566989069364993,gpu_hist,COMPLETE
466,0.3860850072433858,0.08627209055908323,0.9076080289695236,rmse,0.24259266553749836,0.006565654599465046,15,297,reg:squarederror,0.44541396977937286,gpu_hist,COMPLETE
467,0.08825662274090205,0.29419932000062926,0.898068331393239,rmse,0.28494766860330045,0.007934997208764462,15,12,reg:squarederror,0.4230434863410754,gpu_hist,COMPLETE
468,0.08873855831620557,0.10571974252695636,0.9259072315118113,rmse,0.19117115454136646,0.006556645778500491,15,1,reg:squarederror,0.41504674583807566,gpu_hist,COMPLETE
469,0.08838924133132703,0.1578838064519615,0.9101133388119195,rmse,0.22700893200702885,0.007426972364508243,15,17,reg:squarederror,0.46179150326140284,gpu_hist,COMPLETE
470,0.08810651605205047,0.06852474347156476,0.9305682438344972,rmse,0.2640888018291741,0.00815592348156795,15,11,reg:squarederror,0.4323170305387388,gpu_hist,COMPLETE
471,0.08879125309568256,0.22793999985718583,0.8873507259147203,rmse,0.28053701754123406,0.006967638923334207,15,22,reg:squarederror,0.44544363774629137,gpu_hist,COMPLETE
472,0.08774399754273435,0.17213500005880653,0.9186835461026407,rmse,0.17388721352175285,0.006385449669530014,15,6,reg:squarederror,0.41790158923474763,gpu_hist,COMPLETE
473,0.10064797876204397,0.09883677350542953,0.9000380794462175,rmse,0.17021856116555126,0.0064178605330886635,3,6,reg:squarederror,0.4101824782212168,gpu_hist,COMPLETE
474,0.08961974772264991,0.17018670708974504,0.9144495434448802,rmse,0.17507815922716333,0.010634191035269847,15,1,reg:squarederror,0.4200048970085082,gpu_hist,COMPLETE
475,0.08791435526932567,0.0841813011072997,0.897998045123385,rmse,0.11826140391374909,0.006473979763368634,15,13,reg:squarederror,0.4236243494861816,gpu_hist,COMPLETE
476,0.08801931739570365,0.11503180331764885,0.9199164022805857,rmse,0.21650765680997464,0.007725654146862908,15,6,reg:squarederror,0.4092777948000066,gpu_hist,COMPLETE
477,0.08877308062074714,0.14541541769267058,0.8799900767253518,rmse,0.14464098502239361,0.008591448285829927,15,16,reg:squarederror,0.4795394301180566,gpu_hist,COMPLETE
478,0.08791159167633003,0.07872298949032264,0.9273471075974831,rmse,0.19523794742074235,0.00720770305260811,13,10,reg:squarederror,0.4301568253863386,gpu_hist,COMPLETE
479,0.08878703405754303,0.06178171783615116,0.9047298986751049,rmse,0.22979707499865942,0.006384794562996848,15,1,reg:squarederror,0.417250372612783,gpu_hist,COMPLETE
480,0.10384265403650556,0.11186458465301,0.9157077077034194,rmse,0.16518805069636738,0.009252708318265522,15,52,reg:squarederror,0.4054512345808151,gpu_hist,COMPLETE
481,0.08880315152482039,0.18025943315639487,0.8889288131992988,rmse,0.10364418276200442,0.007518933651733755,15,21,reg:squarederror,0.4295966514866077,gpu_hist,COMPLETE
482,0.08787289892880458,0.14519484029490887,0.9292148406610885,rmse,0.26904046085200856,0.006385118546508916,15,12,reg:squarederror,0.45181958572864933,gpu_hist,COMPLETE
483,0.17471218716089063,0.14970361816964883,0.9108556818094842,rmse,0.259586050809461,0.0064526988901235875,15,134,reg:squarederror,0.4628141367810621,gpu_hist,COMPLETE
484,0.08794697477747351,0.22088970069034486,0.8982443085134751,rmse,0.2235494100907688,0.006279775435901866,15,6,reg:squarederror,0.45023248890634354,gpu_hist,COMPLETE
485,0.08975172970928222,0.1707776991059323,0.6587226364237408,rmse,0.2835454991142409,0.006902679539964944,15,16,reg:squarederror,0.439241230646201,gpu_hist,COMPLETE
486,0.08840410874935067,0.12951558535712515,0.859280681619049,rmse,0.1901370075512733,0.00804604100560197,15,6,reg:squarederror,0.4189241312519815,gpu_hist,COMPLETE
487,0.08778176659455486,0.2877671518320818,0.9268478342364683,rmse,0.2847010127415473,0.006229504757621655,15,12,reg:squarederror,0.402400817297612,gpu_hist,COMPLETE
488,0.08914995117064616,0.33636009372056047,0.9305699275820722,rmse,0.3044426389500491,0.006204461015654169,15,22,reg:squarederror,0.4006557262810505,gpu_hist,COMPLETE
489,0.09083027913677959,0.09915595763062142,0.936095170457379,rmse,0.2578191911220796,0.006312385945264916,5,15,reg:squarederror,0.44984293744207593,gpu_hist,COMPLETE
490,0.09179069206256521,0.293042813097688,0.5432292860957054,rmse,0.3008213605480926,0.006751542807596451,15,19,reg:squarederror,0.4313107206270658,gpu_hist,COMPLETE
491,0.08778146794373878,0.25449462702947023,0.9255601658679965,rmse,0.2282795730154658,0.006844261526734542,15,12,reg:squarederror,0.4201594513215424,gpu_hist,COMPLETE
492,0.3111185005804792,0.23774879187041936,0.8995587292105307,rmse,0.1489307252341616,0.007661792943813133,15,209,reg:squarederror,0.4199733695908072,gpu_hist,COMPLETE
493,0.08951719932047338,0.2667104330686788,0.8793411049266215,rmse,0.22352634659394582,0.008335905115272848,15,24,reg:squarederror,0.4005059974360754,gpu_hist,COMPLETE
494,0.08809766250889367,0.3286582542088221,0.9166241755810233,rmse,0.16920892337061852,0.006895774018527498,15,12,reg:squarederror,0.43467630405031304,gpu_hist,COMPLETE
495,0.08905023171841091,0.44447958202239146,0.9360894657194008,rmse,0.126595661121828,0.007086444246250494,15,1,reg:squarederror,0.41741673232922644,gpu_hist,COMPLETE
496,0.09663467423873383,0.18436630914191765,0.4749401775933464,rmse,0.23146041166482878,0.00621188321228212,15,17,reg:squarederror,0.42568049590815654,gpu_hist,COMPLETE
497,0.26171018747980684,0.07008257345167294,0.9065924808901255,rmse,0.29157250587909544,0.007829697066990493,15,176,reg:squarederror,0.412034861342163,gpu_hist,COMPLETE
498,0.0876109046547211,0.11386748505170026,0.9242003033791545,rmse,0.18914044351294415,0.006918255156999554,15,8,reg:squarederror,0.44033985505040046,gpu_hist,COMPLETE
499,0.08791156689301229,0.10755514166213594,0.8893178303634776,rmse,0.20033280406691037,0.008418467411217807,15,7,reg:squarederror,0.43673362764919343,gpu_hist,COMPLETE
500,0.35384274581055475,0.16327438669295755,0.9211902335627814,rmse,0.09155793214865719,0.001041492838460453,15,1,reg:squarederror,0.4178863198694134,gpu_hist,COMPLETE
501,0.08823358045061239,0.12874350255053846,0.9037576369417363,rmse,0.15870483901799776,0.009461546766494973,15,10,reg:squarederror,0.40027093458030644,gpu_hist,COMPLETE
502,0.08840485598370842,0.260342963012267,0.9195641817396927,rmse,0.18367298788604947,0.007580752533841161,15,6,reg:squarederror,0.4662019055505843,gpu_hist,COMPLETE
503,0.09610414624790387,0.1193485262944642,0.8807911703090661,rmse,0.23846605924306846,0.06966516697628641,13,17,reg:squarederror,0.4395142313580476,gpu_hist,COMPLETE
504,0.088102431909919,0.19896274853437437,0.9089792954694481,rmse,0.12139683665733073,0.00707167716878283,15,11,reg:squarederror,0.4193974581943652,gpu_hist,COMPLETE
505,0.33650787926536946,0.3908249206936295,0.9278260295812593,rmse,0.24038469499725174,0.0066521861636291545,15,237,reg:squarederror,0.42698831663531234,gpu_hist,COMPLETE
506,0.09683063336390658,0.14421266797073987,0.8917831887531427,rmse,0.146475776066704,0.0077344189266090446,3,23,reg:squarederror,0.44540580414980996,gpu_hist,COMPLETE
507,0.088113827706741,0.19339239603497782,0.9422543173244072,rmse,0.19868452742121365,0.008837680772301178,15,6,reg:squarederror,0.40951816177880634,gpu_hist,COMPLETE
508,0.08880235327513515,0.09162620936339654,0.7747315482816327,rmse,0.30436562471154416,0.006932001370381403,15,15,reg:squarederror,0.4575949959080538,gpu_hist,COMPLETE
509,0.08878902496924403,0.16725419641458378,0.9168231413308415,rmse,0.16833279139801094,0.006315230050938996,15,1,reg:squarederror,0.42607479470109527,gpu_hist,COMPLETE
510,0.08809972723856788,0.1205286546566107,0.8639576435183213,rmse,0.2167663809014959,0.007475038775572185,15,10,reg:squarederror,0.44154423698191253,gpu_hist,COMPLETE
511,0.0884692072566751,0.24098317193535454,0.9017784086451986,rmse,0.26468383370933873,0.0068138166549076215,15,16,reg:squarederror,0.41307732185268786,gpu_hist,COMPLETE
512,0.09216761051778306,0.061145859024618554,0.9260818508149968,rmse,0.33592106953720197,0.043093494704872996,15,6,reg:squarederror,0.4006649557642266,gpu_hist,COMPLETE
513,0.1136258961549477,0.10058851901225338,0.6360582007818428,rmse,0.13999138766875813,0.023807153226579586,15,61,reg:squarederror,0.4289593929251622,gpu_hist,COMPLETE
514,0.08883937562398427,0.1359784026039212,0.9410219337321256,rmse,0.2052304404690348,0.008294595007725768,15,23,reg:squarederror,0.43995674986877786,gpu_hist,COMPLETE
515,0.09099964737874876,2.9097516071863914,0.7235261172136305,rmse,0.269939700919863,0.006122527004640924,5,11,reg:squarederror,0.4175083980969917,gpu_hist,COMPLETE
