number,value,params_alpha,params_colsample_bytree,params_eval_metric,params_lambda,params_learning_rate,params_max_depth,params_min_child_weight,params_objective,params_subsample,params_tree_method,state
128,0.3365254371936381,0.001353953984899932,0.7384894500006797,rmse,1.6387516118144403,0.0029059499899830783,13,23,reg:squarederror,0.6163643592251309,gpu_hist,COMPLETE
129,0.31658689512649457,0.0018746116187340343,0.8382764417558387,rmse,1.0891400577051358,0.0032500319496921314,13,6,reg:squarederror,0.5740226575360625,gpu_hist,COMPLETE
130,0.3196689491706419,0.001838915501759046,0.8391730313305701,rmse,0.9293078533836154,0.0033436003866479406,13,8,reg:squarederror,0.564453602488389,gpu_hist,COMPLETE
131,0.31897702855111704,0.001800161607746215,0.809555922494324,rmse,1.1634862125830563,0.003253588887326889,13,8,reg:squarederror,0.5564466826899959,gpu_hist,COMPLETE
132,0.320584261874654,0.001851247887673779,0.8443503322227031,rmse,1.638220587761045,0.003454187588107214,13,9,reg:squarederror,0.5623649492501134,gpu_hist,COMPLETE
133,0.3321950118307445,0.0017646073495213614,0.8936674887323462,rmse,1.4547751430524378,0.0033097864027743762,13,21,reg:squarederror,0.5359380021614553,gpu_hist,COMPLETE
134,0.31936899218820874,0.001851507769212323,0.8427758088635859,rmse,0.9694448775747405,0.003303333787441907,13,7,reg:squarederror,0.5592850799120271,gpu_hist,COMPLETE
135,0.3393415647624403,0.00124239734511158,0.8442269074341907,rmse,0.991223826390243,0.003749591268441842,13,29,reg:squarederror,0.5702112934521216,gpu_hist,COMPLETE
136,0.3228223364387298,0.0016223785744667023,0.8174769606031733,rmse,0.9877720823477383,0.004466903226672799,13,8,reg:squarederror,0.5520305597334109,gpu_hist,COMPLETE
137,0.3337743929504909,0.0015705318258251492,0.8391830319528474,rmse,3.1796802665635675,0.0033149191890322074,13,19,reg:squarederror,0.49915628784103194,gpu_hist,COMPLETE
138,0.31953252083403705,0.001165034179713386,0.8660959892536282,rmse,2.195402958783912,0.0035281355438649097,13,9,reg:squarederror,0.5820995058820705,gpu_hist,COMPLETE
139,0.34418558586438225,0.0011553189842007285,0.8947701038053664,rmse,1.8986037586677558,0.0035532204915793143,13,38,reg:squarederror,0.5828458238496181,gpu_hist,COMPLETE
140,0.3219235263801167,0.001436228308817829,0.8637584660593302,rmse,1.2218612773780033,0.004037126280770375,13,8,reg:squarederror,0.5690457028563876,gpu_hist,COMPLETE
141,0.3206446599209518,0.0019735779288356614,0.8098674192828202,rmse,2.396486246263233,0.0035538757556869034,13,9,reg:squarederror,0.6133632246603461,gpu_hist,COMPLETE
142,0.3164725164167341,0.0018532093112328468,0.8780409708442736,rmse,3.962238502981242,0.0032281732274488093,13,8,reg:squarederror,0.6045635478786109,gpu_hist,COMPLETE
143,0.3282960755341111,0.0011704471144415283,0.9152782761411369,rmse,4.805553480250521,0.003063330956251114,13,17,reg:squarederror,0.589613060011598,gpu_hist,COMPLETE
144,0.43803364740508166,0.0017617759479049621,0.8827748277572243,rmse,0.7301347260109899,0.003234602238837947,3,28,reg:squarederror,0.5525610700872033,gpu_hist,COMPLETE
145,0.33236281170168014,0.002624017815931394,0.8465848196173533,rmse,4.56729007986378,0.003973020512608604,15,21,reg:squarederror,0.6053026400408004,gpu_hist,COMPLETE
146,0.3206449114681349,0.0014246831754319135,0.8776882113768716,rmse,1.1683471790494564,0.0033185169251664605,13,8,reg:squarederror,0.5051679517896349,gpu_hist,COMPLETE
147,0.46020322134363456,0.0011880746910328563,0.8582523909062816,rmse,0.8175115814114933,0.004427108033895356,13,158,reg:squarederror,0.5746067150389063,gpu_hist,COMPLETE
148,0.3255637508308502,0.003814513942683812,0.9140738389347296,rmse,1.9734815231980707,0.0027545391682400316,13,16,reg:squarederror,0.6257381886302352,gpu_hist,COMPLETE
149,0.34266462753468196,0.0018227013048442656,0.8375600403648966,rmse,1.4041460632474554,0.0038181415529563644,13,33,reg:squarederror,0.6010625415571282,gpu_hist,COMPLETE
150,0.3210130684328204,0.0010031949586884086,0.8036777023989153,rmse,2.469027827905327,0.002744891902769191,13,9,reg:squarederror,0.5584142251505487,gpu_hist,COMPLETE
151,0.3204678404430143,0.0020343142050961577,0.8153901320033169,rmse,2.5333381120396963,0.00344235836258408,13,8,reg:squarederror,0.5325254294363243,gpu_hist,COMPLETE
152,0.31919038819204776,0.0022513968193640303,0.8197602059016037,rmse,0.9005429795225056,0.0031995348344778414,13,7,reg:squarederror,0.5345749219629095,gpu_hist,COMPLETE
153,0.3314647650830285,0.002465748553874917,0.8226154033642439,rmse,3.7021549338334196,0.0030442411266472197,13,18,reg:squarederror,0.5367614040591366,gpu_hist,COMPLETE
154,0.32560254435468944,0.001509248522953517,0.8099507609687365,rmse,0.8735180086464552,0.002740873937132842,9,7,reg:squarederror,0.5388745837544271,gpu_hist,COMPLETE
155,0.3726376822855945,0.0022334053120154213,0.8603625969136969,rmse,0.6327755019886712,0.003298278156517476,5,13,reg:squarederror,0.5182950449874832,gpu_hist,COMPLETE
156,0.33534879668346,0.0033831896209342684,0.7967321791350848,rmse,1.1553480341057736,0.0036552152861250436,13,24,reg:squarederror,0.5925449712025587,gpu_hist,COMPLETE
157,0.31963939290325527,0.001221599122659783,0.7741331204422888,rmse,0.0958210817139952,0.004263411423031812,20,6,reg:squarederror,0.623932779638876,gpu_hist,COMPLETE
158,0.32394271998789503,0.001221484226465008,0.7735047086369677,rmse,0.1910593740518724,0.003087955934648118,20,14,reg:squarederror,0.6316094784657669,gpu_hist,COMPLETE
159,0.41257274139928235,0.0015107212252744413,0.828143011443706,rmse,0.07814843788000364,0.004150964743051918,20,108,reg:squarederror,0.6223324548123408,gpu_hist,COMPLETE
160,0.3241403042256102,0.0013003495642608526,0.7876994336536967,rmse,0.10163818717066671,0.004647289977865512,20,1,reg:squarederror,0.5828123035392653,gpu_hist,COMPLETE
161,0.51713827036786,0.0020401471076894402,0.7458237431992436,rmse,2.9874224944767778,0.0037730847388122205,13,245,reg:squarederror,0.6448287855672962,gpu_hist,COMPLETE
162,0.31905233420399953,0.002880452197907649,0.8152033320994369,rmse,0.9913687140525629,0.003159284647064339,13,6,reg:squarederror,0.5231923169408901,gpu_hist,COMPLETE
163,0.3212490055271815,0.002837153229733857,0.7283336417232814,rmse,1.0166689544960865,0.0027283563974671013,13,7,reg:squarederror,0.5989025662199142,gpu_hist,COMPLETE
164,0.3345308037081077,0.0043471784581343145,0.7686643093401465,rmse,0.7153575767039775,0.0030211402258912942,13,20,reg:squarederror,0.4953899889687296,gpu_hist,COMPLETE
165,0.32782446440403606,0.0016870868703222934,0.8521848957347556,rmse,1.735070657974415,0.003171453900036617,13,13,reg:squarederror,0.4787774129140594,gpu_hist,COMPLETE
166,0.3161414650761931,0.0025161210036702083,0.8339024643591668,rmse,1.3683530570836167,0.0026894556456182554,13,1,reg:squarederror,0.5128857259699968,gpu_hist,COMPLETE
167,0.4627978777111753,0.0010498078980755196,0.7932909513150701,rmse,1.222431606076907,0.0026344509372502687,20,182,reg:squarederror,0.5255477486610914,gpu_hist,COMPLETE
168,0.31380221016800186,0.0014962509506053516,0.8284393950423874,rmse,1.4169769241869739,0.00290170807168106,13,1,reg:squarederror,0.5157022068637428,gpu_hist,COMPLETE
169,0.3113003326685829,0.0014871626742233375,0.8797547583578099,rmse,1.4171870104792803,0.004233068667044453,13,1,reg:squarederror,0.5124982830860527,gpu_hist,COMPLETE
170,0.43146179127727813,0.0013779066183319656,0.9092945648266357,rmse,1.4536928661925879,0.0040670374409795705,3,1,reg:squarederror,0.47716431224488515,gpu_hist,COMPLETE
171,0.31061264311079634,0.001649776931130352,0.8777275136993442,rmse,1.4166946834028111,0.0036028643919907392,13,1,reg:squarederror,0.5470154988643704,gpu_hist,COMPLETE
172,0.32598952203478776,0.0015069757652550688,0.8228637832802812,rmse,2.190946727712863,0.003744962332311789,13,13,reg:squarederror,0.517399614657383,gpu_hist,COMPLETE
173,0.3139979129521392,0.0011662028439158162,0.8667116677310566,rmse,1.4799188031371866,0.004307072686302753,13,1,reg:squarederror,0.5473661746857909,gpu_hist,COMPLETE
174,0.3121928315553517,0.0010087238474422071,0.8803408089816789,rmse,1.3450386841233604,0.0031166676752527414,13,3,reg:squarederror,0.5437254579884886,gpu_hist,COMPLETE
175,0.31216421438071057,0.0016938074319945142,0.926679163391646,rmse,1.386187917676688,0.002925158220216655,13,2,reg:squarederror,0.5453350851756639,gpu_hist,COMPLETE
176,0.3114228467119496,0.002198953920080758,0.8792300616042498,rmse,1.2114029683039171,0.0029572507956123917,13,2,reg:squarederror,0.5540972720585137,gpu_hist,COMPLETE
177,0.31305154839653154,0.0010084949879847248,0.954010289356134,rmse,1.3842113272891827,0.002828233091732131,13,1,reg:squarederror,0.5440190539084018,gpu_hist,COMPLETE
178,0.3124511055945347,0.0010358915758099595,0.944425038971699,rmse,1.451362759186883,0.0029095709020621288,13,1,reg:squarederror,0.547850463982728,gpu_hist,COMPLETE
179,0.3125693414273735,0.0011020851468128022,0.9606291567479311,rmse,1.3555072408451332,0.0028474867263556893,13,2,reg:squarederror,0.5499938559811186,gpu_hist,COMPLETE
180,0.3127543538245642,0.001177427410249461,0.9559504516738587,rmse,1.4363369381294904,0.002815721293741474,15,1,reg:squarederror,0.5099523946396805,gpu_hist,COMPLETE
181,0.3155498927599249,0.0010963845755879056,0.9654323127773208,rmse,1.397680411121273,0.0025899545756594205,15,2,reg:squarederror,0.5085803184412306,gpu_hist,COMPLETE
182,0.31597236454017297,0.0010365441804630158,0.9644979200717099,rmse,1.5521474011445486,0.0025856843635111634,15,1,reg:squarederror,0.5083027404020458,gpu_hist,COMPLETE
183,0.3167021614064233,0.001030581823716643,0.9649620131492359,rmse,1.508759246734367,0.0025903162353779225,15,1,reg:squarederror,0.5047441531079077,gpu_hist,COMPLETE
184,0.32632402757495926,0.001078353392081631,0.9510612182598839,rmse,1.608082719425925,0.002871838314053256,15,15,reg:squarederror,0.5446633659034983,gpu_hist,COMPLETE
185,0.33777123917566126,0.0010099084257189084,0.994805231568505,rmse,1.909257333925325,0.0020256458956134137,15,1,reg:squarederror,0.5149950586111205,gpu_hist,COMPLETE
186,0.333460986613972,0.0013182288998826862,0.9336599911958523,rmse,6.443679087055695,0.0025613899314522906,15,14,reg:squarederror,0.48534293929479044,gpu_hist,COMPLETE
187,0.3140790830048782,0.0014992671133827024,0.9430036099199092,rmse,1.8285501578599626,0.002817820434355901,15,1,reg:squarederror,0.4537733899366835,gpu_hist,COMPLETE
188,0.31347755490566964,0.0015533235174101261,0.9549586712747524,rmse,1.8805225121676756,0.0029019619430136158,15,1,reg:squarederror,0.43226794340671804,gpu_hist,COMPLETE
189,0.32648436435924455,0.0014590104492206324,0.9356266910778263,rmse,1.8914668191221151,0.002896082875510689,15,13,reg:squarederror,0.4488537882131559,gpu_hist,COMPLETE
190,0.3155674830352243,0.0012456828606357022,0.9765958586454234,rmse,1.4900331183385147,0.0026706544041486245,15,1,reg:squarederror,0.4269553873407199,gpu_hist,COMPLETE
191,0.3153243512521316,0.0010031606039424027,0.9792038705771472,rmse,1.4711518370909125,0.0026367566825542302,15,2,reg:squarederror,0.43482467155300325,gpu_hist,COMPLETE
192,0.31642011699648087,0.001003026861533867,0.9790842336106123,rmse,1.859310488407258,0.0026323340164725894,15,1,reg:squarederror,0.44019102871561966,gpu_hist,COMPLETE
193,0.32613598197024235,0.0010641390707903167,0.9807076731036893,rmse,1.7582770728057446,0.0022202884021244942,15,2,reg:squarederror,0.43394141362564964,gpu_hist,COMPLETE
194,0.31717861571620826,0.0010106978928962579,0.9606554716696878,rmse,1.3914523422613099,0.0025759390404918696,15,1,reg:squarederror,0.41454438151765,gpu_hist,COMPLETE
195,0.32599284623849994,0.0012411697257590354,0.9790977366698776,rmse,2.015246119793203,0.0026561514959451637,15,12,reg:squarederror,0.45056319465677014,gpu_hist,COMPLETE
196,0.3253291057786912,0.0014968757668990284,0.9445678687294524,rmse,1.633393430452274,0.002315305799770468,15,1,reg:squarederror,0.4212597593909863,gpu_hist,COMPLETE
197,0.33352831429740454,0.0012423831821247414,0.9932616147794695,rmse,2.718557746288567,0.0028638451859007734,15,19,reg:squarederror,0.46071395511513896,gpu_hist,COMPLETE
198,0.33033178124596635,0.001003520680544095,0.9644105713207819,rmse,1.3350544960354442,0.0024658348895268633,15,12,reg:squarederror,0.4015279176876555,gpu_hist,COMPLETE
199,0.3423397631881911,0.0015527334772811017,0.927128425540583,rmse,2.231566813037841,0.0019978538676910865,15,1,reg:squarederror,0.43763839272021393,gpu_hist,COMPLETE
200,0.32946951187357965,0.0011892335739809388,0.9503873659749054,rmse,1.7124320658973728,0.0029087009191028942,15,17,reg:squarederror,0.5070283590641388,gpu_hist,COMPLETE
201,0.3194695035229845,0.0015674956005147143,0.9675778468827058,rmse,1.2816584675592737,0.0027458756449790065,15,7,reg:squarederror,0.4267364244928446,gpu_hist,COMPLETE
202,0.432974223426817,0.0012596158710192586,0.9837748020119862,rmse,3.576574688196644,0.0029733469892431787,15,143,reg:squarederror,0.486637280350995,gpu_hist,COMPLETE
203,0.32431308841009193,0.0014160094211196103,0.9052801714997822,rmse,1.4869138184716069,0.0025863312064022324,15,10,reg:squarederror,0.4691577549038828,gpu_hist,COMPLETE
204,0.3205454130804925,0.001640089529361611,0.9221693908620983,rmse,1.1203979562059776,0.0023601321359747736,15,6,reg:squarederror,0.5467591744450914,gpu_hist,COMPLETE
205,0.3290483639461546,0.0010032984745458398,0.9462848553259088,rmse,2.0878198206973,0.002200397882036684,15,1,reg:squarederror,0.5281689203833693,gpu_hist,COMPLETE
206,0.3233753145509435,0.001193296461237952,0.9732548088085995,rmse,1.6899808946855506,0.002950777516456092,15,11,reg:squarederror,0.4486231434292658,gpu_hist,COMPLETE
207,0.31744911554757443,0.0012908030213486653,0.8881714228286394,rmse,1.3397912151090092,0.0026651000643742235,15,6,reg:squarederror,0.5104421677125851,gpu_hist,COMPLETE
208,0.3271292276550676,0.0016647233309247296,0.9408688244402735,rmse,2.585396255479052,0.0024911700263533895,15,11,reg:squarederror,0.4917556112048551,gpu_hist,COMPLETE
209,0.32223818717292185,0.0010087715987328054,0.9025237106286259,rmse,1.106185797982038,0.0030317165717886423,9,6,reg:squarederror,0.5454100652459388,gpu_hist,COMPLETE
210,0.31446755293642603,0.0013961951345041299,0.9991747265294841,rmse,1.9736872982672824,0.002801896933688531,15,1,reg:squarederror,0.4627307052825734,gpu_hist,COMPLETE
211,0.31559214917970735,0.00137845651291511,0.995211118645535,rmse,1.9014980696686254,0.0027348066762129327,15,1,reg:squarederror,0.44159142916949873,gpu_hist,COMPLETE
212,0.3448438831014524,0.0013747220620943669,0.9949917107920953,rmse,1.9352728234277767,0.017370932704082402,15,5,reg:squarederror,0.43599279337009494,gpu_hist,COMPLETE
213,0.3154114591913787,0.0011865532182403831,0.9549652458392803,rmse,1.5666674816366604,0.0027146484872580586,15,1,reg:squarederror,0.4110834581237454,gpu_hist,COMPLETE
214,0.31422691039638245,0.0012968631413928838,0.9574242368510248,rmse,1.5293851439197466,0.00278406951203308,15,1,reg:squarederror,0.42700795363723804,gpu_hist,COMPLETE
215,0.314303702120501,0.0012137170856056942,0.9571306845564381,rmse,1.4944710884293215,0.002832226627646775,15,1,reg:squarederror,0.4097090680204504,gpu_hist,COMPLETE
216,0.3302322658002909,0.0012176066349024442,0.9547850673610994,rmse,1.5332135216718603,0.0029181043385379433,15,15,reg:squarederror,0.41060682445458113,gpu_hist,COMPLETE
217,0.32475281768198583,0.001506044688013245,0.9659519486651266,rmse,2.292296069789029,0.0035608639026134133,15,11,reg:squarederror,0.42044247323731054,gpu_hist,COMPLETE
218,0.31207321057509235,0.0011986204945998412,0.9978599047087393,rmse,1.566966618310304,0.0030029716720192923,15,1,reg:squarederror,0.462838165961551,gpu_hist,COMPLETE
219,0.3196106237786813,0.0012144021049824145,0.997030642352206,rmse,1.1880667289708569,0.0029399001701656694,15,8,reg:squarederror,0.46535284399578036,gpu_hist,COMPLETE
220,0.3319313342461413,0.001602536957082063,0.9838311530477096,rmse,2.818496836023798,0.003076239922400035,15,16,reg:squarederror,0.4023830182922972,gpu_hist,COMPLETE
221,0.3136690896256245,0.0011713894020005727,0.956506600870436,rmse,1.581440024441051,0.002780897332139961,15,1,reg:squarederror,0.45571502079575654,gpu_hist,COMPLETE
222,0.31466942014915855,0.0012282391282884718,0.931145827048293,rmse,1.6865591772540727,0.002736396057672652,15,1,reg:squarederror,0.4546699661170761,gpu_hist,COMPLETE
223,0.3246221746734351,0.0012304202691186608,0.9291290723247067,rmse,1.387704390675763,0.0023199519047791594,15,7,reg:squarederror,0.4564626196603926,gpu_hist,COMPLETE
224,0.3143529220779989,0.0016566382865904929,0.9510225335574811,rmse,1.5690837019338066,0.002799442772978632,15,1,reg:squarederror,0.42402382091142937,gpu_hist,COMPLETE
225,0.32072787788841545,0.0016323890312032005,0.9453453298052836,rmse,1.1162366544201563,0.0035141386607876364,15,7,reg:squarederror,0.41394436092649656,gpu_hist,COMPLETE
226,0.3930683935793059,0.0016871533284260184,0.953727107823203,rmse,1.678011124501604,0.003081064259159068,15,83,reg:squarederror,0.47121026209965705,gpu_hist,COMPLETE
227,0.3244871269330518,0.0011802803150827359,0.9248798541356388,rmse,2.2641948978915183,0.002849559068495088,15,11,reg:squarederror,0.45770315663482974,gpu_hist,COMPLETE
228,0.37131270744012423,0.0013652674208948366,0.9359518162172469,rmse,1.29193532360423,0.0031336398280207645,5,6,reg:squarederror,0.4237662687225521,gpu_hist,COMPLETE
229,0.6082979619838896,0.001468917885221565,0.9585415818243895,rmse,1.8020271600909794,0.0034367143609477383,15,280,reg:squarederror,0.43187621958029543,gpu_hist,COMPLETE
230,0.31305698106602475,0.001001638748410984,0.9212530870614575,rmse,0.8087810533877098,0.0028461736821781603,15,1,reg:squarederror,0.44829332832292734,gpu_hist,COMPLETE
231,0.3137864472762563,0.0011724624370882332,0.9394088016714723,rmse,1.047797109399173,0.002850031341324544,15,1,reg:squarederror,0.4454418377793935,gpu_hist,COMPLETE
232,0.3136541315913826,0.0011740159336106528,0.9166788996002659,rmse,0.9671932430276878,0.0028393637755720447,15,1,reg:squarederror,0.44579249175192426,gpu_hist,COMPLETE
233,0.32153784205469815,0.0010060465945328668,0.9141710340933454,rmse,0.8288672132660796,0.0030643181592061794,15,10,reg:squarederror,0.4524325258635434,gpu_hist,COMPLETE
234,0.3180518779390109,0.0016965375607355712,0.8954447952510459,rmse,0.9790130357611805,0.002871450993344634,15,6,reg:squarederror,0.44633075753887014,gpu_hist,COMPLETE
235,0.3249234353253058,0.0013514621038137908,0.9216058747673741,rmse,0.7434249613392767,0.0031465420437862238,15,12,reg:squarederror,0.4752424763978801,gpu_hist,COMPLETE
236,0.31328814407587663,0.0020460730111320382,0.9383398703060426,rmse,1.1142672267116185,0.0037350817077601577,15,1,reg:squarederror,0.4579028467122721,gpu_hist,COMPLETE
237,0.31191399164967804,0.002057700341312603,0.9380153886325056,rmse,1.0640181430072218,0.0036390815246628455,15,1,reg:squarederror,0.45305833635759546,gpu_hist,COMPLETE
238,0.3198859987017883,0.0018543080428509657,0.9415766997847634,rmse,1.0947484260589369,0.0036522677024943533,15,7,reg:squarederror,0.463515698445932,gpu_hist,COMPLETE
239,0.3287691076579352,0.0023035300261589273,0.9151055015778804,rmse,0.924761977825076,0.003968003886387912,15,18,reg:squarederror,0.547768798024316,gpu_hist,COMPLETE
240,0.3255175093157158,0.0020539632546875686,0.8831893027579438,rmse,1.1222769097211496,0.0037682074909804754,15,12,reg:squarederror,0.4423444687873478,gpu_hist,COMPLETE
241,0.310630975933517,0.0016030206892256513,0.9346015215611762,rmse,1.239682776340569,0.0034383674463951434,15,1,reg:squarederror,0.4559164666995803,gpu_hist,COMPLETE
242,0.3372205820067362,0.0016227911517849524,0.9405583619059817,rmse,1.2037770451086687,0.0034458121859910185,7,1,reg:squarederror,0.4653080643200027,gpu_hist,COMPLETE
243,0.3195266775213791,0.001893156080606198,0.9284600356046102,rmse,0.8373291216180064,0.004395985280030216,15,6,reg:squarederror,0.48067815761913446,gpu_hist,COMPLETE
244,0.4368375539874018,0.0014636188348659531,0.9081423449508309,rmse,0.9843410715394242,0.0033911649312084713,3,1,reg:squarederror,0.4435029699742221,gpu_hist,COMPLETE
245,0.31842463575864377,0.002080453669750307,0.9469755125507846,rmse,1.2925227103060788,0.003832502805513297,15,7,reg:squarederror,0.5331988571713012,gpu_hist,COMPLETE
246,0.3195579172420625,0.0014820495763207592,0.8964023118520303,rmse,0.7262068992672903,0.003205105101523204,15,7,reg:squarederror,0.4578018103108271,gpu_hist,COMPLETE
247,0.3130312534190104,0.0012256370846298451,0.952447443061244,rmse,1.1906631167828774,0.0030949897360760563,15,1,reg:squarederror,0.4299571594429757,gpu_hist,COMPLETE
248,0.32708949742733795,0.0011810927985508798,0.9553405494042497,rmse,1.0473353551858269,0.0034731403500875015,15,13,reg:squarederror,0.4277464667192691,gpu_hist,COMPLETE
249,0.32677903929169017,0.0016421003165359156,0.9340657220521987,rmse,1.2179484766065893,0.00307751695953697,9,7,reg:squarederror,0.4298036247030713,gpu_hist,COMPLETE
250,0.3104733667754592,0.0019115926426426346,0.918758440600426,rmse,1.3290403489094227,0.003757277939436181,15,1,reg:squarederror,0.5602754370028317,gpu_hist,COMPLETE
251,0.32521600336147066,0.002111574667544285,0.871828463464356,rmse,1.2805935320875355,0.004097546604755852,15,12,reg:squarederror,0.5571771774434146,gpu_hist,COMPLETE
252,0.3192791247276434,0.0011726130162404529,0.9189751656129873,rmse,0.9338079935914688,0.0046488886800823605,15,7,reg:squarederror,0.5638607363157523,gpu_hist,COMPLETE
253,0.3291066638452424,0.0013890069194359604,0.9048795116000259,rmse,1.1010956807773697,0.003731458823540055,15,18,reg:squarederror,0.5427348682493145,gpu_hist,COMPLETE
254,0.312700236405873,0.001959910541910775,0.9360625255587857,rmse,0.6269589940522178,0.00397408277205813,15,1,reg:squarederror,0.5521198467886267,gpu_hist,COMPLETE
255,0.32274487410397273,0.523330587731036,0.9250568357287453,rmse,0.6128240802556018,0.004182986476270612,15,10,reg:squarederror,0.527079981293798,gpu_hist,COMPLETE
256,0.3170786269835866,0.0019735434410015178,0.8807916383192345,rmse,0.7569247525007108,0.0038763732983107006,15,6,reg:squarederror,0.5456919708909939,gpu_hist,COMPLETE
