Trial 545 finished with value: 0.1233358583017898 and parameters: {'objective': 'reg:squarederror', 'tree_method': 'gpu_hist', 'lambda': 7.2172123157869965, 'alpha': 1.4983123794150828, 'colsample_bytree': 0.6891260150186386, 'subsample': 0.5974176574365488, 'learning_rate': 0.010889010723637531, 'max_depth': 20, 'min_child_weight': 13, 'eval_metric': 'rmse'}. Best is trial 463 with value: 0.12284958614550846.
start listen on 192.168.1.101:43525
@tracker All of 1 nodes getting started
@tracker All nodes finishes job
Trial 546 finished with value: 0.12485457663077623 and parameters: {'objective': 'reg:squarederror', 'tree_method': 'gpu_hist', 'lambda': 8.58773492686097, 'alpha': 0.3652227440258484, 'colsample_bytree': 0.725035213362113, 'subsample': 0.6085754775274774, 'learning_rate': 0.017053924169508506, 'max_depth': 17, 'min_child_weight': 1, 'eval_metric': 'rmse'}. Best is trial 463 with value: 0.12284958614550846.
start listen on 192.168.1.101:50203
@tracker All of 1 nodes getting started
@tracker All nodes finishes job
Trial 547 finished with value: 0.1243025177672867 and parameters: {'objective': 'reg:squarederror', 'tree_method': 'gpu_hist', 'lambda': 6.3328139354783115, 'alpha': 0.9037631130784842, 'colsample_bytree': 0.6993112326831882, 'subsample': 0.5839131408822604, 'learning_rate': 0.013758076566183516, 'max_depth': 20, 'min_child_weight': 20, 'eval_metric': 'rmse'}. Best is trial 463 with value: 0.12284958614550846.
start listen on 192.168.1.101:45073
@tracker All of 1 nodes getting started
@tracker All nodes finishes job
Trial 548 finished with value: 0.12587593452581422 and parameters: {'objective': 'reg:squarederror', 'tree_method': 'gpu_hist', 'lambda': 7.282155125518382, 'alpha': 1.2185707091001972, 'colsample_bytree': 0.7587882866221443, 'subsample': 0.6179086525725115, 'learning_rate': 0.009276485079900806, 'max_depth': 7, 'min_child_weight': 10, 'eval_metric': 'rmse'}. Best is trial 463 with value: 0.12284958614550846.
start listen on 192.168.1.101:51889
@tracker All of 1 nodes getting started
@tracker All nodes finishes job
Trial 549 finished with value: 0.12499490103706035 and parameters: {'objective': 'reg:squarederror', 'tree_method': 'gpu_hist', 'lambda': 5.012039392356234, 'alpha': 0.626195823472745, 'colsample_bytree': 0.7104487342353542, 'subsample': 0.5987809490608019, 'learning_rate': 0.022665719419247474, 'max_depth': 11, 'min_child_weight': 28, 'eval_metric': 'rmse'}. Best is trial 463 with value: 0.12284958614550846.
start listen on 192.168.1.101:37859
@tracker All of 1 nodes getting started
@tracker All nodes finishes job
Trial 550 finished with value: 0.1237566102952553 and parameters: {'objective': 'reg:squarederror', 'tree_method': 'gpu_hist', 'lambda': 8.55920876802747, 'alpha': 1.4116317806174432, 'colsample_bytree': 0.6816706140110752, 'subsample': 0.5774060303491181, 'learning_rate': 0.011916534608059774, 'max_depth': 20, 'min_child_weight': 6, 'eval_metric': 'rmse'}. Best is trial 463 with value: 0.12284958614550846.
start listen on 192.168.1.101:44461
@tracker All of 1 nodes getting started
@tracker All nodes finishes job
Trial 551 finished with value: 0.126304224793288 and parameters: {'objective': 'reg:squarederror', 'tree_method': 'gpu_hist', 'lambda': 9.972469248171027, 'alpha': 2.1964618274265826, 'colsample_bytree': 0.7241527447511196, 'subsample': 0.5583854978353568, 'learning_rate': 0.01033133400356359, 'max_depth': 9, 'min_child_weight': 15, 'eval_metric': 'rmse'}. Best is trial 463 with value: 0.12284958614550846.
start listen on 192.168.1.101:37515
@tracker All of 1 nodes getting started
@tracker All nodes finishes job
Trial 552 finished with value: 0.1272817388774416 and parameters: {'objective': 'reg:squarederror', 'tree_method': 'gpu_hist', 'lambda': 0.2268168183708803, 'alpha': 1.8212561379559873, 'colsample_bytree': 0.5463213203743497, 'subsample': 0.6082819960191573, 'learning_rate': 0.061305876287259226, 'max_depth': 20, 'min_child_weight': 1, 'eval_metric': 'rmse'}. Best is trial 463 with value: 0.12284958614550846.
start listen on 192.168.1.101:52011
@tracker All of 1 nodes getting started
@tracker All nodes finishes job
Trial 553 finished with value: 0.12353849508989982 and parameters: {'objective': 'reg:squarederror', 'tree_method': 'gpu_hist', 'lambda': 5.968718341902848, 'alpha': 1.055111360887154, 'colsample_bytree': 0.7451153220703687, 'subsample': 0.632981123697038, 'learning_rate': 0.01306200594269651, 'max_depth': 20, 'min_child_weight': 11, 'eval_metric': 'rmse'}. Best is trial 463 with value: 0.12284958614550846.
start listen on 192.168.1.101:54583
@tracker All of 1 nodes getting started
@tracker All nodes finishes job
Trial 554 finished with value: 0.12426755552929203 and parameters: {'objective': 'reg:squarederror', 'tree_method': 'gpu_hist', 'lambda': 7.0445086734694975, 'alpha': 0.9322961350845219, 'colsample_bytree': 0.7073281016222172, 'subsample': 0.5901806013913464, 'learning_rate': 0.015432339649439226, 'max_depth': 20, 'min_child_weight': 21, 'eval_metric': 'rmse'}. Best is trial 463 with value: 0.12284958614550846.
start listen on 192.168.1.101:38531
@tracker All of 1 nodes getting started
@tracker All nodes finishes job
Trial 555 finished with value: 0.12359996701349946 and parameters: {'objective': 'reg:squarederror', 'tree_method': 'gpu_hist', 'lambda': 8.393777913117596, 'alpha': 0.8259999473284108, 'colsample_bytree': 0.6835390591243329, 'subsample': 0.6156143745252077, 'learning_rate': 0.011556721383102092, 'max_depth': 20, 'min_child_weight': 6, 'eval_metric': 'rmse'}. Best is trial 463 with value: 0.12284958614550846.
start listen on 192.168.1.101:40145
@tracker All of 1 nodes getting started
@tracker All nodes finishes job
Trial 556 finished with value: 0.12426714282695729 and parameters: {'objective': 'reg:squarederror', 'tree_method': 'gpu_hist', 'lambda': 7.310423101990402, 'alpha': 1.1707083790145592, 'colsample_bytree': 0.6974422797993837, 'subsample': 0.6011441830482247, 'learning_rate': 0.01947455299039254, 'max_depth': 20, 'min_child_weight': 16, 'eval_metric': 'rmse'}. Best is trial 463 with value: 0.12284958614550846.
start listen on 192.168.1.101:38983
@tracker All of 1 nodes getting started
@tracker All nodes finishes job
Trial 557 finished with value: 0.12436031550785286 and parameters: {'objective': 'reg:squarederror', 'tree_method': 'gpu_hist', 'lambda': 4.30926546575166, 'alpha': 0.4743557775341527, 'colsample_bytree': 0.7227672139349292, 'subsample': 0.6281788343266744, 'learning_rate': 0.007413277632469726, 'max_depth': 20, 'min_child_weight': 10, 'eval_metric': 'rmse'}. Best is trial 463 with value: 0.12284958614550846.
start listen on 192.168.1.101:60243
@tracker All of 1 nodes getting started
@tracker All nodes finishes job
Trial 558 finished with value: 0.12388066054279169 and parameters: {'objective': 'reg:squarederror', 'tree_method': 'gpu_hist', 'lambda': 5.796718879511119, 'alpha': 0.7261233201219299, 'colsample_bytree': 0.7386808497291303, 'subsample': 0.5846239072610767, 'learning_rate': 0.00848621310452235, 'max_depth': 20, 'min_child_weight': 6, 'eval_metric': 'rmse'}. Best is trial 463 with value: 0.12284958614550846.
start listen on 192.168.1.101:54739
@tracker All of 1 nodes getting started
@tracker All nodes finishes job
Trial 559 finished with value: 0.12501054149723523 and parameters: {'objective': 'reg:squarederror', 'tree_method': 'gpu_hist', 'lambda': 9.946077978192468, 'alpha': 1.5952972366582647, 'colsample_bytree': 0.6722699085267697, 'subsample': 0.6086026424408687, 'learning_rate': 0.014361843113295983, 'max_depth': 20, 'min_child_weight': 23, 'eval_metric': 'rmse'}. Best is trial 463 with value: 0.12284958614550846.
start listen on 192.168.1.101:43017
@tracker All of 1 nodes getting started
@tracker All nodes finishes job
Trial 560 finished with value: 0.12360546992498087 and parameters: {'objective': 'reg:squarederror', 'tree_method': 'gpu_hist', 'lambda': 7.539639477269294, 'alpha': 1.3507052918051934, 'colsample_bytree': 0.7150535861438082, 'subsample': 0.5933462386975479, 'learning_rate': 0.01674834080916129, 'max_depth': 20, 'min_child_weight': 15, 'eval_metric': 'rmse'}. Best is trial 463 with value: 0.12284958614550846.
start listen on 192.168.1.101:40937
@tracker All of 1 nodes getting started
@tracker All nodes finishes job
Trial 561 finished with value: 0.12688828379505876 and parameters: {'objective': 'reg:squarederror', 'tree_method': 'gpu_hist', 'lambda': 6.211467890010956, 'alpha': 0.5924262572756197, 'colsample_bytree': 0.6928385373500473, 'subsample': 0.6484173727675178, 'learning_rate': 0.012590531256334615, 'max_depth': 20, 'min_child_weight': 33, 'eval_metric': 'rmse'}. Best is trial 463 with value: 0.12284958614550846.
start listen on 192.168.1.101:57209
@tracker All of 1 nodes getting started
@tracker All nodes finishes job
Trial 562 finished with value: 0.12405320837168989 and parameters: {'objective': 'reg:squarederror', 'tree_method': 'gpu_hist', 'lambda': 8.06622572221279, 'alpha': 1.0573610377203049, 'colsample_bytree': 0.7040811634393023, 'subsample': 0.621227959163548, 'learning_rate': 0.010508421719353327, 'max_depth': 20, 'min_child_weight': 1, 'eval_metric': 'rmse'}. Best is trial 463 with value: 0.12284958614550846.
start listen on 192.168.1.101:51077
@tracker All of 1 nodes getting started
@tracker All nodes finishes job
Trial 563 finished with value: 0.12408701719002405 and parameters: {'objective': 'reg:squarederror', 'tree_method': 'gpu_hist', 'lambda': 4.909738077658574, 'alpha': 0.8026882656009077, 'colsample_bytree': 0.7314330734082499, 'subsample': 0.5727011377838324, 'learning_rate': 0.009196328266594271, 'max_depth': 15, 'min_child_weight': 11, 'eval_metric': 'rmse'}. Best is trial 463 with value: 0.12284958614550846.
start listen on 192.168.1.101:33893
@tracker All of 1 nodes getting started
@tracker All nodes finishes job
Trial 564 finished with value: 0.12521342823122583 and parameters: {'objective': 'reg:squarederror', 'tree_method': 'gpu_hist', 'lambda': 9.990653322478948, 'alpha': 1.245260505002493, 'colsample_bytree': 0.666229279461578, 'subsample': 0.6040902378061785, 'learning_rate': 0.013260407909008409, 'max_depth': 11, 'min_child_weight': 19, 'eval_metric': 'rmse'}. Best is trial 463 with value: 0.12284958614550846.
start listen on 192.168.1.101:43953
@tracker All of 1 nodes getting started
@tracker All nodes finishes job
Trial 565 finished with value: 0.12350947377592623 and parameters: {'objective': 'reg:squarederror', 'tree_method': 'gpu_hist', 'lambda': 6.79431791182678, 'alpha': 1.8522766514385942, 'colsample_bytree': 0.7168890401011666, 'subsample': 0.6388565611687084, 'learning_rate': 0.015603099484064058, 'max_depth': 20, 'min_child_weight': 6, 'eval_metric': 'rmse'}. Best is trial 463 with value: 0.12284958614550846.
start listen on 192.168.1.101:33971
@tracker All of 1 nodes getting started
@tracker All nodes finishes job
Trial 566 finished with value: 0.12453827150269356 and parameters: {'objective': 'reg:squarederror', 'tree_method': 'gpu_hist', 'lambda': 8.518373927788998, 'alpha': 0.9552640021954539, 'colsample_bytree': 0.7591396737476015, 'subsample': 0.6185412156903429, 'learning_rate': 0.011035081009917486, 'max_depth': 20, 'min_child_weight': 13, 'eval_metric': 'rmse'}. Best is trial 463 with value: 0.12284958614550846.
start listen on 192.168.1.101:50163
@tracker All of 1 nodes getting started
@tracker All nodes finishes job
Trial 567 finished with value: 0.17333092593470584 and parameters: {'objective': 'reg:squarederror', 'tree_method': 'gpu_hist', 'lambda': 5.623914829337657, 'alpha': 0.6553250414015079, 'colsample_bytree': 0.6892446603450578, 'subsample': 0.5911386980136458, 'learning_rate': 0.0016180091788225988, 'max_depth': 20, 'min_child_weight': 1, 'eval_metric': 'rmse'}. Best is trial 463 with value: 0.12284958614550846.
start listen on 192.168.1.101:56305
@tracker All of 1 nodes getting started
@tracker All nodes finishes job
Trial 568 finished with value: 0.13623819941672813 and parameters: {'objective': 'reg:squarederror', 'tree_method': 'gpu_hist', 'lambda': 7.364991603049637, 'alpha': 1.493084521364333, 'colsample_bytree': 0.7430763863639791, 'subsample': 0.6080125207527756, 'learning_rate': 0.012227939279982523, 'max_depth': 3, 'min_child_weight': 28, 'eval_metric': 'rmse'}. Best is trial 463 with value: 0.12284958614550846.
start listen on 192.168.1.101:41739
@tracker All of 1 nodes getting started
@tracker All nodes finishes job
Trial 569 finished with value: 0.1270131850249711 and parameters: {'objective': 'reg:squarederror', 'tree_method': 'gpu_hist', 'lambda': 8.585420460819314, 'alpha': 0.8098321081982092, 'colsample_bytree': 0.7050017936059269, 'subsample': 0.6288449755607959, 'learning_rate': 0.01483902646245892, 'max_depth': 5, 'min_child_weight': 9, 'eval_metric': 'rmse'}. Best is trial 463 with value: 0.12284958614550846.
start listen on 192.168.1.101:39279
@tracker All of 1 nodes getting started
@tracker All nodes finishes job
Trial 570 finished with value: 0.1253933125724727 and parameters: {'objective': 'reg:squarederror', 'tree_method': 'gpu_hist', 'lambda': 6.4484220577359315, 'alpha': 1.1180693793949483, 'colsample_bytree': 0.6794298269582861, 'subsample': 0.5792786396712031, 'learning_rate': 0.009871647805736518, 'max_depth': 20, 'min_child_weight': 18, 'eval_metric': 'rmse'}. Best is trial 463 with value: 0.12284958614550846.
start listen on 192.168.1.101:45477
@tracker All of 1 nodes getting started
@tracker All nodes finishes job
Trial 571 finished with value: 0.12348829918909028 and parameters: {'objective': 'reg:squarederror', 'tree_method': 'gpu_hist', 'lambda': 3.9520068518521803, 'alpha': 2.4535641094819822, 'colsample_bytree': 0.7204570648771945, 'subsample': 0.5941913187623449, 'learning_rate': 0.013724348002636054, 'max_depth': 20, 'min_child_weight': 6, 'eval_metric': 'rmse'}. Best is trial 463 with value: 0.12284958614550846.
start listen on 192.168.1.101:42251
@tracker All of 1 nodes getting started
@tracker All nodes finishes job
Trial 572 finished with value: 0.12531366811538056 and parameters: {'objective': 'reg:squarederror', 'tree_method': 'gpu_hist', 'lambda': 5.2367862360089426, 'alpha': 0.4468272535375287, 'colsample_bytree': 0.5708684997427999, 'subsample': 0.613776591345566, 'learning_rate': 0.01774855481774216, 'max_depth': 20, 'min_child_weight': 13, 'eval_metric': 'rmse'}. Best is trial 463 with value: 0.12284958614550846.
start listen on 192.168.1.101:60553
@tracker All of 1 nodes getting started
@tracker All nodes finishes job
Trial 573 finished with value: 0.12545152864977818 and parameters: {'objective': 'reg:squarederror', 'tree_method': 'gpu_hist', 'lambda': 0.0021240317490021344, 'alpha': 0.8915898377054372, 'colsample_bytree': 0.7768566640879294, 'subsample': 0.5996173760530437, 'learning_rate': 0.011632844583604068, 'max_depth': 20, 'min_child_weight': 22, 'eval_metric': 'rmse'}. Best is trial 463 with value: 0.12284958614550846.
start listen on 192.168.1.101:43229
@tracker All of 1 nodes getting started
@tracker All nodes finishes job
Trial 574 finished with value: 0.12354587787726058 and parameters: {'objective': 'reg:squarederror', 'tree_method': 'gpu_hist', 'lambda': 8.193988504388036, 'alpha': 1.2859684772006748, 'colsample_bytree': 0.6992216019219458, 'subsample': 0.5628159383624374, 'learning_rate': 0.012569296472217526, 'max_depth': 20, 'min_child_weight': 6, 'eval_metric': 'rmse'}. Best is trial 463 with value: 0.12284958614550846.
start listen on 192.168.1.101:55063
@tracker All of 1 nodes getting started
@tracker All nodes finishes job
Trial 575 finished with value: 0.12426512458780727 and parameters: {'objective': 'reg:squarederror', 'tree_method': 'gpu_hist', 'lambda': 6.853916665179287, 'alpha': 0.7101724635318984, 'colsample_bytree': 0.7318717768573145, 'subsample': 0.6187382003443208, 'learning_rate': 0.01070332760832216, 'max_depth': 20, 'min_child_weight': 16, 'eval_metric': 'rmse'}. Best is trial 463 with value: 0.12284958614550846.
start listen on 192.168.1.101:41661
@tracker All of 1 nodes getting started
@tracker All nodes finishes job
Trial 576 finished with value: 0.12938873091769384 and parameters: {'objective': 'reg:squarederror', 'tree_method': 'gpu_hist', 'lambda': 8.465221880009198, 'alpha': 1.6218710759055417, 'colsample_bytree': 0.33929065823005555, 'subsample': 0.5825137921475637, 'learning_rate': 0.016175765646998706, 'max_depth': 20, 'min_child_weight': 1, 'eval_metric': 'rmse'}. Best is trial 463 with value: 0.12284958614550846.
start listen on 192.168.1.101:48869
@tracker All of 1 nodes getting started
@tracker All nodes finishes job
Trial 577 finished with value: 0.12351487673843783 and parameters: {'objective': 'reg:squarederror', 'tree_method': 'gpu_hist', 'lambda': 5.947153064277346, 'alpha': 1.0725597174818662, 'colsample_bytree': 0.6634122737026594, 'subsample': 0.6325825229350214, 'learning_rate': 0.013666086774665732, 'max_depth': 17, 'min_child_weight': 11, 'eval_metric': 'rmse'}. Best is trial 463 with value: 0.12284958614550846.
start listen on 192.168.1.101:40303
@tracker All of 1 nodes getting started
@tracker All nodes finishes job
Trial 578 finished with value: 0.1272656016634616 and parameters: {'objective': 'reg:squarederror', 'tree_method': 'gpu_hist', 'lambda': 7.328067817694304, 'alpha': 2.00506245830859, 'colsample_bytree': 0.7132699126384336, 'subsample': 0.6033424573143276, 'learning_rate': 0.008796471270492452, 'max_depth': 20, 'min_child_weight': 26, 'eval_metric': 'rmse'}. Best is trial 463 with value: 0.12284958614550846.
start listen on 192.168.1.101:45775
@tracker All of 1 nodes getting started
@tracker All nodes finishes job
Trial 579 finished with value: 0.12561952931073367 and parameters: {'objective': 'reg:squarederror', 'tree_method': 'gpu_hist', 'lambda': 8.805165470385928, 'alpha': 0.5497181069330996, 'colsample_bytree': 0.6865617099455132, 'subsample': 0.5907943524156287, 'learning_rate': 0.009716638063588105, 'max_depth': 7, 'min_child_weight': 10, 'eval_metric': 'rmse'}. Best is trial 463 with value: 0.12284958614550846.
start listen on 192.168.1.101:48727
@tracker All of 1 nodes getting started
@tracker All nodes finishes job
Trial 580 finished with value: 0.1267539314565014 and parameters: {'objective': 'reg:squarederror', 'tree_method': 'gpu_hist', 'lambda': 0.38895012796209955, 'alpha': 0.9748432228828394, 'colsample_bytree': 0.7530429596590934, 'subsample': 0.6560674507304538, 'learning_rate': 0.042837084252860064, 'max_depth': 20, 'min_child_weight': 19, 'eval_metric': 'rmse'}. Best is trial 463 with value: 0.12284958614550846.
start listen on 192.168.1.101:41105
@tracker All of 1 nodes getting started
@tracker All nodes finishes job
Trial 581 finished with value: 0.12403521605143884 and parameters: {'objective': 'reg:squarederror', 'tree_method': 'gpu_hist', 'lambda': 3.3718578466903564, 'alpha': 0.09346275017559258, 'colsample_bytree': 0.6982712137005206, 'subsample': 0.6118697909261164, 'learning_rate': 0.014667317166124136, 'max_depth': 9, 'min_child_weight': 6, 'eval_metric': 'rmse'}. Best is trial 463 with value: 0.12284958614550846.
start listen on 192.168.1.101:59157
@tracker All of 1 nodes getting started
@tracker All nodes finishes job
Trial 582 finished with value: 0.1254609533277938 and parameters: {'objective': 'reg:squarederror', 'tree_method': 'gpu_hist', 'lambda': 9.930966218840164, 'alpha': 1.3331684380195172, 'colsample_bytree': 0.7257948945529008, 'subsample': 0.4502235606512458, 'learning_rate': 0.01165353450430804, 'max_depth': 11, 'min_child_weight': 14, 'eval_metric': 'rmse'}. Best is trial 463 with value: 0.12284958614550846.
start listen on 192.168.1.101:33293
@tracker All of 1 nodes getting started
@tracker All nodes finishes job
Trial 583 finished with value: 0.12438012639830431 and parameters: {'objective': 'reg:squarederror', 'tree_method': 'gpu_hist', 'lambda': 4.885193854898993, 'alpha': 0.7390200810814178, 'colsample_bytree': 0.6777180753047243, 'subsample': 0.5707409007298543, 'learning_rate': 0.013128424469066638, 'max_depth': 20, 'min_child_weight': 1, 'eval_metric': 'rmse'}. Best is trial 463 with value: 0.12284958614550846.
start listen on 192.168.1.101:59467
@tracker All of 1 nodes getting started
@tracker All nodes finishes job
Trial 584 finished with value: 0.1923875491012486 and parameters: {'objective': 'reg:squarederror', 'tree_method': 'gpu_hist', 'lambda': 0.16486366070967196, 'alpha': 1.1340516372727218, 'colsample_bytree': 0.7399725655170264, 'subsample': 0.6236644164393512, 'learning_rate': 0.010483940529940632, 'max_depth': 20, 'min_child_weight': 250, 'eval_metric': 'rmse'}. Best is trial 463 with value: 0.12284958614550846.
start listen on 192.168.1.101:53143
@tracker All of 1 nodes getting started
@tracker All nodes finishes job
Trial 585 finished with value: 0.12410034895714936 and parameters: {'objective': 'reg:squarederror', 'tree_method': 'gpu_hist', 'lambda': 6.423088388777086, 'alpha': 0.8665904624750369, 'colsample_bytree': 0.7106444246179007, 'subsample': 0.5974786009867686, 'learning_rate': 0.015946796833084434, 'max_depth': 20, 'min_child_weight': 10, 'eval_metric': 'rmse'}. Best is trial 463 with value: 0.12284958614550846.
start listen on 192.168.1.101:39493
@tracker All of 1 nodes getting started
@tracker All nodes finishes job
Trial 586 finished with value: 0.12502398321238017 and parameters: {'objective': 'reg:squarederror', 'tree_method': 'gpu_hist', 'lambda': 7.4557738651926995, 'alpha': 1.5488802383457585, 'colsample_bytree': 0.6930735603586927, 'subsample': 0.5491069952825596, 'learning_rate': 0.012504610505992738, 'max_depth': 20, 'min_child_weight': 18, 'eval_metric': 'rmse'}. Best is trial 463 with value: 0.12284958614550846.
start listen on 192.168.1.101:41545
@tracker All of 1 nodes getting started
@tracker All nodes finishes job
