Trial 713 finished with value: 0.12327063309722824 and parameters: {'objective': 'reg:squarederror', 'tree_method': 'gpu_hist', 'lambda': 9.999686931652324, 'alpha': 0.9481578835204807, 'colsample_bytree': 0.7492841685522729, 'subsample': 0.6243506548654851, 'learning_rate': 0.014511516750544802, 'max_depth': 20, 'min_child_weight': 14, 'eval_metric': 'rmse'}. Best is trial 463 with value: 0.12284958614550846.
start listen on 192.168.1.101:49027
@tracker All of 1 nodes getting started
@tracker All nodes finishes job
Trial 714 finished with value: 0.12435589668762961 and parameters: {'objective': 'reg:squarederror', 'tree_method': 'gpu_hist', 'lambda': 8.467693442561433, 'alpha': 0.8763992546281081, 'colsample_bytree': 0.7770459013263228, 'subsample': 0.6362593037181256, 'learning_rate': 0.01573491668467251, 'max_depth': 20, 'min_child_weight': 21, 'eval_metric': 'rmse'}. Best is trial 463 with value: 0.12284958614550846.
start listen on 192.168.1.101:43525
@tracker All of 1 nodes getting started
@tracker All nodes finishes job
Trial 715 finished with value: 0.1241563507941708 and parameters: {'objective': 'reg:squarederror', 'tree_method': 'gpu_hist', 'lambda': 8.730762502802241, 'alpha': 0.5808436804890115, 'colsample_bytree': 0.7637007679302823, 'subsample': 0.6588801416246536, 'learning_rate': 0.017055465517116383, 'max_depth': 20, 'min_child_weight': 15, 'eval_metric': 'rmse'}. Best is trial 463 with value: 0.12284958614550846.
start listen on 192.168.1.101:57309
@tracker All of 1 nodes getting started
@tracker All nodes finishes job
Trial 716 finished with value: 0.12456425294706 and parameters: {'objective': 'reg:squarederror', 'tree_method': 'gpu_hist', 'lambda': 0.8724156127773739, 'alpha': 0.7306031090370472, 'colsample_bytree': 0.7587248313762525, 'subsample': 0.6453943991234946, 'learning_rate': 0.014812701782875434, 'max_depth': 20, 'min_child_weight': 1, 'eval_metric': 'rmse'}. Best is trial 463 with value: 0.12284958614550846.
start listen on 192.168.1.101:45733
@tracker All of 1 nodes getting started
@tracker All nodes finishes job
Trial 717 finished with value: 0.125032101475108 and parameters: {'objective': 'reg:squarederror', 'tree_method': 'gpu_hist', 'lambda': 8.741765404323889, 'alpha': 0.9941511751563372, 'colsample_bytree': 0.7525364625473024, 'subsample': 0.6276663880573268, 'learning_rate': 0.01642113986430501, 'max_depth': 20, 'min_child_weight': 26, 'eval_metric': 'rmse'}. Best is trial 463 with value: 0.12284958614550846.
start listen on 192.168.1.101:47303
@tracker All of 1 nodes getting started
@tracker All nodes finishes job
Trial 718 finished with value: 0.12561751194263848 and parameters: {'objective': 'reg:squarederror', 'tree_method': 'gpu_hist', 'lambda': 9.902416203122508, 'alpha': 0.6097257002344506, 'colsample_bytree': 0.7978128382237857, 'subsample': 0.9707933112476799, 'learning_rate': 0.023202708723574918, 'max_depth': 20, 'min_child_weight': 13, 'eval_metric': 'rmse'}. Best is trial 463 with value: 0.12284958614550846.
start listen on 192.168.1.101:55617
@tracker All of 1 nodes getting started
@tracker All nodes finishes job
Trial 719 finished with value: 0.12401428558855815 and parameters: {'objective': 'reg:squarederror', 'tree_method': 'gpu_hist', 'lambda': 7.388002362349661, 'alpha': 0.8026180991261849, 'colsample_bytree': 0.746525604307354, 'subsample': 0.6214444255713005, 'learning_rate': 0.014246666313213594, 'max_depth': 20, 'min_child_weight': 19, 'eval_metric': 'rmse'}. Best is trial 463 with value: 0.12284958614550846.
start listen on 192.168.1.101:39161
@tracker All of 1 nodes getting started
@tracker All nodes finishes job
Trial 720 finished with value: 0.12551794810933034 and parameters: {'objective': 'reg:squarederror', 'tree_method': 'gpu_hist', 'lambda': 1.8245034293449627, 'alpha': 0.9780901896971284, 'colsample_bytree': 0.7446878528203658, 'subsample': 0.6187120251180392, 'learning_rate': 0.019927352685739762, 'max_depth': 20, 'min_child_weight': 7, 'eval_metric': 'rmse'}. Best is trial 463 with value: 0.12284958614550846.
start listen on 192.168.1.101:49365
@tracker All of 1 nodes getting started
@tracker All nodes finishes job
Trial 721 finished with value: 0.12342956527526354 and parameters: {'objective': 'reg:squarederror', 'tree_method': 'gpu_hist', 'lambda': 8.791228261465703, 'alpha': 1.2711290765868217, 'colsample_bytree': 0.6643133973443918, 'subsample': 0.6279574984418441, 'learning_rate': 0.015077875302796882, 'max_depth': 20, 'min_child_weight': 12, 'eval_metric': 'rmse'}. Best is trial 463 with value: 0.12284958614550846.
start listen on 192.168.1.101:39033
@tracker All of 1 nodes getting started
@tracker All nodes finishes job
Trial 722 finished with value: 0.12387626673110526 and parameters: {'objective': 'reg:squarederror', 'tree_method': 'gpu_hist', 'lambda': 9.947521382334452, 'alpha': 2.4324717757114165, 'colsample_bytree': 0.7692777743845329, 'subsample': 0.5402349096695349, 'learning_rate': 0.017750587462364725, 'max_depth': 20, 'min_child_weight': 6, 'eval_metric': 'rmse'}. Best is trial 463 with value: 0.12284958614550846.
start listen on 192.168.1.101:42641
@tracker All of 1 nodes getting started
@tracker All nodes finishes job
Trial 723 finished with value: 0.1242902660098463 and parameters: {'objective': 'reg:squarederror', 'tree_method': 'gpu_hist', 'lambda': 5.963405323815742, 'alpha': 0.5074590852543839, 'colsample_bytree': 0.7353973481270025, 'subsample': 0.6400029189539549, 'learning_rate': 0.014023171797095628, 'max_depth': 20, 'min_child_weight': 20, 'eval_metric': 'rmse'}. Best is trial 463 with value: 0.12284958614550846.
start listen on 192.168.1.101:43407
@tracker All of 1 nodes getting started
@tracker All nodes finishes job
Trial 724 finished with value: 0.12413688613878252 and parameters: {'objective': 'reg:squarederror', 'tree_method': 'gpu_hist', 'lambda': 9.970544848630588, 'alpha': 1.118116347457208, 'colsample_bytree': 0.6749048399204137, 'subsample': 0.5585266668030814, 'learning_rate': 0.01576955995869107, 'max_depth': 15, 'min_child_weight': 14, 'eval_metric': 'rmse'}. Best is trial 463 with value: 0.12284958614550846.
start listen on 192.168.1.101:40615
@tracker All of 1 nodes getting started
@tracker All nodes finishes job
Trial 725 finished with value: 0.12410825272024326 and parameters: {'objective': 'reg:squarederror', 'tree_method': 'gpu_hist', 'lambda': 7.284396408586219, 'alpha': 1.6139600135003707, 'colsample_bytree': 0.6507312616992036, 'subsample': 0.6105752246445484, 'learning_rate': 0.013658496528855953, 'max_depth': 20, 'min_child_weight': 1, 'eval_metric': 'rmse'}. Best is trial 463 with value: 0.12284958614550846.
start listen on 192.168.1.101:52991
@tracker All of 1 nodes getting started
@tracker All nodes finishes job
Trial 726 finished with value: 0.1315409016304694 and parameters: {'objective': 'reg:squarederror', 'tree_method': 'gpu_hist', 'lambda': 5.279602767317867, 'alpha': 0.7118136804560323, 'colsample_bytree': 0.7202465441005704, 'subsample': 0.5935472235918343, 'learning_rate': 0.01285885641621303, 'max_depth': 5, 'min_child_weight': 36, 'eval_metric': 'rmse'}. Best is trial 463 with value: 0.12284958614550846.
start listen on 192.168.1.101:39407
@tracker All of 1 nodes getting started
@tracker All nodes finishes job
Trial 727 finished with value: 0.12563645365334347 and parameters: {'objective': 'reg:squarederror', 'tree_method': 'gpu_hist', 'lambda': 0.010441165865951195, 'alpha': 0.8787969289186446, 'colsample_bytree': 0.7853983907552601, 'subsample': 0.5777908637142399, 'learning_rate': 0.015248611858085287, 'max_depth': 20, 'min_child_weight': 25, 'eval_metric': 'rmse'}. Best is trial 463 with value: 0.12284958614550846.
start listen on 192.168.1.101:33661
@tracker All of 1 nodes getting started
@tracker All nodes finishes job
Trial 728 finished with value: 0.12489357708587188 and parameters: {'objective': 'reg:squarederror', 'tree_method': 'gpu_hist', 'lambda': 7.3152873010511765, 'alpha': 1.2655341513351874, 'colsample_bytree': 0.7508944296784358, 'subsample': 0.6185002564540153, 'learning_rate': 0.01803368033020222, 'max_depth': 20, 'min_child_weight': 10, 'eval_metric': 'rmse'}. Best is trial 463 with value: 0.12284958614550846.
start listen on 192.168.1.101:45841
@tracker All of 1 nodes getting started
@tracker All nodes finishes job
Trial 729 finished with value: 0.12499139606889434 and parameters: {'objective': 'reg:squarederror', 'tree_method': 'gpu_hist', 'lambda': 6.379102747060421, 'alpha': 2.048652646616453, 'colsample_bytree': 0.6917712675783841, 'subsample': 0.6049155487521467, 'learning_rate': 0.013833289983103543, 'max_depth': 20, 'min_child_weight': 19, 'eval_metric': 'rmse'}. Best is trial 463 with value: 0.12284958614550846.
start listen on 192.168.1.101:60755
@tracker All of 1 nodes getting started
@tracker All nodes finishes job
Trial 730 finished with value: 0.13329417404519553 and parameters: {'objective': 'reg:squarederror', 'tree_method': 'gpu_hist', 'lambda': 8.287702571241999, 'alpha': 0.9913022126183332, 'colsample_bytree': 0.738917368109848, 'subsample': 0.6573478915240063, 'learning_rate': 0.012170855517817594, 'max_depth': 3, 'min_child_weight': 6, 'eval_metric': 'rmse'}. Best is trial 463 with value: 0.12284958614550846.
start listen on 192.168.1.101:36821
@tracker All of 1 nodes getting started
@tracker All nodes finishes job
Trial 731 finished with value: 0.12631195813262996 and parameters: {'objective': 'reg:squarederror', 'tree_method': 'gpu_hist', 'lambda': 9.963900929312079, 'alpha': 1.4090593879275959, 'colsample_bytree': 0.7107664238918748, 'subsample': 0.5897827144613959, 'learning_rate': 0.006968679390091532, 'max_depth': 20, 'min_child_weight': 15, 'eval_metric': 'rmse'}. Best is trial 463 with value: 0.12284958614550846.
start listen on 192.168.1.101:35539
@tracker All of 1 nodes getting started
@tracker All nodes finishes job
Trial 732 finished with value: 0.12468006350004225 and parameters: {'objective': 'reg:squarederror', 'tree_method': 'gpu_hist', 'lambda': 4.438035939331501, 'alpha': 0.38573954423219564, 'colsample_bytree': 0.7268763415127637, 'subsample': 0.6336129078274406, 'learning_rate': 0.016428632834315587, 'max_depth': 20, 'min_child_weight': 11, 'eval_metric': 'rmse'}. Best is trial 463 with value: 0.12284958614550846.
start listen on 192.168.1.101:39169
@tracker All of 1 nodes getting started
@tracker All nodes finishes job
Trial 733 finished with value: 0.12667470175953277 and parameters: {'objective': 'reg:squarederror', 'tree_method': 'gpu_hist', 'lambda': 0.06241013172564772, 'alpha': 0.6559477585621539, 'colsample_bytree': 0.6757222144689998, 'subsample': 0.6011231697261576, 'learning_rate': 0.01308988536755711, 'max_depth': 20, 'min_child_weight': 30, 'eval_metric': 'rmse'}. Best is trial 463 with value: 0.12284958614550846.
start listen on 192.168.1.101:51123
@tracker All of 1 nodes getting started
@tracker All nodes finishes job
Trial 734 finished with value: 0.12386346163763973 and parameters: {'objective': 'reg:squarederror', 'tree_method': 'gpu_hist', 'lambda': 7.633098087358487, 'alpha': 0.7873365345853105, 'colsample_bytree': 0.6970161917628994, 'subsample': 0.5668779603875715, 'learning_rate': 0.011071174066441045, 'max_depth': 20, 'min_child_weight': 6, 'eval_metric': 'rmse'}. Best is trial 463 with value: 0.12284958614550846.
start listen on 192.168.1.101:60913
@tracker All of 1 nodes getting started
@tracker All nodes finishes job
Trial 735 finished with value: 0.12392775039856581 and parameters: {'objective': 'reg:squarederror', 'tree_method': 'gpu_hist', 'lambda': 9.976890168119613, 'alpha': 1.104655327558471, 'colsample_bytree': 0.6582704243551718, 'subsample': 0.6127284818002233, 'learning_rate': 0.009836845369228546, 'max_depth': 20, 'min_child_weight': 1, 'eval_metric': 'rmse'}. Best is trial 463 with value: 0.12284958614550846.
start listen on 192.168.1.101:40527
@tracker All of 1 nodes getting started
@tracker All nodes finishes job
Trial 736 finished with value: 0.12366217366680965 and parameters: {'objective': 'reg:squarederror', 'tree_method': 'gpu_hist', 'lambda': 6.175712146532116, 'alpha': 1.6667387045613178, 'colsample_bytree': 0.7165842783450611, 'subsample': 0.6222463194161496, 'learning_rate': 0.014710743377768669, 'max_depth': 20, 'min_child_weight': 16, 'eval_metric': 'rmse'}. Best is trial 463 with value: 0.12284958614550846.
start listen on 192.168.1.101:42699
@tracker All of 1 nodes getting started
@tracker All nodes finishes job
Trial 737 finished with value: 0.12531557680000008 and parameters: {'objective': 'reg:squarederror', 'tree_method': 'gpu_hist', 'lambda': 7.511412909542815, 'alpha': 0.9203674288031026, 'colsample_bytree': 0.7031821421484077, 'subsample': 0.5827611789679569, 'learning_rate': 0.0062851734334442985, 'max_depth': 17, 'min_child_weight': 10, 'eval_metric': 'rmse'}. Best is trial 463 with value: 0.12284958614550846.
start listen on 192.168.1.101:52871
@tracker All of 1 nodes getting started
@tracker All nodes finishes job
Trial 738 finished with value: 0.12457856109317955 and parameters: {'objective': 'reg:squarederror', 'tree_method': 'gpu_hist', 'lambda': 5.236712990620314, 'alpha': 1.4194959031416308, 'colsample_bytree': 0.6795054238213596, 'subsample': 0.7951732553992047, 'learning_rate': 0.01210426143352204, 'max_depth': 20, 'min_child_weight': 23, 'eval_metric': 'rmse'}. Best is trial 463 with value: 0.12284958614550846.
start listen on 192.168.1.101:55863
@tracker All of 1 nodes getting started
@tracker All nodes finishes job
Trial 739 finished with value: 0.12371399219330755 and parameters: {'objective': 'reg:squarederror', 'tree_method': 'gpu_hist', 'lambda': 8.358485993177508, 'alpha': 1.1897535551823997, 'colsample_bytree': 0.6369939814272859, 'subsample': 0.5958595135317798, 'learning_rate': 0.017073417204309754, 'max_depth': 20, 'min_child_weight': 6, 'eval_metric': 'rmse'}. Best is trial 463 with value: 0.12284958614550846.
start listen on 192.168.1.101:48213
@tracker All of 1 nodes getting started
@tracker All nodes finishes job
Trial 740 finished with value: 0.12561836508069862 and parameters: {'objective': 'reg:squarederror', 'tree_method': 'gpu_hist', 'lambda': 6.665332164411119, 'alpha': 0.9772114406415175, 'colsample_bytree': 0.7612137448028409, 'subsample': 0.6487148035875107, 'learning_rate': 0.014412998079626857, 'max_depth': 7, 'min_child_weight': 17, 'eval_metric': 'rmse'}. Best is trial 463 with value: 0.12284958614550846.
start listen on 192.168.1.101:41117
@tracker All of 1 nodes getting started
@tracker All nodes finishes job
Trial 741 finished with value: 0.12480785846051638 and parameters: {'objective': 'reg:squarederror', 'tree_method': 'gpu_hist', 'lambda': 8.549252161901709, 'alpha': 1.871848038589495, 'colsample_bytree': 0.732099294725284, 'subsample': 0.4268893129905129, 'learning_rate': 0.012973564057527498, 'max_depth': 20, 'min_child_weight': 12, 'eval_metric': 'rmse'}. Best is trial 463 with value: 0.12284958614550846.
start listen on 192.168.1.101:48381
@tracker All of 1 nodes getting started
@tracker All nodes finishes job
Trial 742 finished with value: 0.12518812476592267 and parameters: {'objective': 'reg:squarederror', 'tree_method': 'gpu_hist', 'lambda': 5.991709590465982, 'alpha': 0.5375545560030988, 'colsample_bytree': 0.6873406556740654, 'subsample': 0.6102601797030609, 'learning_rate': 0.010559503601530781, 'max_depth': 20, 'min_child_weight': 22, 'eval_metric': 'rmse'}. Best is trial 463 with value: 0.12284958614550846.
start listen on 192.168.1.101:38187
@tracker All of 1 nodes getting started
@tracker All nodes finishes job
Trial 743 finished with value: 0.1549959223027763 and parameters: {'objective': 'reg:squarederror', 'tree_method': 'gpu_hist', 'lambda': 7.259352973676116, 'alpha': 0.8074733363499252, 'colsample_bytree': 0.7079765803846959, 'subsample': 0.630334968391395, 'learning_rate': 0.008753022380745844, 'max_depth': 20, 'min_child_weight': 147, 'eval_metric': 'rmse'}. Best is trial 463 with value: 0.12284958614550846.
start listen on 192.168.1.101:46497
@tracker All of 1 nodes getting started
@tracker All nodes finishes job
Trial 744 finished with value: 0.13857481828933713 and parameters: {'objective': 'reg:squarederror', 'tree_method': 'gpu_hist', 'lambda': 8.397294385469522, 'alpha': 1.2090014990589653, 'colsample_bytree': 0.66612107190412, 'subsample': 0.6015123771142372, 'learning_rate': 0.019172091238869118, 'max_depth': 20, 'min_child_weight': 76, 'eval_metric': 'rmse'}. Best is trial 463 with value: 0.12284958614550846.
start listen on 192.168.1.101:45433
@tracker All of 1 nodes getting started
@tracker All nodes finishes job
Trial 745 finished with value: 0.12419336817525292 and parameters: {'objective': 'reg:squarederror', 'tree_method': 'gpu_hist', 'lambda': 9.999766827760492, 'alpha': 1.5947308470178125, 'colsample_bytree': 0.7241481521274726, 'subsample': 0.5795349142353109, 'learning_rate': 0.011616345589440266, 'max_depth': 9, 'min_child_weight': 1, 'eval_metric': 'rmse'}. Best is trial 463 with value: 0.12284958614550846.
start listen on 192.168.1.101:36741
@tracker All of 1 nodes getting started
@tracker All nodes finishes job
Trial 746 finished with value: 0.1249590997112347 and parameters: {'objective': 'reg:squarederror', 'tree_method': 'gpu_hist', 'lambda': 4.873931489878088, 'alpha': 2.358871002097401, 'colsample_bytree': 0.6964531784790262, 'subsample': 0.6787557734904166, 'learning_rate': 0.007744274478346088, 'max_depth': 13, 'min_child_weight': 10, 'eval_metric': 'rmse'}. Best is trial 463 with value: 0.12284958614550846.
start listen on 192.168.1.101:37883
@tracker All of 1 nodes getting started
@tracker All nodes finishes job
Trial 747 finished with value: 0.12372905544247392 and parameters: {'objective': 'reg:squarederror', 'tree_method': 'gpu_hist', 'lambda': 6.346829407453743, 'alpha': 0.6658404277994183, 'colsample_bytree': 0.7456016778009587, 'subsample': 0.6200977549152789, 'learning_rate': 0.015646363729479862, 'max_depth': 20, 'min_child_weight': 16, 'eval_metric': 'rmse'}. Best is trial 463 with value: 0.12284958614550846.
start listen on 192.168.1.101:42429
@tracker All of 1 nodes getting started
@tracker All nodes finishes job
Trial 748 finished with value: 0.12334500049731988 and parameters: {'objective': 'reg:squarederror', 'tree_method': 'gpu_hist', 'lambda': 8.316045430409863, 'alpha': 1.112613816140644, 'colsample_bytree': 0.7152203379173746, 'subsample': 0.5909178108119503, 'learning_rate': 0.013709740131766514, 'max_depth': 20, 'min_child_weight': 7, 'eval_metric': 'rmse'}. Best is trial 463 with value: 0.12284958614550846.
start listen on 192.168.1.101:51141
@tracker All of 1 nodes getting started
@tracker All nodes finishes job
Trial 749 finished with value: 0.12373738672129293 and parameters: {'objective': 'reg:squarederror', 'tree_method': 'gpu_hist', 'lambda': 3.1856857859846057, 'alpha': 2.7894720845681555, 'colsample_bytree': 0.7374298467669241, 'subsample': 0.6109791592874738, 'learning_rate': 0.012299140319379375, 'max_depth': 20, 'min_child_weight': 6, 'eval_metric': 'rmse'}. Best is trial 463 with value: 0.12284958614550846.
start listen on 192.168.1.101:43623
@tracker All of 1 nodes getting started
@tracker All nodes finishes job
Trial 750 finished with value: 0.12625388987470876 and parameters: {'objective': 'reg:squarederror', 'tree_method': 'gpu_hist', 'lambda': 6.646358787108239, 'alpha': 0.9016766059993186, 'colsample_bytree': 0.6861548594479773, 'subsample': 0.6379478197765904, 'learning_rate': 0.009937883918391458, 'max_depth': 20, 'min_child_weight': 28, 'eval_metric': 'rmse'}. Best is trial 463 with value: 0.12284958614550846.
start listen on 192.168.1.101:51303
@tracker All of 1 nodes getting started
@tracker All nodes finishes job
Trial 751 finished with value: 0.123850176841229 and parameters: {'objective': 'reg:squarederror', 'tree_method': 'gpu_hist', 'lambda': 5.387341466541078, 'alpha': 1.3872788813844201, 'colsample_bytree': 0.6482827127757929, 'subsample': 0.5977202279657171, 'learning_rate': 0.011134559550019858, 'max_depth': 20, 'min_child_weight': 14, 'eval_metric': 'rmse'}. Best is trial 463 with value: 0.12284958614550846.
start listen on 192.168.1.101:35795
@tracker All of 1 nodes getting started
@tracker All nodes finishes job
Trial 752 finished with value: 0.12529084785391614 and parameters: {'objective': 'reg:squarederror', 'tree_method': 'gpu_hist', 'lambda': 7.415970472448172, 'alpha': 0.7609834921092629, 'colsample_bytree': 0.7018415802111624, 'subsample': 0.5686956982347606, 'learning_rate': 0.014133890951702066, 'max_depth': 15, 'min_child_weight': 20, 'eval_metric': 'rmse'}. Best is trial 463 with value: 0.12284958614550846.
start listen on 192.168.1.101:54585
@tracker All of 1 nodes getting started
@tracker All nodes finishes job
Trial 753 finished with value: 0.1918595456866777 and parameters: {'objective': 'reg:squarederror', 'tree_method': 'gpu_hist', 'lambda': 9.946879133773768, 'alpha': 0.009351522992982085, 'colsample_bytree': 0.6664831856038449, 'subsample': 0.6222424385931745, 'learning_rate': 0.016300295137283167, 'max_depth': 20, 'min_child_weight': 268, 'eval_metric': 'rmse'}. Best is trial 463 with value: 0.12284958614550846.
start listen on 192.168.1.101:45757
@tracker All of 1 nodes getting started
@tracker All nodes finishes job
Trial 754 finished with value: 0.15205227352374442 and parameters: {'objective': 'reg:squarederror', 'tree_method': 'gpu_hist', 'lambda': 8.413397781724932, 'alpha': 1.0904786659634267, 'colsample_bytree': 0.7272720296815284, 'subsample': 0.608391240719073, 'learning_rate': 0.009454390190951085, 'max_depth': 20, 'min_child_weight': 136, 'eval_metric': 'rmse'}. Best is trial 463 with value: 0.12284958614550846.
start listen on 192.168.1.101:40519
@tracker All of 1 nodes getting started
@tracker All nodes finishes job
