Trial 41 finished with value: 0.1335096490099419 and parameters: {'objective': 'reg:squarederror', 'tree_method': 'gpu_hist', 'lambda': 0.35759470428973145, 'alpha': 0.8841657237798249, 'colsample_bytree': 0.6907670806578088, 'subsample': 0.8158454629644273, 'learning_rate': 0.002660018883519138, 'max_depth': 15, 'min_child_weight': 1, 'eval_metric': 'rmse'}. Best is trial 23 with value: 0.12410830842228636.
start listen on 192.168.1.101:43379
@tracker All of 1 nodes getting started
@tracker All nodes finishes job
Trial 42 finished with value: 0.12479887722035411 and parameters: {'objective': 'reg:squarederror', 'tree_method': 'gpu_hist', 'lambda': 0.04341417500975723, 'alpha': 1.2702982359500892, 'colsample_bytree': 0.7728783746243723, 'subsample': 0.7119344484055894, 'learning_rate': 0.013068750299582106, 'max_depth': 15, 'min_child_weight': 13, 'eval_metric': 'rmse'}. Best is trial 23 with value: 0.12410830842228636.
start listen on 192.168.1.101:53907
@tracker All of 1 nodes getting started
@tracker All nodes finishes job
Trial 43 finished with value: 0.12930373209336982 and parameters: {'objective': 'reg:squarederror', 'tree_method': 'gpu_hist', 'lambda': 0.01378923860219282, 'alpha': 3.0651444431487875, 'colsample_bytree': 0.6505825690288382, 'subsample': 0.6622504420918596, 'learning_rate': 0.007770779371095871, 'max_depth': 15, 'min_child_weight': 35, 'eval_metric': 'rmse'}. Best is trial 23 with value: 0.12410830842228636.
start listen on 192.168.1.101:57221
@tracker All of 1 nodes getting started
@tracker All nodes finishes job
Trial 44 finished with value: 0.1316651355934072 and parameters: {'objective': 'reg:squarederror', 'tree_method': 'gpu_hist', 'lambda': 0.0048991806717371385, 'alpha': 5.556814245894369, 'colsample_bytree': 0.7633597736471125, 'subsample': 0.7167121489662986, 'learning_rate': 0.0037939849549425285, 'max_depth': 15, 'min_child_weight': 17, 'eval_metric': 'rmse'}. Best is trial 23 with value: 0.12410830842228636.
start listen on 192.168.1.101:60145
@tracker All of 1 nodes getting started
@tracker All nodes finishes job
Trial 45 finished with value: 0.13489038663772168 and parameters: {'objective': 'reg:squarederror', 'tree_method': 'gpu_hist', 'lambda': 0.03998339937937477, 'alpha': 2.34951480166224, 'colsample_bytree': 0.7082776110958994, 'subsample': 0.6173390577116568, 'learning_rate': 0.009390125329888362, 'max_depth': 7, 'min_child_weight': 54, 'eval_metric': 'rmse'}. Best is trial 23 with value: 0.12410830842228636.
start listen on 192.168.1.101:59253
@tracker All of 1 nodes getting started
@tracker All nodes finishes job
Trial 46 finished with value: 0.12487832699827858 and parameters: {'objective': 'reg:squarederror', 'tree_method': 'gpu_hist', 'lambda': 0.007656951581305701, 'alpha': 1.4163475696936587, 'colsample_bytree': 0.6526384872471733, 'subsample': 0.5728475649146623, 'learning_rate': 0.011904629298583403, 'max_depth': 15, 'min_child_weight': 13, 'eval_metric': 'rmse'}. Best is trial 23 with value: 0.12410830842228636.
start listen on 192.168.1.101:40297
@tracker All of 1 nodes getting started
@tracker All nodes finishes job
Trial 47 finished with value: 0.14480046673863123 and parameters: {'objective': 'reg:squarederror', 'tree_method': 'gpu_hist', 'lambda': 0.06320364132289669, 'alpha': 0.3004593449424959, 'colsample_bytree': 0.5696790395173483, 'subsample': 0.8464738784832732, 'learning_rate': 0.002575035046434108, 'max_depth': 5, 'min_child_weight': 43, 'eval_metric': 'rmse'}. Best is trial 23 with value: 0.12410830842228636.
start listen on 192.168.1.101:56721
@tracker All of 1 nodes getting started
@tracker All nodes finishes job
Trial 48 finished with value: 0.12546214980775602 and parameters: {'objective': 'reg:squarederror', 'tree_method': 'gpu_hist', 'lambda': 0.018198093147688846, 'alpha': 0.6877655410922253, 'colsample_bytree': 0.8076528227702058, 'subsample': 0.7160555739212704, 'learning_rate': 0.02189022689282264, 'max_depth': 9, 'min_child_weight': 31, 'eval_metric': 'rmse'}. Best is trial 23 with value: 0.12410830842228636.
start listen on 192.168.1.101:35029
@tracker All of 1 nodes getting started
@tracker All nodes finishes job
Trial 49 finished with value: 0.1976160518775089 and parameters: {'objective': 'reg:squarederror', 'tree_method': 'gpu_hist', 'lambda': 0.03980432794586776, 'alpha': 0.018726571198588185, 'colsample_bytree': 0.9492772623766104, 'subsample': 0.6791720435867757, 'learning_rate': 0.006231239734220405, 'max_depth': 13, 'min_child_weight': 277, 'eval_metric': 'rmse'}. Best is trial 23 with value: 0.12410830842228636.
start listen on 192.168.1.101:50603
@tracker All of 1 nodes getting started
@tracker All nodes finishes job
Trial 50 finished with value: 0.17925973561152508 and parameters: {'objective': 'reg:squarederror', 'tree_method': 'gpu_hist', 'lambda': 0.08128973949270994, 'alpha': 0.0947928461039549, 'colsample_bytree': 0.755960803206456, 'subsample': 0.6309316645966827, 'learning_rate': 0.04315425967770517, 'max_depth': 15, 'min_child_weight': 243, 'eval_metric': 'rmse'}. Best is trial 23 with value: 0.12410830842228636.
start listen on 192.168.1.101:35131
@tracker All of 1 nodes getting started
@tracker All nodes finishes job
Trial 51 finished with value: 0.12430592465564261 and parameters: {'objective': 'reg:squarederror', 'tree_method': 'gpu_hist', 'lambda': 0.012065923042238424, 'alpha': 1.255992225529548, 'colsample_bytree': 0.6454841627670174, 'subsample': 0.5820853214746519, 'learning_rate': 0.011910165407583218, 'max_depth': 15, 'min_child_weight': 12, 'eval_metric': 'rmse'}. Best is trial 23 with value: 0.12410830842228636.
start listen on 192.168.1.101:43783
@tracker All of 1 nodes getting started
@tracker All nodes finishes job
Trial 52 finished with value: 0.1249752751221462 and parameters: {'objective': 'reg:squarederror', 'tree_method': 'gpu_hist', 'lambda': 0.011307583705539165, 'alpha': 1.1381630369971854, 'colsample_bytree': 0.7015439490388001, 'subsample': 0.5224376768806772, 'learning_rate': 0.015045921860715133, 'max_depth': 15, 'min_child_weight': 10, 'eval_metric': 'rmse'}. Best is trial 23 with value: 0.12410830842228636.
start listen on 192.168.1.101:38725
@tracker All of 1 nodes getting started
@tracker All nodes finishes job
Trial 53 finished with value: 0.12573925220910978 and parameters: {'objective': 'reg:squarederror', 'tree_method': 'gpu_hist', 'lambda': 0.002450075873606213, 'alpha': 0.39937848549167354, 'colsample_bytree': 0.5955506791619025, 'subsample': 0.589012652826804, 'learning_rate': 0.012040797492226972, 'max_depth': 15, 'min_child_weight': 1, 'eval_metric': 'rmse'}. Best is trial 23 with value: 0.12410830842228636.
start listen on 192.168.1.101:38055
@tracker All of 1 nodes getting started
@tracker All nodes finishes job
Trial 54 finished with value: 0.13090275933662496 and parameters: {'objective': 'reg:squarederror', 'tree_method': 'gpu_hist', 'lambda': 0.03258767727544193, 'alpha': 2.2340655982822795, 'colsample_bytree': 0.5233736911384635, 'subsample': 0.5110110081889456, 'learning_rate': 0.009227002421202737, 'max_depth': 15, 'min_child_weight': 30, 'eval_metric': 'rmse'}. Best is trial 23 with value: 0.12410830842228636.
start listen on 192.168.1.101:45013
@tracker All of 1 nodes getting started
@tracker All nodes finishes job
Trial 55 finished with value: 0.1351353345316666 and parameters: {'objective': 'reg:squarederror', 'tree_method': 'gpu_hist', 'lambda': 0.009942913336447307, 'alpha': 0.16546158056598076, 'colsample_bytree': 0.6673552872243623, 'subsample': 0.7498677402514482, 'learning_rate': 0.027049308618759798, 'max_depth': 3, 'min_child_weight': 47, 'eval_metric': 'rmse'}. Best is trial 23 with value: 0.12410830842228636.
start listen on 192.168.1.101:57265
@tracker All of 1 nodes getting started
@tracker All nodes finishes job
Trial 56 finished with value: 0.1603609797133202 and parameters: {'objective': 'reg:squarederror', 'tree_method': 'gpu_hist', 'lambda': 0.021132828483634056, 'alpha': 0.8330762493471134, 'colsample_bytree': 0.6274176832007206, 'subsample': 0.8046180758258537, 'learning_rate': 0.018818845373191673, 'max_depth': 17, 'min_child_weight': 185, 'eval_metric': 'rmse'}. Best is trial 23 with value: 0.12410830842228636.
start listen on 192.168.1.101:48349
@tracker All of 1 nodes getting started
@tracker All nodes finishes job
Trial 57 finished with value: 0.13858713573798873 and parameters: {'objective': 'reg:squarederror', 'tree_method': 'gpu_hist', 'lambda': 0.005792828426024239, 'alpha': 6.3408690773762295, 'colsample_bytree': 0.7417954573195239, 'subsample': 0.589002422118034, 'learning_rate': 0.005634288124078099, 'max_depth': 11, 'min_child_weight': 61, 'eval_metric': 'rmse'}. Best is trial 23 with value: 0.12410830842228636.
start listen on 192.168.1.101:55693
@tracker All of 1 nodes getting started
@tracker All nodes finishes job
Trial 58 finished with value: 0.12763978343869006 and parameters: {'objective': 'reg:squarederror', 'tree_method': 'gpu_hist', 'lambda': 0.14370307378227762, 'alpha': 0.2913387880307286, 'colsample_bytree': 0.7799967822309362, 'subsample': 0.6682570787548814, 'learning_rate': 0.0071570806438593345, 'max_depth': 7, 'min_child_weight': 22, 'eval_metric': 'rmse'}. Best is trial 23 with value: 0.12410830842228636.
start listen on 192.168.1.101:47727
@tracker All of 1 nodes getting started
@tracker All nodes finishes job
Trial 59 finished with value: 0.14253224699185724 and parameters: {'objective': 'reg:squarederror', 'tree_method': 'gpu_hist', 'lambda': 8.420315333202728, 'alpha': 0.7056470842579977, 'colsample_bytree': 0.7285266317397704, 'subsample': 0.4614382027890188, 'learning_rate': 0.01548067362346228, 'max_depth': 13, 'min_child_weight': 81, 'eval_metric': 'rmse'}. Best is trial 23 with value: 0.12410830842228636.
start listen on 192.168.1.101:56093
@tracker All of 1 nodes getting started
@tracker All nodes finishes job
Trial 60 finished with value: 0.1264033151101855 and parameters: {'objective': 'reg:squarederror', 'tree_method': 'gpu_hist', 'lambda': 0.06478995610256331, 'alpha': 1.4195513540988236, 'colsample_bytree': 0.8441529193989424, 'subsample': 0.7833974076872923, 'learning_rate': 0.004744630076071379, 'max_depth': 9, 'min_child_weight': 9, 'eval_metric': 'rmse'}. Best is trial 23 with value: 0.12410830842228636.
start listen on 192.168.1.101:34285
@tracker All of 1 nodes getting started
@tracker All nodes finishes job
Trial 61 finished with value: 0.12543356353652974 and parameters: {'objective': 'reg:squarederror', 'tree_method': 'gpu_hist', 'lambda': 0.009801498637210389, 'alpha': 1.1724331849629823, 'colsample_bytree': 0.6475127695443502, 'subsample': 0.5488368782078964, 'learning_rate': 0.010849198844409253, 'max_depth': 15, 'min_child_weight': 12, 'eval_metric': 'rmse'}. Best is trial 23 with value: 0.12410830842228636.
start listen on 192.168.1.101:57465
@tracker All of 1 nodes getting started
@tracker All nodes finishes job
Trial 62 finished with value: 0.12671055527018726 and parameters: {'objective': 'reg:squarederror', 'tree_method': 'gpu_hist', 'lambda': 0.006704316008042924, 'alpha': 1.577917184705707, 'colsample_bytree': 0.6056473356674547, 'subsample': 0.5709461015908543, 'learning_rate': 0.01269397633163632, 'max_depth': 15, 'min_child_weight': 25, 'eval_metric': 'rmse'}. Best is trial 23 with value: 0.12410830842228636.
start listen on 192.168.1.101:36353
@tracker All of 1 nodes getting started
@tracker All nodes finishes job
Trial 63 finished with value: 0.12904964036267977 and parameters: {'objective': 'reg:squarederror', 'tree_method': 'gpu_hist', 'lambda': 0.0031835416782644093, 'alpha': 0.4215368620474788, 'colsample_bytree': 0.6678127686593398, 'subsample': 0.5879727587204865, 'learning_rate': 0.023469838570064253, 'max_depth': 15, 'min_child_weight': 38, 'eval_metric': 'rmse'}. Best is trial 23 with value: 0.12410830842228636.
start listen on 192.168.1.101:40047
@tracker All of 1 nodes getting started
@tracker All nodes finishes job
Trial 64 finished with value: 0.13198390231971574 and parameters: {'objective': 'reg:squarederror', 'tree_method': 'gpu_hist', 'lambda': 0.0154047538641142, 'alpha': 2.850981595489738, 'colsample_bytree': 0.3015911823325987, 'subsample': 0.6369091031893, 'learning_rate': 0.008512408651846541, 'max_depth': 15, 'min_child_weight': 14, 'eval_metric': 'rmse'}. Best is trial 23 with value: 0.12410830842228636.
start listen on 192.168.1.101:41535
@tracker All of 1 nodes getting started
@tracker All nodes finishes job
Trial 65 finished with value: 0.12766858059290143 and parameters: {'objective': 'reg:squarederror', 'tree_method': 'gpu_hist', 'lambda': 0.027483376554336594, 'alpha': 2.1085223370791795, 'colsample_bytree': 0.5756845301131671, 'subsample': 0.8635630486831221, 'learning_rate': 0.010377260853702426, 'max_depth': 20, 'min_child_weight': 41, 'eval_metric': 'rmse'}. Best is trial 23 with value: 0.12410830842228636.
start listen on 192.168.1.101:58125
@tracker All of 1 nodes getting started
@tracker All nodes finishes job
Trial 66 finished with value: 0.12998874950109784 and parameters: {'objective': 'reg:squarederror', 'tree_method': 'gpu_hist', 'lambda': 0.008254205674865771, 'alpha': 0.2173887898840488, 'colsample_bytree': 0.46594022096458243, 'subsample': 0.4287109343721972, 'learning_rate': 0.032336148814220124, 'max_depth': 15, 'min_child_weight': 26, 'eval_metric': 'rmse'}. Best is trial 23 with value: 0.12410830842228636.
start listen on 192.168.1.101:47973
@tracker All of 1 nodes getting started
@tracker All nodes finishes job
Trial 67 finished with value: 0.12766754683791917 and parameters: {'objective': 'reg:squarederror', 'tree_method': 'gpu_hist', 'lambda': 0.04854450448381576, 'alpha': 0.7400369126393554, 'colsample_bytree': 0.5455905307695998, 'subsample': 0.9121724584224458, 'learning_rate': 0.013812806929265647, 'max_depth': 15, 'min_child_weight': 1, 'eval_metric': 'rmse'}. Best is trial 23 with value: 0.12410830842228636.
start listen on 192.168.1.101:40383
@tracker All of 1 nodes getting started
@tracker All nodes finishes job
Trial 68 finished with value: 0.12647893269112345 and parameters: {'objective': 'reg:squarederror', 'tree_method': 'gpu_hist', 'lambda': 0.1612730489521338, 'alpha': 0.5398537284863055, 'colsample_bytree': 0.8812120096086903, 'subsample': 0.7635718053579995, 'learning_rate': 0.016643375782060422, 'max_depth': 13, 'min_child_weight': 12, 'eval_metric': 'rmse'}. Best is trial 23 with value: 0.12410830842228636.
start listen on 192.168.1.101:51413
@tracker All of 1 nodes getting started
@tracker All nodes finishes job
Trial 69 finished with value: 0.1333864377742861 and parameters: {'objective': 'reg:squarederror', 'tree_method': 'gpu_hist', 'lambda': 0.014023285191130563, 'alpha': 4.818265505582375, 'colsample_bytree': 0.8120630029587209, 'subsample': 0.7078894515576014, 'learning_rate': 0.006973163844265121, 'max_depth': 15, 'min_child_weight': 52, 'eval_metric': 'rmse'}. Best is trial 23 with value: 0.12410830842228636.
start listen on 192.168.1.101:55665
@tracker All of 1 nodes getting started
@tracker All nodes finishes job
Trial 70 finished with value: 0.1406773321087287 and parameters: {'objective': 'reg:squarederror', 'tree_method': 'gpu_hist', 'lambda': 0.03315712415375684, 'alpha': 0.001214086770816916, 'colsample_bytree': 0.6936162093804529, 'subsample': 0.536552657755874, 'learning_rate': 0.020034566674980322, 'max_depth': 5, 'min_child_weight': 64, 'eval_metric': 'rmse'}. Best is trial 23 with value: 0.12410830842228636.
start listen on 192.168.1.101:49957
@tracker All of 1 nodes getting started
@tracker All nodes finishes job
Trial 71 finished with value: 0.12631810582227218 and parameters: {'objective': 'reg:squarederror', 'tree_method': 'gpu_hist', 'lambda': 0.010183907974441898, 'alpha': 1.0376868165521924, 'colsample_bytree': 0.7092344578513405, 'subsample': 0.48957672178346523, 'learning_rate': 0.015485401241663314, 'max_depth': 15, 'min_child_weight': 9, 'eval_metric': 'rmse'}. Best is trial 23 with value: 0.12410830842228636.
start listen on 192.168.1.101:48389
@tracker All of 1 nodes getting started
@tracker All nodes finishes job
Trial 72 finished with value: 0.12520060991230014 and parameters: {'objective': 'reg:squarederror', 'tree_method': 'gpu_hist', 'lambda': 0.012138625796985065, 'alpha': 1.3410729117709255, 'colsample_bytree': 0.6435113299816648, 'subsample': 0.5126936091784308, 'learning_rate': 0.011797698118225014, 'max_depth': 15, 'min_child_weight': 18, 'eval_metric': 'rmse'}. Best is trial 23 with value: 0.12410830842228636.
start listen on 192.168.1.101:54581
@tracker All of 1 nodes getting started
@tracker All nodes finishes job
Trial 73 finished with value: 0.12491942408699601 and parameters: {'objective': 'reg:squarederror', 'tree_method': 'gpu_hist', 'lambda': 0.006722164800011487, 'alpha': 1.090766474591862, 'colsample_bytree': 0.7032066974353512, 'subsample': 0.8218709818209301, 'learning_rate': 0.014328730950659592, 'max_depth': 15, 'min_child_weight': 8, 'eval_metric': 'rmse'}. Best is trial 23 with value: 0.12410830842228636.
start listen on 192.168.1.101:58689
@tracker All of 1 nodes getting started
@tracker All nodes finishes job
Trial 74 finished with value: 0.12662353617589123 and parameters: {'objective': 'reg:squarederror', 'tree_method': 'gpu_hist', 'lambda': 0.0026261947023503932, 'alpha': 0.003138194713685829, 'colsample_bytree': 0.7635562110993807, 'subsample': 0.8034041549545351, 'learning_rate': 0.0181238244273908, 'max_depth': 15, 'min_child_weight': 32, 'eval_metric': 'rmse'}. Best is trial 23 with value: 0.12410830842228636.
start listen on 192.168.1.101:38591
@tracker All of 1 nodes getting started
@tracker All nodes finishes job
Trial 75 finished with value: 0.13702167567368922 and parameters: {'objective': 'reg:squarederror', 'tree_method': 'gpu_hist', 'lambda': 0.00744164958441226, 'alpha': 0.38621697342869277, 'colsample_bytree': 0.6194227975158696, 'subsample': 0.8259398811976727, 'learning_rate': 0.009992551512703354, 'max_depth': 3, 'min_child_weight': 22, 'eval_metric': 'rmse'}. Best is trial 23 with value: 0.12410830842228636.
start listen on 192.168.1.101:50733
@tracker All of 1 nodes getting started
@tracker All nodes finishes job
Trial 76 finished with value: 0.12389551575268011 and parameters: {'objective': 'reg:squarederror', 'tree_method': 'gpu_hist', 'lambda': 0.01980061631309713, 'alpha': 1.8396820493676351, 'colsample_bytree': 0.6781918386980673, 'subsample': 0.7408439518270696, 'learning_rate': 0.01304242292747554, 'max_depth': 15, 'min_child_weight': 7, 'eval_metric': 'rmse'}. Best is trial 76 with value: 0.12389551575268011.
start listen on 192.168.1.101:47333
@tracker All of 1 nodes getting started
@tracker All nodes finishes job
Trial 77 finished with value: 0.12951038877765503 and parameters: {'objective': 'reg:squarederror', 'tree_method': 'gpu_hist', 'lambda': 0.022484114658968178, 'alpha': 4.048087065851904, 'colsample_bytree': 0.6630711085533086, 'subsample': 0.7419535155822959, 'learning_rate': 0.008721439727324217, 'max_depth': 17, 'min_child_weight': 40, 'eval_metric': 'rmse'}. Best is trial 76 with value: 0.12389551575268011.
start listen on 192.168.1.101:38003
@tracker All of 1 nodes getting started
@tracker All nodes finishes job
Trial 78 finished with value: 0.15447507269881855 and parameters: {'objective': 'reg:squarederror', 'tree_method': 'gpu_hist', 'lambda': 0.37269399681487664, 'alpha': 1.7047887836595603, 'colsample_bytree': 0.7268087150510066, 'subsample': 0.7318623300459591, 'learning_rate': 0.003858266610168696, 'max_depth': 15, 'min_child_weight': 138, 'eval_metric': 'rmse'}. Best is trial 76 with value: 0.12389551575268011.
start listen on 192.168.1.101:50743
@tracker All of 1 nodes getting started
@tracker All nodes finishes job
Trial 79 finished with value: 0.1991022777565766 and parameters: {'objective': 'reg:squarederror', 'tree_method': 'gpu_hist', 'lambda': 0.08527238803181797, 'alpha': 2.4436223199926577, 'colsample_bytree': 0.7897842541711911, 'subsample': 0.6057249765851098, 'learning_rate': 0.0013083757480004687, 'max_depth': 11, 'min_child_weight': 18, 'eval_metric': 'rmse'}. Best is trial 76 with value: 0.12389551575268011.
start listen on 192.168.1.101:37299
@tracker All of 1 nodes getting started
@tracker All nodes finishes job
Trial 80 finished with value: 0.12429409232667706 and parameters: {'objective': 'reg:squarederror', 'tree_method': 'gpu_hist', 'lambda': 3.2627062315039357, 'alpha': 0.278755298095834, 'colsample_bytree': 0.7461256031181629, 'subsample': 0.6529379333498425, 'learning_rate': 0.012865633575227851, 'max_depth': 13, 'min_child_weight': 1, 'eval_metric': 'rmse'}. Best is trial 76 with value: 0.12389551575268011.
start listen on 192.168.1.101:44731
@tracker All of 1 nodes getting started
@tracker All nodes finishes job
Trial 81 finished with value: 0.12436539234184435 and parameters: {'objective': 'reg:squarederror', 'tree_method': 'gpu_hist', 'lambda': 2.123128317043, 'alpha': 0.27093888587412196, 'colsample_bytree': 0.6843250670416511, 'subsample': 0.6801965222528615, 'learning_rate': 0.011513947380279181, 'max_depth': 13, 'min_child_weight': 1, 'eval_metric': 'rmse'}. Best is trial 76 with value: 0.12389551575268011.
start listen on 192.168.1.101:54549
@tracker All of 1 nodes getting started
@tracker All nodes finishes job
Trial 82 finished with value: 0.12474191539878697 and parameters: {'objective': 'reg:squarederror', 'tree_method': 'gpu_hist', 'lambda': 3.6838724736290027, 'alpha': 0.1255769945771702, 'colsample_bytree': 0.6830575702278198, 'subsample': 0.6542043838097542, 'learning_rate': 0.013175305582506609, 'max_depth': 13, 'min_child_weight': 4, 'eval_metric': 'rmse'}. Best is trial 76 with value: 0.12389551575268011.
start listen on 192.168.1.101:52971
@tracker All of 1 nodes getting started
@tracker All nodes finishes job
