Trial 251 finished with value: 0.12485854879157067 and parameters: {'objective': 'reg:squarederror', 'tree_method': 'gpu_hist', 'lambda': 8.323658534897998, 'alpha': 1.3630395623201688, 'colsample_bytree': 0.7093533886080464, 'subsample': 0.6179758445696091, 'learning_rate': 0.010942633755608796, 'max_depth': 20, 'min_child_weight': 19, 'eval_metric': 'rmse'}. Best is trial 233 with value: 0.12306412059147159.
start listen on 192.168.1.101:60145
@tracker All of 1 nodes getting started
@tracker All nodes finishes job
Trial 252 finished with value: 0.1233213958715876 and parameters: {'objective': 'reg:squarederror', 'tree_method': 'gpu_hist', 'lambda': 8.466671108392386, 'alpha': 1.0717720453648147, 'colsample_bytree': 0.6946316200386142, 'subsample': 0.6098255480145175, 'learning_rate': 0.011504686342365728, 'max_depth': 20, 'min_child_weight': 12, 'eval_metric': 'rmse'}. Best is trial 233 with value: 0.12306412059147159.
start listen on 192.168.1.101:47553
@tracker All of 1 nodes getting started
@tracker All nodes finishes job
Trial 253 finished with value: 0.1239645225591994 and parameters: {'objective': 'reg:squarederror', 'tree_method': 'gpu_hist', 'lambda': 9.931380140434245, 'alpha': 0.027387734306884962, 'colsample_bytree': 0.6932962794831625, 'subsample': 0.6212264771881374, 'learning_rate': 0.01165611788433157, 'max_depth': 20, 'min_child_weight': 14, 'eval_metric': 'rmse'}. Best is trial 233 with value: 0.12306412059147159.
start listen on 192.168.1.101:53195
@tracker All of 1 nodes getting started
@tracker All nodes finishes job
Trial 254 finished with value: 0.12586102163640828 and parameters: {'objective': 'reg:squarederror', 'tree_method': 'gpu_hist', 'lambda': 6.712481822306986, 'alpha': 0.9896352264517805, 'colsample_bytree': 0.6771448036083183, 'subsample': 0.5774818561894177, 'learning_rate': 0.010428969847429963, 'max_depth': 20, 'min_child_weight': 21, 'eval_metric': 'rmse'}. Best is trial 233 with value: 0.12306412059147159.
start listen on 192.168.1.101:42641
@tracker All of 1 nodes getting started
@tracker All nodes finishes job
Trial 255 finished with value: 0.12329947168127997 and parameters: {'objective': 'reg:squarederror', 'tree_method': 'gpu_hist', 'lambda': 7.415657505433411, 'alpha': 1.1422111899799174, 'colsample_bytree': 0.7163975981722969, 'subsample': 0.6082277475146384, 'learning_rate': 0.011609543420760267, 'max_depth': 20, 'min_child_weight': 9, 'eval_metric': 'rmse'}. Best is trial 233 with value: 0.12306412059147159.
start listen on 192.168.1.101:56167
@tracker All of 1 nodes getting started
@tracker All nodes finishes job
Trial 256 finished with value: 0.12356330764689237 and parameters: {'objective': 'reg:squarederror', 'tree_method': 'gpu_hist', 'lambda': 8.391660214914491, 'alpha': 1.4807091736009073, 'colsample_bytree': 0.7129945795819959, 'subsample': 0.6116642106999611, 'learning_rate': 0.011768628765472631, 'max_depth': 20, 'min_child_weight': 13, 'eval_metric': 'rmse'}. Best is trial 233 with value: 0.12306412059147159.
start listen on 192.168.1.101:36089
@tracker All of 1 nodes getting started
@tracker All nodes finishes job
Trial 257 finished with value: 0.1239592782379443 and parameters: {'objective': 'reg:squarederror', 'tree_method': 'gpu_hist', 'lambda': 8.648577073075229, 'alpha': 1.4717615052549364, 'colsample_bytree': 0.7019095523488934, 'subsample': 0.616037935844401, 'learning_rate': 0.011706553465895431, 'max_depth': 20, 'min_child_weight': 16, 'eval_metric': 'rmse'}. Best is trial 233 with value: 0.12306412059147159.
start listen on 192.168.1.101:36043
@tracker All of 1 nodes getting started
@tracker All nodes finishes job
Trial 258 finished with value: 0.16434674273474248 and parameters: {'objective': 'reg:squarederror', 'tree_method': 'gpu_hist', 'lambda': 7.550776236225205, 'alpha': 1.5901370835056436, 'colsample_bytree': 0.7136868493073255, 'subsample': 0.6090605325385554, 'learning_rate': 0.011992715971806721, 'max_depth': 20, 'min_child_weight': 168, 'eval_metric': 'rmse'}. Best is trial 233 with value: 0.12306412059147159.
start listen on 192.168.1.101:35885
@tracker All of 1 nodes getting started
@tracker All nodes finishes job
Trial 259 finished with value: 0.12542686980635082 and parameters: {'objective': 'reg:squarederror', 'tree_method': 'gpu_hist', 'lambda': 9.674091552009868, 'alpha': 1.3312325105091276, 'colsample_bytree': 0.6862129161203548, 'subsample': 0.6278078992614968, 'learning_rate': 0.010747915544448523, 'max_depth': 20, 'min_child_weight': 21, 'eval_metric': 'rmse'}. Best is trial 233 with value: 0.12306412059147159.
start listen on 192.168.1.101:59929
@tracker All of 1 nodes getting started
@tracker All nodes finishes job
Trial 260 finished with value: 0.12323639337395394 and parameters: {'objective': 'reg:squarederror', 'tree_method': 'gpu_hist', 'lambda': 7.9976162635989105, 'alpha': 1.2219254514186173, 'colsample_bytree': 0.66104626349035, 'subsample': 0.606365809473991, 'learning_rate': 0.011805428957454914, 'max_depth': 20, 'min_child_weight': 12, 'eval_metric': 'rmse'}. Best is trial 233 with value: 0.12306412059147159.
start listen on 192.168.1.101:39145
@tracker All of 1 nodes getting started
@tracker All nodes finishes job
Trial 261 finished with value: 0.12805223886014636 and parameters: {'objective': 'reg:squarederror', 'tree_method': 'gpu_hist', 'lambda': 8.25799633412362, 'alpha': 1.6935804060111985, 'colsample_bytree': 0.6664865430060617, 'subsample': 0.6086388531769814, 'learning_rate': 0.012531631688474827, 'max_depth': 5, 'min_child_weight': 14, 'eval_metric': 'rmse'}. Best is trial 233 with value: 0.12306412059147159.
start listen on 192.168.1.101:54063
@tracker All of 1 nodes getting started
@tracker All nodes finishes job
Trial 262 finished with value: 0.12480817091195402 and parameters: {'objective': 'reg:squarederror', 'tree_method': 'gpu_hist', 'lambda': 9.794175295339782, 'alpha': 1.1729692510377114, 'colsample_bytree': 0.6576033600633562, 'subsample': 0.6259016099699504, 'learning_rate': 0.011414655590515035, 'max_depth': 20, 'min_child_weight': 19, 'eval_metric': 'rmse'}. Best is trial 233 with value: 0.12306412059147159.
start listen on 192.168.1.101:38813
@tracker All of 1 nodes getting started
@tracker All nodes finishes job
Trial 263 finished with value: 0.12361084761280362 and parameters: {'objective': 'reg:squarederror', 'tree_method': 'gpu_hist', 'lambda': 7.798117046632759, 'alpha': 1.16852067836762, 'colsample_bytree': 0.696202324156637, 'subsample': 0.6137572608881329, 'learning_rate': 0.010801319176459918, 'max_depth': 20, 'min_child_weight': 10, 'eval_metric': 'rmse'}. Best is trial 233 with value: 0.12306412059147159.
start listen on 192.168.1.101:33613
@tracker All of 1 nodes getting started
@tracker All nodes finishes job
Trial 264 finished with value: 0.13856038707034635 and parameters: {'objective': 'reg:squarederror', 'tree_method': 'gpu_hist', 'lambda': 9.964250129173676, 'alpha': 0.8705119597153553, 'colsample_bytree': 0.4803131842384873, 'subsample': 0.600285315493563, 'learning_rate': 0.010158294933652688, 'max_depth': 3, 'min_child_weight': 6, 'eval_metric': 'rmse'}. Best is trial 233 with value: 0.12306412059147159.
start listen on 192.168.1.101:54109
@tracker All of 1 nodes getting started
@tracker All nodes finishes job
Trial 265 finished with value: 0.1238779494809615 and parameters: {'objective': 'reg:squarederror', 'tree_method': 'gpu_hist', 'lambda': 5.44694880821412, 'alpha': 1.0441496002864392, 'colsample_bytree': 0.6856034972473373, 'subsample': 0.6232617115207846, 'learning_rate': 0.011913443823330233, 'max_depth': 17, 'min_child_weight': 14, 'eval_metric': 'rmse'}. Best is trial 233 with value: 0.12306412059147159.
start listen on 192.168.1.101:45015
@tracker All of 1 nodes getting started
@tracker All nodes finishes job
Trial 266 finished with value: 0.12573606890867986 and parameters: {'objective': 'reg:squarederror', 'tree_method': 'gpu_hist', 'lambda': 7.212429771240608, 'alpha': 0.8367416655085061, 'colsample_bytree': 0.6731409008949398, 'subsample': 0.6055126515612925, 'learning_rate': 0.010120633657973405, 'max_depth': 20, 'min_child_weight': 23, 'eval_metric': 'rmse'}. Best is trial 233 with value: 0.12306412059147159.
start listen on 192.168.1.101:47705
@tracker All of 1 nodes getting started
@tracker All nodes finishes job
Trial 267 finished with value: 0.1951707989094282 and parameters: {'objective': 'reg:squarederror', 'tree_method': 'gpu_hist', 'lambda': 8.192014680186485, 'alpha': 1.3752727201282686, 'colsample_bytree': 0.7063022309595289, 'subsample': 0.5955315898030122, 'learning_rate': 0.012294239942094975, 'max_depth': 11, 'min_child_weight': 278, 'eval_metric': 'rmse'}. Best is trial 233 with value: 0.12306412059147159.
start listen on 192.168.1.101:54365
@tracker All of 1 nodes getting started
@tracker All nodes finishes job
Trial 268 finished with value: 0.12390721052943751 and parameters: {'objective': 'reg:squarederror', 'tree_method': 'gpu_hist', 'lambda': 5.895186817652653, 'alpha': 0.8214431159816873, 'colsample_bytree': 0.7117122222003045, 'subsample': 0.6263100980433147, 'learning_rate': 0.011020740544865602, 'max_depth': 20, 'min_child_weight': 6, 'eval_metric': 'rmse'}. Best is trial 233 with value: 0.12306412059147159.
start listen on 192.168.1.101:58345
@tracker All of 1 nodes getting started
@tracker All nodes finishes job
Trial 269 finished with value: 0.12394224100392631 and parameters: {'objective': 'reg:squarederror', 'tree_method': 'gpu_hist', 'lambda': 6.928589220869828, 'alpha': 1.1285108440002625, 'colsample_bytree': 0.6968622515284597, 'subsample': 0.6124136923617299, 'learning_rate': 0.010092434826807202, 'max_depth': 20, 'min_child_weight': 1, 'eval_metric': 'rmse'}. Best is trial 233 with value: 0.12306412059147159.
start listen on 192.168.1.101:39835
@tracker All of 1 nodes getting started
@tracker All nodes finishes job
Trial 270 finished with value: 0.12347747070367583 and parameters: {'objective': 'reg:squarederror', 'tree_method': 'gpu_hist', 'lambda': 8.368751302482849, 'alpha': 0.9324788224020574, 'colsample_bytree': 0.7199540011690694, 'subsample': 0.5968703136048794, 'learning_rate': 0.01291514279902739, 'max_depth': 20, 'min_child_weight': 13, 'eval_metric': 'rmse'}. Best is trial 233 with value: 0.12306412059147159.
start listen on 192.168.1.101:38185
@tracker All of 1 nodes getting started
@tracker All nodes finishes job
Trial 271 finished with value: 0.12419342153214372 and parameters: {'objective': 'reg:squarederror', 'tree_method': 'gpu_hist', 'lambda': 4.809549984234312, 'alpha': 0.7671565819046573, 'colsample_bytree': 0.7252591502258807, 'subsample': 0.5892451633722307, 'learning_rate': 0.013105702171775223, 'max_depth': 20, 'min_child_weight': 18, 'eval_metric': 'rmse'}. Best is trial 233 with value: 0.12306412059147159.
start listen on 192.168.1.101:44509
@tracker All of 1 nodes getting started
@tracker All nodes finishes job
Trial 272 finished with value: 0.12616101723947798 and parameters: {'objective': 'reg:squarederror', 'tree_method': 'gpu_hist', 'lambda': 6.302673871626986, 'alpha': 0.9536937438195331, 'colsample_bytree': 0.6776145236553555, 'subsample': 0.6001603966842483, 'learning_rate': 0.009865618825025752, 'max_depth': 20, 'min_child_weight': 26, 'eval_metric': 'rmse'}. Best is trial 233 with value: 0.12306412059147159.
start listen on 192.168.1.101:50957
@tracker All of 1 nodes getting started
@tracker All nodes finishes job
Trial 273 finished with value: 0.12329950106160413 and parameters: {'objective': 'reg:squarederror', 'tree_method': 'gpu_hist', 'lambda': 8.498477613979556, 'alpha': 0.8000538027894085, 'colsample_bytree': 0.7005907433781294, 'subsample': 0.5878458277904804, 'learning_rate': 0.011004225993776267, 'max_depth': 20, 'min_child_weight': 7, 'eval_metric': 'rmse'}. Best is trial 233 with value: 0.12306412059147159.
start listen on 192.168.1.101:50673
@tracker All of 1 nodes getting started
@tracker All nodes finishes job
Trial 274 finished with value: 0.12395589653909485 and parameters: {'objective': 'reg:squarederror', 'tree_method': 'gpu_hist', 'lambda': 9.812655962087566, 'alpha': 1.0222956297346197, 'colsample_bytree': 0.7011108545017684, 'subsample': 0.5535673625263723, 'learning_rate': 0.013334446900231304, 'max_depth': 20, 'min_child_weight': 6, 'eval_metric': 'rmse'}. Best is trial 233 with value: 0.12306412059147159.
start listen on 192.168.1.101:39207
@tracker All of 1 nodes getting started
@tracker All nodes finishes job
Trial 275 finished with value: 0.12478800657475964 and parameters: {'objective': 'reg:squarederror', 'tree_method': 'gpu_hist', 'lambda': 6.610868151454016, 'alpha': 0.8749402983914277, 'colsample_bytree': 0.7197693815977785, 'subsample': 0.5846713810474827, 'learning_rate': 0.011030408601624376, 'max_depth': 7, 'min_child_weight': 1, 'eval_metric': 'rmse'}. Best is trial 233 with value: 0.12306412059147159.
start listen on 192.168.1.101:53031
@tracker All of 1 nodes getting started
@tracker All nodes finishes job
Trial 276 finished with value: 0.12439919623275146 and parameters: {'objective': 'reg:squarederror', 'tree_method': 'gpu_hist', 'lambda': 7.490813626697973, 'alpha': 1.1986562619317493, 'colsample_bytree': 0.7226585693959587, 'subsample': 0.5651381705567279, 'learning_rate': 0.012293261612278103, 'max_depth': 20, 'min_child_weight': 14, 'eval_metric': 'rmse'}. Best is trial 233 with value: 0.12306412059147159.
start listen on 192.168.1.101:51839
@tracker All of 1 nodes getting started
@tracker All nodes finishes job
Trial 277 finished with value: 0.12439198206984348 and parameters: {'objective': 'reg:squarederror', 'tree_method': 'gpu_hist', 'lambda': 5.082037218934014, 'alpha': 0.5939662027700432, 'colsample_bytree': 0.7037173763454455, 'subsample': 0.5962977611880648, 'learning_rate': 0.007453418369862698, 'max_depth': 20, 'min_child_weight': 7, 'eval_metric': 'rmse'}. Best is trial 233 with value: 0.12306412059147159.
start listen on 192.168.1.101:40143
@tracker All of 1 nodes getting started
@tracker All nodes finishes job
Trial 278 finished with value: 0.1483169099104526 and parameters: {'objective': 'reg:squarederror', 'tree_method': 'gpu_hist', 'lambda': 8.434914300752437, 'alpha': 0.744222980183201, 'colsample_bytree': 0.657580306029966, 'subsample': 0.5826586472707468, 'learning_rate': 0.009490998764076365, 'max_depth': 20, 'min_child_weight': 112, 'eval_metric': 'rmse'}. Best is trial 233 with value: 0.12306412059147159.
start listen on 192.168.1.101:35097
@tracker All of 1 nodes getting started
@tracker All nodes finishes job
Trial 279 finished with value: 0.12417313976001322 and parameters: {'objective': 'reg:squarederror', 'tree_method': 'gpu_hist', 'lambda': 9.941873713554905, 'alpha': 0.9226615746627435, 'colsample_bytree': 0.7590927299096508, 'subsample': 0.5718134203141664, 'learning_rate': 0.011305922139712469, 'max_depth': 20, 'min_child_weight': 11, 'eval_metric': 'rmse'}. Best is trial 233 with value: 0.12306412059147159.
start listen on 192.168.1.101:60899
@tracker All of 1 nodes getting started
@tracker All nodes finishes job
Trial 280 finished with value: 0.12462728281956524 and parameters: {'objective': 'reg:squarederror', 'tree_method': 'gpu_hist', 'lambda': 5.72138779220351, 'alpha': 0.5563227075376973, 'colsample_bytree': 0.7318342839600368, 'subsample': 0.6001758189426429, 'learning_rate': 0.013139026175774698, 'max_depth': 20, 'min_child_weight': 21, 'eval_metric': 'rmse'}. Best is trial 233 with value: 0.12306412059147159.
start listen on 192.168.1.101:54485
@tracker All of 1 nodes getting started
@tracker All nodes finishes job
Trial 281 finished with value: 0.18603995338388943 and parameters: {'objective': 'reg:squarederror', 'tree_method': 'gpu_hist', 'lambda': 7.0927621234024985, 'alpha': 0.6833627957756149, 'colsample_bytree': 0.7162715989293496, 'subsample': 0.6298413145305067, 'learning_rate': 0.001590607151495834, 'max_depth': 20, 'min_child_weight': 152, 'eval_metric': 'rmse'}. Best is trial 233 with value: 0.12306412059147159.
start listen on 192.168.1.101:43059
@tracker All of 1 nodes getting started
@tracker All nodes finishes job
Trial 282 finished with value: 0.12398129172894842 and parameters: {'objective': 'reg:squarederror', 'tree_method': 'gpu_hist', 'lambda': 4.501225623179663, 'alpha': 0.825274790972233, 'colsample_bytree': 0.7452244308140786, 'subsample': 0.5865288310060619, 'learning_rate': 0.010671069049672908, 'max_depth': 20, 'min_child_weight': 7, 'eval_metric': 'rmse'}. Best is trial 233 with value: 0.12306412059147159.
start listen on 192.168.1.101:40463
@tracker All of 1 nodes getting started
@tracker All nodes finishes job
Trial 283 finished with value: 0.12388359755391423 and parameters: {'objective': 'reg:squarederror', 'tree_method': 'gpu_hist', 'lambda': 6.097729660156197, 'alpha': 0.0025538405295923777, 'colsample_bytree': 0.6947815435153156, 'subsample': 0.6055911198065682, 'learning_rate': 0.009401737620967977, 'max_depth': 20, 'min_child_weight': 1, 'eval_metric': 'rmse'}. Best is trial 233 with value: 0.12306412059147159.
start listen on 192.168.1.101:35707
@tracker All of 1 nodes getting started
@tracker All nodes finishes job
Trial 284 finished with value: 0.12417415948648071 and parameters: {'objective': 'reg:squarederror', 'tree_method': 'gpu_hist', 'lambda': 8.178704202684353, 'alpha': 1.1208722021605453, 'colsample_bytree': 0.6724407442571372, 'subsample': 0.5896112492421244, 'learning_rate': 0.011736960121141738, 'max_depth': 20, 'min_child_weight': 17, 'eval_metric': 'rmse'}. Best is trial 233 with value: 0.12306412059147159.
start listen on 192.168.1.101:60477
@tracker All of 1 nodes getting started
@tracker All nodes finishes job
Trial 285 finished with value: 0.17237455546804287 and parameters: {'objective': 'reg:squarederror', 'tree_method': 'gpu_hist', 'lambda': 9.985290346191906, 'alpha': 0.9257804055731198, 'colsample_bytree': 0.703945684623464, 'subsample': 0.6342299827697313, 'learning_rate': 0.009860767481860242, 'max_depth': 20, 'min_child_weight': 205, 'eval_metric': 'rmse'}. Best is trial 233 with value: 0.12306412059147159.
start listen on 192.168.1.101:48053
@tracker All of 1 nodes getting started
@tracker All nodes finishes job
Trial 286 finished with value: 0.1277986713370101 and parameters: {'objective': 'reg:squarederror', 'tree_method': 'gpu_hist', 'lambda': 7.078762260780197, 'alpha': 0.6790897561815642, 'colsample_bytree': 0.41775606331236614, 'subsample': 0.5995324294914413, 'learning_rate': 0.008098012001937206, 'max_depth': 20, 'min_child_weight': 13, 'eval_metric': 'rmse'}. Best is trial 233 with value: 0.12306412059147159.
start listen on 192.168.1.101:49243
@tracker All of 1 nodes getting started
@tracker All nodes finishes job
Trial 287 finished with value: 0.12787631911558486 and parameters: {'objective': 'reg:squarederror', 'tree_method': 'gpu_hist', 'lambda': 5.705616397369436, 'alpha': 1.2754197885633587, 'colsample_bytree': 0.7272147636439541, 'subsample': 0.6178430699202158, 'learning_rate': 0.010807295097885066, 'max_depth': 5, 'min_child_weight': 9, 'eval_metric': 'rmse'}. Best is trial 233 with value: 0.12306412059147159.
start listen on 192.168.1.101:41973
@tracker All of 1 nodes getting started
@tracker All nodes finishes job
Trial 288 finished with value: 0.1289370033141028 and parameters: {'objective': 'reg:squarederror', 'tree_method': 'gpu_hist', 'lambda': 8.212444406945108, 'alpha': 0.570166772285934, 'colsample_bytree': 0.6895684635177891, 'subsample': 0.5683900291371681, 'learning_rate': 0.007073991059370996, 'max_depth': 20, 'min_child_weight': 26, 'eval_metric': 'rmse'}. Best is trial 233 with value: 0.12306412059147159.
start listen on 192.168.1.101:47405
@tracker All of 1 nodes getting started
@tracker All nodes finishes job
Trial 289 finished with value: 0.12379490849180537 and parameters: {'objective': 'reg:squarederror', 'tree_method': 'gpu_hist', 'lambda': 6.976892032816092, 'alpha': 0.7595215772630872, 'colsample_bytree': 0.713624279011275, 'subsample': 0.605754220802626, 'learning_rate': 0.012252648644605521, 'max_depth': 20, 'min_child_weight': 6, 'eval_metric': 'rmse'}. Best is trial 233 with value: 0.12306412059147159.
start listen on 192.168.1.101:48855
@tracker All of 1 nodes getting started
@tracker All nodes finishes job
Trial 290 finished with value: 0.13670555813018054 and parameters: {'objective': 'reg:squarederror', 'tree_method': 'gpu_hist', 'lambda': 4.686669932164861, 'alpha': 1.0371321715946937, 'colsample_bytree': 0.7393178385178197, 'subsample': 0.5883668274769666, 'learning_rate': 0.009369480036177921, 'max_depth': 3, 'min_child_weight': 17, 'eval_metric': 'rmse'}. Best is trial 233 with value: 0.12306412059147159.
start listen on 192.168.1.101:47971
@tracker All of 1 nodes getting started
@tracker All nodes finishes job
Trial 291 finished with value: 0.1232884816533004 and parameters: {'objective': 'reg:squarederror', 'tree_method': 'gpu_hist', 'lambda': 8.563031536105264, 'alpha': 0.8364614599763465, 'colsample_bytree': 0.7176142792070314, 'subsample': 0.5800049552686714, 'learning_rate': 0.01047583716972061, 'max_depth': 20, 'min_child_weight': 1, 'eval_metric': 'rmse'}. Best is trial 233 with value: 0.12306412059147159.
start listen on 192.168.1.101:46747
@tracker All of 1 nodes getting started
@tracker All nodes finishes job
Trial 292 finished with value: 0.12446940632301902 and parameters: {'objective': 'reg:squarederror', 'tree_method': 'gpu_hist', 'lambda': 6.242410629867612, 'alpha': 0.9101316416064061, 'colsample_bytree': 0.7500169307984558, 'subsample': 0.5749010972223353, 'learning_rate': 0.010815083682486924, 'max_depth': 20, 'min_child_weight': 13, 'eval_metric': 'rmse'}. Best is trial 233 with value: 0.12306412059147159.
start listen on 192.168.1.101:42161
@tracker All of 1 nodes getting started
@tracker All nodes finishes job
