number,value,params_alpha,params_colsample_bytree,params_eval_metric,params_lambda,params_learning_rate,params_max_depth,params_min_child_weight,params_objective,params_subsample,params_tree_method,state
130,0.12528103916985137,1.5521639522015183,0.3855027102326163,rmse,6.451532710752737,0.012652525074885441,13,7,reg:squarederror,0.6477704213193604,gpu_hist,COMPLETE
131,0.12461879734743968,0.3515258818918251,0.660248485094508,rmse,0.7397213160616628,0.010225476431367876,13,1,reg:squarederror,0.7176901213926625,gpu_hist,COMPLETE
132,0.12696234451671662,0.2739168039152359,0.9544466442209492,rmse,3.0238731568103487,0.015703511647858603,13,12,reg:squarederror,0.9827643095999762,gpu_hist,COMPLETE
133,0.12415984898758628,1.2074283231565983,0.9310639675218828,rmse,4.901167312534129,0.011445633784069193,13,19,reg:squarederror,0.7028663650295175,gpu_hist,COMPLETE
134,0.12476600835516627,1.0884506768119133,0.9361788980811435,rmse,5.095425974672413,0.008044156922211613,13,19,reg:squarederror,0.7714043547684045,gpu_hist,COMPLETE
135,0.12508221887743382,2.6938592993500405,0.9218335513316211,rmse,0.0012753577379614443,0.013545067516890857,15,28,reg:squarederror,0.6998813951227225,gpu_hist,COMPLETE
136,0.12560579277686537,1.2641123206468294,0.9590287768998307,rmse,9.615294439693576,0.018287650363184846,13,39,reg:squarederror,0.7483797202905794,gpu_hist,COMPLETE
137,0.14665711255734576,0.591028464729985,0.9003334249392415,rmse,7.721363964943878,0.011912377129432387,3,100,reg:squarederror,0.8545513323651089,gpu_hist,COMPLETE
138,0.12447341871170932,0.8405110804821159,0.8199484789744369,rmse,0.012732366362611604,0.014569388330559882,15,22,reg:squarederror,0.7360811024703753,gpu_hist,COMPLETE
139,0.12481910638444596,1.8818348586083966,0.9810794838802726,rmse,0.24698557373311067,0.008720081390496518,13,15,reg:squarederror,0.725979627777028,gpu_hist,COMPLETE
140,0.1284421098763708,0.434227448157301,0.9378363479377798,rmse,5.0634381845439815,0.009984632558446527,17,43,reg:squarederror,0.706662822750201,gpu_hist,COMPLETE
141,0.1241617901582066,0.23449551933390703,0.6430731185745973,rmse,3.2607338455643085,0.012422499695979949,13,6,reg:squarederror,0.6851519145817005,gpu_hist,COMPLETE
142,0.12515727979358998,0.23738672694985022,0.6502283514593096,rmse,3.8683946312450215,0.01304047841700189,13,7,reg:squarederror,0.6342186815493762,gpu_hist,COMPLETE
143,0.12426374673927482,0.16504913421439718,0.6347449011668606,rmse,5.844258196967727,0.011056235545911362,13,11,reg:squarederror,0.6567791864068511,gpu_hist,COMPLETE
144,0.12461614777929925,0.17323390060804952,0.5851922938949611,rmse,5.852360267894941,0.010913900749679307,13,7,reg:squarederror,0.657635333993124,gpu_hist,COMPLETE
145,0.12570022561369076,0.20442278101858577,0.6076741622655994,rmse,3.2315892293287636,0.01664426064654179,11,14,reg:squarederror,0.6861011953696665,gpu_hist,COMPLETE
146,0.12450244264185768,0.10729019849053638,0.6360484419338864,rmse,4.407865082691983,0.011692419950818423,13,11,reg:squarederror,0.6403906682623626,gpu_hist,COMPLETE
147,0.12857174741147212,0.14070267645360868,0.6603110202275814,rmse,0.026759567552183623,0.006869014689160746,15,30,reg:squarederror,0.6671890940571749,gpu_hist,COMPLETE
148,0.20908879076192669,0.9926333208063691,0.6171660283414155,rmse,1.2275412547915545,0.009907562823289591,13,294,reg:squarederror,0.6222324890388693,gpu_hist,COMPLETE
149,0.1258009558245424,1.491085422928897,0.6385880720017352,rmse,0.015911399486193325,0.007882067925450643,13,18,reg:squarederror,0.5849352009997585,gpu_hist,COMPLETE
150,0.12539584293872588,0.3563105718012625,0.5938301614225486,rmse,0.4485365761019334,0.015144669265538573,15,4,reg:squarederror,0.6512517054371261,gpu_hist,COMPLETE
151,0.12448454024439494,0.23087976806649593,0.9651954728153216,rmse,7.033099725372311,0.013393026205843928,13,24,reg:squarederror,0.7208424574135277,gpu_hist,COMPLETE
152,0.12480110541448541,0.17196190267384956,0.6972481499115974,rmse,5.717010154578596,0.010961951938958546,13,19,reg:squarederror,0.8908576552533711,gpu_hist,COMPLETE
153,0.12344079874826883,0.27894884505568696,0.9523039723079996,rmse,9.902399291054683,0.01233118807940889,13,11,reg:squarederror,0.6989286014383402,gpu_hist,COMPLETE
154,0.12364407237629103,0.42320076440459264,0.9244076756369392,rmse,9.989852528996678,0.012447835402093061,13,10,reg:squarederror,0.6962687227332307,gpu_hist,COMPLETE
155,0.12461499523615745,0.5011795437102577,0.9237095588421173,rmse,8.755502194764308,0.009283959570829935,13,8,reg:squarederror,0.6971376917351564,gpu_hist,COMPLETE
156,0.12431349233439577,0.4198165967382926,0.9115258150993784,rmse,7.709642150255589,0.012345777284375754,13,13,reg:squarederror,0.669834457081849,gpu_hist,COMPLETE
157,0.12949113677665103,0.30359873918015023,0.9461275608465951,rmse,9.524861040627036,0.07228391215346833,13,5,reg:squarederror,0.6860481010011601,gpu_hist,COMPLETE
158,0.12530289293676306,0.3406074822172556,0.8940604519362007,rmse,4.8169469923294095,0.017718192274039972,13,1,reg:squarederror,0.7073787568109265,gpu_hist,COMPLETE
159,0.14636043613042543,0.6401492193123881,0.8523651906707579,rmse,6.495010380887574,0.023054747386839138,13,127,reg:squarederror,0.6732884423750721,gpu_hist,COMPLETE
160,0.1258812101313206,0.20803521800473096,0.8654864516208793,rmse,9.708096393308537,0.019936632563243788,7,27,reg:squarederror,0.6946411923717967,gpu_hist,COMPLETE
161,0.12419149520253916,0.7910143882622919,0.8004328580944935,rmse,7.786173226355131,0.014711713574883326,9,15,reg:squarederror,0.6565319825432546,gpu_hist,COMPLETE
162,0.12407009627050503,0.7676818488998873,0.7845972635658127,rmse,7.953572443956688,0.014760666479745586,9,16,reg:squarederror,0.6568889303078318,gpu_hist,COMPLETE
163,0.12428156635733509,0.9997384990403655,0.795599957253115,rmse,7.927670916903057,0.015568176817880025,9,17,reg:squarederror,0.6614730815069091,gpu_hist,COMPLETE
164,0.12616519312612903,0.7280618157234847,0.80533475009571,rmse,6.28780343614821,0.014250617950994185,9,34,reg:squarederror,0.7143440977643454,gpu_hist,COMPLETE
165,0.12414713691997464,0.515099073214387,0.8355762534817603,rmse,9.98521760274337,0.01644546067675382,9,13,reg:squarederror,0.639340803045644,gpu_hist,COMPLETE
166,0.12463190658847464,0.8120435792159983,0.83014357042488,rmse,7.728061486074264,0.011141431857670471,9,13,reg:squarederror,0.6344514794887169,gpu_hist,COMPLETE
167,0.1249700828649153,0.6400066501096638,0.7733155996545996,rmse,9.65626820704151,0.018708130471979844,9,9,reg:squarederror,0.6421444095248414,gpu_hist,COMPLETE
168,0.12674784100941586,0.5177339680118592,0.8175197896895893,rmse,9.874458143925319,0.014477432332283463,9,28,reg:squarederror,0.6135911040679607,gpu_hist,COMPLETE
169,0.1274119998939439,1.1685384043710885,0.8446261223629772,rmse,5.346119430081475,0.005713691895930233,9,18,reg:squarederror,0.6522854152550935,gpu_hist,COMPLETE
170,0.12434266104844696,0.4330124942290565,0.8779352371686887,rmse,7.906383985652485,0.01605195514376137,9,10,reg:squarederror,0.6266174013595395,gpu_hist,COMPLETE
171,0.12490568710703895,0.5401784608201485,0.7839236168784474,rmse,6.663839098254819,0.02081471331746754,9,22,reg:squarederror,0.6684830445644371,gpu_hist,COMPLETE
172,0.1245866602653591,0.370634711922936,0.8045951259066528,rmse,5.686874636555567,0.017169968252846647,9,16,reg:squarederror,0.6924367402874136,gpu_hist,COMPLETE
173,0.12682141805062622,0.9027590277286,0.9297082479477097,rmse,4.491366392830394,0.01273222201590015,9,34,reg:squarederror,0.6862408865347811,gpu_hist,COMPLETE
174,0.12416974757539709,0.72777061958326,0.7542474609869403,rmse,6.95128867991851,0.01570694850433226,20,23,reg:squarederror,0.679013924193511,gpu_hist,COMPLETE
175,0.12478950549700527,0.7611177116604141,0.7628112646314491,rmse,8.387928371007137,0.014385947599722343,20,25,reg:squarederror,0.6786275658071946,gpu_hist,COMPLETE
176,0.12335615377514302,0.6256706580291778,0.7215641336358384,rmse,7.136479652208082,0.010303218970955376,20,8,reg:squarederror,0.6457961617575155,gpu_hist,COMPLETE
177,0.12368174350225872,0.6289809485089052,0.734091096890252,rmse,7.482446609066917,0.008973063265992964,20,6,reg:squarederror,0.6364880565967025,gpu_hist,COMPLETE
178,0.12340234417653752,0.7052160807969027,0.739553859741189,rmse,8.332766703360653,0.008293955346873251,20,5,reg:squarederror,0.6406732853022278,gpu_hist,COMPLETE
179,0.12433000634684972,0.6538792914723652,0.7312089144622161,rmse,0.10418659366060073,0.0074036782320710355,20,1,reg:squarederror,0.641466204674294,gpu_hist,COMPLETE
180,0.12369935467909067,0.8550352467057023,0.747702213726804,rmse,7.034247788928556,0.008926557345238114,20,6,reg:squarederror,0.6330377911812498,gpu_hist,COMPLETE
181,0.1235123208209619,0.853976665643206,0.7473273207983162,rmse,7.059905670818511,0.008444063036770613,20,5,reg:squarederror,0.6273779184999706,gpu_hist,COMPLETE
182,0.12425229395011946,0.8532537368653914,0.7535211051782402,rmse,7.037122562917775,0.009288560529018108,20,7,reg:squarederror,0.633138920392124,gpu_hist,COMPLETE
183,0.12384267941674018,0.5652553284330828,0.7378063497650936,rmse,8.216655599859552,0.008616356345884911,20,7,reg:squarederror,0.6205101232561326,gpu_hist,COMPLETE
184,0.12427283341651763,0.5683030677403352,0.7500020653076761,rmse,7.63349177656098,0.008510798787678627,20,6,reg:squarederror,0.6197894190178487,gpu_hist,COMPLETE
185,0.12438207180728432,0.5919723000826758,0.7231349609267081,rmse,9.994081379913142,0.006851011822581206,20,9,reg:squarederror,0.6477766877431805,gpu_hist,COMPLETE
186,0.12383329591431366,0.49310668866799673,0.7479259846952807,rmse,8.339206924611643,0.008581995132986018,20,1,reg:squarederror,0.6093381690783961,gpu_hist,COMPLETE
187,0.12384637299915824,0.48151532017456317,0.7391891308733722,rmse,8.26261908077947,0.008134539626393052,20,5,reg:squarederror,0.625092340527918,gpu_hist,COMPLETE
188,0.12392447629231819,0.43336586148536416,0.7371013113213931,rmse,8.402640968750644,0.007658148670329943,20,1,reg:squarederror,0.5998554144941115,gpu_hist,COMPLETE
189,0.12362811594263005,0.472728669572054,0.7398380241023104,rmse,8.313503725220336,0.00827662129382465,20,1,reg:squarederror,0.6063370569155857,gpu_hist,COMPLETE
190,0.12378662692496485,0.47042853678700436,0.739045639703142,rmse,8.642173959028293,0.007876808240516307,20,5,reg:squarederror,0.6110325811852235,gpu_hist,COMPLETE
191,0.12448549550569564,0.47404631014551274,0.74241052665308,rmse,8.499908450327823,0.006257154344811071,20,1,reg:squarederror,0.6029809522453857,gpu_hist,COMPLETE
192,0.12411127213352262,0.4762545455974577,0.7201275574930923,rmse,9.834655824996851,0.007678964186126052,20,4,reg:squarederror,0.6109117132509007,gpu_hist,COMPLETE
193,0.12377378284841076,0.4776999281412692,0.7150073084121746,rmse,8.713427772621355,0.007736405925350782,20,5,reg:squarederror,0.6119782343031555,gpu_hist,COMPLETE
194,0.12406317325236245,0.41669884603912377,0.7125251545650381,rmse,8.647848786501312,0.007878889542331097,20,2,reg:squarederror,0.6123245445890318,gpu_hist,COMPLETE
195,0.12325126988960092,0.4047657315737352,0.712714036563044,rmse,8.04921485286765,0.008266119261479608,20,6,reg:squarederror,0.5923422511345874,gpu_hist,COMPLETE
196,0.12370531596509006,0.42423427487176973,0.737778744280519,rmse,8.505173612973127,0.008505319675371801,20,1,reg:squarederror,0.5939839478247209,gpu_hist,COMPLETE
197,0.12340705268081545,0.4057845928266327,0.7103491284023354,rmse,8.281581801785515,0.008535165064087726,20,1,reg:squarederror,0.5955893475441192,gpu_hist,COMPLETE
198,0.12371854790645592,0.3910204382199673,0.7135054235165661,rmse,6.319073595618954,0.008397222117488938,20,1,reg:squarederror,0.5930361826600644,gpu_hist,COMPLETE
199,0.12361829388050136,0.3724543165983291,0.7365304929370802,rmse,6.45031132128725,0.008554956473065829,20,7,reg:squarederror,0.5731714172544106,gpu_hist,COMPLETE
200,0.12429568480548449,0.390829380989278,0.7284103004870432,rmse,6.04402982705342,0.008656831029799509,20,8,reg:squarederror,0.5546271191694807,gpu_hist,COMPLETE
201,0.12412824793815028,0.4379665641688129,0.7346074855487076,rmse,6.609848504426543,0.007108209718963226,20,1,reg:squarederror,0.5730828356916738,gpu_hist,COMPLETE
202,0.1235507723714664,0.5358497014652975,0.7067781100112618,rmse,8.234089370298335,0.00854867920667356,20,1,reg:squarederror,0.5888895306970017,gpu_hist,COMPLETE
203,0.12377068501918304,0.5591215348221223,0.7021833110563513,rmse,6.485623305310305,0.008635667647233392,20,8,reg:squarederror,0.5913627108219461,gpu_hist,COMPLETE
204,0.12382949533890861,0.5807250690783163,0.7057894698638313,rmse,6.257926215884223,0.008454906088158137,20,9,reg:squarederror,0.5901082716392582,gpu_hist,COMPLETE
205,0.12415699498816506,0.6056574311850573,0.7047336944233609,rmse,6.2092988813742,0.008477833554868735,20,10,reg:squarederror,0.5904270515509787,gpu_hist,COMPLETE
206,0.12395107869054012,0.5631651229303735,0.7161945018271163,rmse,6.877805139719313,0.008949723110413161,20,1,reg:squarederror,0.5666611736920774,gpu_hist,COMPLETE
207,0.12449773540469843,0.36019073744031854,0.6961721478461853,rmse,5.372118846035835,0.006415875093894421,20,9,reg:squarederror,0.580710131784697,gpu_hist,COMPLETE
208,0.12360782579330104,0.6241810297155513,0.7189591478884487,rmse,6.702923498972992,0.009377203719351548,20,9,reg:squarederror,0.5928696160732713,gpu_hist,COMPLETE
209,0.12348979881155266,0.6605178555295308,0.7016082558562261,rmse,5.937882037592058,0.009324461033215157,20,11,reg:squarederror,0.5916668379561991,gpu_hist,COMPLETE
210,0.12370569351200464,0.669799324926521,0.7092032856893776,rmse,5.836491405383505,0.009947742966370101,20,12,reg:squarederror,0.5939659352109551,gpu_hist,COMPLETE
211,0.1234887943023452,0.7093976710587138,0.7090872312000814,rmse,5.84099446230981,0.009487667484525838,20,10,reg:squarederror,0.5919024151063975,gpu_hist,COMPLETE
212,0.12352316330936748,0.6430254016223566,0.7100775061654617,rmse,5.6169982685971735,0.009768225480954377,20,11,reg:squarederror,0.5790116691328175,gpu_hist,COMPLETE
213,0.12384785426961219,0.6564146617892591,0.6913205641097534,rmse,5.668913711581994,0.00954648399585551,20,12,reg:squarederror,0.577254865335085,gpu_hist,COMPLETE
214,0.1245372166086967,0.6693967530192623,0.7187987357505252,rmse,4.3595378646902345,0.010018853084279869,20,12,reg:squarederror,0.559183347147824,gpu_hist,COMPLETE
215,0.12430339291768042,0.9033402993857297,0.7079946263059361,rmse,6.727947839081212,0.007095003831604514,20,6,reg:squarederror,0.5929521691378987,gpu_hist,COMPLETE
216,0.12451001142805579,0.6446282897112238,0.7236913017705873,rmse,5.5046849313264365,0.009427284922471272,20,13,reg:squarederror,0.5670941787198628,gpu_hist,COMPLETE
217,0.12327999166899996,0.4051596019103518,0.6876839264934709,rmse,7.075006806098592,0.01015939584555619,20,8,reg:squarederror,0.5941520513858222,gpu_hist,COMPLETE
218,0.12413886907540624,0.38715389162122393,0.6944952963079443,rmse,4.0950186465326395,0.010218409595467158,20,1,reg:squarederror,0.5851216190616043,gpu_hist,COMPLETE
219,0.12428577285203982,0.007944950218009218,0.6853083732748719,rmse,5.009757592252482,0.009056994176568866,20,11,reg:squarederror,0.5980044582909776,gpu_hist,COMPLETE
220,0.12402871051966871,0.5102535608321523,0.7153325199171411,rmse,6.879327955488401,0.010371512401502175,20,14,reg:squarederror,0.5764693053067984,gpu_hist,COMPLETE
221,0.12401087213564627,0.4351328348318637,0.7047585635323065,rmse,7.018168544538145,0.007763400099065241,20,6,reg:squarederror,0.5419978088163973,gpu_hist,COMPLETE
222,0.1236573619859328,0.6885805303491979,0.7265209553664306,rmse,6.110097878571801,0.009255040165080372,20,7,reg:squarederror,0.5969377683186994,gpu_hist,COMPLETE
223,0.12326629416478008,0.9695695530407792,0.6794792272384055,rmse,5.6988211528918695,0.009427687562974461,20,8,reg:squarederror,0.5955293565122229,gpu_hist,COMPLETE
224,0.12391205567116065,0.8498147929890745,0.6738809040061204,rmse,5.687347669701223,0.009521268405519211,20,12,reg:squarederror,0.5903604115049972,gpu_hist,COMPLETE
225,0.12422802234922503,0.6885111016563368,0.6966667956343093,rmse,4.747437045375855,0.010084378328840203,20,16,reg:squarederror,0.5981996138634671,gpu_hist,COMPLETE
226,0.12408628778800111,0.9154354481113041,0.6828575818245652,rmse,6.113571296538086,0.009250579808341241,20,1,reg:squarederror,0.5613866446115008,gpu_hist,COMPLETE
227,0.12360973813133234,1.0006342838146018,0.725564535698222,rmse,3.939899851090134,0.008911613845267457,20,9,reg:squarederror,0.5822155914713267,gpu_hist,COMPLETE
228,0.12433740473362172,1.0287380400205828,0.726242717056326,rmse,5.012009525141833,0.010557022781636522,20,18,reg:squarederror,0.5865183147213364,gpu_hist,COMPLETE
229,0.17958034824313368,0.9925574361975108,0.7642627942639597,rmse,3.810179020869418,0.009293846493780018,20,221,reg:squarederror,0.5751902627611731,gpu_hist,COMPLETE
230,0.1233717140121185,0.7653755607936853,0.7303273482419637,rmse,7.354928946480697,0.010165999329772626,20,10,reg:squarederror,0.6026358372919434,gpu_hist,COMPLETE
231,0.12337034106934408,0.7536341185177133,0.7275359546011981,rmse,7.087700518895399,0.010422687139235687,20,10,reg:squarederror,0.5992548342555788,gpu_hist,COMPLETE
232,0.12346747575979544,0.760284325235785,0.7279118953912874,rmse,7.365883236604613,0.010149559114291702,20,10,reg:squarederror,0.603445156858232,gpu_hist,COMPLETE
233,0.12306412059147159,0.8615626914457155,0.7316265737872676,rmse,7.484893140581718,0.010567625470101094,20,9,reg:squarederror,0.6058992585296479,gpu_hist,COMPLETE
234,0.12485620148913736,1.161453002540405,0.7275932254471843,rmse,7.515611668801141,0.010125145582560639,20,18,reg:squarederror,0.6028387733661569,gpu_hist,COMPLETE
235,0.1247550253927776,0.7532909746708546,0.7641260265586552,rmse,7.255259586895143,0.010890049543954219,20,9,reg:squarederror,0.5780484208081365,gpu_hist,COMPLETE
236,0.12418272079633484,0.8204547213532697,0.7519870376586971,rmse,7.325310654127544,0.009323895503619214,20,11,reg:squarederror,0.6032744496735853,gpu_hist,COMPLETE
237,0.1255214808185419,0.9039697111839665,0.7259359626028022,rmse,9.86546038114772,0.011061241422280868,20,18,reg:squarederror,0.5636922503780275,gpu_hist,COMPLETE
238,0.12387576371386821,0.7649535139529595,0.7321398134780513,rmse,5.1243685446478215,0.010415431695477739,20,8,reg:squarederror,0.6058396377915364,gpu_hist,COMPLETE
239,0.14280813921858732,1.3245207742358298,0.6698157669932404,rmse,7.31151544842211,0.009406828139292637,20,92,reg:squarederror,0.6207999108137086,gpu_hist,COMPLETE
240,0.12442251658903669,0.6865426609552475,0.7488694334837654,rmse,5.41857904819009,0.008828787226870131,20,13,reg:squarederror,0.5765319480844437,gpu_hist,COMPLETE
241,0.12381190890454775,0.9563639358237961,0.7382289960693063,rmse,9.978619957558083,0.008291421778509528,20,6,reg:squarederror,0.5847480960192004,gpu_hist,COMPLETE
242,0.12331960723823447,0.5922738611913347,0.7207120005769374,rmse,8.032262269168562,0.009882928519960145,20,7,reg:squarederror,0.6037547414024323,gpu_hist,COMPLETE
243,0.12312888661552616,1.0680258433784757,0.7234347762223459,rmse,7.618116347961968,0.011345640182574172,20,9,reg:squarederror,0.606392862313548,gpu_hist,COMPLETE
244,0.12371172080458533,0.5899150346242181,0.7178160828210516,rmse,7.2222586510160784,0.011420273935596359,20,16,reg:squarederror,0.6044770971731601,gpu_hist,COMPLETE
245,0.1235518079243452,0.7308314568924094,0.6872815168677587,rmse,8.180515066759323,0.010189090911091638,20,10,reg:squarederror,0.6151798578307354,gpu_hist,COMPLETE
246,0.12406259226686552,1.0573050826326427,0.7005215646107882,rmse,8.291997344691465,0.01038429033624771,20,12,reg:squarederror,0.6152669608681133,gpu_hist,COMPLETE
247,0.12478495556264663,1.155474322212378,0.6902927667637844,rmse,5.962606349721534,0.011411657851273217,20,21,reg:squarederror,0.6024140932087917,gpu_hist,COMPLETE
248,0.12441993113753035,0.7397558317352444,0.6820541871474703,rmse,8.333119583313252,0.009900601986702898,20,15,reg:squarederror,0.5866670260787904,gpu_hist,COMPLETE
249,0.12334355181344124,0.7804424921212078,0.723128414056805,rmse,9.830616201841886,0.010717742810117066,20,8,reg:squarederror,0.6123906360878895,gpu_hist,COMPLETE
250,0.12316661724064276,0.9678507438110496,0.71071391769621,rmse,9.814819649917144,0.01188271640933262,20,11,reg:squarederror,0.6173758392058561,gpu_hist,COMPLETE
251,0.12485854879157067,1.3630395623201688,0.7093533886080464,rmse,8.323658534897998,0.010942633755608796,20,19,reg:squarederror,0.6179758445696091,gpu_hist,COMPLETE
252,0.1233213958715876,1.0717720453648147,0.6946316200386142,rmse,8.466671108392386,0.011504686342365728,20,12,reg:squarederror,0.6098255480145175,gpu_hist,COMPLETE
253,0.1239645225591994,0.027387734306884962,0.6932962794831625,rmse,9.931380140434245,0.01165611788433157,20,14,reg:squarederror,0.6212264771881374,gpu_hist,COMPLETE
254,0.12586102163640828,0.9896352264517805,0.6771448036083183,rmse,6.712481822306986,0.010428969847429963,20,21,reg:squarederror,0.5774818561894177,gpu_hist,COMPLETE
255,0.12329947168127997,1.1422111899799174,0.7163975981722969,rmse,7.415657505433411,0.011609543420760267,20,9,reg:squarederror,0.6082277475146384,gpu_hist,COMPLETE
256,0.12356330764689237,1.4807091736009073,0.7129945795819959,rmse,8.391660214914491,0.011768628765472631,20,13,reg:squarederror,0.6116642106999611,gpu_hist,COMPLETE
257,0.1239592782379443,1.4717615052549364,0.7019095523488934,rmse,8.648577073075229,0.011706553465895431,20,16,reg:squarederror,0.616037935844401,gpu_hist,COMPLETE
258,0.16434674273474248,1.5901370835056436,0.7136868493073255,rmse,7.550776236225205,0.011992715971806721,20,168,reg:squarederror,0.6090605325385554,gpu_hist,COMPLETE
259,0.12542686980635082,1.3312325105091276,0.6862129161203548,rmse,9.674091552009868,0.010747915544448523,20,21,reg:squarederror,0.6278078992614968,gpu_hist,COMPLETE
260,0.12323639337395394,1.2219254514186173,0.66104626349035,rmse,7.9976162635989105,0.011805428957454914,20,12,reg:squarederror,0.606365809473991,gpu_hist,COMPLETE
