Trial 293 finished with value: 0.12343974561679828 and parameters: {'objective': 'reg:squarederror', 'tree_method': 'gpu_hist', 'lambda': 8.416393716053603, 'alpha': 1.1271200646382553, 'colsample_bytree': 0.7272911673027298, 'subsample': 0.6202907319460372, 'learning_rate': 0.013581117876669636, 'max_depth': 17, 'min_child_weight': 6, 'eval_metric': 'rmse'}. Best is trial 233 with value: 0.12306412059147159.
start listen on 192.168.1.101:40445
@tracker All of 1 nodes getting started
@tracker All nodes finishes job
Trial 294 finished with value: 0.12438000914635712 and parameters: {'objective': 'reg:squarederror', 'tree_method': 'gpu_hist', 'lambda': 8.637221027251982, 'alpha': 1.9265252525739671, 'colsample_bytree': 0.7721320476898056, 'subsample': 0.6226073812832462, 'learning_rate': 0.013416378323030083, 'max_depth': 17, 'min_child_weight': 6, 'eval_metric': 'rmse'}. Best is trial 233 with value: 0.12306412059147159.
start listen on 192.168.1.101:32849
@tracker All of 1 nodes getting started
@tracker All nodes finishes job
Trial 295 finished with value: 0.12357784013938779 and parameters: {'objective': 'reg:squarederror', 'tree_method': 'gpu_hist', 'lambda': 8.593042085200214, 'alpha': 1.3548230056228832, 'colsample_bytree': 0.7300181932487613, 'subsample': 0.6347795019708727, 'learning_rate': 0.012148397924784145, 'max_depth': 17, 'min_child_weight': 1, 'eval_metric': 'rmse'}. Best is trial 233 with value: 0.12306412059147159.
start listen on 192.168.1.101:58437
@tracker All of 1 nodes getting started
@tracker All nodes finishes job
Trial 296 finished with value: 0.14964525689451308 and parameters: {'objective': 'reg:squarederror', 'tree_method': 'gpu_hist', 'lambda': 9.914811695291133, 'alpha': 1.0983521180129208, 'colsample_bytree': 0.7590432970486246, 'subsample': 0.6120062758760532, 'learning_rate': 0.013537720899441937, 'max_depth': 20, 'min_child_weight': 143, 'eval_metric': 'rmse'}. Best is trial 233 with value: 0.12306412059147159.
start listen on 192.168.1.101:44385
@tracker All of 1 nodes getting started
@tracker All nodes finishes job
Trial 297 finished with value: 0.1398047382450128 and parameters: {'objective': 'reg:squarederror', 'tree_method': 'gpu_hist', 'lambda': 7.335517065731836, 'alpha': 0.8477463778712638, 'colsample_bytree': 0.7231550309222935, 'subsample': 0.6210898909923949, 'learning_rate': 0.011620041006797253, 'max_depth': 17, 'min_child_weight': 78, 'eval_metric': 'rmse'}. Best is trial 233 with value: 0.12306412059147159.
start listen on 192.168.1.101:47147
@tracker All of 1 nodes getting started
@tracker All nodes finishes job
Trial 298 finished with value: 0.12457164275881033 and parameters: {'objective': 'reg:squarederror', 'tree_method': 'gpu_hist', 'lambda': 9.997276656720132, 'alpha': 1.7068221741518947, 'colsample_bytree': 0.7332586275375094, 'subsample': 0.6010114742500046, 'learning_rate': 0.012645112346346812, 'max_depth': 17, 'min_child_weight': 22, 'eval_metric': 'rmse'}. Best is trial 233 with value: 0.12306412059147159.
start listen on 192.168.1.101:50121
@tracker All of 1 nodes getting started
@tracker All nodes finishes job
Trial 299 finished with value: 0.12351602711140938 and parameters: {'objective': 'reg:squarederror', 'tree_method': 'gpu_hist', 'lambda': 7.191400526960603, 'alpha': 1.191366529990924, 'colsample_bytree': 0.6920625248389598, 'subsample': 0.6279019758207836, 'learning_rate': 0.010425759257447192, 'max_depth': 11, 'min_child_weight': 7, 'eval_metric': 'rmse'}. Best is trial 233 with value: 0.12306412059147159.
start listen on 192.168.1.101:51439
@tracker All of 1 nodes getting started
@tracker All nodes finishes job
Trial 300 finished with value: 0.12486654334640909 and parameters: {'objective': 'reg:squarederror', 'tree_method': 'gpu_hist', 'lambda': 7.537661336129723, 'alpha': 1.0043952664843596, 'colsample_bytree': 0.7455860983552994, 'subsample': 0.5281348003622247, 'learning_rate': 0.01132686952793032, 'max_depth': 20, 'min_child_weight': 16, 'eval_metric': 'rmse'}. Best is trial 233 with value: 0.12306412059147159.
start listen on 192.168.1.101:51185
@tracker All of 1 nodes getting started
@tracker All nodes finishes job
Trial 301 finished with value: 0.12330678456675187 and parameters: {'objective': 'reg:squarederror', 'tree_method': 'gpu_hist', 'lambda': 6.314025518728999, 'alpha': 0.8052918621024323, 'colsample_bytree': 0.715867720414727, 'subsample': 0.610695342249154, 'learning_rate': 0.013280908607380586, 'max_depth': 20, 'min_child_weight': 11, 'eval_metric': 'rmse'}. Best is trial 233 with value: 0.12306412059147159.
start listen on 192.168.1.101:47509
@tracker All of 1 nodes getting started
@tracker All nodes finishes job
Trial 302 finished with value: 0.12571021208252725 and parameters: {'objective': 'reg:squarederror', 'tree_method': 'gpu_hist', 'lambda': 5.722497032348362, 'alpha': 0.7797511241931453, 'colsample_bytree': 0.6720168751782309, 'subsample': 0.6104377470578117, 'learning_rate': 0.013683935876809735, 'max_depth': 7, 'min_child_weight': 20, 'eval_metric': 'rmse'}. Best is trial 233 with value: 0.12306412059147159.
start listen on 192.168.1.101:37967
@tracker All of 1 nodes getting started
@tracker All nodes finishes job
Trial 303 finished with value: 0.12326272900602711 and parameters: {'objective': 'reg:squarederror', 'tree_method': 'gpu_hist', 'lambda': 8.474057948843074, 'alpha': 1.273655090597346, 'colsample_bytree': 0.7176635630826805, 'subsample': 0.5983994614231513, 'learning_rate': 0.012754357308913965, 'max_depth': 20, 'min_child_weight': 12, 'eval_metric': 'rmse'}. Best is trial 233 with value: 0.12306412059147159.
start listen on 192.168.1.101:38683
@tracker All of 1 nodes getting started
@tracker All nodes finishes job
Trial 304 finished with value: 0.12316279195631556 and parameters: {'objective': 'reg:squarederror', 'tree_method': 'gpu_hist', 'lambda': 8.452231488425321, 'alpha': 1.5229185363444162, 'colsample_bytree': 0.721837391954289, 'subsample': 0.6005823318170995, 'learning_rate': 0.014072849272389311, 'max_depth': 20, 'min_child_weight': 13, 'eval_metric': 'rmse'}. Best is trial 233 with value: 0.12306412059147159.
start listen on 192.168.1.101:42163
@tracker All of 1 nodes getting started
@tracker All nodes finishes job
Trial 305 finished with value: 0.12633166560930903 and parameters: {'objective': 'reg:squarederror', 'tree_method': 'gpu_hist', 'lambda': 9.959999384171098, 'alpha': 1.7154878994513119, 'colsample_bytree': 0.7247199839216476, 'subsample': 0.6072857511735393, 'learning_rate': 0.01465282215231323, 'max_depth': 20, 'min_child_weight': 30, 'eval_metric': 'rmse'}. Best is trial 233 with value: 0.12306412059147159.
start listen on 192.168.1.101:48791
@tracker All of 1 nodes getting started
@tracker All nodes finishes job
Trial 306 finished with value: 0.1257783602705949 and parameters: {'objective': 'reg:squarederror', 'tree_method': 'gpu_hist', 'lambda': 8.404895021112718, 'alpha': 2.3224320702206893, 'colsample_bytree': 0.7198148314755651, 'subsample': 0.6166006671573785, 'learning_rate': 0.01350008137382805, 'max_depth': 20, 'min_child_weight': 24, 'eval_metric': 'rmse'}. Best is trial 233 with value: 0.12306412059147159.
start listen on 192.168.1.101:54673
@tracker All of 1 nodes getting started
@tracker All nodes finishes job
Trial 307 finished with value: 0.12403124870043727 and parameters: {'objective': 'reg:squarederror', 'tree_method': 'gpu_hist', 'lambda': 8.327087067788524, 'alpha': 1.1417170555600065, 'colsample_bytree': 0.737154720303763, 'subsample': 0.6004190999810508, 'learning_rate': 0.012742083037035138, 'max_depth': 17, 'min_child_weight': 16, 'eval_metric': 'rmse'}. Best is trial 233 with value: 0.12306412059147159.
start listen on 192.168.1.101:36193
@tracker All of 1 nodes getting started
@tracker All nodes finishes job
Trial 308 finished with value: 0.12386601619992725 and parameters: {'objective': 'reg:squarederror', 'tree_method': 'gpu_hist', 'lambda': 8.50226539037821, 'alpha': 1.4787832056246786, 'colsample_bytree': 0.7160883367836742, 'subsample': 0.6147926149814422, 'learning_rate': 0.01380095474004227, 'max_depth': 20, 'min_child_weight': 1, 'eval_metric': 'rmse'}. Best is trial 233 with value: 0.12306412059147159.
start listen on 192.168.1.101:33817
@tracker All of 1 nodes getting started
@tracker All nodes finishes job
Trial 309 finished with value: 0.12368883523844615 and parameters: {'objective': 'reg:squarederror', 'tree_method': 'gpu_hist', 'lambda': 7.1200242826838185, 'alpha': 1.3419459387173587, 'colsample_bytree': 0.6879265053966328, 'subsample': 0.6373977464704568, 'learning_rate': 0.012366817925771227, 'max_depth': 20, 'min_child_weight': 13, 'eval_metric': 'rmse'}. Best is trial 233 with value: 0.12306412059147159.
start listen on 192.168.1.101:38501
@tracker All of 1 nodes getting started
@tracker All nodes finishes job
Trial 310 finished with value: 0.12352826098956472 and parameters: {'objective': 'reg:squarederror', 'tree_method': 'gpu_hist', 'lambda': 8.58947827630611, 'alpha': 1.9145429169890957, 'colsample_bytree': 0.6522507464481, 'subsample': 0.5984043790014258, 'learning_rate': 0.01439338698662298, 'max_depth': 20, 'min_child_weight': 6, 'eval_metric': 'rmse'}. Best is trial 233 with value: 0.12306412059147159.
start listen on 192.168.1.101:50063
@tracker All of 1 nodes getting started
@tracker All nodes finishes job
Trial 311 finished with value: 0.12494000069288569 and parameters: {'objective': 'reg:squarederror', 'tree_method': 'gpu_hist', 'lambda': 9.974690993143996, 'alpha': 1.5862176547494546, 'colsample_bytree': 0.7343184543691172, 'subsample': 0.6060857266172193, 'learning_rate': 0.011885201631402874, 'max_depth': 20, 'min_child_weight': 20, 'eval_metric': 'rmse'}. Best is trial 233 with value: 0.12306412059147159.
start listen on 192.168.1.101:37339
@tracker All of 1 nodes getting started
@tracker All nodes finishes job
Trial 312 finished with value: 0.12387234355226087 and parameters: {'objective': 'reg:squarederror', 'tree_method': 'gpu_hist', 'lambda': 6.92110153686523, 'alpha': 1.3111028820825994, 'colsample_bytree': 0.704148912400988, 'subsample': 0.5807950188655241, 'learning_rate': 0.012798910248542112, 'max_depth': 20, 'min_child_weight': 12, 'eval_metric': 'rmse'}. Best is trial 233 with value: 0.12306412059147159.
start listen on 192.168.1.101:51207
@tracker All of 1 nodes getting started
@tracker All nodes finishes job
Trial 313 finished with value: 0.12349680810673774 and parameters: {'objective': 'reg:squarederror', 'tree_method': 'gpu_hist', 'lambda': 8.095192965810769, 'alpha': 0.9895813648418346, 'colsample_bytree': 0.720887389883236, 'subsample': 0.5957426362175986, 'learning_rate': 0.010989318761376625, 'max_depth': 20, 'min_child_weight': 6, 'eval_metric': 'rmse'}. Best is trial 233 with value: 0.12306412059147159.
start listen on 192.168.1.101:57907
@tracker All of 1 nodes getting started
@tracker All nodes finishes job
Trial 314 finished with value: 0.12421801970154189 and parameters: {'objective': 'reg:squarederror', 'tree_method': 'gpu_hist', 'lambda': 6.612076017315386, 'alpha': 1.12072106441637, 'colsample_bytree': 0.7544708252383072, 'subsample': 0.6247705450244454, 'learning_rate': 0.011781734870857211, 'max_depth': 20, 'min_child_weight': 18, 'eval_metric': 'rmse'}. Best is trial 233 with value: 0.12306412059147159.
start listen on 192.168.1.101:38211
@tracker All of 1 nodes getting started
@tracker All nodes finishes job
Trial 315 finished with value: 0.12553643724335575 and parameters: {'objective': 'reg:squarederror', 'tree_method': 'gpu_hist', 'lambda': 9.974938983924526, 'alpha': 1.333988833364768, 'colsample_bytree': 0.6813166766769937, 'subsample': 0.6419772946375546, 'learning_rate': 0.014033852839737824, 'max_depth': 20, 'min_child_weight': 28, 'eval_metric': 'rmse'}. Best is trial 233 with value: 0.12306412059147159.
start listen on 192.168.1.101:54887
@tracker All of 1 nodes getting started
@tracker All nodes finishes job
Trial 316 finished with value: 0.1814936706221151 and parameters: {'objective': 'reg:squarederror', 'tree_method': 'gpu_hist', 'lambda': 7.531588680080536, 'alpha': 1.0565951668240805, 'colsample_bytree': 0.6974592912565302, 'subsample': 0.6121379030559297, 'learning_rate': 0.012748870005331944, 'max_depth': 20, 'min_child_weight': 236, 'eval_metric': 'rmse'}. Best is trial 233 with value: 0.12306412059147159.
start listen on 192.168.1.101:48679
@tracker All of 1 nodes getting started
@tracker All nodes finishes job
Trial 317 finished with value: 0.12392480690787674 and parameters: {'objective': 'reg:squarederror', 'tree_method': 'gpu_hist', 'lambda': 8.39715565548917, 'alpha': 0.9089262523133442, 'colsample_bytree': 0.7168855667408711, 'subsample': 0.5813216430874416, 'learning_rate': 0.010883838561645896, 'max_depth': 20, 'min_child_weight': 12, 'eval_metric': 'rmse'}. Best is trial 233 with value: 0.12306412059147159.
start listen on 192.168.1.101:57365
@tracker All of 1 nodes getting started
@tracker All nodes finishes job
Trial 318 finished with value: 0.12430131058572534 and parameters: {'objective': 'reg:squarederror', 'tree_method': 'gpu_hist', 'lambda': 6.476556321572706, 'alpha': 0.011876827408479326, 'colsample_bytree': 0.5220487235879154, 'subsample': 0.566340875810295, 'learning_rate': 0.011662841501951312, 'max_depth': 20, 'min_child_weight': 1, 'eval_metric': 'rmse'}. Best is trial 233 with value: 0.12306412059147159.
start listen on 192.168.1.101:48225
@tracker All of 1 nodes getting started
@tracker All nodes finishes job
Trial 319 finished with value: 0.13566954839535367 and parameters: {'objective': 'reg:squarederror', 'tree_method': 'gpu_hist', 'lambda': 8.637390419020232, 'alpha': 1.5957791265944634, 'colsample_bytree': 0.7376560316062202, 'subsample': 0.620795180929859, 'learning_rate': 0.002859179626978857, 'max_depth': 20, 'min_child_weight': 9, 'eval_metric': 'rmse'}. Best is trial 233 with value: 0.12306412059147159.
start listen on 192.168.1.101:59873
@tracker All of 1 nodes getting started
@tracker All nodes finishes job
Trial 320 finished with value: 0.12771602484991507 and parameters: {'objective': 'reg:squarederror', 'tree_method': 'gpu_hist', 'lambda': 5.198307970264908, 'alpha': 0.7970719870935558, 'colsample_bytree': 0.6671620424351986, 'subsample': 0.5944776598789758, 'learning_rate': 0.015259533044108327, 'max_depth': 5, 'min_child_weight': 23, 'eval_metric': 'rmse'}. Best is trial 233 with value: 0.12306412059147159.
start listen on 192.168.1.101:52711
@tracker All of 1 nodes getting started
@tracker All nodes finishes job
Trial 321 finished with value: 0.1367103338244272 and parameters: {'objective': 'reg:squarederror', 'tree_method': 'gpu_hist', 'lambda': 6.743823229028126, 'alpha': 1.2271673800441867, 'colsample_bytree': 0.7067791484643732, 'subsample': 0.4080591206810534, 'learning_rate': 0.010427480444202497, 'max_depth': 3, 'min_child_weight': 15, 'eval_metric': 'rmse'}. Best is trial 233 with value: 0.12306412059147159.
start listen on 192.168.1.101:60707
@tracker All of 1 nodes getting started
@tracker All nodes finishes job
Trial 322 finished with value: 0.1239390954576884 and parameters: {'objective': 'reg:squarederror', 'tree_method': 'gpu_hist', 'lambda': 7.669077985462751, 'alpha': 0.9876685333618581, 'colsample_bytree': 0.7289771141905996, 'subsample': 0.605891929180277, 'learning_rate': 0.01361819215760706, 'max_depth': 20, 'min_child_weight': 6, 'eval_metric': 'rmse'}. Best is trial 233 with value: 0.12306412059147159.
start listen on 192.168.1.101:37685
@tracker All of 1 nodes getting started
@tracker All nodes finishes job
Trial 323 finished with value: 0.123878522104962 and parameters: {'objective': 'reg:squarederror', 'tree_method': 'gpu_hist', 'lambda': 6.169983186639065, 'alpha': 0.8317199279023741, 'colsample_bytree': 0.6914971114727682, 'subsample': 0.5846142629902578, 'learning_rate': 0.011844995620991538, 'max_depth': 11, 'min_child_weight': 11, 'eval_metric': 'rmse'}. Best is trial 233 with value: 0.12306412059147159.
start listen on 192.168.1.101:35589
@tracker All of 1 nodes getting started
@tracker All nodes finishes job
Trial 324 finished with value: 0.1302675176699221 and parameters: {'objective': 'reg:squarederror', 'tree_method': 'gpu_hist', 'lambda': 9.988165864090428, 'alpha': 1.2645543946918834, 'colsample_bytree': 0.33298136582813587, 'subsample': 0.5552759120652931, 'learning_rate': 0.01029073963757917, 'max_depth': 20, 'min_child_weight': 1, 'eval_metric': 'rmse'}. Best is trial 233 with value: 0.12306412059147159.
start listen on 192.168.1.101:49557
@tracker All of 1 nodes getting started
@tracker All nodes finishes job
Trial 325 finished with value: 0.12487761031344809 and parameters: {'objective': 'reg:squarederror', 'tree_method': 'gpu_hist', 'lambda': 0.0017133641786366506, 'alpha': 0.6518642364727053, 'colsample_bytree': 0.7107388967150415, 'subsample': 0.63243797631609, 'learning_rate': 0.01283530996869602, 'max_depth': 17, 'min_child_weight': 18, 'eval_metric': 'rmse'}. Best is trial 233 with value: 0.12306412059147159.
start listen on 192.168.1.101:54277
@tracker All of 1 nodes getting started
@tracker All nodes finishes job
Trial 326 finished with value: 0.12389569272310982 and parameters: {'objective': 'reg:squarederror', 'tree_method': 'gpu_hist', 'lambda': 5.161509096389535, 'alpha': 0.9523381359026866, 'colsample_bytree': 0.7433938098192492, 'subsample': 0.596413986292185, 'learning_rate': 0.011168496603611574, 'max_depth': 20, 'min_child_weight': 7, 'eval_metric': 'rmse'}. Best is trial 233 with value: 0.12306412059147159.
start listen on 192.168.1.101:36461
@tracker All of 1 nodes getting started
@tracker All nodes finishes job
Trial 327 finished with value: 0.12386072070584991 and parameters: {'objective': 'reg:squarederror', 'tree_method': 'gpu_hist', 'lambda': 7.658956059727588, 'alpha': 0.5446940191701002, 'colsample_bytree': 0.7229017184350172, 'subsample': 0.6188318205740568, 'learning_rate': 0.01009636427087301, 'max_depth': 20, 'min_child_weight': 14, 'eval_metric': 'rmse'}. Best is trial 233 with value: 0.12306412059147159.
start listen on 192.168.1.101:56973
@tracker All of 1 nodes getting started
@tracker All nodes finishes job
Trial 328 finished with value: 0.12458045271229176 and parameters: {'objective': 'reg:squarederror', 'tree_method': 'gpu_hist', 'lambda': 8.36749720376139, 'alpha': 0.7632546207504305, 'colsample_bytree': 0.76204304614857, 'subsample': 0.6076701298520777, 'learning_rate': 0.014871299907399353, 'max_depth': 20, 'min_child_weight': 23, 'eval_metric': 'rmse'}. Best is trial 233 with value: 0.12306412059147159.
start listen on 192.168.1.101:42997
@tracker All of 1 nodes getting started
@tracker All nodes finishes job
Trial 329 finished with value: 0.12401915280107183 and parameters: {'objective': 'reg:squarederror', 'tree_method': 'gpu_hist', 'lambda': 6.438238079966974, 'alpha': 1.5526835439938627, 'colsample_bytree': 0.7000922115903271, 'subsample': 0.5712013750620507, 'learning_rate': 0.012358601318228711, 'max_depth': 20, 'min_child_weight': 8, 'eval_metric': 'rmse'}. Best is trial 233 with value: 0.12306412059147159.
start listen on 192.168.1.101:33561
@tracker All of 1 nodes getting started
@tracker All nodes finishes job
Trial 330 finished with value: 0.1246258776122405 and parameters: {'objective': 'reg:squarederror', 'tree_method': 'gpu_hist', 'lambda': 4.602719196622113, 'alpha': 2.040173548927114, 'colsample_bytree': 0.6794351313724069, 'subsample': 0.5906257729808344, 'learning_rate': 0.011173505277059424, 'max_depth': 20, 'min_child_weight': 18, 'eval_metric': 'rmse'}. Best is trial 233 with value: 0.12306412059147159.
start listen on 192.168.1.101:40033
@tracker All of 1 nodes getting started
@tracker All nodes finishes job
Trial 331 finished with value: 0.1235645368224664 and parameters: {'objective': 'reg:squarederror', 'tree_method': 'gpu_hist', 'lambda': 8.551759391773421, 'alpha': 1.1160582720061905, 'colsample_bytree': 0.717140282760733, 'subsample': 0.6148808883996619, 'learning_rate': 0.010042085958646382, 'max_depth': 20, 'min_child_weight': 6, 'eval_metric': 'rmse'}. Best is trial 233 with value: 0.12306412059147159.
start listen on 192.168.1.101:50907
@tracker All of 1 nodes getting started
@tracker All nodes finishes job
Trial 332 finished with value: 0.12424818480479843 and parameters: {'objective': 'reg:squarederror', 'tree_method': 'gpu_hist', 'lambda': 6.973111315637133, 'alpha': 0.8804369032708704, 'colsample_bytree': 0.7309442138045135, 'subsample': 0.6467492217028726, 'learning_rate': 0.013122146643365373, 'max_depth': 7, 'min_child_weight': 1, 'eval_metric': 'rmse'}. Best is trial 233 with value: 0.12306412059147159.
start listen on 192.168.1.101:35297
@tracker All of 1 nodes getting started
@tracker All nodes finishes job
Trial 333 finished with value: 0.12404820774139041 and parameters: {'objective': 'reg:squarederror', 'tree_method': 'gpu_hist', 'lambda': 5.75842471878241, 'alpha': 0.7093066217969578, 'colsample_bytree': 0.7485733666147084, 'subsample': 0.6307468198294598, 'learning_rate': 0.011761623726139129, 'max_depth': 20, 'min_child_weight': 14, 'eval_metric': 'rmse'}. Best is trial 233 with value: 0.12306412059147159.
start listen on 192.168.1.101:40933
@tracker All of 1 nodes getting started
@tracker All nodes finishes job
Trial 334 finished with value: 0.12517435785542078 and parameters: {'objective': 'reg:squarederror', 'tree_method': 'gpu_hist', 'lambda': 8.750403066180798, 'alpha': 1.0709072375180266, 'colsample_bytree': 0.5502576096910223, 'subsample': 0.6054293037632728, 'learning_rate': 0.009037222271081382, 'max_depth': 20, 'min_child_weight': 11, 'eval_metric': 'rmse'}. Best is trial 233 with value: 0.12306412059147159.
start listen on 192.168.1.101:47951
@tracker All of 1 nodes getting started
@tracker All nodes finishes job
