number,value,params_alpha,params_colsample_bytree,params_eval_metric,params_lambda,params_learning_rate,params_max_depth,params_min_child_weight,params_objective,params_subsample,params_tree_method,state
387,0.31179738614048963,0.22282754365748,0.9835821228131407,rmse,1.0662120491888814,0.0035946314635248566,13,1,reg:squarederror,0.49412742576528645,gpu_hist,COMPLETE
388,0.31289715824177355,0.21366389449906392,0.9819696733864449,rmse,0.9414880738938437,0.003837937902162503,13,1,reg:squarederror,0.49699757848126236,gpu_hist,COMPLETE
389,0.42454505517859353,0.2576007417401105,0.9748132698415565,rmse,0.841332051245548,0.003538968528564282,20,117,reg:squarederror,0.4917450599817668,gpu_hist,COMPLETE
390,0.3244733459291487,0.2484466501801831,0.9859076474920934,rmse,1.0570153089726007,0.004090051608240796,13,10,reg:squarederror,0.5032827513880476,gpu_hist,COMPLETE
391,0.33433123149262584,0.42478374348799774,0.9649280800446611,rmse,1.1083303081656297,0.003542993364764847,9,17,reg:squarederror,0.5096112417581236,gpu_hist,COMPLETE
392,0.31159370827502875,0.23980355324814173,0.9855031957240997,rmse,2.807438413740074,0.004022626863136263,13,1,reg:squarederror,0.4643872705653322,gpu_hist,COMPLETE
393,0.31756218508724887,0.3099782950608297,0.9862147634309151,rmse,2.6653039237561873,0.0033569392234943517,13,6,reg:squarederror,0.4628997032708973,gpu_hist,COMPLETE
394,0.3253466051669353,0.20359957114579602,0.9750795895389163,rmse,2.9140091951922593,0.0037995330519862017,13,11,reg:squarederror,0.47491724397943275,gpu_hist,COMPLETE
395,0.3751004017088034,0.3643159043934677,0.988108998867655,rmse,2.0502002205122447,0.003400572564817209,5,23,reg:squarederror,0.46030993847600515,gpu_hist,COMPLETE
396,0.32083328556376894,0.23492412366258078,0.9636238138900517,rmse,2.4321782849624523,0.003965171517173329,13,7,reg:squarederror,0.482243308155105,gpu_hist,COMPLETE
397,0.31212360930471095,0.2767218542870979,0.975173309020971,rmse,1.0481897304392342,0.0036265444002155133,13,1,reg:squarederror,0.4690439461286398,gpu_hist,COMPLETE
398,0.3284532910833439,0.1746835453680075,0.9558393430683501,rmse,3.1651270798192104,0.004109734163234693,13,14,reg:squarederror,0.4545181415762556,gpu_hist,COMPLETE
399,0.31819207142550415,0.22648018732652928,0.996122604701068,rmse,2.0779335445436082,0.0032068192250739275,13,7,reg:squarederror,0.49014208126368586,gpu_hist,COMPLETE
400,0.3186516087772152,0.16634873890754973,0.9707012451933138,rmse,1.5884503387062943,0.0037026238868899455,13,6,reg:squarederror,0.47771237067876726,gpu_hist,COMPLETE
401,0.30992511172575055,0.460404261846989,0.9853606041134335,rmse,2.5812779830252603,0.0033529124338394435,13,1,reg:squarederror,0.5126879681555814,gpu_hist,COMPLETE
402,0.32466982120892807,0.5788028027091685,0.951754859978236,rmse,3.6949403384680806,0.00340879203124037,13,12,reg:squarederror,0.5075431440368917,gpu_hist,COMPLETE
403,0.31089297678877603,0.4754066012778265,0.9831920292555055,rmse,2.4158431405346787,0.00423569981758678,13,1,reg:squarederror,0.5111631202762059,gpu_hist,COMPLETE
404,0.3307062894142453,0.4613109595022773,0.9676988610298102,rmse,2.6703806504182843,0.004343937223489004,13,17,reg:squarederror,0.5156920116588404,gpu_hist,COMPLETE
405,0.31848869170113087,0.733612726692459,0.9525850468547165,rmse,2.146949497261057,0.004043116340367749,13,7,reg:squarederror,0.515085504700355,gpu_hist,COMPLETE
406,0.3122756232448215,0.5419978209579743,0.9743111002841301,rmse,0.7700926125927292,0.00387915914592385,13,1,reg:squarederror,0.5158488687662924,gpu_hist,COMPLETE
407,0.3263095334286711,0.33577940610560214,0.9458787018229481,rmse,3.1211921883042635,0.0043708060410156445,13,11,reg:squarederror,0.509026561778469,gpu_hist,COMPLETE
408,0.3184466227022597,0.820841414508233,0.9857979498576367,rmse,1.8933887676496453,0.00365270022413709,13,7,reg:squarederror,0.5069878181399132,gpu_hist,COMPLETE
409,0.3345295964579542,0.5037919697938298,0.9647280877834157,rmse,2.4271618747080455,0.004042793175406311,13,22,reg:squarederror,0.48945827341235204,gpu_hist,COMPLETE
410,0.3277322319302327,0.5815392434711006,0.959622955552311,rmse,0.9191194897002394,0.0036622030282633536,13,15,reg:squarederror,0.5226828928642671,gpu_hist,COMPLETE
411,0.3188203093097067,0.16941194329244,0.9409109296087759,rmse,0.22849017109812322,0.0041891983901254,13,1,reg:squarederror,0.49552848372887903,gpu_hist,COMPLETE
412,0.3425655001911525,1.2100722635799965,0.9999378606769528,rmse,1.2106491840066496,0.003408237320523431,11,30,reg:squarederror,0.4978453537290375,gpu_hist,COMPLETE
413,0.32000542995727865,0.6382192431811329,0.9767727850376611,rmse,1.8575157409903345,0.004326586703548601,13,7,reg:squarederror,0.5227397355050108,gpu_hist,COMPLETE
414,0.527128257487857,0.22328722515186492,0.9550676781552456,rmse,3.5092567882179884,0.0037752867981902223,7,237,reg:squarederror,0.5000785932296157,gpu_hist,COMPLETE
415,0.31079336388851836,0.36714312849237846,0.9332793229276307,rmse,1.5114516951491122,0.003326243599440346,13,1,reg:squarederror,0.5143350946485067,gpu_hist,COMPLETE
416,0.322538100711819,0.4648750228882944,0.9860652199007102,rmse,2.2105324433157625,0.003325110204712597,13,11,reg:squarederror,0.5134513011941217,gpu_hist,COMPLETE
417,0.31543551324802505,0.3840870172780176,0.931355644803462,rmse,1.577536134922916,0.00313153699659557,13,6,reg:squarederror,0.5207207526727351,gpu_hist,COMPLETE
418,0.309353455997563,0.354176669702292,0.9676218315779584,rmse,1.9866723183422315,0.003920244062813711,13,1,reg:squarederror,0.5106904072707216,gpu_hist,COMPLETE
419,0.33087960725505905,0.34645374917703275,0.9437257380764795,rmse,1.4688727141929478,0.0034363604873380712,13,18,reg:squarederror,0.5041736319659182,gpu_hist,COMPLETE
420,0.3251508266378838,0.31366983433121504,0.9612151770197748,rmse,1.8847347586052619,0.0038878376954359084,13,12,reg:squarederror,0.5117413154815212,gpu_hist,COMPLETE
421,0.31768208827487937,0.353670075954013,0.968765649138921,rmse,1.3917839520436646,0.003151435973106281,13,7,reg:squarederror,0.4940651620321268,gpu_hist,COMPLETE
422,0.3173023897934518,0.45276781599864163,0.9310985970116834,rmse,1.8281589940947045,0.0035711701661821087,13,6,reg:squarederror,0.5290939720389668,gpu_hist,COMPLETE
423,0.5159703812424993,0.24831599157851736,0.9569048070421238,rmse,1.2846175169978808,0.00391165149227148,3,186,reg:squarederror,0.48833551117272783,gpu_hist,COMPLETE
424,0.5787984437556827,0.43860786306888083,0.945870967707845,rmse,2.690085803315905,0.003303606889993475,13,284,reg:squarederror,0.5013643258257577,gpu_hist,COMPLETE
425,0.3625155426285447,0.279324294553739,0.9175362766172974,rmse,2.0922139543597034,0.004324876721546366,13,57,reg:squarederror,0.5160214577085241,gpu_hist,COMPLETE
426,0.31120715083448236,0.01676410523463558,0.9730847626319189,rmse,1.5258692898488404,0.003615856268856324,20,1,reg:squarederror,0.483031750299188,gpu_hist,COMPLETE
427,0.3238582447545377,0.3064336217146579,0.948705836093635,rmse,1.6477187834655782,0.003115789973459099,20,13,reg:squarederror,0.5075842815596947,gpu_hist,COMPLETE
428,0.3260326048295655,0.38127139183608955,0.9316316326470814,rmse,1.6284530212022814,0.056992517126408196,20,1,reg:squarederror,0.47684046784664247,gpu_hist,COMPLETE
429,0.32268095948982367,0.02369472681047748,0.9673036245854193,rmse,2.1263176534099535,0.003980854408251302,17,11,reg:squarederror,0.5316489295742012,gpu_hist,COMPLETE
430,0.49416428134795104,0.14328775731354246,0.9214844862378849,rmse,2.6822239051926497,0.0034442362119317853,20,199,reg:squarederror,0.48369850602955605,gpu_hist,COMPLETE
431,0.331048137489459,0.6616201569533723,0.9526443454975391,rmse,1.7801219047489132,0.003070038611126415,20,20,reg:squarederror,0.5225672983036982,gpu_hist,COMPLETE
432,0.31897967718370535,0.012190939211135095,0.9729284082228994,rmse,1.438022180407468,0.004303053831436979,20,6,reg:squarederror,0.4736398637313101,gpu_hist,COMPLETE
433,0.3099420216592797,0.4151645041533215,0.9384150262573049,rmse,2.2674228240791074,0.0037502621645679377,13,1,reg:squarederror,0.594162346339048,gpu_hist,COMPLETE
434,0.3501752019125306,0.3433082076079469,0.4089757859796699,rmse,2.476709649393674,0.003418073723947625,20,7,reg:squarederror,0.5831599579858532,gpu_hist,COMPLETE
435,0.3700811406048362,0.3907273886660429,0.938010427730524,rmse,3.1515263952428487,0.003654276904817648,5,14,reg:squarederror,0.6042095751724162,gpu_hist,COMPLETE
436,0.3128509288777748,0.47847789081263736,0.9586649487172964,rmse,2.2434439408011713,0.0030455954849864923,20,1,reg:squarederror,0.5856521193951768,gpu_hist,COMPLETE
437,0.3266673607722552,0.007117968292068119,0.9480218746980985,rmse,2.018968081618914,0.0033065948135212616,9,9,reg:squarederror,0.5356227730857318,gpu_hist,COMPLETE
438,0.3167746952154579,0.27774725424157437,0.9721086020307165,rmse,3.0630075654328106,0.00446408547357995,13,6,reg:squarederror,0.5707629961773656,gpu_hist,COMPLETE
439,0.326019269579525,0.5381744180396345,0.9306551338137564,rmse,2.4802257309416063,0.00384616121273689,13,15,reg:squarederror,0.5724309507222204,gpu_hist,COMPLETE
440,0.37023281181097456,0.19287253500831977,0.9447910871742446,rmse,1.8757721367131321,0.0036732418876955896,13,64,reg:squarederror,0.522514931661169,gpu_hist,COMPLETE
441,0.31206151632818774,0.013581817178044063,0.9668322261477178,rmse,1.1728743888492652,0.004130751121752277,13,1,reg:squarederror,0.5919320336192527,gpu_hist,COMPLETE
442,0.3238077531911104,0.40843721339734884,0.9862702142758072,rmse,3.4438541821766058,0.0029949221054749327,13,10,reg:squarederror,0.5056661460580848,gpu_hist,COMPLETE
443,0.5287929893314708,0.01755477940267475,0.9280875690434872,rmse,1.3804955778624879,0.0033415774416438865,13,256,reg:squarederror,0.5609193227682139,gpu_hist,COMPLETE
444,0.3337544885790617,0.2605079703403855,0.9583906304075486,rmse,2.1873678854733174,0.0038652890478828683,13,22,reg:squarederror,0.5326951080376336,gpu_hist,COMPLETE
445,0.4743959085131363,0.00509497771064123,0.9756962817951744,rmse,2.5295316781051183,0.0011264652958452223,13,6,reg:squarederror,0.540646116203811,gpu_hist,COMPLETE
446,0.34597085611476436,0.22169639947429107,0.9363462032406824,rmse,1.6815457073576987,0.08292172471520536,7,1,reg:squarederror,0.5150677962690419,gpu_hist,COMPLETE
447,0.3303915323386408,0.17824299211664194,0.9985354793635561,rmse,2.8030279665677975,0.0035372002704385304,11,16,reg:squarederror,0.4924843579217325,gpu_hist,COMPLETE
448,0.31946014728486627,0.33055248941406234,0.9172745776103974,rmse,1.2722180875187852,0.004430335404842859,13,7,reg:squarederror,0.5718114731333516,gpu_hist,COMPLETE
449,0.323858836536581,0.49502862097306216,0.9562663692541246,rmse,1.9298436279606335,0.002989729977161965,13,11,reg:squarederror,0.5035148523844292,gpu_hist,COMPLETE
450,0.3121865942254345,0.3998507846955273,0.9847521871531942,rmse,0.9259705928670479,0.003254945852238499,13,1,reg:squarederror,0.5219499090039079,gpu_hist,COMPLETE
451,0.4327299245607631,0.15650616791567878,0.9441818696195038,rmse,1.5699256712101897,0.0037721940545232947,3,6,reg:squarederror,0.541497192119262,gpu_hist,COMPLETE
452,0.33041050980607306,0.23614053065668175,0.9091051274185444,rmse,2.106139817163644,0.004255810828147404,13,17,reg:squarederror,0.48685660102615064,gpu_hist,COMPLETE
453,0.3195969835999823,0.2958305283622256,0.9750100014131117,rmse,3.5680786698898954,0.0035066551408642027,20,10,reg:squarederror,0.5539208261233382,gpu_hist,COMPLETE
454,0.3187617851965422,0.6569294459139549,0.9613000916846555,rmse,1.2464518420802417,0.004000538996938503,13,6,reg:squarederror,0.5017201633468058,gpu_hist,COMPLETE
455,0.31055178201795425,0.027412095751981523,0.9258416008416248,rmse,2.846809400917595,0.003222214048813009,13,1,reg:squarederror,0.5117669508684981,gpu_hist,COMPLETE
456,0.312813146461352,0.026590216313247476,0.9015530172848946,rmse,3.030330036022007,0.0029218725633551154,13,1,reg:squarederror,0.5124216017532788,gpu_hist,COMPLETE
457,0.3246665238296569,0.20557510296985199,0.9206666309915192,rmse,4.069029788527551,0.0036333585153526466,13,11,reg:squarederror,0.49485650591960945,gpu_hist,COMPLETE
458,0.31621345927741024,0.016127763111422222,0.9422047919422448,rmse,2.773955727744118,0.0032289336520987346,13,6,reg:squarederror,0.5247532355854847,gpu_hist,COMPLETE
459,0.3180387121520056,0.42761832286283946,0.9889092270988504,rmse,2.5673542870005015,0.00400407447740753,9,1,reg:squarederror,0.5113624254927023,gpu_hist,COMPLETE
460,0.3377937246762481,0.3242317223158283,0.966790228263273,rmse,2.2401908060902205,0.0035775042096698045,13,25,reg:squarederror,0.4817429027323374,gpu_hist,COMPLETE
461,0.3294454373591556,0.003772596894220908,0.9524423004442001,rmse,1.8661206913312085,0.004576059639625767,13,15,reg:squarederror,0.5001009216932722,gpu_hist,COMPLETE
462,0.3226073939454355,0.25187647296719856,0.9768926717438214,rmse,2.8234183968921713,0.0030102577333891312,17,11,reg:squarederror,0.5194059631060781,gpu_hist,COMPLETE
463,0.31783389060935613,0.18144993382460714,0.9307080299191579,rmse,3.5867021432193065,0.004094766718947298,13,6,reg:squarederror,0.4884381836069157,gpu_hist,COMPLETE
464,0.3686222459522021,0.5526285126475055,0.9999149323165699,rmse,2.2488669637741863,0.0032303149203430346,5,1,reg:squarederror,0.5090545527041428,gpu_hist,COMPLETE
465,0.3301616292906879,0.009982972261104714,0.9127516786220028,rmse,1.6475960767784186,0.0036852754935523574,13,18,reg:squarederror,0.4950402021576342,gpu_hist,COMPLETE
466,0.3970773998219018,0.15118933985591432,0.9430468473653218,rmse,3.174421426490738,0.004639078400074029,13,91,reg:squarederror,0.5313090271715128,gpu_hist,COMPLETE
467,0.3243643489519235,0.3585093384987561,0.962871516501386,rmse,1.5076328234318497,0.003434117100815493,13,11,reg:squarederror,0.4775735510420402,gpu_hist,COMPLETE
468,0.3166812074384978,0.019712208007355854,0.901176768818579,rmse,2.0229934177324425,0.004136113695071617,20,6,reg:squarederror,0.5321018367275047,gpu_hist,COMPLETE
469,0.31164663504852674,0.8712880675681727,0.984981995497234,rmse,2.456231900145203,0.003045982146630078,13,1,reg:squarederror,0.5126597419614806,gpu_hist,COMPLETE
470,0.32186865076979215,0.2682883372458117,0.8502973132116738,rmse,1.7757039128372087,0.0037933223385051753,13,7,reg:squarederror,0.4998407893434833,gpu_hist,COMPLETE
471,0.38260102480765995,0.46651582384564017,0.9251718266106506,rmse,1.4676982663143527,0.034630785979403604,13,13,reg:squarederror,0.4848895277848407,gpu_hist,COMPLETE
472,0.31059633036821943,0.2179696649501185,0.9523348365125962,rmse,2.353002615534188,0.003392969230686866,13,1,reg:squarederror,0.5238692224282788,gpu_hist,COMPLETE
473,0.3181423009917656,0.19621244059116846,0.9433354925495835,rmse,2.1062786263996425,0.002553341367588619,13,6,reg:squarederror,0.5267628381379471,gpu_hist,COMPLETE
474,0.32953259353568065,0.00806693321430926,0.9519804159304339,rmse,1.162949746465109,0.002819057777065222,11,17,reg:squarederror,0.5420182141612373,gpu_hist,COMPLETE
475,0.34177624357096187,0.002792833519895198,0.9347479345853863,rmse,1.6884877141390375,0.003355269103997357,7,11,reg:squarederror,0.5160432226646814,gpu_hist,COMPLETE
476,0.31046899101406844,0.006264032208762315,0.9171006746331383,rmse,1.35017260947239,0.003309697236360348,13,1,reg:squarederror,0.5259278697047303,gpu_hist,COMPLETE
477,0.33331621699955616,0.00976353561010947,0.9149677712028171,rmse,0.0016044651331152588,0.0029632483596757275,13,22,reg:squarederror,0.5352016218244098,gpu_hist,COMPLETE
478,0.43927232886577666,0.005149986075235466,0.9056158623115657,rmse,0.0010216389383709322,0.0031730721776611942,3,6,reg:squarederror,0.5448166620317693,gpu_hist,COMPLETE
479,0.3234987732442297,0.00363325114936636,0.9237249316168941,rmse,1.4356457968516172,0.00267588011626021,13,11,reg:squarederror,0.525801893478048,gpu_hist,COMPLETE
480,0.3106376314841589,0.007001811702816381,0.8944667660705137,rmse,1.8990578041783133,0.00326901625930451,13,1,reg:squarederror,0.5363272529695735,gpu_hist,COMPLETE
481,0.3165802972083767,0.0069851322454793025,0.8972755282468887,rmse,1.792861553120855,0.002992379741893646,13,6,reg:squarederror,0.5363234289483284,gpu_hist,COMPLETE
482,0.41030267983359564,0.0033258012234165645,0.3680435711136638,rmse,2.3971160894135104,0.0032428871367193167,13,16,reg:squarederror,0.5529169355639758,gpu_hist,COMPLETE
483,0.3141591948424354,0.012168953257005727,0.8921165807516718,rmse,1.2592925997536346,0.0027120522706916266,13,1,reg:squarederror,0.521533819189527,gpu_hist,COMPLETE
484,0.32283447739646143,0.015342242499633599,0.8741020701299758,rmse,1.4832182085284304,0.003457153433516602,13,10,reg:squarederror,0.5308949690215087,gpu_hist,COMPLETE
485,0.3162943670907598,0.005970113536626895,0.9276548171967952,rmse,1.8417810024371088,0.00293447698085557,20,7,reg:squarederror,0.5406989363407162,gpu_hist,COMPLETE
486,0.31071647257821244,0.006271124619641261,0.9404810329908796,rmse,2.2798169372447177,0.003262721379272382,13,1,reg:squarederror,0.5584690741218071,gpu_hist,COMPLETE
487,0.3160439940070396,0.0047074560641377685,0.9374998512490638,rmse,2.296723333046741,0.0033676138866979934,9,1,reg:squarederror,0.5627540840211049,gpu_hist,COMPLETE
488,0.3240037634086347,0.0061483248230996814,0.949952373222263,rmse,2.8941313160913045,0.003279296544164893,13,12,reg:squarederror,0.5216466364707506,gpu_hist,COMPLETE
489,0.3169188309553051,0.1371988877467657,0.9227652111594555,rmse,3.653669482218757,0.003496029719614655,13,7,reg:squarederror,0.5456575319193597,gpu_hist,COMPLETE
490,0.3278819874928623,0.005658137014617688,0.9403388121846434,rmse,2.4313791032171643,0.0030897968832287047,17,18,reg:squarederror,0.5660286889212905,gpu_hist,COMPLETE
491,0.3099318264428154,0.009717321948290395,0.9541955448743368,rmse,2.017248589720564,0.003682879738043323,13,1,reg:squarederror,0.5133374574196906,gpu_hist,COMPLETE
492,0.3375436439920245,0.007828383979582663,0.9551459797562197,rmse,2.032065202635576,0.003512181529407793,13,27,reg:squarederror,0.5313304422803913,gpu_hist,COMPLETE
493,0.3693689726096087,0.008762694236789164,0.9346323348945352,rmse,2.593060612237797,0.0031886673437229434,5,7,reg:squarederror,0.8038282506334343,gpu_hist,COMPLETE
494,0.3260022694474939,0.006845771228610825,0.9609408790503533,rmse,2.997180147874918,0.003648278141819582,13,13,reg:squarederror,0.5125694420890973,gpu_hist,COMPLETE
495,0.31419115491686833,0.004388595001090084,0.9192775190227278,rmse,2.018710292973647,0.0027325856499365035,13,1,reg:squarederror,0.5220800376607397,gpu_hist,COMPLETE
496,0.4091903442951061,0.014943481708312221,0.3057918403963608,rmse,2.367310046324927,0.003020784409538671,13,7,reg:squarederror,0.5397071178063207,gpu_hist,COMPLETE
497,0.32953318827653705,0.010802949877646857,0.966951170377408,rmse,1.8441721209233295,0.0033639032785341733,13,20,reg:squarederror,0.5767383152678554,gpu_hist,COMPLETE
498,0.3235664150049067,0.006673520817955555,0.9387706823252794,rmse,3.467304817052909,0.0037844155659378692,13,12,reg:squarederror,0.5565522499323093,gpu_hist,COMPLETE
499,0.3146968527752624,0.008446238934117842,0.9541211416935473,rmse,2.088262513419188,0.0032717060511645245,20,6,reg:squarederror,0.5103562527565486,gpu_hist,COMPLETE
500,0.3098027674052266,0.006823403740667532,0.916842326827356,rmse,2.661526897383487,0.0036183811329396267,13,1,reg:squarederror,0.547503952021941,gpu_hist,COMPLETE
501,0.41178107874201425,0.005844418869146846,0.9145628673899027,rmse,4.358731724457854,0.019014642503695,13,106,reg:squarederror,0.5471939483420751,gpu_hist,COMPLETE
502,0.3199019595528462,0.01014710378131926,0.9217385644362187,rmse,2.8454782995144834,0.0024938627020225077,13,1,reg:squarederror,0.5965850998780133,gpu_hist,COMPLETE
503,0.3227308105718051,0.005014539041612858,0.9317619170644018,rmse,3.055806794749525,0.002948303086009717,13,11,reg:squarederror,0.5667245021396422,gpu_hist,COMPLETE
504,0.3150140575417129,0.008174433640987334,0.947281949329421,rmse,2.549290609150323,0.00349376161926178,13,6,reg:squarederror,0.5548640825554115,gpu_hist,COMPLETE
505,0.4279726158518761,0.013115534370288952,0.9073205853760549,rmse,3.6864952749221485,0.003167999733140502,13,151,reg:squarederror,0.5790133470902347,gpu_hist,COMPLETE
506,0.3303724767252723,0.0073551825397567125,0.9658062003210356,rmse,2.454899310348243,0.0036252659101945785,11,16,reg:squarederror,0.5338274780283764,gpu_hist,COMPLETE
507,0.4322317649589878,0.00683210923240676,0.9287129809085471,rmse,3.0904228758405723,0.0037507253819968663,3,1,reg:squarederror,0.5509211012514108,gpu_hist,COMPLETE
508,0.31883046523733993,0.005850505186634235,0.9482728702568423,rmse,2.108852398612439,0.0029204719234704663,13,8,reg:squarederror,0.5396502064238664,gpu_hist,COMPLETE
509,0.31454795009921294,0.02099610983184513,0.9121627737399669,rmse,1.8317202761552018,0.0033145507615331632,13,6,reg:squarederror,0.5652382328331402,gpu_hist,COMPLETE
510,0.3357004485509661,0.010420032559885252,0.9357698064550184,rmse,2.5739674952311127,0.003895240324944421,7,1,reg:squarederror,0.5239914496382956,gpu_hist,COMPLETE
511,0.32542827713019484,0.004060954342844051,0.9698759401273386,rmse,1.6841667438770989,0.002701244734094076,13,14,reg:squarederror,0.5541263490149309,gpu_hist,COMPLETE
512,0.32197284302197726,0.00807475480070945,0.9546062263459584,rmse,2.1268472344691767,0.003453747581758296,13,11,reg:squarederror,0.530509498802501,gpu_hist,COMPLETE
513,0.3182642185025472,0.012119511554433951,0.9269152214636532,rmse,3.2549447757118157,0.0032300835677892526,13,8,reg:squarederror,0.5421690684722139,gpu_hist,COMPLETE
514,0.3263826454967903,0.004530706504266798,0.9011421643598646,rmse,2.658269887517858,0.0036639861749842933,20,21,reg:squarederror,0.7320904033018465,gpu_hist,COMPLETE
515,0.3138186154577795,0.005694501663956575,0.9692257974119121,rmse,4.110398862434109,0.0030272087059448212,13,1,reg:squarederror,0.5173612385685278,gpu_hist,COMPLETE
516,0.3165210901170051,0.5987108268156283,0.9413743413195081,rmse,2.224172196641287,0.004128933266475496,13,6,reg:squarederror,0.5788733708687955,gpu_hist,COMPLETE
