Trial 839 finished with value: 0.12450061067604928 and parameters: {'objective': 'reg:squarederror', 'tree_method': 'gpu_hist', 'lambda': 6.066358760592348, 'alpha': 5.057693785488216, 'colsample_bytree': 0.6941469857844855, 'subsample': 0.6300367006189378, 'learning_rate': 0.016513455140488242, 'max_depth': 20, 'min_child_weight': 15, 'eval_metric': 'rmse'}. Best is trial 463 with value: 0.12284958614550846.
start listen on 192.168.1.101:49795
@tracker All of 1 nodes getting started
@tracker All nodes finishes job
Trial 840 finished with value: 0.12460873954616733 and parameters: {'objective': 'reg:squarederror', 'tree_method': 'gpu_hist', 'lambda': 5.148400902983157, 'alpha': 3.7845332777802834, 'colsample_bytree': 0.664995012872298, 'subsample': 0.6518609959120113, 'learning_rate': 0.01485843851670307, 'max_depth': 20, 'min_child_weight': 20, 'eval_metric': 'rmse'}. Best is trial 463 with value: 0.12284958614550846.
start listen on 192.168.1.101:41447
@tracker All of 1 nodes getting started
@tracker All nodes finishes job
Trial 841 finished with value: 0.12381827003110227 and parameters: {'objective': 'reg:squarederror', 'tree_method': 'gpu_hist', 'lambda': 4.391821284933903, 'alpha': 4.587763626972672, 'colsample_bytree': 0.6854754778017499, 'subsample': 0.6066346480259148, 'learning_rate': 0.014831811750749449, 'max_depth': 20, 'min_child_weight': 10, 'eval_metric': 'rmse'}. Best is trial 463 with value: 0.12284958614550846.
start listen on 192.168.1.101:34147
@tracker All of 1 nodes getting started
@tracker All nodes finishes job
Trial 842 finished with value: 0.12380582062152995 and parameters: {'objective': 'reg:squarederror', 'tree_method': 'gpu_hist', 'lambda': 6.315562616951116, 'alpha': 2.701630224113607, 'colsample_bytree': 0.6500823463276291, 'subsample': 0.6035830841299398, 'learning_rate': 0.01785170102083557, 'max_depth': 20, 'min_child_weight': 5, 'eval_metric': 'rmse'}. Best is trial 463 with value: 0.12284958614550846.
start listen on 192.168.1.101:44407
@tracker All of 1 nodes getting started
@tracker All nodes finishes job
Trial 843 finished with value: 0.12371084365858935 and parameters: {'objective': 'reg:squarederror', 'tree_method': 'gpu_hist', 'lambda': 3.1897501442984804, 'alpha': 2.3635772187124697, 'colsample_bytree': 0.6975549407979353, 'subsample': 0.6214398314660978, 'learning_rate': 0.016043883626102425, 'max_depth': 20, 'min_child_weight': 14, 'eval_metric': 'rmse'}. Best is trial 463 with value: 0.12284958614550846.
start listen on 192.168.1.101:54697
@tracker All of 1 nodes getting started
@tracker All nodes finishes job
Trial 844 finished with value: 0.125978643094198 and parameters: {'objective': 'reg:squarederror', 'tree_method': 'gpu_hist', 'lambda': 6.344394381300286, 'alpha': 3.854019652229306, 'colsample_bytree': 0.676362339782435, 'subsample': 0.5984619928670852, 'learning_rate': 0.014006482766055692, 'max_depth': 20, 'min_child_weight': 26, 'eval_metric': 'rmse'}. Best is trial 463 with value: 0.12284958614550846.
start listen on 192.168.1.101:34497
@tracker All of 1 nodes getting started
@tracker All nodes finishes job
Trial 845 finished with value: 0.12555020197597053 and parameters: {'objective': 'reg:squarederror', 'tree_method': 'gpu_hist', 'lambda': 5.6087499103413645, 'alpha': 2.4941752601773444, 'colsample_bytree': 0.4120871932922231, 'subsample': 0.49364392883053654, 'learning_rate': 0.022978774139404988, 'max_depth': 20, 'min_child_weight': 10, 'eval_metric': 'rmse'}. Best is trial 463 with value: 0.12284958614550846.
start listen on 192.168.1.101:33639
@tracker All of 1 nodes getting started
@tracker All nodes finishes job
Trial 846 finished with value: 0.12473142976032063 and parameters: {'objective': 'reg:squarederror', 'tree_method': 'gpu_hist', 'lambda': 6.718377430083903, 'alpha': 3.830990012002736, 'colsample_bytree': 0.6591978109074031, 'subsample': 0.6141601149802336, 'learning_rate': 0.01761752132708705, 'max_depth': 20, 'min_child_weight': 18, 'eval_metric': 'rmse'}. Best is trial 463 with value: 0.12284958614550846.
start listen on 192.168.1.101:59797
@tracker All of 1 nodes getting started
@tracker All nodes finishes job
Trial 847 finished with value: 0.1236377438444501 and parameters: {'objective': 'reg:squarederror', 'tree_method': 'gpu_hist', 'lambda': 4.837399435220066, 'alpha': 3.355996740307851, 'colsample_bytree': 0.6935864324245489, 'subsample': 0.6316799022380075, 'learning_rate': 0.015251831643291112, 'max_depth': 20, 'min_child_weight': 5, 'eval_metric': 'rmse'}. Best is trial 463 with value: 0.12284958614550846.
start listen on 192.168.1.101:53731
@tracker All of 1 nodes getting started
@tracker All nodes finishes job
Trial 848 finished with value: 0.12390342021763477 and parameters: {'objective': 'reg:squarederror', 'tree_method': 'gpu_hist', 'lambda': 6.4735133103643925, 'alpha': 1.9544543694652394, 'colsample_bytree': 0.6771973854572473, 'subsample': 0.6433386074024278, 'learning_rate': 0.013753914043349552, 'max_depth': 15, 'min_child_weight': 1, 'eval_metric': 'rmse'}. Best is trial 463 with value: 0.12284958614550846.
start listen on 192.168.1.101:36113
@tracker All of 1 nodes getting started
@tracker All nodes finishes job
Trial 849 finished with value: 0.1241584901445164 and parameters: {'objective': 'reg:squarederror', 'tree_method': 'gpu_hist', 'lambda': 0.20139217186820293, 'alpha': 2.4079162265112086, 'colsample_bytree': 0.6376588895745803, 'subsample': 0.5975909652363752, 'learning_rate': 0.01910474583814903, 'max_depth': 20, 'min_child_weight': 12, 'eval_metric': 'rmse'}. Best is trial 463 with value: 0.12284958614550846.
start listen on 192.168.1.101:35285
@tracker All of 1 nodes getting started
@tracker All nodes finishes job
Trial 850 finished with value: 0.12474647089788023 and parameters: {'objective': 'reg:squarederror', 'tree_method': 'gpu_hist', 'lambda': 2.687969365806888, 'alpha': 4.031397856864881, 'colsample_bytree': 0.6987375976504449, 'subsample': 0.6185379256770229, 'learning_rate': 0.013775257147277342, 'max_depth': 20, 'min_child_weight': 21, 'eval_metric': 'rmse'}. Best is trial 463 with value: 0.12284958614550846.
start listen on 192.168.1.101:60359
@tracker All of 1 nodes getting started
@tracker All nodes finishes job
Trial 851 finished with value: 0.1236542926766495 and parameters: {'objective': 'reg:squarederror', 'tree_method': 'gpu_hist', 'lambda': 5.600088059949947, 'alpha': 4.5069203860756835, 'colsample_bytree': 0.6592898458194071, 'subsample': 0.6086271780141087, 'learning_rate': 0.016445483656108498, 'max_depth': 20, 'min_child_weight': 7, 'eval_metric': 'rmse'}. Best is trial 463 with value: 0.12284958614550846.
start listen on 192.168.1.101:46673
@tracker All of 1 nodes getting started
@tracker All nodes finishes job
Trial 852 finished with value: 0.12443175721281016 and parameters: {'objective': 'reg:squarederror', 'tree_method': 'gpu_hist', 'lambda': 7.023734419330172, 'alpha': 1.8757559682742635, 'colsample_bytree': 0.6135393416385176, 'subsample': 0.6284167440881003, 'learning_rate': 0.014898244388998961, 'max_depth': 20, 'min_child_weight': 14, 'eval_metric': 'rmse'}. Best is trial 463 with value: 0.12284958614550846.
start listen on 192.168.1.101:36505
@tracker All of 1 nodes getting started
@tracker All nodes finishes job
Trial 853 finished with value: 0.1292177001638253 and parameters: {'objective': 'reg:squarederror', 'tree_method': 'gpu_hist', 'lambda': 4.031555911235528, 'alpha': 6.057484892444365, 'colsample_bytree': 0.6839473428886551, 'subsample': 0.5963382867227857, 'learning_rate': 0.01634455239830994, 'max_depth': 5, 'min_child_weight': 30, 'eval_metric': 'rmse'}. Best is trial 463 with value: 0.12284958614550846.
start listen on 192.168.1.101:34579
@tracker All of 1 nodes getting started
@tracker All nodes finishes job
Trial 854 finished with value: 0.12427377122193624 and parameters: {'objective': 'reg:squarederror', 'tree_method': 'gpu_hist', 'lambda': 6.751477765867694, 'alpha': 1.7105101469394117, 'colsample_bytree': 0.6948154271507608, 'subsample': 0.6121761033144073, 'learning_rate': 0.013648616914620071, 'max_depth': 20, 'min_child_weight': 1, 'eval_metric': 'rmse'}. Best is trial 463 with value: 0.12284958614550846.
start listen on 192.168.1.101:39583
@tracker All of 1 nodes getting started
@tracker All nodes finishes job
Trial 855 finished with value: 0.12456682163711914 and parameters: {'objective': 'reg:squarederror', 'tree_method': 'gpu_hist', 'lambda': 5.521486015399981, 'alpha': 3.076220982492437, 'colsample_bytree': 0.6671652245429306, 'subsample': 0.6247394159219638, 'learning_rate': 0.014961873426606124, 'max_depth': 20, 'min_child_weight': 19, 'eval_metric': 'rmse'}. Best is trial 463 with value: 0.12284958614550846.
start listen on 192.168.1.101:37283
@tracker All of 1 nodes getting started
@tracker All nodes finishes job
Trial 856 finished with value: 0.1311094854832338 and parameters: {'objective': 'reg:squarederror', 'tree_method': 'gpu_hist', 'lambda': 7.266621622599992, 'alpha': 2.2060625943885923, 'colsample_bytree': 0.6464610388005155, 'subsample': 0.6423496200751119, 'learning_rate': 0.018742410039529464, 'max_depth': 3, 'min_child_weight': 10, 'eval_metric': 'rmse'}. Best is trial 463 with value: 0.12284958614550846.
start listen on 192.168.1.101:38731
@tracker All of 1 nodes getting started
@tracker All nodes finishes job
Trial 857 finished with value: 0.12345679220073254 and parameters: {'objective': 'reg:squarederror', 'tree_method': 'gpu_hist', 'lambda': 7.375121770615243, 'alpha': 1.6052427219621337, 'colsample_bytree': 0.682146059527752, 'subsample': 0.5951043185549137, 'learning_rate': 0.013123682794530495, 'max_depth': 20, 'min_child_weight': 6, 'eval_metric': 'rmse'}. Best is trial 463 with value: 0.12284958614550846.
start listen on 192.168.1.101:40755
@tracker All of 1 nodes getting started
@tracker All nodes finishes job
Trial 858 finished with value: 0.12328310393939494 and parameters: {'objective': 'reg:squarederror', 'tree_method': 'gpu_hist', 'lambda': 4.494595163560701, 'alpha': 1.9271203085956978, 'colsample_bytree': 0.6994246896266684, 'subsample': 0.6085223107108831, 'learning_rate': 0.016477774898034925, 'max_depth': 20, 'min_child_weight': 14, 'eval_metric': 'rmse'}. Best is trial 463 with value: 0.12284958614550846.
start listen on 192.168.1.101:59839
@tracker All of 1 nodes getting started
@tracker All nodes finishes job
Trial 859 finished with value: 0.12496989208493638 and parameters: {'objective': 'reg:squarederror', 'tree_method': 'gpu_hist', 'lambda': 6.091178592787341, 'alpha': 1.5549835526358737, 'colsample_bytree': 0.6745061829978211, 'subsample': 0.6223434564613536, 'learning_rate': 0.0214041096981407, 'max_depth': 20, 'min_child_weight': 23, 'eval_metric': 'rmse'}. Best is trial 463 with value: 0.12284958614550846.
start listen on 192.168.1.101:59831
@tracker All of 1 nodes getting started
@tracker All nodes finishes job
Trial 860 finished with value: 0.1237043210802268 and parameters: {'objective': 'reg:squarederror', 'tree_method': 'gpu_hist', 'lambda': 7.602331198001971, 'alpha': 3.084135541494704, 'colsample_bytree': 0.6559609776747006, 'subsample': 0.6352488670157285, 'learning_rate': 0.014521256763827511, 'max_depth': 20, 'min_child_weight': 10, 'eval_metric': 'rmse'}. Best is trial 463 with value: 0.12284958614550846.
start listen on 192.168.1.101:51963
@tracker All of 1 nodes getting started
@tracker All nodes finishes job
Trial 861 finished with value: 0.12440856367738533 and parameters: {'objective': 'reg:squarederror', 'tree_method': 'gpu_hist', 'lambda': 5.379267811226164, 'alpha': 0.031806127903194224, 'colsample_bytree': 0.634587040137112, 'subsample': 0.6573315065883942, 'learning_rate': 0.012687469369721576, 'max_depth': 20, 'min_child_weight': 16, 'eval_metric': 'rmse'}. Best is trial 463 with value: 0.12284958614550846.
start listen on 192.168.1.101:38075
@tracker All of 1 nodes getting started
@tracker All nodes finishes job
Trial 862 finished with value: 0.12473422820087093 and parameters: {'objective': 'reg:squarederror', 'tree_method': 'gpu_hist', 'lambda': 0.003015457107673872, 'alpha': 7.846558801248349, 'colsample_bytree': 0.6896185047282516, 'subsample': 0.6034912280136169, 'learning_rate': 0.01778159595238321, 'max_depth': 20, 'min_child_weight': 6, 'eval_metric': 'rmse'}. Best is trial 463 with value: 0.12284958614550846.
start listen on 192.168.1.101:53497
@tracker All of 1 nodes getting started
@tracker All nodes finishes job
Trial 863 finished with value: 0.12407754085315312 and parameters: {'objective': 'reg:squarederror', 'tree_method': 'gpu_hist', 'lambda': 7.861085394339468, 'alpha': 2.428404154274837, 'colsample_bytree': 0.7035017431491845, 'subsample': 0.5890757166725459, 'learning_rate': 0.013830342769215095, 'max_depth': 20, 'min_child_weight': 1, 'eval_metric': 'rmse'}. Best is trial 463 with value: 0.12284958614550846.
start listen on 192.168.1.101:40755
@tracker All of 1 nodes getting started
@tracker All nodes finishes job
Trial 864 finished with value: 0.12405393555514983 and parameters: {'objective': 'reg:squarederror', 'tree_method': 'gpu_hist', 'lambda': 6.383788552040092, 'alpha': 1.54150075121752, 'colsample_bytree': 0.6705535876509452, 'subsample': 0.6167367124222212, 'learning_rate': 0.015352227050432992, 'max_depth': 17, 'min_child_weight': 19, 'eval_metric': 'rmse'}. Best is trial 463 with value: 0.12284958614550846.
start listen on 192.168.1.101:35539
@tracker All of 1 nodes getting started
@tracker All nodes finishes job
Trial 865 finished with value: 0.12315242236461853 and parameters: {'objective': 'reg:squarederror', 'tree_method': 'gpu_hist', 'lambda': 8.527299148631464, 'alpha': 1.986496116892604, 'colsample_bytree': 0.703117235866222, 'subsample': 0.6021076847822946, 'learning_rate': 0.012419746242286657, 'max_depth': 20, 'min_child_weight': 10, 'eval_metric': 'rmse'}. Best is trial 463 with value: 0.12284958614550846.
start listen on 192.168.1.101:48673
@tracker All of 1 nodes getting started
@tracker All nodes finishes job
Trial 866 finished with value: 0.12776736061643068 and parameters: {'objective': 'reg:squarederror', 'tree_method': 'gpu_hist', 'lambda': 8.25613053232395, 'alpha': 1.686323523159742, 'colsample_bytree': 0.7073231121847853, 'subsample': 0.63076751363421, 'learning_rate': 0.012256516995443282, 'max_depth': 7, 'min_child_weight': 29, 'eval_metric': 'rmse'}. Best is trial 463 with value: 0.12284958614550846.
start listen on 192.168.1.101:39519
@tracker All of 1 nodes getting started
@tracker All nodes finishes job
Trial 867 finished with value: 0.12390614241538299 and parameters: {'objective': 'reg:squarederror', 'tree_method': 'gpu_hist', 'lambda': 8.627618467214225, 'alpha': 1.8903385789632745, 'colsample_bytree': 0.7071261582986796, 'subsample': 0.6160876475133812, 'learning_rate': 0.012269667070449634, 'max_depth': 20, 'min_child_weight': 15, 'eval_metric': 'rmse'}. Best is trial 463 with value: 0.12284958614550846.
start listen on 192.168.1.101:56697
@tracker All of 1 nodes getting started
@tracker All nodes finishes job
Trial 868 finished with value: 0.1252423039406667 and parameters: {'objective': 'reg:squarederror', 'tree_method': 'gpu_hist', 'lambda': 8.322972739590599, 'alpha': 1.464913106314914, 'colsample_bytree': 0.7146623201830467, 'subsample': 0.5938645168689212, 'learning_rate': 0.013097091367401052, 'max_depth': 9, 'min_child_weight': 23, 'eval_metric': 'rmse'}. Best is trial 463 with value: 0.12284958614550846.
start listen on 192.168.1.101:49435
@tracker All of 1 nodes getting started
@tracker All nodes finishes job
Trial 869 finished with value: 0.12641437116282872 and parameters: {'objective': 'reg:squarederror', 'tree_method': 'gpu_hist', 'lambda': 8.532067291420747, 'alpha': 1.4331886717095357, 'colsample_bytree': 0.6966950872504614, 'subsample': 0.6120213274081646, 'learning_rate': 0.049122986019599475, 'max_depth': 13, 'min_child_weight': 12, 'eval_metric': 'rmse'}. Best is trial 463 with value: 0.12284958614550846.
start listen on 192.168.1.101:43425
@tracker All of 1 nodes getting started
@tracker All nodes finishes job
Trial 870 finished with value: 0.12641713817718594 and parameters: {'objective': 'reg:squarederror', 'tree_method': 'gpu_hist', 'lambda': 7.198015673442657, 'alpha': 1.8316709947503864, 'colsample_bytree': 0.7096282692434274, 'subsample': 0.7143942627064401, 'learning_rate': 0.03595326046769647, 'max_depth': 20, 'min_child_weight': 38, 'eval_metric': 'rmse'}. Best is trial 463 with value: 0.12284958614550846.
start listen on 192.168.1.101:44951
@tracker All of 1 nodes getting started
@tracker All nodes finishes job
Trial 871 finished with value: 0.12559269114913277 and parameters: {'objective': 'reg:squarederror', 'tree_method': 'gpu_hist', 'lambda': 8.501987235745156, 'alpha': 1.4556315075963882, 'colsample_bytree': 0.6945548269386196, 'subsample': 0.6281383978743116, 'learning_rate': 0.012210429771750238, 'max_depth': 20, 'min_child_weight': 22, 'eval_metric': 'rmse'}. Best is trial 463 with value: 0.12284958614550846.
start listen on 192.168.1.101:43305
@tracker All of 1 nodes getting started
@tracker All nodes finishes job
Trial 872 finished with value: 0.12550213696636198 and parameters: {'objective': 'reg:squarederror', 'tree_method': 'gpu_hist', 'lambda': 0.03840187568827767, 'alpha': 6.870558399856321, 'colsample_bytree': 0.7231204048348979, 'subsample': 0.6502479480904861, 'learning_rate': 0.0116254217476576, 'max_depth': 20, 'min_child_weight': 11, 'eval_metric': 'rmse'}. Best is trial 463 with value: 0.12284958614550846.
start listen on 192.168.1.101:49385
@tracker All of 1 nodes getting started
@tracker All nodes finishes job
Trial 873 finished with value: 0.12373827795697587 and parameters: {'objective': 'reg:squarederror', 'tree_method': 'gpu_hist', 'lambda': 7.1184278213475665, 'alpha': 1.9675471402006186, 'colsample_bytree': 0.7063149148346171, 'subsample': 0.6055592610321776, 'learning_rate': 0.013256130772400261, 'max_depth': 20, 'min_child_weight': 17, 'eval_metric': 'rmse'}. Best is trial 463 with value: 0.12284958614550846.
start listen on 192.168.1.101:45377
@tracker All of 1 nodes getting started
@tracker All nodes finishes job
Trial 874 finished with value: 0.12306693757327815 and parameters: {'objective': 'reg:squarederror', 'tree_method': 'gpu_hist', 'lambda': 8.570394615098706, 'alpha': 1.3495582387039005, 'colsample_bytree': 0.682680899873643, 'subsample': 0.5876827091422943, 'learning_rate': 0.013592715091490687, 'max_depth': 20, 'min_child_weight': 9, 'eval_metric': 'rmse'}. Best is trial 463 with value: 0.12284958614550846.
start listen on 192.168.1.101:58069
@tracker All of 1 nodes getting started
@tracker All nodes finishes job
Trial 875 finished with value: 0.12328281608071925 and parameters: {'objective': 'reg:squarederror', 'tree_method': 'gpu_hist', 'lambda': 8.794398304073775, 'alpha': 1.648960895937043, 'colsample_bytree': 0.691519745170167, 'subsample': 0.585278129004338, 'learning_rate': 0.01415624553947795, 'max_depth': 20, 'min_child_weight': 7, 'eval_metric': 'rmse'}. Best is trial 463 with value: 0.12284958614550846.
start listen on 192.168.1.101:60429
@tracker All of 1 nodes getting started
@tracker All nodes finishes job
Trial 876 finished with value: 0.12369999203500742 and parameters: {'objective': 'reg:squarederror', 'tree_method': 'gpu_hist', 'lambda': 7.286841916024567, 'alpha': 2.4718993431641585, 'colsample_bytree': 0.7181046464852999, 'subsample': 0.5929255724892115, 'learning_rate': 0.013904009675532483, 'max_depth': 20, 'min_child_weight': 6, 'eval_metric': 'rmse'}. Best is trial 463 with value: 0.12284958614550846.
start listen on 192.168.1.101:48995
@tracker All of 1 nodes getting started
@tracker All nodes finishes job
Trial 877 finished with value: 0.17745716605367026 and parameters: {'objective': 'reg:squarederror', 'tree_method': 'gpu_hist', 'lambda': 9.964832375276549, 'alpha': 1.3504235396033804, 'colsample_bytree': 0.6940007155656444, 'subsample': 0.5836666173906424, 'learning_rate': 0.013143286465117842, 'max_depth': 20, 'min_child_weight': 227, 'eval_metric': 'rmse'}. Best is trial 463 with value: 0.12284958614550846.
start listen on 192.168.1.101:43507
@tracker All of 1 nodes getting started
@tracker All nodes finishes job
Trial 878 finished with value: 0.12411089097462329 and parameters: {'objective': 'reg:squarederror', 'tree_method': 'gpu_hist', 'lambda': 8.435767917284593, 'alpha': 2.0545894701535494, 'colsample_bytree': 0.7058810312551336, 'subsample': 0.5864762054596417, 'learning_rate': 0.01497472167439688, 'max_depth': 20, 'min_child_weight': 1, 'eval_metric': 'rmse'}. Best is trial 463 with value: 0.12284958614550846.
start listen on 192.168.1.101:50395
@tracker All of 1 nodes getting started
@tracker All nodes finishes job
Trial 879 finished with value: 0.12346660955222116 and parameters: {'objective': 'reg:squarederror', 'tree_method': 'gpu_hist', 'lambda': 6.709809489464106, 'alpha': 1.5667950234486507, 'colsample_bytree': 0.6843440110139519, 'subsample': 0.5988174594700161, 'learning_rate': 0.014012739694319914, 'max_depth': 20, 'min_child_weight': 11, 'eval_metric': 'rmse'}. Best is trial 463 with value: 0.12284958614550846.
start listen on 192.168.1.101:48917
@tracker All of 1 nodes getting started
@tracker All nodes finishes job
Trial 880 finished with value: 0.12415889781663529 and parameters: {'objective': 'reg:squarederror', 'tree_method': 'gpu_hist', 'lambda': 9.919054505344286, 'alpha': 1.912867272564787, 'colsample_bytree': 0.7224466320649098, 'subsample': 0.639097643634624, 'learning_rate': 0.01252172458944164, 'max_depth': 20, 'min_child_weight': 17, 'eval_metric': 'rmse'}. Best is trial 463 with value: 0.12284958614550846.
start listen on 192.168.1.101:53171
@tracker All of 1 nodes getting started
@tracker All nodes finishes job
