Trial 167 finished with value: 0.1249700828649153 and parameters: {'objective': 'reg:squarederror', 'tree_method': 'gpu_hist', 'lambda': 9.65626820704151, 'alpha': 0.6400066501096638, 'colsample_bytree': 0.7733155996545996, 'subsample': 0.6421444095248414, 'learning_rate': 0.018708130471979844, 'max_depth': 9, 'min_child_weight': 9, 'eval_metric': 'rmse'}. Best is trial 153 with value: 0.12344079874826883.
start listen on 192.168.1.101:35327
@tracker All of 1 nodes getting started
@tracker All nodes finishes job
Trial 168 finished with value: 0.12674784100941586 and parameters: {'objective': 'reg:squarederror', 'tree_method': 'gpu_hist', 'lambda': 9.874458143925319, 'alpha': 0.5177339680118592, 'colsample_bytree': 0.8175197896895893, 'subsample': 0.6135911040679607, 'learning_rate': 0.014477432332283463, 'max_depth': 9, 'min_child_weight': 28, 'eval_metric': 'rmse'}. Best is trial 153 with value: 0.12344079874826883.
start listen on 192.168.1.101:33785
@tracker All of 1 nodes getting started
@tracker All nodes finishes job
Trial 169 finished with value: 0.1274119998939439 and parameters: {'objective': 'reg:squarederror', 'tree_method': 'gpu_hist', 'lambda': 5.346119430081475, 'alpha': 1.1685384043710885, 'colsample_bytree': 0.8446261223629772, 'subsample': 0.6522854152550935, 'learning_rate': 0.005713691895930233, 'max_depth': 9, 'min_child_weight': 18, 'eval_metric': 'rmse'}. Best is trial 153 with value: 0.12344079874826883.
start listen on 192.168.1.101:36489
@tracker All of 1 nodes getting started
@tracker All nodes finishes job
Trial 170 finished with value: 0.12434266104844696 and parameters: {'objective': 'reg:squarederror', 'tree_method': 'gpu_hist', 'lambda': 7.906383985652485, 'alpha': 0.4330124942290565, 'colsample_bytree': 0.8779352371686887, 'subsample': 0.6266174013595395, 'learning_rate': 0.01605195514376137, 'max_depth': 9, 'min_child_weight': 10, 'eval_metric': 'rmse'}. Best is trial 153 with value: 0.12344079874826883.
start listen on 192.168.1.101:39061
@tracker All of 1 nodes getting started
@tracker All nodes finishes job
Trial 171 finished with value: 0.12490568710703895 and parameters: {'objective': 'reg:squarederror', 'tree_method': 'gpu_hist', 'lambda': 6.663839098254819, 'alpha': 0.5401784608201485, 'colsample_bytree': 0.7839236168784474, 'subsample': 0.6684830445644371, 'learning_rate': 0.02081471331746754, 'max_depth': 9, 'min_child_weight': 22, 'eval_metric': 'rmse'}. Best is trial 153 with value: 0.12344079874826883.
start listen on 192.168.1.101:56573
@tracker All of 1 nodes getting started
@tracker All nodes finishes job
Trial 172 finished with value: 0.1245866602653591 and parameters: {'objective': 'reg:squarederror', 'tree_method': 'gpu_hist', 'lambda': 5.686874636555567, 'alpha': 0.370634711922936, 'colsample_bytree': 0.8045951259066528, 'subsample': 0.6924367402874136, 'learning_rate': 0.017169968252846647, 'max_depth': 9, 'min_child_weight': 16, 'eval_metric': 'rmse'}. Best is trial 153 with value: 0.12344079874826883.
start listen on 192.168.1.101:51817
@tracker All of 1 nodes getting started
@tracker All nodes finishes job
Trial 173 finished with value: 0.12682141805062622 and parameters: {'objective': 'reg:squarederror', 'tree_method': 'gpu_hist', 'lambda': 4.491366392830394, 'alpha': 0.9027590277286, 'colsample_bytree': 0.9297082479477097, 'subsample': 0.6862408865347811, 'learning_rate': 0.01273222201590015, 'max_depth': 9, 'min_child_weight': 34, 'eval_metric': 'rmse'}. Best is trial 153 with value: 0.12344079874826883.
start listen on 192.168.1.101:35657
@tracker All of 1 nodes getting started
@tracker All nodes finishes job
Trial 174 finished with value: 0.12416974757539709 and parameters: {'objective': 'reg:squarederror', 'tree_method': 'gpu_hist', 'lambda': 6.95128867991851, 'alpha': 0.72777061958326, 'colsample_bytree': 0.7542474609869403, 'subsample': 0.679013924193511, 'learning_rate': 0.01570694850433226, 'max_depth': 20, 'min_child_weight': 23, 'eval_metric': 'rmse'}. Best is trial 153 with value: 0.12344079874826883.
start listen on 192.168.1.101:53883
@tracker All of 1 nodes getting started
@tracker All nodes finishes job
Trial 175 finished with value: 0.12478950549700527 and parameters: {'objective': 'reg:squarederror', 'tree_method': 'gpu_hist', 'lambda': 8.387928371007137, 'alpha': 0.7611177116604141, 'colsample_bytree': 0.7628112646314491, 'subsample': 0.6786275658071946, 'learning_rate': 0.014385947599722343, 'max_depth': 20, 'min_child_weight': 25, 'eval_metric': 'rmse'}. Best is trial 153 with value: 0.12344079874826883.
start listen on 192.168.1.101:52869
@tracker All of 1 nodes getting started
@tracker All nodes finishes job
Trial 176 finished with value: 0.12335615377514302 and parameters: {'objective': 'reg:squarederror', 'tree_method': 'gpu_hist', 'lambda': 7.136479652208082, 'alpha': 0.6256706580291778, 'colsample_bytree': 0.7215641336358384, 'subsample': 0.6457961617575155, 'learning_rate': 0.010303218970955376, 'max_depth': 20, 'min_child_weight': 8, 'eval_metric': 'rmse'}. Best is trial 176 with value: 0.12335615377514302.
start listen on 192.168.1.101:55931
@tracker All of 1 nodes getting started
@tracker All nodes finishes job
Trial 177 finished with value: 0.12368174350225872 and parameters: {'objective': 'reg:squarederror', 'tree_method': 'gpu_hist', 'lambda': 7.482446609066917, 'alpha': 0.6289809485089052, 'colsample_bytree': 0.734091096890252, 'subsample': 0.6364880565967025, 'learning_rate': 0.008973063265992964, 'max_depth': 20, 'min_child_weight': 6, 'eval_metric': 'rmse'}. Best is trial 176 with value: 0.12335615377514302.
start listen on 192.168.1.101:34967
@tracker All of 1 nodes getting started
@tracker All nodes finishes job
Trial 178 finished with value: 0.12340234417653752 and parameters: {'objective': 'reg:squarederror', 'tree_method': 'gpu_hist', 'lambda': 8.332766703360653, 'alpha': 0.7052160807969027, 'colsample_bytree': 0.739553859741189, 'subsample': 0.6406732853022278, 'learning_rate': 0.008293955346873251, 'max_depth': 20, 'min_child_weight': 5, 'eval_metric': 'rmse'}. Best is trial 176 with value: 0.12335615377514302.
start listen on 192.168.1.101:35751
@tracker All of 1 nodes getting started
@tracker All nodes finishes job
Trial 179 finished with value: 0.12433000634684972 and parameters: {'objective': 'reg:squarederror', 'tree_method': 'gpu_hist', 'lambda': 0.10418659366060073, 'alpha': 0.6538792914723652, 'colsample_bytree': 0.7312089144622161, 'subsample': 0.641466204674294, 'learning_rate': 0.0074036782320710355, 'max_depth': 20, 'min_child_weight': 1, 'eval_metric': 'rmse'}. Best is trial 176 with value: 0.12335615377514302.
start listen on 192.168.1.101:58273
@tracker All of 1 nodes getting started
@tracker All nodes finishes job
Trial 180 finished with value: 0.12369935467909067 and parameters: {'objective': 'reg:squarederror', 'tree_method': 'gpu_hist', 'lambda': 7.034247788928556, 'alpha': 0.8550352467057023, 'colsample_bytree': 0.747702213726804, 'subsample': 0.6330377911812498, 'learning_rate': 0.008926557345238114, 'max_depth': 20, 'min_child_weight': 6, 'eval_metric': 'rmse'}. Best is trial 176 with value: 0.12335615377514302.
start listen on 192.168.1.101:39375
@tracker All of 1 nodes getting started
@tracker All nodes finishes job
Trial 181 finished with value: 0.1235123208209619 and parameters: {'objective': 'reg:squarederror', 'tree_method': 'gpu_hist', 'lambda': 7.059905670818511, 'alpha': 0.853976665643206, 'colsample_bytree': 0.7473273207983162, 'subsample': 0.6273779184999706, 'learning_rate': 0.008444063036770613, 'max_depth': 20, 'min_child_weight': 5, 'eval_metric': 'rmse'}. Best is trial 176 with value: 0.12335615377514302.
start listen on 192.168.1.101:38809
@tracker All of 1 nodes getting started
@tracker All nodes finishes job
Trial 182 finished with value: 0.12425229395011946 and parameters: {'objective': 'reg:squarederror', 'tree_method': 'gpu_hist', 'lambda': 7.037122562917775, 'alpha': 0.8532537368653914, 'colsample_bytree': 0.7535211051782402, 'subsample': 0.633138920392124, 'learning_rate': 0.009288560529018108, 'max_depth': 20, 'min_child_weight': 7, 'eval_metric': 'rmse'}. Best is trial 176 with value: 0.12335615377514302.
start listen on 192.168.1.101:47645
@tracker All of 1 nodes getting started
@tracker All nodes finishes job
Trial 183 finished with value: 0.12384267941674018 and parameters: {'objective': 'reg:squarederror', 'tree_method': 'gpu_hist', 'lambda': 8.216655599859552, 'alpha': 0.5652553284330828, 'colsample_bytree': 0.7378063497650936, 'subsample': 0.6205101232561326, 'learning_rate': 0.008616356345884911, 'max_depth': 20, 'min_child_weight': 7, 'eval_metric': 'rmse'}. Best is trial 176 with value: 0.12335615377514302.
start listen on 192.168.1.101:38559
@tracker All of 1 nodes getting started
@tracker All nodes finishes job
Trial 184 finished with value: 0.12427283341651763 and parameters: {'objective': 'reg:squarederror', 'tree_method': 'gpu_hist', 'lambda': 7.63349177656098, 'alpha': 0.5683030677403352, 'colsample_bytree': 0.7500020653076761, 'subsample': 0.6197894190178487, 'learning_rate': 0.008510798787678627, 'max_depth': 20, 'min_child_weight': 6, 'eval_metric': 'rmse'}. Best is trial 176 with value: 0.12335615377514302.
start listen on 192.168.1.101:46559
@tracker All of 1 nodes getting started
@tracker All nodes finishes job
Trial 185 finished with value: 0.12438207180728432 and parameters: {'objective': 'reg:squarederror', 'tree_method': 'gpu_hist', 'lambda': 9.994081379913142, 'alpha': 0.5919723000826758, 'colsample_bytree': 0.7231349609267081, 'subsample': 0.6477766877431805, 'learning_rate': 0.006851011822581206, 'max_depth': 20, 'min_child_weight': 9, 'eval_metric': 'rmse'}. Best is trial 176 with value: 0.12335615377514302.
start listen on 192.168.1.101:48603
@tracker All of 1 nodes getting started
@tracker All nodes finishes job
Trial 186 finished with value: 0.12383329591431366 and parameters: {'objective': 'reg:squarederror', 'tree_method': 'gpu_hist', 'lambda': 8.339206924611643, 'alpha': 0.49310668866799673, 'colsample_bytree': 0.7479259846952807, 'subsample': 0.6093381690783961, 'learning_rate': 0.008581995132986018, 'max_depth': 20, 'min_child_weight': 1, 'eval_metric': 'rmse'}. Best is trial 176 with value: 0.12335615377514302.
start listen on 192.168.1.101:56403
@tracker All of 1 nodes getting started
@tracker All nodes finishes job
Trial 187 finished with value: 0.12384637299915824 and parameters: {'objective': 'reg:squarederror', 'tree_method': 'gpu_hist', 'lambda': 8.26261908077947, 'alpha': 0.48151532017456317, 'colsample_bytree': 0.7391891308733722, 'subsample': 0.625092340527918, 'learning_rate': 0.008134539626393052, 'max_depth': 20, 'min_child_weight': 5, 'eval_metric': 'rmse'}. Best is trial 176 with value: 0.12335615377514302.
start listen on 192.168.1.101:42809
@tracker All of 1 nodes getting started
@tracker All nodes finishes job
Trial 188 finished with value: 0.12392447629231819 and parameters: {'objective': 'reg:squarederror', 'tree_method': 'gpu_hist', 'lambda': 8.402640968750644, 'alpha': 0.43336586148536416, 'colsample_bytree': 0.7371013113213931, 'subsample': 0.5998554144941115, 'learning_rate': 0.007658148670329943, 'max_depth': 20, 'min_child_weight': 1, 'eval_metric': 'rmse'}. Best is trial 176 with value: 0.12335615377514302.
start listen on 192.168.1.101:58337
@tracker All of 1 nodes getting started
@tracker All nodes finishes job
Trial 189 finished with value: 0.12362811594263005 and parameters: {'objective': 'reg:squarederror', 'tree_method': 'gpu_hist', 'lambda': 8.313503725220336, 'alpha': 0.472728669572054, 'colsample_bytree': 0.7398380241023104, 'subsample': 0.6063370569155857, 'learning_rate': 0.00827662129382465, 'max_depth': 20, 'min_child_weight': 1, 'eval_metric': 'rmse'}. Best is trial 176 with value: 0.12335615377514302.
start listen on 192.168.1.101:40947
@tracker All of 1 nodes getting started
@tracker All nodes finishes job
Trial 190 finished with value: 0.12378662692496485 and parameters: {'objective': 'reg:squarederror', 'tree_method': 'gpu_hist', 'lambda': 8.642173959028293, 'alpha': 0.47042853678700436, 'colsample_bytree': 0.739045639703142, 'subsample': 0.6110325811852235, 'learning_rate': 0.007876808240516307, 'max_depth': 20, 'min_child_weight': 5, 'eval_metric': 'rmse'}. Best is trial 176 with value: 0.12335615377514302.
start listen on 192.168.1.101:47399
@tracker All of 1 nodes getting started
@tracker All nodes finishes job
Trial 191 finished with value: 0.12448549550569564 and parameters: {'objective': 'reg:squarederror', 'tree_method': 'gpu_hist', 'lambda': 8.499908450327823, 'alpha': 0.47404631014551274, 'colsample_bytree': 0.74241052665308, 'subsample': 0.6029809522453857, 'learning_rate': 0.006257154344811071, 'max_depth': 20, 'min_child_weight': 1, 'eval_metric': 'rmse'}. Best is trial 176 with value: 0.12335615377514302.
start listen on 192.168.1.101:43851
@tracker All of 1 nodes getting started
@tracker All nodes finishes job
Trial 192 finished with value: 0.12411127213352262 and parameters: {'objective': 'reg:squarederror', 'tree_method': 'gpu_hist', 'lambda': 9.834655824996851, 'alpha': 0.4762545455974577, 'colsample_bytree': 0.7201275574930923, 'subsample': 0.6109117132509007, 'learning_rate': 0.007678964186126052, 'max_depth': 20, 'min_child_weight': 4, 'eval_metric': 'rmse'}. Best is trial 176 with value: 0.12335615377514302.
start listen on 192.168.1.101:36375
@tracker All of 1 nodes getting started
@tracker All nodes finishes job
Trial 193 finished with value: 0.12377378284841076 and parameters: {'objective': 'reg:squarederror', 'tree_method': 'gpu_hist', 'lambda': 8.713427772621355, 'alpha': 0.4776999281412692, 'colsample_bytree': 0.7150073084121746, 'subsample': 0.6119782343031555, 'learning_rate': 0.007736405925350782, 'max_depth': 20, 'min_child_weight': 5, 'eval_metric': 'rmse'}. Best is trial 176 with value: 0.12335615377514302.
start listen on 192.168.1.101:55505
@tracker All of 1 nodes getting started
@tracker All nodes finishes job
Trial 194 finished with value: 0.12406317325236245 and parameters: {'objective': 'reg:squarederror', 'tree_method': 'gpu_hist', 'lambda': 8.647848786501312, 'alpha': 0.41669884603912377, 'colsample_bytree': 0.7125251545650381, 'subsample': 0.6123245445890318, 'learning_rate': 0.007878889542331097, 'max_depth': 20, 'min_child_weight': 2, 'eval_metric': 'rmse'}. Best is trial 176 with value: 0.12335615377514302.
start listen on 192.168.1.101:46495
@tracker All of 1 nodes getting started
@tracker All nodes finishes job
Trial 195 finished with value: 0.12325126988960092 and parameters: {'objective': 'reg:squarederror', 'tree_method': 'gpu_hist', 'lambda': 8.04921485286765, 'alpha': 0.4047657315737352, 'colsample_bytree': 0.712714036563044, 'subsample': 0.5923422511345874, 'learning_rate': 0.008266119261479608, 'max_depth': 20, 'min_child_weight': 6, 'eval_metric': 'rmse'}. Best is trial 195 with value: 0.12325126988960092.
start listen on 192.168.1.101:35959
@tracker All of 1 nodes getting started
@tracker All nodes finishes job
Trial 196 finished with value: 0.12370531596509006 and parameters: {'objective': 'reg:squarederror', 'tree_method': 'gpu_hist', 'lambda': 8.505173612973127, 'alpha': 0.42423427487176973, 'colsample_bytree': 0.737778744280519, 'subsample': 0.5939839478247209, 'learning_rate': 0.008505319675371801, 'max_depth': 20, 'min_child_weight': 1, 'eval_metric': 'rmse'}. Best is trial 195 with value: 0.12325126988960092.
start listen on 192.168.1.101:46317
@tracker All of 1 nodes getting started
@tracker All nodes finishes job
Trial 197 finished with value: 0.12340705268081545 and parameters: {'objective': 'reg:squarederror', 'tree_method': 'gpu_hist', 'lambda': 8.281581801785515, 'alpha': 0.4057845928266327, 'colsample_bytree': 0.7103491284023354, 'subsample': 0.5955893475441192, 'learning_rate': 0.008535165064087726, 'max_depth': 20, 'min_child_weight': 1, 'eval_metric': 'rmse'}. Best is trial 195 with value: 0.12325126988960092.
start listen on 192.168.1.101:39529
@tracker All of 1 nodes getting started
@tracker All nodes finishes job
Trial 198 finished with value: 0.12371854790645592 and parameters: {'objective': 'reg:squarederror', 'tree_method': 'gpu_hist', 'lambda': 6.319073595618954, 'alpha': 0.3910204382199673, 'colsample_bytree': 0.7135054235165661, 'subsample': 0.5930361826600644, 'learning_rate': 0.008397222117488938, 'max_depth': 20, 'min_child_weight': 1, 'eval_metric': 'rmse'}. Best is trial 195 with value: 0.12325126988960092.
start listen on 192.168.1.101:55227
@tracker All of 1 nodes getting started
@tracker All nodes finishes job
Trial 199 finished with value: 0.12361829388050136 and parameters: {'objective': 'reg:squarederror', 'tree_method': 'gpu_hist', 'lambda': 6.45031132128725, 'alpha': 0.3724543165983291, 'colsample_bytree': 0.7365304929370802, 'subsample': 0.5731714172544106, 'learning_rate': 0.008554956473065829, 'max_depth': 20, 'min_child_weight': 7, 'eval_metric': 'rmse'}. Best is trial 195 with value: 0.12325126988960092.
start listen on 192.168.1.101:59941
@tracker All of 1 nodes getting started
@tracker All nodes finishes job
Trial 200 finished with value: 0.12429568480548449 and parameters: {'objective': 'reg:squarederror', 'tree_method': 'gpu_hist', 'lambda': 6.04402982705342, 'alpha': 0.390829380989278, 'colsample_bytree': 0.7284103004870432, 'subsample': 0.5546271191694807, 'learning_rate': 0.008656831029799509, 'max_depth': 20, 'min_child_weight': 8, 'eval_metric': 'rmse'}. Best is trial 195 with value: 0.12325126988960092.
start listen on 192.168.1.101:57743
@tracker All of 1 nodes getting started
@tracker All nodes finishes job
Trial 201 finished with value: 0.12412824793815028 and parameters: {'objective': 'reg:squarederror', 'tree_method': 'gpu_hist', 'lambda': 6.609848504426543, 'alpha': 0.4379665641688129, 'colsample_bytree': 0.7346074855487076, 'subsample': 0.5730828356916738, 'learning_rate': 0.007108209718963226, 'max_depth': 20, 'min_child_weight': 1, 'eval_metric': 'rmse'}. Best is trial 195 with value: 0.12325126988960092.
start listen on 192.168.1.101:50751
@tracker All of 1 nodes getting started
@tracker All nodes finishes job
Trial 202 finished with value: 0.1235507723714664 and parameters: {'objective': 'reg:squarederror', 'tree_method': 'gpu_hist', 'lambda': 8.234089370298335, 'alpha': 0.5358497014652975, 'colsample_bytree': 0.7067781100112618, 'subsample': 0.5888895306970017, 'learning_rate': 0.00854867920667356, 'max_depth': 20, 'min_child_weight': 1, 'eval_metric': 'rmse'}. Best is trial 195 with value: 0.12325126988960092.
start listen on 192.168.1.101:51827
@tracker All of 1 nodes getting started
@tracker All nodes finishes job
Trial 203 finished with value: 0.12377068501918304 and parameters: {'objective': 'reg:squarederror', 'tree_method': 'gpu_hist', 'lambda': 6.485623305310305, 'alpha': 0.5591215348221223, 'colsample_bytree': 0.7021833110563513, 'subsample': 0.5913627108219461, 'learning_rate': 0.008635667647233392, 'max_depth': 20, 'min_child_weight': 8, 'eval_metric': 'rmse'}. Best is trial 195 with value: 0.12325126988960092.
start listen on 192.168.1.101:39655
@tracker All of 1 nodes getting started
@tracker All nodes finishes job
Trial 204 finished with value: 0.12382949533890861 and parameters: {'objective': 'reg:squarederror', 'tree_method': 'gpu_hist', 'lambda': 6.257926215884223, 'alpha': 0.5807250690783163, 'colsample_bytree': 0.7057894698638313, 'subsample': 0.5901082716392582, 'learning_rate': 0.008454906088158137, 'max_depth': 20, 'min_child_weight': 9, 'eval_metric': 'rmse'}. Best is trial 195 with value: 0.12325126988960092.
start listen on 192.168.1.101:44939
@tracker All of 1 nodes getting started
@tracker All nodes finishes job
Trial 205 finished with value: 0.12415699498816506 and parameters: {'objective': 'reg:squarederror', 'tree_method': 'gpu_hist', 'lambda': 6.2092988813742, 'alpha': 0.6056574311850573, 'colsample_bytree': 0.7047336944233609, 'subsample': 0.5904270515509787, 'learning_rate': 0.008477833554868735, 'max_depth': 20, 'min_child_weight': 10, 'eval_metric': 'rmse'}. Best is trial 195 with value: 0.12325126988960092.
start listen on 192.168.1.101:36519
@tracker All of 1 nodes getting started
@tracker All nodes finishes job
Trial 206 finished with value: 0.12395107869054012 and parameters: {'objective': 'reg:squarederror', 'tree_method': 'gpu_hist', 'lambda': 6.877805139719313, 'alpha': 0.5631651229303735, 'colsample_bytree': 0.7161945018271163, 'subsample': 0.5666611736920774, 'learning_rate': 0.008949723110413161, 'max_depth': 20, 'min_child_weight': 1, 'eval_metric': 'rmse'}. Best is trial 195 with value: 0.12325126988960092.
start listen on 192.168.1.101:36169
@tracker All of 1 nodes getting started
@tracker All nodes finishes job
Trial 207 finished with value: 0.12449773540469843 and parameters: {'objective': 'reg:squarederror', 'tree_method': 'gpu_hist', 'lambda': 5.372118846035835, 'alpha': 0.36019073744031854, 'colsample_bytree': 0.6961721478461853, 'subsample': 0.580710131784697, 'learning_rate': 0.006415875093894421, 'max_depth': 20, 'min_child_weight': 9, 'eval_metric': 'rmse'}. Best is trial 195 with value: 0.12325126988960092.
start listen on 192.168.1.101:39735
@tracker All of 1 nodes getting started
@tracker All nodes finishes job
Trial 208 finished with value: 0.12360782579330104 and parameters: {'objective': 'reg:squarederror', 'tree_method': 'gpu_hist', 'lambda': 6.702923498972992, 'alpha': 0.6241810297155513, 'colsample_bytree': 0.7189591478884487, 'subsample': 0.5928696160732713, 'learning_rate': 0.009377203719351548, 'max_depth': 20, 'min_child_weight': 9, 'eval_metric': 'rmse'}. Best is trial 195 with value: 0.12325126988960092.
start listen on 192.168.1.101:40369
@tracker All of 1 nodes getting started
@tracker All nodes finishes job
