number,value,params_alpha,params_colsample_bytree,params_eval_metric,params_lambda,params_learning_rate,params_max_depth,params_min_child_weight,params_objective,params_subsample,params_tree_method,state
261,0.12805223886014636,1.6935804060111985,0.6664865430060617,rmse,8.25799633412362,0.012531631688474827,5,14,reg:squarederror,0.6086388531769814,gpu_hist,COMPLETE
262,0.12480817091195402,1.1729692510377114,0.6576033600633562,rmse,9.794175295339782,0.011414655590515035,20,19,reg:squarederror,0.6259016099699504,gpu_hist,COMPLETE
263,0.12361084761280362,1.16852067836762,0.696202324156637,rmse,7.798117046632759,0.010801319176459918,20,10,reg:squarederror,0.6137572608881329,gpu_hist,COMPLETE
264,0.13856038707034635,0.8705119597153553,0.4803131842384873,rmse,9.964250129173676,0.010158294933652688,3,6,reg:squarederror,0.600285315493563,gpu_hist,COMPLETE
265,0.1238779494809615,1.0441496002864392,0.6856034972473373,rmse,5.44694880821412,0.011913443823330233,17,14,reg:squarederror,0.6232617115207846,gpu_hist,COMPLETE
266,0.12573606890867986,0.8367416655085061,0.6731409008949398,rmse,7.212429771240608,0.010120633657973405,20,23,reg:squarederror,0.6055126515612925,gpu_hist,COMPLETE
267,0.1951707989094282,1.3752727201282686,0.7063022309595289,rmse,8.192014680186485,0.012294239942094975,11,278,reg:squarederror,0.5955315898030122,gpu_hist,COMPLETE
268,0.12390721052943751,0.8214431159816873,0.7117122222003045,rmse,5.895186817652653,0.011020740544865602,20,6,reg:squarederror,0.6263100980433147,gpu_hist,COMPLETE
269,0.12394224100392631,1.1285108440002625,0.6968622515284597,rmse,6.928589220869828,0.010092434826807202,20,1,reg:squarederror,0.6124136923617299,gpu_hist,COMPLETE
270,0.12347747070367583,0.9324788224020574,0.7199540011690694,rmse,8.368751302482849,0.01291514279902739,20,13,reg:squarederror,0.5968703136048794,gpu_hist,COMPLETE
271,0.12419342153214372,0.7671565819046573,0.7252591502258807,rmse,4.809549984234312,0.013105702171775223,20,18,reg:squarederror,0.5892451633722307,gpu_hist,COMPLETE
272,0.12616101723947798,0.9536937438195331,0.6776145236553555,rmse,6.302673871626986,0.009865618825025752,20,26,reg:squarederror,0.6001603966842483,gpu_hist,COMPLETE
273,0.12329950106160413,0.8000538027894085,0.7005907433781294,rmse,8.498477613979556,0.011004225993776267,20,7,reg:squarederror,0.5878458277904804,gpu_hist,COMPLETE
274,0.12395589653909485,1.0222956297346197,0.7011108545017684,rmse,9.812655962087566,0.013334446900231304,20,6,reg:squarederror,0.5535673625263723,gpu_hist,COMPLETE
275,0.12478800657475964,0.8749402983914277,0.7197693815977785,rmse,6.610868151454016,0.011030408601624376,7,1,reg:squarederror,0.5846713810474827,gpu_hist,COMPLETE
276,0.12439919623275146,1.1986562619317493,0.7226585693959587,rmse,7.490813626697973,0.012293261612278103,20,14,reg:squarederror,0.5651381705567279,gpu_hist,COMPLETE
277,0.12439198206984348,0.5939662027700432,0.7037173763454455,rmse,5.082037218934014,0.007453418369862698,20,7,reg:squarederror,0.5962977611880648,gpu_hist,COMPLETE
278,0.1483169099104526,0.744222980183201,0.657580306029966,rmse,8.434914300752437,0.009490998764076365,20,112,reg:squarederror,0.5826586472707468,gpu_hist,COMPLETE
279,0.12417313976001322,0.9226615746627435,0.7590927299096508,rmse,9.941873713554905,0.011305922139712469,20,11,reg:squarederror,0.5718134203141664,gpu_hist,COMPLETE
280,0.12462728281956524,0.5563227075376973,0.7318342839600368,rmse,5.72138779220351,0.013139026175774698,20,21,reg:squarederror,0.6001758189426429,gpu_hist,COMPLETE
281,0.18603995338388943,0.6833627957756149,0.7162715989293496,rmse,7.0927621234024985,0.001590607151495834,20,152,reg:squarederror,0.6298413145305067,gpu_hist,COMPLETE
282,0.12398129172894842,0.825274790972233,0.7452244308140786,rmse,4.501225623179663,0.010671069049672908,20,7,reg:squarederror,0.5865288310060619,gpu_hist,COMPLETE
283,0.12388359755391423,0.0025538405295923777,0.6947815435153156,rmse,6.097729660156197,0.009401737620967977,20,1,reg:squarederror,0.6055911198065682,gpu_hist,COMPLETE
284,0.12417415948648071,1.1208722021605453,0.6724407442571372,rmse,8.178704202684353,0.011736960121141738,20,17,reg:squarederror,0.5896112492421244,gpu_hist,COMPLETE
285,0.17237455546804287,0.9257804055731198,0.703945684623464,rmse,9.985290346191906,0.009860767481860242,20,205,reg:squarederror,0.6342299827697313,gpu_hist,COMPLETE
286,0.1277986713370101,0.6790897561815642,0.41775606331236614,rmse,7.078762260780197,0.008098012001937206,20,13,reg:squarederror,0.5995324294914413,gpu_hist,COMPLETE
287,0.12787631911558486,1.2754197885633587,0.7272147636439541,rmse,5.705616397369436,0.010807295097885066,5,9,reg:squarederror,0.6178430699202158,gpu_hist,COMPLETE
288,0.1289370033141028,0.570166772285934,0.6895684635177891,rmse,8.212444406945108,0.007073991059370996,20,26,reg:squarederror,0.5683900291371681,gpu_hist,COMPLETE
289,0.12379490849180537,0.7595215772630872,0.713624279011275,rmse,6.976892032816092,0.012252648644605521,20,6,reg:squarederror,0.605754220802626,gpu_hist,COMPLETE
290,0.13670555813018054,1.0371321715946937,0.7393178385178197,rmse,4.686669932164861,0.009369480036177921,3,17,reg:squarederror,0.5883668274769666,gpu_hist,COMPLETE
291,0.1232884816533004,0.8364614599763465,0.7176142792070314,rmse,8.563031536105264,0.01047583716972061,20,1,reg:squarederror,0.5800049552686714,gpu_hist,COMPLETE
292,0.12446940632301902,0.9101316416064061,0.7500169307984558,rmse,6.242410629867612,0.010815083682486924,20,13,reg:squarederror,0.5749010972223353,gpu_hist,COMPLETE
293,0.12343974561679828,1.1271200646382553,0.7272911673027298,rmse,8.416393716053603,0.013581117876669636,17,6,reg:squarederror,0.6202907319460372,gpu_hist,COMPLETE
294,0.12438000914635712,1.9265252525739671,0.7721320476898056,rmse,8.637221027251982,0.013416378323030083,17,6,reg:squarederror,0.6226073812832462,gpu_hist,COMPLETE
295,0.12357784013938779,1.3548230056228832,0.7300181932487613,rmse,8.593042085200214,0.012148397924784145,17,1,reg:squarederror,0.6347795019708727,gpu_hist,COMPLETE
296,0.14964525689451308,1.0983521180129208,0.7590432970486246,rmse,9.914811695291133,0.013537720899441937,20,143,reg:squarederror,0.6120062758760532,gpu_hist,COMPLETE
297,0.1398047382450128,0.8477463778712638,0.7231550309222935,rmse,7.335517065731836,0.011620041006797253,17,78,reg:squarederror,0.6210898909923949,gpu_hist,COMPLETE
298,0.12457164275881033,1.7068221741518947,0.7332586275375094,rmse,9.997276656720132,0.012645112346346812,17,22,reg:squarederror,0.6010114742500046,gpu_hist,COMPLETE
299,0.12351602711140938,1.191366529990924,0.6920625248389598,rmse,7.191400526960603,0.010425759257447192,11,7,reg:squarederror,0.6279019758207836,gpu_hist,COMPLETE
300,0.12486654334640909,1.0043952664843596,0.7455860983552994,rmse,7.537661336129723,0.01132686952793032,20,16,reg:squarederror,0.5281348003622247,gpu_hist,COMPLETE
301,0.12330678456675187,0.8052918621024323,0.715867720414727,rmse,6.314025518728999,0.013280908607380586,20,11,reg:squarederror,0.610695342249154,gpu_hist,COMPLETE
302,0.12571021208252725,0.7797511241931453,0.6720168751782309,rmse,5.722497032348362,0.013683935876809735,7,20,reg:squarederror,0.6104377470578117,gpu_hist,COMPLETE
303,0.12326272900602711,1.273655090597346,0.7176635630826805,rmse,8.474057948843074,0.012754357308913965,20,12,reg:squarederror,0.5983994614231513,gpu_hist,COMPLETE
304,0.12316279195631556,1.5229185363444162,0.721837391954289,rmse,8.452231488425321,0.014072849272389311,20,13,reg:squarederror,0.6005823318170995,gpu_hist,COMPLETE
305,0.12633166560930903,1.7154878994513119,0.7247199839216476,rmse,9.959999384171098,0.01465282215231323,20,30,reg:squarederror,0.6072857511735393,gpu_hist,COMPLETE
306,0.1257783602705949,2.3224320702206893,0.7198148314755651,rmse,8.404895021112718,0.01350008137382805,20,24,reg:squarederror,0.6166006671573785,gpu_hist,COMPLETE
307,0.12403124870043727,1.1417170555600065,0.737154720303763,rmse,8.327087067788524,0.012742083037035138,17,16,reg:squarederror,0.6004190999810508,gpu_hist,COMPLETE
308,0.12386601619992725,1.4787832056246786,0.7160883367836742,rmse,8.50226539037821,0.01380095474004227,20,1,reg:squarederror,0.6147926149814422,gpu_hist,COMPLETE
309,0.12368883523844615,1.3419459387173587,0.6879265053966328,rmse,7.1200242826838185,0.012366817925771227,20,13,reg:squarederror,0.6373977464704568,gpu_hist,COMPLETE
310,0.12352826098956472,1.9145429169890957,0.6522507464481,rmse,8.58947827630611,0.01439338698662298,20,6,reg:squarederror,0.5984043790014258,gpu_hist,COMPLETE
311,0.12494000069288569,1.5862176547494546,0.7343184543691172,rmse,9.974690993143996,0.011885201631402874,20,20,reg:squarederror,0.6060857266172193,gpu_hist,COMPLETE
312,0.12387234355226087,1.3111028820825994,0.704148912400988,rmse,6.92110153686523,0.012798910248542112,20,12,reg:squarederror,0.5807950188655241,gpu_hist,COMPLETE
313,0.12349680810673774,0.9895813648418346,0.720887389883236,rmse,8.095192965810769,0.010989318761376625,20,6,reg:squarederror,0.5957426362175986,gpu_hist,COMPLETE
314,0.12421801970154189,1.12072106441637,0.7544708252383072,rmse,6.612076017315386,0.011781734870857211,20,18,reg:squarederror,0.6247705450244454,gpu_hist,COMPLETE
315,0.12553643724335575,1.333988833364768,0.6813166766769937,rmse,9.974938983924526,0.014033852839737824,20,28,reg:squarederror,0.6419772946375546,gpu_hist,COMPLETE
316,0.1814936706221151,1.0565951668240805,0.6974592912565302,rmse,7.531588680080536,0.012748870005331944,20,236,reg:squarederror,0.6121379030559297,gpu_hist,COMPLETE
317,0.12392480690787674,0.9089262523133442,0.7168855667408711,rmse,8.39715565548917,0.010883838561645896,20,12,reg:squarederror,0.5813216430874416,gpu_hist,COMPLETE
318,0.12430131058572534,0.011876827408479326,0.5220487235879154,rmse,6.476556321572706,0.011662841501951312,20,1,reg:squarederror,0.566340875810295,gpu_hist,COMPLETE
319,0.13566954839535367,1.5957791265944634,0.7376560316062202,rmse,8.637390419020232,0.002859179626978857,20,9,reg:squarederror,0.620795180929859,gpu_hist,COMPLETE
320,0.12771602484991507,0.7970719870935558,0.6671620424351986,rmse,5.198307970264908,0.015259533044108327,5,23,reg:squarederror,0.5944776598789758,gpu_hist,COMPLETE
321,0.1367103338244272,1.2271673800441867,0.7067791484643732,rmse,6.743823229028126,0.010427480444202497,3,15,reg:squarederror,0.4080591206810534,gpu_hist,COMPLETE
322,0.1239390954576884,0.9876685333618581,0.7289771141905996,rmse,7.669077985462751,0.01361819215760706,20,6,reg:squarederror,0.605891929180277,gpu_hist,COMPLETE
323,0.123878522104962,0.8317199279023741,0.6914971114727682,rmse,6.169983186639065,0.011844995620991538,11,11,reg:squarederror,0.5846142629902578,gpu_hist,COMPLETE
324,0.1302675176699221,1.2645543946918834,0.33298136582813587,rmse,9.988165864090428,0.01029073963757917,20,1,reg:squarederror,0.5552759120652931,gpu_hist,COMPLETE
325,0.12487761031344809,0.6518642364727053,0.7107388967150415,rmse,0.0017133641786366506,0.01283530996869602,17,18,reg:squarederror,0.63243797631609,gpu_hist,COMPLETE
326,0.12389569272310982,0.9523381359026866,0.7433938098192492,rmse,5.161509096389535,0.011168496603611574,20,7,reg:squarederror,0.596413986292185,gpu_hist,COMPLETE
327,0.12386072070584991,0.5446940191701002,0.7229017184350172,rmse,7.658956059727588,0.01009636427087301,20,14,reg:squarederror,0.6188318205740568,gpu_hist,COMPLETE
328,0.12458045271229176,0.7632546207504305,0.76204304614857,rmse,8.36749720376139,0.014871299907399353,20,23,reg:squarederror,0.6076701298520777,gpu_hist,COMPLETE
329,0.12401915280107183,1.5526835439938627,0.7000922115903271,rmse,6.438238079966974,0.012358601318228711,20,8,reg:squarederror,0.5712013750620507,gpu_hist,COMPLETE
330,0.1246258776122405,2.040173548927114,0.6794351313724069,rmse,4.602719196622113,0.011173505277059424,20,18,reg:squarederror,0.5906257729808344,gpu_hist,COMPLETE
331,0.1235645368224664,1.1160582720061905,0.717140282760733,rmse,8.551759391773421,0.010042085958646382,20,6,reg:squarederror,0.6148808883996619,gpu_hist,COMPLETE
332,0.12424818480479843,0.8804369032708704,0.7309442138045135,rmse,6.973111315637133,0.013122146643365373,7,1,reg:squarederror,0.6467492217028726,gpu_hist,COMPLETE
333,0.12404820774139041,0.7093066217969578,0.7485733666147084,rmse,5.75842471878241,0.011761623726139129,20,14,reg:squarederror,0.6307468198294598,gpu_hist,COMPLETE
334,0.12517435785542078,1.0709072375180266,0.5502576096910223,rmse,8.750403066180798,0.009037222271081382,20,11,reg:squarederror,0.6054293037632728,gpu_hist,COMPLETE
335,0.12632009102722727,0.6007719677717798,0.7059907353813765,rmse,7.140391632000886,0.010587075753979356,20,26,reg:squarederror,0.5882787864888901,gpu_hist,COMPLETE
336,0.12383220551161561,1.2660108388092077,0.6930936304003329,rmse,9.797379725796983,0.009727959217265776,20,6,reg:squarederror,0.5757463073263117,gpu_hist,COMPLETE
337,0.12412763886019161,0.8168674541384153,0.7318346461301546,rmse,5.970041476432882,0.01130060108821169,20,18,reg:squarederror,0.6001877515350591,gpu_hist,COMPLETE
338,0.12324266937746313,0.5264258472282574,0.6637764813278288,rmse,9.942872258380078,0.014165645348914117,20,10,reg:squarederror,0.620931389700608,gpu_hist,COMPLETE
339,0.12416332636187574,0.5175907747776367,0.6315880606518431,rmse,7.4220422629714555,0.014646186160829387,17,1,reg:squarederror,0.6400085955388528,gpu_hist,COMPLETE
340,0.12524781028403378,0.29726022280515013,0.6790187123086396,rmse,0.6700783027250795,0.014141953859240422,20,11,reg:squarederror,0.6281728734278469,gpu_hist,COMPLETE
341,0.13784184289662016,0.5052489882448749,0.6586818776671383,rmse,9.880847420947852,0.00892913451121904,20,66,reg:squarederror,0.6166470255922323,gpu_hist,COMPLETE
342,0.1250130011124679,0.6452972692276715,0.649279381844427,rmse,4.22176917561271,0.015814792614829116,20,6,reg:squarederror,0.6217170701657915,gpu_hist,COMPLETE
343,0.12524615907611894,0.49118190448018656,0.6596098281844238,rmse,8.450818493036497,0.007827737482592115,20,20,reg:squarederror,0.9501116878056561,gpu_hist,COMPLETE
344,0.1281125499690395,0.3492666085895481,0.6720309312302528,rmse,0.29088321541279694,0.010387714615570202,5,9,reg:squarederror,0.6085899985679808,gpu_hist,COMPLETE
345,0.12434841305316083,0.5843217623066557,0.6876990840324602,rmse,5.216615423770201,0.012076916565127662,20,1,reg:squarederror,0.6313725215554061,gpu_hist,COMPLETE
346,0.12502485931294438,1.465737092868867,0.705415332886668,rmse,6.817431840382626,0.009607436913689565,20,16,reg:squarederror,0.5825616279812976,gpu_hist,COMPLETE
347,0.16665528013504932,0.790759365310848,0.7689265840604488,rmse,8.411258780718269,0.010965432151662634,20,186,reg:squarederror,0.6116428676546809,gpu_hist,COMPLETE
348,0.13280416961240132,0.6911914842039772,0.740463274636566,rmse,6.382423231347906,0.013172053039535841,3,10,reg:squarederror,0.6465504012669628,gpu_hist,COMPLETE
349,0.12346676821113349,1.0375340205630807,0.7167619202300085,rmse,9.74018641257978,0.009024135526853683,20,6,reg:squarederror,0.5959657820082148,gpu_hist,COMPLETE
350,0.12429723655418502,1.7467493169724704,0.6850393579083907,rmse,9.562985835836276,0.008484753451657617,20,6,reg:squarederror,0.5926899741231172,gpu_hist,COMPLETE
351,0.12464174850252178,1.1059562704872845,0.7117604683931134,rmse,9.986117533013347,0.0072618675604121385,20,5,reg:squarederror,0.5654728743957073,gpu_hist,COMPLETE
352,0.12410264061766801,1.4573446330760913,0.6942928184956592,rmse,7.687109754933177,0.009027476787880462,20,1,reg:squarederror,0.620546139452354,gpu_hist,COMPLETE
353,0.12404485593824743,1.0631315230167857,0.714961202494575,rmse,8.392465469845504,0.011846580367335394,20,15,reg:squarederror,0.5819308350814132,gpu_hist,COMPLETE
354,0.12668250353079896,0.4232831018463938,0.674789511089411,rmse,1.0285521300310934,0.014208661776063227,17,30,reg:squarederror,0.596159046618967,gpu_hist,COMPLETE
355,0.1891158153848074,2.512958436452664,0.6425260062259663,rmse,9.904467029092665,0.05706953997437488,11,300,reg:squarederror,0.6068487031140597,gpu_hist,COMPLETE
356,0.12602917523121424,1.2980112580202727,0.7006592785882957,rmse,6.13112793706196,0.008164476659798643,20,21,reg:squarederror,0.631425802377379,gpu_hist,COMPLETE
357,0.1252768151717441,0.900685062581732,0.7223506804655574,rmse,0.18699636433124933,0.00959698910196408,20,11,reg:squarederror,0.5499298998895522,gpu_hist,COMPLETE
358,0.12361293324756943,0.3281859523375867,0.7331886554249004,rmse,7.566443237289363,0.01085841911914773,20,6,reg:squarederror,0.6150337700507815,gpu_hist,COMPLETE
359,0.12546204529240904,0.5869377673257218,0.6650503242698297,rmse,9.992170707006625,0.012781128521128527,7,16,reg:squarederror,0.5771656447719806,gpu_hist,COMPLETE
360,0.1273342674407339,0.005120399622589526,0.6209097000493248,rmse,5.330341564411937,0.00886253195437986,20,24,reg:squarederror,0.6009646232588267,gpu_hist,COMPLETE
361,0.12412106416965693,0.9700140540302314,0.751793787214385,rmse,7.312309055547559,0.011677328476891964,20,1,reg:squarederror,0.5904605887576524,gpu_hist,COMPLETE
362,0.12308689503417018,1.1446285112973016,0.7046211179778487,rmse,8.352563311838804,0.015580334892304917,20,11,reg:squarederror,0.6187948226607825,gpu_hist,COMPLETE
363,0.1234293465764518,1.9810701790239909,0.6873333891179091,rmse,6.305651550022077,0.015877198933237413,20,15,reg:squarederror,0.6387810071733353,gpu_hist,COMPLETE
364,0.2386548015253056,2.5623170547096232,0.6856107332566912,rmse,3.7804172308023554,0.0010637683776901663,20,19,reg:squarederror,0.6538625136850058,gpu_hist,COMPLETE
365,0.12333990302889301,1.8174248862864701,0.6967132047834982,rmse,4.811654438624265,0.01558628201196998,20,13,reg:squarederror,0.6385579367762394,gpu_hist,COMPLETE
366,0.12505370680153677,1.8848469215864605,0.6727757993990073,rmse,4.545181827309778,0.01700322345647315,20,27,reg:squarederror,0.6412905749547656,gpu_hist,COMPLETE
367,0.12350165358665963,2.917198771383747,0.6950786336752421,rmse,5.163559254570586,0.015777998838425636,20,15,reg:squarederror,0.6418888348547526,gpu_hist,COMPLETE
368,0.14988327756733516,3.7558192158258588,0.7003432889453236,rmse,4.280866118021997,0.002184383430848814,20,22,reg:squarederror,0.6320171724285594,gpu_hist,COMPLETE
369,0.12408446117268951,1.773290294347772,0.6635721552959404,rmse,5.903652894545623,0.015987794997645056,20,13,reg:squarederror,0.6560943936726714,gpu_hist,COMPLETE
370,0.12661979665638778,1.9509924352991928,0.6834121782604289,rmse,6.199063208959293,0.01902715224271711,20,34,reg:squarederror,0.624773100639968,gpu_hist,COMPLETE
371,0.12432527089389102,1.488737690603677,0.7065037843700859,rmse,5.384485495936278,0.015165411282507094,20,19,reg:squarederror,0.6396278013503808,gpu_hist,COMPLETE
372,0.12298536904460573,2.08066521624118,0.6894496683320543,rmse,6.3314262789049955,0.016693763396181983,20,11,reg:squarederror,0.619858551718168,gpu_hist,COMPLETE
373,0.1235896254475692,2.1096594212495314,0.7086741098746665,rmse,3.6254259371768307,0.016872306348130344,20,9,reg:squarederror,0.6134995455773838,gpu_hist,COMPLETE
374,0.12337803951434956,1.4608975646759184,0.6988488370572931,rmse,4.725971893255419,0.01765072149104071,20,10,reg:squarederror,0.6240668040946792,gpu_hist,COMPLETE
375,0.12503672434748195,2.1955248309363986,0.6560582324993836,rmse,4.62374241965657,0.0218111985153744,20,25,reg:squarederror,0.6274268037144474,gpu_hist,COMPLETE
376,0.12423620063836739,1.4543714618693317,0.6956641058296643,rmse,3.3616330238759007,0.017144493364501617,20,13,reg:squarederror,0.6207001679854622,gpu_hist,COMPLETE
377,0.12429812664086297,2.311209267283987,0.6752780938039252,rmse,4.950463968341619,0.01792292361909307,20,22,reg:squarederror,0.6094742663213115,gpu_hist,COMPLETE
378,0.1864727521327,1.6717026017013703,0.7424464257179779,rmse,4.069384760502037,0.019240157823588035,20,253,reg:squarederror,0.6265376876818517,gpu_hist,COMPLETE
379,0.12302704005581387,1.249797113063027,0.7001745104855973,rmse,6.876219893954275,0.014950236760142996,20,11,reg:squarederror,0.6092508208751363,gpu_hist,COMPLETE
380,0.12735443057292692,6.265240381538586,0.6855898398283211,rmse,5.338506554286431,0.01552187504272559,20,30,reg:squarederror,0.6077718681461477,gpu_hist,COMPLETE
381,0.12397736412549033,1.648543060420965,0.6964211639620659,rmse,6.588922806833997,0.01844670320352013,20,18,reg:squarederror,0.6125028503734643,gpu_hist,COMPLETE
382,0.12353067478973109,1.2491636452455865,0.6654099000718465,rmse,4.738653170042075,0.014448276987359194,20,12,reg:squarederror,0.45847720141223197,gpu_hist,COMPLETE
383,0.12424874566891717,1.236847429836753,0.7113999750953626,rmse,6.748413962244364,0.017125995660390428,20,18,reg:squarederror,0.5987732212392807,gpu_hist,COMPLETE
384,0.12331911576632854,1.4151992003378961,0.6467338560105241,rmse,5.567821329260035,0.014754719574254197,20,11,reg:squarederror,0.6177351191851952,gpu_hist,COMPLETE
385,0.12804725837190528,1.7279976007673883,0.630970229303625,rmse,5.8194558595054175,0.014513431958287425,5,23,reg:squarederror,0.6046419681890839,gpu_hist,COMPLETE
386,0.12350908756114935,1.209653667668074,0.6513584553292876,rmse,6.849665420913288,0.01542502665156416,20,11,reg:squarederror,0.5822183178553572,gpu_hist,COMPLETE
387,0.1542683649950335,1.412217148131586,0.6487864967530382,rmse,7.237515365381794,0.014222039001084277,3,120,reg:squarederror,0.619405203637546,gpu_hist,COMPLETE
388,0.1234349060779775,1.3315154513893088,0.6776805806218867,rmse,5.8143434359718755,0.013617960969808171,20,16,reg:squarederror,0.5937124281381156,gpu_hist,COMPLETE
389,0.12417799920465264,2.609758802620958,0.6652035753931129,rmse,7.313389293475481,0.013217118569403207,20,8,reg:squarederror,0.5658058176219148,gpu_hist,COMPLETE
390,0.12392645611343986,0.9503095065976913,0.7228648602037835,rmse,2.558099516576344,0.014393106095280012,20,16,reg:squarederror,0.6086055918882806,gpu_hist,COMPLETE
391,0.126310214146908,3.485100507977024,0.682245420783852,rmse,5.75557668989819,0.01586064155824885,20,28,reg:squarederror,0.5836036017684255,gpu_hist,COMPLETE
392,0.12355328348913977,1.0994596694529903,0.7135662572909133,rmse,7.564146954994903,0.012598734137398548,11,10,reg:squarederror,0.6176348791334845,gpu_hist,COMPLETE
