Trial 125 finished with value: 0.16460696976406503 and parameters: {'objective': 'reg:squarederror', 'tree_method': 'gpu_hist', 'lambda': 6.597592999478106, 'alpha': 0.9410401912811797, 'colsample_bytree': 0.9998589793529008, 'subsample': 0.5965426841214682, 'learning_rate': 0.01801929911768262, 'max_depth': 13, 'min_child_weight': 199, 'eval_metric': 'rmse'}. Best is trial 93 with value: 0.12383030264402829.
start listen on 192.168.1.101:57849
@tracker All of 1 nodes getting started
@tracker All nodes finishes job
Trial 126 finished with value: 0.12546347393262838 and parameters: {'objective': 'reg:squarederror', 'tree_method': 'gpu_hist', 'lambda': 5.312228982550989, 'alpha': 0.6903724535410752, 'colsample_bytree': 0.9328068507535069, 'subsample': 0.7921265258311725, 'learning_rate': 0.014185822207147385, 'max_depth': 20, 'min_child_weight': 33, 'eval_metric': 'rmse'}. Best is trial 93 with value: 0.12383030264402829.
start listen on 192.168.1.101:45205
@tracker All of 1 nodes getting started
@tracker All nodes finishes job
Trial 127 finished with value: 0.12439204751210463 and parameters: {'objective': 'reg:squarederror', 'tree_method': 'gpu_hist', 'lambda': 8.081346554838223, 'alpha': 2.0483305937079797, 'colsample_bytree': 0.8914141723098045, 'subsample': 0.7737466296269201, 'learning_rate': 0.016970798330688767, 'max_depth': 13, 'min_child_weight': 16, 'eval_metric': 'rmse'}. Best is trial 93 with value: 0.12383030264402829.
start listen on 192.168.1.101:41231
@tracker All of 1 nodes getting started
@tracker All nodes finishes job
Trial 128 finished with value: 0.12493268798774919 and parameters: {'objective': 'reg:squarederror', 'tree_method': 'gpu_hist', 'lambda': 3.9928440073328004, 'alpha': 0.3176567166677012, 'colsample_bytree': 0.9781131115583629, 'subsample': 0.7365529832657425, 'learning_rate': 0.0091698214092329, 'max_depth': 13, 'min_child_weight': 23, 'eval_metric': 'rmse'}. Best is trial 93 with value: 0.12383030264402829.
start listen on 192.168.1.101:35771
@tracker All of 1 nodes getting started
@tracker All nodes finishes job
Trial 129 finished with value: 0.17290548535963302 and parameters: {'objective': 'reg:squarederror', 'tree_method': 'gpu_hist', 'lambda': 8.930850911694744, 'alpha': 0.19727502297031502, 'colsample_bytree': 0.9125975342125603, 'subsample': 0.757043235127419, 'learning_rate': 0.020213987154829857, 'max_depth': 5, 'min_child_weight': 252, 'eval_metric': 'rmse'}. Best is trial 93 with value: 0.12383030264402829.
start listen on 192.168.1.101:53957
@tracker All of 1 nodes getting started
@tracker All nodes finishes job
Trial 130 finished with value: 0.12528103916985137 and parameters: {'objective': 'reg:squarederror', 'tree_method': 'gpu_hist', 'lambda': 6.451532710752737, 'alpha': 1.5521639522015183, 'colsample_bytree': 0.3855027102326163, 'subsample': 0.6477704213193604, 'learning_rate': 0.012652525074885441, 'max_depth': 13, 'min_child_weight': 7, 'eval_metric': 'rmse'}. Best is trial 93 with value: 0.12383030264402829.
start listen on 192.168.1.101:50571
@tracker All of 1 nodes getting started
@tracker All nodes finishes job
Trial 131 finished with value: 0.12461879734743968 and parameters: {'objective': 'reg:squarederror', 'tree_method': 'gpu_hist', 'lambda': 0.7397213160616628, 'alpha': 0.3515258818918251, 'colsample_bytree': 0.660248485094508, 'subsample': 0.7176901213926625, 'learning_rate': 0.010225476431367876, 'max_depth': 13, 'min_child_weight': 1, 'eval_metric': 'rmse'}. Best is trial 93 with value: 0.12383030264402829.
start listen on 192.168.1.101:40745
@tracker All of 1 nodes getting started
@tracker All nodes finishes job
Trial 132 finished with value: 0.12696234451671662 and parameters: {'objective': 'reg:squarederror', 'tree_method': 'gpu_hist', 'lambda': 3.0238731568103487, 'alpha': 0.2739168039152359, 'colsample_bytree': 0.9544466442209492, 'subsample': 0.9827643095999762, 'learning_rate': 0.015703511647858603, 'max_depth': 13, 'min_child_weight': 12, 'eval_metric': 'rmse'}. Best is trial 93 with value: 0.12383030264402829.
start listen on 192.168.1.101:54391
@tracker All of 1 nodes getting started
@tracker All nodes finishes job
Trial 133 finished with value: 0.12415984898758628 and parameters: {'objective': 'reg:squarederror', 'tree_method': 'gpu_hist', 'lambda': 4.901167312534129, 'alpha': 1.2074283231565983, 'colsample_bytree': 0.9310639675218828, 'subsample': 0.7028663650295175, 'learning_rate': 0.011445633784069193, 'max_depth': 13, 'min_child_weight': 19, 'eval_metric': 'rmse'}. Best is trial 93 with value: 0.12383030264402829.
start listen on 192.168.1.101:46883
@tracker All of 1 nodes getting started
@tracker All nodes finishes job
Trial 134 finished with value: 0.12476600835516627 and parameters: {'objective': 'reg:squarederror', 'tree_method': 'gpu_hist', 'lambda': 5.095425974672413, 'alpha': 1.0884506768119133, 'colsample_bytree': 0.9361788980811435, 'subsample': 0.7714043547684045, 'learning_rate': 0.008044156922211613, 'max_depth': 13, 'min_child_weight': 19, 'eval_metric': 'rmse'}. Best is trial 93 with value: 0.12383030264402829.
start listen on 192.168.1.101:32987
@tracker All of 1 nodes getting started
@tracker All nodes finishes job
Trial 135 finished with value: 0.12508221887743382 and parameters: {'objective': 'reg:squarederror', 'tree_method': 'gpu_hist', 'lambda': 0.0012753577379614443, 'alpha': 2.6938592993500405, 'colsample_bytree': 0.9218335513316211, 'subsample': 0.6998813951227225, 'learning_rate': 0.013545067516890857, 'max_depth': 15, 'min_child_weight': 28, 'eval_metric': 'rmse'}. Best is trial 93 with value: 0.12383030264402829.
start listen on 192.168.1.101:49791
@tracker All of 1 nodes getting started
@tracker All nodes finishes job
Trial 136 finished with value: 0.12560579277686537 and parameters: {'objective': 'reg:squarederror', 'tree_method': 'gpu_hist', 'lambda': 9.615294439693576, 'alpha': 1.2641123206468294, 'colsample_bytree': 0.9590287768998307, 'subsample': 0.7483797202905794, 'learning_rate': 0.018287650363184846, 'max_depth': 13, 'min_child_weight': 39, 'eval_metric': 'rmse'}. Best is trial 93 with value: 0.12383030264402829.
start listen on 192.168.1.101:58733
@tracker All of 1 nodes getting started
@tracker All nodes finishes job
Trial 137 finished with value: 0.14665711255734576 and parameters: {'objective': 'reg:squarederror', 'tree_method': 'gpu_hist', 'lambda': 7.721363964943878, 'alpha': 0.591028464729985, 'colsample_bytree': 0.9003334249392415, 'subsample': 0.8545513323651089, 'learning_rate': 0.011912377129432387, 'max_depth': 3, 'min_child_weight': 100, 'eval_metric': 'rmse'}. Best is trial 93 with value: 0.12383030264402829.
start listen on 192.168.1.101:54647
@tracker All of 1 nodes getting started
@tracker All nodes finishes job
Trial 138 finished with value: 0.12447341871170932 and parameters: {'objective': 'reg:squarederror', 'tree_method': 'gpu_hist', 'lambda': 0.012732366362611604, 'alpha': 0.8405110804821159, 'colsample_bytree': 0.8199484789744369, 'subsample': 0.7360811024703753, 'learning_rate': 0.014569388330559882, 'max_depth': 15, 'min_child_weight': 22, 'eval_metric': 'rmse'}. Best is trial 93 with value: 0.12383030264402829.
start listen on 192.168.1.101:45755
@tracker All of 1 nodes getting started
@tracker All nodes finishes job
Trial 139 finished with value: 0.12481910638444596 and parameters: {'objective': 'reg:squarederror', 'tree_method': 'gpu_hist', 'lambda': 0.24698557373311067, 'alpha': 1.8818348586083966, 'colsample_bytree': 0.9810794838802726, 'subsample': 0.725979627777028, 'learning_rate': 0.008720081390496518, 'max_depth': 13, 'min_child_weight': 15, 'eval_metric': 'rmse'}. Best is trial 93 with value: 0.12383030264402829.
start listen on 192.168.1.101:37159
@tracker All of 1 nodes getting started
@tracker All nodes finishes job
Trial 140 finished with value: 0.1284421098763708 and parameters: {'objective': 'reg:squarederror', 'tree_method': 'gpu_hist', 'lambda': 5.0634381845439815, 'alpha': 0.434227448157301, 'colsample_bytree': 0.9378363479377798, 'subsample': 0.706662822750201, 'learning_rate': 0.009984632558446527, 'max_depth': 17, 'min_child_weight': 43, 'eval_metric': 'rmse'}. Best is trial 93 with value: 0.12383030264402829.
start listen on 192.168.1.101:36327
@tracker All of 1 nodes getting started
@tracker All nodes finishes job
Trial 141 finished with value: 0.1241617901582066 and parameters: {'objective': 'reg:squarederror', 'tree_method': 'gpu_hist', 'lambda': 3.2607338455643085, 'alpha': 0.23449551933390703, 'colsample_bytree': 0.6430731185745973, 'subsample': 0.6851519145817005, 'learning_rate': 0.012422499695979949, 'max_depth': 13, 'min_child_weight': 6, 'eval_metric': 'rmse'}. Best is trial 93 with value: 0.12383030264402829.
start listen on 192.168.1.101:36785
@tracker All of 1 nodes getting started
@tracker All nodes finishes job
Trial 142 finished with value: 0.12515727979358998 and parameters: {'objective': 'reg:squarederror', 'tree_method': 'gpu_hist', 'lambda': 3.8683946312450215, 'alpha': 0.23738672694985022, 'colsample_bytree': 0.6502283514593096, 'subsample': 0.6342186815493762, 'learning_rate': 0.01304047841700189, 'max_depth': 13, 'min_child_weight': 7, 'eval_metric': 'rmse'}. Best is trial 93 with value: 0.12383030264402829.
start listen on 192.168.1.101:57053
@tracker All of 1 nodes getting started
@tracker All nodes finishes job
Trial 143 finished with value: 0.12426374673927482 and parameters: {'objective': 'reg:squarederror', 'tree_method': 'gpu_hist', 'lambda': 5.844258196967727, 'alpha': 0.16504913421439718, 'colsample_bytree': 0.6347449011668606, 'subsample': 0.6567791864068511, 'learning_rate': 0.011056235545911362, 'max_depth': 13, 'min_child_weight': 11, 'eval_metric': 'rmse'}. Best is trial 93 with value: 0.12383030264402829.
start listen on 192.168.1.101:40817
@tracker All of 1 nodes getting started
@tracker All nodes finishes job
Trial 144 finished with value: 0.12461614777929925 and parameters: {'objective': 'reg:squarederror', 'tree_method': 'gpu_hist', 'lambda': 5.852360267894941, 'alpha': 0.17323390060804952, 'colsample_bytree': 0.5851922938949611, 'subsample': 0.657635333993124, 'learning_rate': 0.010913900749679307, 'max_depth': 13, 'min_child_weight': 7, 'eval_metric': 'rmse'}. Best is trial 93 with value: 0.12383030264402829.
start listen on 192.168.1.101:46055
@tracker All of 1 nodes getting started
@tracker All nodes finishes job
Trial 145 finished with value: 0.12570022561369076 and parameters: {'objective': 'reg:squarederror', 'tree_method': 'gpu_hist', 'lambda': 3.2315892293287636, 'alpha': 0.20442278101858577, 'colsample_bytree': 0.6076741622655994, 'subsample': 0.6861011953696665, 'learning_rate': 0.01664426064654179, 'max_depth': 11, 'min_child_weight': 14, 'eval_metric': 'rmse'}. Best is trial 93 with value: 0.12383030264402829.
start listen on 192.168.1.101:48803
@tracker All of 1 nodes getting started
@tracker All nodes finishes job
Trial 146 finished with value: 0.12450244264185768 and parameters: {'objective': 'reg:squarederror', 'tree_method': 'gpu_hist', 'lambda': 4.407865082691983, 'alpha': 0.10729019849053638, 'colsample_bytree': 0.6360484419338864, 'subsample': 0.6403906682623626, 'learning_rate': 0.011692419950818423, 'max_depth': 13, 'min_child_weight': 11, 'eval_metric': 'rmse'}. Best is trial 93 with value: 0.12383030264402829.
start listen on 192.168.1.101:39331
@tracker All of 1 nodes getting started
@tracker All nodes finishes job
Trial 147 finished with value: 0.12857174741147212 and parameters: {'objective': 'reg:squarederror', 'tree_method': 'gpu_hist', 'lambda': 0.026759567552183623, 'alpha': 0.14070267645360868, 'colsample_bytree': 0.6603110202275814, 'subsample': 0.6671890940571749, 'learning_rate': 0.006869014689160746, 'max_depth': 15, 'min_child_weight': 30, 'eval_metric': 'rmse'}. Best is trial 93 with value: 0.12383030264402829.
start listen on 192.168.1.101:53417
@tracker All of 1 nodes getting started
@tracker All nodes finishes job
Trial 148 finished with value: 0.20908879076192669 and parameters: {'objective': 'reg:squarederror', 'tree_method': 'gpu_hist', 'lambda': 1.2275412547915545, 'alpha': 0.9926333208063691, 'colsample_bytree': 0.6171660283414155, 'subsample': 0.6222324890388693, 'learning_rate': 0.009907562823289591, 'max_depth': 13, 'min_child_weight': 294, 'eval_metric': 'rmse'}. Best is trial 93 with value: 0.12383030264402829.
start listen on 192.168.1.101:52637
@tracker All of 1 nodes getting started
@tracker All nodes finishes job
Trial 149 finished with value: 0.1258009558245424 and parameters: {'objective': 'reg:squarederror', 'tree_method': 'gpu_hist', 'lambda': 0.015911399486193325, 'alpha': 1.491085422928897, 'colsample_bytree': 0.6385880720017352, 'subsample': 0.5849352009997585, 'learning_rate': 0.007882067925450643, 'max_depth': 13, 'min_child_weight': 18, 'eval_metric': 'rmse'}. Best is trial 93 with value: 0.12383030264402829.
start listen on 192.168.1.101:34631
@tracker All of 1 nodes getting started
@tracker All nodes finishes job
Trial 150 finished with value: 0.12539584293872588 and parameters: {'objective': 'reg:squarederror', 'tree_method': 'gpu_hist', 'lambda': 0.4485365761019334, 'alpha': 0.3563105718012625, 'colsample_bytree': 0.5938301614225486, 'subsample': 0.6512517054371261, 'learning_rate': 0.015144669265538573, 'max_depth': 15, 'min_child_weight': 4, 'eval_metric': 'rmse'}. Best is trial 93 with value: 0.12383030264402829.
start listen on 192.168.1.101:58389
@tracker All of 1 nodes getting started
@tracker All nodes finishes job
Trial 151 finished with value: 0.12448454024439494 and parameters: {'objective': 'reg:squarederror', 'tree_method': 'gpu_hist', 'lambda': 7.033099725372311, 'alpha': 0.23087976806649593, 'colsample_bytree': 0.9651954728153216, 'subsample': 0.7208424574135277, 'learning_rate': 0.013393026205843928, 'max_depth': 13, 'min_child_weight': 24, 'eval_metric': 'rmse'}. Best is trial 93 with value: 0.12383030264402829.
start listen on 192.168.1.101:41053
@tracker All of 1 nodes getting started
@tracker All nodes finishes job
Trial 152 finished with value: 0.12480110541448541 and parameters: {'objective': 'reg:squarederror', 'tree_method': 'gpu_hist', 'lambda': 5.717010154578596, 'alpha': 0.17196190267384956, 'colsample_bytree': 0.6972481499115974, 'subsample': 0.8908576552533711, 'learning_rate': 0.010961951938958546, 'max_depth': 13, 'min_child_weight': 19, 'eval_metric': 'rmse'}. Best is trial 93 with value: 0.12383030264402829.
start listen on 192.168.1.101:60327
@tracker All of 1 nodes getting started
@tracker All nodes finishes job
Trial 153 finished with value: 0.12344079874826883 and parameters: {'objective': 'reg:squarederror', 'tree_method': 'gpu_hist', 'lambda': 9.902399291054683, 'alpha': 0.27894884505568696, 'colsample_bytree': 0.9523039723079996, 'subsample': 0.6989286014383402, 'learning_rate': 0.01233118807940889, 'max_depth': 13, 'min_child_weight': 11, 'eval_metric': 'rmse'}. Best is trial 153 with value: 0.12344079874826883.
start listen on 192.168.1.101:41419
@tracker All of 1 nodes getting started
@tracker All nodes finishes job
Trial 154 finished with value: 0.12364407237629103 and parameters: {'objective': 'reg:squarederror', 'tree_method': 'gpu_hist', 'lambda': 9.989852528996678, 'alpha': 0.42320076440459264, 'colsample_bytree': 0.9244076756369392, 'subsample': 0.6962687227332307, 'learning_rate': 0.012447835402093061, 'max_depth': 13, 'min_child_weight': 10, 'eval_metric': 'rmse'}. Best is trial 153 with value: 0.12344079874826883.
start listen on 192.168.1.101:38147
@tracker All of 1 nodes getting started
@tracker All nodes finishes job
Trial 155 finished with value: 0.12461499523615745 and parameters: {'objective': 'reg:squarederror', 'tree_method': 'gpu_hist', 'lambda': 8.755502194764308, 'alpha': 0.5011795437102577, 'colsample_bytree': 0.9237095588421173, 'subsample': 0.6971376917351564, 'learning_rate': 0.009283959570829935, 'max_depth': 13, 'min_child_weight': 8, 'eval_metric': 'rmse'}. Best is trial 153 with value: 0.12344079874826883.
start listen on 192.168.1.101:52939
@tracker All of 1 nodes getting started
@tracker All nodes finishes job
Trial 156 finished with value: 0.12431349233439577 and parameters: {'objective': 'reg:squarederror', 'tree_method': 'gpu_hist', 'lambda': 7.709642150255589, 'alpha': 0.4198165967382926, 'colsample_bytree': 0.9115258150993784, 'subsample': 0.669834457081849, 'learning_rate': 0.012345777284375754, 'max_depth': 13, 'min_child_weight': 13, 'eval_metric': 'rmse'}. Best is trial 153 with value: 0.12344079874826883.
start listen on 192.168.1.101:47089
@tracker All of 1 nodes getting started
@tracker All nodes finishes job
Trial 157 finished with value: 0.12949113677665103 and parameters: {'objective': 'reg:squarederror', 'tree_method': 'gpu_hist', 'lambda': 9.524861040627036, 'alpha': 0.30359873918015023, 'colsample_bytree': 0.9461275608465951, 'subsample': 0.6860481010011601, 'learning_rate': 0.07228391215346833, 'max_depth': 13, 'min_child_weight': 5, 'eval_metric': 'rmse'}. Best is trial 153 with value: 0.12344079874826883.
start listen on 192.168.1.101:42441
@tracker All of 1 nodes getting started
@tracker All nodes finishes job
Trial 158 finished with value: 0.12530289293676306 and parameters: {'objective': 'reg:squarederror', 'tree_method': 'gpu_hist', 'lambda': 4.8169469923294095, 'alpha': 0.3406074822172556, 'colsample_bytree': 0.8940604519362007, 'subsample': 0.7073787568109265, 'learning_rate': 0.017718192274039972, 'max_depth': 13, 'min_child_weight': 1, 'eval_metric': 'rmse'}. Best is trial 153 with value: 0.12344079874826883.
start listen on 192.168.1.101:50231
@tracker All of 1 nodes getting started
@tracker All nodes finishes job
Trial 159 finished with value: 0.14636043613042543 and parameters: {'objective': 'reg:squarederror', 'tree_method': 'gpu_hist', 'lambda': 6.495010380887574, 'alpha': 0.6401492193123881, 'colsample_bytree': 0.8523651906707579, 'subsample': 0.6732884423750721, 'learning_rate': 0.023054747386839138, 'max_depth': 13, 'min_child_weight': 127, 'eval_metric': 'rmse'}. Best is trial 153 with value: 0.12344079874826883.
start listen on 192.168.1.101:37703
@tracker All of 1 nodes getting started
@tracker All nodes finishes job
Trial 160 finished with value: 0.1258812101313206 and parameters: {'objective': 'reg:squarederror', 'tree_method': 'gpu_hist', 'lambda': 9.708096393308537, 'alpha': 0.20803521800473096, 'colsample_bytree': 0.8654864516208793, 'subsample': 0.6946411923717967, 'learning_rate': 0.019936632563243788, 'max_depth': 7, 'min_child_weight': 27, 'eval_metric': 'rmse'}. Best is trial 153 with value: 0.12344079874826883.
start listen on 192.168.1.101:51717
@tracker All of 1 nodes getting started
@tracker All nodes finishes job
Trial 161 finished with value: 0.12419149520253916 and parameters: {'objective': 'reg:squarederror', 'tree_method': 'gpu_hist', 'lambda': 7.786173226355131, 'alpha': 0.7910143882622919, 'colsample_bytree': 0.8004328580944935, 'subsample': 0.6565319825432546, 'learning_rate': 0.014711713574883326, 'max_depth': 9, 'min_child_weight': 15, 'eval_metric': 'rmse'}. Best is trial 153 with value: 0.12344079874826883.
start listen on 192.168.1.101:45821
@tracker All of 1 nodes getting started
@tracker All nodes finishes job
Trial 162 finished with value: 0.12407009627050503 and parameters: {'objective': 'reg:squarederror', 'tree_method': 'gpu_hist', 'lambda': 7.953572443956688, 'alpha': 0.7676818488998873, 'colsample_bytree': 0.7845972635658127, 'subsample': 0.6568889303078318, 'learning_rate': 0.014760666479745586, 'max_depth': 9, 'min_child_weight': 16, 'eval_metric': 'rmse'}. Best is trial 153 with value: 0.12344079874826883.
start listen on 192.168.1.101:44569
@tracker All of 1 nodes getting started
@tracker All nodes finishes job
Trial 163 finished with value: 0.12428156635733509 and parameters: {'objective': 'reg:squarederror', 'tree_method': 'gpu_hist', 'lambda': 7.927670916903057, 'alpha': 0.9997384990403655, 'colsample_bytree': 0.795599957253115, 'subsample': 0.6614730815069091, 'learning_rate': 0.015568176817880025, 'max_depth': 9, 'min_child_weight': 17, 'eval_metric': 'rmse'}. Best is trial 153 with value: 0.12344079874826883.
start listen on 192.168.1.101:50175
@tracker All of 1 nodes getting started
@tracker All nodes finishes job
Trial 164 finished with value: 0.12616519312612903 and parameters: {'objective': 'reg:squarederror', 'tree_method': 'gpu_hist', 'lambda': 6.28780343614821, 'alpha': 0.7280618157234847, 'colsample_bytree': 0.80533475009571, 'subsample': 0.7143440977643454, 'learning_rate': 0.014250617950994185, 'max_depth': 9, 'min_child_weight': 34, 'eval_metric': 'rmse'}. Best is trial 153 with value: 0.12344079874826883.
start listen on 192.168.1.101:41601
@tracker All of 1 nodes getting started
@tracker All nodes finishes job
Trial 165 finished with value: 0.12414713691997464 and parameters: {'objective': 'reg:squarederror', 'tree_method': 'gpu_hist', 'lambda': 9.98521760274337, 'alpha': 0.515099073214387, 'colsample_bytree': 0.8355762534817603, 'subsample': 0.639340803045644, 'learning_rate': 0.01644546067675382, 'max_depth': 9, 'min_child_weight': 13, 'eval_metric': 'rmse'}. Best is trial 153 with value: 0.12344079874826883.
start listen on 192.168.1.101:59323
@tracker All of 1 nodes getting started
@tracker All nodes finishes job
Trial 166 finished with value: 0.12463190658847464 and parameters: {'objective': 'reg:squarederror', 'tree_method': 'gpu_hist', 'lambda': 7.728061486074264, 'alpha': 0.8120435792159983, 'colsample_bytree': 0.83014357042488, 'subsample': 0.6344514794887169, 'learning_rate': 0.011141431857670471, 'max_depth': 9, 'min_child_weight': 13, 'eval_metric': 'rmse'}. Best is trial 153 with value: 0.12344079874826883.
start listen on 192.168.1.101:46697
@tracker All of 1 nodes getting started
@tracker All nodes finishes job
