Trial 797 finished with value: 0.12351126474106576 and parameters: {'objective': 'reg:squarederror', 'tree_method': 'gpu_hist', 'lambda': 8.470222103409014, 'alpha': 3.2139295615891874, 'colsample_bytree': 0.64794754622421, 'subsample': 0.6306529751318195, 'learning_rate': 0.015458152492222182, 'max_depth': 20, 'min_child_weight': 10, 'eval_metric': 'rmse'}. Best is trial 463 with value: 0.12284958614550846.
start listen on 192.168.1.101:47185
@tracker All of 1 nodes getting started
@tracker All nodes finishes job
Trial 798 finished with value: 0.12556585495463807 and parameters: {'objective': 'reg:squarederror', 'tree_method': 'gpu_hist', 'lambda': 6.738002313986579, 'alpha': 2.1534828210463317, 'colsample_bytree': 0.62937884385032, 'subsample': 0.6284999410159563, 'learning_rate': 0.012888152742873795, 'max_depth': 20, 'min_child_weight': 26, 'eval_metric': 'rmse'}. Best is trial 463 with value: 0.12284958614550846.
start listen on 192.168.1.101:44813
@tracker All of 1 nodes getting started
@tracker All nodes finishes job
Trial 799 finished with value: 0.15305563939606173 and parameters: {'objective': 'reg:squarederror', 'tree_method': 'gpu_hist', 'lambda': 8.620565941752298, 'alpha': 1.758430356040564, 'colsample_bytree': 0.6555135340754507, 'subsample': 0.6508156724122481, 'learning_rate': 0.014573598194856046, 'max_depth': 20, 'min_child_weight': 155, 'eval_metric': 'rmse'}. Best is trial 463 with value: 0.12284958614550846.
start listen on 192.168.1.101:55395
@tracker All of 1 nodes getting started
@tracker All nodes finishes job
Trial 800 finished with value: 0.12698855390884692 and parameters: {'objective': 'reg:squarederror', 'tree_method': 'gpu_hist', 'lambda': 4.237537702267729, 'alpha': 2.054967454601784, 'colsample_bytree': 0.662348161210481, 'subsample': 0.6403341747067408, 'learning_rate': 0.017197477162323643, 'max_depth': 20, 'min_child_weight': 35, 'eval_metric': 'rmse'}. Best is trial 463 with value: 0.12284958614550846.
start listen on 192.168.1.101:38673
@tracker All of 1 nodes getting started
@tracker All nodes finishes job
Trial 801 finished with value: 0.12479707673020007 and parameters: {'objective': 'reg:squarederror', 'tree_method': 'gpu_hist', 'lambda': 9.992346705519267, 'alpha': 1.8513020375576794, 'colsample_bytree': 0.6488320465821666, 'subsample': 0.6206455224909935, 'learning_rate': 0.01184939358990803, 'max_depth': 17, 'min_child_weight': 19, 'eval_metric': 'rmse'}. Best is trial 463 with value: 0.12284958614550846.
start listen on 192.168.1.101:52391
@tracker All of 1 nodes getting started
@tracker All nodes finishes job
Trial 802 finished with value: 0.12370678220036523 and parameters: {'objective': 'reg:squarederror', 'tree_method': 'gpu_hist', 'lambda': 5.734766555468685, 'alpha': 1.3009133150607355, 'colsample_bytree': 0.6473090165760912, 'subsample': 0.6251787065819966, 'learning_rate': 0.013128704684119844, 'max_depth': 20, 'min_child_weight': 6, 'eval_metric': 'rmse'}. Best is trial 463 with value: 0.12284958614550846.
start listen on 192.168.1.101:53673
@tracker All of 1 nodes getting started
@tracker All nodes finishes job
Trial 803 finished with value: 0.12438904253971193 and parameters: {'objective': 'reg:squarederror', 'tree_method': 'gpu_hist', 'lambda': 7.385413817149731, 'alpha': 2.637103388804625, 'colsample_bytree': 0.6265475471721803, 'subsample': 0.6097046306692074, 'learning_rate': 0.015671486763221113, 'max_depth': 7, 'min_child_weight': 13, 'eval_metric': 'rmse'}. Best is trial 463 with value: 0.12284958614550846.
start listen on 192.168.1.101:60499
@tracker All of 1 nodes getting started
@tracker All nodes finishes job
Trial 804 finished with value: 0.12499635264792626 and parameters: {'objective': 'reg:squarederror', 'tree_method': 'gpu_hist', 'lambda': 9.930494930291076, 'alpha': 1.4264978976060176, 'colsample_bytree': 0.6072650352639698, 'subsample': 0.6375705391546505, 'learning_rate': 0.011372233422246351, 'max_depth': 20, 'min_child_weight': 17, 'eval_metric': 'rmse'}. Best is trial 463 with value: 0.12284958614550846.
start listen on 192.168.1.101:41477
@tracker All of 1 nodes getting started
@tracker All nodes finishes job
Trial 805 finished with value: 0.12362728732086874 and parameters: {'objective': 'reg:squarederror', 'tree_method': 'gpu_hist', 'lambda': 7.366794168091585, 'alpha': 1.5776936401675503, 'colsample_bytree': 0.673376476719344, 'subsample': 0.6187976746945008, 'learning_rate': 0.014185280065340563, 'max_depth': 9, 'min_child_weight': 6, 'eval_metric': 'rmse'}. Best is trial 463 with value: 0.12284958614550846.
start listen on 192.168.1.101:58697
@tracker All of 1 nodes getting started
@tracker All nodes finishes job
Trial 806 finished with value: 0.12355927013676456 and parameters: {'objective': 'reg:squarederror', 'tree_method': 'gpu_hist', 'lambda': 9.972066883818322, 'alpha': 2.9907009597370715, 'colsample_bytree': 0.6614850310975373, 'subsample': 0.6085352980094231, 'learning_rate': 0.018299118446429074, 'max_depth': 20, 'min_child_weight': 11, 'eval_metric': 'rmse'}. Best is trial 463 with value: 0.12284958614550846.
start listen on 192.168.1.101:39915
@tracker All of 1 nodes getting started
@tracker All nodes finishes job
Trial 807 finished with value: 0.12442765498112976 and parameters: {'objective': 'reg:squarederror', 'tree_method': 'gpu_hist', 'lambda': 5.08287435954142, 'alpha': 1.8243929400172905, 'colsample_bytree': 0.633671473950078, 'subsample': 0.6552769650175233, 'learning_rate': 0.0126180341350233, 'max_depth': 20, 'min_child_weight': 21, 'eval_metric': 'rmse'}. Best is trial 463 with value: 0.12284958614550846.
start listen on 192.168.1.101:35325
@tracker All of 1 nodes getting started
@tracker All nodes finishes job
Trial 808 finished with value: 0.12377021168475666 and parameters: {'objective': 'reg:squarederror', 'tree_method': 'gpu_hist', 'lambda': 6.346236419899651, 'alpha': 4.319545849556524, 'colsample_bytree': 0.668079504867198, 'subsample': 0.6314800986792259, 'learning_rate': 0.014081857706774194, 'max_depth': 20, 'min_child_weight': 6, 'eval_metric': 'rmse'}. Best is trial 463 with value: 0.12284958614550846.
start listen on 192.168.1.101:50751
@tracker All of 1 nodes getting started
@tracker All nodes finishes job
Trial 809 finished with value: 0.12362227704755883 and parameters: {'objective': 'reg:squarederror', 'tree_method': 'gpu_hist', 'lambda': 8.206383419815529, 'alpha': 1.2865749031186058, 'colsample_bytree': 0.644553508940813, 'subsample': 0.6146733614488332, 'learning_rate': 0.011385184701472153, 'max_depth': 13, 'min_child_weight': 13, 'eval_metric': 'rmse'}. Best is trial 463 with value: 0.12284958614550846.
start listen on 192.168.1.101:46303
@tracker All of 1 nodes getting started
@tracker All nodes finishes job
Trial 810 finished with value: 0.12307566240968944 and parameters: {'objective': 'reg:squarederror', 'tree_method': 'gpu_hist', 'lambda': 8.42295209270899, 'alpha': 1.4570063731933145, 'colsample_bytree': 0.6756829570601418, 'subsample': 0.6248044008378594, 'learning_rate': 0.015951784621830792, 'max_depth': 20, 'min_child_weight': 6, 'eval_metric': 'rmse'}. Best is trial 463 with value: 0.12284958614550846.
start listen on 192.168.1.101:53267
@tracker All of 1 nodes getting started
@tracker All nodes finishes job
Trial 811 finished with value: 0.12476902461125941 and parameters: {'objective': 'reg:squarederror', 'tree_method': 'gpu_hist', 'lambda': 5.256162242858938, 'alpha': 2.061331306210288, 'colsample_bytree': 0.6710515506735018, 'subsample': 0.6067715946679192, 'learning_rate': 0.017518196674250343, 'max_depth': 20, 'min_child_weight': 1, 'eval_metric': 'rmse'}. Best is trial 463 with value: 0.12284958614550846.
start listen on 192.168.1.101:33649
@tracker All of 1 nodes getting started
@tracker All nodes finishes job
Trial 812 finished with value: 0.12373854744694825 and parameters: {'objective': 'reg:squarederror', 'tree_method': 'gpu_hist', 'lambda': 6.554183838805851, 'alpha': 1.6646903145786323, 'colsample_bytree': 0.6613828160907976, 'subsample': 0.647080010770432, 'learning_rate': 0.01982804052143641, 'max_depth': 20, 'min_child_weight': 6, 'eval_metric': 'rmse'}. Best is trial 463 with value: 0.12284958614550846.
start listen on 192.168.1.101:53435
@tracker All of 1 nodes getting started
@tracker All nodes finishes job
Trial 813 finished with value: 0.12323859058748127 and parameters: {'objective': 'reg:squarederror', 'tree_method': 'gpu_hist', 'lambda': 5.974443521862698, 'alpha': 2.2134726477729343, 'colsample_bytree': 0.6779098896798359, 'subsample': 0.6012083171764302, 'learning_rate': 0.016421616659922658, 'max_depth': 20, 'min_child_weight': 6, 'eval_metric': 'rmse'}. Best is trial 463 with value: 0.12284958614550846.
start listen on 192.168.1.101:55321
@tracker All of 1 nodes getting started
@tracker All nodes finishes job
Trial 814 finished with value: 0.1236367284465071 and parameters: {'objective': 'reg:squarederror', 'tree_method': 'gpu_hist', 'lambda': 4.229925707448071, 'alpha': 1.766398954691127, 'colsample_bytree': 0.6783755269686219, 'subsample': 0.624171041725794, 'learning_rate': 0.018339213917913277, 'max_depth': 20, 'min_child_weight': 9, 'eval_metric': 'rmse'}. Best is trial 463 with value: 0.12284958614550846.
start listen on 192.168.1.101:34109
@tracker All of 1 nodes getting started
@tracker All nodes finishes job
Trial 815 finished with value: 0.12463265859229876 and parameters: {'objective': 'reg:squarederror', 'tree_method': 'gpu_hist', 'lambda': 7.584328245064338, 'alpha': 2.2624322322951333, 'colsample_bytree': 0.6608181973419794, 'subsample': 0.6045075078209543, 'learning_rate': 0.020589491657054274, 'max_depth': 15, 'min_child_weight': 1, 'eval_metric': 'rmse'}. Best is trial 463 with value: 0.12284958614550846.
start listen on 192.168.1.101:44575
@tracker All of 1 nodes getting started
@tracker All nodes finishes job
Trial 816 finished with value: 0.1235564592485465 and parameters: {'objective': 'reg:squarederror', 'tree_method': 'gpu_hist', 'lambda': 5.876633287536848, 'alpha': 2.3662430746182457, 'colsample_bytree': 0.6482374505041173, 'subsample': 0.6726470838828515, 'learning_rate': 0.016907619836499254, 'max_depth': 20, 'min_child_weight': 5, 'eval_metric': 'rmse'}. Best is trial 463 with value: 0.12284958614550846.
start listen on 192.168.1.101:58761
@tracker All of 1 nodes getting started
@tracker All nodes finishes job
Trial 817 finished with value: 0.12363850209003927 and parameters: {'objective': 'reg:squarederror', 'tree_method': 'gpu_hist', 'lambda': 6.699902949741528, 'alpha': 2.7656251921876445, 'colsample_bytree': 0.6756434187101373, 'subsample': 0.635078992047275, 'learning_rate': 0.016805172895388375, 'max_depth': 20, 'min_child_weight': 1, 'eval_metric': 'rmse'}. Best is trial 463 with value: 0.12284958614550846.
start listen on 192.168.1.101:44395
@tracker All of 1 nodes getting started
@tracker All nodes finishes job
Trial 818 finished with value: 0.1233165313272271 and parameters: {'objective': 'reg:squarederror', 'tree_method': 'gpu_hist', 'lambda': 8.02590701613993, 'alpha': 2.663088552000796, 'colsample_bytree': 0.6875757625055224, 'subsample': 0.6171961048668305, 'learning_rate': 0.019121585272377898, 'max_depth': 20, 'min_child_weight': 11, 'eval_metric': 'rmse'}. Best is trial 463 with value: 0.12284958614550846.
start listen on 192.168.1.101:51001
@tracker All of 1 nodes getting started
@tracker All nodes finishes job
Trial 819 finished with value: 0.12390994379244896 and parameters: {'objective': 'reg:squarederror', 'tree_method': 'gpu_hist', 'lambda': 5.471705305852458, 'alpha': 3.675710449218473, 'colsample_bytree': 0.6661539234511505, 'subsample': 0.6033858036457647, 'learning_rate': 0.016111167523167134, 'max_depth': 20, 'min_child_weight': 7, 'eval_metric': 'rmse'}. Best is trial 463 with value: 0.12284958614550846.
start listen on 192.168.1.101:41211
@tracker All of 1 nodes getting started
@tracker All nodes finishes job
Trial 820 finished with value: 0.12704553439156221 and parameters: {'objective': 'reg:squarederror', 'tree_method': 'gpu_hist', 'lambda': 7.567709179520563, 'alpha': 1.9863020321020346, 'colsample_bytree': 0.6421673742433162, 'subsample': 0.6172059665268164, 'learning_rate': 0.015741885556190688, 'max_depth': 5, 'min_child_weight': 17, 'eval_metric': 'rmse'}. Best is trial 463 with value: 0.12284958614550846.
start listen on 192.168.1.101:38503
@tracker All of 1 nodes getting started
@tracker All nodes finishes job
Trial 821 finished with value: 0.12347743765843179 and parameters: {'objective': 'reg:squarederror', 'tree_method': 'gpu_hist', 'lambda': 0.3665810556539397, 'alpha': 2.1470781416277323, 'colsample_bytree': 0.6866276418915465, 'subsample': 0.6340931276916134, 'learning_rate': 0.017791686420699258, 'max_depth': 20, 'min_child_weight': 11, 'eval_metric': 'rmse'}. Best is trial 463 with value: 0.12284958614550846.
start listen on 192.168.1.101:46299
@tracker All of 1 nodes getting started
@tracker All nodes finishes job
Trial 822 finished with value: 0.12314479107264234 and parameters: {'objective': 'reg:squarederror', 'tree_method': 'gpu_hist', 'lambda': 6.497574152949776, 'alpha': 1.9376708354929968, 'colsample_bytree': 0.6756691477220336, 'subsample': 0.6046023938415295, 'learning_rate': 0.015530652193529438, 'max_depth': 20, 'min_child_weight': 6, 'eval_metric': 'rmse'}. Best is trial 463 with value: 0.12284958614550846.
start listen on 192.168.1.101:35717
@tracker All of 1 nodes getting started
@tracker All nodes finishes job
Trial 823 finished with value: 0.12363709178220662 and parameters: {'objective': 'reg:squarederror', 'tree_method': 'gpu_hist', 'lambda': 4.610232654867736, 'alpha': 2.8541176623793945, 'colsample_bytree': 0.6617674382669365, 'subsample': 0.6265025753156983, 'learning_rate': 0.019237211009718088, 'max_depth': 20, 'min_child_weight': 5, 'eval_metric': 'rmse'}. Best is trial 463 with value: 0.12284958614550846.
start listen on 192.168.1.101:51835
@tracker All of 1 nodes getting started
@tracker All nodes finishes job
Trial 824 finished with value: 0.13155632503356904 and parameters: {'objective': 'reg:squarederror', 'tree_method': 'gpu_hist', 'lambda': 3.7051756170307297, 'alpha': 3.3905935683263175, 'colsample_bytree': 0.6742525282260328, 'subsample': 0.6117263218368464, 'learning_rate': 0.016261953511331154, 'max_depth': 3, 'min_child_weight': 6, 'eval_metric': 'rmse'}. Best is trial 463 with value: 0.12284958614550846.
start listen on 192.168.1.101:49337
@tracker All of 1 nodes getting started
@tracker All nodes finishes job
Trial 825 finished with value: 0.12562478039253971 and parameters: {'objective': 'reg:squarederror', 'tree_method': 'gpu_hist', 'lambda': 5.074966999827033, 'alpha': 2.7190588089492356, 'colsample_bytree': 0.6554198011365306, 'subsample': 0.6034760420526083, 'learning_rate': 0.021847258218685803, 'max_depth': 20, 'min_child_weight': 1, 'eval_metric': 'rmse'}. Best is trial 463 with value: 0.12284958614550846.
start listen on 192.168.1.101:34303
@tracker All of 1 nodes getting started
@tracker All nodes finishes job
Trial 826 finished with value: 0.12379251276869843 and parameters: {'objective': 'reg:squarederror', 'tree_method': 'gpu_hist', 'lambda': 6.100164706199436, 'alpha': 2.165342808956154, 'colsample_bytree': 0.622401156335939, 'subsample': 0.6239329097846492, 'learning_rate': 0.01723624501888222, 'max_depth': 20, 'min_child_weight': 1, 'eval_metric': 'rmse'}. Best is trial 463 with value: 0.12284958614550846.
start listen on 192.168.1.101:60179
@tracker All of 1 nodes getting started
@tracker All nodes finishes job
Trial 827 finished with value: 0.12341484722021526 and parameters: {'objective': 'reg:squarederror', 'tree_method': 'gpu_hist', 'lambda': 3.2991049892132, 'alpha': 2.0801687726816325, 'colsample_bytree': 0.6387736906148248, 'subsample': 0.6400191150832929, 'learning_rate': 0.015714346614006832, 'max_depth': 20, 'min_child_weight': 10, 'eval_metric': 'rmse'}. Best is trial 463 with value: 0.12284958614550846.
start listen on 192.168.1.101:43517
@tracker All of 1 nodes getting started
@tracker All nodes finishes job
Trial 828 finished with value: 0.1243899865100764 and parameters: {'objective': 'reg:squarederror', 'tree_method': 'gpu_hist', 'lambda': 4.862523424899285, 'alpha': 1.8243480980834825, 'colsample_bytree': 0.6738748811348838, 'subsample': 0.6470589147598564, 'learning_rate': 0.018755307047271505, 'max_depth': 20, 'min_child_weight': 16, 'eval_metric': 'rmse'}. Best is trial 463 with value: 0.12284958614550846.
start listen on 192.168.1.101:32993
@tracker All of 1 nodes getting started
@tracker All nodes finishes job
Trial 829 finished with value: 0.12315431193683885 and parameters: {'objective': 'reg:squarederror', 'tree_method': 'gpu_hist', 'lambda': 6.210537053419128, 'alpha': 2.3291674465012706, 'colsample_bytree': 0.681135830586802, 'subsample': 0.6153070288145718, 'learning_rate': 0.015183685266799741, 'max_depth': 20, 'min_child_weight': 6, 'eval_metric': 'rmse'}. Best is trial 463 with value: 0.12284958614550846.
start listen on 192.168.1.101:34579
@tracker All of 1 nodes getting started
@tracker All nodes finishes job
Trial 830 finished with value: 0.14091910471070163 and parameters: {'objective': 'reg:squarederror', 'tree_method': 'gpu_hist', 'lambda': 5.2154348712693395, 'alpha': 3.233667344881179, 'colsample_bytree': 0.6591960442765836, 'subsample': 0.6316022569238594, 'learning_rate': 0.016695415501718127, 'max_depth': 20, 'min_child_weight': 98, 'eval_metric': 'rmse'}. Best is trial 463 with value: 0.12284958614550846.
start listen on 192.168.1.101:59817
@tracker All of 1 nodes getting started
@tracker All nodes finishes job
Trial 831 finished with value: 0.12384099946608791 and parameters: {'objective': 'reg:squarederror', 'tree_method': 'gpu_hist', 'lambda': 3.9234449190389546, 'alpha': 2.836624247405961, 'colsample_bytree': 0.6673312663072101, 'subsample': 0.6172606640251755, 'learning_rate': 0.015344071353288708, 'max_depth': 20, 'min_child_weight': 7, 'eval_metric': 'rmse'}. Best is trial 463 with value: 0.12284958614550846.
start listen on 192.168.1.101:50903
@tracker All of 1 nodes getting started
@tracker All nodes finishes job
Trial 832 finished with value: 0.12298981269145033 and parameters: {'objective': 'reg:squarederror', 'tree_method': 'gpu_hist', 'lambda': 4.318810265930119, 'alpha': 3.7066999276089163, 'colsample_bytree': 0.6763348954529669, 'subsample': 0.6226986196092521, 'learning_rate': 0.015114297094331335, 'max_depth': 20, 'min_child_weight': 11, 'eval_metric': 'rmse'}. Best is trial 463 with value: 0.12284958614550846.
start listen on 192.168.1.101:46777
@tracker All of 1 nodes getting started
@tracker All nodes finishes job
Trial 833 finished with value: 0.12530828979895375 and parameters: {'objective': 'reg:squarederror', 'tree_method': 'gpu_hist', 'lambda': 3.616703134290496, 'alpha': 7.729242181632493, 'colsample_bytree': 0.6814210917543938, 'subsample': 0.6605222247661845, 'learning_rate': 0.019388262840320115, 'max_depth': 17, 'min_child_weight': 18, 'eval_metric': 'rmse'}. Best is trial 463 with value: 0.12284958614550846.
start listen on 192.168.1.101:41501
@tracker All of 1 nodes getting started
@tracker All nodes finishes job
Trial 834 finished with value: 0.12486389341278006 and parameters: {'objective': 'reg:squarederror', 'tree_method': 'gpu_hist', 'lambda': 4.156164760445169, 'alpha': 2.6832544575108623, 'colsample_bytree': 0.6751997350247194, 'subsample': 0.64274322755166, 'learning_rate': 0.01769811288764605, 'max_depth': 20, 'min_child_weight': 25, 'eval_metric': 'rmse'}. Best is trial 463 with value: 0.12284958614550846.
start listen on 192.168.1.101:55557
@tracker All of 1 nodes getting started
@tracker All nodes finishes job
Trial 835 finished with value: 0.1238885052303423 and parameters: {'objective': 'reg:squarederror', 'tree_method': 'gpu_hist', 'lambda': 4.791710742448196, 'alpha': 2.2422858280857794, 'colsample_bytree': 0.6851645514043243, 'subsample': 0.6231152857487816, 'learning_rate': 0.015346299711251012, 'max_depth': 7, 'min_child_weight': 12, 'eval_metric': 'rmse'}. Best is trial 463 with value: 0.12284958614550846.
start listen on 192.168.1.101:53427
@tracker All of 1 nodes getting started
@tracker All nodes finishes job
Trial 836 finished with value: 0.12506922670749307 and parameters: {'objective': 'reg:squarederror', 'tree_method': 'gpu_hist', 'lambda': 4.391932243595278, 'alpha': 5.278070151270321, 'colsample_bytree': 0.6865076222003818, 'subsample': 0.6108348607244919, 'learning_rate': 0.016926241070710103, 'max_depth': 9, 'min_child_weight': 1, 'eval_metric': 'rmse'}. Best is trial 463 with value: 0.12284958614550846.
start listen on 192.168.1.101:48775
@tracker All of 1 nodes getting started
@tracker All nodes finishes job
Trial 837 finished with value: 0.12343020496089022 and parameters: {'objective': 'reg:squarederror', 'tree_method': 'gpu_hist', 'lambda': 5.377855658021037, 'alpha': 3.2457075143411456, 'colsample_bytree': 0.6472661404873101, 'subsample': 0.6347085175586024, 'learning_rate': 0.02027581046089657, 'max_depth': 20, 'min_child_weight': 7, 'eval_metric': 'rmse'}. Best is trial 463 with value: 0.12284958614550846.
start listen on 192.168.1.101:42523
@tracker All of 1 nodes getting started
@tracker All nodes finishes job
Trial 838 finished with value: 0.14627767404494285 and parameters: {'objective': 'reg:squarederror', 'tree_method': 'gpu_hist', 'lambda': 5.8101917724197, 'alpha': 5.737146409211719, 'colsample_bytree': 0.6733166421929012, 'subsample': 0.615790337938387, 'learning_rate': 0.015245236055517255, 'max_depth': 13, 'min_child_weight': 124, 'eval_metric': 'rmse'}. Best is trial 463 with value: 0.12284958614550846.
start listen on 192.168.1.101:54301
@tracker All of 1 nodes getting started
@tracker All nodes finishes job
