Trial 587 finished with value: 0.19055321727907515 and parameters: {'objective': 'reg:squarederror', 'tree_method': 'gpu_hist', 'lambda': 8.505601556595774, 'alpha': 0.3150100750816268, 'colsample_bytree': 0.7210608852948349, 'subsample': 0.6424204728893415, 'learning_rate': 0.011351589665273268, 'max_depth': 20, 'min_child_weight': 265, 'eval_metric': 'rmse'}. Best is trial 463 with value: 0.12284958614550846.
start listen on 192.168.1.101:53913
@tracker All of 1 nodes getting started
@tracker All nodes finishes job
Trial 588 finished with value: 0.12381404759617527 and parameters: {'objective': 'reg:squarederror', 'tree_method': 'gpu_hist', 'lambda': 5.850550208570614, 'alpha': 0.581351921790707, 'colsample_bytree': 0.6572108173487259, 'subsample': 0.6082090382659302, 'learning_rate': 0.00794189098749956, 'max_depth': 20, 'min_child_weight': 6, 'eval_metric': 'rmse'}. Best is trial 463 with value: 0.12284958614550846.
start listen on 192.168.1.101:54167
@tracker All of 1 nodes getting started
@tracker All nodes finishes job
Trial 589 finished with value: 0.12380977455595835 and parameters: {'objective': 'reg:squarederror', 'tree_method': 'gpu_hist', 'lambda': 7.1824789813731185, 'alpha': 1.000909360210014, 'colsample_bytree': 0.7075211755627312, 'subsample': 0.582861632592322, 'learning_rate': 0.014467622439872764, 'max_depth': 20, 'min_child_weight': 14, 'eval_metric': 'rmse'}. Best is trial 463 with value: 0.12284958614550846.
start listen on 192.168.1.101:53201
@tracker All of 1 nodes getting started
@tracker All nodes finishes job
Trial 590 finished with value: 0.12641709762386857 and parameters: {'objective': 'reg:squarederror', 'tree_method': 'gpu_hist', 'lambda': 8.683261788586227, 'alpha': 1.2507098547657056, 'colsample_bytree': 0.6728291196693106, 'subsample': 0.6222754628700277, 'learning_rate': 0.009614764401838716, 'max_depth': 20, 'min_child_weight': 25, 'eval_metric': 'rmse'}. Best is trial 463 with value: 0.12284958614550846.
start listen on 192.168.1.101:44907
@tracker All of 1 nodes getting started
@tracker All nodes finishes job
Trial 591 finished with value: 0.12543672030439348 and parameters: {'objective': 'reg:squarederror', 'tree_method': 'gpu_hist', 'lambda': 4.794371259387103, 'alpha': 0.6887682549141626, 'colsample_bytree': 0.6881676429800605, 'subsample': 0.5306288877816342, 'learning_rate': 0.019474554428101268, 'max_depth': 15, 'min_child_weight': 6, 'eval_metric': 'rmse'}. Best is trial 463 with value: 0.12284958614550846.
start listen on 192.168.1.101:40385
@tracker All of 1 nodes getting started
@tracker All nodes finishes job
Trial 592 finished with value: 0.12453592121037046 and parameters: {'objective': 'reg:squarederror', 'tree_method': 'gpu_hist', 'lambda': 6.346671849073544, 'alpha': 0.8515732564928884, 'colsample_bytree': 0.7298245878622904, 'subsample': 0.5968751028688775, 'learning_rate': 0.013586744892351857, 'max_depth': 20, 'min_child_weight': 21, 'eval_metric': 'rmse'}. Best is trial 463 with value: 0.12284958614550846.
start listen on 192.168.1.101:41649
@tracker All of 1 nodes getting started
@tracker All nodes finishes job
Trial 593 finished with value: 0.12379491029266515 and parameters: {'objective': 'reg:squarederror', 'tree_method': 'gpu_hist', 'lambda': 8.647709058338172, 'alpha': 0.39644052023823995, 'colsample_bytree': 0.7432291553959918, 'subsample': 0.6090724370322309, 'learning_rate': 0.016459827038226526, 'max_depth': 20, 'min_child_weight': 11, 'eval_metric': 'rmse'}. Best is trial 463 with value: 0.12284958614550846.
start listen on 192.168.1.101:41591
@tracker All of 1 nodes getting started
@tracker All nodes finishes job
Trial 594 finished with value: 0.1245841055113308 and parameters: {'objective': 'reg:squarederror', 'tree_method': 'gpu_hist', 'lambda': 0.2995247734896751, 'alpha': 1.853014851539944, 'colsample_bytree': 0.7033485152919872, 'subsample': 0.6306434400404427, 'learning_rate': 0.012092120206385112, 'max_depth': 20, 'min_child_weight': 1, 'eval_metric': 'rmse'}. Best is trial 463 with value: 0.12284958614550846.
start listen on 192.168.1.101:45831
@tracker All of 1 nodes getting started
@tracker All nodes finishes job
Trial 595 finished with value: 0.12763032156765167 and parameters: {'objective': 'reg:squarederror', 'tree_method': 'gpu_hist', 'lambda': 7.453503799301279, 'alpha': 1.4185146582558803, 'colsample_bytree': 0.7143884197334149, 'subsample': 0.586803950186066, 'learning_rate': 0.00589492346150211, 'max_depth': 20, 'min_child_weight': 16, 'eval_metric': 'rmse'}. Best is trial 463 with value: 0.12284958614550846.
start listen on 192.168.1.101:49849
@tracker All of 1 nodes getting started
@tracker All nodes finishes job
Trial 596 finished with value: 0.12628112744620815 and parameters: {'objective': 'reg:squarederror', 'tree_method': 'gpu_hist', 'lambda': 9.881686760771611, 'alpha': 1.1199073131543569, 'colsample_bytree': 0.6810959438651312, 'subsample': 0.5733629966379731, 'learning_rate': 0.018204492284200534, 'max_depth': 5, 'min_child_weight': 7, 'eval_metric': 'rmse'}. Best is trial 463 with value: 0.12284958614550846.
start listen on 192.168.1.101:35003
@tracker All of 1 nodes getting started
@tracker All nodes finishes job
Trial 597 finished with value: 0.12757647304197545 and parameters: {'objective': 'reg:squarederror', 'tree_method': 'gpu_hist', 'lambda': 5.83448610741967, 'alpha': 0.944603583456314, 'colsample_bytree': 0.7287387702615921, 'subsample': 0.6167446165395317, 'learning_rate': 0.010833642025277958, 'max_depth': 20, 'min_child_weight': 32, 'eval_metric': 'rmse'}. Best is trial 463 with value: 0.12284958614550846.
start listen on 192.168.1.101:48797
@tracker All of 1 nodes getting started
@tracker All nodes finishes job
Trial 598 finished with value: 0.1242707141084273 and parameters: {'objective': 'reg:squarederror', 'tree_method': 'gpu_hist', 'lambda': 7.372859975183505, 'alpha': 0.12072479493589638, 'colsample_bytree': 0.6951041051889375, 'subsample': 0.6008955340437999, 'learning_rate': 0.01409454937916396, 'max_depth': 11, 'min_child_weight': 11, 'eval_metric': 'rmse'}. Best is trial 463 with value: 0.12284958614550846.
start listen on 192.168.1.101:60373
@tracker All of 1 nodes getting started
@tracker All nodes finishes job
Trial 599 finished with value: 0.13829451383593452 and parameters: {'objective': 'reg:squarederror', 'tree_method': 'gpu_hist', 'lambda': 8.607473105625276, 'alpha': 0.02629625632558526, 'colsample_bytree': 0.7168731021660252, 'subsample': 0.5923594158289945, 'learning_rate': 0.008678612842480093, 'max_depth': 3, 'min_child_weight': 19, 'eval_metric': 'rmse'}. Best is trial 463 with value: 0.12284958614550846.
start listen on 192.168.1.101:39963
@tracker All of 1 nodes getting started
@tracker All nodes finishes job
Trial 600 finished with value: 0.12470102282664357 and parameters: {'objective': 'reg:squarederror', 'tree_method': 'gpu_hist', 'lambda': 5.316550412664025, 'alpha': 1.5542222173711002, 'colsample_bytree': 0.6661288958087984, 'subsample': 0.6382942807096535, 'learning_rate': 0.015319339256356623, 'max_depth': 20, 'min_child_weight': 1, 'eval_metric': 'rmse'}. Best is trial 463 with value: 0.12284958614550846.
start listen on 192.168.1.101:38217
@tracker All of 1 nodes getting started
@tracker All nodes finishes job
Trial 601 finished with value: 0.12469362024408266 and parameters: {'objective': 'reg:squarederror', 'tree_method': 'gpu_hist', 'lambda': 4.102784010742508, 'alpha': 0.7998287389493532, 'colsample_bytree': 0.7564959257968275, 'subsample': 0.6084192694853843, 'learning_rate': 0.01016498053539429, 'max_depth': 20, 'min_child_weight': 11, 'eval_metric': 'rmse'}. Best is trial 463 with value: 0.12284958614550846.
start listen on 192.168.1.101:57883
@tracker All of 1 nodes getting started
@tracker All nodes finishes job
Trial 602 finished with value: 0.1251696269473874 and parameters: {'objective': 'reg:squarederror', 'tree_method': 'gpu_hist', 'lambda': 6.6860369746718575, 'alpha': 1.2345954864149622, 'colsample_bytree': 0.7032429927791518, 'subsample': 0.6257098262685002, 'learning_rate': 0.012505556008364779, 'max_depth': 20, 'min_child_weight': 24, 'eval_metric': 'rmse'}. Best is trial 463 with value: 0.12284958614550846.
start listen on 192.168.1.101:56065
@tracker All of 1 nodes getting started
@tracker All nodes finishes job
Trial 603 finished with value: 0.12365567327920572 and parameters: {'objective': 'reg:squarederror', 'tree_method': 'gpu_hist', 'lambda': 9.954926952406124, 'alpha': 2.3203378744907415, 'colsample_bytree': 0.6453707758805313, 'subsample': 0.5863768378699189, 'learning_rate': 0.011723776167720006, 'max_depth': 20, 'min_child_weight': 6, 'eval_metric': 'rmse'}. Best is trial 463 with value: 0.12284958614550846.
start listen on 192.168.1.101:37983
@tracker All of 1 nodes getting started
@tracker All nodes finishes job
Trial 604 finished with value: 0.12434408175411227 and parameters: {'objective': 'reg:squarederror', 'tree_method': 'gpu_hist', 'lambda': 7.476171839117657, 'alpha': 0.5262166323056268, 'colsample_bytree': 0.7362197632979527, 'subsample': 0.600777074617608, 'learning_rate': 0.016866822333042278, 'max_depth': 20, 'min_child_weight': 15, 'eval_metric': 'rmse'}. Best is trial 463 with value: 0.12284958614550846.
start listen on 192.168.1.101:39069
@tracker All of 1 nodes getting started
@tracker All nodes finishes job
Trial 605 finished with value: 0.12615331795452336 and parameters: {'objective': 'reg:squarederror', 'tree_method': 'gpu_hist', 'lambda': 0.04356389592522782, 'alpha': 0.6569582897604183, 'colsample_bytree': 0.6878313026035227, 'subsample': 0.6186955934339148, 'learning_rate': 0.013403675180569497, 'max_depth': 20, 'min_child_weight': 6, 'eval_metric': 'rmse'}. Best is trial 463 with value: 0.12284958614550846.
start listen on 192.168.1.101:56451
@tracker All of 1 nodes getting started
@tracker All nodes finishes job
Trial 606 finished with value: 0.12462414895596942 and parameters: {'objective': 'reg:squarederror', 'tree_method': 'gpu_hist', 'lambda': 5.468223591137446, 'alpha': 1.007239592659209, 'colsample_bytree': 0.7165130191218944, 'subsample': 0.5612706854195105, 'learning_rate': 0.014887532710077802, 'max_depth': 20, 'min_child_weight': 16, 'eval_metric': 'rmse'}. Best is trial 463 with value: 0.12284958614550846.
start listen on 192.168.1.101:41397
@tracker All of 1 nodes getting started
@tracker All nodes finishes job
Trial 607 finished with value: 0.12433549014767538 and parameters: {'objective': 'reg:squarederror', 'tree_method': 'gpu_hist', 'lambda': 9.936125182320088, 'alpha': 1.381433384422915, 'colsample_bytree': 0.6711565987875957, 'subsample': 0.5782620442591015, 'learning_rate': 0.009295806942985565, 'max_depth': 17, 'min_child_weight': 1, 'eval_metric': 'rmse'}. Best is trial 463 with value: 0.12284958614550846.
start listen on 192.168.1.101:56313
@tracker All of 1 nodes getting started
@tracker All nodes finishes job
Trial 608 finished with value: 0.12341440282627222 and parameters: {'objective': 'reg:squarederror', 'tree_method': 'gpu_hist', 'lambda': 6.499196211093122, 'alpha': 1.7735834288038863, 'colsample_bytree': 0.7008835269439663, 'subsample': 0.609534644385668, 'learning_rate': 0.010976126729317843, 'max_depth': 20, 'min_child_weight': 10, 'eval_metric': 'rmse'}. Best is trial 463 with value: 0.12284958614550846.
start listen on 192.168.1.101:59773
@tracker All of 1 nodes getting started
@tracker All nodes finishes job
Trial 609 finished with value: 0.12637140020531668 and parameters: {'objective': 'reg:squarederror', 'tree_method': 'gpu_hist', 'lambda': 8.072536464330126, 'alpha': 1.126987014190316, 'colsample_bytree': 0.6087693174172077, 'subsample': 0.6469657915556905, 'learning_rate': 0.012770477853505512, 'max_depth': 7, 'min_child_weight': 21, 'eval_metric': 'rmse'}. Best is trial 463 with value: 0.12284958614550846.
start listen on 192.168.1.101:47033
@tracker All of 1 nodes getting started
@tracker All nodes finishes job
Trial 610 finished with value: 0.12341000558572374 and parameters: {'objective': 'reg:squarederror', 'tree_method': 'gpu_hist', 'lambda': 7.4671128514043925, 'alpha': 0.8306019835048218, 'colsample_bytree': 0.7473285199579899, 'subsample': 0.5958672434265159, 'learning_rate': 0.009920160697324033, 'max_depth': 20, 'min_child_weight': 11, 'eval_metric': 'rmse'}. Best is trial 463 with value: 0.12284958614550846.
start listen on 192.168.1.101:41301
@tracker All of 1 nodes getting started
@tracker All nodes finishes job
Trial 611 finished with value: 0.12394102667089306 and parameters: {'objective': 'reg:squarederror', 'tree_method': 'gpu_hist', 'lambda': 4.570904632872134, 'alpha': 0.6914442672704018, 'colsample_bytree': 0.7257986681139796, 'subsample': 0.6299013841591373, 'learning_rate': 0.011185254249243243, 'max_depth': 20, 'min_child_weight': 16, 'eval_metric': 'rmse'}. Best is trial 463 with value: 0.12284958614550846.
start listen on 192.168.1.101:39237
@tracker All of 1 nodes getting started
@tracker All nodes finishes job
Trial 612 finished with value: 0.12574474740840372 and parameters: {'objective': 'reg:squarederror', 'tree_method': 'gpu_hist', 'lambda': 0.0086247596056964, 'alpha': 0.9860525001666509, 'colsample_bytree': 0.656732951279095, 'subsample': 0.6165072745579592, 'learning_rate': 0.014360794553227498, 'max_depth': 20, 'min_child_weight': 7, 'eval_metric': 'rmse'}. Best is trial 463 with value: 0.12284958614550846.
start listen on 192.168.1.101:38053
@tracker All of 1 nodes getting started
@tracker All nodes finishes job
Trial 613 finished with value: 0.12451893191266279 and parameters: {'objective': 'reg:squarederror', 'tree_method': 'gpu_hist', 'lambda': 9.924819657724667, 'alpha': 1.4464178316462417, 'colsample_bytree': 0.7090055754170927, 'subsample': 0.8642717556654007, 'learning_rate': 0.017547444278205027, 'max_depth': 11, 'min_child_weight': 6, 'eval_metric': 'rmse'}. Best is trial 463 with value: 0.12284958614550846.
start listen on 192.168.1.101:52087
@tracker All of 1 nodes getting started
@tracker All nodes finishes job
Trial 614 finished with value: 0.17378652034090702 and parameters: {'objective': 'reg:squarederror', 'tree_method': 'gpu_hist', 'lambda': 6.174799664406689, 'alpha': 0.464073626227541, 'colsample_bytree': 0.6882812957207253, 'subsample': 0.6044039364725207, 'learning_rate': 0.011959991503062907, 'max_depth': 9, 'min_child_weight': 201, 'eval_metric': 'rmse'}. Best is trial 463 with value: 0.12284958614550846.
start listen on 192.168.1.101:51033
@tracker All of 1 nodes getting started
@tracker All nodes finishes job
Trial 615 finished with value: 0.14723052816887763 and parameters: {'objective': 'reg:squarederror', 'tree_method': 'gpu_hist', 'lambda': 8.336927242928194, 'alpha': 1.224522797103814, 'colsample_bytree': 0.7660847967075891, 'subsample': 0.5728662564026524, 'learning_rate': 0.002300928864527529, 'max_depth': 20, 'min_child_weight': 26, 'eval_metric': 'rmse'}. Best is trial 463 with value: 0.12284958614550846.
start listen on 192.168.1.101:57161
@tracker All of 1 nodes getting started
@tracker All nodes finishes job
Trial 616 finished with value: 0.12386370533201344 and parameters: {'objective': 'reg:squarederror', 'tree_method': 'gpu_hist', 'lambda': 6.852371625718025, 'alpha': 2.049788138096473, 'colsample_bytree': 0.6780716037309468, 'subsample': 0.5889610849962934, 'learning_rate': 0.015698982588875685, 'max_depth': 20, 'min_child_weight': 1, 'eval_metric': 'rmse'}. Best is trial 463 with value: 0.12284958614550846.
start listen on 192.168.1.101:56837
@tracker All of 1 nodes getting started
@tracker All nodes finishes job
Trial 617 finished with value: 0.13765693961844191 and parameters: {'objective': 'reg:squarederror', 'tree_method': 'gpu_hist', 'lambda': 8.538162781840233, 'alpha': 0.8572756889291878, 'colsample_bytree': 0.7350518075309297, 'subsample': 0.621238088279715, 'learning_rate': 0.00822685871171702, 'max_depth': 20, 'min_child_weight': 66, 'eval_metric': 'rmse'}. Best is trial 463 with value: 0.12284958614550846.
start listen on 192.168.1.101:43911
@tracker All of 1 nodes getting started
@tracker All nodes finishes job
Trial 618 finished with value: 0.1240537473661037 and parameters: {'objective': 'reg:squarederror', 'tree_method': 'gpu_hist', 'lambda': 5.3765546595733635, 'alpha': 0.6110551023271644, 'colsample_bytree': 0.637748548032063, 'subsample': 0.6043035216014649, 'learning_rate': 0.013290789093845467, 'max_depth': 20, 'min_child_weight': 14, 'eval_metric': 'rmse'}. Best is trial 463 with value: 0.12284958614550846.
start listen on 192.168.1.101:35743
@tracker All of 1 nodes getting started
@tracker All nodes finishes job
Trial 619 finished with value: 0.1475868091245411 and parameters: {'objective': 'reg:squarederror', 'tree_method': 'gpu_hist', 'lambda': 7.3812917446451705, 'alpha': 1.0584615173997927, 'colsample_bytree': 0.7213268247699668, 'subsample': 0.635482478071645, 'learning_rate': 0.010213502086125922, 'max_depth': 20, 'min_child_weight': 115, 'eval_metric': 'rmse'}. Best is trial 463 with value: 0.12284958614550846.
start listen on 192.168.1.101:56841
@tracker All of 1 nodes getting started
@tracker All nodes finishes job
Trial 620 finished with value: 0.12645783773373645 and parameters: {'objective': 'reg:squarederror', 'tree_method': 'gpu_hist', 'lambda': 0.09848512648835696, 'alpha': 0.7361510108988957, 'colsample_bytree': 0.6977168282455206, 'subsample': 0.5904027241452606, 'learning_rate': 0.007044074113778351, 'max_depth': 20, 'min_child_weight': 21, 'eval_metric': 'rmse'}. Best is trial 463 with value: 0.12284958614550846.
start listen on 192.168.1.101:57647
@tracker All of 1 nodes getting started
@tracker All nodes finishes job
Trial 621 finished with value: 0.12315664107172937 and parameters: {'objective': 'reg:squarederror', 'tree_method': 'gpu_hist', 'lambda': 6.25475251430722, 'alpha': 1.6702881705292916, 'colsample_bytree': 0.7114331667461097, 'subsample': 0.6134722501246636, 'learning_rate': 0.011974220856059637, 'max_depth': 20, 'min_child_weight': 10, 'eval_metric': 'rmse'}. Best is trial 463 with value: 0.12284958614550846.
start listen on 192.168.1.101:56023
@tracker All of 1 nodes getting started
@tracker All nodes finishes job
Trial 622 finished with value: 0.12772923174271658 and parameters: {'objective': 'reg:squarederror', 'tree_method': 'gpu_hist', 'lambda': 3.634728038297159, 'alpha': 2.3024107268383283, 'colsample_bytree': 0.7116423543141704, 'subsample': 0.6255518610610507, 'learning_rate': 0.01107341579211466, 'max_depth': 20, 'min_child_weight': 33, 'eval_metric': 'rmse'}. Best is trial 463 with value: 0.12284958614550846.
start listen on 192.168.1.101:55833
@tracker All of 1 nodes getting started
@tracker All nodes finishes job
Trial 623 finished with value: 0.12577387374387303 and parameters: {'objective': 'reg:squarederror', 'tree_method': 'gpu_hist', 'lambda': 4.647370520710702, 'alpha': 2.6033992743034298, 'colsample_bytree': 0.7293481695617172, 'subsample': 0.6437361369521492, 'learning_rate': 0.009382617182242921, 'max_depth': 20, 'min_child_weight': 19, 'eval_metric': 'rmse'}. Best is trial 463 with value: 0.12284958614550846.
start listen on 192.168.1.101:39515
@tracker All of 1 nodes getting started
@tracker All nodes finishes job
Trial 624 finished with value: 0.12613310240820055 and parameters: {'objective': 'reg:squarederror', 'tree_method': 'gpu_hist', 'lambda': 5.649721383809337, 'alpha': 1.6625325880151198, 'colsample_bytree': 0.7066860325401961, 'subsample': 0.6154955830161754, 'learning_rate': 0.01184880323553828, 'max_depth': 20, 'min_child_weight': 27, 'eval_metric': 'rmse'}. Best is trial 463 with value: 0.12284958614550846.
start listen on 192.168.1.101:60917
@tracker All of 1 nodes getting started
@tracker All nodes finishes job
Trial 625 finished with value: 0.12471944679776392 and parameters: {'objective': 'reg:squarederror', 'tree_method': 'gpu_hist', 'lambda': 6.146971925813085, 'alpha': 2.95561049424696, 'colsample_bytree': 0.7414863558382758, 'subsample': 0.6656813726970032, 'learning_rate': 0.010286934086207808, 'max_depth': 20, 'min_child_weight': 13, 'eval_metric': 'rmse'}. Best is trial 463 with value: 0.12284958614550846.
start listen on 192.168.1.101:35227
@tracker All of 1 nodes getting started
@tracker All nodes finishes job
Trial 626 finished with value: 0.14050868180914183 and parameters: {'objective': 'reg:squarederror', 'tree_method': 'gpu_hist', 'lambda': 0.07356867954061141, 'alpha': 1.9015198566895177, 'colsample_bytree': 0.7197373342201211, 'subsample': 0.8314037591508476, 'learning_rate': 0.008786409110570933, 'max_depth': 20, 'min_child_weight': 94, 'eval_metric': 'rmse'}. Best is trial 463 with value: 0.12284958614550846.
start listen on 192.168.1.101:40209
@tracker All of 1 nodes getting started
@tracker All nodes finishes job
Trial 627 finished with value: 0.12529272236114503 and parameters: {'objective': 'reg:squarederror', 'tree_method': 'gpu_hist', 'lambda': 8.579801371432124, 'alpha': 1.6646622649798306, 'colsample_bytree': 0.6985749084731369, 'subsample': 0.5112142407255776, 'learning_rate': 0.012295865091916358, 'max_depth': 20, 'min_child_weight': 19, 'eval_metric': 'rmse'}. Best is trial 463 with value: 0.12284958614550846.
start listen on 192.168.1.101:58695
@tracker All of 1 nodes getting started
@tracker All nodes finishes job
Trial 628 finished with value: 0.12467115105575592 and parameters: {'objective': 'reg:squarederror', 'tree_method': 'gpu_hist', 'lambda': 4.506872148509073, 'alpha': 0.0030139636038944736, 'colsample_bytree': 0.6841353692572439, 'subsample': 0.5799232018766718, 'learning_rate': 0.010815915009455947, 'max_depth': 20, 'min_child_weight': 10, 'eval_metric': 'rmse'}. Best is trial 463 with value: 0.12284958614550846.
start listen on 192.168.1.101:43931
@tracker All of 1 nodes getting started
@tracker All nodes finishes job
