number,value,params_alpha,params_colsample_bytree,params_eval_metric,params_lambda,params_learning_rate,params_max_depth,params_min_child_weight,params_objective,params_subsample,params_tree_method,state
393,0.12364652542392013,2.0021309150510778,0.7013357841677006,rmse,6.4976023703979315,0.013357765822385369,20,6,reg:squarederror,0.6045662873769451,gpu_hist,COMPLETE
394,0.12443198985020014,0.8561014577527266,0.7257969314670778,rmse,7.9992600868470145,0.011806132444490644,20,20,reg:squarederror,0.5879959571056859,gpu_hist,COMPLETE
395,0.14185736055968926,1.6598042599179943,0.6892883926766014,rmse,5.29088018434527,0.015476664773916099,20,93,reg:squarederror,0.6003694183529626,gpu_hist,COMPLETE
396,0.12727350462632395,1.134243455287026,0.6444224821870616,rmse,8.167867926371494,0.03747576909937744,20,13,reg:squarederror,0.6284916141514764,gpu_hist,COMPLETE
397,0.12369886751233779,0.9334259189520776,0.6088031649977166,rmse,6.531275347795201,0.012421788196872858,20,1,reg:squarederror,0.6140005901238125,gpu_hist,COMPLETE
398,0.12561283220542965,1.3747619300251006,0.7131106306273916,rmse,3.96090342813911,0.01099546608532522,20,22,reg:squarederror,0.5705021841161164,gpu_hist,COMPLETE
399,0.12364913956098715,0.7701032617842766,0.662878102312627,rmse,8.22481777564513,0.014434197063837594,20,6,reg:squarederror,0.593311240194904,gpu_hist,COMPLETE
400,0.12387478054558601,1.019789477317213,0.7324088359413576,rmse,6.797477603923168,0.010773351622570357,20,13,reg:squarederror,0.631248443477936,gpu_hist,COMPLETE
401,0.12444735420047985,1.5971848061626346,0.7018422303969946,rmse,5.6578687509617485,0.0135456497768972,7,10,reg:squarederror,0.605798551765365,gpu_hist,COMPLETE
402,0.12428717185577316,0.7083128779368719,0.6755419291059799,rmse,1.693324980014681,0.012106482634057857,20,17,reg:squarederror,0.5775587955087721,gpu_hist,COMPLETE
403,0.12437848874728555,1.3858944237084088,0.7531873399184396,rmse,8.575703528968033,0.010498486201375796,20,6,reg:squarederror,0.617611969559193,gpu_hist,COMPLETE
404,0.12944840704575933,3.0554078821965582,0.7228633842989924,rmse,7.100663611615645,0.09800187660832549,20,27,reg:squarederror,0.5576847836625911,gpu_hist,COMPLETE
405,0.12393147126002586,0.8351030138321084,0.6872301746274518,rmse,9.987245921479332,0.011716454430205154,20,1,reg:squarederror,0.5980117397638537,gpu_hist,COMPLETE
406,0.12385374682612908,2.181850558103949,0.7094241352886436,rmse,4.869952086638579,0.01287761572336356,20,15,reg:squarederror,0.5853030531556772,gpu_hist,COMPLETE
407,0.12318070744439559,1.212176809544689,0.6363647691012074,rmse,7.639129393284305,0.009851284132055544,20,9,reg:squarederror,0.6463381573833954,gpu_hist,COMPLETE
408,0.1237851557770709,0.05280424872235983,0.6316778868012443,rmse,8.457575966030483,0.01646598925230168,20,21,reg:squarederror,0.6563176430678623,gpu_hist,COMPLETE
409,0.12412655381071175,1.229603965948853,0.6227272651608315,rmse,6.2657880383048346,0.015110294241089605,20,6,reg:squarederror,0.66243676079131,gpu_hist,COMPLETE
410,0.12349526072628508,1.8039551400859566,0.664322068222304,rmse,5.5979132577389885,0.01022989120637376,20,11,reg:squarederror,0.6472769811894233,gpu_hist,COMPLETE
411,0.12374386191612557,1.2430479269191286,0.644618651460033,rmse,8.447835015546525,0.013800626304003125,20,16,reg:squarederror,0.6382648555829784,gpu_hist,COMPLETE
412,0.13325853720033487,1.0411755742114321,0.6203986983198337,rmse,7.27315114690857,0.011155352555640648,5,36,reg:squarederror,0.630587795388287,gpu_hist,COMPLETE
413,0.12340469498654572,1.6104948271404549,0.6469320283148635,rmse,6.158555745892087,0.00979481137877578,20,6,reg:squarederror,0.647845849545526,gpu_hist,COMPLETE
414,0.12561924631755317,1.1542600718458544,0.6698658857487567,rmse,4.250659692175136,0.012186815872243866,20,25,reg:squarederror,0.62087673034951,gpu_hist,COMPLETE
415,0.1319779169152446,0.040014970778222844,0.6948364733236754,rmse,8.383645187548675,0.015929944700802837,3,10,reg:squarederror,0.6365957457515559,gpu_hist,COMPLETE
416,0.12403290483602511,1.4311697718085155,0.5974151396780012,rmse,7.175322665150036,0.01990136899293274,20,1,reg:squarederror,0.6183961971760584,gpu_hist,COMPLETE
417,0.12448045953857428,0.9382990950097301,0.634896456496097,rmse,4.77498169982582,0.011341751555718609,20,19,reg:squarederror,0.6090735006319862,gpu_hist,COMPLETE
418,0.12400632489130049,2.242801225812122,0.6868863647306765,rmse,8.675146257489478,0.013538396622923601,20,13,reg:squarederror,0.5905481938061807,gpu_hist,COMPLETE
419,0.12400942759625451,1.0345980153635315,0.706093166146237,rmse,6.103939888472451,0.01750969599299941,20,6,reg:squarederror,0.6233002406974021,gpu_hist,COMPLETE
420,0.13530831698411752,1.4265991966228497,0.6551096316852125,rmse,0.005413011906665144,0.00960469936777524,20,57,reg:squarederror,0.6049444964040127,gpu_hist,COMPLETE
421,0.12511720505046187,0.8524707056784426,0.6763603792588156,rmse,0.05276307721410405,0.014616251696319912,11,17,reg:squarederror,0.5716996292100073,gpu_hist,COMPLETE
422,0.12380551387441169,0.6700212455766121,0.7203650440070718,rmse,7.418218862298791,0.012569459647636033,20,10,reg:squarederror,0.6381836489546151,gpu_hist,COMPLETE
423,0.12704905023718344,1.1928995228719093,0.7422935116317415,rmse,5.347056266097659,0.011097298697920126,20,30,reg:squarederror,0.6117935327755659,gpu_hist,COMPLETE
424,0.12428433916373662,1.7129690390899488,0.6984218556853162,rmse,9.775502443396867,0.010290335234289086,20,1,reg:squarederror,0.5913298209267284,gpu_hist,COMPLETE
425,0.15721877309286297,0.9342550928329417,0.7171723343766935,rmse,7.006401011629233,0.012231178541357449,7,160,reg:squarederror,0.6482458874171548,gpu_hist,COMPLETE
426,0.12422081398211832,0.6058907383819105,0.6837307017752412,rmse,8.801552437627247,0.014003259877978704,20,20,reg:squarederror,0.6163329676557123,gpu_hist,COMPLETE
427,0.15069945709205398,1.2421863867255274,0.7014693282836785,rmse,6.247780843138827,0.009969804661746599,20,132,reg:squarederror,0.6291057946809889,gpu_hist,COMPLETE
428,0.12338668422017626,1.9429178126471334,0.7360734279996438,rmse,9.994708222465874,0.011286680152589742,20,7,reg:squarederror,0.6003516139988605,gpu_hist,COMPLETE
429,0.12371361903225514,0.824753153679009,0.6627395138019153,rmse,7.821174290023881,0.014689145417069518,20,14,reg:squarederror,0.5860359308124817,gpu_hist,COMPLETE
430,0.12457767893761439,1.0596836832184353,0.7175009771429532,rmse,5.236662031549777,0.016207739316920943,20,24,reg:squarederror,0.5752666622661495,gpu_hist,COMPLETE
431,0.12374152926906651,1.416790896237022,0.6921884859011762,rmse,0.4542659332653088,0.012514844833473638,20,11,reg:squarederror,0.6012354272872809,gpu_hist,COMPLETE
432,0.1253189221357443,0.7258184978278126,0.6378036887705697,rmse,3.3990476185869216,0.018449948294682505,20,6,reg:squarederror,0.6282844030870748,gpu_hist,COMPLETE
433,0.12454919671824265,0.552380194441139,0.7073536308515198,rmse,6.764999735117166,0.009524342969954155,20,16,reg:squarederror,0.6135740853362477,gpu_hist,COMPLETE
434,0.1233514992246173,0.9015341353323136,0.7299088508026171,rmse,8.322077601769694,0.010590075687452407,20,5,reg:squarederror,0.593561522566509,gpu_hist,COMPLETE
435,0.14616437991897535,1.1536283918268448,0.6777155000241879,rmse,8.510503044140686,0.013453595276687151,20,106,reg:squarederror,0.5815921675354596,gpu_hist,COMPLETE
436,0.12427797806156231,1.5520421092540457,0.7580871575213944,rmse,8.476486158220098,0.011389089848514486,20,6,reg:squarederror,0.5640433754150415,gpu_hist,COMPLETE
437,0.12686784783570385,0.019350935198151502,0.7383844912319267,rmse,0.07906565753206009,0.012718676214615471,20,5,reg:squarederror,0.5954952568590015,gpu_hist,COMPLETE
438,0.12792230404549493,8.044189965497127,0.7165803439456526,rmse,7.603573186379954,0.01087631708346844,20,1,reg:squarederror,0.5478853021072981,gpu_hist,COMPLETE
439,0.12317598604184817,0.9423565936865477,0.6944617516541053,rmse,9.99488035943067,0.015094392064862173,20,12,reg:squarederror,0.621818635250162,gpu_hist,COMPLETE
440,0.12467348988141784,0.9692382776477355,0.6551968007297725,rmse,9.861971383138043,0.016692322415986692,15,23,reg:squarederror,0.6116423633632295,gpu_hist,COMPLETE
441,0.1270467612231213,1.178120442487775,0.6693536682136029,rmse,9.713213163400573,0.015657092492026497,5,15,reg:squarederror,0.6218413015167659,gpu_hist,COMPLETE
442,0.12288592550916383,0.9237193753150672,0.6913341142029465,rmse,8.63500890127059,0.01498070420511115,20,12,reg:squarederror,0.6073753241479628,gpu_hist,COMPLETE
443,0.12457104546390493,1.2661617123371467,0.6813509338308174,rmse,9.769517250557772,0.015032286153422468,20,20,reg:squarederror,0.6262709493672487,gpu_hist,COMPLETE
444,0.12447581223382068,1.796003294690522,0.6917807846853459,rmse,6.231985322335256,0.01776497759975387,20,26,reg:squarederror,0.6090198761823572,gpu_hist,COMPLETE
445,0.13109374667019402,1.008821511422862,0.6731782496712438,rmse,9.909984632846411,0.020825709148440067,3,13,reg:squarederror,0.6349341462428771,gpu_hist,COMPLETE
446,0.12460934207398977,2.6674312629732198,0.6946791767746603,rmse,0.003343152623682526,0.014842289285832562,20,18,reg:squarederror,0.6171065965330277,gpu_hist,COMPLETE
447,0.126984735509294,1.4683846594049723,0.6581623557576468,rmse,7.63178388328479,0.016814977849685827,20,34,reg:squarederror,0.6052080204995306,gpu_hist,COMPLETE
448,0.12367108566677494,1.0624675666811532,0.6984191670406845,rmse,8.148564625781688,0.018884328750624374,20,11,reg:squarederror,0.6206463785766541,gpu_hist,COMPLETE
449,0.1246508892405341,0.855155794420341,0.6829892413579414,rmse,5.884410283849949,0.013820992396594645,11,18,reg:squarederror,0.6012445051172194,gpu_hist,COMPLETE
450,0.12395418942207398,1.2982430261941333,0.7041986436115044,rmse,9.970164717833637,0.014888881974226094,20,13,reg:squarederror,0.5798029996451112,gpu_hist,COMPLETE
451,0.12477081436309773,1.5579595321093538,0.6428687902126543,rmse,7.109535766571929,0.01684796424166044,20,24,reg:squarederror,0.6342618259646132,gpu_hist,COMPLETE
452,0.1250826969543068,0.001058314765359695,0.6774172809523303,rmse,4.572368350400812,0.013571399892317815,20,10,reg:squarederror,0.589848678385045,gpu_hist,COMPLETE
453,0.12430093378003917,2.1604444331974775,0.6151544601454603,rmse,8.233794318976397,0.016116792082779087,20,16,reg:squarederror,0.6112139206927665,gpu_hist,COMPLETE
454,0.1238636969192214,1.0621046672903613,0.6905237525439544,rmse,6.487599639292952,0.013560191837630102,20,6,reg:squarederror,0.6222453936598524,gpu_hist,COMPLETE
455,0.12367680828425051,0.8246762700896705,0.7080380495856287,rmse,5.207869444665344,0.015235057522427762,7,1,reg:squarederror,0.6023186552141381,gpu_hist,COMPLETE
456,0.13524663543295737,1.2192610240326665,0.6659251887870214,rmse,8.024533392548845,0.0035865415012529627,20,30,reg:squarederror,0.5873535760797098,gpu_hist,COMPLETE
457,0.12352343424086767,0.9096636418721198,0.7046424909545309,rmse,6.365535655406749,0.012378137630853027,20,11,reg:squarederror,0.612398128644433,gpu_hist,COMPLETE
458,0.12514076236495306,1.8059114538048724,0.6491600155578043,rmse,0.12833843933747302,0.014245968204339375,9,20,reg:squarederror,0.6312145049390168,gpu_hist,COMPLETE
459,0.12462138664289449,0.738097422620072,0.689621542927622,rmse,9.922830722882157,0.017819742931145736,20,1,reg:squarederror,0.5995307017401825,gpu_hist,COMPLETE
460,0.12367782952846579,1.3656696353933697,0.6736735498689395,rmse,3.886819827386172,0.012866325916894888,20,10,reg:squarederror,0.6442017828519577,gpu_hist,COMPLETE
461,0.12355160680467955,0.9912102695883737,0.7127090534695514,rmse,7.38199271598855,0.015671787702548182,20,16,reg:squarederror,0.6188456453545972,gpu_hist,COMPLETE
462,0.12555763359224295,1.185099720680996,0.6932868870357448,rmse,5.481811745685442,0.01191864799320205,20,25,reg:squarederror,0.581338440175405,gpu_hist,COMPLETE
463,0.12284958614550846,0.6753026010158262,0.7147749749869569,rmse,8.604027071006096,0.013705273097222295,20,7,reg:squarederror,0.6088923466519099,gpu_hist,COMPLETE
464,0.12441119109401633,0.6432777994071732,0.6589784896961701,rmse,6.625032070999418,0.01449113792663291,20,7,reg:squarederror,0.5702147032773678,gpu_hist,COMPLETE
465,0.12342173973877071,0.49060911905894766,0.7061510559895466,rmse,8.110261964006673,0.013380568859493815,20,14,reg:squarederror,0.5955575709743872,gpu_hist,COMPLETE
466,0.12456877505818505,1.5239724656611204,0.6815811686118698,rmse,5.543234659070613,0.01584829691075427,20,20,reg:squarederror,0.6047699568492966,gpu_hist,COMPLETE
467,0.16945967178118052,2.2979852001654013,0.7168744187052365,rmse,4.456438167534925,0.014339572463526486,20,185,reg:squarederror,0.6239798288850028,gpu_hist,COMPLETE
468,0.12447923760558209,0.0016553501158335765,0.7013438285247845,rmse,6.974518016857426,0.018771839564201184,20,1,reg:squarederror,0.5873643736370968,gpu_hist,COMPLETE
469,0.1244092824249581,0.07188188137084778,0.6352778079490146,rmse,8.400467599536965,0.01711389256495279,20,10,reg:squarederror,0.6062222255276986,gpu_hist,COMPLETE
470,0.12384300133944473,0.9281117080417524,0.6693960436899465,rmse,6.1816311237856,0.012888654912995016,20,6,reg:squarederror,0.6344279469235818,gpu_hist,COMPLETE
471,0.12434561184678036,0.7405735722114353,0.6881611679089987,rmse,8.17442671148293,0.015233654000900577,15,14,reg:squarederror,0.5588168818230861,gpu_hist,COMPLETE
472,0.19026988791518706,4.328974143031814,0.7248158528530394,rmse,5.141188729903122,0.013684568093630726,20,277,reg:squarederror,0.6147399332883052,gpu_hist,COMPLETE
473,0.12857991720871378,1.8708927373725186,0.7007521817000815,rmse,7.17539797853157,0.012303095508853114,5,20,reg:squarederror,0.5912022037188237,gpu_hist,COMPLETE
474,0.12398790835567476,1.1285145950948026,0.7140391165968705,rmse,8.430867631567127,0.019951479588548638,20,10,reg:squarederror,0.5781768149591101,gpu_hist,COMPLETE
475,0.13189154323448546,1.3680965976395216,0.6764323200331214,rmse,6.0406060955387,0.01661885949481238,3,6,reg:squarederror,0.5397273371495527,gpu_hist,COMPLETE
476,0.1261842912526021,0.8476788983732899,0.6554455953535971,rmse,7.145247389445637,0.011816430413086314,20,28,reg:squarederror,0.598877565193823,gpu_hist,COMPLETE
477,0.12359519784409635,0.6351148481716883,0.7325378520825806,rmse,9.872186551931097,0.014335545250473702,20,16,reg:squarederror,0.6268656822261853,gpu_hist,COMPLETE
478,0.12387722557912377,3.0651495349904754,0.6942450192047538,rmse,0.03253025861833407,0.013339692165832915,20,12,reg:squarederror,0.6145381168276303,gpu_hist,COMPLETE
479,0.13059437487232922,1.0651184428122709,0.7118604125754983,rmse,8.425372733463613,0.004455855208407293,11,23,reg:squarederror,0.6510239904561276,gpu_hist,COMPLETE
480,0.12392529395736776,0.5129561480873706,0.7451549136137193,rmse,9.990647516833436,0.015396014382713968,20,1,reg:squarederror,0.6062101365667922,gpu_hist,COMPLETE
481,0.12356146925879538,1.5251350314181609,0.6832350527196408,rmse,4.335009224359703,0.01264975301420128,20,6,reg:squarederror,0.5893219724872463,gpu_hist,COMPLETE
482,0.1379807908389339,1.2849109901091875,0.7264005167836971,rmse,5.967633113795482,0.011390270339507078,20,74,reg:squarederror,0.6368645370844455,gpu_hist,COMPLETE
483,0.12437937429329729,0.9048312857321088,0.6992631605876803,rmse,7.116621612462282,0.016761133292256352,20,16,reg:squarederror,0.5702323488015785,gpu_hist,COMPLETE
484,0.12405793670207607,0.6592006423678292,0.6667602118059193,rmse,2.8602871803112464,0.013876639593534426,20,10,reg:squarederror,0.6250852100345611,gpu_hist,COMPLETE
485,0.12461052114715873,1.7503277207287662,0.7140659806711617,rmse,5.326843750977593,0.011796151946546896,7,1,reg:squarederror,0.5992762716429271,gpu_hist,COMPLETE
486,0.1259927129252574,1.0789724893951007,0.6257669460022051,rmse,8.546475745451668,0.009081975209246716,20,21,reg:squarederror,0.614154334432962,gpu_hist,COMPLETE
487,0.1249678539722507,0.7039619515054584,0.6454047033948209,rmse,7.198754318055146,0.017893137988284565,20,11,reg:squarederror,0.6665563999786134,gpu_hist,COMPLETE
488,0.124439898657035,0.8179885079008506,0.687976890270184,rmse,6.188775283222521,0.01509604590260746,9,16,reg:squarederror,0.5780318167641171,gpu_hist,COMPLETE
489,0.12292574297753146,1.351837294081548,0.7297206985598313,rmse,8.502917584517121,0.012831153044908152,20,6,reg:squarederror,0.6067816005715094,gpu_hist,COMPLETE
490,0.1253537280763344,1.044289488965953,0.7426713511179804,rmse,0.0010492877371394975,0.012704271215395,20,5,reg:squarederror,0.5928978877645642,gpu_hist,COMPLETE
491,0.12383862297442944,1.2930770405012142,0.7701202947741833,rmse,0.7908236370879116,0.011188456247848423,20,1,reg:squarederror,0.605142322651662,gpu_hist,COMPLETE
492,0.12401285029139604,0.941125761513255,0.732936559128964,rmse,8.444625389411097,0.009460950353989452,20,7,reg:squarederror,0.58501185731775,gpu_hist,COMPLETE
493,0.1231770854881075,1.2623364264031658,0.7271232899578925,rmse,9.96607612864401,0.011798547983701562,20,6,reg:squarederror,0.5980708991473483,gpu_hist,COMPLETE
494,0.12421433549409404,1.4894965885904508,0.7569142741453178,rmse,9.96495162438238,0.01297366433133504,20,6,reg:squarederror,0.5945381943500373,gpu_hist,COMPLETE
495,0.1679892659713611,1.245720760827881,0.7487614424376506,rmse,8.556105006229712,0.012337179918201904,20,177,reg:squarederror,0.5621527138336185,gpu_hist,COMPLETE
496,0.14225344490140734,0.4431205206835115,0.7288944222639228,rmse,9.91672103578112,0.010091243108412438,20,84,reg:squarederror,0.5757172248037122,gpu_hist,COMPLETE
497,0.12391794245715201,1.3648578243327836,0.739993452855367,rmse,7.429877595433426,0.013790041881390023,20,1,reg:squarederror,0.6005338271477545,gpu_hist,COMPLETE
498,0.12407568508345573,0.5610359498792271,0.723677890233014,rmse,7.416454562467861,0.011613446314544761,20,7,reg:squarederror,0.5852463227030238,gpu_hist,COMPLETE
499,0.12421932291330619,0.770866685682675,0.7528726696713174,rmse,8.384629418111285,0.010522588600384054,15,10,reg:squarederror,0.6121248115948295,gpu_hist,COMPLETE
500,0.1745577594313495,1.0938275040545447,0.7174681525456257,rmse,9.954106257852153,0.008238699900222139,20,216,reg:squarederror,0.5953180173290168,gpu_hist,COMPLETE
501,0.1237199283532399,1.569677161796099,0.7347656987230695,rmse,6.959876791213432,0.013360543269994016,20,1,reg:squarederror,0.6150600994198999,gpu_hist,COMPLETE
502,0.12826226310392827,0.8993758178497718,0.7200231790052131,rmse,8.424316067332908,0.011654863987837662,5,16,reg:squarederror,0.6068948186050664,gpu_hist,COMPLETE
503,0.12461133997876028,1.1637175588610589,0.7853744647509906,rmse,6.436317141416868,0.014372493457272366,20,7,reg:squarederror,0.573565815696376,gpu_hist,COMPLETE
504,0.12624539723136377,0.6088658310636643,0.5779066488368924,rmse,8.332168291873792,0.00973110967799433,20,19,reg:squarederror,0.6223644639933357,gpu_hist,COMPLETE
505,0.12391255199465956,0.7638825596657384,0.711837737082575,rmse,7.03992888619693,0.0124054664320439,20,13,reg:squarederror,0.5883268769779479,gpu_hist,COMPLETE
506,0.13574400858900382,0.9583965386927285,0.7420706015399514,rmse,9.94213847295292,0.010751561540423015,3,8,reg:squarederror,0.6011273570852788,gpu_hist,COMPLETE
507,0.12824759425250024,1.2941034485604794,0.7072744836608368,rmse,6.153141711514027,0.008962151320484096,20,24,reg:squarederror,0.4946860274888706,gpu_hist,COMPLETE
508,0.12477210555342255,1.6651855668690614,0.7309796592196861,rmse,8.478775080593051,0.007857478303037048,20,12,reg:squarederror,0.6224581738715123,gpu_hist,COMPLETE
509,0.13104830599497255,2.0765288863004745,0.42804973590685585,rmse,5.490630451246755,0.013256656411358614,20,32,reg:squarederror,0.5883090727273484,gpu_hist,COMPLETE
510,0.12331191781778,0.9767914776980362,0.6049271556238455,rmse,7.258077689168292,0.014320140493526623,11,1,reg:squarederror,0.6060540069641118,gpu_hist,COMPLETE
511,0.12369425628892006,1.1503962177855427,0.5639730795031601,rmse,6.938841853248896,0.01499413651359335,11,1,reg:squarederror,0.6127698943206941,gpu_hist,COMPLETE
512,0.12430393215479282,1.0009905548374054,0.5890791933340344,rmse,5.695798591664761,0.016310245195804932,11,5,reg:squarederror,0.6283562012924283,gpu_hist,COMPLETE
513,0.12541539670083393,1.3971236669179103,0.5854215465950964,rmse,7.5087209245862905,0.0147880979230416,17,1,reg:squarederror,0.9896386668347914,gpu_hist,COMPLETE
514,0.12467952673781313,0.836023043249108,0.6171673138545014,rmse,4.885776064511999,0.013651798029716042,11,10,reg:squarederror,0.6019059510792474,gpu_hist,COMPLETE
515,0.12509475898396896,1.196751321370559,0.5933842470156935,rmse,6.2966238133932695,0.014288986090804355,11,18,reg:squarederror,0.5743551335443632,gpu_hist,COMPLETE
516,0.1315628170598551,1.5627487779738183,0.6097899418241498,rmse,9.939016123861103,0.012585273122916562,11,39,reg:squarederror,0.5940377957541242,gpu_hist,COMPLETE
517,0.12342500711111631,0.9363776628189663,0.6293208204118534,rmse,8.377660377574475,0.01662183431961606,11,7,reg:squarederror,0.5606436036683288,gpu_hist,COMPLETE
518,0.12435106999799901,1.0342510836841,0.6395649721586726,rmse,7.2259642618143465,0.015464002018199396,11,14,reg:squarederror,0.8907841161488192,gpu_hist,COMPLETE
519,0.1520792434889764,1.2836633403652469,0.6577876216563945,rmse,9.953550886713455,0.012081126057783083,11,144,reg:squarederror,0.6176023346821551,gpu_hist,COMPLETE
520,0.12434818437292416,0.7812082835879262,0.6737717326716237,rmse,5.737565685373845,0.01845231336534747,7,1,reg:squarederror,0.5810972515483268,gpu_hist,COMPLETE
521,0.12547491092745003,1.5992513313889178,0.7040344772578865,rmse,1.4254675147947706,0.013940147877572362,9,20,reg:squarederror,0.6100296863803994,gpu_hist,COMPLETE
522,0.1235445930836009,1.0856357342123293,0.6526239461287252,rmse,7.756459397678026,0.01317687554768856,20,10,reg:squarederror,0.6317070450304731,gpu_hist,COMPLETE
523,0.12472302704928517,2.020592757737748,0.7674458876180721,rmse,6.421311147249171,0.025424410671183867,20,15,reg:squarederror,0.5981384367374386,gpu_hist,COMPLETE
524,0.12453684022873342,0.8499363823368508,0.6862347515034614,rmse,3.958686503243383,0.011473898808592469,20,6,reg:squarederror,0.6217509409014729,gpu_hist,COMPLETE
