number,value,params_alpha,params_colsample_bytree,params_eval_metric,params_lambda,params_learning_rate,params_max_depth,params_min_child_weight,params_objective,params_subsample,params_tree_method,state
258,0.09195824572275106,0.019267919208946126,0.9780047656209706,rmse,0.6281111219872132,0.003597866661143419,17,5,reg:squarederror,0.5966618701601383,gpu_hist,COMPLETE
259,0.08814810426222366,0.03591991514797016,0.9537319482419994,rmse,0.641988896091271,0.004683839953094142,17,10,reg:squarederror,0.566806159133107,gpu_hist,COMPLETE
260,0.08813374759399306,0.02487980644328228,0.9536461955567472,rmse,0.5936281382997579,0.00460091956327152,17,9,reg:squarederror,0.5744107683810791,gpu_hist,COMPLETE
261,0.09001004727335002,0.038181964786207834,0.9520921764623842,rmse,0.6390091045516338,0.003958397527669833,17,5,reg:squarederror,0.5597104255248541,gpu_hist,COMPLETE
262,0.0881711548525785,0.02762323447833203,0.965201333842002,rmse,0.5569386045522867,0.004540981422272473,17,10,reg:squarederror,0.5721492228497406,gpu_hist,COMPLETE
263,0.0886256334401824,0.027787716241810635,0.959075011976446,rmse,0.7422171576990055,0.004347209106983365,17,10,reg:squarederror,0.5743902094211389,gpu_hist,COMPLETE
264,0.08877110154470781,0.02381026201985172,0.9586468951013489,rmse,0.573131728439437,0.004499196236965977,17,4,reg:squarederror,0.5361431939292705,gpu_hist,COMPLETE
265,0.09890362504950045,0.03526470567316603,0.9826770671406239,rmse,0.5498569277892889,0.0032120015380108532,17,1,reg:squarederror,0.5864980926195069,gpu_hist,COMPLETE
266,0.08819904459726055,0.017637443990329457,0.9504556494101112,rmse,0.7380861795500372,0.004689382891741574,17,11,reg:squarederror,0.6047198002496966,gpu_hist,COMPLETE
267,0.08898564588226257,0.017768643477058838,0.9656872052309874,rmse,0.768644517495195,0.004114506228660491,17,10,reg:squarederror,0.6054149279249217,gpu_hist,COMPLETE
268,0.09033434227848966,0.021891857508517975,0.984180476391375,rmse,0.6948431395132869,0.004653130532752165,17,1,reg:squarederror,0.5604220948847509,gpu_hist,COMPLETE
269,0.08813824126312864,0.019831680400592903,0.9704819668593955,rmse,0.8779608813179551,0.005218810271938735,17,14,reg:squarederror,0.5950712231963483,gpu_hist,COMPLETE
270,0.08875868336487866,0.028487022976247365,0.9469444215113637,rmse,0.9170203076744968,0.005226021783489817,11,23,reg:squarederror,0.594620712736869,gpu_hist,COMPLETE
271,0.09001293954457232,0.02126739471058647,0.969226436283227,rmse,0.6106868954458884,0.0038617931482534283,17,16,reg:squarederror,0.580594307659757,gpu_hist,COMPLETE
272,0.08810163535266301,0.017431947446041686,0.9725952121753724,rmse,0.8537754608966837,0.005224716822143433,17,15,reg:squarederror,0.5999146553364593,gpu_hist,COMPLETE
273,0.08884535927351209,0.017580334759287927,0.9758017810784256,rmse,0.8530271612219719,0.00527932174228604,17,25,reg:squarederror,0.5712982441065637,gpu_hist,COMPLETE
274,0.08812564448015568,0.025305377754023008,0.9663206135773268,rmse,0.9750809932299673,0.005236473280266872,17,15,reg:squarederror,0.6003310468136909,gpu_hist,COMPLETE
275,0.08909269049495877,0.04397090473920648,0.9511144071622599,rmse,1.0034263145271896,0.004331595448661733,17,17,reg:squarederror,0.5999283234878708,gpu_hist,COMPLETE
276,0.12547919060566806,0.02744761963930642,0.9810183076925486,rmse,0.7739625514720414,0.005310033817799063,17,95,reg:squarederror,0.5892322561274034,gpu_hist,COMPLETE
277,0.17327583266291796,0.03257371625961872,0.964022361209242,rmse,0.6638970693292066,0.005281043089983387,9,169,reg:squarederror,0.6223567736774521,gpu_hist,COMPLETE
278,0.08989700066363225,0.024511097918418958,0.9838772451247219,rmse,0.5395828824288875,0.004129511844099926,17,23,reg:squarederror,0.5688290203404771,gpu_hist,COMPLETE
279,0.08811992618076799,0.020285199144825593,0.9490245952380236,rmse,0.8984086000594981,0.005252272788161911,17,15,reg:squarederror,0.6070556604859574,gpu_hist,COMPLETE
280,0.08823583099492757,0.020624420912224408,0.9720969231062023,rmse,0.8374723815013295,0.005470390532389076,13,17,reg:squarederror,0.5432269383914631,gpu_hist,COMPLETE
281,0.08905234230381556,0.02315860299952481,0.9830969616783867,rmse,1.0706028296061898,0.00498207038114105,15,26,reg:squarederror,0.6146009063713005,gpu_hist,COMPLETE
282,0.31704264493058776,0.03474694673687378,0.9452824666704176,rmse,0.6041014171552103,0.0052648929662692575,3,267,reg:squarederror,0.5895736897602054,gpu_hist,COMPLETE
283,0.08877569056141972,0.028552375427717342,0.9648140512788346,rmse,0.4952740345300612,0.004437783099063224,17,16,reg:squarederror,0.627435469594377,gpu_hist,COMPLETE
284,0.0924115582677001,0.01645383474574492,0.9853974227103653,rmse,0.9464698033472351,0.0035779850538447348,17,21,reg:squarederror,0.6035441869944944,gpu_hist,COMPLETE
285,0.08828980489842539,0.04597871415890519,0.9633933434271937,rmse,0.6246804184269233,0.00540627420473422,17,16,reg:squarederror,0.581719217408462,gpu_hist,COMPLETE
286,0.0884436287116389,0.020115065924893583,0.9996861821261046,rmse,0.4913418879811457,0.004808677669546176,17,6,reg:squarederror,0.5941062686157146,gpu_hist,COMPLETE
287,0.08941904465048053,0.02467026385350534,0.9760630451098249,rmse,0.802830242451966,0.004124993690041266,17,14,reg:squarederror,0.5655577004352759,gpu_hist,COMPLETE
288,0.14087000035688146,0.015184677543208232,0.9490711275933399,rmse,0.6680875473352488,0.0050459964510554955,17,134,reg:squarederror,0.6151498616314975,gpu_hist,COMPLETE
289,0.08854724897591983,0.020039733440566792,0.9865504227894529,rmse,0.48771987925503935,0.005477129235157463,17,23,reg:squarederror,0.6283220488322561,gpu_hist,COMPLETE
290,0.09172781739235143,0.03135423558843555,0.9585833774652418,rmse,1.0123067925193574,0.004537680207296927,5,13,reg:squarederror,0.6049438556111287,gpu_hist,COMPLETE
291,0.09292912851742484,0.025207368246051055,0.9721109454693468,rmse,0.5689152879146211,0.0037920644375256576,17,1,reg:squarederror,0.5505120228570612,gpu_hist,COMPLETE
292,0.09745407290965648,0.017645888249703666,0.9420117664695646,rmse,0.7342611407556032,0.08362125344866689,17,27,reg:squarederror,0.5834767053680995,gpu_hist,COMPLETE
293,0.08843509629290142,0.014386163907325066,0.9844399125934409,rmse,0.45129979709289625,0.00500660008581808,17,6,reg:squarederror,0.6151968503058569,gpu_hist,COMPLETE
294,0.08918932575022075,0.020551373006922096,0.9614638525848875,rmse,1.4847308633886722,0.004452406666609781,17,19,reg:squarederror,0.5958835540269674,gpu_hist,COMPLETE
295,0.08798049649942653,0.02982401285043164,0.9713523520580425,rmse,0.5347003682272994,0.005410238799949466,17,11,reg:squarederror,0.5773160309775069,gpu_hist,COMPLETE
296,0.08813081607967378,0.030798397540207294,0.9506321373356248,rmse,0.8869934418739027,0.00561079603134692,17,7,reg:squarederror,0.572306239460847,gpu_hist,COMPLETE
297,0.08819472146948122,0.03495100098505065,0.9526233830871047,rmse,0.9338355346627061,0.005444695640505135,17,5,reg:squarederror,0.5764125194886509,gpu_hist,COMPLETE
298,0.0882735597218718,0.03936241753551241,0.9695219334943664,rmse,1.1812315185110023,0.005149408708420859,17,15,reg:squarederror,0.522524218326234,gpu_hist,COMPLETE
299,0.14793620444238506,0.029392926095968178,0.9373618674979716,rmse,0.58767840329134,0.0020060190241891996,17,19,reg:squarederror,0.5654835313241667,gpu_hist,COMPLETE
300,0.11195163267835866,0.02263459494548473,0.9672675306536664,rmse,0.8193018733343265,0.00553562408669514,17,76,reg:squarederror,0.5861220499744106,gpu_hist,COMPLETE
301,0.08858809015449763,0.0272391350150882,0.9987772637208072,rmse,0.672366896327212,0.004286335842765993,17,7,reg:squarederror,0.5756840665758824,gpu_hist,COMPLETE
302,0.08817621332955429,0.04927789132348989,0.9545461902725186,rmse,0.5772956052091138,0.004614403911992186,11,12,reg:squarederror,0.5964165194215143,gpu_hist,COMPLETE
303,0.0894414752875305,0.040271803195978506,0.9525476121419248,rmse,0.54705404474173,0.0046674758136815864,11,1,reg:squarederror,0.5972350574151497,gpu_hist,COMPLETE
304,0.09086320969045736,0.06191508824302113,0.9376633929678955,rmse,1.0608691524113978,0.004027586876353137,11,29,reg:squarederror,0.5874782430633803,gpu_hist,COMPLETE
305,0.08847561058975491,0.052327105167631754,0.9740911717598506,rmse,0.7442901658615089,0.005654170036438238,11,20,reg:squarederror,0.5622972395511374,gpu_hist,COMPLETE
306,0.10055473983101795,0.031862047628365135,0.9541778718469062,rmse,0.6520535085543763,0.0029015959389216816,11,13,reg:squarederror,0.5497467451422934,gpu_hist,COMPLETE
307,0.08859161700639075,0.025661221938024555,0.9729330632365617,rmse,0.8678421009869302,0.004496433208406568,17,7,reg:squarederror,0.6104712433497961,gpu_hist,COMPLETE
308,0.09218663317234425,0.01832100066796027,0.9422105252792694,rmse,0.5389940993932348,0.053906837166235934,3,15,reg:squarederror,0.6009009309274363,gpu_hist,COMPLETE
309,0.08915257118641318,0.03267436417040004,0.9610833758433144,rmse,0.6447516253307525,0.005082754658619204,9,26,reg:squarederror,0.5736184965444653,gpu_hist,COMPLETE
310,0.08836612113520023,0.025102847146721417,0.9879838182682346,rmse,0.8729647691455904,0.005614463041036637,15,20,reg:squarederror,0.5893068575356515,gpu_hist,COMPLETE
311,0.09049356932222226,0.021447468610267306,0.9747364667826656,rmse,0.5026052831244457,0.0037743655892046677,17,7,reg:squarederror,0.626046271992221,gpu_hist,COMPLETE
312,0.08833786256379533,0.017243138867238154,0.961352694226216,rmse,0.7001530121319939,0.0045419919546099705,17,12,reg:squarederror,0.6045787157021255,gpu_hist,COMPLETE
313,0.09044571481976085,0.04270638814387549,0.9474058218960738,rmse,1.4131365954467727,0.005131594981975934,17,1,reg:squarederror,0.5934836482458264,gpu_hist,COMPLETE
314,0.0898919905803594,0.0146172173933934,0.9886284583003604,rmse,0.5564904819414697,0.004118503849957755,13,23,reg:squarederror,0.5779411034491209,gpu_hist,COMPLETE
315,0.23396023505662267,0.02764495377645027,0.9752700384436135,rmse,1.1003696551619782,0.004758658107406255,11,225,reg:squarederror,0.6187163900111687,gpu_hist,COMPLETE
316,0.23821811638407875,0.022808621121851818,0.998737650023062,rmse,0.4483506134758011,0.00559545177602256,17,206,reg:squarederror,0.5389981132513518,gpu_hist,COMPLETE
317,0.08803520272452929,0.03552484134616462,0.9623586125972262,rmse,0.7090187141910377,0.005108441396987553,17,14,reg:squarederror,0.5584732003122367,gpu_hist,COMPLETE
318,0.08839249227949404,0.036378708690671994,0.9751096791851511,rmse,0.9293083186383283,0.005223164758733196,17,17,reg:squarederror,0.5527740696391236,gpu_hist,COMPLETE
319,0.09378623699610689,0.02025060521019035,0.9620499654725277,rmse,0.7493191302991294,0.003372388829079017,17,6,reg:squarederror,0.5687403894713563,gpu_hist,COMPLETE
320,0.12316522933031342,0.013196912521201469,0.9864487039852967,rmse,0.7823683979088191,0.0023386221151333554,17,30,reg:squarederror,0.556810478540369,gpu_hist,COMPLETE
321,0.08813001593685288,0.030686185323378568,0.9327551600426014,rmse,0.38421750414141864,0.0056655612596410105,17,17,reg:squarederror,0.5293633549126145,gpu_hist,COMPLETE
322,0.08853039679511415,0.03332058239555059,0.9336294467838171,rmse,0.3774242012967723,0.005651692544296885,17,22,reg:squarederror,0.4942469653145962,gpu_hist,COMPLETE
323,0.08793246917451533,0.017113705151626583,0.935895391792336,rmse,0.3700011916660357,0.005786908219492394,17,16,reg:squarederror,0.6247875223146895,gpu_hist,COMPLETE
324,0.08819803324983136,0.016584718923494023,0.9328740248916577,rmse,0.464174714024631,0.0055278219737338735,17,18,reg:squarederror,0.5297680138371077,gpu_hist,COMPLETE
325,0.08882978117016767,0.019313442465971137,0.941385739949456,rmse,1.2137149723761924,0.005988472468486848,17,24,reg:squarederror,0.6058905238084015,gpu_hist,COMPLETE
326,0.08847777747270891,0.02290244579059286,0.9311964841155972,rmse,0.9517229322103112,0.005203682964685241,17,16,reg:squarederror,0.5135451624318585,gpu_hist,COMPLETE
327,0.08834480763468953,0.013734912144401507,0.9474394022121189,rmse,0.3554362126493826,0.005745769547308523,17,7,reg:squarederror,0.6253262364366278,gpu_hist,COMPLETE
328,0.2251062143880373,0.02981955450309472,0.9549563305997455,rmse,0.6614372006601547,0.0014806621358002274,5,30,reg:squarederror,0.6106337321305815,gpu_hist,COMPLETE
329,0.15749112373632584,7.960318474891644,0.9733356385335764,rmse,0.47838699235646204,0.0050804889677869575,17,155,reg:squarederror,0.5876849420937932,gpu_hist,COMPLETE
330,0.08801672325384334,0.01545612045742787,0.998458588961082,rmse,0.7919293773211123,0.005791828269530333,17,17,reg:squarederror,0.6214778017205133,gpu_hist,COMPLETE
331,0.08855755696537063,0.015792509379736173,0.9976208544643386,rmse,0.8300055696685065,0.0059074596080594555,17,23,reg:squarederror,0.619810230311144,gpu_hist,COMPLETE
332,0.08900145037372677,0.02371332913779863,0.9987373240630065,rmse,0.2552584533408661,0.005387386562167882,17,17,reg:squarederror,0.9561752665829222,gpu_hist,COMPLETE
333,0.08892204173635904,0.03624512908167425,0.9473184242708023,rmse,1.0506315897011211,0.005833337138487489,17,26,reg:squarederror,0.6277669128069868,gpu_hist,COMPLETE
334,0.09176305521262541,0.02775935312052344,0.9632120787490224,rmse,0.7330525609643882,0.03436347390207754,17,16,reg:squarederror,0.608987483250779,gpu_hist,COMPLETE
335,0.08833433632764583,0.016379436386324865,0.9296379228113165,rmse,0.337110757928329,0.005144513558818295,17,6,reg:squarederror,0.581963653307607,gpu_hist,COMPLETE
336,0.08799316667482641,0.02080579821325955,0.9852787871443729,rmse,0.41588307998312796,0.00603568699155697,17,12,reg:squarederror,0.5447628841306846,gpu_hist,COMPLETE
337,0.08849090759372927,0.02019311245691134,0.9865016428271366,rmse,0.47398567173767026,0.0061532835960801035,17,21,reg:squarederror,0.5423590750254538,gpu_hist,COMPLETE
338,0.09060380966321488,0.024609947226434552,0.9848019230315989,rmse,1.3259095464895736,0.00494629705822036,17,32,reg:squarederror,0.5460693584234906,gpu_hist,COMPLETE
339,0.08899897964571594,0.013015528762909243,0.9997935640572014,rmse,0.6474935932321666,0.004230766400937334,17,15,reg:squarederror,0.5599184366557868,gpu_hist,COMPLETE
340,0.08948983639836659,0.03087592457622825,0.9679696625754555,rmse,0.8878264586950056,0.005630468393943876,17,1,reg:squarederror,0.5215241859952823,gpu_hist,COMPLETE
341,0.09932341525628378,0.01951031376907602,0.9761771314137447,rmse,1.7201711918258737,0.0061094130818351855,3,13,reg:squarederror,0.5594108571154326,gpu_hist,COMPLETE
342,0.09886659310174667,0.01577679478680654,0.40289997752479767,rmse,0.41144610403525095,0.005139414902681867,17,22,reg:squarederror,0.534147279234949,gpu_hist,COMPLETE
343,0.08802222258734697,0.04005139640458033,0.9573183776193618,rmse,0.5235444365351507,0.004796981663141696,9,10,reg:squarederror,0.5790505708109741,gpu_hist,COMPLETE
344,0.08936368889638414,0.04733758324063068,0.9558624411764461,rmse,0.7375901582900497,0.004243889013725163,9,17,reg:squarederror,0.5716567781542878,gpu_hist,COMPLETE
345,0.08912140312698494,0.038467469245418294,0.9610089520071582,rmse,1.042779071101165,0.005522981842337579,9,27,reg:squarederror,0.5818023474012639,gpu_hist,COMPLETE
346,0.11912396256836594,0.0245320153855606,0.31202752084820407,rmse,0.6121792717092585,0.0046869585902577695,13,6,reg:squarederror,0.5465402072187289,gpu_hist,COMPLETE
347,0.08804889759391424,0.029993846250772675,0.9446792788742072,rmse,0.41091499097493767,0.0060312218852389896,15,12,reg:squarederror,0.5657826404055833,gpu_hist,COMPLETE
348,0.08834588899445951,0.031176647084073215,0.9444172309303676,rmse,0.4205641139280365,0.006176652323240907,15,20,reg:squarederror,0.5627909014868289,gpu_hist,COMPLETE
349,0.08807381714945617,0.03766020261487609,0.9384822543353705,rmse,0.5186132447831824,0.005821038234932706,15,7,reg:squarederror,0.5944699183883472,gpu_hist,COMPLETE
350,0.13468747714030846,0.057767659372168774,0.9267481269888945,rmse,0.5151322447160033,0.0059897514036586635,15,115,reg:squarederror,0.596647469423623,gpu_hist,COMPLETE
351,0.08917876963217837,0.029185131775699664,0.9444540875740512,rmse,0.3880561807356037,0.006257990295612046,15,1,reg:squarederror,0.5892471518867475,gpu_hist,COMPLETE
352,0.08798040160616864,0.044856091388796586,0.9681770444845359,rmse,0.4691917255476323,0.005626632383542271,15,7,reg:squarederror,0.6173730858434998,gpu_hist,COMPLETE
353,0.08827530580439831,0.04227767050011705,0.9398144638425658,rmse,0.44925460651605614,0.005603191865464862,15,7,reg:squarederror,0.6201579925645265,gpu_hist,COMPLETE
354,0.08902585031583822,0.04569288088189181,0.959389992797516,rmse,0.35954819993956344,0.0064882948612023945,15,1,reg:squarederror,0.5019882080318314,gpu_hist,COMPLETE
355,0.08829557722747657,0.040148569324925346,0.9685557273157849,rmse,0.5247910202463303,0.00582989627800483,15,7,reg:squarederror,0.6309773008512595,gpu_hist,COMPLETE
356,0.08797020483735368,0.03071521925778541,0.9472543770122144,rmse,0.4450086879535247,0.00541008384695543,15,13,reg:squarederror,0.6111091157848253,gpu_hist,COMPLETE
357,0.08800702732445996,0.0361278649319695,0.9263583317029984,rmse,0.48160033042686773,0.005838164681672156,15,18,reg:squarederror,0.6163720924997161,gpu_hist,COMPLETE
358,0.0894393571064582,0.05213154565612482,0.92583700303266,rmse,0.460168848920502,0.0067228422199688215,15,32,reg:squarederror,0.6171814168974715,gpu_hist,COMPLETE
359,0.08816832498510647,0.0364283175952822,0.936498486163621,rmse,0.44374049776005514,0.006071101132900915,15,19,reg:squarederror,0.6081670438766701,gpu_hist,COMPLETE
360,0.09832095804271006,0.03281389778845518,0.4369851896008858,rmse,0.5065102087794152,0.005604913310298922,15,26,reg:squarederror,0.6276247639107562,gpu_hist,COMPLETE
361,0.08801842882977806,0.06878427399140216,0.9224220306091617,rmse,0.3654246911236009,0.006070336595563045,15,16,reg:squarederror,0.6136172969649536,gpu_hist,COMPLETE
362,0.09103114103232886,0.07409799190667647,0.9257343955567844,rmse,0.33103300604652885,0.006444735883971101,15,36,reg:squarederror,0.61717478123833,gpu_hist,COMPLETE
363,0.08845475674053065,0.04430673581623743,0.9352862656712013,rmse,0.3545835396009791,0.006729872050338298,15,20,reg:squarederror,0.6346577214863709,gpu_hist,COMPLETE
364,0.08880436620552776,0.08661914861812023,0.9197976040408311,rmse,0.39113959561926853,0.006024116173618239,15,26,reg:squarederror,0.6016889787358317,gpu_hist,COMPLETE
365,0.08799614452822037,0.06274641402699481,0.9417017995245089,rmse,0.5250649009798243,0.005396977090032403,15,15,reg:squarederror,0.6154063328359953,gpu_hist,COMPLETE
366,0.08823254024455317,0.10183234263897815,0.9444466658817982,rmse,0.5308996861795033,0.005293251721686925,15,15,reg:squarederror,0.6174481914070348,gpu_hist,COMPLETE
367,0.08881041945716384,0.0662860904466401,0.9640765163619716,rmse,0.5983212736524861,0.00519171549624301,15,22,reg:squarederror,0.6320171078469065,gpu_hist,COMPLETE
368,0.0878280172838675,0.05868282388447539,0.9763163482155266,rmse,0.45804963395529147,0.006185333583613795,15,13,reg:squarederror,0.6088088699075297,gpu_hist,COMPLETE
369,0.08829770182828785,0.0537955468239885,0.9539902975269867,rmse,0.5306864035558541,0.006847100381930497,15,15,reg:squarederror,0.6061237694325642,gpu_hist,COMPLETE
370,0.08873520692422801,0.056350045662145395,0.9735746491131181,rmse,0.7014458627078815,0.00623574831890219,15,27,reg:squarederror,0.5945572297342083,gpu_hist,COMPLETE
371,0.08878387896619107,0.07045962681607945,0.944103682088741,rmse,0.4361913037856603,0.0071646117120387235,15,21,reg:squarederror,0.6097318044577523,gpu_hist,COMPLETE
372,0.08808851860337738,0.0687077682458274,0.9226148818772493,rmse,0.6278727000986027,0.006086675024462043,15,16,reg:squarederror,0.4341081907011291,gpu_hist,COMPLETE
373,0.08902775204291623,0.12626375385783142,0.9188536215479146,rmse,0.6125736320175357,0.0061812158251877405,15,31,reg:squarederror,0.6246581979307234,gpu_hist,COMPLETE
374,0.0878872975853205,0.08753812296473727,0.9321647911469407,rmse,0.48610190876537135,0.0071833322734560145,15,11,reg:squarederror,0.5860950516102648,gpu_hist,COMPLETE
375,0.08840786115609864,0.06132687797687392,0.9200372433197738,rmse,0.29585607707530515,0.007289928024419226,15,6,reg:squarederror,0.5968920419719758,gpu_hist,COMPLETE
376,0.32263903646288233,0.08694999793248177,0.9217498490545528,rmse,0.49867646204553145,0.006698021744958064,15,241,reg:squarederror,0.48724730546314216,gpu_hist,COMPLETE
377,0.08786632881098362,0.08098773478796328,0.9382406910938784,rmse,0.4330884868101381,0.005984172299512834,15,11,reg:squarederror,0.4312627989524335,gpu_hist,COMPLETE
378,0.08753553791258138,0.0756890491648179,0.9320312484945982,rmse,0.4276698275142534,0.0068641063469387946,15,10,reg:squarederror,0.4266477340765299,gpu_hist,COMPLETE
379,0.08907441343990746,0.10752330820917554,0.9193408360711861,rmse,0.4094828191541425,0.007329087176785074,15,1,reg:squarederror,0.46647370877803457,gpu_hist,COMPLETE
380,0.08777296679455857,0.07409402417238059,0.9319353049395884,rmse,0.31610138319850767,0.006838473537186122,15,8,reg:squarederror,0.41625196632082084,gpu_hist,COMPLETE
381,0.08744076668543482,0.07732117455186469,0.9349985323504593,rmse,0.2776960491927982,0.0069316379732001,15,6,reg:squarederror,0.4017333477405625,gpu_hist,COMPLETE
382,0.08812003525293192,0.08024624721660305,0.9359700917535164,rmse,0.24559371904826952,0.007826339632786977,15,10,reg:squarederror,0.406624141069658,gpu_hist,COMPLETE
383,0.0876657211736447,0.09213783587834454,0.9384214195517203,rmse,0.29822534283804175,0.007199247168205448,15,7,reg:squarederror,0.4245991326945919,gpu_hist,COMPLETE
384,0.09187124845566952,0.08884591289468502,0.5082262989182864,rmse,0.26932590380105625,0.007218200699130086,15,1,reg:squarederror,0.4129850060916672,gpu_hist,COMPLETE
385,0.08803556539748661,0.1560287781684633,0.9284549436103339,rmse,0.3090767461091804,0.007749371058307527,15,8,reg:squarederror,0.43353005401898276,gpu_hist,COMPLETE
386,0.08781749103891642,0.1623191683457003,0.921121301336665,rmse,0.3126702003000731,0.007926999997690207,15,6,reg:squarederror,0.43733497022445467,gpu_hist,COMPLETE
