number,value,params_alpha,params_colsample_bytree,params_eval_metric,params_lambda,params_learning_rate,params_max_depth,params_min_child_weight,params_objective,params_subsample,params_tree_method,state
904,0.08824530039268391,0.0436659416827208,0.9720751966746208,rmse,0.13113469361942273,0.008293644566078728,9,12,reg:squarederror,0.44696873415396654,gpu_hist,COMPLETE
905,0.08768815703553001,0.0563824960564554,0.8990997164720098,rmse,0.058197043750553255,0.006008209300739061,9,6,reg:squarederror,0.47468414907608986,gpu_hist,COMPLETE
906,0.08856079866186978,0.06742192966347901,0.9232408902505178,rmse,0.07660559216056927,0.0070857588224277875,20,18,reg:squarederror,0.4321413369431081,gpu_hist,COMPLETE
907,0.0874666124019901,0.07455284398267722,0.9468043011602558,rmse,0.10972734370035452,0.006331382405348459,9,6,reg:squarederror,0.41733521056706946,gpu_hist,COMPLETE
908,0.39062352795791766,0.0509648158980921,0.9601534520721814,rmse,0.15863377673410298,0.007831105904542503,9,290,reg:squarederror,0.41116487405552044,gpu_hist,COMPLETE
909,0.08797549136349886,0.039857183829001656,0.9718817168339317,rmse,0.1311385617764013,0.00696872400349957,9,1,reg:squarederror,0.41989855431324336,gpu_hist,COMPLETE
910,0.08762371516202187,0.06503212735235656,0.9476386809862655,rmse,0.11437152825659538,0.006481026935097539,9,11,reg:squarederror,0.4092387023731862,gpu_hist,COMPLETE
911,0.09416261193685421,0.09373302688480468,0.39372532222002976,rmse,0.0018460515299717848,0.007579358858193668,9,6,reg:squarederror,0.40032223056307104,gpu_hist,COMPLETE
912,0.08930825594760394,0.07785002028931347,0.9588325136311018,rmse,0.15364655155496224,0.006511769667666697,13,17,reg:squarederror,0.9698182933062052,gpu_hist,COMPLETE
913,0.09537570215227309,0.053261481385797234,0.9819473945369719,rmse,0.10747533768285872,0.08488042880826847,9,1,reg:squarederror,0.4205502819247757,gpu_hist,COMPLETE
914,0.08793754902022832,0.06365762068616991,0.938750466277969,rmse,0.007250582927386631,0.007285692982850006,11,11,reg:squarederror,0.41968442298885844,gpu_hist,COMPLETE
915,0.08772383665635591,0.04571010897518122,0.9494241241710072,rmse,0.13112522728881934,0.0061750581715193644,9,6,reg:squarederror,0.41036846313396136,gpu_hist,COMPLETE
916,0.08817837547350257,0.031448598747298835,0.9616747039185841,rmse,0.09807876902582593,0.006887516504308407,9,15,reg:squarederror,0.42849382431622046,gpu_hist,COMPLETE
917,0.08963681894555796,0.0931998479093184,0.940789259854379,rmse,0.11484994729063035,0.008630061745281241,7,23,reg:squarederror,0.42026727359246663,gpu_hist,COMPLETE
918,0.08752626986198916,0.07322751084508061,0.9706620621256334,rmse,0.3659807581104989,0.006280117851394705,9,6,reg:squarederror,0.43162630482128916,gpu_hist,COMPLETE
919,0.08794141036203551,0.10864695100970696,0.9898157638157172,rmse,0.41097294963721415,0.0076304189425630406,9,12,reg:squarederror,0.4001950245823832,gpu_hist,COMPLETE
920,0.09279891091301001,0.07497171671669794,0.9901889285485552,rmse,8.76961973141186,0.006735536710623168,5,1,reg:squarederror,0.4336904447574251,gpu_hist,COMPLETE
921,0.08865730058116249,0.05631867968330756,0.985357715305685,rmse,0.4278723193587131,0.0076799928081441315,9,18,reg:squarederror,0.4386704913278209,gpu_hist,COMPLETE
922,0.08770932658483468,0.1184080073688577,0.968373468564127,rmse,0.1513336664330807,0.006244482773894719,9,11,reg:squarederror,0.41250626799836915,gpu_hist,COMPLETE
923,0.08780748306210384,0.08980171606069563,0.9769507025804375,rmse,0.08900317469326631,0.00839439289738757,9,7,reg:squarederror,0.4526631422977813,gpu_hist,COMPLETE
924,0.08813655248730146,0.059938278375745134,0.9749440954163408,rmse,0.4159228983879,0.0067562024702623345,9,1,reg:squarederror,0.4295221704536968,gpu_hist,COMPLETE
925,0.08834072184499042,0.04134804351754755,0.9657837517953364,rmse,0.3606687988284356,0.007135122195907436,9,15,reg:squarederror,0.41210973208604473,gpu_hist,COMPLETE
926,0.08926735280829856,0.07876081498279304,0.9573155670924108,rmse,0.3749867578502734,0.005460984225526961,9,23,reg:squarederror,0.42196059548434206,gpu_hist,COMPLETE
927,0.08746655548097428,0.04991855894585929,0.9705387491060716,rmse,0.37508222030380023,0.006347865485178455,9,7,reg:squarederror,0.4344366367509661,gpu_hist,COMPLETE
928,0.09814389620941033,0.03852214810303059,0.9759314858431749,rmse,0.38406267865682114,0.008099226907033796,3,11,reg:squarederror,0.44755833343608503,gpu_hist,COMPLETE
929,0.08852843533716773,0.04596066981245734,0.9897804758421805,rmse,0.32732409450082145,0.007226163750951036,20,18,reg:squarederror,0.4660383748777956,gpu_hist,COMPLETE
930,0.09566110991768437,0.030679390915134414,0.6307834399995574,rmse,0.3768922797710437,0.006370432002925113,9,31,reg:squarederror,0.44085483215916516,gpu_hist,COMPLETE
931,0.0877521749084704,0.052469102359080005,0.95247679182516,rmse,0.3683048311280587,0.006751981246827124,9,10,reg:squarederror,0.44745657817869033,gpu_hist,COMPLETE
932,0.08789122406278221,0.03745291496103029,0.978235010114927,rmse,0.37852439445463965,0.007627206976443791,9,6,reg:squarederror,0.4369183079183125,gpu_hist,COMPLETE
933,0.08853643843503434,0.04850369274570769,0.9645274936780712,rmse,0.42714466289700825,0.00630259700802352,9,20,reg:squarederror,0.4572465503021143,gpu_hist,COMPLETE
934,0.08831533047011791,0.05413795500999724,0.9487935650282235,rmse,0.3271443929844627,0.007247278953906439,13,14,reg:squarederror,0.4344553533508213,gpu_hist,COMPLETE
935,0.25365605579042194,0.034372670141593384,0.9974392575446014,rmse,0.39332267112309366,0.0063696999793018735,9,183,reg:squarederror,0.44389153582769075,gpu_hist,COMPLETE
936,0.08791303367711187,0.042534970946777655,0.944002181349848,rmse,0.3278654503016428,0.006723140019744687,9,1,reg:squarederror,0.4297262800903976,gpu_hist,COMPLETE
937,0.0878154271086737,0.06102534727311418,0.9700845046909472,rmse,0.4513381724190494,0.008083616987185883,9,10,reg:squarederror,0.4582190523674026,gpu_hist,COMPLETE
938,0.09007599779153047,0.048693094700361955,0.9556665260096656,rmse,0.35127631659773284,0.00606702312032334,9,26,reg:squarederror,0.43155708783926006,gpu_hist,COMPLETE
939,0.08759443773415575,0.06269496269382431,0.9403442558643931,rmse,0.4797924489235115,0.007067309346501177,9,6,reg:squarederror,0.4487039151552299,gpu_hist,COMPLETE
940,0.08825183625202548,0.05441489689181482,0.9847233168246686,rmse,0.3040484540989567,0.005925587537720742,11,16,reg:squarederror,0.4224965401687219,gpu_hist,COMPLETE
941,0.08780713938170379,0.04399870536758836,0.9150507833951566,rmse,0.065706794623041,0.006598581882948044,9,10,reg:squarederror,0.43850522617756665,gpu_hist,COMPLETE
942,0.08800033622094107,0.07000538651050389,0.9575705753761173,rmse,0.12302359445891838,0.007431938850808334,9,1,reg:squarederror,0.4244413604603966,gpu_hist,COMPLETE
943,0.0897566097140454,0.060268572042722665,0.9368519186506882,rmse,0.1723476156114207,0.02196984994254738,7,20,reg:squarederror,0.4360498796917165,gpu_hist,COMPLETE
944,0.08767769269560015,0.04920149017934085,0.8936763965727554,rmse,0.05340778120923665,0.009094205704833457,9,6,reg:squarederror,0.418641631954576,gpu_hist,COMPLETE
945,0.08796983187128105,0.03392771144445473,0.97142197212476,rmse,0.07294809179422583,0.005805286124421259,9,14,reg:squarederror,0.4505968671102384,gpu_hist,COMPLETE
946,0.0904162932805052,0.07118663677947866,0.923596057603759,rmse,0.4305899012250215,0.008173368862536369,5,10,reg:squarederror,0.4288395768369574,gpu_hist,COMPLETE
947,0.08748116612033548,0.04191449817942657,0.9450363678565908,rmse,0.10243172381859492,0.006301049836046788,9,6,reg:squarederror,0.4635309284875541,gpu_hist,COMPLETE
948,0.08843796313242296,0.039492115927637926,0.9157711976764377,rmse,0.1338709506163584,0.007152565932943418,9,17,reg:squarederror,0.49175552120139815,gpu_hist,COMPLETE
949,0.08735993823613254,0.030990556778271835,0.9364029343056145,rmse,0.10075471055527256,0.006630243361486485,9,6,reg:squarederror,0.4596980647656749,gpu_hist,COMPLETE
950,0.09412143816877051,0.028272782296118664,0.4481987683388742,rmse,0.10788422157889767,0.0078072204622231895,9,1,reg:squarederror,0.4704601291790002,gpu_hist,COMPLETE
951,0.08767476755262076,0.028832736411069936,0.9589278412884732,rmse,0.1654069710351836,0.0067446823676543125,9,12,reg:squarederror,0.4714536990039627,gpu_hist,COMPLETE
952,0.08788027381249199,0.03804087994148417,0.9467493477981895,rmse,0.13062694143629908,0.007389856380134462,9,7,reg:squarederror,0.48204687283044123,gpu_hist,COMPLETE
953,0.08853313605747162,0.03143074346712975,0.9720403831653047,rmse,0.10539358955992593,0.006357916791272697,9,21,reg:squarederror,0.46410597262225817,gpu_hist,COMPLETE
954,0.0981248384816469,0.03801466721491353,0.7361191325134959,rmse,0.13120368020795098,0.008527711649636604,3,14,reg:squarederror,0.4816181822916823,gpu_hist,COMPLETE
955,0.08979259672163144,0.028787163017722835,0.9320147362762378,rmse,0.10264431018078489,0.006832688277059201,9,28,reg:squarederror,0.5014594945741812,gpu_hist,COMPLETE
956,0.08953320561650153,0.031633731903994905,0.9550546769108142,rmse,0.15065454214771687,0.006160376929846364,20,1,reg:squarederror,0.47420758674182856,gpu_hist,COMPLETE
957,0.0877216201468009,0.0368173930931672,0.9366569352447598,rmse,0.11339841628041064,0.0076470846224484254,9,10,reg:squarederror,0.461291547827505,gpu_hist,COMPLETE
958,0.08763525803189524,0.03398681024471367,0.948141513370841,rmse,0.093505375076533,0.005584600542014297,9,6,reg:squarederror,0.45942590615499246,gpu_hist,COMPLETE
959,0.08803889995637712,0.02781671897340236,0.9670216713597389,rmse,0.09423382801498371,0.0069407799513241,9,14,reg:squarederror,0.46118443497760186,gpu_hist,COMPLETE
960,0.08900350614979678,0.04314179553060467,0.9903585265980731,rmse,0.11753113251787409,0.006216404717795841,9,23,reg:squarederror,0.45420320313759455,gpu_hist,COMPLETE
961,0.08816474424401234,0.033925148274577134,0.9361738226426293,rmse,0.1696884599058303,0.007364022760186492,13,6,reg:squarederror,0.4751319895271225,gpu_hist,COMPLETE
962,0.08805898999621516,0.04212894081803821,0.9591132227623766,rmse,0.0877705253115442,0.006305666949875019,9,15,reg:squarederror,0.4925856842189057,gpu_hist,COMPLETE
963,0.08928125729198202,0.04781680483858292,0.9286655738017451,rmse,0.14248962677161944,0.01272851662029296,9,1,reg:squarederror,0.4493734914544296,gpu_hist,COMPLETE
964,0.09313792605073529,0.03860377331912146,0.9769861186180229,rmse,0.10745865749346264,0.005575472507587654,9,35,reg:squarederror,0.4450675073978639,gpu_hist,COMPLETE
965,0.08786545405561035,0.046824509909061195,0.94503863447073,rmse,0.08342879782699807,0.009439935701443582,11,11,reg:squarederror,0.41256353146239905,gpu_hist,COMPLETE
966,0.33871201845022963,0.03343385822684018,0.9248664923152559,rmse,0.12495944330846954,0.008237644633052063,9,255,reg:squarederror,0.4512940237795571,gpu_hist,COMPLETE
967,0.08761879139541866,0.05055770017680197,0.9451598218634986,rmse,0.09710705091151972,0.0069103860822060945,9,7,reg:squarederror,0.41012843287943446,gpu_hist,COMPLETE
968,0.09084558314077126,0.03928952100010331,0.7062741600039073,rmse,0.08114588691983357,0.006056554479796579,7,19,reg:squarederror,0.46789826340404617,gpu_hist,COMPLETE
969,0.08791684131720828,0.029542420984289462,0.9038139241206987,rmse,0.2932615840252433,0.007711226948511542,9,1,reg:squarederror,0.419945695129321,gpu_hist,COMPLETE
970,0.08798348700449936,0.053890419426292406,0.9590854225005749,rmse,0.11540196102822564,0.0066284764663372235,9,11,reg:squarederror,0.4448951273349405,gpu_hist,COMPLETE
971,0.08867430817622879,0.04593770926811,0.9355779947843708,rmse,0.0694154532407795,0.005544031196061974,9,19,reg:squarederror,0.4199697392624856,gpu_hist,COMPLETE
972,0.08756531056584974,0.056838658862727175,0.9135040347280168,rmse,0.36316061185463683,0.006059231647001073,9,10,reg:squarederror,0.41158252501504544,gpu_hist,COMPLETE
973,0.0900808821463966,0.04125063592828149,0.9668896077050676,rmse,0.18177978169977416,0.010712305288950555,5,6,reg:squarederror,0.43856215708599927,gpu_hist,COMPLETE
974,0.08832418147131324,0.048002210768018846,0.9456513722221805,rmse,0.144855741608407,0.006915447552340654,9,16,reg:squarederror,0.42784420252840216,gpu_hist,COMPLETE
975,0.08780054256845557,0.05891886733124769,0.9237313047843349,rmse,0.0953440853589393,0.0063668054705799644,9,6,reg:squarederror,0.5162373885399016,gpu_hist,COMPLETE
976,0.09012433031675572,0.07673570697112991,0.9796592442330687,rmse,0.0804177593450706,0.007426380621863537,9,25,reg:squarederror,0.41030768889961106,gpu_hist,COMPLETE
977,0.08845184253451939,0.027200835541503123,0.9588129930745788,rmse,0.061285686577110754,0.008711671787982347,9,1,reg:squarederror,0.4581255712260824,gpu_hist,COMPLETE
978,0.08803253284204896,0.12687440946190887,0.9351678356402823,rmse,0.12039818849638681,0.005644982518100387,9,13,reg:squarederror,0.4291524505358766,gpu_hist,COMPLETE
979,0.08738076430458572,0.03348038120273224,0.9020320902519673,rmse,0.09897187909573756,0.00667913259350523,9,6,reg:squarederror,0.44262616303650376,gpu_hist,COMPLETE
980,0.08764281884590246,0.035475487392452563,0.8919917017372861,rmse,0.10382578626073816,0.005859009198666051,9,6,reg:squarederror,0.46601041861441095,gpu_hist,COMPLETE
981,0.08788473204043387,0.02856899352532902,0.893508265789087,rmse,0.1346323389523804,0.006457181851420651,9,6,reg:squarederror,0.48408991411915536,gpu_hist,COMPLETE
982,0.08823233117561805,0.02537436148945513,0.9008593624465105,rmse,0.09070813596476089,0.005475827246285493,9,1,reg:squarederror,0.4584585134548104,gpu_hist,COMPLETE
983,0.08784935488675619,0.028944262135488348,0.906746573070935,rmse,0.11363799385314043,0.006970356241099194,9,11,reg:squarederror,0.4469031920440109,gpu_hist,COMPLETE
984,0.08858713867142673,0.035856335821687284,0.8900577890036518,rmse,0.07511150960507747,0.006095841248114987,9,16,reg:squarederror,0.8246883649237244,gpu_hist,COMPLETE
985,0.08826160724993118,0.03521632580396161,0.9031501670827414,rmse,0.09851996136251394,0.005137676699532211,9,1,reg:squarederror,0.44124737143089177,gpu_hist,COMPLETE
986,0.08780880831746195,0.024735932958863158,0.911870768536108,rmse,0.1657504649861786,0.007875523398214032,9,10,reg:squarederror,0.47359051530598856,gpu_hist,COMPLETE
987,0.08758108929229179,0.03893707939621442,0.8828607768874831,rmse,0.0863609164601545,0.006523397361257312,9,6,reg:squarederror,0.45373742873727124,gpu_hist,COMPLETE
988,0.0887075808457197,0.04264317295613229,0.92430899858492,rmse,0.1360910597818959,0.007149920087624552,9,19,reg:squarederror,0.43981277116008316,gpu_hist,COMPLETE
989,0.08794557606072984,0.04710038868234025,0.9126138492189777,rmse,0.06964922622719329,0.005869920196535178,9,11,reg:squarederror,0.42018524846683813,gpu_hist,COMPLETE
990,0.08802623035287546,0.031383746314227405,0.9904121944097938,rmse,0.10515794004375827,0.005378269496726923,9,1,reg:squarederror,0.40940506489740824,gpu_hist,COMPLETE
991,0.0881293076317241,0.03567011931965154,0.9999566373111949,rmse,0.07854257913251943,0.006351326131605451,9,14,reg:squarederror,0.4517044644181432,gpu_hist,COMPLETE
992,0.08767201557404376,0.043305662955801585,0.8936033552350136,rmse,0.12286362686428424,0.0075350053617156895,9,6,reg:squarederror,0.43626677212931997,gpu_hist,COMPLETE
993,0.2776800697566038,0.03230469679436282,0.9500942343831053,rmse,0.09206857104662185,0.0012584649339819993,9,22,reg:squarederror,0.40096701360801873,gpu_hist,COMPLETE
994,0.08753787793758602,0.05333742500178559,0.9237877181904844,rmse,0.05836352570013512,0.006740735871460341,9,7,reg:squarederror,0.4265490773203194,gpu_hist,COMPLETE
995,0.10004404948130682,0.04183524206634084,0.9671408916005783,rmse,0.10844680707582674,0.005836349281124636,3,14,reg:squarederror,0.44360615797650627,gpu_hist,COMPLETE
996,0.08934080320940088,0.025935279985647285,0.93936094491929,rmse,0.06794027685836869,0.008632403250010464,20,1,reg:squarederror,0.4200999521330585,gpu_hist,COMPLETE
997,0.08779693056346777,0.05296561114719267,0.9060219916770212,rmse,0.1613104859368217,0.005021732550083993,9,8,reg:squarederror,0.4007759950110586,gpu_hist,COMPLETE
998,0.08846708875326109,0.057251739647262365,0.9233412415949382,rmse,0.09005019776300459,0.007132209340325318,9,17,reg:squarederror,0.4645390617260404,gpu_hist,COMPLETE
999,0.09069485664310421,0.04340479670534996,0.952531581273364,rmse,0.12537151429062743,0.006083386476007562,9,27,reg:squarederror,0.4316316195467981,gpu_hist,COMPLETE
