number,value,params_alpha,params_colsample_bytree,params_eval_metric,params_lambda,params_learning_rate,params_max_depth,params_min_child_weight,params_objective,params_subsample,params_tree_method,state
788,0.12699306666680651,2.72594681433162,0.6389719057033684,rmse,0.014456907540495835,0.013257421174190907,5,11,reg:squarederror,0.6190744085946118,gpu_hist,COMPLETE
789,0.1263402740865361,2.0620092459071597,0.6413252021956629,rmse,6.9831702768370985,0.014508820501949689,20,30,reg:squarederror,0.6376180096805004,gpu_hist,COMPLETE
790,0.1253053657264158,1.7192271654461333,0.6540890621328387,rmse,0.027052470305438277,0.016444783635115368,20,21,reg:squarederror,0.6147397801480218,gpu_hist,COMPLETE
791,0.13553221279630454,1.5980278672521682,0.6166030681973638,rmse,5.960183206359163,0.012142508254061506,3,14,reg:squarederror,0.6284265789883227,gpu_hist,COMPLETE
792,0.12356204561994642,1.4669634015603252,0.6394394613326952,rmse,4.548296402072752,0.014251664065290003,20,6,reg:squarederror,0.6107956239793805,gpu_hist,COMPLETE
793,0.12292467987186276,1.854887283652099,0.6500450949614482,rmse,7.374460204336536,0.011810669374695604,20,10,reg:squarederror,0.6271398051829691,gpu_hist,COMPLETE
794,0.1398975738389916,2.313850723780759,0.6522540866461766,rmse,7.582538749367678,0.012581862762947652,20,87,reg:squarederror,0.6485065422352344,gpu_hist,COMPLETE
795,0.12568531172776143,1.629226267876045,0.6229083289502846,rmse,7.395331835405271,0.013584978666125304,20,23,reg:squarederror,0.661619843228447,gpu_hist,COMPLETE
796,0.12395366010265443,2.382025274497783,0.6337150105032765,rmse,6.00096830034256,0.011844057220166833,20,15,reg:squarederror,0.6391668712224992,gpu_hist,COMPLETE
797,0.12351126474106576,3.2139295615891874,0.64794754622421,rmse,8.470222103409014,0.015458152492222182,20,10,reg:squarederror,0.6306529751318195,gpu_hist,COMPLETE
798,0.12556585495463807,2.1534828210463317,0.62937884385032,rmse,6.738002313986579,0.012888152742873795,20,26,reg:squarederror,0.6284999410159563,gpu_hist,COMPLETE
799,0.15305563939606173,1.758430356040564,0.6555135340754507,rmse,8.620565941752298,0.014573598194856046,20,155,reg:squarederror,0.6508156724122481,gpu_hist,COMPLETE
800,0.12698855390884692,2.054967454601784,0.662348161210481,rmse,4.237537702267729,0.017197477162323643,20,35,reg:squarederror,0.6403341747067408,gpu_hist,COMPLETE
801,0.12479707673020007,1.8513020375576794,0.6488320465821666,rmse,9.992346705519267,0.01184939358990803,17,19,reg:squarederror,0.6206455224909935,gpu_hist,COMPLETE
802,0.12370678220036523,1.3009133150607355,0.6473090165760912,rmse,5.734766555468685,0.013128704684119844,20,6,reg:squarederror,0.6251787065819966,gpu_hist,COMPLETE
803,0.12438904253971193,2.637103388804625,0.6265475471721803,rmse,7.385413817149731,0.015671486763221113,7,13,reg:squarederror,0.6097046306692074,gpu_hist,COMPLETE
804,0.12499635264792626,1.4264978976060176,0.6072650352639698,rmse,9.930494930291076,0.011372233422246351,20,17,reg:squarederror,0.6375705391546505,gpu_hist,COMPLETE
805,0.12362728732086874,1.5776936401675503,0.673376476719344,rmse,7.366794168091585,0.014185280065340563,9,6,reg:squarederror,0.6187976746945008,gpu_hist,COMPLETE
806,0.12355927013676456,2.9907009597370715,0.6614850310975373,rmse,9.972066883818322,0.018299118446429074,20,11,reg:squarederror,0.6085352980094231,gpu_hist,COMPLETE
807,0.12442765498112976,1.8243929400172905,0.633671473950078,rmse,5.08287435954142,0.0126180341350233,20,21,reg:squarederror,0.6552769650175233,gpu_hist,COMPLETE
808,0.12377021168475666,4.319545849556524,0.668079504867198,rmse,6.346236419899651,0.014081857706774194,20,6,reg:squarederror,0.6314800986792259,gpu_hist,COMPLETE
809,0.12362227704755883,1.2865749031186058,0.644553508940813,rmse,8.206383419815529,0.011385184701472153,13,13,reg:squarederror,0.6146733614488332,gpu_hist,COMPLETE
810,0.12307566240968944,1.4570063731933145,0.6756829570601418,rmse,8.42295209270899,0.015951784621830792,20,6,reg:squarederror,0.6248044008378594,gpu_hist,COMPLETE
811,0.12476902461125941,2.061331306210288,0.6710515506735018,rmse,5.256162242858938,0.017518196674250343,20,1,reg:squarederror,0.6067715946679192,gpu_hist,COMPLETE
812,0.12373854744694825,1.6646903145786323,0.6613828160907976,rmse,6.554183838805851,0.01982804052143641,20,6,reg:squarederror,0.647080010770432,gpu_hist,COMPLETE
813,0.12323859058748127,2.2134726477729343,0.6779098896798359,rmse,5.974443521862698,0.016421616659922658,20,6,reg:squarederror,0.6012083171764302,gpu_hist,COMPLETE
814,0.1236367284465071,1.766398954691127,0.6783755269686219,rmse,4.229925707448071,0.018339213917913277,20,9,reg:squarederror,0.624171041725794,gpu_hist,COMPLETE
815,0.12463265859229876,2.2624322322951333,0.6608181973419794,rmse,7.584328245064338,0.020589491657054274,15,1,reg:squarederror,0.6045075078209543,gpu_hist,COMPLETE
816,0.1235564592485465,2.3662430746182457,0.6482374505041173,rmse,5.876633287536848,0.016907619836499254,20,5,reg:squarederror,0.6726470838828515,gpu_hist,COMPLETE
817,0.12363850209003927,2.7656251921876445,0.6756434187101373,rmse,6.699902949741528,0.016805172895388375,20,1,reg:squarederror,0.635078992047275,gpu_hist,COMPLETE
818,0.1233165313272271,2.663088552000796,0.6875757625055224,rmse,8.02590701613993,0.019121585272377898,20,11,reg:squarederror,0.6171961048668305,gpu_hist,COMPLETE
819,0.12390994379244896,3.675710449218473,0.6661539234511505,rmse,5.471705305852458,0.016111167523167134,20,7,reg:squarederror,0.6033858036457647,gpu_hist,COMPLETE
820,0.12704553439156221,1.9863020321020346,0.6421673742433162,rmse,7.567709179520563,0.015741885556190688,5,17,reg:squarederror,0.6172059665268164,gpu_hist,COMPLETE
821,0.12347743765843179,2.1470781416277323,0.6866276418915465,rmse,0.3665810556539397,0.017791686420699258,20,11,reg:squarederror,0.6340931276916134,gpu_hist,COMPLETE
822,0.12314479107264234,1.9376708354929968,0.6756691477220336,rmse,6.497574152949776,0.015530652193529438,20,6,reg:squarederror,0.6046023938415295,gpu_hist,COMPLETE
823,0.12363709178220662,2.8541176623793945,0.6617674382669365,rmse,4.610232654867736,0.019237211009718088,20,5,reg:squarederror,0.6265025753156983,gpu_hist,COMPLETE
824,0.13155632503356904,3.3905935683263175,0.6742525282260328,rmse,3.7051756170307297,0.016261953511331154,3,6,reg:squarederror,0.6117263218368464,gpu_hist,COMPLETE
825,0.12562478039253971,2.7190588089492356,0.6554198011365306,rmse,5.074966999827033,0.021847258218685803,20,1,reg:squarederror,0.6034760420526083,gpu_hist,COMPLETE
826,0.12379251276869843,2.165342808956154,0.622401156335939,rmse,6.100164706199436,0.01723624501888222,20,1,reg:squarederror,0.6239329097846492,gpu_hist,COMPLETE
827,0.12341484722021526,2.0801687726816325,0.6387736906148248,rmse,3.2991049892132,0.015714346614006832,20,10,reg:squarederror,0.6400191150832929,gpu_hist,COMPLETE
828,0.1243899865100764,1.8243480980834825,0.6738748811348838,rmse,4.862523424899285,0.018755307047271505,20,16,reg:squarederror,0.6470589147598564,gpu_hist,COMPLETE
829,0.12315431193683885,2.3291674465012706,0.681135830586802,rmse,6.210537053419128,0.015183685266799741,20,6,reg:squarederror,0.6153070288145718,gpu_hist,COMPLETE
830,0.14091910471070163,3.233667344881179,0.6591960442765836,rmse,5.2154348712693395,0.016695415501718127,20,98,reg:squarederror,0.6316022569238594,gpu_hist,COMPLETE
831,0.12384099946608791,2.836624247405961,0.6673312663072101,rmse,3.9234449190389546,0.015344071353288708,20,7,reg:squarederror,0.6172606640251755,gpu_hist,COMPLETE
832,0.12298981269145033,3.7066999276089163,0.6763348954529669,rmse,4.318810265930119,0.015114297094331335,20,11,reg:squarederror,0.6226986196092521,gpu_hist,COMPLETE
833,0.12530828979895375,7.729242181632493,0.6814210917543938,rmse,3.616703134290496,0.019388262840320115,17,18,reg:squarederror,0.6605222247661845,gpu_hist,COMPLETE
834,0.12486389341278006,2.6832544575108623,0.6751997350247194,rmse,4.156164760445169,0.01769811288764605,20,25,reg:squarederror,0.64274322755166,gpu_hist,COMPLETE
835,0.1238885052303423,2.2422858280857794,0.6851645514043243,rmse,4.791710742448196,0.015346299711251012,7,12,reg:squarederror,0.6231152857487816,gpu_hist,COMPLETE
836,0.12506922670749307,5.278070151270321,0.6865076222003818,rmse,4.391932243595278,0.016926241070710103,9,1,reg:squarederror,0.6108348607244919,gpu_hist,COMPLETE
837,0.12343020496089022,3.2457075143411456,0.6472661404873101,rmse,5.377855658021037,0.02027581046089657,20,7,reg:squarederror,0.6347085175586024,gpu_hist,COMPLETE
838,0.14627767404494285,5.737146409211719,0.6733166421929012,rmse,5.8101917724197,0.015245236055517255,13,124,reg:squarederror,0.615790337938387,gpu_hist,COMPLETE
839,0.12450061067604928,5.057693785488216,0.6941469857844855,rmse,6.066358760592348,0.016513455140488242,20,15,reg:squarederror,0.6300367006189378,gpu_hist,COMPLETE
840,0.12460873954616733,3.7845332777802834,0.664995012872298,rmse,5.148400902983157,0.01485843851670307,20,20,reg:squarederror,0.6518609959120113,gpu_hist,COMPLETE
841,0.12381827003110227,4.587763626972672,0.6854754778017499,rmse,4.391821284933903,0.014831811750749449,20,10,reg:squarederror,0.6066346480259148,gpu_hist,COMPLETE
842,0.12380582062152995,2.701630224113607,0.6500823463276291,rmse,6.315562616951116,0.01785170102083557,20,5,reg:squarederror,0.6035830841299398,gpu_hist,COMPLETE
843,0.12371084365858935,2.3635772187124697,0.6975549407979353,rmse,3.1897501442984804,0.016043883626102425,20,14,reg:squarederror,0.6214398314660978,gpu_hist,COMPLETE
844,0.125978643094198,3.854019652229306,0.676362339782435,rmse,6.344394381300286,0.014006482766055692,20,26,reg:squarederror,0.5984619928670852,gpu_hist,COMPLETE
845,0.12555020197597053,2.4941752601773444,0.4120871932922231,rmse,5.6087499103413645,0.022978774139404988,20,10,reg:squarederror,0.49364392883053654,gpu_hist,COMPLETE
846,0.12473142976032063,3.830990012002736,0.6591978109074031,rmse,6.718377430083903,0.01761752132708705,20,18,reg:squarederror,0.6141601149802336,gpu_hist,COMPLETE
847,0.1236377438444501,3.355996740307851,0.6935864324245489,rmse,4.837399435220066,0.015251831643291112,20,5,reg:squarederror,0.6316799022380075,gpu_hist,COMPLETE
848,0.12390342021763477,1.9544543694652394,0.6771973854572473,rmse,6.4735133103643925,0.013753914043349552,15,1,reg:squarederror,0.6433386074024278,gpu_hist,COMPLETE
849,0.1241584901445164,2.4079162265112086,0.6376588895745803,rmse,0.20139217186820293,0.01910474583814903,20,12,reg:squarederror,0.5975909652363752,gpu_hist,COMPLETE
850,0.12474647089788023,4.031397856864881,0.6987375976504449,rmse,2.687969365806888,0.013775257147277342,20,21,reg:squarederror,0.6185379256770229,gpu_hist,COMPLETE
851,0.1236542926766495,4.5069203860756835,0.6592898458194071,rmse,5.600088059949947,0.016445483656108498,20,7,reg:squarederror,0.6086271780141087,gpu_hist,COMPLETE
852,0.12443175721281016,1.8757559682742635,0.6135393416385176,rmse,7.023734419330172,0.014898244388998961,20,14,reg:squarederror,0.6284167440881003,gpu_hist,COMPLETE
853,0.1292177001638253,6.057484892444365,0.6839473428886551,rmse,4.031555911235528,0.01634455239830994,5,30,reg:squarederror,0.5963382867227857,gpu_hist,COMPLETE
854,0.12427377122193624,1.7105101469394117,0.6948154271507608,rmse,6.751477765867694,0.013648616914620071,20,1,reg:squarederror,0.6121761033144073,gpu_hist,COMPLETE
855,0.12456682163711914,3.076220982492437,0.6671652245429306,rmse,5.521486015399981,0.014961873426606124,20,19,reg:squarederror,0.6247394159219638,gpu_hist,COMPLETE
856,0.1311094854832338,2.2060625943885923,0.6464610388005155,rmse,7.266621622599992,0.018742410039529464,3,10,reg:squarederror,0.6423496200751119,gpu_hist,COMPLETE
857,0.12345679220073254,1.6052427219621337,0.682146059527752,rmse,7.375121770615243,0.013123682794530495,20,6,reg:squarederror,0.5951043185549137,gpu_hist,COMPLETE
858,0.12328310393939494,1.9271203085956978,0.6994246896266684,rmse,4.494595163560701,0.016477774898034925,20,14,reg:squarederror,0.6085223107108831,gpu_hist,COMPLETE
859,0.12496989208493638,1.5549835526358737,0.6745061829978211,rmse,6.091178592787341,0.0214041096981407,20,23,reg:squarederror,0.6223434564613536,gpu_hist,COMPLETE
860,0.1237043210802268,3.084135541494704,0.6559609776747006,rmse,7.602331198001971,0.014521256763827511,20,10,reg:squarederror,0.6352488670157285,gpu_hist,COMPLETE
861,0.12440856367738533,0.031806127903194224,0.634587040137112,rmse,5.379267811226164,0.012687469369721576,20,16,reg:squarederror,0.6573315065883942,gpu_hist,COMPLETE
862,0.12473422820087093,7.846558801248349,0.6896185047282516,rmse,0.003015457107673872,0.01778159595238321,20,6,reg:squarederror,0.6034912280136169,gpu_hist,COMPLETE
863,0.12407754085315312,2.428404154274837,0.7035017431491845,rmse,7.861085394339468,0.013830342769215095,20,1,reg:squarederror,0.5890757166725459,gpu_hist,COMPLETE
864,0.12405393555514983,1.54150075121752,0.6705535876509452,rmse,6.383788552040092,0.015352227050432992,17,19,reg:squarederror,0.6167367124222212,gpu_hist,COMPLETE
865,0.12315242236461853,1.986496116892604,0.703117235866222,rmse,8.527299148631464,0.012419746242286657,20,10,reg:squarederror,0.6021076847822946,gpu_hist,COMPLETE
866,0.12776736061643068,1.686323523159742,0.7073231121847853,rmse,8.25613053232395,0.012256516995443282,7,29,reg:squarederror,0.63076751363421,gpu_hist,COMPLETE
867,0.12390614241538299,1.8903385789632745,0.7071261582986796,rmse,8.627618467214225,0.012269667070449634,20,15,reg:squarederror,0.6160876475133812,gpu_hist,COMPLETE
868,0.1252423039406667,1.464913106314914,0.7146623201830467,rmse,8.322972739590599,0.013097091367401052,9,23,reg:squarederror,0.5938645168689212,gpu_hist,COMPLETE
869,0.12641437116282872,1.4331886717095357,0.6966950872504614,rmse,8.532067291420747,0.049122986019599475,13,12,reg:squarederror,0.6120213274081646,gpu_hist,COMPLETE
870,0.12641713817718594,1.8316709947503864,0.7096282692434274,rmse,7.198015673442657,0.03595326046769647,20,38,reg:squarederror,0.7143942627064401,gpu_hist,COMPLETE
871,0.12559269114913277,1.4556315075963882,0.6945548269386196,rmse,8.501987235745156,0.012210429771750238,20,22,reg:squarederror,0.6281383978743116,gpu_hist,COMPLETE
872,0.12550213696636198,6.870558399856321,0.7231204048348979,rmse,0.03840187568827767,0.0116254217476576,20,11,reg:squarederror,0.6502479480904861,gpu_hist,COMPLETE
873,0.12373827795697587,1.9675471402006186,0.7063149148346171,rmse,7.1184278213475665,0.013256130772400261,20,17,reg:squarederror,0.6055592610321776,gpu_hist,COMPLETE
874,0.12306693757327815,1.3495582387039005,0.682680899873643,rmse,8.570394615098706,0.013592715091490687,20,9,reg:squarederror,0.5876827091422943,gpu_hist,COMPLETE
875,0.12328281608071925,1.648960895937043,0.691519745170167,rmse,8.794398304073775,0.01415624553947795,20,7,reg:squarederror,0.585278129004338,gpu_hist,COMPLETE
876,0.12369999203500742,2.4718993431641585,0.7181046464852999,rmse,7.286841916024567,0.013904009675532483,20,6,reg:squarederror,0.5929255724892115,gpu_hist,COMPLETE
877,0.17745716605367026,1.3504235396033804,0.6940007155656444,rmse,9.964832375276549,0.013143286465117842,20,227,reg:squarederror,0.5836666173906424,gpu_hist,COMPLETE
878,0.12411089097462329,2.0545894701535494,0.7058810312551336,rmse,8.435767917284593,0.01497472167439688,20,1,reg:squarederror,0.5864762054596417,gpu_hist,COMPLETE
879,0.12346660955222116,1.5667950234486507,0.6843440110139519,rmse,6.709809489464106,0.014012739694319914,20,11,reg:squarederror,0.5988174594700161,gpu_hist,COMPLETE
880,0.12415889781663529,1.912867272564787,0.7224466320649098,rmse,9.919054505344286,0.01252172458944164,20,17,reg:squarederror,0.639097643634624,gpu_hist,COMPLETE
881,0.12298864256606777,1.3827982736781714,0.6872969828087628,rmse,7.362436103891341,0.014965436626404535,20,9,reg:squarederror,0.6206862883044122,gpu_hist,COMPLETE
882,0.12371784081304003,1.698281885708152,0.6989265316180336,rmse,6.092286354990954,0.014683652600881735,20,1,reg:squarederror,0.6679176932628674,gpu_hist,COMPLETE
883,0.12337392183566338,1.3906141475967404,0.7099847694357979,rmse,6.907024500396734,0.015424681013286775,15,6,reg:squarederror,0.6467599713035656,gpu_hist,COMPLETE
884,0.1702212499127921,2.081305150801141,0.7273615886171253,rmse,5.005323162133809,0.015943974207599756,5,195,reg:squarederror,0.6225482489487182,gpu_hist,COMPLETE
885,0.12341233790814594,1.669799384997352,0.6867872033034779,rmse,6.469355978928646,0.016282637748951435,20,10,reg:squarederror,0.637732050417065,gpu_hist,COMPLETE
886,0.12324475617020196,2.5408488311023505,0.7028834836279549,rmse,7.612305533837405,0.018031715782390552,20,7,reg:squarederror,0.6241457385167712,gpu_hist,COMPLETE
887,0.12433811044754005,1.387942967328487,0.7158567120826084,rmse,0.001886026641761182,0.014876206986295682,11,16,reg:squarederror,0.7779399992435752,gpu_hist,COMPLETE
888,0.13292764401203125,1.8068741606673742,0.6879267714352512,rmse,5.078512367842145,0.013824800036266556,3,6,reg:squarederror,0.6152570369923948,gpu_hist,COMPLETE
889,0.1662553662014092,3.1658808867465513,0.6976148742008186,rmse,7.400591734492583,0.0017721247605559894,20,11,reg:squarederror,0.6287722368102507,gpu_hist,COMPLETE
890,0.12424866393150469,1.3161813688806214,0.7284746174393689,rmse,5.868993877377722,0.01668929673721903,20,1,reg:squarederror,0.6001224088553212,gpu_hist,COMPLETE
891,0.12495466215507789,2.2962174226662855,0.7117317993810711,rmse,8.482345428029737,0.015225775795483374,20,23,reg:squarederror,0.6120716584855244,gpu_hist,COMPLETE
892,0.12451265100719859,0.004382776153597503,0.6856260408515414,rmse,6.448757403427863,0.013615107636347391,20,17,reg:squarederror,0.5764996804844834,gpu_hist,COMPLETE
893,0.1366644397984031,1.5428147447215637,0.7024636993029111,rmse,0.2652946660612811,0.01745603690297287,20,70,reg:squarederror,0.6410264567880453,gpu_hist,COMPLETE
894,0.12342497936989563,1.2986500167464452,0.719054788871599,rmse,8.536661200128009,0.014510016215745545,20,10,reg:squarederror,0.5905239694481719,gpu_hist,COMPLETE
895,0.124027663064789,1.7399225119836559,0.7354684965308907,rmse,5.28588345932077,0.015865510792246643,20,6,reg:squarederror,0.6903460850475671,gpu_hist,COMPLETE
896,0.12428576257879043,2.05490380286821,0.6801618373004393,rmse,0.6736492903205831,0.013751536289262338,20,1,reg:squarederror,0.6215904208105628,gpu_hist,COMPLETE
897,0.1246539896857761,1.2676968199003325,0.6972117335056898,rmse,9.97005897960591,0.018888708742749175,17,14,reg:squarederror,0.881842518719738,gpu_hist,COMPLETE
898,0.1293363048224624,1.4223722621069224,0.7104966079082171,rmse,7.457384779538146,0.012801510325222469,7,28,reg:squarederror,0.47680122367465066,gpu_hist,COMPLETE
899,0.12414016905735435,1.608969047425401,0.7223178816500145,rmse,3.679957264161681,0.01519265304643576,20,18,reg:squarederror,0.6038770261085875,gpu_hist,COMPLETE
900,0.14559083776040418,2.3051497870227267,0.683576125354104,rmse,2.1202457937659607,0.01684500805513667,9,109,reg:squarederror,0.6557156635385776,gpu_hist,COMPLETE
901,0.12341387141794241,1.866395485353138,0.7010990838804407,rmse,4.413850772758323,0.013089082327790281,13,10,reg:squarederror,0.6175885308757402,gpu_hist,COMPLETE
902,0.12482582931907031,2.8185227656556187,0.7338062027794269,rmse,6.530270560961757,0.014396382711589448,20,22,reg:squarederror,0.6329995754331742,gpu_hist,COMPLETE
903,0.12315186368851236,1.1993826427565628,0.6866125507889117,rmse,7.789881468895969,0.011171860954327572,20,7,reg:squarederror,0.5950098002777181,gpu_hist,COMPLETE
904,0.12474840635026521,4.362109806763477,0.6860163084580382,rmse,8.453620474677576,0.011775659259138857,20,6,reg:squarederror,0.578634331210676,gpu_hist,COMPLETE
905,0.12436077533554986,1.2313917712304836,0.6966547404789845,rmse,9.95014062740069,0.012878537761210236,20,14,reg:squarederror,0.5648180412346141,gpu_hist,COMPLETE
906,0.12328438092533867,1.5285770599570363,0.6778472392421245,rmse,5.990734947366509,0.011437758272120213,20,5,reg:squarederror,0.5859125305958388,gpu_hist,COMPLETE
907,0.12418296400960749,1.9823728539301322,0.7097205689701006,rmse,7.091369521119411,0.01307405734344348,20,1,reg:squarederror,0.5772832907160681,gpu_hist,COMPLETE
908,0.12327116829727265,1.2197993167653869,0.6911416376196903,rmse,8.417047373582399,0.01484999021942183,20,11,reg:squarederror,0.5947248836110309,gpu_hist,COMPLETE
909,0.12389148280801644,1.6030131027451904,0.713825705297821,rmse,5.416575502346089,0.01591443225094865,20,16,reg:squarederror,0.5868713769119737,gpu_hist,COMPLETE
910,0.12398294963165958,2.426342022949614,0.6757090442009424,rmse,7.350996296865027,0.011814988744870922,20,6,reg:squarederror,0.5661575170828129,gpu_hist,COMPLETE
911,0.12491314381215925,1.2344096153770976,0.6939977792346693,rmse,9.974344013416848,0.020463594633853173,15,20,reg:squarederror,0.5440453498786811,gpu_hist,COMPLETE
912,0.12356991309338923,3.4726162832613023,0.7250199972544916,rmse,6.277577093395484,0.013727464445756048,20,10,reg:squarederror,0.598339404436023,gpu_hist,COMPLETE
913,0.12569658393475097,1.4755974140517705,0.7114013983618062,rmse,4.564759038458625,0.025002786711888568,20,26,reg:squarederror,0.5927972483272734,gpu_hist,COMPLETE
914,0.12436527161394752,2.00293342197149,0.6745750341025255,rmse,8.259190965534737,0.012779436024194004,20,1,reg:squarederror,0.6052502128844257,gpu_hist,COMPLETE
915,0.12383381819496955,1.702807691901558,0.6998707219537991,rmse,7.13409270024908,0.01789878220096428,20,13,reg:squarederror,0.5809814163814807,gpu_hist,COMPLETE
916,0.12792225081127462,1.1323551128895228,0.6874025576686775,rmse,9.98249613100959,0.011172968717311745,5,8,reg:squarederror,0.6011387833588075,gpu_hist,COMPLETE
917,0.12405209874026235,1.3713383390266765,0.736614477234648,rmse,5.777315528461199,0.014311506878226514,20,19,reg:squarederror,0.5901887543890838,gpu_hist,COMPLETE
918,0.12427410538146601,2.600863127438546,0.7057905103397619,rmse,8.291155400072068,0.01617628039047435,11,1,reg:squarederror,0.5703734973175338,gpu_hist,COMPLETE
919,0.12343283736629011,1.794509461781795,0.6676636994516596,rmse,6.929242108693065,0.012403385534383563,20,14,reg:squarederror,0.6084137623268681,gpu_hist,COMPLETE
