Trial 419 finished with value: 0.12400942759625451 and parameters: {'objective': 'reg:squarederror', 'tree_method': 'gpu_hist', 'lambda': 6.103939888472451, 'alpha': 1.0345980153635315, 'colsample_bytree': 0.706093166146237, 'subsample': 0.6233002406974021, 'learning_rate': 0.01750969599299941, 'max_depth': 20, 'min_child_weight': 6, 'eval_metric': 'rmse'}. Best is trial 372 with value: 0.12298536904460573.
start listen on 192.168.1.101:55179
@tracker All of 1 nodes getting started
@tracker All nodes finishes job
Trial 420 finished with value: 0.13530831698411752 and parameters: {'objective': 'reg:squarederror', 'tree_method': 'gpu_hist', 'lambda': 0.005413011906665144, 'alpha': 1.4265991966228497, 'colsample_bytree': 0.6551096316852125, 'subsample': 0.6049444964040127, 'learning_rate': 0.00960469936777524, 'max_depth': 20, 'min_child_weight': 57, 'eval_metric': 'rmse'}. Best is trial 372 with value: 0.12298536904460573.
start listen on 192.168.1.101:46631
@tracker All of 1 nodes getting started
@tracker All nodes finishes job
Trial 421 finished with value: 0.12511720505046187 and parameters: {'objective': 'reg:squarederror', 'tree_method': 'gpu_hist', 'lambda': 0.05276307721410405, 'alpha': 0.8524707056784426, 'colsample_bytree': 0.6763603792588156, 'subsample': 0.5716996292100073, 'learning_rate': 0.014616251696319912, 'max_depth': 11, 'min_child_weight': 17, 'eval_metric': 'rmse'}. Best is trial 372 with value: 0.12298536904460573.
start listen on 192.168.1.101:60083
@tracker All of 1 nodes getting started
@tracker All nodes finishes job
Trial 422 finished with value: 0.12380551387441169 and parameters: {'objective': 'reg:squarederror', 'tree_method': 'gpu_hist', 'lambda': 7.418218862298791, 'alpha': 0.6700212455766121, 'colsample_bytree': 0.7203650440070718, 'subsample': 0.6381836489546151, 'learning_rate': 0.012569459647636033, 'max_depth': 20, 'min_child_weight': 10, 'eval_metric': 'rmse'}. Best is trial 372 with value: 0.12298536904460573.
start listen on 192.168.1.101:49227
@tracker All of 1 nodes getting started
@tracker All nodes finishes job
Trial 423 finished with value: 0.12704905023718344 and parameters: {'objective': 'reg:squarederror', 'tree_method': 'gpu_hist', 'lambda': 5.347056266097659, 'alpha': 1.1928995228719093, 'colsample_bytree': 0.7422935116317415, 'subsample': 0.6117935327755659, 'learning_rate': 0.011097298697920126, 'max_depth': 20, 'min_child_weight': 30, 'eval_metric': 'rmse'}. Best is trial 372 with value: 0.12298536904460573.
start listen on 192.168.1.101:43371
@tracker All of 1 nodes getting started
@tracker All nodes finishes job
Trial 424 finished with value: 0.12428433916373662 and parameters: {'objective': 'reg:squarederror', 'tree_method': 'gpu_hist', 'lambda': 9.775502443396867, 'alpha': 1.7129690390899488, 'colsample_bytree': 0.6984218556853162, 'subsample': 0.5913298209267284, 'learning_rate': 0.010290335234289086, 'max_depth': 20, 'min_child_weight': 1, 'eval_metric': 'rmse'}. Best is trial 372 with value: 0.12298536904460573.
start listen on 192.168.1.101:34597
@tracker All of 1 nodes getting started
@tracker All nodes finishes job
Trial 425 finished with value: 0.15721877309286297 and parameters: {'objective': 'reg:squarederror', 'tree_method': 'gpu_hist', 'lambda': 7.006401011629233, 'alpha': 0.9342550928329417, 'colsample_bytree': 0.7171723343766935, 'subsample': 0.6482458874171548, 'learning_rate': 0.012231178541357449, 'max_depth': 7, 'min_child_weight': 160, 'eval_metric': 'rmse'}. Best is trial 372 with value: 0.12298536904460573.
start listen on 192.168.1.101:41625
@tracker All of 1 nodes getting started
@tracker All nodes finishes job
Trial 426 finished with value: 0.12422081398211832 and parameters: {'objective': 'reg:squarederror', 'tree_method': 'gpu_hist', 'lambda': 8.801552437627247, 'alpha': 0.6058907383819105, 'colsample_bytree': 0.6837307017752412, 'subsample': 0.6163329676557123, 'learning_rate': 0.014003259877978704, 'max_depth': 20, 'min_child_weight': 20, 'eval_metric': 'rmse'}. Best is trial 372 with value: 0.12298536904460573.
start listen on 192.168.1.101:49551
@tracker All of 1 nodes getting started
@tracker All nodes finishes job
Trial 427 finished with value: 0.15069945709205398 and parameters: {'objective': 'reg:squarederror', 'tree_method': 'gpu_hist', 'lambda': 6.247780843138827, 'alpha': 1.2421863867255274, 'colsample_bytree': 0.7014693282836785, 'subsample': 0.6291057946809889, 'learning_rate': 0.009969804661746599, 'max_depth': 20, 'min_child_weight': 132, 'eval_metric': 'rmse'}. Best is trial 372 with value: 0.12298536904460573.
start listen on 192.168.1.101:35767
@tracker All of 1 nodes getting started
@tracker All nodes finishes job
Trial 428 finished with value: 0.12338668422017626 and parameters: {'objective': 'reg:squarederror', 'tree_method': 'gpu_hist', 'lambda': 9.994708222465874, 'alpha': 1.9429178126471334, 'colsample_bytree': 0.7360734279996438, 'subsample': 0.6003516139988605, 'learning_rate': 0.011286680152589742, 'max_depth': 20, 'min_child_weight': 7, 'eval_metric': 'rmse'}. Best is trial 372 with value: 0.12298536904460573.
start listen on 192.168.1.101:34119
@tracker All of 1 nodes getting started
@tracker All nodes finishes job
Trial 429 finished with value: 0.12371361903225514 and parameters: {'objective': 'reg:squarederror', 'tree_method': 'gpu_hist', 'lambda': 7.821174290023881, 'alpha': 0.824753153679009, 'colsample_bytree': 0.6627395138019153, 'subsample': 0.5860359308124817, 'learning_rate': 0.014689145417069518, 'max_depth': 20, 'min_child_weight': 14, 'eval_metric': 'rmse'}. Best is trial 372 with value: 0.12298536904460573.
start listen on 192.168.1.101:43789
@tracker All of 1 nodes getting started
@tracker All nodes finishes job
Trial 430 finished with value: 0.12457767893761439 and parameters: {'objective': 'reg:squarederror', 'tree_method': 'gpu_hist', 'lambda': 5.236662031549777, 'alpha': 1.0596836832184353, 'colsample_bytree': 0.7175009771429532, 'subsample': 0.5752666622661495, 'learning_rate': 0.016207739316920943, 'max_depth': 20, 'min_child_weight': 24, 'eval_metric': 'rmse'}. Best is trial 372 with value: 0.12298536904460573.
start listen on 192.168.1.101:36737
@tracker All of 1 nodes getting started
@tracker All nodes finishes job
Trial 431 finished with value: 0.12374152926906651 and parameters: {'objective': 'reg:squarederror', 'tree_method': 'gpu_hist', 'lambda': 0.4542659332653088, 'alpha': 1.416790896237022, 'colsample_bytree': 0.6921884859011762, 'subsample': 0.6012354272872809, 'learning_rate': 0.012514844833473638, 'max_depth': 20, 'min_child_weight': 11, 'eval_metric': 'rmse'}. Best is trial 372 with value: 0.12298536904460573.
start listen on 192.168.1.101:36311
@tracker All of 1 nodes getting started
@tracker All nodes finishes job
Trial 432 finished with value: 0.1253189221357443 and parameters: {'objective': 'reg:squarederror', 'tree_method': 'gpu_hist', 'lambda': 3.3990476185869216, 'alpha': 0.7258184978278126, 'colsample_bytree': 0.6378036887705697, 'subsample': 0.6282844030870748, 'learning_rate': 0.018449948294682505, 'max_depth': 20, 'min_child_weight': 6, 'eval_metric': 'rmse'}. Best is trial 372 with value: 0.12298536904460573.
start listen on 192.168.1.101:58401
@tracker All of 1 nodes getting started
@tracker All nodes finishes job
Trial 433 finished with value: 0.12454919671824265 and parameters: {'objective': 'reg:squarederror', 'tree_method': 'gpu_hist', 'lambda': 6.764999735117166, 'alpha': 0.552380194441139, 'colsample_bytree': 0.7073536308515198, 'subsample': 0.6135740853362477, 'learning_rate': 0.009524342969954155, 'max_depth': 20, 'min_child_weight': 16, 'eval_metric': 'rmse'}. Best is trial 372 with value: 0.12298536904460573.
start listen on 192.168.1.101:37987
@tracker All of 1 nodes getting started
@tracker All nodes finishes job
Trial 434 finished with value: 0.1233514992246173 and parameters: {'objective': 'reg:squarederror', 'tree_method': 'gpu_hist', 'lambda': 8.322077601769694, 'alpha': 0.9015341353323136, 'colsample_bytree': 0.7299088508026171, 'subsample': 0.593561522566509, 'learning_rate': 0.010590075687452407, 'max_depth': 20, 'min_child_weight': 5, 'eval_metric': 'rmse'}. Best is trial 372 with value: 0.12298536904460573.
start listen on 192.168.1.101:33839
@tracker All of 1 nodes getting started
@tracker All nodes finishes job
Trial 435 finished with value: 0.14616437991897535 and parameters: {'objective': 'reg:squarederror', 'tree_method': 'gpu_hist', 'lambda': 8.510503044140686, 'alpha': 1.1536283918268448, 'colsample_bytree': 0.6777155000241879, 'subsample': 0.5815921675354596, 'learning_rate': 0.013453595276687151, 'max_depth': 20, 'min_child_weight': 106, 'eval_metric': 'rmse'}. Best is trial 372 with value: 0.12298536904460573.
start listen on 192.168.1.101:49965
@tracker All of 1 nodes getting started
@tracker All nodes finishes job
Trial 436 finished with value: 0.12427797806156231 and parameters: {'objective': 'reg:squarederror', 'tree_method': 'gpu_hist', 'lambda': 8.476486158220098, 'alpha': 1.5520421092540457, 'colsample_bytree': 0.7580871575213944, 'subsample': 0.5640433754150415, 'learning_rate': 0.011389089848514486, 'max_depth': 20, 'min_child_weight': 6, 'eval_metric': 'rmse'}. Best is trial 372 with value: 0.12298536904460573.
start listen on 192.168.1.101:35893
@tracker All of 1 nodes getting started
@tracker All nodes finishes job
Trial 437 finished with value: 0.12686784783570385 and parameters: {'objective': 'reg:squarederror', 'tree_method': 'gpu_hist', 'lambda': 0.07906565753206009, 'alpha': 0.019350935198151502, 'colsample_bytree': 0.7383844912319267, 'subsample': 0.5954952568590015, 'learning_rate': 0.012718676214615471, 'max_depth': 20, 'min_child_weight': 5, 'eval_metric': 'rmse'}. Best is trial 372 with value: 0.12298536904460573.
start listen on 192.168.1.101:55117
@tracker All of 1 nodes getting started
@tracker All nodes finishes job
Trial 438 finished with value: 0.12792230404549493 and parameters: {'objective': 'reg:squarederror', 'tree_method': 'gpu_hist', 'lambda': 7.603573186379954, 'alpha': 8.044189965497127, 'colsample_bytree': 0.7165803439456526, 'subsample': 0.5478853021072981, 'learning_rate': 0.01087631708346844, 'max_depth': 20, 'min_child_weight': 1, 'eval_metric': 'rmse'}. Best is trial 372 with value: 0.12298536904460573.
start listen on 192.168.1.101:60095
@tracker All of 1 nodes getting started
@tracker All nodes finishes job
Trial 439 finished with value: 0.12317598604184817 and parameters: {'objective': 'reg:squarederror', 'tree_method': 'gpu_hist', 'lambda': 9.99488035943067, 'alpha': 0.9423565936865477, 'colsample_bytree': 0.6944617516541053, 'subsample': 0.621818635250162, 'learning_rate': 0.015094392064862173, 'max_depth': 20, 'min_child_weight': 12, 'eval_metric': 'rmse'}. Best is trial 372 with value: 0.12298536904460573.
start listen on 192.168.1.101:44781
@tracker All of 1 nodes getting started
@tracker All nodes finishes job
Trial 440 finished with value: 0.12467348988141784 and parameters: {'objective': 'reg:squarederror', 'tree_method': 'gpu_hist', 'lambda': 9.861971383138043, 'alpha': 0.9692382776477355, 'colsample_bytree': 0.6551968007297725, 'subsample': 0.6116423633632295, 'learning_rate': 0.016692322415986692, 'max_depth': 15, 'min_child_weight': 23, 'eval_metric': 'rmse'}. Best is trial 372 with value: 0.12298536904460573.
start listen on 192.168.1.101:52939
@tracker All of 1 nodes getting started
@tracker All nodes finishes job
Trial 441 finished with value: 0.1270467612231213 and parameters: {'objective': 'reg:squarederror', 'tree_method': 'gpu_hist', 'lambda': 9.713213163400573, 'alpha': 1.178120442487775, 'colsample_bytree': 0.6693536682136029, 'subsample': 0.6218413015167659, 'learning_rate': 0.015657092492026497, 'max_depth': 5, 'min_child_weight': 15, 'eval_metric': 'rmse'}. Best is trial 372 with value: 0.12298536904460573.
start listen on 192.168.1.101:45849
@tracker All of 1 nodes getting started
@tracker All nodes finishes job
Trial 442 finished with value: 0.12288592550916383 and parameters: {'objective': 'reg:squarederror', 'tree_method': 'gpu_hist', 'lambda': 8.63500890127059, 'alpha': 0.9237193753150672, 'colsample_bytree': 0.6913341142029465, 'subsample': 0.6073753241479628, 'learning_rate': 0.01498070420511115, 'max_depth': 20, 'min_child_weight': 12, 'eval_metric': 'rmse'}. Best is trial 442 with value: 0.12288592550916383.
start listen on 192.168.1.101:37615
@tracker All of 1 nodes getting started
@tracker All nodes finishes job
Trial 443 finished with value: 0.12457104546390493 and parameters: {'objective': 'reg:squarederror', 'tree_method': 'gpu_hist', 'lambda': 9.769517250557772, 'alpha': 1.2661617123371467, 'colsample_bytree': 0.6813509338308174, 'subsample': 0.6262709493672487, 'learning_rate': 0.015032286153422468, 'max_depth': 20, 'min_child_weight': 20, 'eval_metric': 'rmse'}. Best is trial 442 with value: 0.12288592550916383.
start listen on 192.168.1.101:53131
@tracker All of 1 nodes getting started
@tracker All nodes finishes job
Trial 444 finished with value: 0.12447581223382068 and parameters: {'objective': 'reg:squarederror', 'tree_method': 'gpu_hist', 'lambda': 6.231985322335256, 'alpha': 1.796003294690522, 'colsample_bytree': 0.6917807846853459, 'subsample': 0.6090198761823572, 'learning_rate': 0.01776497759975387, 'max_depth': 20, 'min_child_weight': 26, 'eval_metric': 'rmse'}. Best is trial 442 with value: 0.12288592550916383.
start listen on 192.168.1.101:51541
@tracker All of 1 nodes getting started
@tracker All nodes finishes job
Trial 445 finished with value: 0.13109374667019402 and parameters: {'objective': 'reg:squarederror', 'tree_method': 'gpu_hist', 'lambda': 9.909984632846411, 'alpha': 1.008821511422862, 'colsample_bytree': 0.6731782496712438, 'subsample': 0.6349341462428771, 'learning_rate': 0.020825709148440067, 'max_depth': 3, 'min_child_weight': 13, 'eval_metric': 'rmse'}. Best is trial 442 with value: 0.12288592550916383.
start listen on 192.168.1.101:52059
@tracker All of 1 nodes getting started
@tracker All nodes finishes job
Trial 446 finished with value: 0.12460934207398977 and parameters: {'objective': 'reg:squarederror', 'tree_method': 'gpu_hist', 'lambda': 0.003343152623682526, 'alpha': 2.6674312629732198, 'colsample_bytree': 0.6946791767746603, 'subsample': 0.6171065965330277, 'learning_rate': 0.014842289285832562, 'max_depth': 20, 'min_child_weight': 18, 'eval_metric': 'rmse'}. Best is trial 442 with value: 0.12288592550916383.
start listen on 192.168.1.101:48177
@tracker All of 1 nodes getting started
@tracker All nodes finishes job
Trial 447 finished with value: 0.126984735509294 and parameters: {'objective': 'reg:squarederror', 'tree_method': 'gpu_hist', 'lambda': 7.63178388328479, 'alpha': 1.4683846594049723, 'colsample_bytree': 0.6581623557576468, 'subsample': 0.6052080204995306, 'learning_rate': 0.016814977849685827, 'max_depth': 20, 'min_child_weight': 34, 'eval_metric': 'rmse'}. Best is trial 442 with value: 0.12288592550916383.
start listen on 192.168.1.101:35815
@tracker All of 1 nodes getting started
@tracker All nodes finishes job
Trial 448 finished with value: 0.12367108566677494 and parameters: {'objective': 'reg:squarederror', 'tree_method': 'gpu_hist', 'lambda': 8.148564625781688, 'alpha': 1.0624675666811532, 'colsample_bytree': 0.6984191670406845, 'subsample': 0.6206463785766541, 'learning_rate': 0.018884328750624374, 'max_depth': 20, 'min_child_weight': 11, 'eval_metric': 'rmse'}. Best is trial 442 with value: 0.12288592550916383.
start listen on 192.168.1.101:47381
@tracker All of 1 nodes getting started
@tracker All nodes finishes job
Trial 449 finished with value: 0.1246508892405341 and parameters: {'objective': 'reg:squarederror', 'tree_method': 'gpu_hist', 'lambda': 5.884410283849949, 'alpha': 0.855155794420341, 'colsample_bytree': 0.6829892413579414, 'subsample': 0.6012445051172194, 'learning_rate': 0.013820992396594645, 'max_depth': 11, 'min_child_weight': 18, 'eval_metric': 'rmse'}. Best is trial 442 with value: 0.12288592550916383.
start listen on 192.168.1.101:55335
@tracker All of 1 nodes getting started
@tracker All nodes finishes job
Trial 450 finished with value: 0.12395418942207398 and parameters: {'objective': 'reg:squarederror', 'tree_method': 'gpu_hist', 'lambda': 9.970164717833637, 'alpha': 1.2982430261941333, 'colsample_bytree': 0.7041986436115044, 'subsample': 0.5798029996451112, 'learning_rate': 0.014888881974226094, 'max_depth': 20, 'min_child_weight': 13, 'eval_metric': 'rmse'}. Best is trial 442 with value: 0.12288592550916383.
start listen on 192.168.1.101:41937
@tracker All of 1 nodes getting started
@tracker All nodes finishes job
Trial 451 finished with value: 0.12477081436309773 and parameters: {'objective': 'reg:squarederror', 'tree_method': 'gpu_hist', 'lambda': 7.109535766571929, 'alpha': 1.5579595321093538, 'colsample_bytree': 0.6428687902126543, 'subsample': 0.6342618259646132, 'learning_rate': 0.01684796424166044, 'max_depth': 20, 'min_child_weight': 24, 'eval_metric': 'rmse'}. Best is trial 442 with value: 0.12288592550916383.
start listen on 192.168.1.101:43779
@tracker All of 1 nodes getting started
@tracker All nodes finishes job
Trial 452 finished with value: 0.1250826969543068 and parameters: {'objective': 'reg:squarederror', 'tree_method': 'gpu_hist', 'lambda': 4.572368350400812, 'alpha': 0.001058314765359695, 'colsample_bytree': 0.6774172809523303, 'subsample': 0.589848678385045, 'learning_rate': 0.013571399892317815, 'max_depth': 20, 'min_child_weight': 10, 'eval_metric': 'rmse'}. Best is trial 442 with value: 0.12288592550916383.
start listen on 192.168.1.101:47865
@tracker All of 1 nodes getting started
@tracker All nodes finishes job
Trial 453 finished with value: 0.12430093378003917 and parameters: {'objective': 'reg:squarederror', 'tree_method': 'gpu_hist', 'lambda': 8.233794318976397, 'alpha': 2.1604444331974775, 'colsample_bytree': 0.6151544601454603, 'subsample': 0.6112139206927665, 'learning_rate': 0.016116792082779087, 'max_depth': 20, 'min_child_weight': 16, 'eval_metric': 'rmse'}. Best is trial 442 with value: 0.12288592550916383.
start listen on 192.168.1.101:39457
@tracker All of 1 nodes getting started
@tracker All nodes finishes job
Trial 454 finished with value: 0.1238636969192214 and parameters: {'objective': 'reg:squarederror', 'tree_method': 'gpu_hist', 'lambda': 6.487599639292952, 'alpha': 1.0621046672903613, 'colsample_bytree': 0.6905237525439544, 'subsample': 0.6222453936598524, 'learning_rate': 0.013560191837630102, 'max_depth': 20, 'min_child_weight': 6, 'eval_metric': 'rmse'}. Best is trial 442 with value: 0.12288592550916383.
start listen on 192.168.1.101:54925
@tracker All of 1 nodes getting started
@tracker All nodes finishes job
Trial 455 finished with value: 0.12367680828425051 and parameters: {'objective': 'reg:squarederror', 'tree_method': 'gpu_hist', 'lambda': 5.207869444665344, 'alpha': 0.8246762700896705, 'colsample_bytree': 0.7080380495856287, 'subsample': 0.6023186552141381, 'learning_rate': 0.015235057522427762, 'max_depth': 7, 'min_child_weight': 1, 'eval_metric': 'rmse'}. Best is trial 442 with value: 0.12288592550916383.
start listen on 192.168.1.101:54229
@tracker All of 1 nodes getting started
@tracker All nodes finishes job
Trial 456 finished with value: 0.13524663543295737 and parameters: {'objective': 'reg:squarederror', 'tree_method': 'gpu_hist', 'lambda': 8.024533392548845, 'alpha': 1.2192610240326665, 'colsample_bytree': 0.6659251887870214, 'subsample': 0.5873535760797098, 'learning_rate': 0.0035865415012529627, 'max_depth': 20, 'min_child_weight': 30, 'eval_metric': 'rmse'}. Best is trial 442 with value: 0.12288592550916383.
start listen on 192.168.1.101:48697
@tracker All of 1 nodes getting started
@tracker All nodes finishes job
Trial 457 finished with value: 0.12352343424086767 and parameters: {'objective': 'reg:squarederror', 'tree_method': 'gpu_hist', 'lambda': 6.365535655406749, 'alpha': 0.9096636418721198, 'colsample_bytree': 0.7046424909545309, 'subsample': 0.612398128644433, 'learning_rate': 0.012378137630853027, 'max_depth': 20, 'min_child_weight': 11, 'eval_metric': 'rmse'}. Best is trial 442 with value: 0.12288592550916383.
start listen on 192.168.1.101:53331
@tracker All of 1 nodes getting started
@tracker All nodes finishes job
Trial 458 finished with value: 0.12514076236495306 and parameters: {'objective': 'reg:squarederror', 'tree_method': 'gpu_hist', 'lambda': 0.12833843933747302, 'alpha': 1.8059114538048724, 'colsample_bytree': 0.6491600155578043, 'subsample': 0.6312145049390168, 'learning_rate': 0.014245968204339375, 'max_depth': 9, 'min_child_weight': 20, 'eval_metric': 'rmse'}. Best is trial 442 with value: 0.12288592550916383.
start listen on 192.168.1.101:55349
@tracker All of 1 nodes getting started
@tracker All nodes finishes job
Trial 459 finished with value: 0.12462138664289449 and parameters: {'objective': 'reg:squarederror', 'tree_method': 'gpu_hist', 'lambda': 9.922830722882157, 'alpha': 0.738097422620072, 'colsample_bytree': 0.689621542927622, 'subsample': 0.5995307017401825, 'learning_rate': 0.017819742931145736, 'max_depth': 20, 'min_child_weight': 1, 'eval_metric': 'rmse'}. Best is trial 442 with value: 0.12288592550916383.
start listen on 192.168.1.101:57571
@tracker All of 1 nodes getting started
@tracker All nodes finishes job
Trial 460 finished with value: 0.12367782952846579 and parameters: {'objective': 'reg:squarederror', 'tree_method': 'gpu_hist', 'lambda': 3.886819827386172, 'alpha': 1.3656696353933697, 'colsample_bytree': 0.6736735498689395, 'subsample': 0.6442017828519577, 'learning_rate': 0.012866325916894888, 'max_depth': 20, 'min_child_weight': 10, 'eval_metric': 'rmse'}. Best is trial 442 with value: 0.12288592550916383.
start listen on 192.168.1.101:34673
@tracker All of 1 nodes getting started
@tracker All nodes finishes job
