number,value,params_alpha,params_colsample_bytree,params_eval_metric,params_lambda,params_learning_rate,params_max_depth,params_min_child_weight,params_objective,params_subsample,params_tree_method,state
775,0.08851514981928378,0.08810717871764055,0.9408522212149468,rmse,0.07589382001069304,0.0044471437132952134,9,12,reg:squarederror,0.40069187799085687,gpu_hist,COMPLETE
776,0.27217960748441866,0.06896401534636655,0.935311286892502,rmse,0.13819976088074615,0.0054595909439720675,9,174,reg:squarederror,0.4000353017173452,gpu_hist,COMPLETE
777,0.08745161894661116,0.04683701572338955,0.9598807042021092,rmse,0.08684333060953078,0.005741913560202207,9,6,reg:squarederror,0.4224498965357788,gpu_hist,COMPLETE
778,0.08942478307652874,0.03762326866807917,0.9650282387929994,rmse,0.09752951021175009,0.00507480339391726,13,24,reg:squarederror,0.4206978505910716,gpu_hist,COMPLETE
779,0.08834220000622828,0.045050139031287344,0.9686865611594271,rmse,0.11040808754856721,0.004513500413116853,9,1,reg:squarederror,0.41264775152453187,gpu_hist,COMPLETE
780,0.08854717704849542,0.037210294572702404,0.9759636389452605,rmse,0.08384256597201355,0.00550418605325084,9,16,reg:squarederror,0.42436037637534907,gpu_hist,COMPLETE
781,0.08768677725160008,0.04613556791738498,0.9520244749124253,rmse,0.1335368253554228,0.005940895968465587,9,10,reg:squarederror,0.411858814512685,gpu_hist,COMPLETE
782,0.08769644369370483,0.05138373429632418,0.9572465053477743,rmse,0.09146900851553362,0.005135798568844246,11,6,reg:squarederror,0.42399130404272484,gpu_hist,COMPLETE
783,0.08798687546312418,0.05847776805587125,0.9720102378784257,rmse,0.10909968730725285,0.005656637161002332,9,14,reg:squarederror,0.41135698219954264,gpu_hist,COMPLETE
784,0.08807296979848413,0.048499466302150886,0.9450650663288142,rmse,0.07807771920232907,0.00591914431534584,9,1,reg:squarederror,0.4307680531599137,gpu_hist,COMPLETE
785,0.08800206165187037,0.040115118465324194,0.9545404151540144,rmse,0.0015463181613925704,0.004887622081232197,9,10,reg:squarederror,0.4004991604338007,gpu_hist,COMPLETE
786,0.0888347183279838,0.05710087989988103,0.938592210371019,rmse,0.09063171560725297,0.005287948191581298,9,21,reg:squarederror,0.4196391722168934,gpu_hist,COMPLETE
787,0.09066297488615768,0.03528954339758672,0.6044939547069532,rmse,0.13668617610442746,0.005832209818586632,9,6,reg:squarederror,0.9156719673674345,gpu_hist,COMPLETE
788,0.08828101594392024,0.06353373898191499,0.9614219821090667,rmse,0.07064747510428163,0.00650435978396046,9,16,reg:squarederror,0.43094768432999736,gpu_hist,COMPLETE
789,0.08817911647418473,0.04438427460616787,0.9376959291537788,rmse,0.11241722621165325,0.006252715109953797,7,10,reg:squarederror,0.4413881031549874,gpu_hist,COMPLETE
790,0.09097068398946555,0.08198977879986903,0.9308523713645847,rmse,0.08284494208621296,0.0056143704749746955,5,1,reg:squarederror,0.40039842237062795,gpu_hist,COMPLETE
791,0.08760620850363467,0.05354603293260274,0.9457868346334081,rmse,0.09802094208108127,0.006557499362185379,9,6,reg:squarederror,0.41727574230819764,gpu_hist,COMPLETE
792,0.09051134945442567,0.06708354817415368,0.7228021251264629,rmse,0.07074283140134383,0.004367327470374154,9,15,reg:squarederror,0.4271988215762602,gpu_hist,COMPLETE
793,0.08874458749942454,0.05406255639008486,0.9632863035070277,rmse,0.11175588211392116,0.006050469044704111,9,22,reg:squarederror,0.4484578021957341,gpu_hist,COMPLETE
794,0.08765633078867871,0.09225339653529248,0.9308636994842295,rmse,0.13881036215276482,0.005279976023892919,9,6,reg:squarederror,0.4104907348947384,gpu_hist,COMPLETE
795,0.09028673895626138,9.73974749035711,0.974848380435,rmse,0.08084512442244766,0.006844102693817891,9,13,reg:squarederror,0.4227359072283548,gpu_hist,COMPLETE
796,0.08764620842006127,0.07412719100086947,0.9505828094701266,rmse,0.06354666303807142,0.005775127198924982,9,6,reg:squarederror,0.436608719182221,gpu_hist,COMPLETE
797,0.10134752831680312,0.04315257821788544,0.9263475064061772,rmse,0.09467112568195672,0.004931012615958679,3,11,reg:squarederror,0.41213415507033574,gpu_hist,COMPLETE
798,0.09335830874576172,0.0573603496308886,0.5536503011714176,rmse,0.07183593911804213,0.0064514471850397785,9,19,reg:squarederror,0.4003687699482826,gpu_hist,COMPLETE
799,0.08868353468865746,0.08826124985862062,0.6505875296548262,rmse,0.11475421668405487,0.007171405121651917,20,10,reg:squarederror,0.4297232881891598,gpu_hist,COMPLETE
800,0.0884101798756969,0.0702587531452673,0.9447846255625214,rmse,0.06033970533527819,0.005974355473131376,9,1,reg:squarederror,0.46040312491523583,gpu_hist,COMPLETE
801,0.12192873083360063,0.04543526013274334,0.30109001779020905,rmse,0.08664226567859055,0.005457962285706113,9,26,reg:squarederror,0.44367611115410843,gpu_hist,COMPLETE
802,0.0882722661182775,0.06267389015311521,0.979675639155927,rmse,0.0967961752712536,0.006741769153456615,9,16,reg:squarederror,0.4168933053873112,gpu_hist,COMPLETE
803,0.12114855162746466,0.034925149218183404,0.9587912825060869,rmse,0.13626253018054282,0.017672763441367745,9,88,reg:squarederror,0.4229126060449709,gpu_hist,COMPLETE
804,0.08803788340366966,0.08140315495690857,0.9376609982327418,rmse,0.07419431796731828,0.004669856000132818,13,6,reg:squarederror,0.43625179588515883,gpu_hist,COMPLETE
805,0.08816611931582753,0.05198195656598653,0.928440341066319,rmse,0.05788544051717883,0.006218166740882437,9,1,reg:squarederror,0.41300669989887584,gpu_hist,COMPLETE
806,0.09214666531511878,0.06380462008728104,0.9515607387876459,rmse,0.11004375964920558,0.007178521777446187,9,33,reg:squarederror,0.44561287797865784,gpu_hist,COMPLETE
807,0.08781024004923167,0.09374693565790626,0.9242359024980155,rmse,0.08549897584122891,0.005405591651996612,9,9,reg:squarederror,0.4277843714392491,gpu_hist,COMPLETE
808,0.08847975198082776,0.07445543865307264,0.9391372108243476,rmse,0.06764346176440923,0.006678545147421917,11,17,reg:squarederror,0.4098311071895686,gpu_hist,COMPLETE
809,0.08770273907799314,0.053397790369349114,0.9782571868961106,rmse,0.12278801044932196,0.005883947721122588,9,6,reg:squarederror,0.5054467321436176,gpu_hist,COMPLETE
810,0.08826422494065843,0.04514667719791523,0.9589806695357441,rmse,0.09980089692165556,0.007308608056863244,9,14,reg:squarederror,0.45685192909061245,gpu_hist,COMPLETE
811,0.08794264469943164,0.06583082246938912,0.9268073045467278,rmse,0.08136092507426164,0.00633795525640227,7,10,reg:squarederror,0.41995101034274585,gpu_hist,COMPLETE
812,0.34167830677810446,0.09009343041945941,0.9478487617579071,rmse,0.0563628972428488,0.005020008505822491,9,248,reg:squarederror,0.4369392632426458,gpu_hist,COMPLETE
813,0.0891745829370163,0.07794597473017088,0.9251449922919384,rmse,0.142342807942212,0.0056644524176124615,9,23,reg:squarederror,0.4122420691831439,gpu_hist,COMPLETE
814,0.08799244057196307,0.038514760415492774,0.9382826850205652,rmse,0.07996524625586948,0.006812757887715793,9,1,reg:squarederror,0.42845549607856603,gpu_hist,COMPLETE
815,0.22685473549595608,0.06035119875358266,0.9662334672123557,rmse,0.06912379076921421,0.0061741427575391136,9,151,reg:squarederror,0.4003533646765593,gpu_hist,COMPLETE
816,0.08876672685293889,0.0504149996588778,0.9535731913305442,rmse,0.10231280569509764,0.007403018327478619,9,11,reg:squarederror,0.834725906709073,gpu_hist,COMPLETE
817,0.09004716502430399,0.07179175406715373,0.9199076959630523,rmse,0.09178135947713147,0.005231604165794688,9,6,reg:squarederror,0.9435012507652657,gpu_hist,COMPLETE
818,0.08937165922279172,0.09558600524329583,0.9365721156596174,rmse,0.12294562260540501,0.004277270606973838,9,19,reg:squarederror,0.4512655285230473,gpu_hist,COMPLETE
819,0.17066041758536843,0.05755110398809906,0.9686163873008147,rmse,0.015013021083566868,0.00660982458625925,9,122,reg:squarederror,0.4198454138901569,gpu_hist,COMPLETE
820,0.09081632810142694,0.04294339633314543,0.9492924260425669,rmse,0.06073720378317366,0.005882348610977191,5,1,reg:squarederror,0.4393301935389461,gpu_hist,COMPLETE
821,0.08808240527889662,0.07510148556117373,0.9223559719411419,rmse,0.07304688154174008,0.007396145364633487,9,12,reg:squarederror,0.4299503096282039,gpu_hist,COMPLETE
822,0.0875923760806176,0.03409348187537973,0.9342248833842738,rmse,0.10280254280943682,0.005570144085816587,9,6,reg:squarederror,0.40021445783101783,gpu_hist,COMPLETE
823,0.0986225669388876,0.062513087557549,0.9424950605642701,rmse,0.08493818189592615,0.006517124636942919,3,16,reg:squarederror,0.4126059121711772,gpu_hist,COMPLETE
824,0.08786225158972798,0.08776785882910716,0.9588033477671032,rmse,0.05825449058175285,0.004890243071203286,9,6,reg:squarederror,0.42161156395558547,gpu_hist,COMPLETE
825,0.08770688451065428,0.05056270375694403,0.9210162225166573,rmse,0.07096650514927452,0.006132201414368026,9,11,reg:squarederror,0.44362705760114035,gpu_hist,COMPLETE
826,0.08864978770077156,0.06859429202905865,0.9782444984763753,rmse,0.11589114785161167,0.006895889265707348,20,21,reg:squarederror,0.4649625198736556,gpu_hist,COMPLETE
827,0.08791952316592076,0.08117016782306137,0.9341395083403734,rmse,0.09100460892351782,0.005518412698426409,9,1,reg:squarederror,0.4338649481302818,gpu_hist,COMPLETE
828,0.0881608065087122,0.06059972466388494,0.9165464758541763,rmse,0.05214169253848338,0.007321488024969503,9,14,reg:squarederror,0.4115689055345955,gpu_hist,COMPLETE
829,0.08761980870966102,0.0982267672135653,0.9484848280149802,rmse,0.14271696757848973,0.006286688182653337,9,10,reg:squarederror,0.40002862066930667,gpu_hist,COMPLETE
830,0.31267374610100723,0.04639176672699446,0.9662880878678134,rmse,0.06949194815833971,0.001145641628859907,9,28,reg:squarederror,0.4268063687047127,gpu_hist,COMPLETE
831,0.09812372169515508,0.0568221935714706,0.9314014181900641,rmse,0.08342456123695487,0.005855958903403078,13,48,reg:squarederror,0.44812417639422275,gpu_hist,COMPLETE
832,0.08776660211266585,0.07550380770236724,0.9169137585673589,rmse,0.1012559062280291,0.00468720263390036,9,6,reg:squarederror,0.42138158107612944,gpu_hist,COMPLETE
833,0.08840453386218117,0.04060327286254679,0.947283963414426,rmse,0.12452770127374978,0.00683416138273034,9,16,reg:squarederror,0.4118102886769201,gpu_hist,COMPLETE
834,0.08831298087054386,0.09796457035677537,0.9302296579740897,rmse,0.06233210541831839,0.005149536759025611,11,1,reg:squarederror,0.43716156903894937,gpu_hist,COMPLETE
835,0.08787023647543006,0.05057330610561461,0.9598543576109394,rmse,0.08291412766297561,0.0074581463612781495,9,10,reg:squarederror,0.4514877123674473,gpu_hist,COMPLETE
836,0.0876078696589923,0.06790558083512734,0.905694066269902,rmse,0.05304314565464691,0.0062513539745706614,9,6,reg:squarederror,0.4239069606688351,gpu_hist,COMPLETE
837,0.08900398382922607,0.08813982070898173,0.9411439767801306,rmse,0.1457275810473753,0.005667912715130474,7,18,reg:squarederror,0.41178465990608226,gpu_hist,COMPLETE
838,0.08948077930314564,0.06306998144729364,0.9164524784804564,rmse,0.10472348450516417,0.006776311892123031,9,24,reg:squarederror,0.42834479175991447,gpu_hist,COMPLETE
839,0.08821293884031439,0.07938458798859342,0.9558770187119073,rmse,0.07433499973347969,0.005247391688199543,9,1,reg:squarederror,0.4404356782583352,gpu_hist,COMPLETE
840,0.17761527951645043,0.052796609632150666,0.9757709950021746,rmse,0.09311259466979009,0.00173915443362279,9,11,reg:squarederror,0.41065201764550313,gpu_hist,COMPLETE
841,0.09050063908179175,0.035132132491650564,0.9243044961784865,rmse,0.10922085017112934,0.007775852069919818,5,6,reg:squarederror,0.46021615184750625,gpu_hist,COMPLETE
842,0.08831786835606897,0.04269508972647196,0.9385481072458539,rmse,0.06660385103182397,0.006238408301939044,9,16,reg:squarederror,0.48136626597299403,gpu_hist,COMPLETE
843,0.08933653511899052,6.795668272762401,0.9011926467613636,rmse,0.07717229051600885,0.006937788311841947,9,11,reg:squarederror,0.4207463816688482,gpu_hist,COMPLETE
844,0.08754293627941034,0.0678884492874182,0.9468793750462788,rmse,0.010311239442996648,0.005842332946879027,9,6,reg:squarederror,0.4343642034340425,gpu_hist,COMPLETE
845,0.08847938382693103,0.057879064921508676,0.9647447225202476,rmse,0.01425228741230197,0.004636224748899866,9,1,reg:squarederror,0.45326523704662536,gpu_hist,COMPLETE
846,0.08888876645836538,0.07917696133707587,0.9753485633816305,rmse,0.005749088637567051,0.005397770013265906,9,21,reg:squarederror,0.4387646555896199,gpu_hist,COMPLETE
847,0.08926705295261576,0.10078833160164459,0.9505078537056321,rmse,0.15242878464687934,0.00406827283330301,9,14,reg:squarederror,0.46963531534514397,gpu_hist,COMPLETE
848,0.08775118120950438,0.04665079757261074,0.958615170392031,rmse,0.009712293293229899,0.005096293374805388,9,7,reg:squarederror,0.4368359561901176,gpu_hist,COMPLETE
849,0.10026844695046322,0.06305839596654791,0.9815990227243296,rmse,0.12459023955536992,0.005754629479410972,3,10,reg:squarederror,0.448824768603133,gpu_hist,COMPLETE
850,0.0883936826799816,0.08871810168438689,0.944562897615199,rmse,0.005241870120539838,0.005864415254950207,9,17,reg:squarederror,0.4001481988382454,gpu_hist,COMPLETE
851,0.08824785442163376,0.05500072232931503,0.9645215724179232,rmse,0.016835572610334172,0.004801387267476919,9,1,reg:squarederror,0.43160158096749157,gpu_hist,COMPLETE
852,0.0876492936005043,0.0725474790375704,0.9421774233442562,rmse,0.008442324110611504,0.005403387962835002,9,7,reg:squarederror,0.41174680944854786,gpu_hist,COMPLETE
853,0.18844572832755144,0.0412981859426566,0.9328441144777695,rmse,0.00392916798817154,0.006033644957204026,20,130,reg:squarederror,0.42063593279646594,gpu_hist,COMPLETE
854,0.08794000030824665,0.10277715366126174,0.9529672229889915,rmse,0.0129506791780319,0.0063450256454396945,9,12,reg:squarederror,0.43315708969920297,gpu_hist,COMPLETE
855,0.089729650576106,0.06506706328761648,0.9314315703089281,rmse,0.003273406353363509,0.004516224548665321,9,23,reg:squarederror,0.44645112651420943,gpu_hist,COMPLETE
856,0.0880312186797924,0.03368427932490087,0.9501294951801811,rmse,0.0025621423209817406,0.005631885037588862,13,6,reg:squarederror,0.41242736629883175,gpu_hist,COMPLETE
857,0.08823917710741144,0.05486078536166491,0.9858593975029402,rmse,0.09640364193560337,0.005251170570744275,9,15,reg:squarederror,0.46307766163983743,gpu_hist,COMPLETE
858,0.09257946575145189,0.08437747217450287,0.9667437817492246,rmse,0.007657276492488937,0.006333768404036691,9,32,reg:squarederror,0.4001914271709607,gpu_hist,COMPLETE
859,0.08755001103607656,0.06988790291730321,0.9284271006823718,rmse,0.011074289413616295,0.005885343724791021,9,6,reg:squarederror,0.42538533430292497,gpu_hist,COMPLETE
860,0.08818242867115623,0.07099341905592753,0.9279253362871369,rmse,0.009619542086169164,0.004963245462603722,9,1,reg:squarederror,0.41927046521209566,gpu_hist,COMPLETE
861,0.08788389143246329,0.0487715981714365,0.945703421737523,rmse,0.009155782677678234,0.005708359605983427,9,12,reg:squarederror,0.4106200584004093,gpu_hist,COMPLETE
862,0.08852148529045399,0.06507664914776795,0.9347743191961169,rmse,0.006019464408913799,0.005037463004431662,11,18,reg:squarederror,0.42635945264663005,gpu_hist,COMPLETE
863,0.08794056879085645,0.08290142627904451,0.9243970484845441,rmse,0.1464555798007088,0.004419150205388394,9,6,reg:squarederror,0.41091493203740287,gpu_hist,COMPLETE
864,0.08826015490476159,0.060066640666225295,0.9402527473578326,rmse,0.006957094009903746,0.005825982836570773,7,10,reg:squarederror,0.42399563695206377,gpu_hist,COMPLETE
865,0.08802080593161858,0.04898402640438811,0.9562132591027739,rmse,0.012554591873864075,0.005303652306584826,9,1,reg:squarederror,0.43342293255887365,gpu_hist,COMPLETE
866,0.08908442966005234,0.10153910462265235,0.9186079293431515,rmse,0.011457112310134332,0.005966546015474204,9,23,reg:squarederror,0.8959994181297021,gpu_hist,COMPLETE
867,0.08831653722493912,0.075136830333574,0.9459287929972879,rmse,0.015636644455282765,0.005455171514030013,9,15,reg:squarederror,0.4103386055717675,gpu_hist,COMPLETE
868,0.09058596109138557,0.08836690886060693,0.9265674642918336,rmse,0.012293504215597065,0.006377424763840304,5,6,reg:squarederror,0.42076524593859277,gpu_hist,COMPLETE
869,0.08800702172685947,0.05709222878719105,0.974534816716295,rmse,0.12103760584537707,0.004907616622855087,9,11,reg:squarederror,0.40047647793403246,gpu_hist,COMPLETE
870,0.19478263975432292,0.04134188660621198,0.9614473271691613,rmse,0.006204501883822523,0.0072269371439517074,9,140,reg:squarederror,0.43077697526788583,gpu_hist,COMPLETE
871,0.09557861543613555,0.07322590340186005,0.9367239511968701,rmse,0.020850937037898587,0.005953031138631888,9,40,reg:squarederror,0.40010532737917154,gpu_hist,COMPLETE
872,0.11856231246868201,0.059502794299978415,0.9200495914369654,rmse,0.007639714619069288,0.006611156306015942,9,65,reg:squarederror,0.4195817615237316,gpu_hist,COMPLETE
873,0.08861960506743231,0.04796457981776408,0.9513759699857173,rmse,0.12118617865521604,0.005577256710792527,9,18,reg:squarederror,0.4438612988117472,gpu_hist,COMPLETE
874,0.08792042898282844,0.10174690897772362,0.9374123482725092,rmse,0.008736092248953196,0.00613400899590623,9,10,reg:squarederror,0.4312606248579544,gpu_hist,COMPLETE
875,0.289948969815871,0.07145899552475149,0.9151477901502088,rmse,0.008249155586622372,0.047607301492363724,9,215,reg:squarederror,0.41237471080482674,gpu_hist,COMPLETE
876,0.09893912650510628,0.08554626297340054,0.929874615015087,rmse,0.011483067370961383,0.007121033132591131,3,1,reg:squarederror,0.4209603697680468,gpu_hist,COMPLETE
877,0.08835788047957255,0.06436577621804823,0.9662784920692424,rmse,0.01850049171786736,0.00520111612575522,20,6,reg:squarederror,0.4414407324884247,gpu_hist,COMPLETE
878,0.09185474750610355,0.037622632716792996,0.9485477468753775,rmse,0.15262812812024673,0.004277437357931666,9,29,reg:squarederror,0.4096310255090911,gpu_hist,COMPLETE
879,0.08834598011770901,0.04647711939349797,0.913956787854078,rmse,0.09757606875937808,0.007756701506400889,9,14,reg:squarederror,0.454092849298895,gpu_hist,COMPLETE
880,0.08758233821746035,0.055656135102728335,0.9379264535430626,rmse,0.10901754106860655,0.006688289221016363,9,6,reg:squarederror,0.43027689815632497,gpu_hist,COMPLETE
881,0.08866996854785654,0.0802896481827757,0.9228332076767596,rmse,0.004859578007367827,0.005986061112960457,9,20,reg:squarederror,0.4003020025175011,gpu_hist,COMPLETE
882,0.08828087370076526,0.1075417833608739,0.9576395032458257,rmse,0.010045865187747173,0.004712462752612209,13,11,reg:squarederror,0.42138624249854884,gpu_hist,COMPLETE
883,0.08804452570159398,0.06795160543522125,0.9846808602388508,rmse,0.010478120090708795,0.005540642119059228,9,1,reg:squarederror,0.43938243278183947,gpu_hist,COMPLETE
884,0.0876209660952584,0.052247792758570145,0.908009982547123,rmse,0.08584838279591794,0.0065586307152551955,9,6,reg:squarederror,0.41931168277495173,gpu_hist,COMPLETE
885,0.0883975506460224,0.089845856153497,0.9405820556659936,rmse,0.12524695480660125,0.00721808701926327,9,15,reg:squarederror,0.4130203447508328,gpu_hist,COMPLETE
886,0.08778923479608806,0.06671975182130485,0.9721381184734388,rmse,0.095456255520719,0.005995525479586734,11,11,reg:squarederror,0.4298811089139105,gpu_hist,COMPLETE
887,0.349746863229098,0.03325807003730753,0.929205601635411,rmse,0.10986406479638292,0.008106736485459912,9,271,reg:squarederror,0.4542760517031365,gpu_hist,COMPLETE
888,0.12481650498055843,0.07971747678511919,0.9524415126629359,rmse,0.0900809778938563,0.005250564127438072,9,79,reg:squarederror,0.41019382727621884,gpu_hist,COMPLETE
889,0.09014895921456369,0.042500869555804344,0.9171136899790714,rmse,0.010736478852847222,0.006576565945376135,9,26,reg:squarederror,0.4387995920310818,gpu_hist,COMPLETE
890,0.08788592009454839,0.05590066673726874,0.9377689046736707,rmse,0.01416682418680094,0.007292238157637499,9,1,reg:squarederror,0.42800058196244434,gpu_hist,COMPLETE
891,0.08913203722215483,0.10894067449440183,0.958120300104874,rmse,0.15020949124418448,0.005747423181837944,7,21,reg:squarederror,0.41094391426772153,gpu_hist,COMPLETE
892,0.0898467660977086,0.06688142462816042,0.9055154516196444,rmse,0.08002815280839999,0.003750011813485468,9,7,reg:squarederror,0.44665612166655594,gpu_hist,COMPLETE
893,0.0883233340211323,0.09098163070901744,0.9279507006562276,rmse,0.065273889124446,0.0062688678703026945,9,16,reg:squarederror,0.4217884680653341,gpu_hist,COMPLETE
894,0.09103275216460179,0.0505439003023822,0.948114454313987,rmse,0.10994771179094119,0.005070352209959772,5,10,reg:squarederror,0.4317376126096903,gpu_hist,COMPLETE
895,0.08765146141517408,0.07848902526600963,0.9180061727671961,rmse,0.08704119700398623,0.007797364756600922,9,6,reg:squarederror,0.41182203764792097,gpu_hist,COMPLETE
896,0.08833068269225147,0.06127617242561414,0.9656153181502594,rmse,0.122972211467995,0.00671143289388811,9,15,reg:squarederror,0.4005659917605909,gpu_hist,COMPLETE
897,0.0882005712148702,0.03738508797053964,0.901484060517629,rmse,0.07269913811453071,0.005579731114218928,9,1,reg:squarederror,0.42142667477363327,gpu_hist,COMPLETE
898,0.0879677287038198,0.09914088610922561,0.9408395210246251,rmse,0.10181192652610567,0.004670150996817893,9,9,reg:squarederror,0.4416929510172986,gpu_hist,COMPLETE
899,0.08878410598280423,0.04791958632363964,0.9285513227176625,rmse,0.15025783383635274,0.006198608886155161,9,19,reg:squarederror,0.45919129245912393,gpu_hist,COMPLETE
900,0.08761386400144487,0.07235548773544159,0.9510034940009483,rmse,0.0829176567727587,0.00725450987036336,9,6,reg:squarederror,0.43082778055290266,gpu_hist,COMPLETE
901,0.08786788842339162,0.059802536420583655,0.9832810154320083,rmse,0.06554809636119105,0.005789524119244416,9,12,reg:squarederror,0.419188813334938,gpu_hist,COMPLETE
902,0.08801955519847436,0.08462560643965703,0.9119179814014237,rmse,0.09961944610693173,0.006664338174002815,9,1,reg:squarederror,0.4095649724537737,gpu_hist,COMPLETE
903,0.10036381143755625,0.11276203701096725,0.9322559008015027,rmse,0.08306339740171925,0.005265328109797617,3,25,reg:squarederror,0.4000595889112692,gpu_hist,COMPLETE
