number,value,params_alpha,params_colsample_bytree,params_eval_metric,params_lambda,params_learning_rate,params_max_depth,params_min_child_weight,params_objective,params_subsample,params_tree_method,state
257,0.31058023169903476,0.0022957156388241713,0.9313962228623096,rmse,0.8541367568694754,0.0036176830199752224,15,1,reg:squarederror,0.5557897457989371,gpu_hist,COMPLETE
258,0.32748678870385756,0.00266197629802721,0.938503396973354,rmse,0.6612924300365619,0.005563266543367882,15,15,reg:squarederror,0.5556862541976554,gpu_hist,COMPLETE
259,0.367517175818741,0.002153452364159449,0.9124147162417034,rmse,0.8453548131202219,0.004714606488204778,5,7,reg:squarederror,0.5683758127351758,gpu_hist,COMPLETE
260,0.426036745275465,0.0022732126332189193,0.9341528467041398,rmse,0.5214404864324993,0.003471066286285969,15,125,reg:squarederror,0.5331587767122596,gpu_hist,COMPLETE
261,0.3420792324533293,0.0017628844067521766,0.8961652687743262,rmse,0.9672998597480914,0.0036549920582033472,7,12,reg:squarederror,0.5743610824287811,gpu_hist,COMPLETE
262,0.4271787600233229,0.001840465924659387,0.920702514037674,rmse,0.8200523063517258,0.0042982835379822126,3,1,reg:squarederror,0.5452884897991376,gpu_hist,COMPLETE
263,0.37263988394564623,0.002379863075972007,0.9408189038709642,rmse,1.2153073474270264,0.04306785643039241,15,22,reg:squarederror,0.5242475498675013,gpu_hist,COMPLETE
264,0.3142290153281712,0.0010092161055670341,0.9043410348019301,rmse,1.0405237857803136,0.003328423020492177,15,6,reg:squarederror,0.5558209101083178,gpu_hist,COMPLETE
265,0.33986199549940516,0.0015399531626229816,0.9702901817946948,rmse,1.2473476946370177,0.011333491741053319,11,12,reg:squarederror,0.4921345256263957,gpu_hist,COMPLETE
266,0.3133836726909131,0.0010045958306552194,0.9210252987669495,rmse,1.335174389185507,0.005169684355864093,13,1,reg:squarederror,0.5377929269954628,gpu_hist,COMPLETE
267,0.31997155478871186,0.0010028988444142027,0.8850830833178771,rmse,0.9359047402918674,0.004022576246918481,13,7,reg:squarederror,0.5363542195210442,gpu_hist,COMPLETE
268,0.3318861530211658,0.0011788952551393765,0.92216518648182,rmse,1.2560186740120938,0.00522930484392588,13,18,reg:squarederror,0.5233468380431582,gpu_hist,COMPLETE
269,0.31427470853920486,0.0011739652214103203,0.9038744545898586,rmse,0.6956836012887266,0.004565007104875336,13,1,reg:squarederror,0.549954105342142,gpu_hist,COMPLETE
270,0.3225739044091801,0.0013605365731235533,0.8671143441448272,rmse,1.4045792292850248,0.005063219031552467,13,7,reg:squarederror,0.5670498307943183,gpu_hist,COMPLETE
271,0.3253872646622708,0.0032003540345137273,0.9327163842881224,rmse,1.0879994835979419,0.003907150216133459,13,12,reg:squarederror,0.5356141267335949,gpu_hist,COMPLETE
272,0.31119431296468875,0.00168186710946608,0.9192359869464103,rmse,0.8468367097121378,0.0035087891422218376,13,1,reg:squarederror,0.5585228547571732,gpu_hist,COMPLETE
273,0.31637105480808453,0.0017616135486311847,0.9178404743745328,rmse,0.7916142656592908,0.0036227251158433894,13,6,reg:squarederror,0.571405045242186,gpu_hist,COMPLETE
274,0.32626446086979505,0.002475976386668126,0.9482558204819552,rmse,0.9163685008578503,0.003267131881187745,13,16,reg:squarederror,0.5588278114279829,gpu_hist,COMPLETE
275,0.3132411243009769,0.08262746460461469,0.9294442787876831,rmse,0.5446824974607725,0.003585995040403341,13,1,reg:squarederror,0.5175729654503143,gpu_hist,COMPLETE
276,0.32356519605590695,0.1835444861026854,0.9294146913776871,rmse,0.6034570243608287,0.0036097808679227,13,11,reg:squarederror,0.5406487904618875,gpu_hist,COMPLETE
277,0.3206600993447792,0.0020200282279761003,0.9683799640272871,rmse,0.7251004051415731,0.00391045324316373,15,7,reg:squarederror,0.470807019688269,gpu_hist,COMPLETE
278,0.5661357718836204,0.0010113088738501448,0.9129788129717661,rmse,0.9969257852108657,0.003258659759735698,5,243,reg:squarederror,0.4443412304494099,gpu_hist,COMPLETE
279,0.32668599347767396,0.06742563266056294,0.9474717517754407,rmse,0.6646737471459959,0.0036060207229618698,9,7,reg:squarederror,0.5236369878058205,gpu_hist,COMPLETE
280,0.31166093474286627,0.050466116304885754,0.9302914181803212,rmse,0.5683790137862595,0.0032705722693472466,13,1,reg:squarederror,0.5551036222197863,gpu_hist,COMPLETE
281,0.33229386735608646,0.08162332664175209,0.9232325359970357,rmse,0.5154728134060912,0.003456721722969737,13,22,reg:squarederror,0.5769487061172471,gpu_hist,COMPLETE
282,0.326841432184019,0.04697963882324975,0.8917819316370069,rmse,0.530903520679828,0.003998722133910905,13,15,reg:squarederror,0.5568525284100203,gpu_hist,COMPLETE
283,0.374307607792991,0.038756713976577734,0.960228552814826,rmse,0.4309535428536302,0.06768328896891095,13,6,reg:squarederror,0.5405392658903614,gpu_hist,COMPLETE
284,0.32078206141064325,0.0026421846603727666,0.9308243553329405,rmse,0.8385184786724428,0.003270425569797356,13,11,reg:squarederror,0.5635703876523552,gpu_hist,COMPLETE
285,0.3148659743545161,0.020001687448518154,0.9032946373722088,rmse,1.7352537157191088,0.003198171542158076,13,6,reg:squarederror,0.5511303291538274,gpu_hist,COMPLETE
286,0.31452234430406867,0.02927868225870196,0.9140144012036768,rmse,0.6658554020168302,0.004223927863701293,13,1,reg:squarederror,0.5827435987084916,gpu_hist,COMPLETE
287,0.3113287801090247,0.11170066279540342,0.9467869649570878,rmse,1.2217298310067812,0.0037839148343942037,13,1,reg:squarederror,0.498310871643057,gpu_hist,COMPLETE
288,0.32899726704334664,0.0018840472678087756,0.941350410948802,rmse,1.1612890689753566,0.003847038704858678,13,16,reg:squarederror,0.5058929131894552,gpu_hist,COMPLETE
289,0.32477354311882245,0.14111608540062853,0.9283488214851204,rmse,0.8145636463895013,0.0036034138228427963,13,11,reg:squarederror,0.49141255930959765,gpu_hist,COMPLETE
290,0.31906488998991467,0.0021161252833682355,0.9732985727609421,rmse,1.2802903783519333,0.02906611003969206,13,1,reg:squarederror,0.530930615926922,gpu_hist,COMPLETE
291,0.3234512989154719,0.003063544352818505,0.9494132460611772,rmse,0.5619494570259632,0.004580093285738132,13,7,reg:squarederror,0.5225763048202399,gpu_hist,COMPLETE
292,0.32537933740516417,0.07775186347215042,0.9112816713054059,rmse,0.9247143311255369,0.0037022138907493894,13,12,reg:squarederror,0.49820917388473646,gpu_hist,COMPLETE
293,0.31944091074775816,0.0883203984012826,0.9347404827155077,rmse,1.0919883844896778,0.004118178134780311,13,6,reg:squarederror,0.5396612949493713,gpu_hist,COMPLETE
294,0.31287885835815227,0.10697403277456437,0.8970002574028304,rmse,2.042911922911682,0.009283734990551783,13,1,reg:squarederror,0.5144455042203175,gpu_hist,COMPLETE
295,0.33661409801408354,0.08980317162040997,0.8933351478299247,rmse,2.143152733555819,0.008918078591891577,13,17,reg:squarederror,0.5137959491157471,gpu_hist,COMPLETE
296,0.3286229908688907,0.1418877663479048,0.8938538981581241,rmse,1.9108287905415733,0.0063296582954568545,13,11,reg:squarederror,0.5177983287129483,gpu_hist,COMPLETE
297,0.3098038677713593,0.10626570064471821,0.8805968428526867,rmse,2.5143675940777723,0.003402970111634661,13,1,reg:squarederror,0.5521407782893063,gpu_hist,COMPLETE
298,0.32491188457801734,0.13030652016341462,0.8822497109176501,rmse,2.5348066484729985,0.007172665305031786,13,7,reg:squarederror,0.55260801648551,gpu_hist,COMPLETE
299,0.4809363442577573,0.10789873333519985,0.8791299256553433,rmse,1.412201114884976,0.0034439024845742874,13,196,reg:squarederror,0.5336651702469887,gpu_hist,COMPLETE
300,0.3107630505492181,0.10049560067606866,0.900935863972352,rmse,2.2469000271069075,0.004256707610457668,13,1,reg:squarederror,0.5641792995228913,gpu_hist,COMPLETE
301,0.33338870778447766,0.11121357557195533,0.9019209502095372,rmse,2.7375735343333902,0.004354035731177228,13,22,reg:squarederror,0.5667617998032984,gpu_hist,COMPLETE
302,0.3191971718024426,0.24901977511585116,0.8739993305966866,rmse,3.0807687068821172,0.003828953328686538,13,7,reg:squarederror,0.5586219208725224,gpu_hist,COMPLETE
303,0.35286119574958374,0.16722102157423113,0.8588343373418296,rmse,2.240894416150152,0.01508136404460448,13,13,reg:squarederror,0.590503313321361,gpu_hist,COMPLETE
304,0.3150969556590998,0.07290790248559195,0.8930376034123082,rmse,1.812498732277812,0.0032253366573675984,13,6,reg:squarederror,0.55053213089917,gpu_hist,COMPLETE
305,0.3306816451730842,0.10930365530967662,0.9011462938337393,rmse,0.34418583872731706,0.0035735167490514646,11,18,reg:squarederror,0.5740290144698225,gpu_hist,COMPLETE
306,0.37272848967529804,0.12178935414252273,0.9356538868496352,rmse,0.4586398603628661,0.022113071344776816,7,11,reg:squarederror,0.4973104958704993,gpu_hist,COMPLETE
307,0.3115749888292697,0.08853508330067793,0.9074834460352471,rmse,2.1040536031914883,0.004005662912203509,13,1,reg:squarederror,0.4803417846431681,gpu_hist,COMPLETE
308,0.31223759250878375,0.059564774220039224,0.8829928145924427,rmse,2.2122593672761552,0.004914242983848554,13,1,reg:squarederror,0.479788301752742,gpu_hist,COMPLETE
309,0.31983189193922423,0.06218754447259073,0.8870319997181452,rmse,3.500448758957393,0.004889760594326919,13,7,reg:squarederror,0.4875860565028546,gpu_hist,COMPLETE
310,0.31503100899181385,0.0536884045260348,0.8744612556582432,rmse,2.413867975258986,0.004478346086757377,13,1,reg:squarederror,0.4752763914127455,gpu_hist,COMPLETE
311,0.34444339484425396,0.06947959061499945,0.9125978694219253,rmse,2.996634177334221,0.012972612862190737,13,12,reg:squarederror,0.4823815708589373,gpu_hist,COMPLETE
312,0.4288872121059676,0.10751534937657134,0.8614550007378358,rmse,2.1273286863761123,0.004171308413375183,3,7,reg:squarederror,0.5637396548077221,gpu_hist,COMPLETE
313,0.3339889199610098,0.20115894825317826,0.8808018331789521,rmse,2.57760046663981,0.004807756588896338,13,19,reg:squarederror,0.48074170258850746,gpu_hist,COMPLETE
314,0.3121441861815073,0.10269377357900664,0.8927857322652589,rmse,4.391883352871388,0.004169000279335224,13,1,reg:squarederror,0.4989468787645688,gpu_hist,COMPLETE
315,0.32883223992178523,0.09213577795420348,0.8914975164798267,rmse,1.7108848537534533,0.005823891930682499,13,11,reg:squarederror,0.5086752112623768,gpu_hist,COMPLETE
316,0.40764717116522775,0.1029835031549733,0.3310889838976645,rmse,1.981999463374851,0.004185755194533983,13,25,reg:squarederror,0.5014472904346324,gpu_hist,COMPLETE
317,0.32043905372172,0.14315769112270668,0.870770881961119,rmse,3.3640724961429367,0.004361766066689707,13,6,reg:squarederror,0.4951533376217182,gpu_hist,COMPLETE
318,0.3997935878122881,0.09113903557620905,0.9005462871901608,rmse,1.608433358580118,0.003984066632796728,13,98,reg:squarederror,0.5825223434390475,gpu_hist,COMPLETE
319,0.31188166426055497,0.12404488077592077,0.9828688844395175,rmse,2.406492457313038,0.004945056370081554,13,1,reg:squarederror,0.5477117970676864,gpu_hist,COMPLETE
320,0.32838725496967114,0.16677891518223756,0.9850182650818881,rmse,2.4022908457861436,0.004592705002332824,13,16,reg:squarederror,0.5531756509580724,gpu_hist,COMPLETE
321,0.31864237028947506,0.12683518257295856,0.9746982112647607,rmse,4.106703578344893,0.0053299109495167155,13,6,reg:squarederror,0.5733107551478264,gpu_hist,COMPLETE
322,0.479588723210182,0.053983563338820345,0.85793895524562,rmse,2.0917338711759443,0.005077082165385198,20,172,reg:squarederror,0.5273875394301757,gpu_hist,COMPLETE
323,0.3126082995756193,0.12477886303892984,0.8878780957736767,rmse,4.125423682218963,0.0047106381107834714,13,1,reg:squarederror,0.4864207505563663,gpu_hist,COMPLETE
324,0.328464110096537,0.10835870720292298,0.8864322736689709,rmse,4.678984606424311,0.005873166548015799,13,11,reg:squarederror,0.48932789616690586,gpu_hist,COMPLETE
325,0.32097570274595594,0.1271399333925656,0.9044884893700104,rmse,3.831360150948849,0.004718526169170912,13,7,reg:squarederror,0.4744385257104692,gpu_hist,COMPLETE
326,0.31575858733804796,0.07629711609631103,0.8749326794088252,rmse,5.805867096314756,0.005446708346563792,13,1,reg:squarederror,0.5079309158597192,gpu_hist,COMPLETE
327,0.32922427144311756,0.09374648099080375,0.8882420308575774,rmse,6.942805348450197,0.004904188883327475,13,13,reg:squarederror,0.4991112922599503,gpu_hist,COMPLETE
328,0.3222066451973551,0.14945911161081174,0.8535456986104424,rmse,5.9703055218535805,0.00441133088561562,13,7,reg:squarederror,0.48326001553815173,gpu_hist,COMPLETE
329,0.33558026438188426,0.09944129830156648,0.9079269383872061,rmse,2.8878052243993775,0.003999583212758291,9,17,reg:squarederror,0.5434664491947669,gpu_hist,COMPLETE
330,0.3141871783869977,0.1288324275227045,0.8704365982744205,rmse,4.917973149945094,0.004080357731476684,13,1,reg:squarederror,0.5613748465735063,gpu_hist,COMPLETE
331,0.3200013364210439,0.11421678120512296,0.9866502013399087,rmse,3.2446108193540257,0.00473527402151336,13,7,reg:squarederror,0.5307872942049966,gpu_hist,COMPLETE
332,0.32347816015348657,0.06263764511787215,0.8983153928992528,rmse,2.8715787266764816,0.003897926083866853,13,11,reg:squarederror,0.5486724956637138,gpu_hist,COMPLETE
333,0.3671323293641792,0.20797127626352252,0.9141849031679201,rmse,2.2708207903139144,0.004352448983313269,5,6,reg:squarederror,0.5195319882427846,gpu_hist,COMPLETE
334,0.325441454479823,0.15549837872120897,0.8858965884087151,rmse,1.928688399608306,0.003485077492766058,13,15,reg:squarederror,0.5621462671302262,gpu_hist,COMPLETE
335,0.3116665914951077,0.0836955615314236,0.9092047365298485,rmse,1.611835240563841,0.0038907824992997623,13,1,reg:squarederror,0.46965870006274535,gpu_hist,COMPLETE
336,0.3174180690695159,0.07444701360330015,0.9697172037216293,rmse,8.073723756129757,0.003833039451956156,13,1,reg:squarederror,0.4689564089460256,gpu_hist,COMPLETE
337,0.32451791285187026,0.04259374556532825,0.9221442438909508,rmse,1.6197926334300086,0.004225888073271692,13,10,reg:squarederror,0.4744987837648089,gpu_hist,COMPLETE
338,0.3334262290589975,0.08369136957097686,0.9089093107904412,rmse,4.690413189484669,0.003375234997574429,13,20,reg:squarederror,0.4868924650775022,gpu_hist,COMPLETE
339,0.31678179668627615,0.06502553408277066,0.9629515200362015,rmse,3.960632845978711,0.0037786129043372216,13,7,reg:squarederror,0.5787293457731695,gpu_hist,COMPLETE
340,0.3126450774813783,0.09174155200973882,0.9217738945570269,rmse,1.538324774104041,0.005124786183927487,13,1,reg:squarederror,0.5446704342037648,gpu_hist,COMPLETE
341,0.3196128287363356,0.09601887539330897,0.9196701956744578,rmse,1.6887464128615908,0.005043800061534771,13,6,reg:squarederror,0.5524815290619819,gpu_hist,COMPLETE
342,0.3359412198034492,0.00874917137298368,0.9054875121474164,rmse,2.4069440174762375,0.005699431540634587,13,25,reg:squarederror,0.5686417443333714,gpu_hist,COMPLETE
343,0.3272559714755667,0.08780186426955866,0.8779930165120637,rmse,1.5155366381452198,0.004608796771676114,13,13,reg:squarederror,0.5412815872665863,gpu_hist,COMPLETE
344,0.3124565637466478,0.05484245026652512,0.9332333888829246,rmse,1.318136839461172,0.005262819693777502,13,1,reg:squarederror,0.5581083927270463,gpu_hist,COMPLETE
345,0.3225189889346399,0.04609936286814706,0.9183640690799364,rmse,1.3633190885300153,0.006385531537176549,13,6,reg:squarederror,0.5887881375869083,gpu_hist,COMPLETE
346,0.32916535516787415,0.05904180026340314,0.8965768147786136,rmse,1.7509542954648174,0.005315873322407691,13,15,reg:squarederror,0.5634520225469494,gpu_hist,COMPLETE
347,0.39455550632757863,0.05614256444688707,0.855452129998878,rmse,1.277671140777876,0.005020087804550175,13,76,reg:squarederror,0.5407554191237198,gpu_hist,COMPLETE
348,0.32503194522465445,0.07216185792162334,0.9316191649500153,rmse,2.6340984008078903,0.004747365133026727,13,10,reg:squarederror,0.4669178137219223,gpu_hist,COMPLETE
349,0.3146933225674209,0.07663658361048296,0.8852106902431751,rmse,1.6023556869754318,0.0060736467059561644,13,1,reg:squarederror,0.5708712809037236,gpu_hist,COMPLETE
350,0.3183666692664805,0.12535157904915314,0.9059799072868733,rmse,1.2697369136749967,0.004336015418243033,13,6,reg:squarederror,0.5549413396942909,gpu_hist,COMPLETE
351,0.5056404210980008,0.09055878017997313,0.9420875666670396,rmse,1.9765317755741876,0.0036110927320283804,13,220,reg:squarederror,0.5309684382820116,gpu_hist,COMPLETE
352,0.33652508045944207,0.04952715693409717,0.8648219264565695,rmse,5.494738001896155,0.0044225054212842126,7,1,reg:squarederror,0.478448393848881,gpu_hist,COMPLETE
353,0.3387398608984077,0.035777132329850705,0.9240984958615229,rmse,9.987682173988217,0.005216078424879151,11,20,reg:squarederror,0.4944244548909423,gpu_hist,COMPLETE
354,0.44434768393151336,0.3969700472187107,0.9091491933581338,rmse,3.430277586320039,0.003308093001868452,13,161,reg:squarederror,0.5455908863072286,gpu_hist,COMPLETE
355,0.3233422271051687,0.034750877188361215,0.8867425127507589,rmse,1.4446461576416012,0.004059159086732323,13,11,reg:squarederror,0.5610992271833534,gpu_hist,COMPLETE
356,0.4150287318691179,0.12064819400587329,0.9839919911362556,rmse,1.135151227675377,0.0056030594265985036,3,7,reg:squarederror,0.46478895164217804,gpu_hist,COMPLETE
357,0.3124171933414076,0.06555433421584234,0.9998703100861766,rmse,2.265940648017291,0.004719760846461745,13,1,reg:squarederror,0.5328816739787591,gpu_hist,COMPLETE
358,0.32813112196451233,0.06266355946892019,0.9838929475656636,rmse,2.3118174420710615,0.0037660651033447653,13,15,reg:squarederror,0.5280306203155996,gpu_hist,COMPLETE
359,0.3198504927332526,0.054163247040620234,0.9989306199291156,rmse,2.9031777215817685,0.004608183131046099,13,7,reg:squarederror,0.535375485783139,gpu_hist,COMPLETE
360,0.32039103253779766,0.06816397961350865,0.992296940462956,rmse,2.0526283312646623,0.00343305986725461,13,10,reg:squarederror,0.577677270437794,gpu_hist,COMPLETE
361,0.32057760400389557,0.07764535559517292,0.9786455772453757,rmse,4.045570482130386,0.007975385728906912,20,6,reg:squarederror,0.48581967119360175,gpu_hist,COMPLETE
362,0.31091488345497464,0.16615513112481506,0.9670193635458857,rmse,1.7970991616336582,0.0031277664839223208,13,1,reg:squarederror,0.5021271484547872,gpu_hist,COMPLETE
363,0.33156190060551566,0.14663031248966016,0.9999350122333259,rmse,1.924213837825973,0.003215509047247594,9,14,reg:squarederror,0.5022003834349812,gpu_hist,COMPLETE
364,0.5774409758182578,0.19526177397139988,0.974078127227876,rmse,1.7539631624376921,0.0030691134800661947,13,300,reg:squarederror,0.5280463686163968,gpu_hist,COMPLETE
365,0.3099344481691084,0.26147452927642834,0.9657348689065901,rmse,2.3639666405730266,0.0036443515237163174,13,1,reg:squarederror,0.5588162999608068,gpu_hist,COMPLETE
366,0.31678951649271875,0.2588332837844836,0.9689936383870728,rmse,2.5379637938617123,0.0036221572421810686,13,7,reg:squarederror,0.5645768242408605,gpu_hist,COMPLETE
367,0.3303885403158275,0.4057069278890298,0.9480828505788491,rmse,2.277101915098292,0.0037279450904359785,13,20,reg:squarederror,0.5958030065154284,gpu_hist,COMPLETE
368,0.36680195292169354,0.2659014904401476,0.9663299871499343,rmse,2.636549180498325,0.004030034264929706,5,1,reg:squarederror,0.5225199524475883,gpu_hist,COMPLETE
369,0.3229022257198128,0.0510875147275649,0.990146470086116,rmse,2.033166147482283,0.0033455492827853535,13,12,reg:squarederror,0.5544200103134787,gpu_hist,COMPLETE
370,0.3168556227995539,0.33462012339296904,0.9454492906211265,rmse,3.077235319384979,0.004203130838802733,13,7,reg:squarederror,0.5824791908184381,gpu_hist,COMPLETE
371,0.309640244556224,0.18208293211644544,0.9586750180436356,rmse,1.7878974052228211,0.0034817673370365933,13,1,reg:squarederror,0.5031536242179352,gpu_hist,COMPLETE
372,0.32429792960795245,0.158271991609068,0.9996498432149825,rmse,2.316568383866188,0.0031503353030708863,13,12,reg:squarederror,0.5007876074745151,gpu_hist,COMPLETE
373,0.3162614228415806,0.20656653941539085,0.9638040419743968,rmse,1.8369733666322468,0.003507687931140768,13,6,reg:squarederror,0.5087710146229178,gpu_hist,COMPLETE
374,0.3307208997502869,0.17073485521384835,0.973065246315226,rmse,1.7588449045765846,0.0037560081926984266,13,18,reg:squarederror,0.5183985133362259,gpu_hist,COMPLETE
375,0.3103010914015516,0.19865059725616796,0.9547992755013596,rmse,2.490410802952752,0.0032022062649826794,13,1,reg:squarederror,0.4961561729886178,gpu_hist,COMPLETE
376,0.3374683281625406,0.20751247018857494,0.9610942610500803,rmse,3.368382153870748,0.0033325128427920277,13,26,reg:squarederror,0.4949506516599953,gpu_hist,COMPLETE
377,0.3252837320241499,0.3078014817892086,0.9760961463228299,rmse,2.7747379010235655,0.0038829230803861426,13,11,reg:squarederror,0.4746908304013784,gpu_hist,COMPLETE
378,0.32007337658256463,0.1860461075943006,0.9554271373460527,rmse,2.2380013227115403,0.0034783672196659642,11,7,reg:squarederror,0.5040189160692526,gpu_hist,COMPLETE
379,0.31206081949353437,0.28934928478794975,0.9848755128611194,rmse,2.65949583701098,0.0031253877122530923,13,1,reg:squarederror,0.48555660388679805,gpu_hist,COMPLETE
380,0.3439702728884957,0.23383850112688426,0.9854346119047712,rmse,2.9804428875568085,0.0031359939425777816,7,16,reg:squarederror,0.4832610823955384,gpu_hist,COMPLETE
381,0.44215611841204827,0.2709827535372573,0.8740101957706308,rmse,2.514497685502596,0.00305844974587017,3,6,reg:squarederror,0.465371006394635,gpu_hist,COMPLETE
382,0.32576220483439317,0.3397135499493339,0.9441278117872561,rmse,1.7991355678684244,0.003498878844169715,13,12,reg:squarederror,0.4746017776067496,gpu_hist,COMPLETE
383,0.31851400395853735,0.18564523371006397,0.9608882385584063,rmse,3.304297234001583,0.003164231641247542,13,7,reg:squarederror,0.48722698739670756,gpu_hist,COMPLETE
384,0.3106794099629002,0.24715723872644424,0.9786913353811164,rmse,2.0712320133717195,0.0036885173706822784,13,1,reg:squarederror,0.4960339863746156,gpu_hist,COMPLETE
385,0.31157962782475435,0.23738436355586437,0.9837073981927457,rmse,1.0685381354750745,0.0036845414929513034,13,1,reg:squarederror,0.49485691687822153,gpu_hist,COMPLETE
386,0.4457329381859589,0.294961532325957,0.9804696552379114,rmse,1.674598298480491,0.0037801440163438725,13,142,reg:squarederror,0.4976158432762561,gpu_hist,COMPLETE
