Trial 461 finished with value: 0.12355160680467955 and parameters: {'objective': 'reg:squarederror', 'tree_method': 'gpu_hist', 'lambda': 7.38199271598855, 'alpha': 0.9912102695883737, 'colsample_bytree': 0.7127090534695514, 'subsample': 0.6188456453545972, 'learning_rate': 0.015671787702548182, 'max_depth': 20, 'min_child_weight': 16, 'eval_metric': 'rmse'}. Best is trial 442 with value: 0.12288592550916383.
start listen on 192.168.1.101:43491
@tracker All of 1 nodes getting started
@tracker All nodes finishes job
Trial 462 finished with value: 0.12555763359224295 and parameters: {'objective': 'reg:squarederror', 'tree_method': 'gpu_hist', 'lambda': 5.481811745685442, 'alpha': 1.185099720680996, 'colsample_bytree': 0.6932868870357448, 'subsample': 0.581338440175405, 'learning_rate': 0.01191864799320205, 'max_depth': 20, 'min_child_weight': 25, 'eval_metric': 'rmse'}. Best is trial 442 with value: 0.12288592550916383.
start listen on 192.168.1.101:59961
@tracker All of 1 nodes getting started
@tracker All nodes finishes job
Trial 463 finished with value: 0.12284958614550846 and parameters: {'objective': 'reg:squarederror', 'tree_method': 'gpu_hist', 'lambda': 8.604027071006096, 'alpha': 0.6753026010158262, 'colsample_bytree': 0.7147749749869569, 'subsample': 0.6088923466519099, 'learning_rate': 0.013705273097222295, 'max_depth': 20, 'min_child_weight': 7, 'eval_metric': 'rmse'}. Best is trial 463 with value: 0.12284958614550846.
start listen on 192.168.1.101:43853
@tracker All of 1 nodes getting started
@tracker All nodes finishes job
Trial 464 finished with value: 0.12441119109401633 and parameters: {'objective': 'reg:squarederror', 'tree_method': 'gpu_hist', 'lambda': 6.625032070999418, 'alpha': 0.6432777994071732, 'colsample_bytree': 0.6589784896961701, 'subsample': 0.5702147032773678, 'learning_rate': 0.01449113792663291, 'max_depth': 20, 'min_child_weight': 7, 'eval_metric': 'rmse'}. Best is trial 463 with value: 0.12284958614550846.
start listen on 192.168.1.101:41707
@tracker All of 1 nodes getting started
@tracker All nodes finishes job
Trial 465 finished with value: 0.12342173973877071 and parameters: {'objective': 'reg:squarederror', 'tree_method': 'gpu_hist', 'lambda': 8.110261964006673, 'alpha': 0.49060911905894766, 'colsample_bytree': 0.7061510559895466, 'subsample': 0.5955575709743872, 'learning_rate': 0.013380568859493815, 'max_depth': 20, 'min_child_weight': 14, 'eval_metric': 'rmse'}. Best is trial 463 with value: 0.12284958614550846.
start listen on 192.168.1.101:43785
@tracker All of 1 nodes getting started
@tracker All nodes finishes job
Trial 466 finished with value: 0.12456877505818505 and parameters: {'objective': 'reg:squarederror', 'tree_method': 'gpu_hist', 'lambda': 5.543234659070613, 'alpha': 1.5239724656611204, 'colsample_bytree': 0.6815811686118698, 'subsample': 0.6047699568492966, 'learning_rate': 0.01584829691075427, 'max_depth': 20, 'min_child_weight': 20, 'eval_metric': 'rmse'}. Best is trial 463 with value: 0.12284958614550846.
start listen on 192.168.1.101:47817
@tracker All of 1 nodes getting started
@tracker All nodes finishes job
Trial 467 finished with value: 0.16945967178118052 and parameters: {'objective': 'reg:squarederror', 'tree_method': 'gpu_hist', 'lambda': 4.456438167534925, 'alpha': 2.2979852001654013, 'colsample_bytree': 0.7168744187052365, 'subsample': 0.6239798288850028, 'learning_rate': 0.014339572463526486, 'max_depth': 20, 'min_child_weight': 185, 'eval_metric': 'rmse'}. Best is trial 463 with value: 0.12284958614550846.
start listen on 192.168.1.101:50359
@tracker All of 1 nodes getting started
@tracker All nodes finishes job
Trial 468 finished with value: 0.12447923760558209 and parameters: {'objective': 'reg:squarederror', 'tree_method': 'gpu_hist', 'lambda': 6.974518016857426, 'alpha': 0.0016553501158335765, 'colsample_bytree': 0.7013438285247845, 'subsample': 0.5873643736370968, 'learning_rate': 0.018771839564201184, 'max_depth': 20, 'min_child_weight': 1, 'eval_metric': 'rmse'}. Best is trial 463 with value: 0.12284958614550846.
start listen on 192.168.1.101:33725
@tracker All of 1 nodes getting started
@tracker All nodes finishes job
Trial 469 finished with value: 0.1244092824249581 and parameters: {'objective': 'reg:squarederror', 'tree_method': 'gpu_hist', 'lambda': 8.400467599536965, 'alpha': 0.07188188137084778, 'colsample_bytree': 0.6352778079490146, 'subsample': 0.6062222255276986, 'learning_rate': 0.01711389256495279, 'max_depth': 20, 'min_child_weight': 10, 'eval_metric': 'rmse'}. Best is trial 463 with value: 0.12284958614550846.
start listen on 192.168.1.101:40261
@tracker All of 1 nodes getting started
@tracker All nodes finishes job
Trial 470 finished with value: 0.12384300133944473 and parameters: {'objective': 'reg:squarederror', 'tree_method': 'gpu_hist', 'lambda': 6.1816311237856, 'alpha': 0.9281117080417524, 'colsample_bytree': 0.6693960436899465, 'subsample': 0.6344279469235818, 'learning_rate': 0.012888654912995016, 'max_depth': 20, 'min_child_weight': 6, 'eval_metric': 'rmse'}. Best is trial 463 with value: 0.12284958614550846.
start listen on 192.168.1.101:58511
@tracker All of 1 nodes getting started
@tracker All nodes finishes job
Trial 471 finished with value: 0.12434561184678036 and parameters: {'objective': 'reg:squarederror', 'tree_method': 'gpu_hist', 'lambda': 8.17442671148293, 'alpha': 0.7405735722114353, 'colsample_bytree': 0.6881611679089987, 'subsample': 0.5588168818230861, 'learning_rate': 0.015233654000900577, 'max_depth': 15, 'min_child_weight': 14, 'eval_metric': 'rmse'}. Best is trial 463 with value: 0.12284958614550846.
start listen on 192.168.1.101:35179
@tracker All of 1 nodes getting started
@tracker All nodes finishes job
Trial 472 finished with value: 0.19026988791518706 and parameters: {'objective': 'reg:squarederror', 'tree_method': 'gpu_hist', 'lambda': 5.141188729903122, 'alpha': 4.328974143031814, 'colsample_bytree': 0.7248158528530394, 'subsample': 0.6147399332883052, 'learning_rate': 0.013684568093630726, 'max_depth': 20, 'min_child_weight': 277, 'eval_metric': 'rmse'}. Best is trial 463 with value: 0.12284958614550846.
start listen on 192.168.1.101:40437
@tracker All of 1 nodes getting started
@tracker All nodes finishes job
Trial 473 finished with value: 0.12857991720871378 and parameters: {'objective': 'reg:squarederror', 'tree_method': 'gpu_hist', 'lambda': 7.17539797853157, 'alpha': 1.8708927373725186, 'colsample_bytree': 0.7007521817000815, 'subsample': 0.5912022037188237, 'learning_rate': 0.012303095508853114, 'max_depth': 5, 'min_child_weight': 20, 'eval_metric': 'rmse'}. Best is trial 463 with value: 0.12284958614550846.
start listen on 192.168.1.101:54837
@tracker All of 1 nodes getting started
@tracker All nodes finishes job
Trial 474 finished with value: 0.12398790835567476 and parameters: {'objective': 'reg:squarederror', 'tree_method': 'gpu_hist', 'lambda': 8.430867631567127, 'alpha': 1.1285145950948026, 'colsample_bytree': 0.7140391165968705, 'subsample': 0.5781768149591101, 'learning_rate': 0.019951479588548638, 'max_depth': 20, 'min_child_weight': 10, 'eval_metric': 'rmse'}. Best is trial 463 with value: 0.12284958614550846.
start listen on 192.168.1.101:43737
@tracker All of 1 nodes getting started
@tracker All nodes finishes job
Trial 475 finished with value: 0.13189154323448546 and parameters: {'objective': 'reg:squarederror', 'tree_method': 'gpu_hist', 'lambda': 6.0406060955387, 'alpha': 1.3680965976395216, 'colsample_bytree': 0.6764323200331214, 'subsample': 0.5397273371495527, 'learning_rate': 0.01661885949481238, 'max_depth': 3, 'min_child_weight': 6, 'eval_metric': 'rmse'}. Best is trial 463 with value: 0.12284958614550846.
start listen on 192.168.1.101:44897
@tracker All of 1 nodes getting started
@tracker All nodes finishes job
Trial 476 finished with value: 0.1261842912526021 and parameters: {'objective': 'reg:squarederror', 'tree_method': 'gpu_hist', 'lambda': 7.145247389445637, 'alpha': 0.8476788983732899, 'colsample_bytree': 0.6554455953535971, 'subsample': 0.598877565193823, 'learning_rate': 0.011816430413086314, 'max_depth': 20, 'min_child_weight': 28, 'eval_metric': 'rmse'}. Best is trial 463 with value: 0.12284958614550846.
start listen on 192.168.1.101:39835
@tracker All of 1 nodes getting started
@tracker All nodes finishes job
Trial 477 finished with value: 0.12359519784409635 and parameters: {'objective': 'reg:squarederror', 'tree_method': 'gpu_hist', 'lambda': 9.872186551931097, 'alpha': 0.6351148481716883, 'colsample_bytree': 0.7325378520825806, 'subsample': 0.6268656822261853, 'learning_rate': 0.014335545250473702, 'max_depth': 20, 'min_child_weight': 16, 'eval_metric': 'rmse'}. Best is trial 463 with value: 0.12284958614550846.
start listen on 192.168.1.101:44143
@tracker All of 1 nodes getting started
@tracker All nodes finishes job
Trial 478 finished with value: 0.12387722557912377 and parameters: {'objective': 'reg:squarederror', 'tree_method': 'gpu_hist', 'lambda': 0.03253025861833407, 'alpha': 3.0651495349904754, 'colsample_bytree': 0.6942450192047538, 'subsample': 0.6145381168276303, 'learning_rate': 0.013339692165832915, 'max_depth': 20, 'min_child_weight': 12, 'eval_metric': 'rmse'}. Best is trial 463 with value: 0.12284958614550846.
start listen on 192.168.1.101:40453
@tracker All of 1 nodes getting started
@tracker All nodes finishes job
Trial 479 finished with value: 0.13059437487232922 and parameters: {'objective': 'reg:squarederror', 'tree_method': 'gpu_hist', 'lambda': 8.425372733463613, 'alpha': 1.0651184428122709, 'colsample_bytree': 0.7118604125754983, 'subsample': 0.6510239904561276, 'learning_rate': 0.004455855208407293, 'max_depth': 11, 'min_child_weight': 23, 'eval_metric': 'rmse'}. Best is trial 463 with value: 0.12284958614550846.
start listen on 192.168.1.101:38769
@tracker All of 1 nodes getting started
@tracker All nodes finishes job
Trial 480 finished with value: 0.12392529395736776 and parameters: {'objective': 'reg:squarederror', 'tree_method': 'gpu_hist', 'lambda': 9.990647516833436, 'alpha': 0.5129561480873706, 'colsample_bytree': 0.7451549136137193, 'subsample': 0.6062101365667922, 'learning_rate': 0.015396014382713968, 'max_depth': 20, 'min_child_weight': 1, 'eval_metric': 'rmse'}. Best is trial 463 with value: 0.12284958614550846.
start listen on 192.168.1.101:41013
@tracker All of 1 nodes getting started
@tracker All nodes finishes job
Trial 481 finished with value: 0.12356146925879538 and parameters: {'objective': 'reg:squarederror', 'tree_method': 'gpu_hist', 'lambda': 4.335009224359703, 'alpha': 1.5251350314181609, 'colsample_bytree': 0.6832350527196408, 'subsample': 0.5893219724872463, 'learning_rate': 0.01264975301420128, 'max_depth': 20, 'min_child_weight': 6, 'eval_metric': 'rmse'}. Best is trial 463 with value: 0.12284958614550846.
start listen on 192.168.1.101:32795
@tracker All of 1 nodes getting started
@tracker All nodes finishes job
Trial 482 finished with value: 0.1379807908389339 and parameters: {'objective': 'reg:squarederror', 'tree_method': 'gpu_hist', 'lambda': 5.967633113795482, 'alpha': 1.2849109901091875, 'colsample_bytree': 0.7264005167836971, 'subsample': 0.6368645370844455, 'learning_rate': 0.011390270339507078, 'max_depth': 20, 'min_child_weight': 74, 'eval_metric': 'rmse'}. Best is trial 463 with value: 0.12284958614550846.
start listen on 192.168.1.101:35811
@tracker All of 1 nodes getting started
@tracker All nodes finishes job
Trial 483 finished with value: 0.12437937429329729 and parameters: {'objective': 'reg:squarederror', 'tree_method': 'gpu_hist', 'lambda': 7.116621612462282, 'alpha': 0.9048312857321088, 'colsample_bytree': 0.6992631605876803, 'subsample': 0.5702323488015785, 'learning_rate': 0.016761133292256352, 'max_depth': 20, 'min_child_weight': 16, 'eval_metric': 'rmse'}. Best is trial 463 with value: 0.12284958614550846.
start listen on 192.168.1.101:39931
@tracker All of 1 nodes getting started
@tracker All nodes finishes job
Trial 484 finished with value: 0.12405793670207607 and parameters: {'objective': 'reg:squarederror', 'tree_method': 'gpu_hist', 'lambda': 2.8602871803112464, 'alpha': 0.6592006423678292, 'colsample_bytree': 0.6667602118059193, 'subsample': 0.6250852100345611, 'learning_rate': 0.013876639593534426, 'max_depth': 20, 'min_child_weight': 10, 'eval_metric': 'rmse'}. Best is trial 463 with value: 0.12284958614550846.
start listen on 192.168.1.101:51957
@tracker All of 1 nodes getting started
@tracker All nodes finishes job
Trial 485 finished with value: 0.12461052114715873 and parameters: {'objective': 'reg:squarederror', 'tree_method': 'gpu_hist', 'lambda': 5.326843750977593, 'alpha': 1.7503277207287662, 'colsample_bytree': 0.7140659806711617, 'subsample': 0.5992762716429271, 'learning_rate': 0.011796151946546896, 'max_depth': 7, 'min_child_weight': 1, 'eval_metric': 'rmse'}. Best is trial 463 with value: 0.12284958614550846.
start listen on 192.168.1.101:45063
@tracker All of 1 nodes getting started
@tracker All nodes finishes job
Trial 486 finished with value: 0.1259927129252574 and parameters: {'objective': 'reg:squarederror', 'tree_method': 'gpu_hist', 'lambda': 8.546475745451668, 'alpha': 1.0789724893951007, 'colsample_bytree': 0.6257669460022051, 'subsample': 0.614154334432962, 'learning_rate': 0.009081975209246716, 'max_depth': 20, 'min_child_weight': 21, 'eval_metric': 'rmse'}. Best is trial 463 with value: 0.12284958614550846.
start listen on 192.168.1.101:59583
@tracker All of 1 nodes getting started
@tracker All nodes finishes job
Trial 487 finished with value: 0.1249678539722507 and parameters: {'objective': 'reg:squarederror', 'tree_method': 'gpu_hist', 'lambda': 7.198754318055146, 'alpha': 0.7039619515054584, 'colsample_bytree': 0.6454047033948209, 'subsample': 0.6665563999786134, 'learning_rate': 0.017893137988284565, 'max_depth': 20, 'min_child_weight': 11, 'eval_metric': 'rmse'}. Best is trial 463 with value: 0.12284958614550846.
start listen on 192.168.1.101:34967
@tracker All of 1 nodes getting started
@tracker All nodes finishes job
Trial 488 finished with value: 0.124439898657035 and parameters: {'objective': 'reg:squarederror', 'tree_method': 'gpu_hist', 'lambda': 6.188775283222521, 'alpha': 0.8179885079008506, 'colsample_bytree': 0.687976890270184, 'subsample': 0.5780318167641171, 'learning_rate': 0.01509604590260746, 'max_depth': 9, 'min_child_weight': 16, 'eval_metric': 'rmse'}. Best is trial 463 with value: 0.12284958614550846.
start listen on 192.168.1.101:41387
@tracker All of 1 nodes getting started
@tracker All nodes finishes job
Trial 489 finished with value: 0.12292574297753146 and parameters: {'objective': 'reg:squarederror', 'tree_method': 'gpu_hist', 'lambda': 8.502917584517121, 'alpha': 1.351837294081548, 'colsample_bytree': 0.7297206985598313, 'subsample': 0.6067816005715094, 'learning_rate': 0.012831153044908152, 'max_depth': 20, 'min_child_weight': 6, 'eval_metric': 'rmse'}. Best is trial 463 with value: 0.12284958614550846.
start listen on 192.168.1.101:50851
@tracker All of 1 nodes getting started
@tracker All nodes finishes job
Trial 490 finished with value: 0.1253537280763344 and parameters: {'objective': 'reg:squarederror', 'tree_method': 'gpu_hist', 'lambda': 0.0010492877371394975, 'alpha': 1.044289488965953, 'colsample_bytree': 0.7426713511179804, 'subsample': 0.5928978877645642, 'learning_rate': 0.012704271215395, 'max_depth': 20, 'min_child_weight': 5, 'eval_metric': 'rmse'}. Best is trial 463 with value: 0.12284958614550846.
start listen on 192.168.1.101:59945
@tracker All of 1 nodes getting started
@tracker All nodes finishes job
Trial 491 finished with value: 0.12383862297442944 and parameters: {'objective': 'reg:squarederror', 'tree_method': 'gpu_hist', 'lambda': 0.7908236370879116, 'alpha': 1.2930770405012142, 'colsample_bytree': 0.7701202947741833, 'subsample': 0.605142322651662, 'learning_rate': 0.011188456247848423, 'max_depth': 20, 'min_child_weight': 1, 'eval_metric': 'rmse'}. Best is trial 463 with value: 0.12284958614550846.
start listen on 192.168.1.101:36257
@tracker All of 1 nodes getting started
@tracker All nodes finishes job
Trial 492 finished with value: 0.12401285029139604 and parameters: {'objective': 'reg:squarederror', 'tree_method': 'gpu_hist', 'lambda': 8.444625389411097, 'alpha': 0.941125761513255, 'colsample_bytree': 0.732936559128964, 'subsample': 0.58501185731775, 'learning_rate': 0.009460950353989452, 'max_depth': 20, 'min_child_weight': 7, 'eval_metric': 'rmse'}. Best is trial 463 with value: 0.12284958614550846.
start listen on 192.168.1.101:55351
@tracker All of 1 nodes getting started
@tracker All nodes finishes job
Trial 493 finished with value: 0.1231770854881075 and parameters: {'objective': 'reg:squarederror', 'tree_method': 'gpu_hist', 'lambda': 9.96607612864401, 'alpha': 1.2623364264031658, 'colsample_bytree': 0.7271232899578925, 'subsample': 0.5980708991473483, 'learning_rate': 0.011798547983701562, 'max_depth': 20, 'min_child_weight': 6, 'eval_metric': 'rmse'}. Best is trial 463 with value: 0.12284958614550846.
start listen on 192.168.1.101:39409
@tracker All of 1 nodes getting started
@tracker All nodes finishes job
Trial 494 finished with value: 0.12421433549409404 and parameters: {'objective': 'reg:squarederror', 'tree_method': 'gpu_hist', 'lambda': 9.96495162438238, 'alpha': 1.4894965885904508, 'colsample_bytree': 0.7569142741453178, 'subsample': 0.5945381943500373, 'learning_rate': 0.01297366433133504, 'max_depth': 20, 'min_child_weight': 6, 'eval_metric': 'rmse'}. Best is trial 463 with value: 0.12284958614550846.
start listen on 192.168.1.101:47807
@tracker All of 1 nodes getting started
@tracker All nodes finishes job
Trial 495 finished with value: 0.1679892659713611 and parameters: {'objective': 'reg:squarederror', 'tree_method': 'gpu_hist', 'lambda': 8.556105006229712, 'alpha': 1.245720760827881, 'colsample_bytree': 0.7487614424376506, 'subsample': 0.5621527138336185, 'learning_rate': 0.012337179918201904, 'max_depth': 20, 'min_child_weight': 177, 'eval_metric': 'rmse'}. Best is trial 463 with value: 0.12284958614550846.
start listen on 192.168.1.101:52799
@tracker All of 1 nodes getting started
@tracker All nodes finishes job
Trial 496 finished with value: 0.14225344490140734 and parameters: {'objective': 'reg:squarederror', 'tree_method': 'gpu_hist', 'lambda': 9.91672103578112, 'alpha': 0.4431205206835115, 'colsample_bytree': 0.7288944222639228, 'subsample': 0.5757172248037122, 'learning_rate': 0.010091243108412438, 'max_depth': 20, 'min_child_weight': 84, 'eval_metric': 'rmse'}. Best is trial 463 with value: 0.12284958614550846.
start listen on 192.168.1.101:44437
@tracker All of 1 nodes getting started
@tracker All nodes finishes job
Trial 497 finished with value: 0.12391794245715201 and parameters: {'objective': 'reg:squarederror', 'tree_method': 'gpu_hist', 'lambda': 7.429877595433426, 'alpha': 1.3648578243327836, 'colsample_bytree': 0.739993452855367, 'subsample': 0.6005338271477545, 'learning_rate': 0.013790041881390023, 'max_depth': 20, 'min_child_weight': 1, 'eval_metric': 'rmse'}. Best is trial 463 with value: 0.12284958614550846.
start listen on 192.168.1.101:51199
@tracker All of 1 nodes getting started
@tracker All nodes finishes job
Trial 498 finished with value: 0.12407568508345573 and parameters: {'objective': 'reg:squarederror', 'tree_method': 'gpu_hist', 'lambda': 7.416454562467861, 'alpha': 0.5610359498792271, 'colsample_bytree': 0.723677890233014, 'subsample': 0.5852463227030238, 'learning_rate': 0.011613446314544761, 'max_depth': 20, 'min_child_weight': 7, 'eval_metric': 'rmse'}. Best is trial 463 with value: 0.12284958614550846.
start listen on 192.168.1.101:39321
@tracker All of 1 nodes getting started
@tracker All nodes finishes job
Trial 499 finished with value: 0.12421932291330619 and parameters: {'objective': 'reg:squarederror', 'tree_method': 'gpu_hist', 'lambda': 8.384629418111285, 'alpha': 0.770866685682675, 'colsample_bytree': 0.7528726696713174, 'subsample': 0.6121248115948295, 'learning_rate': 0.010522588600384054, 'max_depth': 15, 'min_child_weight': 10, 'eval_metric': 'rmse'}. Best is trial 463 with value: 0.12284958614550846.
start listen on 192.168.1.101:51563
@tracker All of 1 nodes getting started
@tracker All nodes finishes job
Trial 500 finished with value: 0.1745577594313495 and parameters: {'objective': 'reg:squarederror', 'tree_method': 'gpu_hist', 'lambda': 9.954106257852153, 'alpha': 1.0938275040545447, 'colsample_bytree': 0.7174681525456257, 'subsample': 0.5953180173290168, 'learning_rate': 0.008238699900222139, 'max_depth': 20, 'min_child_weight': 216, 'eval_metric': 'rmse'}. Best is trial 463 with value: 0.12284958614550846.
start listen on 192.168.1.101:44573
@tracker All of 1 nodes getting started
@tracker All nodes finishes job
Trial 501 finished with value: 0.1237199283532399 and parameters: {'objective': 'reg:squarederror', 'tree_method': 'gpu_hist', 'lambda': 6.959876791213432, 'alpha': 1.569677161796099, 'colsample_bytree': 0.7347656987230695, 'subsample': 0.6150600994198999, 'learning_rate': 0.013360543269994016, 'max_depth': 20, 'min_child_weight': 1, 'eval_metric': 'rmse'}. Best is trial 463 with value: 0.12284958614550846.
start listen on 192.168.1.101:58513
@tracker All of 1 nodes getting started
@tracker All nodes finishes job
Trial 502 finished with value: 0.12826226310392827 and parameters: {'objective': 'reg:squarederror', 'tree_method': 'gpu_hist', 'lambda': 8.424316067332908, 'alpha': 0.8993758178497718, 'colsample_bytree': 0.7200231790052131, 'subsample': 0.6068948186050664, 'learning_rate': 0.011654863987837662, 'max_depth': 5, 'min_child_weight': 16, 'eval_metric': 'rmse'}. Best is trial 463 with value: 0.12284958614550846.
start listen on 192.168.1.101:45317
@tracker All of 1 nodes getting started
@tracker All nodes finishes job
