number,value,params_alpha,params_colsample_bytree,params_eval_metric,params_lambda,params_learning_rate,params_max_depth,params_min_child_weight,params_objective,params_subsample,params_tree_method,state
779,0.3163627024640504,0.11836784540614606,0.9759992111351582,rmse,2.175527154834323,0.0034361117826016037,9,1,reg:squarederror,0.5567789575985055,gpu_hist,COMPLETE
780,0.3260315546958372,0.2188960839010669,0.9434245595944112,rmse,2.8442929680238462,0.005017850818847428,17,15,reg:squarederror,0.575395631978942,gpu_hist,COMPLETE
781,0.32144937154193026,0.2887171246574021,0.9625648320503307,rmse,3.504734822385163,0.006537334356617511,17,7,reg:squarederror,0.5402504360565079,gpu_hist,COMPLETE
782,0.3102279914747899,0.6376232010521562,0.9788953796029924,rmse,2.007756823066699,0.003980951581400455,17,1,reg:squarederror,0.5639018223553276,gpu_hist,COMPLETE
783,0.3172507360018606,0.3568159198614142,0.9542020538190703,rmse,2.4659966066975496,0.0034992929042689477,17,11,reg:squarederror,0.7564645943404837,gpu_hist,COMPLETE
784,0.3678839315345872,0.12654238670932885,0.7592216527682625,rmse,2.0247595627355763,0.0043940341083061295,5,6,reg:squarederror,0.5798302868933274,gpu_hist,COMPLETE
785,0.32756214104820885,0.21894732029174555,0.9874232249370886,rmse,3.0167040586837555,0.0037817384605526947,17,16,reg:squarederror,0.532791979007313,gpu_hist,COMPLETE
786,0.3096798431148191,0.18431721469302478,0.9392751610924769,rmse,2.424330004163742,0.004113252116906266,17,1,reg:squarederror,0.5182499317025061,gpu_hist,COMPLETE
787,0.32450883018323606,0.13274346409419155,0.9351337837440479,rmse,4.36040754689223,0.005074317453450541,17,11,reg:squarederror,0.5182793352420598,gpu_hist,COMPLETE
788,0.32311081301223493,0.15163648700672674,0.6900969685201368,rmse,2.6115570724807724,0.004302441074700293,17,6,reg:squarederror,0.5068830949077229,gpu_hist,COMPLETE
789,0.31102380032189825,0.10298011854653913,0.9435647864215977,rmse,3.6283729295130085,0.004616762158379537,17,1,reg:squarederror,0.5155298949265039,gpu_hist,COMPLETE
790,0.32355867658986653,0.16088433431956825,0.939373361375567,rmse,2.021291634472429,0.004124842104126317,17,11,reg:squarederror,0.5271579374938764,gpu_hist,COMPLETE
791,0.3313357727842702,0.18188754472863622,0.9508544370688722,rmse,2.994220565132945,0.00471556069513579,17,19,reg:squarederror,0.501487264783612,gpu_hist,COMPLETE
792,0.31748621025897783,0.12580086916005473,0.9380485001286234,rmse,2.3760607274656484,0.005136849116529497,17,6,reg:squarederror,0.5173495682046847,gpu_hist,COMPLETE
793,0.31172662136388174,0.18851254394659053,0.999557231963358,rmse,3.3222323340767086,0.0057610377445046,17,1,reg:squarederror,0.5046923546694053,gpu_hist,COMPLETE
794,0.31645566145689563,0.08394465114610754,0.9662969033421103,rmse,1.8399507110060243,0.004071866038227011,17,11,reg:squarederror,0.7911484746800567,gpu_hist,COMPLETE
795,0.33975187891222675,0.10993700030595276,0.9540071591556166,rmse,7.566063961743606,0.0038016259512416535,17,30,reg:squarederror,0.5273145605860208,gpu_hist,COMPLETE
796,0.316669684490679,1.1676542006521125,0.9741497066834255,rmse,2.544025838599262,0.0043647384056918394,17,7,reg:squarederror,0.5156905728816787,gpu_hist,COMPLETE
797,0.3263257825197354,0.14100341304688493,0.9325285505094081,rmse,2.1853248359579953,0.0033797087898705938,17,16,reg:squarederror,0.5428158323771883,gpu_hist,COMPLETE
798,0.3105764054458006,0.18101000779260706,0.9828391105214767,rmse,4.184812477273012,0.004735168417407483,17,1,reg:squarederror,0.532175297924688,gpu_hist,COMPLETE
799,0.3206476171919071,0.6607163795838845,0.9581869025345378,rmse,2.869562103934413,0.003895841770796444,11,7,reg:squarederror,0.505303729187332,gpu_hist,COMPLETE
800,0.3122720079515892,1.63990285888108,0.9381641895744264,rmse,1.908914242809856,0.005431636625277288,17,1,reg:squarederror,0.5881587088389052,gpu_hist,COMPLETE
801,0.3249632734090621,0.8191778053491338,0.974783101882673,rmse,0.017864997251307073,0.004188987419856282,17,11,reg:squarederror,0.5230623870449977,gpu_hist,COMPLETE
802,0.41285218272257157,0.20205765073428258,0.9629779703339222,rmse,2.370748612466456,0.003441155118462514,17,118,reg:squarederror,0.5424776839546884,gpu_hist,COMPLETE
803,0.31382767682197454,0.13030795184843053,0.9992269522807649,rmse,3.4564203504251605,0.00374435882650612,17,6,reg:squarederror,0.572798294211195,gpu_hist,COMPLETE
804,0.3331791113247834,0.1661963769914477,0.9512870105736813,rmse,1.8651833130309328,0.004466251363188589,17,22,reg:squarederror,0.5519671686657253,gpu_hist,COMPLETE
805,0.43085749829065123,2.2286351209774375,0.9838575116705887,rmse,5.517451658983007,0.00412224744824499,3,1,reg:squarederror,0.5035199498284418,gpu_hist,COMPLETE
806,0.34321295714350775,0.22059268699992718,0.9697078731972063,rmse,2.732289877153086,0.0033813948605792414,7,15,reg:squarederror,0.534726189066042,gpu_hist,COMPLETE
807,0.5062880660408028,0.9692032706077199,0.936469018440013,rmse,2.3712025092151987,0.0038349694545456907,17,233,reg:squarederror,0.5855880506822768,gpu_hist,COMPLETE
808,0.31813591536971875,0.4925768281067717,0.9866878367262879,rmse,3.2253481828206843,0.004844380607552874,17,7,reg:squarederror,0.5164427014850683,gpu_hist,COMPLETE
809,0.3201587166213401,0.10389448695818272,0.9518908032850184,rmse,1.9561890848380215,0.004134160424166568,17,11,reg:squarederror,0.5988551348406377,gpu_hist,COMPLETE
810,0.3100299705587028,0.15800196330736388,0.9671439320031133,rmse,2.758784851055712,0.0036277044004363597,17,1,reg:squarederror,0.6134174045495397,gpu_hist,COMPLETE
811,0.316434634727414,0.06779128516549612,0.9999043807051577,rmse,4.397325832266889,0.00456675981043348,17,7,reg:squarederror,0.5739926034668146,gpu_hist,COMPLETE
812,0.33223575478013273,0.13513464971304945,0.6338546012297419,rmse,2.236171383384888,0.003210812569458774,17,17,reg:squarederror,0.5563685522899767,gpu_hist,COMPLETE
813,0.3140343251721418,1.3962617029987376,0.9463303902164364,rmse,1.7871013097999464,0.003920691546632757,20,6,reg:squarederror,0.5898891567748868,gpu_hist,COMPLETE
814,0.41276669908392055,0.08809668451465578,0.9726643982096591,rmse,3.8565288228216725,0.005265523547157275,17,105,reg:squarederror,0.49745685470494005,gpu_hist,COMPLETE
815,0.31039467055316666,0.21910712012666506,0.9872599893243486,rmse,2.984465538237793,0.0035051409632706064,17,1,reg:squarederror,0.5274641283252738,gpu_hist,COMPLETE
816,0.32509626197065733,0.1809959678849276,0.9590603088414098,rmse,0.22809495110474576,0.00434730691855654,17,12,reg:squarederror,0.5681936980665849,gpu_hist,COMPLETE
817,0.34533393594486383,0.24734360538995465,0.9399018061146672,rmse,2.294443150383714,0.010863164410664303,9,11,reg:squarederror,0.5400171354771214,gpu_hist,COMPLETE
818,0.36715687860055457,0.12386713271898322,0.9735110352948372,rmse,1.7149931889434276,0.0038136937861965527,5,6,reg:squarederror,0.5808475798476012,gpu_hist,COMPLETE
819,0.315392279141169,0.427223375948262,0.9328536067373809,rmse,2.6247232061933725,0.023023789781450355,17,1,reg:squarederror,0.5515325795029961,gpu_hist,COMPLETE
820,0.32829508477237906,0.1483620950516032,0.9588615860964755,rmse,2.0467081803394542,0.003174156852621724,17,20,reg:squarederror,0.6028185400632279,gpu_hist,COMPLETE
821,0.4897443643204119,0.569210736177164,0.9792433211909521,rmse,3.4213834702437245,0.00489077013746321,17,195,reg:squarederror,0.5115775676615366,gpu_hist,COMPLETE
822,0.3157942564070739,3.7838679180509525,0.9862784114581283,rmse,2.640031522410444,0.004079272712146022,17,7,reg:squarederror,0.5642348190759818,gpu_hist,COMPLETE
823,0.32413111019940943,1.831240945752763,0.9489825869631873,rmse,1.6201413730581111,0.0035271293134427452,17,13,reg:squarederror,0.5214050956782409,gpu_hist,COMPLETE
824,0.31339108390362846,0.1863874769725252,0.9617089460032263,rmse,2.202351253616906,0.004478632265883489,17,6,reg:squarederror,0.7083370213231434,gpu_hist,COMPLETE
825,0.3112701371075563,0.2734644502282203,0.9302540589485571,rmse,3.023927669895077,0.007944656480692083,17,1,reg:squarederror,0.5898366606156985,gpu_hist,COMPLETE
826,0.34840243757028555,0.10777334986931847,0.9735415188660799,rmse,1.9727483208231014,0.003700956590602823,7,26,reg:squarederror,0.5482976426655918,gpu_hist,COMPLETE
827,0.3243143294586352,0.2084459108684058,0.9875084320619278,rmse,0.001981868073962771,0.004097855659381623,17,11,reg:squarederror,0.5348437459610265,gpu_hist,COMPLETE
828,0.5603667497789554,0.07829136134840291,0.9484713313200539,rmse,0.0074793748086152,0.003305798701714043,11,288,reg:squarederror,0.5739216408295503,gpu_hist,COMPLETE
829,0.31001141291755363,0.15955138650328593,0.9623070636692361,rmse,4.915523033544077,0.004650142405732132,20,1,reg:squarederror,0.6063497673744919,gpu_hist,COMPLETE
830,0.3530602094559893,0.3456861466385077,0.5403450854083431,rmse,0.0033905522857294937,0.009755265631323671,17,18,reg:squarederror,0.5627182205433877,gpu_hist,COMPLETE
831,0.314854969466517,0.11660448301729247,0.9998659194325108,rmse,3.5587928923586345,0.003039009218425661,17,7,reg:squarederror,0.5821871230586569,gpu_hist,COMPLETE
832,0.34508588366209675,0.26020558873635613,0.9761016593116151,rmse,2.5311092138150872,0.016736765520429908,17,6,reg:squarederror,0.5013283812496189,gpu_hist,COMPLETE
833,0.43166739887628425,1.1815156932404065,0.9321190447296027,rmse,1.7900224421763538,0.0038884073519701167,3,12,reg:squarederror,0.5110010626091371,gpu_hist,COMPLETE
834,0.4768644925849644,0.18303958082309096,0.9483907946241429,rmse,3.06182077977412,0.004258388038545491,17,185,reg:squarederror,0.5248172405976443,gpu_hist,COMPLETE
835,0.30990447567142,0.1478712068570369,0.9658072685302397,rmse,2.2526119738841164,0.003462414637113211,17,1,reg:squarederror,0.5917773568348114,gpu_hist,COMPLETE
836,0.31265682847302106,0.1264080158071319,0.9876579115104666,rmse,4.028880692915808,0.003266168747962491,17,1,reg:squarederror,0.5925210705870053,gpu_hist,COMPLETE
837,0.32496495609956666,0.09310852187920109,0.9718515435722653,rmse,2.531766874507353,0.003082168229899591,17,16,reg:squarederror,0.6028346665960977,gpu_hist,COMPLETE
838,0.3189558114169564,0.14973683897734316,0.9992448789103562,rmse,3.0868620722353888,0.006301267435064026,17,7,reg:squarederror,0.615401959378113,gpu_hist,COMPLETE
839,0.31776610534848837,0.13902736222824422,0.9668231005104738,rmse,2.2663303725007324,0.0034765849031300777,17,10,reg:squarederror,0.5951684270660366,gpu_hist,COMPLETE
840,0.31442278832464005,0.16905435550177822,0.9867798972401179,rmse,2.713261984895309,0.0028965022030993646,17,7,reg:squarederror,0.6204624816204749,gpu_hist,COMPLETE
841,0.31186512823161855,0.10725356372528079,0.9768598117573205,rmse,2.195753532189365,0.0054886631136479265,17,1,reg:squarederror,0.578745422477309,gpu_hist,COMPLETE
842,0.42124896133536804,0.20845533509086145,0.37906587482258197,rmse,3.7629470366651026,0.07409429541172863,17,15,reg:squarederror,0.5908980474057214,gpu_hist,COMPLETE
843,0.3125246847785033,0.14123356278122845,0.9585679845896233,rmse,1.705438294731238,0.003618999604799071,17,6,reg:squarederror,0.6111193830540307,gpu_hist,COMPLETE
844,0.3101715644946958,0.7497679178778665,0.9850159320259931,rmse,3.1203659654997606,0.0048409620170680664,17,1,reg:squarederror,0.5811083191165909,gpu_hist,COMPLETE
845,0.3327448346335097,0.22607781731072776,0.9676699424974491,rmse,2.451709556019819,0.003948453393803171,17,23,reg:squarederror,0.5684604858629679,gpu_hist,COMPLETE
846,0.3205183073142991,0.16619322076974494,0.9437061301365329,rmse,1.5403641132987118,0.0032882593725726086,17,12,reg:squarederror,0.5937469625060485,gpu_hist,COMPLETE
847,0.3201603714374089,0.11458107855486467,0.9626182140032923,rmse,0.010033939067181955,0.004345515542442853,17,6,reg:squarederror,0.5809286999237574,gpu_hist,COMPLETE
848,0.31364695788375624,0.19036035017406142,0.9876762075675511,rmse,0.34677915529356973,0.0037260979183717812,17,1,reg:squarederror,0.6078721160351837,gpu_hist,COMPLETE
849,0.32767595966859997,0.13840667510880417,0.9292452183762719,rmse,1.9571024727554838,0.0034184113731352502,9,11,reg:squarederror,0.5597151108044695,gpu_hist,COMPLETE
850,0.3345753116511052,0.22012892636545958,0.9783043846028797,rmse,3.526535215858594,0.011955533876291677,17,19,reg:squarederror,0.5704292627751295,gpu_hist,COMPLETE
851,0.31787655634861306,0.3193221931083453,0.9531318182537503,rmse,2.6866438362324403,0.005153305264692079,17,7,reg:squarederror,0.5921199894184935,gpu_hist,COMPLETE
852,0.31351141062975324,0.09459296779670293,0.9726410107341309,rmse,2.247309601044608,0.00411569312711343,17,6,reg:squarederror,0.5990960328087264,gpu_hist,COMPLETE
853,0.5168425609403186,0.26220045615408605,0.9413410332608373,rmse,4.769516994388512,0.003021730046998945,17,258,reg:squarederror,0.5486643136439477,gpu_hist,COMPLETE
854,0.36539459696714904,0.1737920691633773,0.9602166381083395,rmse,1.959211269941317,0.0045665143261493825,5,1,reg:squarederror,0.5787147129431028,gpu_hist,COMPLETE
855,0.3357995382621815,0.4359044286336896,0.5179691948382843,rmse,2.79968245329594,0.0037539805714745934,17,13,reg:squarederror,0.5601924805441345,gpu_hist,COMPLETE
856,0.3107993471014103,0.9473884733707986,0.9853248812932599,rmse,1.5486084642527755,0.004130390291815731,17,1,reg:squarederror,0.5695695330538001,gpu_hist,COMPLETE
857,0.3200126734673735,0.1229994250699097,0.9241325108164258,rmse,3.24419990092403,0.003423274113488203,17,11,reg:squarederror,0.5839714099713685,gpu_hist,COMPLETE
858,0.3268407821867431,0.15209912671743844,0.9708249932935246,rmse,2.2443266316798254,0.004373309138391657,17,17,reg:squarederror,0.6167648340556414,gpu_hist,COMPLETE
859,0.3142215756947681,0.20056181295085487,0.9502188811591038,rmse,6.358728415694864,0.003778962954686335,11,7,reg:squarederror,0.9826089301457681,gpu_hist,COMPLETE
860,0.3111554763412295,2.651212665871661,0.9893252480367211,rmse,3.864564242527174,0.004977927748871075,17,1,reg:squarederror,0.5994263351744681,gpu_hist,COMPLETE
861,0.315093109988054,0.5147018429262545,0.9608989927590748,rmse,1.859138044590091,0.0031172361896057515,17,7,reg:squarederror,0.5528571665156103,gpu_hist,COMPLETE
862,0.3217382587042966,0.0761166325716295,0.999075973868156,rmse,2.6100684312737337,0.003465507085410769,17,14,reg:squarederror,0.6249979676241821,gpu_hist,COMPLETE
863,0.3152108489724441,0.2385873710925613,0.9393603932711059,rmse,1.584417274041481,0.003953623293571237,17,6,reg:squarederror,0.5696092283180616,gpu_hist,COMPLETE
864,0.33510435707285363,0.1718233819740697,0.9791574345212944,rmse,3.1496526563502756,0.0027524624883506045,7,1,reg:squarederror,0.5839644868367407,gpu_hist,COMPLETE
865,0.33516939525949224,0.28985811651761556,0.5737889371533799,rmse,2.2416334455598963,0.004459213674359443,20,11,reg:squarederror,0.5381942839531253,gpu_hist,COMPLETE
866,0.33324113657022025,1.3590655164795504,0.9996257613941835,rmse,1.9051477537440102,0.003672113898856638,17,26,reg:squarederror,0.6049457454471259,gpu_hist,COMPLETE
867,0.4285383057431239,0.37995788084689575,0.9673269668818434,rmse,2.675066321333816,0.004000904936532376,3,17,reg:squarederror,0.5581020268860698,gpu_hist,COMPLETE
868,0.3136098406554587,0.12207269727736274,0.9233545438434972,rmse,4.231763350647365,0.0033692535262906218,17,6,reg:squarederror,0.5864753108007694,gpu_hist,COMPLETE
869,0.3102883221143091,0.09631493065022831,0.9472391327071772,rmse,2.3085032603568996,0.004702280937329344,17,1,reg:squarederror,0.5717112227926046,gpu_hist,COMPLETE
870,0.32085608415999894,0.14502080084878374,0.9806005167913646,rmse,1.485395843279019,0.004115053073452464,17,10,reg:squarederror,0.5463446266037612,gpu_hist,COMPLETE
871,0.31909174695267256,0.6482567873101918,0.959779693185854,rmse,3.3141790629710086,0.005599436175948627,17,7,reg:squarederror,0.6017972408491077,gpu_hist,COMPLETE
872,0.32960917671110607,0.2040954174758033,0.9732848340535666,rmse,1.8555284675033663,0.0029948309464094473,17,20,reg:squarederror,0.5599365627841618,gpu_hist,COMPLETE
873,0.31699579251153365,0.1696653407654758,0.9377594880499901,rmse,2.711595343834897,0.0036761314141554955,9,1,reg:squarederror,0.5875326794017024,gpu_hist,COMPLETE
874,0.32255653712095567,0.25979013541774065,0.9503206611245224,rmse,2.1462024073318147,0.003283248057858887,17,12,reg:squarederror,0.5397369235693706,gpu_hist,COMPLETE
875,0.3484099282169041,1.7544848040257566,0.999813135260723,rmse,2.9574113365546935,0.004368028184899793,17,44,reg:squarederror,0.5760276055615572,gpu_hist,COMPLETE
876,0.3171950826818653,0.10880525248123857,0.9641332108269167,rmse,3.6298520860899,0.00506727505855725,17,6,reg:squarederror,0.551001263194215,gpu_hist,COMPLETE
877,0.4154546639804703,0.31777369004830036,0.9878915071183993,rmse,0.02325615172835487,0.0012574541114629414,17,1,reg:squarederror,0.610827393557623,gpu_hist,COMPLETE
878,0.3257014599168588,0.14139670165772397,0.9319411788993093,rmse,2.368566738980957,0.003926359220030604,17,15,reg:squarederror,0.568365839550036,gpu_hist,COMPLETE
879,0.3693675165478813,0.22784257784623677,0.9723074687938817,rmse,1.7906499512872804,0.0036285207709855632,5,7,reg:squarederror,0.5300373683246893,gpu_hist,COMPLETE
880,0.3222926466400062,0.18345247258579894,0.9526138458388118,rmse,1.4730545733887725,0.004598519800256638,17,11,reg:squarederror,0.5922329527370944,gpu_hist,COMPLETE
881,0.3108389668697252,0.12639521376132373,0.9237992960091497,rmse,2.9229892268192827,0.003204753155694852,17,1,reg:squarederror,0.6272758793055015,gpu_hist,COMPLETE
882,0.3172189737974174,0.44162648373036445,0.9861931116873814,rmse,2.100273288086726,0.004150309317245037,17,7,reg:squarederror,0.5602469100680749,gpu_hist,COMPLETE
883,0.3810529054029479,2.2518923878870227,0.9647496033025835,rmse,5.100214976994855,0.003529792808396337,17,80,reg:squarederror,0.5812068819290696,gpu_hist,COMPLETE
884,0.3829133438138855,1.1211282912270653,0.9789063018136893,rmse,2.492282634729801,0.058266161640160144,11,21,reg:squarederror,0.7246941361282027,gpu_hist,COMPLETE
885,0.321060798341401,0.07904591405336468,0.9456284153668894,rmse,3.6245485526266905,0.003950533101790133,17,12,reg:squarederror,0.5966105000394407,gpu_hist,COMPLETE
886,0.3135814719741067,0.15815993107798929,0.957543369003351,rmse,1.8028046074712305,0.002855394188517836,17,1,reg:squarederror,0.5388743234517084,gpu_hist,COMPLETE
887,0.31599227768928156,0.22820370127815298,0.975360445935657,rmse,2.9511910620875685,0.004791031752249582,17,6,reg:squarederror,0.5741621217960801,gpu_hist,COMPLETE
888,0.3261089763104572,0.5355442740795362,0.9373628247729914,rmse,2.1786785410729586,0.004312715101658666,17,15,reg:squarederror,0.5523405674110959,gpu_hist,COMPLETE
889,0.3147959109516718,0.19788421307221252,0.9999083112751743,rmse,1.4614442233261966,0.0035721879784624206,17,6,reg:squarederror,0.5631935644062239,gpu_hist,COMPLETE
890,0.33335720289790954,0.8097972952274461,0.9859976579079736,rmse,4.352756383044161,0.007101730829348384,7,1,reg:squarederror,0.6153419106758306,gpu_hist,COMPLETE
891,0.33388675393725054,0.30307803921888576,0.592105801739452,rmse,2.601897159590176,0.0031803760766521776,17,11,reg:squarederror,0.5861011882606866,gpu_hist,COMPLETE
892,0.31335414023300145,0.10183349734045022,0.9616239083176452,rmse,1.7389677835907658,0.0039646752960383076,20,6,reg:squarederror,0.6019341989742821,gpu_hist,COMPLETE
893,0.4180279167829161,0.14087692518672473,0.9178234977603523,rmse,3.310960548864608,0.005337378252780001,3,17,reg:squarederror,0.5466217995857715,gpu_hist,COMPLETE
894,0.31116323716350763,0.3663499984521322,0.9714882060387038,rmse,2.081454064582378,0.004393393054825217,17,1,reg:squarederror,0.5281221458510631,gpu_hist,COMPLETE
895,0.32067853680874275,1.5853817501047278,0.9508633602191173,rmse,2.4974772804327428,0.003675350899012995,17,11,reg:squarederror,0.5681730027410373,gpu_hist,COMPLETE
896,0.31756574974739593,0.25251681367450923,0.9365381164534432,rmse,1.6647885696762392,0.0033553739801676498,17,7,reg:squarederror,0.49602816906708974,gpu_hist,COMPLETE
897,0.315328838477284,0.1650296720571104,0.9866399606664215,rmse,2.979011599858642,0.004753622818450357,17,6,reg:squarederror,0.5808365155805815,gpu_hist,COMPLETE
898,0.31014711282839497,0.06565883731405553,0.9673942749013321,rmse,2.1308361134442584,0.0038965465746243553,17,1,reg:squarederror,0.5953083894628826,gpu_hist,COMPLETE
899,0.3369880576864668,0.19714740962939534,0.952027502623459,rmse,3.8869047589876295,0.0029406659520931767,9,22,reg:squarederror,0.53536353932784,gpu_hist,COMPLETE
900,0.3242856404931803,0.1180130848987646,0.923105578707862,rmse,2.462237111506388,0.0043308593996758135,17,12,reg:squarederror,0.5222266998620403,gpu_hist,COMPLETE
901,0.3208269108332376,0.0858238485029805,0.9738013670363533,rmse,1.9474962438677885,0.0024270108886156774,17,1,reg:squarederror,0.5523197636959216,gpu_hist,COMPLETE
902,0.32438819876311203,0.2772658318812091,0.9872826193629772,rmse,1.4011493545659395,0.003400260891004074,17,17,reg:squarederror,0.6084016698480834,gpu_hist,COMPLETE
903,0.3266353637259165,0.14514466869472067,0.9610055310742543,rmse,0.0146986963614361,0.006029874505761828,17,10,reg:squarederror,0.5747924131068072,gpu_hist,COMPLETE
904,0.36856925351566605,0.193329999747402,0.942175687260301,rmse,3.168169658401791,0.0038243785259693503,5,6,reg:squarederror,0.5166182118893743,gpu_hist,COMPLETE
905,0.4381879494174111,0.9915888494242266,0.9780265044216844,rmse,2.625293585241982,0.004238022779390382,17,147,reg:squarederror,0.5604038498726134,gpu_hist,COMPLETE
906,0.31685738227360905,0.397356063377433,0.9994805282060989,rmse,1.6862432904995257,0.0026143268241552707,17,1,reg:squarederror,0.5938047874705474,gpu_hist,COMPLETE
907,0.3293320437538993,1.307137091899005,0.6682796148125745,rmse,2.165398489708578,0.004921825352511162,17,11,reg:squarederror,0.5444674345805764,gpu_hist,COMPLETE
908,0.3353822965236375,0.12139533317854427,0.9514204172813726,rmse,3.6040799945609554,0.0031372674038386535,17,27,reg:squarederror,0.5834624812605946,gpu_hist,COMPLETE
909,0.3205777341870767,0.5884874119465473,0.9253189589921939,rmse,2.7870779308243296,0.0036286509500747894,11,7,reg:squarederror,0.4913935429205005,gpu_hist,COMPLETE
