Trial 335 finished with value: 0.12632009102722727 and parameters: {'objective': 'reg:squarederror', 'tree_method': 'gpu_hist', 'lambda': 7.140391632000886, 'alpha': 0.6007719677717798, 'colsample_bytree': 0.7059907353813765, 'subsample': 0.5882787864888901, 'learning_rate': 0.010587075753979356, 'max_depth': 20, 'min_child_weight': 26, 'eval_metric': 'rmse'}. Best is trial 233 with value: 0.12306412059147159.
start listen on 192.168.1.101:45113
@tracker All of 1 nodes getting started
@tracker All nodes finishes job
Trial 336 finished with value: 0.12383220551161561 and parameters: {'objective': 'reg:squarederror', 'tree_method': 'gpu_hist', 'lambda': 9.797379725796983, 'alpha': 1.2660108388092077, 'colsample_bytree': 0.6930936304003329, 'subsample': 0.5757463073263117, 'learning_rate': 0.009727959217265776, 'max_depth': 20, 'min_child_weight': 6, 'eval_metric': 'rmse'}. Best is trial 233 with value: 0.12306412059147159.
start listen on 192.168.1.101:55865
@tracker All of 1 nodes getting started
@tracker All nodes finishes job
Trial 337 finished with value: 0.12412763886019161 and parameters: {'objective': 'reg:squarederror', 'tree_method': 'gpu_hist', 'lambda': 5.970041476432882, 'alpha': 0.8168674541384153, 'colsample_bytree': 0.7318346461301546, 'subsample': 0.6001877515350591, 'learning_rate': 0.01130060108821169, 'max_depth': 20, 'min_child_weight': 18, 'eval_metric': 'rmse'}. Best is trial 233 with value: 0.12306412059147159.
start listen on 192.168.1.101:37297
@tracker All of 1 nodes getting started
@tracker All nodes finishes job
Trial 338 finished with value: 0.12324266937746313 and parameters: {'objective': 'reg:squarederror', 'tree_method': 'gpu_hist', 'lambda': 9.942872258380078, 'alpha': 0.5264258472282574, 'colsample_bytree': 0.6637764813278288, 'subsample': 0.620931389700608, 'learning_rate': 0.014165645348914117, 'max_depth': 20, 'min_child_weight': 10, 'eval_metric': 'rmse'}. Best is trial 233 with value: 0.12306412059147159.
start listen on 192.168.1.101:51875
@tracker All of 1 nodes getting started
@tracker All nodes finishes job
Trial 339 finished with value: 0.12416332636187574 and parameters: {'objective': 'reg:squarederror', 'tree_method': 'gpu_hist', 'lambda': 7.4220422629714555, 'alpha': 0.5175907747776367, 'colsample_bytree': 0.6315880606518431, 'subsample': 0.6400085955388528, 'learning_rate': 0.014646186160829387, 'max_depth': 17, 'min_child_weight': 1, 'eval_metric': 'rmse'}. Best is trial 233 with value: 0.12306412059147159.
start listen on 192.168.1.101:33163
@tracker All of 1 nodes getting started
@tracker All nodes finishes job
Trial 340 finished with value: 0.12524781028403378 and parameters: {'objective': 'reg:squarederror', 'tree_method': 'gpu_hist', 'lambda': 0.6700783027250795, 'alpha': 0.29726022280515013, 'colsample_bytree': 0.6790187123086396, 'subsample': 0.6281728734278469, 'learning_rate': 0.014141953859240422, 'max_depth': 20, 'min_child_weight': 11, 'eval_metric': 'rmse'}. Best is trial 233 with value: 0.12306412059147159.
start listen on 192.168.1.101:35199
@tracker All of 1 nodes getting started
@tracker All nodes finishes job
Trial 341 finished with value: 0.13784184289662016 and parameters: {'objective': 'reg:squarederror', 'tree_method': 'gpu_hist', 'lambda': 9.880847420947852, 'alpha': 0.5052489882448749, 'colsample_bytree': 0.6586818776671383, 'subsample': 0.6166470255922323, 'learning_rate': 0.00892913451121904, 'max_depth': 20, 'min_child_weight': 66, 'eval_metric': 'rmse'}. Best is trial 233 with value: 0.12306412059147159.
start listen on 192.168.1.101:42181
@tracker All of 1 nodes getting started
@tracker All nodes finishes job
Trial 342 finished with value: 0.1250130011124679 and parameters: {'objective': 'reg:squarederror', 'tree_method': 'gpu_hist', 'lambda': 4.22176917561271, 'alpha': 0.6452972692276715, 'colsample_bytree': 0.649279381844427, 'subsample': 0.6217170701657915, 'learning_rate': 0.015814792614829116, 'max_depth': 20, 'min_child_weight': 6, 'eval_metric': 'rmse'}. Best is trial 233 with value: 0.12306412059147159.
start listen on 192.168.1.101:51535
@tracker All of 1 nodes getting started
@tracker All nodes finishes job
Trial 343 finished with value: 0.12524615907611894 and parameters: {'objective': 'reg:squarederror', 'tree_method': 'gpu_hist', 'lambda': 8.450818493036497, 'alpha': 0.49118190448018656, 'colsample_bytree': 0.6596098281844238, 'subsample': 0.9501116878056561, 'learning_rate': 0.007827737482592115, 'max_depth': 20, 'min_child_weight': 20, 'eval_metric': 'rmse'}. Best is trial 233 with value: 0.12306412059147159.
start listen on 192.168.1.101:54217
@tracker All of 1 nodes getting started
@tracker All nodes finishes job
Trial 344 finished with value: 0.1281125499690395 and parameters: {'objective': 'reg:squarederror', 'tree_method': 'gpu_hist', 'lambda': 0.29088321541279694, 'alpha': 0.3492666085895481, 'colsample_bytree': 0.6720309312302528, 'subsample': 0.6085899985679808, 'learning_rate': 0.010387714615570202, 'max_depth': 5, 'min_child_weight': 9, 'eval_metric': 'rmse'}. Best is trial 233 with value: 0.12306412059147159.
start listen on 192.168.1.101:46975
@tracker All of 1 nodes getting started
@tracker All nodes finishes job
Trial 345 finished with value: 0.12434841305316083 and parameters: {'objective': 'reg:squarederror', 'tree_method': 'gpu_hist', 'lambda': 5.216615423770201, 'alpha': 0.5843217623066557, 'colsample_bytree': 0.6876990840324602, 'subsample': 0.6313725215554061, 'learning_rate': 0.012076916565127662, 'max_depth': 20, 'min_child_weight': 1, 'eval_metric': 'rmse'}. Best is trial 233 with value: 0.12306412059147159.
start listen on 192.168.1.101:52691
@tracker All of 1 nodes getting started
@tracker All nodes finishes job
Trial 346 finished with value: 0.12502485931294438 and parameters: {'objective': 'reg:squarederror', 'tree_method': 'gpu_hist', 'lambda': 6.817431840382626, 'alpha': 1.465737092868867, 'colsample_bytree': 0.705415332886668, 'subsample': 0.5825616279812976, 'learning_rate': 0.009607436913689565, 'max_depth': 20, 'min_child_weight': 16, 'eval_metric': 'rmse'}. Best is trial 233 with value: 0.12306412059147159.
start listen on 192.168.1.101:34485
@tracker All of 1 nodes getting started
@tracker All nodes finishes job
Trial 347 finished with value: 0.16665528013504932 and parameters: {'objective': 'reg:squarederror', 'tree_method': 'gpu_hist', 'lambda': 8.411258780718269, 'alpha': 0.790759365310848, 'colsample_bytree': 0.7689265840604488, 'subsample': 0.6116428676546809, 'learning_rate': 0.010965432151662634, 'max_depth': 20, 'min_child_weight': 186, 'eval_metric': 'rmse'}. Best is trial 233 with value: 0.12306412059147159.
start listen on 192.168.1.101:57097
@tracker All of 1 nodes getting started
@tracker All nodes finishes job
Trial 348 finished with value: 0.13280416961240132 and parameters: {'objective': 'reg:squarederror', 'tree_method': 'gpu_hist', 'lambda': 6.382423231347906, 'alpha': 0.6911914842039772, 'colsample_bytree': 0.740463274636566, 'subsample': 0.6465504012669628, 'learning_rate': 0.013172053039535841, 'max_depth': 3, 'min_child_weight': 10, 'eval_metric': 'rmse'}. Best is trial 233 with value: 0.12306412059147159.
start listen on 192.168.1.101:58951
@tracker All of 1 nodes getting started
@tracker All nodes finishes job
Trial 349 finished with value: 0.12346676821113349 and parameters: {'objective': 'reg:squarederror', 'tree_method': 'gpu_hist', 'lambda': 9.74018641257978, 'alpha': 1.0375340205630807, 'colsample_bytree': 0.7167619202300085, 'subsample': 0.5959657820082148, 'learning_rate': 0.009024135526853683, 'max_depth': 20, 'min_child_weight': 6, 'eval_metric': 'rmse'}. Best is trial 233 with value: 0.12306412059147159.
start listen on 192.168.1.101:56061
@tracker All of 1 nodes getting started
@tracker All nodes finishes job
Trial 350 finished with value: 0.12429723655418502 and parameters: {'objective': 'reg:squarederror', 'tree_method': 'gpu_hist', 'lambda': 9.562985835836276, 'alpha': 1.7467493169724704, 'colsample_bytree': 0.6850393579083907, 'subsample': 0.5926899741231172, 'learning_rate': 0.008484753451657617, 'max_depth': 20, 'min_child_weight': 6, 'eval_metric': 'rmse'}. Best is trial 233 with value: 0.12306412059147159.
start listen on 192.168.1.101:53801
@tracker All of 1 nodes getting started
@tracker All nodes finishes job
Trial 351 finished with value: 0.12464174850252178 and parameters: {'objective': 'reg:squarederror', 'tree_method': 'gpu_hist', 'lambda': 9.986117533013347, 'alpha': 1.1059562704872845, 'colsample_bytree': 0.7117604683931134, 'subsample': 0.5654728743957073, 'learning_rate': 0.0072618675604121385, 'max_depth': 20, 'min_child_weight': 5, 'eval_metric': 'rmse'}. Best is trial 233 with value: 0.12306412059147159.
start listen on 192.168.1.101:35087
@tracker All of 1 nodes getting started
@tracker All nodes finishes job
Trial 352 finished with value: 0.12410264061766801 and parameters: {'objective': 'reg:squarederror', 'tree_method': 'gpu_hist', 'lambda': 7.687109754933177, 'alpha': 1.4573446330760913, 'colsample_bytree': 0.6942928184956592, 'subsample': 0.620546139452354, 'learning_rate': 0.009027476787880462, 'max_depth': 20, 'min_child_weight': 1, 'eval_metric': 'rmse'}. Best is trial 233 with value: 0.12306412059147159.
start listen on 192.168.1.101:54489
@tracker All of 1 nodes getting started
@tracker All nodes finishes job
Trial 353 finished with value: 0.12404485593824743 and parameters: {'objective': 'reg:squarederror', 'tree_method': 'gpu_hist', 'lambda': 8.392465469845504, 'alpha': 1.0631315230167857, 'colsample_bytree': 0.714961202494575, 'subsample': 0.5819308350814132, 'learning_rate': 0.011846580367335394, 'max_depth': 20, 'min_child_weight': 15, 'eval_metric': 'rmse'}. Best is trial 233 with value: 0.12306412059147159.
start listen on 192.168.1.101:56621
@tracker All of 1 nodes getting started
@tracker All nodes finishes job
Trial 354 finished with value: 0.12668250353079896 and parameters: {'objective': 'reg:squarederror', 'tree_method': 'gpu_hist', 'lambda': 1.0285521300310934, 'alpha': 0.4232831018463938, 'colsample_bytree': 0.674789511089411, 'subsample': 0.596159046618967, 'learning_rate': 0.014208661776063227, 'max_depth': 17, 'min_child_weight': 30, 'eval_metric': 'rmse'}. Best is trial 233 with value: 0.12306412059147159.
start listen on 192.168.1.101:49943
@tracker All of 1 nodes getting started
@tracker All nodes finishes job
Trial 355 finished with value: 0.1891158153848074 and parameters: {'objective': 'reg:squarederror', 'tree_method': 'gpu_hist', 'lambda': 9.904467029092665, 'alpha': 2.512958436452664, 'colsample_bytree': 0.6425260062259663, 'subsample': 0.6068487031140597, 'learning_rate': 0.05706953997437488, 'max_depth': 11, 'min_child_weight': 300, 'eval_metric': 'rmse'}. Best is trial 233 with value: 0.12306412059147159.
start listen on 192.168.1.101:53231
@tracker All of 1 nodes getting started
@tracker All nodes finishes job
Trial 356 finished with value: 0.12602917523121424 and parameters: {'objective': 'reg:squarederror', 'tree_method': 'gpu_hist', 'lambda': 6.13112793706196, 'alpha': 1.2980112580202727, 'colsample_bytree': 0.7006592785882957, 'subsample': 0.631425802377379, 'learning_rate': 0.008164476659798643, 'max_depth': 20, 'min_child_weight': 21, 'eval_metric': 'rmse'}. Best is trial 233 with value: 0.12306412059147159.
start listen on 192.168.1.101:33013
@tracker All of 1 nodes getting started
@tracker All nodes finishes job
Trial 357 finished with value: 0.1252768151717441 and parameters: {'objective': 'reg:squarederror', 'tree_method': 'gpu_hist', 'lambda': 0.18699636433124933, 'alpha': 0.900685062581732, 'colsample_bytree': 0.7223506804655574, 'subsample': 0.5499298998895522, 'learning_rate': 0.00959698910196408, 'max_depth': 20, 'min_child_weight': 11, 'eval_metric': 'rmse'}. Best is trial 233 with value: 0.12306412059147159.
start listen on 192.168.1.101:53285
@tracker All of 1 nodes getting started
@tracker All nodes finishes job
Trial 358 finished with value: 0.12361293324756943 and parameters: {'objective': 'reg:squarederror', 'tree_method': 'gpu_hist', 'lambda': 7.566443237289363, 'alpha': 0.3281859523375867, 'colsample_bytree': 0.7331886554249004, 'subsample': 0.6150337700507815, 'learning_rate': 0.01085841911914773, 'max_depth': 20, 'min_child_weight': 6, 'eval_metric': 'rmse'}. Best is trial 233 with value: 0.12306412059147159.
start listen on 192.168.1.101:36847
@tracker All of 1 nodes getting started
@tracker All nodes finishes job
Trial 359 finished with value: 0.12546204529240904 and parameters: {'objective': 'reg:squarederror', 'tree_method': 'gpu_hist', 'lambda': 9.992170707006625, 'alpha': 0.5869377673257218, 'colsample_bytree': 0.6650503242698297, 'subsample': 0.5771656447719806, 'learning_rate': 0.012781128521128527, 'max_depth': 7, 'min_child_weight': 16, 'eval_metric': 'rmse'}. Best is trial 233 with value: 0.12306412059147159.
start listen on 192.168.1.101:60899
@tracker All of 1 nodes getting started
@tracker All nodes finishes job
Trial 360 finished with value: 0.1273342674407339 and parameters: {'objective': 'reg:squarederror', 'tree_method': 'gpu_hist', 'lambda': 5.330341564411937, 'alpha': 0.005120399622589526, 'colsample_bytree': 0.6209097000493248, 'subsample': 0.6009646232588267, 'learning_rate': 0.00886253195437986, 'max_depth': 20, 'min_child_weight': 24, 'eval_metric': 'rmse'}. Best is trial 233 with value: 0.12306412059147159.
start listen on 192.168.1.101:51459
@tracker All of 1 nodes getting started
@tracker All nodes finishes job
Trial 361 finished with value: 0.12412106416965693 and parameters: {'objective': 'reg:squarederror', 'tree_method': 'gpu_hist', 'lambda': 7.312309055547559, 'alpha': 0.9700140540302314, 'colsample_bytree': 0.751793787214385, 'subsample': 0.5904605887576524, 'learning_rate': 0.011677328476891964, 'max_depth': 20, 'min_child_weight': 1, 'eval_metric': 'rmse'}. Best is trial 233 with value: 0.12306412059147159.
start listen on 192.168.1.101:60611
@tracker All of 1 nodes getting started
@tracker All nodes finishes job
Trial 362 finished with value: 0.12308689503417018 and parameters: {'objective': 'reg:squarederror', 'tree_method': 'gpu_hist', 'lambda': 8.352563311838804, 'alpha': 1.1446285112973016, 'colsample_bytree': 0.7046211179778487, 'subsample': 0.6187948226607825, 'learning_rate': 0.015580334892304917, 'max_depth': 20, 'min_child_weight': 11, 'eval_metric': 'rmse'}. Best is trial 233 with value: 0.12306412059147159.
start listen on 192.168.1.101:36031
@tracker All of 1 nodes getting started
@tracker All nodes finishes job
Trial 363 finished with value: 0.1234293465764518 and parameters: {'objective': 'reg:squarederror', 'tree_method': 'gpu_hist', 'lambda': 6.305651550022077, 'alpha': 1.9810701790239909, 'colsample_bytree': 0.6873333891179091, 'subsample': 0.6387810071733353, 'learning_rate': 0.015877198933237413, 'max_depth': 20, 'min_child_weight': 15, 'eval_metric': 'rmse'}. Best is trial 233 with value: 0.12306412059147159.
start listen on 192.168.1.101:45081
@tracker All of 1 nodes getting started
@tracker All nodes finishes job
Trial 364 finished with value: 0.2386548015253056 and parameters: {'objective': 'reg:squarederror', 'tree_method': 'gpu_hist', 'lambda': 3.7804172308023554, 'alpha': 2.5623170547096232, 'colsample_bytree': 0.6856107332566912, 'subsample': 0.6538625136850058, 'learning_rate': 0.0010637683776901663, 'max_depth': 20, 'min_child_weight': 19, 'eval_metric': 'rmse'}. Best is trial 233 with value: 0.12306412059147159.
start listen on 192.168.1.101:42419
@tracker All of 1 nodes getting started
@tracker All nodes finishes job
Trial 365 finished with value: 0.12333990302889301 and parameters: {'objective': 'reg:squarederror', 'tree_method': 'gpu_hist', 'lambda': 4.811654438624265, 'alpha': 1.8174248862864701, 'colsample_bytree': 0.6967132047834982, 'subsample': 0.6385579367762394, 'learning_rate': 0.01558628201196998, 'max_depth': 20, 'min_child_weight': 13, 'eval_metric': 'rmse'}. Best is trial 233 with value: 0.12306412059147159.
start listen on 192.168.1.101:41093
@tracker All of 1 nodes getting started
@tracker All nodes finishes job
Trial 366 finished with value: 0.12505370680153677 and parameters: {'objective': 'reg:squarederror', 'tree_method': 'gpu_hist', 'lambda': 4.545181827309778, 'alpha': 1.8848469215864605, 'colsample_bytree': 0.6727757993990073, 'subsample': 0.6412905749547656, 'learning_rate': 0.01700322345647315, 'max_depth': 20, 'min_child_weight': 27, 'eval_metric': 'rmse'}. Best is trial 233 with value: 0.12306412059147159.
start listen on 192.168.1.101:32935
@tracker All of 1 nodes getting started
@tracker All nodes finishes job
Trial 367 finished with value: 0.12350165358665963 and parameters: {'objective': 'reg:squarederror', 'tree_method': 'gpu_hist', 'lambda': 5.163559254570586, 'alpha': 2.917198771383747, 'colsample_bytree': 0.6950786336752421, 'subsample': 0.6418888348547526, 'learning_rate': 0.015777998838425636, 'max_depth': 20, 'min_child_weight': 15, 'eval_metric': 'rmse'}. Best is trial 233 with value: 0.12306412059147159.
start listen on 192.168.1.101:55967
@tracker All of 1 nodes getting started
@tracker All nodes finishes job
Trial 368 finished with value: 0.14988327756733516 and parameters: {'objective': 'reg:squarederror', 'tree_method': 'gpu_hist', 'lambda': 4.280866118021997, 'alpha': 3.7558192158258588, 'colsample_bytree': 0.7003432889453236, 'subsample': 0.6320171724285594, 'learning_rate': 0.002184383430848814, 'max_depth': 20, 'min_child_weight': 22, 'eval_metric': 'rmse'}. Best is trial 233 with value: 0.12306412059147159.
start listen on 192.168.1.101:52341
@tracker All of 1 nodes getting started
@tracker All nodes finishes job
Trial 369 finished with value: 0.12408446117268951 and parameters: {'objective': 'reg:squarederror', 'tree_method': 'gpu_hist', 'lambda': 5.903652894545623, 'alpha': 1.773290294347772, 'colsample_bytree': 0.6635721552959404, 'subsample': 0.6560943936726714, 'learning_rate': 0.015987794997645056, 'max_depth': 20, 'min_child_weight': 13, 'eval_metric': 'rmse'}. Best is trial 233 with value: 0.12306412059147159.
start listen on 192.168.1.101:59119
@tracker All of 1 nodes getting started
@tracker All nodes finishes job
Trial 370 finished with value: 0.12661979665638778 and parameters: {'objective': 'reg:squarederror', 'tree_method': 'gpu_hist', 'lambda': 6.199063208959293, 'alpha': 1.9509924352991928, 'colsample_bytree': 0.6834121782604289, 'subsample': 0.624773100639968, 'learning_rate': 0.01902715224271711, 'max_depth': 20, 'min_child_weight': 34, 'eval_metric': 'rmse'}. Best is trial 233 with value: 0.12306412059147159.
start listen on 192.168.1.101:45217
@tracker All of 1 nodes getting started
@tracker All nodes finishes job
Trial 371 finished with value: 0.12432527089389102 and parameters: {'objective': 'reg:squarederror', 'tree_method': 'gpu_hist', 'lambda': 5.384485495936278, 'alpha': 1.488737690603677, 'colsample_bytree': 0.7065037843700859, 'subsample': 0.6396278013503808, 'learning_rate': 0.015165411282507094, 'max_depth': 20, 'min_child_weight': 19, 'eval_metric': 'rmse'}. Best is trial 233 with value: 0.12306412059147159.
start listen on 192.168.1.101:38049
@tracker All of 1 nodes getting started
@tracker All nodes finishes job
Trial 372 finished with value: 0.12298536904460573 and parameters: {'objective': 'reg:squarederror', 'tree_method': 'gpu_hist', 'lambda': 6.3314262789049955, 'alpha': 2.08066521624118, 'colsample_bytree': 0.6894496683320543, 'subsample': 0.619858551718168, 'learning_rate': 0.016693763396181983, 'max_depth': 20, 'min_child_weight': 11, 'eval_metric': 'rmse'}. Best is trial 372 with value: 0.12298536904460573.
start listen on 192.168.1.101:56955
@tracker All of 1 nodes getting started
@tracker All nodes finishes job
Trial 373 finished with value: 0.1235896254475692 and parameters: {'objective': 'reg:squarederror', 'tree_method': 'gpu_hist', 'lambda': 3.6254259371768307, 'alpha': 2.1096594212495314, 'colsample_bytree': 0.7086741098746665, 'subsample': 0.6134995455773838, 'learning_rate': 0.016872306348130344, 'max_depth': 20, 'min_child_weight': 9, 'eval_metric': 'rmse'}. Best is trial 372 with value: 0.12298536904460573.
start listen on 192.168.1.101:58763
@tracker All of 1 nodes getting started
@tracker All nodes finishes job
Trial 374 finished with value: 0.12337803951434956 and parameters: {'objective': 'reg:squarederror', 'tree_method': 'gpu_hist', 'lambda': 4.725971893255419, 'alpha': 1.4608975646759184, 'colsample_bytree': 0.6988488370572931, 'subsample': 0.6240668040946792, 'learning_rate': 0.01765072149104071, 'max_depth': 20, 'min_child_weight': 10, 'eval_metric': 'rmse'}. Best is trial 372 with value: 0.12298536904460573.
start listen on 192.168.1.101:55017
@tracker All of 1 nodes getting started
@tracker All nodes finishes job
Trial 375 finished with value: 0.12503672434748195 and parameters: {'objective': 'reg:squarederror', 'tree_method': 'gpu_hist', 'lambda': 4.62374241965657, 'alpha': 2.1955248309363986, 'colsample_bytree': 0.6560582324993836, 'subsample': 0.6274268037144474, 'learning_rate': 0.0218111985153744, 'max_depth': 20, 'min_child_weight': 25, 'eval_metric': 'rmse'}. Best is trial 372 with value: 0.12298536904460573.
start listen on 192.168.1.101:37687
@tracker All of 1 nodes getting started
@tracker All nodes finishes job
Trial 376 finished with value: 0.12423620063836739 and parameters: {'objective': 'reg:squarederror', 'tree_method': 'gpu_hist', 'lambda': 3.3616330238759007, 'alpha': 1.4543714618693317, 'colsample_bytree': 0.6956641058296643, 'subsample': 0.6207001679854622, 'learning_rate': 0.017144493364501617, 'max_depth': 20, 'min_child_weight': 13, 'eval_metric': 'rmse'}. Best is trial 372 with value: 0.12298536904460573.
start listen on 192.168.1.101:58715
@tracker All of 1 nodes getting started
@tracker All nodes finishes job
