Trial 881 finished with value: 0.12298864256606777 and parameters: {'objective': 'reg:squarederror', 'tree_method': 'gpu_hist', 'lambda': 7.362436103891341, 'alpha': 1.3827982736781714, 'colsample_bytree': 0.6872969828087628, 'subsample': 0.6206862883044122, 'learning_rate': 0.014965436626404535, 'max_depth': 20, 'min_child_weight': 9, 'eval_metric': 'rmse'}. Best is trial 463 with value: 0.12284958614550846.
start listen on 192.168.1.101:49833
@tracker All of 1 nodes getting started
@tracker All nodes finishes job
Trial 882 finished with value: 0.12371784081304003 and parameters: {'objective': 'reg:squarederror', 'tree_method': 'gpu_hist', 'lambda': 6.092286354990954, 'alpha': 1.698281885708152, 'colsample_bytree': 0.6989265316180336, 'subsample': 0.6679176932628674, 'learning_rate': 0.014683652600881735, 'max_depth': 20, 'min_child_weight': 1, 'eval_metric': 'rmse'}. Best is trial 463 with value: 0.12284958614550846.
start listen on 192.168.1.101:36671
@tracker All of 1 nodes getting started
@tracker All nodes finishes job
Trial 883 finished with value: 0.12337392183566338 and parameters: {'objective': 'reg:squarederror', 'tree_method': 'gpu_hist', 'lambda': 6.907024500396734, 'alpha': 1.3906141475967404, 'colsample_bytree': 0.7099847694357979, 'subsample': 0.6467599713035656, 'learning_rate': 0.015424681013286775, 'max_depth': 15, 'min_child_weight': 6, 'eval_metric': 'rmse'}. Best is trial 463 with value: 0.12284958614550846.
start listen on 192.168.1.101:33949
@tracker All of 1 nodes getting started
@tracker All nodes finishes job
Trial 884 finished with value: 0.1702212499127921 and parameters: {'objective': 'reg:squarederror', 'tree_method': 'gpu_hist', 'lambda': 5.005323162133809, 'alpha': 2.081305150801141, 'colsample_bytree': 0.7273615886171253, 'subsample': 0.6225482489487182, 'learning_rate': 0.015943974207599756, 'max_depth': 5, 'min_child_weight': 195, 'eval_metric': 'rmse'}. Best is trial 463 with value: 0.12284958614550846.
start listen on 192.168.1.101:41863
@tracker All of 1 nodes getting started
@tracker All nodes finishes job
Trial 885 finished with value: 0.12341233790814594 and parameters: {'objective': 'reg:squarederror', 'tree_method': 'gpu_hist', 'lambda': 6.469355978928646, 'alpha': 1.669799384997352, 'colsample_bytree': 0.6867872033034779, 'subsample': 0.637732050417065, 'learning_rate': 0.016282637748951435, 'max_depth': 20, 'min_child_weight': 10, 'eval_metric': 'rmse'}. Best is trial 463 with value: 0.12284958614550846.
start listen on 192.168.1.101:51659
@tracker All of 1 nodes getting started
@tracker All nodes finishes job
Trial 886 finished with value: 0.12324475617020196 and parameters: {'objective': 'reg:squarederror', 'tree_method': 'gpu_hist', 'lambda': 7.612305533837405, 'alpha': 2.5408488311023505, 'colsample_bytree': 0.7028834836279549, 'subsample': 0.6241457385167712, 'learning_rate': 0.018031715782390552, 'max_depth': 20, 'min_child_weight': 7, 'eval_metric': 'rmse'}. Best is trial 463 with value: 0.12284958614550846.
start listen on 192.168.1.101:40089
@tracker All of 1 nodes getting started
@tracker All nodes finishes job
Trial 887 finished with value: 0.12433811044754005 and parameters: {'objective': 'reg:squarederror', 'tree_method': 'gpu_hist', 'lambda': 0.001886026641761182, 'alpha': 1.387942967328487, 'colsample_bytree': 0.7158567120826084, 'subsample': 0.7779399992435752, 'learning_rate': 0.014876206986295682, 'max_depth': 11, 'min_child_weight': 16, 'eval_metric': 'rmse'}. Best is trial 463 with value: 0.12284958614550846.
start listen on 192.168.1.101:40053
@tracker All of 1 nodes getting started
@tracker All nodes finishes job
Trial 888 finished with value: 0.13292764401203125 and parameters: {'objective': 'reg:squarederror', 'tree_method': 'gpu_hist', 'lambda': 5.078512367842145, 'alpha': 1.8068741606673742, 'colsample_bytree': 0.6879267714352512, 'subsample': 0.6152570369923948, 'learning_rate': 0.013824800036266556, 'max_depth': 3, 'min_child_weight': 6, 'eval_metric': 'rmse'}. Best is trial 463 with value: 0.12284958614550846.
start listen on 192.168.1.101:57907
@tracker All of 1 nodes getting started
@tracker All nodes finishes job
Trial 889 finished with value: 0.1662553662014092 and parameters: {'objective': 'reg:squarederror', 'tree_method': 'gpu_hist', 'lambda': 7.400591734492583, 'alpha': 3.1658808867465513, 'colsample_bytree': 0.6976148742008186, 'subsample': 0.6287722368102507, 'learning_rate': 0.0017721247605559894, 'max_depth': 20, 'min_child_weight': 11, 'eval_metric': 'rmse'}. Best is trial 463 with value: 0.12284958614550846.
start listen on 192.168.1.101:35173
@tracker All of 1 nodes getting started
@tracker All nodes finishes job
Trial 890 finished with value: 0.12424866393150469 and parameters: {'objective': 'reg:squarederror', 'tree_method': 'gpu_hist', 'lambda': 5.868993877377722, 'alpha': 1.3161813688806214, 'colsample_bytree': 0.7284746174393689, 'subsample': 0.6001224088553212, 'learning_rate': 0.01668929673721903, 'max_depth': 20, 'min_child_weight': 1, 'eval_metric': 'rmse'}. Best is trial 463 with value: 0.12284958614550846.
start listen on 192.168.1.101:43913
@tracker All of 1 nodes getting started
@tracker All nodes finishes job
Trial 891 finished with value: 0.12495466215507789 and parameters: {'objective': 'reg:squarederror', 'tree_method': 'gpu_hist', 'lambda': 8.482345428029737, 'alpha': 2.2962174226662855, 'colsample_bytree': 0.7117317993810711, 'subsample': 0.6120716584855244, 'learning_rate': 0.015225775795483374, 'max_depth': 20, 'min_child_weight': 23, 'eval_metric': 'rmse'}. Best is trial 463 with value: 0.12284958614550846.
start listen on 192.168.1.101:53217
@tracker All of 1 nodes getting started
@tracker All nodes finishes job
Trial 892 finished with value: 0.12451265100719859 and parameters: {'objective': 'reg:squarederror', 'tree_method': 'gpu_hist', 'lambda': 6.448757403427863, 'alpha': 0.004382776153597503, 'colsample_bytree': 0.6856260408515414, 'subsample': 0.5764996804844834, 'learning_rate': 0.013615107636347391, 'max_depth': 20, 'min_child_weight': 17, 'eval_metric': 'rmse'}. Best is trial 463 with value: 0.12284958614550846.
start listen on 192.168.1.101:55053
@tracker All of 1 nodes getting started
@tracker All nodes finishes job
Trial 893 finished with value: 0.1366644397984031 and parameters: {'objective': 'reg:squarederror', 'tree_method': 'gpu_hist', 'lambda': 0.2652946660612811, 'alpha': 1.5428147447215637, 'colsample_bytree': 0.7024636993029111, 'subsample': 0.6410264567880453, 'learning_rate': 0.01745603690297287, 'max_depth': 20, 'min_child_weight': 70, 'eval_metric': 'rmse'}. Best is trial 463 with value: 0.12284958614550846.
start listen on 192.168.1.101:43087
@tracker All of 1 nodes getting started
@tracker All nodes finishes job
Trial 894 finished with value: 0.12342497936989563 and parameters: {'objective': 'reg:squarederror', 'tree_method': 'gpu_hist', 'lambda': 8.536661200128009, 'alpha': 1.2986500167464452, 'colsample_bytree': 0.719054788871599, 'subsample': 0.5905239694481719, 'learning_rate': 0.014510016215745545, 'max_depth': 20, 'min_child_weight': 10, 'eval_metric': 'rmse'}. Best is trial 463 with value: 0.12284958614550846.
start listen on 192.168.1.101:38599
@tracker All of 1 nodes getting started
@tracker All nodes finishes job
Trial 895 finished with value: 0.124027663064789 and parameters: {'objective': 'reg:squarederror', 'tree_method': 'gpu_hist', 'lambda': 5.28588345932077, 'alpha': 1.7399225119836559, 'colsample_bytree': 0.7354684965308907, 'subsample': 0.6903460850475671, 'learning_rate': 0.015865510792246643, 'max_depth': 20, 'min_child_weight': 6, 'eval_metric': 'rmse'}. Best is trial 463 with value: 0.12284958614550846.
start listen on 192.168.1.101:55471
@tracker All of 1 nodes getting started
@tracker All nodes finishes job
Trial 896 finished with value: 0.12428576257879043 and parameters: {'objective': 'reg:squarederror', 'tree_method': 'gpu_hist', 'lambda': 0.6736492903205831, 'alpha': 2.05490380286821, 'colsample_bytree': 0.6801618373004393, 'subsample': 0.6215904208105628, 'learning_rate': 0.013751536289262338, 'max_depth': 20, 'min_child_weight': 1, 'eval_metric': 'rmse'}. Best is trial 463 with value: 0.12284958614550846.
start listen on 192.168.1.101:36695
@tracker All of 1 nodes getting started
@tracker All nodes finishes job
Trial 897 finished with value: 0.1246539896857761 and parameters: {'objective': 'reg:squarederror', 'tree_method': 'gpu_hist', 'lambda': 9.97005897960591, 'alpha': 1.2676968199003325, 'colsample_bytree': 0.6972117335056898, 'subsample': 0.881842518719738, 'learning_rate': 0.018888708742749175, 'max_depth': 17, 'min_child_weight': 14, 'eval_metric': 'rmse'}. Best is trial 463 with value: 0.12284958614550846.
start listen on 192.168.1.101:41225
@tracker All of 1 nodes getting started
@tracker All nodes finishes job
Trial 898 finished with value: 0.1293363048224624 and parameters: {'objective': 'reg:squarederror', 'tree_method': 'gpu_hist', 'lambda': 7.457384779538146, 'alpha': 1.4223722621069224, 'colsample_bytree': 0.7104966079082171, 'subsample': 0.47680122367465066, 'learning_rate': 0.012801510325222469, 'max_depth': 7, 'min_child_weight': 28, 'eval_metric': 'rmse'}. Best is trial 463 with value: 0.12284958614550846.
start listen on 192.168.1.101:53997
@tracker All of 1 nodes getting started
@tracker All nodes finishes job
Trial 899 finished with value: 0.12414016905735435 and parameters: {'objective': 'reg:squarederror', 'tree_method': 'gpu_hist', 'lambda': 3.679957264161681, 'alpha': 1.608969047425401, 'colsample_bytree': 0.7223178816500145, 'subsample': 0.6038770261085875, 'learning_rate': 0.01519265304643576, 'max_depth': 20, 'min_child_weight': 18, 'eval_metric': 'rmse'}. Best is trial 463 with value: 0.12284958614550846.
start listen on 192.168.1.101:56451
@tracker All of 1 nodes getting started
@tracker All nodes finishes job
Trial 900 finished with value: 0.14559083776040418 and parameters: {'objective': 'reg:squarederror', 'tree_method': 'gpu_hist', 'lambda': 2.1202457937659607, 'alpha': 2.3051497870227267, 'colsample_bytree': 0.683576125354104, 'subsample': 0.6557156635385776, 'learning_rate': 0.01684500805513667, 'max_depth': 9, 'min_child_weight': 109, 'eval_metric': 'rmse'}. Best is trial 463 with value: 0.12284958614550846.
start listen on 192.168.1.101:51187
@tracker All of 1 nodes getting started
@tracker All nodes finishes job
Trial 901 finished with value: 0.12341387141794241 and parameters: {'objective': 'reg:squarederror', 'tree_method': 'gpu_hist', 'lambda': 4.413850772758323, 'alpha': 1.866395485353138, 'colsample_bytree': 0.7010990838804407, 'subsample': 0.6175885308757402, 'learning_rate': 0.013089082327790281, 'max_depth': 13, 'min_child_weight': 10, 'eval_metric': 'rmse'}. Best is trial 463 with value: 0.12284958614550846.
start listen on 192.168.1.101:34191
@tracker All of 1 nodes getting started
@tracker All nodes finishes job
Trial 902 finished with value: 0.12482582931907031 and parameters: {'objective': 'reg:squarederror', 'tree_method': 'gpu_hist', 'lambda': 6.530270560961757, 'alpha': 2.8185227656556187, 'colsample_bytree': 0.7338062027794269, 'subsample': 0.6329995754331742, 'learning_rate': 0.014396382711589448, 'max_depth': 20, 'min_child_weight': 22, 'eval_metric': 'rmse'}. Best is trial 463 with value: 0.12284958614550846.
start listen on 192.168.1.101:49461
@tracker All of 1 nodes getting started
@tracker All nodes finishes job
Trial 903 finished with value: 0.12315186368851236 and parameters: {'objective': 'reg:squarederror', 'tree_method': 'gpu_hist', 'lambda': 7.789881468895969, 'alpha': 1.1993826427565628, 'colsample_bytree': 0.6866125507889117, 'subsample': 0.5950098002777181, 'learning_rate': 0.011171860954327572, 'max_depth': 20, 'min_child_weight': 7, 'eval_metric': 'rmse'}. Best is trial 463 with value: 0.12284958614550846.
start listen on 192.168.1.101:60223
@tracker All of 1 nodes getting started
@tracker All nodes finishes job
Trial 904 finished with value: 0.12474840635026521 and parameters: {'objective': 'reg:squarederror', 'tree_method': 'gpu_hist', 'lambda': 8.453620474677576, 'alpha': 4.362109806763477, 'colsample_bytree': 0.6860163084580382, 'subsample': 0.578634331210676, 'learning_rate': 0.011775659259138857, 'max_depth': 20, 'min_child_weight': 6, 'eval_metric': 'rmse'}. Best is trial 463 with value: 0.12284958614550846.
start listen on 192.168.1.101:34439
@tracker All of 1 nodes getting started
@tracker All nodes finishes job
Trial 905 finished with value: 0.12436077533554986 and parameters: {'objective': 'reg:squarederror', 'tree_method': 'gpu_hist', 'lambda': 9.95014062740069, 'alpha': 1.2313917712304836, 'colsample_bytree': 0.6966547404789845, 'subsample': 0.5648180412346141, 'learning_rate': 0.012878537761210236, 'max_depth': 20, 'min_child_weight': 14, 'eval_metric': 'rmse'}. Best is trial 463 with value: 0.12284958614550846.
start listen on 192.168.1.101:33921
@tracker All of 1 nodes getting started
@tracker All nodes finishes job
Trial 906 finished with value: 0.12328438092533867 and parameters: {'objective': 'reg:squarederror', 'tree_method': 'gpu_hist', 'lambda': 5.990734947366509, 'alpha': 1.5285770599570363, 'colsample_bytree': 0.6778472392421245, 'subsample': 0.5859125305958388, 'learning_rate': 0.011437758272120213, 'max_depth': 20, 'min_child_weight': 5, 'eval_metric': 'rmse'}. Best is trial 463 with value: 0.12284958614550846.
start listen on 192.168.1.101:54779
@tracker All of 1 nodes getting started
@tracker All nodes finishes job
Trial 907 finished with value: 0.12418296400960749 and parameters: {'objective': 'reg:squarederror', 'tree_method': 'gpu_hist', 'lambda': 7.091369521119411, 'alpha': 1.9823728539301322, 'colsample_bytree': 0.7097205689701006, 'subsample': 0.5772832907160681, 'learning_rate': 0.01307405734344348, 'max_depth': 20, 'min_child_weight': 1, 'eval_metric': 'rmse'}. Best is trial 463 with value: 0.12284958614550846.
start listen on 192.168.1.101:36165
@tracker All of 1 nodes getting started
@tracker All nodes finishes job
Trial 908 finished with value: 0.12327116829727265 and parameters: {'objective': 'reg:squarederror', 'tree_method': 'gpu_hist', 'lambda': 8.417047373582399, 'alpha': 1.2197993167653869, 'colsample_bytree': 0.6911416376196903, 'subsample': 0.5947248836110309, 'learning_rate': 0.01484999021942183, 'max_depth': 20, 'min_child_weight': 11, 'eval_metric': 'rmse'}. Best is trial 463 with value: 0.12284958614550846.
start listen on 192.168.1.101:55303
@tracker All of 1 nodes getting started
@tracker All nodes finishes job
Trial 909 finished with value: 0.12389148280801644 and parameters: {'objective': 'reg:squarederror', 'tree_method': 'gpu_hist', 'lambda': 5.416575502346089, 'alpha': 1.6030131027451904, 'colsample_bytree': 0.713825705297821, 'subsample': 0.5868713769119737, 'learning_rate': 0.01591443225094865, 'max_depth': 20, 'min_child_weight': 16, 'eval_metric': 'rmse'}. Best is trial 463 with value: 0.12284958614550846.
start listen on 192.168.1.101:46817
@tracker All of 1 nodes getting started
@tracker All nodes finishes job
Trial 910 finished with value: 0.12398294963165958 and parameters: {'objective': 'reg:squarederror', 'tree_method': 'gpu_hist', 'lambda': 7.350996296865027, 'alpha': 2.426342022949614, 'colsample_bytree': 0.6757090442009424, 'subsample': 0.5661575170828129, 'learning_rate': 0.011814988744870922, 'max_depth': 20, 'min_child_weight': 6, 'eval_metric': 'rmse'}. Best is trial 463 with value: 0.12284958614550846.
start listen on 192.168.1.101:52051
@tracker All of 1 nodes getting started
@tracker All nodes finishes job
Trial 911 finished with value: 0.12491314381215925 and parameters: {'objective': 'reg:squarederror', 'tree_method': 'gpu_hist', 'lambda': 9.974344013416848, 'alpha': 1.2344096153770976, 'colsample_bytree': 0.6939977792346693, 'subsample': 0.5440453498786811, 'learning_rate': 0.020463594633853173, 'max_depth': 15, 'min_child_weight': 20, 'eval_metric': 'rmse'}. Best is trial 463 with value: 0.12284958614550846.
start listen on 192.168.1.101:45621
@tracker All of 1 nodes getting started
@tracker All nodes finishes job
Trial 912 finished with value: 0.12356991309338923 and parameters: {'objective': 'reg:squarederror', 'tree_method': 'gpu_hist', 'lambda': 6.277577093395484, 'alpha': 3.4726162832613023, 'colsample_bytree': 0.7250199972544916, 'subsample': 0.598339404436023, 'learning_rate': 0.013727464445756048, 'max_depth': 20, 'min_child_weight': 10, 'eval_metric': 'rmse'}. Best is trial 463 with value: 0.12284958614550846.
start listen on 192.168.1.101:40389
@tracker All of 1 nodes getting started
@tracker All nodes finishes job
Trial 913 finished with value: 0.12569658393475097 and parameters: {'objective': 'reg:squarederror', 'tree_method': 'gpu_hist', 'lambda': 4.564759038458625, 'alpha': 1.4755974140517705, 'colsample_bytree': 0.7114013983618062, 'subsample': 0.5927972483272734, 'learning_rate': 0.025002786711888568, 'max_depth': 20, 'min_child_weight': 26, 'eval_metric': 'rmse'}. Best is trial 463 with value: 0.12284958614550846.
start listen on 192.168.1.101:49661
@tracker All of 1 nodes getting started
@tracker All nodes finishes job
Trial 914 finished with value: 0.12436527161394752 and parameters: {'objective': 'reg:squarederror', 'tree_method': 'gpu_hist', 'lambda': 8.259190965534737, 'alpha': 2.00293342197149, 'colsample_bytree': 0.6745750341025255, 'subsample': 0.6052502128844257, 'learning_rate': 0.012779436024194004, 'max_depth': 20, 'min_child_weight': 1, 'eval_metric': 'rmse'}. Best is trial 463 with value: 0.12284958614550846.
start listen on 192.168.1.101:45743
@tracker All of 1 nodes getting started
@tracker All nodes finishes job
Trial 915 finished with value: 0.12383381819496955 and parameters: {'objective': 'reg:squarederror', 'tree_method': 'gpu_hist', 'lambda': 7.13409270024908, 'alpha': 1.702807691901558, 'colsample_bytree': 0.6998707219537991, 'subsample': 0.5809814163814807, 'learning_rate': 0.01789878220096428, 'max_depth': 20, 'min_child_weight': 13, 'eval_metric': 'rmse'}. Best is trial 463 with value: 0.12284958614550846.
start listen on 192.168.1.101:46627
@tracker All of 1 nodes getting started
@tracker All nodes finishes job
Trial 916 finished with value: 0.12792225081127462 and parameters: {'objective': 'reg:squarederror', 'tree_method': 'gpu_hist', 'lambda': 9.98249613100959, 'alpha': 1.1323551128895228, 'colsample_bytree': 0.6874025576686775, 'subsample': 0.6011387833588075, 'learning_rate': 0.011172968717311745, 'max_depth': 5, 'min_child_weight': 8, 'eval_metric': 'rmse'}. Best is trial 463 with value: 0.12284958614550846.
start listen on 192.168.1.101:34809
@tracker All of 1 nodes getting started
@tracker All nodes finishes job
Trial 917 finished with value: 0.12405209874026235 and parameters: {'objective': 'reg:squarederror', 'tree_method': 'gpu_hist', 'lambda': 5.777315528461199, 'alpha': 1.3713383390266765, 'colsample_bytree': 0.736614477234648, 'subsample': 0.5901887543890838, 'learning_rate': 0.014311506878226514, 'max_depth': 20, 'min_child_weight': 19, 'eval_metric': 'rmse'}. Best is trial 463 with value: 0.12284958614550846.
start listen on 192.168.1.101:35653
@tracker All of 1 nodes getting started
@tracker All nodes finishes job
Trial 918 finished with value: 0.12427410538146601 and parameters: {'objective': 'reg:squarederror', 'tree_method': 'gpu_hist', 'lambda': 8.291155400072068, 'alpha': 2.600863127438546, 'colsample_bytree': 0.7057905103397619, 'subsample': 0.5703734973175338, 'learning_rate': 0.01617628039047435, 'max_depth': 11, 'min_child_weight': 1, 'eval_metric': 'rmse'}. Best is trial 463 with value: 0.12284958614550846.
start listen on 192.168.1.101:54653
@tracker All of 1 nodes getting started
@tracker All nodes finishes job
Trial 919 finished with value: 0.12343283736629011 and parameters: {'objective': 'reg:squarederror', 'tree_method': 'gpu_hist', 'lambda': 6.929242108693065, 'alpha': 1.794509461781795, 'colsample_bytree': 0.6676636994516596, 'subsample': 0.6084137623268681, 'learning_rate': 0.012403385534383563, 'max_depth': 20, 'min_child_weight': 14, 'eval_metric': 'rmse'}. Best is trial 463 with value: 0.12284958614550846.
start listen on 192.168.1.101:54545
@tracker All of 1 nodes getting started
@tracker All nodes finishes job
Trial 920 finished with value: 0.13221590483258105 and parameters: {'objective': 'reg:squarederror', 'tree_method': 'gpu_hist', 'lambda': 4.834571216811331, 'alpha': 1.3958117992420669, 'colsample_bytree': 0.7258482963313299, 'subsample': 0.555361429054093, 'learning_rate': 0.015027139876503672, 'max_depth': 3, 'min_child_weight': 7, 'eval_metric': 'rmse'}. Best is trial 463 with value: 0.12284958614550846.
start listen on 192.168.1.101:46391
@tracker All of 1 nodes getting started
@tracker All nodes finishes job
Trial 921 finished with value: 0.12682691191755158 and parameters: {'objective': 'reg:squarederror', 'tree_method': 'gpu_hist', 'lambda': 8.563117224302877, 'alpha': 2.180978441759787, 'colsample_bytree': 0.6835481525437771, 'subsample': 0.6085461325370238, 'learning_rate': 0.017426481456612075, 'max_depth': 20, 'min_child_weight': 33, 'eval_metric': 'rmse'}. Best is trial 463 with value: 0.12284958614550846.
start listen on 192.168.1.101:46181
@tracker All of 1 nodes getting started
@tracker All nodes finishes job
Trial 922 finished with value: 0.12364965081038648 and parameters: {'objective': 'reg:squarederror', 'tree_method': 'gpu_hist', 'lambda': 5.922037269951971, 'alpha': 1.0925515011074967, 'colsample_bytree': 0.716917913227526, 'subsample': 0.5950124636993303, 'learning_rate': 0.013754456388028769, 'max_depth': 20, 'min_child_weight': 11, 'eval_metric': 'rmse'}. Best is trial 463 with value: 0.12284958614550846.
start listen on 192.168.1.101:60031
@tracker All of 1 nodes getting started
@tracker All nodes finishes job
