number,value,params_alpha,params_colsample_bytree,params_eval_metric,params_lambda,params_learning_rate,params_max_depth,params_min_child_weight,params_objective,params_subsample,params_tree_method,state
910,0.3098009190959219,0.24085428534005712,0.9634865614357325,rmse,1.9411592540028608,0.004021128840300835,17,1,reg:squarederror,0.567199829722315,gpu_hist,COMPLETE
911,0.32749220001735563,0.23241341698398454,0.9362813635921825,rmse,1.5334577573588004,0.004646793811057036,17,16,reg:squarederror,0.5659818828048302,gpu_hist,COMPLETE
912,0.3560445556908268,0.20637513466179191,0.9446464861919194,rmse,1.4231592036108194,0.005155081528399077,17,53,reg:squarederror,0.5755522172105254,gpu_hist,COMPLETE
913,0.3165746094377298,0.25380033646979144,0.9085301824656435,rmse,1.7625307249254911,0.004230739569616241,17,6,reg:squarederror,0.5593724449896451,gpu_hist,COMPLETE
914,0.4329645133712374,0.17840503336404864,0.9585667335398022,rmse,0.03038498689237223,0.020985231628617016,17,137,reg:squarederror,0.5720801394231712,gpu_hist,COMPLETE
915,0.3436830109717621,0.23290064054768655,0.42130599920097045,rmse,9.51533614537828,0.00450190816286048,17,1,reg:squarederror,0.5885758534254929,gpu_hist,COMPLETE
916,0.3226422290986576,0.16058710819884592,0.9269384514904737,rmse,1.3345746419731523,0.004065250606053468,17,12,reg:squarederror,0.559568870772807,gpu_hist,COMPLETE
917,0.3164742223024847,0.2892462231608713,0.9594732827350071,rmse,1.9303650909860521,0.003917451888930776,17,7,reg:squarederror,0.5778277505174371,gpu_hist,COMPLETE
918,0.3102699683930847,0.1972808734647059,0.9418705335523988,rmse,1.9659741356088134,0.0046408365988162325,17,1,reg:squarederror,0.6004485067267917,gpu_hist,COMPLETE
919,0.46535352762341387,6.635206056019457,0.9680457737525489,rmse,1.694922680967031,0.005540595414388914,17,170,reg:squarederror,0.548097791879167,gpu_hist,COMPLETE
920,0.32962236061124633,0.14473773600659887,0.9509768715178211,rmse,2.3675891447226096,0.004235899843451229,17,19,reg:squarederror,0.5690302837732658,gpu_hist,COMPLETE
921,0.31781193550856474,0.22745910476850573,0.913685389666403,rmse,0.0013370678981224494,0.003834088614278687,17,11,reg:squarederror,0.8898473425969581,gpu_hist,COMPLETE
922,0.31621416841241656,0.1021749720189252,0.967334142849891,rmse,2.1125194754382974,0.004998581525995158,17,6,reg:squarederror,0.5859298433646682,gpu_hist,COMPLETE
923,0.31091885252461104,0.171190853602724,0.9375487804413601,rmse,1.4396130609665159,0.0041798431205762425,17,1,reg:squarederror,0.6204787865461723,gpu_hist,COMPLETE
924,0.3397712936239624,0.27474788403525896,0.9544834011140614,rmse,1.759965150303047,0.003705179083648335,17,32,reg:squarederror,0.557878405225387,gpu_hist,COMPLETE
925,0.47570309885973266,0.13324705392604916,0.9750511915767128,rmse,2.3327538789467206,0.004541176384604584,17,205,reg:squarederror,0.634634094784127,gpu_hist,COMPLETE
926,0.5242342060099519,0.18411834932209262,0.8975571704115531,rmse,2.0253065166158324,0.004001892781731724,7,247,reg:squarederror,0.5685201675463324,gpu_hist,COMPLETE
927,0.3225720113166306,2.1297951650292513,0.931501822288115,rmse,3.0211752631909206,0.003552399268625392,17,15,reg:squarederror,0.6079739821389941,gpu_hist,COMPLETE
928,0.31796540333591894,0.22581365546880627,0.9624516499110475,rmse,1.5533744783364158,0.004768535943712511,17,7,reg:squarederror,0.5906072334025471,gpu_hist,COMPLETE
929,0.4294344219220575,0.11297086856115914,0.9458813617771028,rmse,4.468943856704468,0.00418040858441626,3,7,reg:squarederror,0.5760375179147686,gpu_hist,COMPLETE
930,0.3100522071291681,0.1560165611101921,0.9772411797903388,rmse,1.2381719103105064,0.0037336339314966173,20,1,reg:squarederror,0.5469298952788305,gpu_hist,COMPLETE
931,0.4357654482322312,0.09321112519810307,0.9205257611711749,rmse,2.4988589209153753,0.003435313872762995,17,158,reg:squarederror,0.5981973815378367,gpu_hist,COMPLETE
932,0.32316674227540426,0.3172336046889729,0.9607434511135213,rmse,1.8931404374464311,0.004425123744951629,17,12,reg:squarederror,0.5588542666254975,gpu_hist,COMPLETE
933,0.31766049724270595,3.693055398245841,0.97874276677046,rmse,2.308441701860597,0.005287553862715288,17,7,reg:squarederror,0.5821810662198169,gpu_hist,COMPLETE
934,0.35080419345193015,0.19169959470341297,0.9483035527032712,rmse,3.2397923274235216,0.0018922268525447333,17,1,reg:squarederror,0.5689405376829665,gpu_hist,COMPLETE
935,0.3563932476032348,0.24353275355508944,0.4563805505554939,rmse,2.8683117781685694,0.003925217846632427,17,16,reg:squarederror,0.540035730555058,gpu_hist,COMPLETE
936,0.32988972405361,0.13793409076433735,0.9872944889686123,rmse,1.7845067594880872,0.0035218710089610925,9,22,reg:squarederror,0.9416562120776618,gpu_hist,COMPLETE
937,0.32139389230163895,0.1607535520027419,0.9343056460089777,rmse,3.705876461176111,0.004329292809415297,17,11,reg:squarederror,0.5887115113961437,gpu_hist,COMPLETE
938,0.3194736329578044,0.20009830564534156,0.7487686006987021,rmse,2.453817502847046,0.0038850353500211763,17,6,reg:squarederror,0.6085955098520649,gpu_hist,COMPLETE
939,0.3116150188360537,0.12425016390947667,0.9683174018636906,rmse,2.1315290832885547,0.005050075705039548,17,1,reg:squarederror,0.554062374179092,gpu_hist,COMPLETE
940,0.3700688272951667,2.7890436392230575,0.9560977941996539,rmse,1.2995789861618425,0.0032273696021876673,17,70,reg:squarederror,0.5782646978412546,gpu_hist,COMPLETE
941,0.3235513429401084,1.541883743391847,0.9870849074257388,rmse,1.6368849455500134,0.004590148096982657,17,12,reg:squarederror,0.568564537176069,gpu_hist,COMPLETE
942,0.3179145919084394,0.2665710640961751,0.9082412553193381,rmse,0.14548382795554493,0.003747579420648131,17,7,reg:squarederror,0.5926346154425469,gpu_hist,COMPLETE
943,0.366827115682952,0.17057035600513024,0.9743511585771343,rmse,2.8755199457831107,0.004122111538389561,5,1,reg:squarederror,0.5498752713967137,gpu_hist,COMPLETE
944,0.3585886809362552,0.10141944491240851,0.942432949172924,rmse,2.093070768264689,0.027453518834548423,17,18,reg:squarederror,0.536307225073772,gpu_hist,COMPLETE
945,0.3116776768944495,0.07401782528748291,0.9279916379151868,rmse,2.493766570755621,0.0034690527335294965,17,6,reg:squarederror,0.6004999878684522,gpu_hist,COMPLETE
946,0.3203649701277741,0.22003471637745592,0.9623442225610731,rmse,4.177987432229264,0.004087823751770681,17,11,reg:squarederror,0.6206732381712342,gpu_hist,COMPLETE
947,0.3175381027737535,0.3217989938278556,0.9496228263622732,rmse,3.217256692967401,0.004700375983392112,17,7,reg:squarederror,0.5630226512345068,gpu_hist,COMPLETE
948,0.31310705718454196,0.13302557652860084,0.9760030461063816,rmse,5.440603558984918,0.00566331475927249,17,1,reg:squarederror,0.5822635642326774,gpu_hist,COMPLETE
949,0.32584881708420127,0.17271165536283928,0.9865156726346922,rmse,1.5160863738148458,0.003695972747509993,17,15,reg:squarederror,0.545130630766572,gpu_hist,COMPLETE
950,0.3162655885508516,0.2134108205675705,0.9626683745219253,rmse,1.9695191185254748,0.0032211645391198884,11,6,reg:squarederror,0.5643227092491531,gpu_hist,COMPLETE
951,0.3084195190267817,0.15103642398741282,0.8915454128478065,rmse,2.8512581855397805,0.004285878777894135,17,1,reg:squarederror,0.5784697574241205,gpu_hist,COMPLETE
952,0.34257053558301614,0.2354417371530519,0.8822786197634753,rmse,3.1971072178347884,0.004627706295699874,7,11,reg:squarederror,0.5528871678216113,gpu_hist,COMPLETE
953,0.33223146170481016,5.658111515741431,0.918383255200176,rmse,3.8653541879851105,0.004783580058706465,17,21,reg:squarederror,0.5725532339856737,gpu_hist,COMPLETE
954,0.3104459725962916,0.28811311738671663,0.8958326682290856,rmse,4.729316916769391,0.005258238552405979,20,1,reg:squarederror,0.5320830006721107,gpu_hist,COMPLETE
955,0.31638637039142287,0.1154912568240559,0.9121846412685037,rmse,3.5035219088496787,0.004401213794725108,17,7,reg:squarederror,0.5590872622996961,gpu_hist,COMPLETE
956,0.42277929774019557,0.1916027518034566,0.7777365838984034,rmse,2.8682658415561484,0.0049578593376773715,3,14,reg:squarederror,0.5736429237042285,gpu_hist,COMPLETE
957,0.316693116863838,1.7986879247954117,0.8962276849669675,rmse,2.681024033811896,0.004288932954416481,17,6,reg:squarederror,0.543783120087862,gpu_hist,COMPLETE
958,0.32421145352271763,0.15802962930699313,0.8861212676111313,rmse,3.7783586541088003,0.005999430852341053,17,11,reg:squarederror,0.5836339001667592,gpu_hist,COMPLETE
959,0.3168988189605048,0.0901975675688831,0.8626334754338658,rmse,2.735001352838578,0.004238167189820419,17,6,reg:squarederror,0.5635513194756195,gpu_hist,COMPLETE
960,0.3305170085270726,0.2695356304781913,0.8671226318176082,rmse,3.3557742758146474,0.005149912000097249,17,17,reg:squarederror,0.57524304936031,gpu_hist,COMPLETE
961,0.30960196050192706,0.12147713369643076,0.8939092487360051,rmse,2.581174150518315,0.003933451063068882,17,1,reg:squarederror,0.5343986616853444,gpu_hist,COMPLETE
962,0.5648995408939099,0.1114864464218443,0.8918455340638861,rmse,4.3561057802435785,0.00452071153607344,17,275,reg:squarederror,0.5328543460402482,gpu_hist,COMPLETE
963,0.31815011822340566,0.08282184419875951,0.8758846170068881,rmse,3.3229934909477135,0.004055850556883285,9,1,reg:squarederror,0.5302315389683409,gpu_hist,COMPLETE
964,0.3367937643552515,1.1149514802195133,0.8821808222846845,rmse,2.7322989305377985,0.0046883510349169134,17,26,reg:squarederror,0.5202999388210282,gpu_hist,COMPLETE
965,0.3240606044818316,0.09180534625880035,0.8450688099407551,rmse,3.8398756638140505,0.004045628846565743,17,11,reg:squarederror,0.5420627909537667,gpu_hist,COMPLETE
966,0.3177183570348676,0.11547122271354503,0.8999003496325929,rmse,2.5341983845565696,0.004917797779878147,17,6,reg:squarederror,0.5281964071308373,gpu_hist,COMPLETE
967,0.32492579424279355,0.06318823970391318,0.8657454790860717,rmse,0.005614035721810523,0.004405419921056792,17,1,reg:squarederror,0.5368390327530056,gpu_hist,COMPLETE
968,0.32225285112825863,0.3648978171346266,0.9017267193021882,rmse,5.447520360801973,0.0039510160249047336,17,11,reg:squarederror,0.5496004044012066,gpu_hist,COMPLETE
969,0.3646560126322374,1.384280775797491,0.877977866961712,rmse,3.0936485467890935,0.005741229295495394,5,7,reg:squarederror,0.5193822596215414,gpu_hist,COMPLETE
970,0.32957061746776317,0.13275468943573948,0.8916475740755326,rmse,2.3988193320150817,0.004362143620834901,17,18,reg:squarederror,0.538821828457351,gpu_hist,COMPLETE
971,0.3229447986971736,0.1955822027329076,0.9002754553520483,rmse,3.1865742977570997,0.003914826110146642,17,11,reg:squarederror,0.5107308172504518,gpu_hist,COMPLETE
972,0.3178603835134664,0.10312775223063438,0.8798242302581163,rmse,4.369381096590233,0.005327362020766826,17,6,reg:squarederror,0.528108075727423,gpu_hist,COMPLETE
973,0.3094555025061066,0.33005132514834795,0.884397517915515,rmse,2.7114131324315345,0.0043059799520676085,17,1,reg:squarederror,0.5518614135490807,gpu_hist,COMPLETE
974,0.3165566876023941,0.2563614216379823,0.873417538499745,rmse,3.631806547129335,0.004927939190185735,11,1,reg:squarederror,0.5483454394479745,gpu_hist,COMPLETE
975,0.3283015310243124,0.3167725053200754,0.8536852104872478,rmse,2.8465372528966997,0.004429596312050976,17,15,reg:squarederror,0.526681736830842,gpu_hist,COMPLETE
976,0.40172558873092723,0.2569627990711462,0.873708792258136,rmse,3.999820581307632,0.0047937711005843235,17,92,reg:squarederror,0.5347012770488186,gpu_hist,COMPLETE
977,0.3173298549235416,0.2118037397174196,0.8909077981733264,rmse,3.175869126997485,0.004517325268495231,17,7,reg:squarederror,0.5493386073099525,gpu_hist,COMPLETE
978,0.3131286971518122,0.31038222141801053,0.8889655086548389,rmse,6.778357634296172,0.006496365849264502,17,1,reg:squarederror,0.5418175994352002,gpu_hist,COMPLETE
979,0.33784028709160335,0.17224451160242923,0.8706632407317786,rmse,0.07402203750643689,0.0054019403377944695,17,22,reg:squarederror,0.5171393860038684,gpu_hist,COMPLETE
980,0.3430425004507328,0.23337370224358048,0.8321789012076222,rmse,2.69742463089461,0.0042209889255764455,7,11,reg:squarederror,0.5536899884620476,gpu_hist,COMPLETE
981,0.3194358941374176,0.8865799094958308,0.8620037330364119,rmse,3.4513999600240632,0.00483931219757321,20,6,reg:squarederror,0.5082220903481718,gpu_hist,COMPLETE
982,0.3143326015494351,0.1370493031363337,0.8531959728398278,rmse,4.963588847223109,0.004158498879343156,17,1,reg:squarederror,0.5381662124003405,gpu_hist,COMPLETE
983,0.4197665613340522,0.19138249778380717,0.906979783932057,rmse,2.4696606617122963,0.00506055533286868,3,15,reg:squarederror,0.5204231838480687,gpu_hist,COMPLETE
984,0.3167348912051257,0.06839588875227,0.8862700532481788,rmse,2.9579891948998855,0.004400709172497437,17,7,reg:squarederror,0.5555679011719905,gpu_hist,COMPLETE
985,0.3234654438249514,2.0634888035504346,0.8040195451504747,rmse,2.3729225167504593,0.003947688379597693,17,11,reg:squarederror,0.5467350962259961,gpu_hist,COMPLETE
986,0.3104903576587121,0.16023223088705044,0.9176166317505181,rmse,3.7832683760227783,0.004610496777415334,17,1,reg:squarederror,0.6902074463957042,gpu_hist,COMPLETE
987,0.31720460533215256,0.27985953927823504,0.9063322535675865,rmse,2.865426367502549,0.003949048522439832,17,7,reg:squarederror,0.5274714499146138,gpu_hist,COMPLETE
988,0.3297625057196521,0.22239205368589507,0.9278450184416428,rmse,2.380428438486185,0.004231215484203417,17,19,reg:squarederror,0.5571563783187357,gpu_hist,COMPLETE
989,0.31354702271293716,0.11997447914138268,0.8494841204701417,rmse,3.3364350282363393,0.005608411557042047,17,1,reg:squarederror,0.5004815637520542,gpu_hist,COMPLETE
990,0.32221470188265755,0.08339165704057529,0.8818884190366137,rmse,4.3960421655385105,0.0039193892090579685,17,11,reg:squarederror,0.5357579092227799,gpu_hist,COMPLETE
991,0.3251640126860209,0.1775039034710003,0.9133859598199902,rmse,2.3864673599824604,0.004639157130034042,9,6,reg:squarederror,0.5608701396648266,gpu_hist,COMPLETE
992,0.32796891529191885,0.3404556611921047,0.8978119364518755,rmse,2.8360226400333706,0.003823611345139895,17,16,reg:squarederror,0.5070200329664895,gpu_hist,COMPLETE
993,0.32122036614547445,0.09761460817915717,0.9202982600444202,rmse,2.0944799820246898,0.005166823036002304,17,8,reg:squarederror,0.5496347057135852,gpu_hist,COMPLETE
994,0.3137050676121598,1.307299720379379,0.8630591347274675,rmse,3.5269976124708466,0.004414991717716868,17,1,reg:squarederror,0.5321829337031279,gpu_hist,COMPLETE
995,0.31550202911583447,0.14489574840866368,0.9315827393093983,rmse,2.7952279473329646,0.0037352277728033992,17,6,reg:squarederror,0.542356835871239,gpu_hist,COMPLETE
996,0.37092524192927157,0.04164989097792165,0.9043191389006595,rmse,2.168106555528417,0.0041023011599551264,5,13,reg:squarederror,0.520863457256759,gpu_hist,COMPLETE
997,0.3104174417890986,0.2213007581534443,0.9357453583119641,rmse,2.54715440360645,0.004251997693881645,17,1,reg:squarederror,0.7773617406199995,gpu_hist,COMPLETE
998,0.316701527459328,0.263371489965275,0.8857369516003362,rmse,3.203056819593936,0.004859943335388048,17,6,reg:squarederror,0.5620990702091121,gpu_hist,COMPLETE
999,0.336350066261157,0.12704256793355562,0.9229466490931724,rmse,0.3948191196776608,0.0037042498174158557,17,24,reg:squarederror,0.4914673132533462,gpu_hist,COMPLETE
