Trial 503 finished with value: 0.12461133997876028 and parameters: {'objective': 'reg:squarederror', 'tree_method': 'gpu_hist', 'lambda': 6.436317141416868, 'alpha': 1.1637175588610589, 'colsample_bytree': 0.7853744647509906, 'subsample': 0.573565815696376, 'learning_rate': 0.014372493457272366, 'max_depth': 20, 'min_child_weight': 7, 'eval_metric': 'rmse'}. Best is trial 463 with value: 0.12284958614550846.
start listen on 192.168.1.101:33739
@tracker All of 1 nodes getting started
@tracker All nodes finishes job
Trial 504 finished with value: 0.12624539723136377 and parameters: {'objective': 'reg:squarederror', 'tree_method': 'gpu_hist', 'lambda': 8.332168291873792, 'alpha': 0.6088658310636643, 'colsample_bytree': 0.5779066488368924, 'subsample': 0.6223644639933357, 'learning_rate': 0.00973110967799433, 'max_depth': 20, 'min_child_weight': 19, 'eval_metric': 'rmse'}. Best is trial 463 with value: 0.12284958614550846.
start listen on 192.168.1.101:33017
@tracker All of 1 nodes getting started
@tracker All nodes finishes job
Trial 505 finished with value: 0.12391255199465956 and parameters: {'objective': 'reg:squarederror', 'tree_method': 'gpu_hist', 'lambda': 7.03992888619693, 'alpha': 0.7638825596657384, 'colsample_bytree': 0.711837737082575, 'subsample': 0.5883268769779479, 'learning_rate': 0.0124054664320439, 'max_depth': 20, 'min_child_weight': 13, 'eval_metric': 'rmse'}. Best is trial 463 with value: 0.12284958614550846.
start listen on 192.168.1.101:58883
@tracker All of 1 nodes getting started
@tracker All nodes finishes job
Trial 506 finished with value: 0.13574400858900382 and parameters: {'objective': 'reg:squarederror', 'tree_method': 'gpu_hist', 'lambda': 9.94213847295292, 'alpha': 0.9583965386927285, 'colsample_bytree': 0.7420706015399514, 'subsample': 0.6011273570852788, 'learning_rate': 0.010751561540423015, 'max_depth': 3, 'min_child_weight': 8, 'eval_metric': 'rmse'}. Best is trial 463 with value: 0.12284958614550846.
start listen on 192.168.1.101:35577
@tracker All of 1 nodes getting started
@tracker All nodes finishes job
Trial 507 finished with value: 0.12824759425250024 and parameters: {'objective': 'reg:squarederror', 'tree_method': 'gpu_hist', 'lambda': 6.153141711514027, 'alpha': 1.2941034485604794, 'colsample_bytree': 0.7072744836608368, 'subsample': 0.4946860274888706, 'learning_rate': 0.008962151320484096, 'max_depth': 20, 'min_child_weight': 24, 'eval_metric': 'rmse'}. Best is trial 463 with value: 0.12284958614550846.
start listen on 192.168.1.101:52445
@tracker All of 1 nodes getting started
@tracker All nodes finishes job
Trial 508 finished with value: 0.12477210555342255 and parameters: {'objective': 'reg:squarederror', 'tree_method': 'gpu_hist', 'lambda': 8.478775080593051, 'alpha': 1.6651855668690614, 'colsample_bytree': 0.7309796592196861, 'subsample': 0.6224581738715123, 'learning_rate': 0.007857478303037048, 'max_depth': 20, 'min_child_weight': 12, 'eval_metric': 'rmse'}. Best is trial 463 with value: 0.12284958614550846.
start listen on 192.168.1.101:58897
@tracker All of 1 nodes getting started
@tracker All nodes finishes job
Trial 509 finished with value: 0.13104830599497255 and parameters: {'objective': 'reg:squarederror', 'tree_method': 'gpu_hist', 'lambda': 5.490630451246755, 'alpha': 2.0765288863004745, 'colsample_bytree': 0.42804973590685585, 'subsample': 0.5883090727273484, 'learning_rate': 0.013256656411358614, 'max_depth': 20, 'min_child_weight': 32, 'eval_metric': 'rmse'}. Best is trial 463 with value: 0.12284958614550846.
start listen on 192.168.1.101:49363
@tracker All of 1 nodes getting started
@tracker All nodes finishes job
Trial 510 finished with value: 0.12331191781778 and parameters: {'objective': 'reg:squarederror', 'tree_method': 'gpu_hist', 'lambda': 7.258077689168292, 'alpha': 0.9767914776980362, 'colsample_bytree': 0.6049271556238455, 'subsample': 0.6060540069641118, 'learning_rate': 0.014320140493526623, 'max_depth': 11, 'min_child_weight': 1, 'eval_metric': 'rmse'}. Best is trial 463 with value: 0.12284958614550846.
start listen on 192.168.1.101:46703
@tracker All of 1 nodes getting started
@tracker All nodes finishes job
Trial 511 finished with value: 0.12369425628892006 and parameters: {'objective': 'reg:squarederror', 'tree_method': 'gpu_hist', 'lambda': 6.938841853248896, 'alpha': 1.1503962177855427, 'colsample_bytree': 0.5639730795031601, 'subsample': 0.6127698943206941, 'learning_rate': 0.01499413651359335, 'max_depth': 11, 'min_child_weight': 1, 'eval_metric': 'rmse'}. Best is trial 463 with value: 0.12284958614550846.
start listen on 192.168.1.101:42401
@tracker All of 1 nodes getting started
@tracker All nodes finishes job
Trial 512 finished with value: 0.12430393215479282 and parameters: {'objective': 'reg:squarederror', 'tree_method': 'gpu_hist', 'lambda': 5.695798591664761, 'alpha': 1.0009905548374054, 'colsample_bytree': 0.5890791933340344, 'subsample': 0.6283562012924283, 'learning_rate': 0.016310245195804932, 'max_depth': 11, 'min_child_weight': 5, 'eval_metric': 'rmse'}. Best is trial 463 with value: 0.12284958614550846.
start listen on 192.168.1.101:59635
@tracker All of 1 nodes getting started
@tracker All nodes finishes job
Trial 513 finished with value: 0.12541539670083393 and parameters: {'objective': 'reg:squarederror', 'tree_method': 'gpu_hist', 'lambda': 7.5087209245862905, 'alpha': 1.3971236669179103, 'colsample_bytree': 0.5854215465950964, 'subsample': 0.9896386668347914, 'learning_rate': 0.0147880979230416, 'max_depth': 17, 'min_child_weight': 1, 'eval_metric': 'rmse'}. Best is trial 463 with value: 0.12284958614550846.
start listen on 192.168.1.101:41639
@tracker All of 1 nodes getting started
@tracker All nodes finishes job
Trial 514 finished with value: 0.12467952673781313 and parameters: {'objective': 'reg:squarederror', 'tree_method': 'gpu_hist', 'lambda': 4.885776064511999, 'alpha': 0.836023043249108, 'colsample_bytree': 0.6171673138545014, 'subsample': 0.6019059510792474, 'learning_rate': 0.013651798029716042, 'max_depth': 11, 'min_child_weight': 10, 'eval_metric': 'rmse'}. Best is trial 463 with value: 0.12284958614550846.
start listen on 192.168.1.101:51693
@tracker All of 1 nodes getting started
@tracker All nodes finishes job
Trial 515 finished with value: 0.12509475898396896 and parameters: {'objective': 'reg:squarederror', 'tree_method': 'gpu_hist', 'lambda': 6.2966238133932695, 'alpha': 1.196751321370559, 'colsample_bytree': 0.5933842470156935, 'subsample': 0.5743551335443632, 'learning_rate': 0.014288986090804355, 'max_depth': 11, 'min_child_weight': 18, 'eval_metric': 'rmse'}. Best is trial 463 with value: 0.12284958614550846.
start listen on 192.168.1.101:55839
@tracker All of 1 nodes getting started
@tracker All nodes finishes job
Trial 516 finished with value: 0.1315628170598551 and parameters: {'objective': 'reg:squarederror', 'tree_method': 'gpu_hist', 'lambda': 9.939016123861103, 'alpha': 1.5627487779738183, 'colsample_bytree': 0.6097899418241498, 'subsample': 0.5940377957541242, 'learning_rate': 0.012585273122916562, 'max_depth': 11, 'min_child_weight': 39, 'eval_metric': 'rmse'}. Best is trial 463 with value: 0.12284958614550846.
start listen on 192.168.1.101:45821
@tracker All of 1 nodes getting started
@tracker All nodes finishes job
Trial 517 finished with value: 0.12342500711111631 and parameters: {'objective': 'reg:squarederror', 'tree_method': 'gpu_hist', 'lambda': 8.377660377574475, 'alpha': 0.9363776628189663, 'colsample_bytree': 0.6293208204118534, 'subsample': 0.5606436036683288, 'learning_rate': 0.01662183431961606, 'max_depth': 11, 'min_child_weight': 7, 'eval_metric': 'rmse'}. Best is trial 463 with value: 0.12284958614550846.
start listen on 192.168.1.101:54137
@tracker All of 1 nodes getting started
@tracker All nodes finishes job
Trial 518 finished with value: 0.12435106999799901 and parameters: {'objective': 'reg:squarederror', 'tree_method': 'gpu_hist', 'lambda': 7.2259642618143465, 'alpha': 1.0342510836841, 'colsample_bytree': 0.6395649721586726, 'subsample': 0.8907841161488192, 'learning_rate': 0.015464002018199396, 'max_depth': 11, 'min_child_weight': 14, 'eval_metric': 'rmse'}. Best is trial 463 with value: 0.12284958614550846.
start listen on 192.168.1.101:42457
@tracker All of 1 nodes getting started
@tracker All nodes finishes job
Trial 519 finished with value: 0.1520792434889764 and parameters: {'objective': 'reg:squarederror', 'tree_method': 'gpu_hist', 'lambda': 9.953550886713455, 'alpha': 1.2836633403652469, 'colsample_bytree': 0.6577876216563945, 'subsample': 0.6176023346821551, 'learning_rate': 0.012081126057783083, 'max_depth': 11, 'min_child_weight': 144, 'eval_metric': 'rmse'}. Best is trial 463 with value: 0.12284958614550846.
start listen on 192.168.1.101:38113
@tracker All of 1 nodes getting started
@tracker All nodes finishes job
Trial 520 finished with value: 0.12434818437292416 and parameters: {'objective': 'reg:squarederror', 'tree_method': 'gpu_hist', 'lambda': 5.737565685373845, 'alpha': 0.7812082835879262, 'colsample_bytree': 0.6737717326716237, 'subsample': 0.5810972515483268, 'learning_rate': 0.01845231336534747, 'max_depth': 7, 'min_child_weight': 1, 'eval_metric': 'rmse'}. Best is trial 463 with value: 0.12284958614550846.
start listen on 192.168.1.101:35961
@tracker All of 1 nodes getting started
@tracker All nodes finishes job
Trial 521 finished with value: 0.12547491092745003 and parameters: {'objective': 'reg:squarederror', 'tree_method': 'gpu_hist', 'lambda': 1.4254675147947706, 'alpha': 1.5992513313889178, 'colsample_bytree': 0.7040344772578865, 'subsample': 0.6100296863803994, 'learning_rate': 0.013940147877572362, 'max_depth': 9, 'min_child_weight': 20, 'eval_metric': 'rmse'}. Best is trial 463 with value: 0.12284958614550846.
start listen on 192.168.1.101:45063
@tracker All of 1 nodes getting started
@tracker All nodes finishes job
Trial 522 finished with value: 0.1235445930836009 and parameters: {'objective': 'reg:squarederror', 'tree_method': 'gpu_hist', 'lambda': 7.756459397678026, 'alpha': 1.0856357342123293, 'colsample_bytree': 0.6526239461287252, 'subsample': 0.6317070450304731, 'learning_rate': 0.01317687554768856, 'max_depth': 20, 'min_child_weight': 10, 'eval_metric': 'rmse'}. Best is trial 463 with value: 0.12284958614550846.
start listen on 192.168.1.101:34317
@tracker All of 1 nodes getting started
@tracker All nodes finishes job
Trial 523 finished with value: 0.12472302704928517 and parameters: {'objective': 'reg:squarederror', 'tree_method': 'gpu_hist', 'lambda': 6.421311147249171, 'alpha': 2.020592757737748, 'colsample_bytree': 0.7674458876180721, 'subsample': 0.5981384367374386, 'learning_rate': 0.025424410671183867, 'max_depth': 20, 'min_child_weight': 15, 'eval_metric': 'rmse'}. Best is trial 463 with value: 0.12284958614550846.
start listen on 192.168.1.101:53533
@tracker All of 1 nodes getting started
@tracker All nodes finishes job
Trial 524 finished with value: 0.12453684022873342 and parameters: {'objective': 'reg:squarederror', 'tree_method': 'gpu_hist', 'lambda': 3.958686503243383, 'alpha': 0.8499363823368508, 'colsample_bytree': 0.6862347515034614, 'subsample': 0.6217509409014729, 'learning_rate': 0.011473898808592469, 'max_depth': 20, 'min_child_weight': 6, 'eval_metric': 'rmse'}. Best is trial 463 with value: 0.12284958614550846.
start listen on 192.168.1.101:39839
@tracker All of 1 nodes getting started
@tracker All nodes finishes job
Trial 525 finished with value: 0.1258402488613289 and parameters: {'objective': 'reg:squarederror', 'tree_method': 'gpu_hist', 'lambda': 8.26060743627441, 'alpha': 1.3937077477060655, 'colsample_bytree': 0.6009800614826355, 'subsample': 0.6065265841727845, 'learning_rate': 0.015833583871052253, 'max_depth': 20, 'min_child_weight': 25, 'eval_metric': 'rmse'}. Best is trial 463 with value: 0.12284958614550846.
start listen on 192.168.1.101:40241
@tracker All of 1 nodes getting started
@tracker All nodes finishes job
Trial 526 finished with value: 0.12427628227139609 and parameters: {'objective': 'reg:squarederror', 'tree_method': 'gpu_hist', 'lambda': 5.172754754872655, 'alpha': 0.6768693956598559, 'colsample_bytree': 0.60207904586435, 'subsample': 0.913835022928855, 'learning_rate': 0.012782133821336644, 'max_depth': 20, 'min_child_weight': 6, 'eval_metric': 'rmse'}. Best is trial 463 with value: 0.12284958614550846.
start listen on 192.168.1.101:60643
@tracker All of 1 nodes getting started
@tracker All nodes finishes job
Trial 527 finished with value: 0.12423627997469383 and parameters: {'objective': 'reg:squarederror', 'tree_method': 'gpu_hist', 'lambda': 9.959035718216898, 'alpha': 0.9634203059856654, 'colsample_bytree': 0.6690262634172639, 'subsample': 0.5860718068281331, 'learning_rate': 0.01095813967385514, 'max_depth': 20, 'min_child_weight': 13, 'eval_metric': 'rmse'}. Best is trial 463 with value: 0.12284958614550846.
start listen on 192.168.1.101:41399
@tracker All of 1 nodes getting started
@tracker All nodes finishes job
Trial 528 finished with value: 0.12486687101293466 and parameters: {'objective': 'reg:squarederror', 'tree_method': 'gpu_hist', 'lambda': 7.095733660846904, 'alpha': 0.0052867873938498644, 'colsample_bytree': 0.7068833982397694, 'subsample': 0.5963510482913815, 'learning_rate': 0.011992151514308132, 'max_depth': 20, 'min_child_weight': 22, 'eval_metric': 'rmse'}. Best is trial 463 with value: 0.12284958614550846.
start listen on 192.168.1.101:48327
@tracker All of 1 nodes getting started
@tracker All nodes finishes job
Trial 529 finished with value: 0.12344361749277812 and parameters: {'objective': 'reg:squarederror', 'tree_method': 'gpu_hist', 'lambda': 8.45213315774427, 'alpha': 1.2119002111541153, 'colsample_bytree': 0.7242287377198079, 'subsample': 0.6142916934609712, 'learning_rate': 0.014437767312782504, 'max_depth': 11, 'min_child_weight': 6, 'eval_metric': 'rmse'}. Best is trial 463 with value: 0.12284958614550846.
start listen on 192.168.1.101:46183
@tracker All of 1 nodes getting started
@tracker All nodes finishes job
Trial 530 finished with value: 0.12412882566682885 and parameters: {'objective': 'reg:squarederror', 'tree_method': 'gpu_hist', 'lambda': 6.282718236878993, 'alpha': 2.5683468334775394, 'colsample_bytree': 0.6944375534197553, 'subsample': 0.6418345710077639, 'learning_rate': 0.01757684488578216, 'max_depth': 20, 'min_child_weight': 1, 'eval_metric': 'rmse'}. Best is trial 463 with value: 0.12284958614550846.
start listen on 192.168.1.101:43513
@tracker All of 1 nodes getting started
@tracker All nodes finishes job
Trial 531 finished with value: 0.12456723442995118 and parameters: {'objective': 'reg:squarederror', 'tree_method': 'gpu_hist', 'lambda': 7.574694262883987, 'alpha': 1.8165628298440004, 'colsample_bytree': 0.6237596943494297, 'subsample': 0.5783618429824648, 'learning_rate': 0.0140923713482553, 'max_depth': 15, 'min_child_weight': 14, 'eval_metric': 'rmse'}. Best is trial 463 with value: 0.12284958614550846.
start listen on 192.168.1.101:43127
@tracker All of 1 nodes getting started
@tracker All nodes finishes job
Trial 532 finished with value: 0.12397310874173859 and parameters: {'objective': 'reg:squarederror', 'tree_method': 'gpu_hist', 'lambda': 9.9698062235159, 'alpha': 0.8829457810238003, 'colsample_bytree': 0.6794822471777665, 'subsample': 0.6266108022726492, 'learning_rate': 0.012893038343414704, 'max_depth': 20, 'min_child_weight': 18, 'eval_metric': 'rmse'}. Best is trial 463 with value: 0.12284958614550846.
start listen on 192.168.1.101:45363
@tracker All of 1 nodes getting started
@tracker All nodes finishes job
Trial 533 finished with value: 0.12525338563673544 and parameters: {'objective': 'reg:squarederror', 'tree_method': 'gpu_hist', 'lambda': 4.580034146010727, 'alpha': 1.1223498354258203, 'colsample_bytree': 0.7515920764993644, 'subsample': 0.6027421618498463, 'learning_rate': 0.02049414951182786, 'max_depth': 20, 'min_child_weight': 10, 'eval_metric': 'rmse'}. Best is trial 463 with value: 0.12284958614550846.
start listen on 192.168.1.101:33683
@tracker All of 1 nodes getting started
@tracker All nodes finishes job
Trial 534 finished with value: 0.12315097277787568 and parameters: {'objective': 'reg:squarederror', 'tree_method': 'gpu_hist', 'lambda': 6.266022739166283, 'alpha': 1.3922014081545364, 'colsample_bytree': 0.7126903627516078, 'subsample': 0.5910470591675119, 'learning_rate': 0.015332364935849762, 'max_depth': 20, 'min_child_weight': 10, 'eval_metric': 'rmse'}. Best is trial 463 with value: 0.12284958614550846.
start listen on 192.168.1.101:60517
@tracker All of 1 nodes getting started
@tracker All nodes finishes job
Trial 535 finished with value: 0.1277070752800704 and parameters: {'objective': 'reg:squarederror', 'tree_method': 'gpu_hist', 'lambda': 0.590366831189031, 'alpha': 0.765464155751665, 'colsample_bytree': 0.7171805106557767, 'subsample': 0.5509238256334186, 'learning_rate': 0.010661935736462819, 'max_depth': 20, 'min_child_weight': 28, 'eval_metric': 'rmse'}. Best is trial 463 with value: 0.12284958614550846.
start listen on 192.168.1.101:42487
@tracker All of 1 nodes getting started
@tracker All nodes finishes job
Trial 536 finished with value: 0.12641797049377365 and parameters: {'objective': 'reg:squarederror', 'tree_method': 'gpu_hist', 'lambda': 7.295951135445755, 'alpha': 1.0413433363051317, 'colsample_bytree': 0.7320057062838947, 'subsample': 0.584261272608411, 'learning_rate': 0.016286767135556848, 'max_depth': 5, 'min_child_weight': 6, 'eval_metric': 'rmse'}. Best is trial 463 with value: 0.12284958614550846.
start listen on 192.168.1.101:46713
@tracker All of 1 nodes getting started
@tracker All nodes finishes job
Trial 537 finished with value: 0.1387617979723526 and parameters: {'objective': 'reg:squarederror', 'tree_method': 'gpu_hist', 'lambda': 0.004344407763541175, 'alpha': 1.3367802881329227, 'colsample_bytree': 0.7077319023298119, 'subsample': 0.5652068567646302, 'learning_rate': 0.006666566139519049, 'max_depth': 3, 'min_child_weight': 1, 'eval_metric': 'rmse'}. Best is trial 463 with value: 0.12284958614550846.
start listen on 192.168.1.101:35413
@tracker All of 1 nodes getting started
@tracker All nodes finishes job
Trial 538 finished with value: 0.12446092286793294 and parameters: {'objective': 'reg:squarederror', 'tree_method': 'gpu_hist', 'lambda': 8.690892223132257, 'alpha': 0.6927689982062184, 'colsample_bytree': 0.716896585454201, 'subsample': 0.5915840121590152, 'learning_rate': 0.011458604604165352, 'max_depth': 20, 'min_child_weight': 17, 'eval_metric': 'rmse'}. Best is trial 463 with value: 0.12284958614550846.
start listen on 192.168.1.101:52323
@tracker All of 1 nodes getting started
@tracker All nodes finishes job
Trial 539 finished with value: 0.12386151485499253 and parameters: {'objective': 'reg:squarederror', 'tree_method': 'gpu_hist', 'lambda': 6.560661946273561, 'alpha': 1.674577546361536, 'colsample_bytree': 0.7423137693612345, 'subsample': 0.5711418574116108, 'learning_rate': 0.01565489206950652, 'max_depth': 20, 'min_child_weight': 11, 'eval_metric': 'rmse'}. Best is trial 463 with value: 0.12284958614550846.
start listen on 192.168.1.101:59435
@tracker All of 1 nodes getting started
@tracker All nodes finishes job
Trial 540 finished with value: 0.1291917967367716 and parameters: {'objective': 'reg:squarederror', 'tree_method': 'gpu_hist', 'lambda': 8.299657540376613, 'alpha': 0.9238692714696319, 'colsample_bytree': 0.6951330614168246, 'subsample': 0.9506837187009524, 'learning_rate': 0.018444635052792775, 'max_depth': 20, 'min_child_weight': 47, 'eval_metric': 'rmse'}. Best is trial 463 with value: 0.12284958614550846.
start listen on 192.168.1.101:42087
@tracker All of 1 nodes getting started
@tracker All nodes finishes job
Trial 541 finished with value: 0.1254009651001441 and parameters: {'objective': 'reg:squarederror', 'tree_method': 'gpu_hist', 'lambda': 6.39819740253498, 'alpha': 1.2164987914657976, 'colsample_bytree': 0.7276058043660912, 'subsample': 0.5940033055243374, 'learning_rate': 0.00990815189774766, 'max_depth': 20, 'min_child_weight': 22, 'eval_metric': 'rmse'}. Best is trial 463 with value: 0.12284958614550846.
start listen on 192.168.1.101:48679
@tracker All of 1 nodes getting started
@tracker All nodes finishes job
Trial 542 finished with value: 0.12342119498603203 and parameters: {'objective': 'reg:squarederror', 'tree_method': 'gpu_hist', 'lambda': 8.356640130265843, 'alpha': 0.7545479467953202, 'colsample_bytree': 0.7120678321621606, 'subsample': 0.5838455069637337, 'learning_rate': 0.013155478111960656, 'max_depth': 20, 'min_child_weight': 8, 'eval_metric': 'rmse'}. Best is trial 463 with value: 0.12284958614550846.
start listen on 192.168.1.101:49387
@tracker All of 1 nodes getting started
@tracker All nodes finishes job
Trial 543 finished with value: 0.12352813509075979 and parameters: {'objective': 'reg:squarederror', 'tree_method': 'gpu_hist', 'lambda': 5.36648984500946, 'alpha': 0.5247126475836387, 'colsample_bytree': 0.7025012981043678, 'subsample': 0.6060306790421701, 'learning_rate': 0.012178533581047027, 'max_depth': 20, 'min_child_weight': 16, 'eval_metric': 'rmse'}. Best is trial 463 with value: 0.12284958614550846.
start listen on 192.168.1.101:57899
@tracker All of 1 nodes getting started
@tracker All nodes finishes job
Trial 544 finished with value: 0.12410896912925161 and parameters: {'objective': 'reg:squarederror', 'tree_method': 'gpu_hist', 'lambda': 9.945818434960481, 'alpha': 1.0362111727847825, 'colsample_bytree': 0.7355086234812583, 'subsample': 0.5693136049648054, 'learning_rate': 0.0146137841470063, 'max_depth': 20, 'min_child_weight': 6, 'eval_metric': 'rmse'}. Best is trial 463 with value: 0.12284958614550846.
start listen on 192.168.1.101:58473
@tracker All of 1 nodes getting started
@tracker All nodes finishes job
