Trial 83 finished with value: 0.12504897823915903 and parameters: {'objective': 'reg:squarederror', 'tree_method': 'gpu_hist', 'lambda': 3.187431509298384, 'alpha': 0.10141813097606815, 'colsample_bytree': 0.6896802212344357, 'subsample': 0.6565188700085652, 'learning_rate': 0.010757901274924167, 'max_depth': 13, 'min_child_weight': 1, 'eval_metric': 'rmse'}. Best is trial 76 with value: 0.12389551575268011.
start listen on 192.168.1.101:49171
@tracker All of 1 nodes getting started
@tracker All nodes finishes job
Trial 84 finished with value: 0.12565928757976255 and parameters: {'objective': 'reg:squarederror', 'tree_method': 'gpu_hist', 'lambda': 1.5496873168878575, 'alpha': 0.1354174713935522, 'colsample_bytree': 0.6767886903800541, 'subsample': 0.6765716453356989, 'learning_rate': 0.022313934517891154, 'max_depth': 13, 'min_child_weight': 27, 'eval_metric': 'rmse'}. Best is trial 76 with value: 0.12389551575268011.
start listen on 192.168.1.101:45879
@tracker All of 1 nodes getting started
@tracker All nodes finishes job
Trial 85 finished with value: 0.12407962512482668 and parameters: {'objective': 'reg:squarederror', 'tree_method': 'gpu_hist', 'lambda': 4.576296547653467, 'alpha': 0.2617501968486649, 'colsample_bytree': 0.7482611516386343, 'subsample': 0.6253606094135318, 'learning_rate': 0.007925518251773787, 'max_depth': 13, 'min_child_weight': 6, 'eval_metric': 'rmse'}. Best is trial 76 with value: 0.12389551575268011.
start listen on 192.168.1.101:57983
@tracker All of 1 nodes getting started
@tracker All nodes finishes job
Trial 86 finished with value: 0.12673049573968334 and parameters: {'objective': 'reg:squarederror', 'tree_method': 'gpu_hist', 'lambda': 6.007277686946887, 'alpha': 0.22692869810414898, 'colsample_bytree': 0.7469186678165852, 'subsample': 0.6876077453414047, 'learning_rate': 0.006382568435936268, 'max_depth': 13, 'min_child_weight': 19, 'eval_metric': 'rmse'}. Best is trial 76 with value: 0.12389551575268011.
start listen on 192.168.1.101:34419
@tracker All of 1 nodes getting started
@tracker All nodes finishes job
Trial 87 finished with value: 0.12827808024721626 and parameters: {'objective': 'reg:squarederror', 'tree_method': 'gpu_hist', 'lambda': 2.6524624917905864, 'alpha': 0.28462733390765127, 'colsample_bytree': 0.7190287053286911, 'subsample': 0.7007091034024671, 'learning_rate': 0.007659315821976208, 'max_depth': 13, 'min_child_weight': 34, 'eval_metric': 'rmse'}. Best is trial 76 with value: 0.12389551575268011.
start listen on 192.168.1.101:43445
@tracker All of 1 nodes getting started
@tracker All nodes finishes job
Trial 88 finished with value: 0.13534285540881472 and parameters: {'objective': 'reg:squarederror', 'tree_method': 'gpu_hist', 'lambda': 5.204462501255849, 'alpha': 0.17582247329191597, 'colsample_bytree': 0.7358447911052541, 'subsample': 0.6277468831175974, 'learning_rate': 0.005020481110655123, 'max_depth': 13, 'min_child_weight': 46, 'eval_metric': 'rmse'}. Best is trial 76 with value: 0.12389551575268011.
start listen on 192.168.1.101:48659
@tracker All of 1 nodes getting started
@tracker All nodes finishes job
Trial 89 finished with value: 0.1253040688821515 and parameters: {'objective': 'reg:squarederror', 'tree_method': 'gpu_hist', 'lambda': 1.1300548750578803, 'alpha': 0.06782538192864423, 'colsample_bytree': 0.6316326229984038, 'subsample': 0.7655570286433021, 'learning_rate': 0.00652554005607444, 'max_depth': 13, 'min_child_weight': 6, 'eval_metric': 'rmse'}. Best is trial 76 with value: 0.12389551575268011.
start listen on 192.168.1.101:54461
@tracker All of 1 nodes getting started
@tracker All nodes finishes job
Trial 90 finished with value: 0.1266974518481195 and parameters: {'objective': 'reg:squarederror', 'tree_method': 'gpu_hist', 'lambda': 2.001362386784524, 'alpha': 0.4565245736547301, 'colsample_bytree': 0.7667209737939319, 'subsample': 0.6193477405737005, 'learning_rate': 0.008520406591883686, 'max_depth': 13, 'min_child_weight': 26, 'eval_metric': 'rmse'}. Best is trial 76 with value: 0.12389551575268011.
start listen on 192.168.1.101:55537
@tracker All of 1 nodes getting started
@tracker All nodes finishes job
Trial 91 finished with value: 0.1265781938969657 and parameters: {'objective': 'reg:squarederror', 'tree_method': 'gpu_hist', 'lambda': 3.820436870153566, 'alpha': 0.3447403696394956, 'colsample_bytree': 0.679538939302708, 'subsample': 0.6621676514954102, 'learning_rate': 0.020343716666259642, 'max_depth': 13, 'min_child_weight': 6, 'eval_metric': 'rmse'}. Best is trial 76 with value: 0.12389551575268011.
start listen on 192.168.1.101:54273
@tracker All of 1 nodes getting started
@tracker All nodes finishes job
Trial 92 finished with value: 0.1247018859946368 and parameters: {'objective': 'reg:squarederror', 'tree_method': 'gpu_hist', 'lambda': 7.456166370362599, 'alpha': 0.11047411158259038, 'colsample_bytree': 0.7093274648995143, 'subsample': 0.6449125808059653, 'learning_rate': 0.01732424993038143, 'max_depth': 13, 'min_child_weight': 6, 'eval_metric': 'rmse'}. Best is trial 76 with value: 0.12389551575268011.
start listen on 192.168.1.101:39451
@tracker All of 1 nodes getting started
@tracker All nodes finishes job
Trial 93 finished with value: 0.12383030264402829 and parameters: {'objective': 'reg:squarederror', 'tree_method': 'gpu_hist', 'lambda': 8.662649789529455, 'alpha': 0.25605817458150987, 'colsample_bytree': 0.9237733754112777, 'subsample': 0.6467046619795329, 'learning_rate': 0.016977506240677533, 'max_depth': 13, 'min_child_weight': 17, 'eval_metric': 'rmse'}. Best is trial 93 with value: 0.12383030264402829.
start listen on 192.168.1.101:47135
@tracker All of 1 nodes getting started
@tracker All nodes finishes job
Trial 94 finished with value: 0.12414786974296024 and parameters: {'objective': 'reg:squarederror', 'tree_method': 'gpu_hist', 'lambda': 7.2770538463350976, 'alpha': 0.25130526708841816, 'colsample_bytree': 0.9288828807765035, 'subsample': 0.6449207445479017, 'learning_rate': 0.016545317192314037, 'max_depth': 13, 'min_child_weight': 17, 'eval_metric': 'rmse'}. Best is trial 93 with value: 0.12383030264402829.
start listen on 192.168.1.101:51201
@tracker All of 1 nodes getting started
@tracker All nodes finishes job
Trial 95 finished with value: 0.12423900778009415 and parameters: {'objective': 'reg:squarederror', 'tree_method': 'gpu_hist', 'lambda': 9.53251433084848, 'alpha': 0.2550973374181453, 'colsample_bytree': 0.9661935756818617, 'subsample': 0.6008309148450692, 'learning_rate': 0.009723355853801687, 'max_depth': 13, 'min_child_weight': 14, 'eval_metric': 'rmse'}. Best is trial 93 with value: 0.12383030264402829.
start listen on 192.168.1.101:33815
@tracker All of 1 nodes getting started
@tracker All nodes finishes job
Trial 96 finished with value: 0.12452878604557846 and parameters: {'objective': 'reg:squarederror', 'tree_method': 'gpu_hist', 'lambda': 4.572730019288723, 'alpha': 0.24290643438704343, 'colsample_bytree': 0.9634444983377144, 'subsample': 0.6023667002776281, 'learning_rate': 0.011329640910830177, 'max_depth': 13, 'min_child_weight': 16, 'eval_metric': 'rmse'}. Best is trial 93 with value: 0.12383030264402829.
start listen on 192.168.1.101:50891
@tracker All of 1 nodes getting started
@tracker All nodes finishes job
Trial 97 finished with value: 0.1545299437377994 and parameters: {'objective': 'reg:squarederror', 'tree_method': 'gpu_hist', 'lambda': 7.605927427862884, 'alpha': 0.6337223755990461, 'colsample_bytree': 0.8993488893684711, 'subsample': 0.67826813810795, 'learning_rate': 0.009682858147759384, 'max_depth': 13, 'min_child_weight': 165, 'eval_metric': 'rmse'}. Best is trial 93 with value: 0.12383030264402829.
start listen on 192.168.1.101:56209
@tracker All of 1 nodes getting started
@tracker All nodes finishes job
Trial 98 finished with value: 0.12647393889997552 and parameters: {'objective': 'reg:squarederror', 'tree_method': 'gpu_hist', 'lambda': 9.868115367797031, 'alpha': 0.15587085027520245, 'colsample_bytree': 0.9238818416870833, 'subsample': 0.6003735174877578, 'learning_rate': 0.014499712675883463, 'max_depth': 13, 'min_child_weight': 34, 'eval_metric': 'rmse'}. Best is trial 93 with value: 0.12383030264402829.
start listen on 192.168.1.101:41147
@tracker All of 1 nodes getting started
@tracker All nodes finishes job
Trial 99 finished with value: 0.12551272181525144 and parameters: {'objective': 'reg:squarederror', 'tree_method': 'gpu_hist', 'lambda': 6.6424560239390935, 'alpha': 0.5325252602169248, 'colsample_bytree': 0.9726249872124625, 'subsample': 0.6286236956009177, 'learning_rate': 0.0126882150926092, 'max_depth': 7, 'min_child_weight': 18, 'eval_metric': 'rmse'}. Best is trial 93 with value: 0.12383030264402829.
start listen on 192.168.1.101:44357
@tracker All of 1 nodes getting started
@tracker All nodes finishes job
Trial 100 finished with value: 0.12597012097904597 and parameters: {'objective': 'reg:squarederror', 'tree_method': 'gpu_hist', 'lambda': 5.1963158887906165, 'alpha': 0.05374089258438763, 'colsample_bytree': 0.9147767052778116, 'subsample': 0.5695269154354576, 'learning_rate': 0.016201993282245003, 'max_depth': 13, 'min_child_weight': 27, 'eval_metric': 'rmse'}. Best is trial 93 with value: 0.12383030264402829.
start listen on 192.168.1.101:44545
@tracker All of 1 nodes getting started
@tracker All nodes finishes job
Trial 101 finished with value: 0.1244330564380687 and parameters: {'objective': 'reg:squarederror', 'tree_method': 'gpu_hist', 'lambda': 4.4067064444230395, 'alpha': 0.2498106234592183, 'colsample_bytree': 0.9587627094313929, 'subsample': 0.6140978545419034, 'learning_rate': 0.011110100141226466, 'max_depth': 13, 'min_child_weight': 15, 'eval_metric': 'rmse'}. Best is trial 93 with value: 0.12383030264402829.
start listen on 192.168.1.101:41181
@tracker All of 1 nodes getting started
@tracker All nodes finishes job
Trial 102 finished with value: 0.1252181248449109 and parameters: {'objective': 'reg:squarederror', 'tree_method': 'gpu_hist', 'lambda': 4.2093022610624296, 'alpha': 0.19469379889583907, 'colsample_bytree': 0.9896357003215724, 'subsample': 0.5813546141685446, 'learning_rate': 0.008161579954664006, 'max_depth': 13, 'min_child_weight': 1, 'eval_metric': 'rmse'}. Best is trial 93 with value: 0.12383030264402829.
start listen on 192.168.1.101:56997
@tracker All of 1 nodes getting started
@tracker All nodes finishes job
Trial 103 finished with value: 0.1253798866953281 and parameters: {'objective': 'reg:squarederror', 'tree_method': 'gpu_hist', 'lambda': 2.576091816065106, 'alpha': 0.091032876523696, 'colsample_bytree': 0.9479557710127041, 'subsample': 0.6478979341743264, 'learning_rate': 0.011198761027802909, 'max_depth': 20, 'min_child_weight': 11, 'eval_metric': 'rmse'}. Best is trial 93 with value: 0.12383030264402829.
start listen on 192.168.1.101:54813
@tracker All of 1 nodes getting started
@tracker All nodes finishes job
Trial 104 finished with value: 0.12517073322228842 and parameters: {'objective': 'reg:squarederror', 'tree_method': 'gpu_hist', 'lambda': 6.07050501655298, 'alpha': 0.32906251209324155, 'colsample_bytree': 0.8912920376663402, 'subsample': 0.6115843341390573, 'learning_rate': 0.009220148388949457, 'max_depth': 13, 'min_child_weight': 21, 'eval_metric': 'rmse'}. Best is trial 93 with value: 0.12383030264402829.
start listen on 192.168.1.101:44357
@tracker All of 1 nodes getting started
@tracker All nodes finishes job
Trial 105 finished with value: 0.125596253334938 and parameters: {'objective': 'reg:squarederror', 'tree_method': 'gpu_hist', 'lambda': 8.02644301376336, 'alpha': 0.2637877454366203, 'colsample_bytree': 0.8659463769110556, 'subsample': 0.5475013244154493, 'learning_rate': 0.009791188351113922, 'max_depth': 9, 'min_child_weight': 14, 'eval_metric': 'rmse'}. Best is trial 93 with value: 0.12383030264402829.
start listen on 192.168.1.101:35503
@tracker All of 1 nodes getting started
@tracker All nodes finishes job
Trial 106 finished with value: 0.12654792895478276 and parameters: {'objective': 'reg:squarederror', 'tree_method': 'gpu_hist', 'lambda': 4.8866401495482155, 'alpha': 0.8608266332118824, 'colsample_bytree': 0.9663637720670238, 'subsample': 0.6225160684599373, 'learning_rate': 0.01876548035671583, 'max_depth': 13, 'min_child_weight': 38, 'eval_metric': 'rmse'}. Best is trial 93 with value: 0.12383030264402829.
start listen on 192.168.1.101:34241
@tracker All of 1 nodes getting started
@tracker All nodes finishes job
Trial 107 finished with value: 0.12571050283848223 and parameters: {'objective': 'reg:squarederror', 'tree_method': 'gpu_hist', 'lambda': 3.075612830235745, 'alpha': 0.4668443199194792, 'colsample_bytree': 0.9178342608239636, 'subsample': 0.6380476590463036, 'learning_rate': 0.024148530007654156, 'max_depth': 13, 'min_child_weight': 30, 'eval_metric': 'rmse'}. Best is trial 93 with value: 0.12383030264402829.
start listen on 192.168.1.101:47669
@tracker All of 1 nodes getting started
@tracker All nodes finishes job
Trial 108 finished with value: 0.1258002559966249 and parameters: {'objective': 'reg:squarederror', 'tree_method': 'gpu_hist', 'lambda': 9.85899414997795, 'alpha': 0.37235740807316936, 'colsample_bytree': 0.9841031127940408, 'subsample': 0.6897231032693992, 'learning_rate': 0.02736840112010319, 'max_depth': 5, 'min_child_weight': 7, 'eval_metric': 'rmse'}. Best is trial 93 with value: 0.12383030264402829.
start listen on 192.168.1.101:36069
@tracker All of 1 nodes getting started
@tracker All nodes finishes job
Trial 109 finished with value: 0.1242496277937486 and parameters: {'objective': 'reg:squarederror', 'tree_method': 'gpu_hist', 'lambda': 7.333687905678642, 'alpha': 0.19945952309988943, 'colsample_bytree': 0.9442140625269774, 'subsample': 0.7243263187229372, 'learning_rate': 0.01266504873774423, 'max_depth': 13, 'min_child_weight': 23, 'eval_metric': 'rmse'}. Best is trial 93 with value: 0.12383030264402829.
start listen on 192.168.1.101:57897
@tracker All of 1 nodes getting started
@tracker All nodes finishes job
Trial 110 finished with value: 0.13647461583863482 and parameters: {'objective': 'reg:squarederror', 'tree_method': 'gpu_hist', 'lambda': 2.1583676858667933, 'alpha': 0.189551100166912, 'colsample_bytree': 0.9350054056514737, 'subsample': 0.7896387672569395, 'learning_rate': 0.012335029020297664, 'max_depth': 3, 'min_child_weight': 46, 'eval_metric': 'rmse'}. Best is trial 93 with value: 0.12383030264402829.
start listen on 192.168.1.101:35967
@tracker All of 1 nodes getting started
@tracker All nodes finishes job
Trial 111 finished with value: 0.1243678013731194 and parameters: {'objective': 'reg:squarederror', 'tree_method': 'gpu_hist', 'lambda': 6.058510681344655, 'alpha': 0.16109663159148865, 'colsample_bytree': 0.951141906848068, 'subsample': 0.7262715036192104, 'learning_rate': 0.013622589697668075, 'max_depth': 13, 'min_child_weight': 22, 'eval_metric': 'rmse'}. Best is trial 93 with value: 0.12383030264402829.
start listen on 192.168.1.101:55119
@tracker All of 1 nodes getting started
@tracker All nodes finishes job
Trial 112 finished with value: 0.12492805000384137 and parameters: {'objective': 'reg:squarederror', 'tree_method': 'gpu_hist', 'lambda': 6.8700409954162405, 'alpha': 0.14982483342142833, 'colsample_bytree': 0.9272120189186345, 'subsample': 0.7251404613844655, 'learning_rate': 0.01343137831906847, 'max_depth': 13, 'min_child_weight': 24, 'eval_metric': 'rmse'}. Best is trial 93 with value: 0.12383030264402829.
start listen on 192.168.1.101:47557
@tracker All of 1 nodes getting started
@tracker All nodes finishes job
Trial 113 finished with value: 0.12474079615105525 and parameters: {'objective': 'reg:squarederror', 'tree_method': 'gpu_hist', 'lambda': 8.41197088387111, 'alpha': 0.1344587159456303, 'colsample_bytree': 0.9467847075225184, 'subsample': 0.749035508092404, 'learning_rate': 0.01522129202731415, 'max_depth': 13, 'min_child_weight': 8, 'eval_metric': 'rmse'}. Best is trial 93 with value: 0.12383030264402829.
start listen on 192.168.1.101:60579
@tracker All of 1 nodes getting started
@tracker All nodes finishes job
Trial 114 finished with value: 0.12428003336859107 and parameters: {'objective': 'reg:squarederror', 'tree_method': 'gpu_hist', 'lambda': 6.228828748332127, 'alpha': 0.32366427946989224, 'colsample_bytree': 0.9764008294492807, 'subsample': 0.7001934641814019, 'learning_rate': 0.016494783250988104, 'max_depth': 13, 'min_child_weight': 21, 'eval_metric': 'rmse'}. Best is trial 93 with value: 0.12383030264402829.
start listen on 192.168.1.101:54411
@tracker All of 1 nodes getting started
@tracker All nodes finishes job
Trial 115 finished with value: 0.12616313324997022 and parameters: {'objective': 'reg:squarederror', 'tree_method': 'gpu_hist', 'lambda': 0.018789386668344704, 'alpha': 0.3109301413984615, 'colsample_bytree': 0.9840546609945073, 'subsample': 0.7052609468905696, 'learning_rate': 0.016894132834442084, 'max_depth': 17, 'min_child_weight': 31, 'eval_metric': 'rmse'}. Best is trial 93 with value: 0.12383030264402829.
start listen on 192.168.1.101:49545
@tracker All of 1 nodes getting started
@tracker All nodes finishes job
Trial 116 finished with value: 0.1256464275838986 and parameters: {'objective': 'reg:squarederror', 'tree_method': 'gpu_hist', 'lambda': 3.5455886575101023, 'alpha': 0.20800836796917418, 'colsample_bytree': 0.9069776245199077, 'subsample': 0.6803408006226875, 'learning_rate': 0.019341106495771535, 'max_depth': 11, 'min_child_weight': 13, 'eval_metric': 'rmse'}. Best is trial 93 with value: 0.12383030264402829.
start listen on 192.168.1.101:59993
@tracker All of 1 nodes getting started
@tracker All nodes finishes job
Trial 117 finished with value: 0.12658720806888038 and parameters: {'objective': 'reg:squarederror', 'tree_method': 'gpu_hist', 'lambda': 2.711671578027133, 'alpha': 0.5934806314994836, 'colsample_bytree': 0.8447040841209105, 'subsample': 0.6728440259345216, 'learning_rate': 0.015992351512862213, 'max_depth': 13, 'min_child_weight': 38, 'eval_metric': 'rmse'}. Best is trial 93 with value: 0.12383030264402829.
start listen on 192.168.1.101:58557
@tracker All of 1 nodes getting started
@tracker All nodes finishes job
Trial 118 finished with value: 0.13203690125778947 and parameters: {'objective': 'reg:squarederror', 'tree_method': 'gpu_hist', 'lambda': 5.687188929405968, 'alpha': 0.08337028228168927, 'colsample_bytree': 0.973186800837854, 'subsample': 0.7136518741972772, 'learning_rate': 0.010508366239173084, 'max_depth': 13, 'min_child_weight': 52, 'eval_metric': 'rmse'}. Best is trial 93 with value: 0.12383030264402829.
start listen on 192.168.1.101:44525
@tracker All of 1 nodes getting started
@tracker All nodes finishes job
Trial 119 finished with value: 0.12695193618532624 and parameters: {'objective': 'reg:squarederror', 'tree_method': 'gpu_hist', 'lambda': 1.8708408844123412, 'alpha': 0.4962097949222865, 'colsample_bytree': 0.9409899414253864, 'subsample': 0.6637406575269588, 'learning_rate': 0.007294257945507822, 'max_depth': 7, 'min_child_weight': 1, 'eval_metric': 'rmse'}. Best is trial 93 with value: 0.12383030264402829.
start listen on 192.168.1.101:42447
@tracker All of 1 nodes getting started
@tracker All nodes finishes job
Trial 120 finished with value: 0.12438299629718473 and parameters: {'objective': 'reg:squarederror', 'tree_method': 'gpu_hist', 'lambda': 9.31385461387316, 'alpha': 0.40278322307361364, 'colsample_bytree': 0.8763889696199479, 'subsample': 0.6939611890899918, 'learning_rate': 0.012238363507997695, 'max_depth': 9, 'min_child_weight': 19, 'eval_metric': 'rmse'}. Best is trial 93 with value: 0.12383030264402829.
start listen on 192.168.1.101:58467
@tracker All of 1 nodes getting started
@tracker All nodes finishes job
Trial 121 finished with value: 0.12433840073263504 and parameters: {'objective': 'reg:squarederror', 'tree_method': 'gpu_hist', 'lambda': 7.0417108369006725, 'alpha': 0.25915106791088777, 'colsample_bytree': 0.9971612483816279, 'subsample': 0.7407932039285071, 'learning_rate': 0.013704768608879096, 'max_depth': 13, 'min_child_weight': 23, 'eval_metric': 'rmse'}. Best is trial 93 with value: 0.12383030264402829.
start listen on 192.168.1.101:44439
@tracker All of 1 nodes getting started
@tracker All nodes finishes job
Trial 122 finished with value: 0.12516874491900115 and parameters: {'objective': 'reg:squarederror', 'tree_method': 'gpu_hist', 'lambda': 7.2385452610456955, 'alpha': 0.24874285006380853, 'colsample_bytree': 0.9954747798594402, 'subsample': 0.7415920752552019, 'learning_rate': 0.014847132313613901, 'max_depth': 13, 'min_child_weight': 10, 'eval_metric': 'rmse'}. Best is trial 93 with value: 0.12383030264402829.
start listen on 192.168.1.101:58267
@tracker All of 1 nodes getting started
@tracker All nodes finishes job
Trial 123 finished with value: 0.12419482195161181 and parameters: {'objective': 'reg:squarederror', 'tree_method': 'gpu_hist', 'lambda': 5.005158615222777, 'alpha': 0.7538995797837541, 'colsample_bytree': 0.9342328207237313, 'subsample': 0.7537949043395404, 'learning_rate': 0.01762013784347655, 'max_depth': 13, 'min_child_weight': 26, 'eval_metric': 'rmse'}. Best is trial 93 with value: 0.12383030264402829.
start listen on 192.168.1.101:38103
@tracker All of 1 nodes getting started
@tracker All nodes finishes job
Trial 124 finished with value: 0.12527076695896638 and parameters: {'objective': 'reg:squarederror', 'tree_method': 'gpu_hist', 'lambda': 4.318163747841183, 'alpha': 0.7615826673257745, 'colsample_bytree': 0.9678109346574321, 'subsample': 0.7600339527045334, 'learning_rate': 0.021667217993401655, 'max_depth': 13, 'min_child_weight': 27, 'eval_metric': 'rmse'}. Best is trial 93 with value: 0.12383030264402829.
start listen on 192.168.1.101:53097
@tracker All of 1 nodes getting started
@tracker All nodes finishes job
