Trial 671 finished with value: 0.12371101415633057 and parameters: {'objective': 'reg:squarederror', 'tree_method': 'gpu_hist', 'lambda': 5.415737032735927, 'alpha': 1.252944229784214, 'colsample_bytree': 0.7334106178918134, 'subsample': 0.6035521663005408, 'learning_rate': 0.013901400419701728, 'max_depth': 20, 'min_child_weight': 7, 'eval_metric': 'rmse'}. Best is trial 463 with value: 0.12284958614550846.
start listen on 192.168.1.101:35549
@tracker All of 1 nodes getting started
@tracker All nodes finishes job
Trial 672 finished with value: 0.12526275274254237 and parameters: {'objective': 'reg:squarederror', 'tree_method': 'gpu_hist', 'lambda': 8.45085143357918, 'alpha': 1.8664902187733179, 'colsample_bytree': 0.7187205372799828, 'subsample': 0.6229608761639829, 'learning_rate': 0.008329254394958366, 'max_depth': 20, 'min_child_weight': 16, 'eval_metric': 'rmse'}. Best is trial 463 with value: 0.12284958614550846.
start listen on 192.168.1.101:60207
@tracker All of 1 nodes getting started
@tracker All nodes finishes job
Trial 673 finished with value: 0.1265135040154401 and parameters: {'objective': 'reg:squarederror', 'tree_method': 'gpu_hist', 'lambda': 6.920941844303277, 'alpha': 1.011663000032976, 'colsample_bytree': 0.6980866734769016, 'subsample': 0.579110710427038, 'learning_rate': 0.011039168402550186, 'max_depth': 20, 'min_child_weight': 28, 'eval_metric': 'rmse'}. Best is trial 463 with value: 0.12284958614550846.
start listen on 192.168.1.101:34929
@tracker All of 1 nodes getting started
@tracker All nodes finishes job
Trial 674 finished with value: 0.12391986268454974 and parameters: {'objective': 'reg:squarederror', 'tree_method': 'gpu_hist', 'lambda': 6.08307322017168, 'alpha': 1.3648440101753787, 'colsample_bytree': 0.6858987490781312, 'subsample': 0.8151131668448742, 'learning_rate': 0.009418900536366646, 'max_depth': 20, 'min_child_weight': 6, 'eval_metric': 'rmse'}. Best is trial 463 with value: 0.12284958614550846.
start listen on 192.168.1.101:56831
@tracker All of 1 nodes getting started
@tracker All nodes finishes job
Trial 675 finished with value: 0.1232013378013476 and parameters: {'objective': 'reg:squarederror', 'tree_method': 'gpu_hist', 'lambda': 8.5391524817556, 'alpha': 1.0292692166096138, 'colsample_bytree': 0.6692744393108565, 'subsample': 0.6097514439628356, 'learning_rate': 0.01217308362472133, 'max_depth': 20, 'min_child_weight': 13, 'eval_metric': 'rmse'}. Best is trial 463 with value: 0.12284958614550846.
start listen on 192.168.1.101:51473
@tracker All of 1 nodes getting started
@tracker All nodes finishes job
Trial 676 finished with value: 0.12610560828750494 and parameters: {'objective': 'reg:squarederror', 'tree_method': 'gpu_hist', 'lambda': 8.640189675798737, 'alpha': 5.218077494885062, 'colsample_bytree': 0.6482794092072355, 'subsample': 0.6360205544338033, 'learning_rate': 0.014308026777143209, 'max_depth': 20, 'min_child_weight': 23, 'eval_metric': 'rmse'}. Best is trial 463 with value: 0.12284958614550846.
start listen on 192.168.1.101:41449
@tracker All of 1 nodes getting started
@tracker All nodes finishes job
Trial 677 finished with value: 0.2231784731287228 and parameters: {'objective': 'reg:squarederror', 'tree_method': 'gpu_hist', 'lambda': 7.665235258413522, 'alpha': 1.5701165028324706, 'colsample_bytree': 0.6550400184943388, 'subsample': 0.6537545230603246, 'learning_rate': 0.0011731825687479644, 'max_depth': 20, 'min_child_weight': 16, 'eval_metric': 'rmse'}. Best is trial 463 with value: 0.12284958614550846.
start listen on 192.168.1.101:44775
@tracker All of 1 nodes getting started
@tracker All nodes finishes job
Trial 678 finished with value: 0.12741040035457615 and parameters: {'objective': 'reg:squarederror', 'tree_method': 'gpu_hist', 'lambda': 9.891881706304872, 'alpha': 1.1269344872336442, 'colsample_bytree': 0.6693369915577017, 'subsample': 0.6171488994248472, 'learning_rate': 0.012587311422753222, 'max_depth': 17, 'min_child_weight': 32, 'eval_metric': 'rmse'}. Best is trial 463 with value: 0.12284958614550846.
start listen on 192.168.1.101:42219
@tracker All of 1 nodes getting started
@tracker All nodes finishes job
Trial 679 finished with value: 0.1282341948553047 and parameters: {'objective': 'reg:squarederror', 'tree_method': 'gpu_hist', 'lambda': 5.7139085834776076, 'alpha': 2.1854054106114207, 'colsample_bytree': 0.6421263069870168, 'subsample': 0.6287371591154864, 'learning_rate': 0.016172957785980324, 'max_depth': 20, 'min_child_weight': 40, 'eval_metric': 'rmse'}. Best is trial 463 with value: 0.12284958614550846.
start listen on 192.168.1.101:45761
@tracker All of 1 nodes getting started
@tracker All nodes finishes job
Trial 680 finished with value: 0.12601243884966004 and parameters: {'objective': 'reg:squarederror', 'tree_method': 'gpu_hist', 'lambda': 6.752353011893519, 'alpha': 1.3301572347913793, 'colsample_bytree': 0.672754379918108, 'subsample': 0.6082537295120902, 'learning_rate': 0.013500748303610453, 'max_depth': 7, 'min_child_weight': 21, 'eval_metric': 'rmse'}. Best is trial 463 with value: 0.12284958614550846.
start listen on 192.168.1.101:38693
@tracker All of 1 nodes getting started
@tracker All nodes finishes job
Trial 681 finished with value: 0.12334681404706906 and parameters: {'objective': 'reg:squarederror', 'tree_method': 'gpu_hist', 'lambda': 8.434719709141584, 'alpha': 0.9876955915960224, 'colsample_bytree': 0.6602690185807224, 'subsample': 0.6220500140828162, 'learning_rate': 0.01505157434721696, 'max_depth': 20, 'min_child_weight': 12, 'eval_metric': 'rmse'}. Best is trial 463 with value: 0.12284958614550846.
start listen on 192.168.1.101:41111
@tracker All of 1 nodes getting started
@tracker All nodes finishes job
Trial 682 finished with value: 0.12437846866788109 and parameters: {'objective': 'reg:squarederror', 'tree_method': 'gpu_hist', 'lambda': 0.006670127764689411, 'alpha': 1.702347104164194, 'colsample_bytree': 0.6687341657121747, 'subsample': 0.6101122355700389, 'learning_rate': 0.012030474688118527, 'max_depth': 20, 'min_child_weight': 18, 'eval_metric': 'rmse'}. Best is trial 463 with value: 0.12284958614550846.
start listen on 192.168.1.101:33975
@tracker All of 1 nodes getting started
@tracker All nodes finishes job
Trial 683 finished with value: 0.12406184723523653 and parameters: {'objective': 'reg:squarederror', 'tree_method': 'gpu_hist', 'lambda': 5.379873741010732, 'alpha': 1.1600825220320647, 'colsample_bytree': 0.6331628077694722, 'subsample': 0.6400667617666377, 'learning_rate': 0.012940004977735276, 'max_depth': 9, 'min_child_weight': 11, 'eval_metric': 'rmse'}. Best is trial 463 with value: 0.12284958614550846.
start listen on 192.168.1.101:44019
@tracker All of 1 nodes getting started
@tracker All nodes finishes job
Trial 684 finished with value: 0.12354724306244118 and parameters: {'objective': 'reg:squarederror', 'tree_method': 'gpu_hist', 'lambda': 7.338512885711369, 'alpha': 1.457830973768059, 'colsample_bytree': 0.6918784123657071, 'subsample': 0.5987468552729973, 'learning_rate': 0.014578407524906772, 'max_depth': 20, 'min_child_weight': 6, 'eval_metric': 'rmse'}. Best is trial 463 with value: 0.12284958614550846.
start listen on 192.168.1.101:48097
@tracker All of 1 nodes getting started
@tracker All nodes finishes job
Trial 685 finished with value: 0.1448935402124157 and parameters: {'objective': 'reg:squarederror', 'tree_method': 'gpu_hist', 'lambda': 9.998192600051796, 'alpha': 0.9602997667842165, 'colsample_bytree': 0.7379455462496587, 'subsample': 0.6279214559943868, 'learning_rate': 0.01151489579172578, 'max_depth': 20, 'min_child_weight': 105, 'eval_metric': 'rmse'}. Best is trial 463 with value: 0.12284958614550846.
start listen on 192.168.1.101:45225
@tracker All of 1 nodes getting started
@tracker All nodes finishes job
Trial 686 finished with value: 0.170159854540343 and parameters: {'objective': 'reg:squarederror', 'tree_method': 'gpu_hist', 'lambda': 4.652198162956208, 'alpha': 1.2428443257958637, 'colsample_bytree': 0.6782669511456506, 'subsample': 0.611940715774923, 'learning_rate': 0.00412774877587817, 'max_depth': 20, 'min_child_weight': 173, 'eval_metric': 'rmse'}. Best is trial 463 with value: 0.12284958614550846.
start listen on 192.168.1.101:59431
@tracker All of 1 nodes getting started
@tracker All nodes finishes job
Trial 687 finished with value: 0.1252757952441187 and parameters: {'objective': 'reg:squarederror', 'tree_method': 'gpu_hist', 'lambda': 6.678354039272769, 'alpha': 1.9094133582376507, 'colsample_bytree': 0.6546201021645288, 'subsample': 0.9286774714691899, 'learning_rate': 0.017147704428833295, 'max_depth': 20, 'min_child_weight': 1, 'eval_metric': 'rmse'}. Best is trial 463 with value: 0.12284958614550846.
start listen on 192.168.1.101:40395
@tracker All of 1 nodes getting started
@tracker All nodes finishes job
Trial 688 finished with value: 0.12671229601186584 and parameters: {'objective': 'reg:squarederror', 'tree_method': 'gpu_hist', 'lambda': 8.496258110527409, 'alpha': 1.0546279100883245, 'colsample_bytree': 0.71414822324409, 'subsample': 0.6001588964335847, 'learning_rate': 0.010325584598417304, 'max_depth': 20, 'min_child_weight': 26, 'eval_metric': 'rmse'}. Best is trial 463 with value: 0.12284958614550846.
start listen on 192.168.1.101:55695
@tracker All of 1 nodes getting started
@tracker All nodes finishes job
Trial 689 finished with value: 0.12362357162511765 and parameters: {'objective': 'reg:squarederror', 'tree_method': 'gpu_hist', 'lambda': 7.4849147898362665, 'alpha': 0.3275206097978079, 'colsample_bytree': 0.7244958891974519, 'subsample': 0.6176229422305772, 'learning_rate': 0.012075760745508864, 'max_depth': 20, 'min_child_weight': 15, 'eval_metric': 'rmse'}. Best is trial 463 with value: 0.12284958614550846.
start listen on 192.168.1.101:55127
@tracker All of 1 nodes getting started
@tracker All nodes finishes job
Trial 690 finished with value: 0.12476594600110466 and parameters: {'objective': 'reg:squarederror', 'tree_method': 'gpu_hist', 'lambda': 6.100423602810173, 'alpha': 0.4064696814911794, 'colsample_bytree': 0.5052242797325105, 'subsample': 0.5934883259916665, 'learning_rate': 0.013699082000844966, 'max_depth': 20, 'min_child_weight': 10, 'eval_metric': 'rmse'}. Best is trial 463 with value: 0.12284958614550846.
start listen on 192.168.1.101:58901
@tracker All of 1 nodes getting started
@tracker All nodes finishes job
Trial 691 finished with value: 0.12441362405062412 and parameters: {'objective': 'reg:squarederror', 'tree_method': 'gpu_hist', 'lambda': 8.156875154230969, 'alpha': 1.4124445548689755, 'colsample_bytree': 0.7675968361081686, 'subsample': 0.6327854842943892, 'learning_rate': 0.02111038155716225, 'max_depth': 20, 'min_child_weight': 19, 'eval_metric': 'rmse'}. Best is trial 463 with value: 0.12284958614550846.
start listen on 192.168.1.101:45133
@tracker All of 1 nodes getting started
@tracker All nodes finishes job
Trial 692 finished with value: 0.12393922908263515 and parameters: {'objective': 'reg:squarederror', 'tree_method': 'gpu_hist', 'lambda': 5.378851108915814, 'alpha': 0.9027865188987819, 'colsample_bytree': 0.6871501434275427, 'subsample': 0.6058122421478527, 'learning_rate': 0.015868603186265456, 'max_depth': 15, 'min_child_weight': 11, 'eval_metric': 'rmse'}. Best is trial 463 with value: 0.12284958614550846.
start listen on 192.168.1.101:43051
@tracker All of 1 nodes getting started
@tracker All nodes finishes job
Trial 693 finished with value: 0.13243914248181524 and parameters: {'objective': 'reg:squarederror', 'tree_method': 'gpu_hist', 'lambda': 9.901083251403557, 'alpha': 1.148259627244004, 'colsample_bytree': 0.7544841992322989, 'subsample': 0.6492935876401758, 'learning_rate': 0.0030961155898084677, 'max_depth': 20, 'min_child_weight': 5, 'eval_metric': 'rmse'}. Best is trial 463 with value: 0.12284958614550846.
start listen on 192.168.1.101:48083
@tracker All of 1 nodes getting started
@tracker All nodes finishes job
Trial 694 finished with value: 0.12388820936896479 and parameters: {'objective': 'reg:squarederror', 'tree_method': 'gpu_hist', 'lambda': 9.99702000086236, 'alpha': 1.6358044618884136, 'colsample_bytree': 0.7078258498518926, 'subsample': 0.669490146341724, 'learning_rate': 0.01896815914662173, 'max_depth': 20, 'min_child_weight': 17, 'eval_metric': 'rmse'}. Best is trial 463 with value: 0.12284958614550846.
start listen on 192.168.1.101:43003
@tracker All of 1 nodes getting started
@tracker All nodes finishes job
Trial 695 finished with value: 0.12481556338578129 and parameters: {'objective': 'reg:squarederror', 'tree_method': 'gpu_hist', 'lambda': 6.44322703870607, 'alpha': 0.9007187563508837, 'colsample_bytree': 0.6683803115241831, 'subsample': 0.6184918116796759, 'learning_rate': 0.012624177229916338, 'max_depth': 20, 'min_child_weight': 22, 'eval_metric': 'rmse'}. Best is trial 463 with value: 0.12284958614550846.
start listen on 192.168.1.101:54141
@tracker All of 1 nodes getting started
@tracker All nodes finishes job
Trial 696 finished with value: 0.1359247762741983 and parameters: {'objective': 'reg:squarederror', 'tree_method': 'gpu_hist', 'lambda': 7.791086067415403, 'alpha': 1.309721280813372, 'colsample_bytree': 0.7332745139675677, 'subsample': 0.595883264431188, 'learning_rate': 0.010811652294252657, 'max_depth': 5, 'min_child_weight': 53, 'eval_metric': 'rmse'}. Best is trial 463 with value: 0.12284958614550846.
start listen on 192.168.1.101:43765
@tracker All of 1 nodes getting started
@tracker All nodes finishes job
Trial 697 finished with value: 0.12379590491849193 and parameters: {'objective': 'reg:squarederror', 'tree_method': 'gpu_hist', 'lambda': 4.743768582583915, 'alpha': 2.1852175931715365, 'colsample_bytree': 0.7046554426349099, 'subsample': 0.5825815070790578, 'learning_rate': 0.014551927867542428, 'max_depth': 20, 'min_child_weight': 1, 'eval_metric': 'rmse'}. Best is trial 463 with value: 0.12284958614550846.
start listen on 192.168.1.101:60479
@tracker All of 1 nodes getting started
@tracker All nodes finishes job
Trial 698 finished with value: 0.12356031154519603 and parameters: {'objective': 'reg:squarederror', 'tree_method': 'gpu_hist', 'lambda': 6.767508152843762, 'alpha': 1.0481321980461786, 'colsample_bytree': 0.6916801288308846, 'subsample': 0.6130048466912298, 'learning_rate': 0.011323169437035919, 'max_depth': 20, 'min_child_weight': 11, 'eval_metric': 'rmse'}. Best is trial 463 with value: 0.12284958614550846.
start listen on 192.168.1.101:56763
@tracker All of 1 nodes getting started
@tracker All nodes finishes job
Trial 699 finished with value: 0.13744172639463592 and parameters: {'objective': 'reg:squarederror', 'tree_method': 'gpu_hist', 'lambda': 9.977481932027267, 'alpha': 3.2632166626658794, 'colsample_bytree': 0.6298203536702786, 'subsample': 0.6272085496274125, 'learning_rate': 0.009133806070757006, 'max_depth': 3, 'min_child_weight': 6, 'eval_metric': 'rmse'}. Best is trial 463 with value: 0.12284958614550846.
start listen on 192.168.1.101:49877
@tracker All of 1 nodes getting started
@tracker All nodes finishes job
Trial 700 finished with value: 0.12620923501573297 and parameters: {'objective': 'reg:squarederror', 'tree_method': 'gpu_hist', 'lambda': 8.102777043379497, 'alpha': 1.421492898111231, 'colsample_bytree': 0.7200962027913437, 'subsample': 0.4017165409101548, 'learning_rate': 0.013609459510195382, 'max_depth': 20, 'min_child_weight': 16, 'eval_metric': 'rmse'}. Best is trial 463 with value: 0.12284958614550846.
start listen on 192.168.1.101:51135
@tracker All of 1 nodes getting started
@tracker All nodes finishes job
Trial 701 finished with value: 0.12372581343239364 and parameters: {'objective': 'reg:squarederror', 'tree_method': 'gpu_hist', 'lambda': 6.020864942962865, 'alpha': 0.789510743284948, 'colsample_bytree': 0.6766118062856259, 'subsample': 0.6039471830055947, 'learning_rate': 0.01000476615823328, 'max_depth': 20, 'min_child_weight': 12, 'eval_metric': 'rmse'}. Best is trial 463 with value: 0.12284958614550846.
start listen on 192.168.1.101:42201
@tracker All of 1 nodes getting started
@tracker All nodes finishes job
Trial 702 finished with value: 0.1263475932399668 and parameters: {'objective': 'reg:squarederror', 'tree_method': 'gpu_hist', 'lambda': 0.02038104337588144, 'alpha': 1.763989654140557, 'colsample_bytree': 0.7427597763846839, 'subsample': 0.594080454953044, 'learning_rate': 0.016166349920159865, 'max_depth': 20, 'min_child_weight': 31, 'eval_metric': 'rmse'}. Best is trial 463 with value: 0.12284958614550846.
start listen on 192.168.1.101:38413
@tracker All of 1 nodes getting started
@tracker All nodes finishes job
Trial 703 finished with value: 0.125492123784844 and parameters: {'objective': 'reg:squarederror', 'tree_method': 'gpu_hist', 'lambda': 7.363006293545678, 'alpha': 1.1231292759516227, 'colsample_bytree': 0.6994492137242162, 'subsample': 0.6103306301517001, 'learning_rate': 0.01217875542918802, 'max_depth': 20, 'min_child_weight': 24, 'eval_metric': 'rmse'}. Best is trial 463 with value: 0.12284958614550846.
start listen on 192.168.1.101:43029
@tracker All of 1 nodes getting started
@tracker All nodes finishes job
Trial 704 finished with value: 0.12339183652891232 and parameters: {'objective': 'reg:squarederror', 'tree_method': 'gpu_hist', 'lambda': 8.415582713091325, 'alpha': 0.9390773763071643, 'colsample_bytree': 0.6561448524855772, 'subsample': 0.6421473094512041, 'learning_rate': 0.014986164985108012, 'max_depth': 20, 'min_child_weight': 7, 'eval_metric': 'rmse'}. Best is trial 463 with value: 0.12284958614550846.
start listen on 192.168.1.101:42905
@tracker All of 1 nodes getting started
@tracker All nodes finishes job
Trial 705 finished with value: 0.123609645780751 and parameters: {'objective': 'reg:squarederror', 'tree_method': 'gpu_hist', 'lambda': 5.273589728111795, 'alpha': 1.501283475628624, 'colsample_bytree': 0.7173903710817094, 'subsample': 0.5895219792471864, 'learning_rate': 0.0179063776018122, 'max_depth': 20, 'min_child_weight': 15, 'eval_metric': 'rmse'}. Best is trial 463 with value: 0.12284958614550846.
start listen on 192.168.1.101:56433
@tracker All of 1 nodes getting started
@tracker All nodes finishes job
Trial 706 finished with value: 0.12415843551331178 and parameters: {'objective': 'reg:squarederror', 'tree_method': 'gpu_hist', 'lambda': 6.878050823204089, 'alpha': 0.6752738227606108, 'colsample_bytree': 0.6832930159461971, 'subsample': 0.5725898795109292, 'learning_rate': 0.013249007180576063, 'max_depth': 20, 'min_child_weight': 1, 'eval_metric': 'rmse'}. Best is trial 463 with value: 0.12284958614550846.
start listen on 192.168.1.101:60129
@tracker All of 1 nodes getting started
@tracker All nodes finishes job
Trial 707 finished with value: 0.12375210010050838 and parameters: {'objective': 'reg:squarederror', 'tree_method': 'gpu_hist', 'lambda': 3.9820304869078686, 'alpha': 0.7986694007285033, 'colsample_bytree': 0.7258976954819909, 'subsample': 0.6230941921141943, 'learning_rate': 0.010415015642899228, 'max_depth': 20, 'min_child_weight': 9, 'eval_metric': 'rmse'}. Best is trial 463 with value: 0.12284958614550846.
start listen on 192.168.1.101:53697
@tracker All of 1 nodes getting started
@tracker All nodes finishes job
Trial 708 finished with value: 0.1280639456631814 and parameters: {'objective': 'reg:squarederror', 'tree_method': 'gpu_hist', 'lambda': 8.447664847999265, 'alpha': 1.1346159064600552, 'colsample_bytree': 0.7027587030982669, 'subsample': 0.6013881321851492, 'learning_rate': 0.008067505383944275, 'max_depth': 7, 'min_child_weight': 21, 'eval_metric': 'rmse'}. Best is trial 463 with value: 0.12284958614550846.
start listen on 192.168.1.101:41547
@tracker All of 1 nodes getting started
@tracker All nodes finishes job
Trial 709 finished with value: 0.12387786324851004 and parameters: {'objective': 'reg:squarederror', 'tree_method': 'gpu_hist', 'lambda': 6.2992074343461715, 'alpha': 1.3404462087892532, 'colsample_bytree': 0.6411573430689024, 'subsample': 0.6332619360931733, 'learning_rate': 0.011640601341648722, 'max_depth': 20, 'min_child_weight': 6, 'eval_metric': 'rmse'}. Best is trial 463 with value: 0.12284958614550846.
start listen on 192.168.1.101:43837
@tracker All of 1 nodes getting started
@tracker All nodes finishes job
Trial 710 finished with value: 0.13267002228958552 and parameters: {'objective': 'reg:squarederror', 'tree_method': 'gpu_hist', 'lambda': 8.391828976248464, 'alpha': 0.44173466923190424, 'colsample_bytree': 0.7083317034394395, 'subsample': 0.6136035138714516, 'learning_rate': 0.08825071222731745, 'max_depth': 17, 'min_child_weight': 16, 'eval_metric': 'rmse'}. Best is trial 463 with value: 0.12284958614550846.
start listen on 192.168.1.101:33567
@tracker All of 1 nodes getting started
@tracker All nodes finishes job
Trial 711 finished with value: 0.12456427748970837 and parameters: {'objective': 'reg:squarederror', 'tree_method': 'gpu_hist', 'lambda': 9.999931497902024, 'alpha': 1.8608272284200233, 'colsample_bytree': 0.7324483032658656, 'subsample': 0.5851143081038985, 'learning_rate': 0.008793682484444409, 'max_depth': 20, 'min_child_weight': 10, 'eval_metric': 'rmse'}. Best is trial 463 with value: 0.12284958614550846.
start listen on 192.168.1.101:51605
@tracker All of 1 nodes getting started
@tracker All nodes finishes job
Trial 712 finished with value: 0.12671858106246014 and parameters: {'objective': 'reg:squarederror', 'tree_method': 'gpu_hist', 'lambda': 7.089748026278442, 'alpha': 0.015766399393156914, 'colsample_bytree': 0.6882826528650448, 'subsample': 0.6023414373188626, 'learning_rate': 0.012821084979144479, 'max_depth': 9, 'min_child_weight': 28, 'eval_metric': 'rmse'}. Best is trial 463 with value: 0.12284958614550846.
start listen on 192.168.1.101:43533
@tracker All of 1 nodes getting started
@tracker All nodes finishes job
