number,value,params_alpha,params_colsample_bytree,params_eval_metric,params_lambda,params_learning_rate,params_max_depth,params_min_child_weight,params_objective,params_subsample,params_tree_method,state
920,0.13221590483258105,1.3958117992420669,0.7258482963313299,rmse,4.834571216811331,0.015027139876503672,3,7,reg:squarederror,0.555361429054093,gpu_hist,COMPLETE
921,0.12682691191755158,2.180978441759787,0.6835481525437771,rmse,8.563117224302877,0.017426481456612075,20,33,reg:squarederror,0.6085461325370238,gpu_hist,COMPLETE
922,0.12364965081038648,1.0925515011074967,0.716917913227526,rmse,5.922037269951971,0.013754456388028769,20,11,reg:squarederror,0.5950124636993303,gpu_hist,COMPLETE
923,0.1258243833127546,1.2178241476812697,0.6974085749654915,rmse,7.327160407725158,0.01140438484103745,20,23,reg:squarederror,0.5785057645470082,gpu_hist,COMPLETE
924,0.12309961842119237,1.5540008020223044,0.7392774987886767,rmse,8.578788050204711,0.015942641881287016,20,6,reg:squarederror,0.6133236253220533,gpu_hist,COMPLETE
925,0.15429987771967732,1.8427683719680743,0.7593455618145877,rmse,6.524926905964579,0.01845570532461769,20,177,reg:squarederror,0.7598988990178139,gpu_hist,COMPLETE
926,0.12337972816903175,2.8608609165908385,0.7415244348500943,rmse,5.120031789899843,0.019910064977177212,20,16,reg:squarederror,0.6180920801024432,gpu_hist,COMPLETE
927,0.12359781674328829,2.172010662474972,0.6742501592352861,rmse,5.325184347201849,0.017015088872356726,20,6,reg:squarederror,0.622562464497933,gpu_hist,COMPLETE
928,0.1242796914394349,1.6125538244290776,0.7505206413076309,rmse,4.099126097758435,0.016210807352989194,20,12,reg:squarederror,0.6106452279256357,gpu_hist,COMPLETE
929,0.12329677117087963,1.918568666153978,0.6858483167035794,rmse,6.4633312216856345,0.015650104124512104,20,1,reg:squarederror,0.6295042165993613,gpu_hist,COMPLETE
930,0.12381856858565261,1.5277159168046333,0.702338821706281,rmse,7.391793736251922,0.018363483416499737,17,19,reg:squarederror,0.6121290674308338,gpu_hist,COMPLETE
931,0.1237771202231905,2.3726405760062668,0.6685860380220983,rmse,8.473210431843995,0.01584080118483828,13,10,reg:squarederror,0.5178418916245853,gpu_hist,COMPLETE
932,0.12606052764318287,1.5336206747871943,0.7438140936780261,rmse,0.4569455515212907,0.016990712081524636,7,25,reg:squarederror,0.6189253367190658,gpu_hist,COMPLETE
933,0.12423276256320705,2.934223864066422,0.7155002521612949,rmse,5.97054247532785,0.014645911134556114,9,15,reg:squarederror,0.6030807565400159,gpu_hist,COMPLETE
934,0.12329849063470506,1.7843177686196934,0.6910175098392239,rmse,7.3606333491388005,0.014739255998038131,20,6,reg:squarederror,0.6288966264842224,gpu_hist,COMPLETE
935,0.12449233520877472,1.2019441806387616,0.7307298131007138,rmse,8.486267990035792,0.020162427468308684,20,19,reg:squarederror,0.6022462098628335,gpu_hist,COMPLETE
936,0.12434898040949438,0.07485859043206666,0.7077923387158731,rmse,5.408766824170636,0.017274006326124136,20,1,reg:squarederror,0.6162074391126571,gpu_hist,COMPLETE
937,0.12303742503111485,1.4318189437206108,0.6711314238161257,rmse,6.591893205582916,0.015513489472108772,20,10,reg:squarederror,0.6329943091941793,gpu_hist,COMPLETE
938,0.12425908492290669,1.9288377650694597,0.6649394706244353,rmse,3.7228848971194552,0.019332529768817427,20,7,reg:squarederror,0.635888981601616,gpu_hist,COMPLETE
939,0.12340106636708542,1.6261107801500978,0.6609774539200001,rmse,4.586632852320885,0.016282571381591723,20,10,reg:squarederror,0.6387466570824001,gpu_hist,COMPLETE
940,0.12378247627044545,1.4169847352455012,0.6741745600077635,rmse,4.710509445779603,0.013949722503467639,20,6,reg:squarederror,0.5881137136563148,gpu_hist,COMPLETE
941,0.12374465253218012,2.3054366014499017,0.6619096014277196,rmse,5.7432093937170094,0.017967738390552965,20,15,reg:squarederror,0.6072940864054823,gpu_hist,COMPLETE
942,0.12397649115932902,1.8840194185227699,0.6797506690624461,rmse,6.109428943803111,0.015322373068886447,20,6,reg:squarederror,0.6253808478825538,gpu_hist,COMPLETE
943,0.12405996892625737,1.4359395203601126,0.6655035994539169,rmse,5.053738302361299,0.013951493355966767,20,13,reg:squarederror,0.5950188106087323,gpu_hist,COMPLETE
944,0.12528054097394456,2.136156398939658,0.7672365163935806,rmse,3.398828364904182,0.013138900749809961,20,1,reg:squarederror,0.6117381230593558,gpu_hist,COMPLETE
945,0.12452172671246053,1.679951469625093,0.6516258937550826,rmse,6.481764562787003,0.01595868781685467,20,22,reg:squarederror,0.645225443876077,gpu_hist,COMPLETE
946,0.12312345896143888,3.689469357775309,0.6801111641046027,rmse,6.397287911004435,0.01732352881387346,15,11,reg:squarederror,0.6290494943299837,gpu_hist,COMPLETE
947,0.12375106794366776,4.758190108209444,0.6546310311373811,rmse,4.6126700308275135,0.022781865996966855,15,18,reg:squarederror,0.7337606225882292,gpu_hist,COMPLETE
948,0.12363142898008028,3.9826378692357687,0.6749991190317006,rmse,3.972533079299626,0.020629698670097767,15,10,reg:squarederror,0.6360294754172019,gpu_hist,COMPLETE
949,0.12543877858119803,4.948135670288368,0.6657046427153178,rmse,5.2484415063613,0.018693345984923258,15,27,reg:squarederror,0.6576927085043043,gpu_hist,COMPLETE
950,0.12440110175176083,6.098890280474647,0.6814065173962028,rmse,4.453601624465014,0.018234727856751384,15,6,reg:squarederror,0.6497813172127268,gpu_hist,COMPLETE
951,0.12384934953355024,3.946710066037385,0.6517120508163711,rmse,5.44093373600296,0.01976018648005054,15,15,reg:squarederror,0.63004831065408,gpu_hist,COMPLETE
952,0.1259665158038281,3.571023084418329,0.6803131469616724,rmse,6.307548618324267,0.017206663668228726,5,10,reg:squarederror,0.6236477291986103,gpu_hist,COMPLETE
953,0.12389546690036068,3.1520854788347146,0.6843684187883262,rmse,5.6251646245700435,0.017336651766245614,15,20,reg:squarederror,0.6683482578997285,gpu_hist,COMPLETE
954,0.13119365373107475,3.5879584258319057,0.6593518170079977,rmse,4.213493030659848,0.01637205752304253,3,1,reg:squarederror,0.640790855422472,gpu_hist,COMPLETE
955,0.12327626180752632,2.671754949880867,0.6938510851373916,rmse,6.652156068336077,0.02149986736320045,15,14,reg:squarederror,0.6151923502607689,gpu_hist,COMPLETE
956,0.1699483089658546,4.255978313300308,0.6682826738241583,rmse,5.7268742209192585,0.01847427524269392,17,215,reg:squarederror,0.5866571778077998,gpu_hist,COMPLETE
957,0.1229490545793708,3.1311887407877235,0.6859594066755851,rmse,6.814651000346172,0.01568653489327658,15,6,reg:squarederror,0.6009427448950222,gpu_hist,COMPLETE
958,0.12367161353420512,3.4793953864589513,0.6810517966120637,rmse,3.761503077397516,0.017073065771224926,15,6,reg:squarederror,0.6266082677945621,gpu_hist,COMPLETE
959,0.12441796374667463,2.6789496686669096,0.6712316032918418,rmse,4.824348330060366,0.019545860310105433,15,1,reg:squarederror,0.5987744266802922,gpu_hist,COMPLETE
960,0.12459373455693805,3.345289324094664,0.6514665081587443,rmse,4.8433048214263055,0.015698201494618154,15,1,reg:squarederror,0.608195259160009,gpu_hist,COMPLETE
961,0.12336600862843823,3.734774315103542,0.6741395439110104,rmse,6.074468973485284,0.017317840638816084,15,6,reg:squarederror,0.5731259922893512,gpu_hist,COMPLETE
962,0.12353051810676006,5.467751805910852,0.6895674678429975,rmse,6.6511626448020955,0.021579398122920382,15,10,reg:squarederror,0.6323641132693996,gpu_hist,COMPLETE
963,0.12344652986273404,3.1747778033314367,0.6615782506167147,rmse,3.0907551796494594,0.015425182546143211,15,7,reg:squarederror,0.6164947592763603,gpu_hist,COMPLETE
964,0.16340597656393882,4.491298044006855,0.6888935915706004,rmse,5.440821843289214,0.01907815291344892,15,187,reg:squarederror,0.5877366939193468,gpu_hist,COMPLETE
965,0.12401075930695443,3.0103616004868625,0.6731420608999411,rmse,6.729759469380084,0.016222637277433026,15,1,reg:squarederror,0.64907320929877,gpu_hist,COMPLETE
966,0.12331124043171492,2.8716470162716052,0.6515904602390142,rmse,4.27394706604201,0.017917920856694847,15,12,reg:squarederror,0.5997530535832423,gpu_hist,COMPLETE
967,0.13075262389546527,4.3074743104602655,0.6917312334108702,rmse,5.59295542310506,0.01506432239595615,15,48,reg:squarederror,0.6192700739971326,gpu_hist,COMPLETE
968,0.12397432783748413,3.473810936567808,0.6658349249299539,rmse,7.14977403965141,0.016386528359682958,15,17,reg:squarederror,0.6067521441642182,gpu_hist,COMPLETE
969,0.12343499748852925,2.5742434647634305,0.6799351523354183,rmse,6.529532637203033,0.014707123978062437,15,6,reg:squarederror,0.6341552127356174,gpu_hist,COMPLETE
970,0.12309364114262564,2.7683815693949665,0.6961133128329976,rmse,4.994091516674852,0.015046181705699501,15,11,reg:squarederror,0.583902791114152,gpu_hist,COMPLETE
971,0.12507675831754278,3.7290032230401664,0.6756232179223103,rmse,3.0185961729542448,0.017467008408054818,15,23,reg:squarederror,0.5718511164126706,gpu_hist,COMPLETE
972,0.12430211597261065,3.266751109523923,0.691211384933267,rmse,3.7931918319622935,0.016391996465471664,15,14,reg:squarederror,0.5656383869757129,gpu_hist,COMPLETE
973,0.12901300464799115,4.269151256102261,0.3170186035149063,rmse,0.0013850215727606995,0.018524162066139233,15,6,reg:squarederror,0.5359225312421887,gpu_hist,COMPLETE
974,0.20025919903039713,2.9118275339496797,0.6462658236885163,rmse,4.932633934721714,0.0013520013603872795,15,18,reg:squarederror,0.5642384267923203,gpu_hist,COMPLETE
975,0.12759643797627146,5.272584955927678,0.6966324856665673,rmse,4.131145777845957,0.015487395610519148,15,31,reg:squarederror,0.5815621466673203,gpu_hist,COMPLETE
976,0.12333266288497473,2.8943033590055633,0.6641223503464756,rmse,4.650322188587032,0.014814439148349361,15,11,reg:squarederror,0.5749210128995981,gpu_hist,COMPLETE
977,0.12479198610115759,2.6438815431375096,0.6847589680776938,rmse,3.556466370670553,0.020643584209681782,15,1,reg:squarederror,0.5797767016338411,gpu_hist,COMPLETE
978,0.12374852878390584,3.547938926642,0.6673583309152051,rmse,5.465867778122032,0.016844842329419556,15,10,reg:squarederror,0.5604416727708244,gpu_hist,COMPLETE
979,0.12566512533985918,4.682286855653072,0.6994533863231749,rmse,6.941078021008802,0.014997984935905363,15,19,reg:squarederror,0.5514976358380275,gpu_hist,COMPLETE
980,0.12378633877999388,2.1331337415819083,0.6775160605683511,rmse,5.201029119902294,0.018845770385931115,15,6,reg:squarederror,0.5885878892097225,gpu_hist,COMPLETE
981,0.12421527978624969,2.5493861527700927,0.6548625190071576,rmse,7.102068110209465,0.014302416051331663,15,14,reg:squarederror,0.5919821873331746,gpu_hist,COMPLETE
982,0.1392258657352963,2.6297576288083504,0.6869213880812672,rmse,6.139217497624754,0.01617326431616481,15,80,reg:squarederror,0.5874971580799004,gpu_hist,COMPLETE
983,0.1252477006858546,3.6065824486958467,0.7008422437262797,rmse,7.137213842700558,0.017507632813156645,15,24,reg:squarederror,0.5963218837829164,gpu_hist,COMPLETE
984,0.12381619713282228,3.18952290056078,0.6641939336856336,rmse,2.8085203415807287,0.014260050332193346,15,10,reg:squarederror,0.5769531181156813,gpu_hist,COMPLETE
985,0.12405595413443221,2.336639876590053,0.6409736484571084,rmse,4.5536031982857805,0.01628095539731371,15,1,reg:squarederror,0.6015454034268504,gpu_hist,COMPLETE
986,0.12407215623772032,2.885843554820555,0.6848930186922803,rmse,5.605702696347507,0.01514129254914081,15,18,reg:squarederror,0.5839724649532175,gpu_hist,COMPLETE
987,0.12615105163214912,4.32321847551667,0.4892479031756294,rmse,7.569485980684172,0.013727462107864808,15,8,reg:squarederror,0.5991648158209195,gpu_hist,COMPLETE
988,0.1234035864669683,2.551975813098991,0.6975279021030527,rmse,7.42706851046745,0.0180137060540311,15,14,reg:squarederror,0.6082462464452099,gpu_hist,COMPLETE
989,0.1835281380565887,2.261735251168572,0.6746920994067939,rmse,5.850607783841664,0.028101249326383065,15,246,reg:squarederror,0.5585231551281541,gpu_hist,COMPLETE
990,0.12334598209500729,3.801424891789202,0.7017981284416409,rmse,7.620287356947687,0.015880943202656882,15,6,reg:squarederror,0.571999915500549,gpu_hist,COMPLETE
991,0.12475628267292532,3.250087368134325,0.6832036849239745,rmse,4.540383881732346,0.013529761582470445,15,21,reg:squarederror,0.6203572003962382,gpu_hist,COMPLETE
992,0.19274241651980936,2.276170608391061,0.6570013086672892,rmse,6.165631506729195,0.024365751790615328,11,289,reg:squarederror,0.5913623593131091,gpu_hist,COMPLETE
993,0.12792871754870988,2.499985601062473,0.43975966533054717,rmse,7.8361069889958195,0.019591914912094065,15,28,reg:squarederror,0.6096616978311379,gpu_hist,COMPLETE
994,0.12342399364296401,2.958953122844096,0.6999520152282295,rmse,1.5958849730265507,0.014827782994662548,13,14,reg:squarederror,0.6261776889752961,gpu_hist,COMPLETE
995,0.12367961772208047,2.077321653906809,0.6695430823788493,rmse,5.157842763419274,0.017191113958974182,15,7,reg:squarederror,0.5985341781051254,gpu_hist,COMPLETE
996,0.12421058684633493,4.0975788328597185,0.6453671536824289,rmse,6.3320405302215725,0.014258014424446361,9,1,reg:squarederror,0.6462620109476586,gpu_hist,COMPLETE
997,0.12422307224398217,2.0834137308041165,0.6893405740344931,rmse,7.35341040293623,0.015979055505668728,7,13,reg:squarederror,0.5839961954543548,gpu_hist,COMPLETE
998,0.12309110023536786,1.9140143271238466,0.7094211107231693,rmse,8.257150664788014,0.013057047799448083,15,7,reg:squarederror,0.6104722834591287,gpu_hist,COMPLETE
999,0.12553454197668718,1.983377514554172,0.7158791807753755,rmse,8.368213289937733,0.012965148038784622,15,23,reg:squarederror,0.5945608325705812,gpu_hist,COMPLETE
