A new study created in RDB with name: jul_2021_test_1000_0
Start optimization.
start listen on 192.168.1.101:53811
@tracker All of 1 nodes getting started
@tracker All nodes finishes job
Trial 0 finished with value: 0.142235970888701 and parameters: {'objective': 'reg:squarederror', 'tree_method': 'gpu_hist', 'lambda': 1.625336781718746, 'alpha': 0.0012169919681506713, 'colsample_bytree': 0.8721456928815612, 'subsample': 0.5360605313146687, 'learning_rate': 0.037128057374587055, 'max_depth': 20, 'min_child_weight': 85, 'eval_metric': 'rmse'}. Best is trial 0 with value: 0.142235970888701.
start listen on 192.168.1.101:44301
@tracker All of 1 nodes getting started
@tracker All nodes finishes job
Trial 1 finished with value: 0.1257052660066404 and parameters: {'objective': 'reg:squarederror', 'tree_method': 'gpu_hist', 'lambda': 2.2651020497582555, 'alpha': 1.8698992843059778, 'colsample_bytree': 0.6196989872114009, 'subsample': 0.7177658109064919, 'learning_rate': 0.0057619633939836315, 'max_depth': 15, 'min_child_weight': 3, 'eval_metric': 'rmse'}. Best is trial 1 with value: 0.1257052660066404.
start listen on 192.168.1.101:39305
@tracker All of 1 nodes getting started
@tracker All nodes finishes job
Trial 2 finished with value: 0.19075808907284073 and parameters: {'objective': 'reg:squarederror', 'tree_method': 'gpu_hist', 'lambda': 0.0076451432135480986, 'alpha': 0.7555052127721936, 'colsample_bytree': 0.5023813892333214, 'subsample': 0.8357396887099562, 'learning_rate': 0.0034932403906140883, 'max_depth': 3, 'min_child_weight': 218, 'eval_metric': 'rmse'}. Best is trial 1 with value: 0.1257052660066404.
start listen on 192.168.1.101:49869
@tracker All of 1 nodes getting started
@tracker All nodes finishes job
Trial 3 finished with value: 0.2124020242845712 and parameters: {'objective': 'reg:squarederror', 'tree_method': 'gpu_hist', 'lambda': 0.01116915103780461, 'alpha': 0.012064694455964043, 'colsample_bytree': 0.9082727622053801, 'subsample': 0.40224178932593035, 'learning_rate': 0.032157022993512224, 'max_depth': 20, 'min_child_weight': 267, 'eval_metric': 'rmse'}. Best is trial 1 with value: 0.1257052660066404.
start listen on 192.168.1.101:43285
@tracker All of 1 nodes getting started
@tracker All nodes finishes job
Trial 4 finished with value: 0.1405476350018581 and parameters: {'objective': 'reg:squarederror', 'tree_method': 'gpu_hist', 'lambda': 0.0037969351943650488, 'alpha': 0.12797580972943887, 'colsample_bytree': 0.8085219045774066, 'subsample': 0.9384788979653093, 'learning_rate': 0.0031868209241122446, 'max_depth': 11, 'min_child_weight': 88, 'eval_metric': 'rmse'}. Best is trial 1 with value: 0.1257052660066404.
start listen on 192.168.1.101:44611
@tracker All of 1 nodes getting started
@tracker All nodes finishes job
Trial 5 finished with value: 0.1336515710174307 and parameters: {'objective': 'reg:squarederror', 'tree_method': 'gpu_hist', 'lambda': 0.027263976653391933, 'alpha': 0.8440031457544157, 'colsample_bytree': 0.601205545070025, 'subsample': 0.7327290356675975, 'learning_rate': 0.0033836492188382646, 'max_depth': 13, 'min_child_weight': 30, 'eval_metric': 'rmse'}. Best is trial 1 with value: 0.1257052660066404.
start listen on 192.168.1.101:52425
@tracker All of 1 nodes getting started
@tracker All nodes finishes job
Trial 6 finished with value: 0.18429843317667735 and parameters: {'objective': 'reg:squarederror', 'tree_method': 'gpu_hist', 'lambda': 0.0014452204812749685, 'alpha': 0.006585065983690965, 'colsample_bytree': 0.31966672135525737, 'subsample': 0.5592035576176122, 'learning_rate': 0.013310184924528227, 'max_depth': 5, 'min_child_weight': 154, 'eval_metric': 'rmse'}. Best is trial 1 with value: 0.1257052660066404.
start listen on 192.168.1.101:38615
@tracker All of 1 nodes getting started
@tracker All nodes finishes job
Trial 7 finished with value: 0.15210554810456495 and parameters: {'objective': 'reg:squarederror', 'tree_method': 'gpu_hist', 'lambda': 0.25114016383742854, 'alpha': 0.008629044004904413, 'colsample_bytree': 0.7489845547146674, 'subsample': 0.7342620240493445, 'learning_rate': 0.0019124190864837863, 'max_depth': 17, 'min_child_weight': 1, 'eval_metric': 'rmse'}. Best is trial 1 with value: 0.1257052660066404.
start listen on 192.168.1.101:57267
@tracker All of 1 nodes getting started
@tracker All nodes finishes job
Trial 8 finished with value: 0.1848836462848871 and parameters: {'objective': 'reg:squarederror', 'tree_method': 'gpu_hist', 'lambda': 0.008740142684237884, 'alpha': 2.2144504188026426, 'colsample_bytree': 0.9355987450683914, 'subsample': 0.8027661333135327, 'learning_rate': 0.0018503821153354296, 'max_depth': 13, 'min_child_weight': 291, 'eval_metric': 'rmse'}. Best is trial 1 with value: 0.1257052660066404.
start listen on 192.168.1.101:60167
@tracker All of 1 nodes getting started
@tracker All nodes finishes job
Trial 9 finished with value: 0.14829430445063224 and parameters: {'objective': 'reg:squarederror', 'tree_method': 'gpu_hist', 'lambda': 0.09867882268525793, 'alpha': 3.342779859086467, 'colsample_bytree': 0.586342792352837, 'subsample': 0.6053552343820554, 'learning_rate': 0.05034392055538906, 'max_depth': 5, 'min_child_weight': 117, 'eval_metric': 'rmse'}. Best is trial 1 with value: 0.1257052660066404.
start listen on 192.168.1.101:34095
@tracker All of 1 nodes getting started
@tracker All nodes finishes job
Trial 10 finished with value: 0.1611475144511591 and parameters: {'objective': 'reg:squarederror', 'tree_method': 'gpu_hist', 'lambda': 9.199108416385286, 'alpha': 9.17192026754029, 'colsample_bytree': 0.369719874152797, 'subsample': 0.9398788001423299, 'learning_rate': 0.010676477524434099, 'max_depth': 15, 'min_child_weight': 176, 'eval_metric': 'rmse'}. Best is trial 1 with value: 0.1257052660066404.
start listen on 192.168.1.101:45371
@tracker All of 1 nodes getting started
@tracker All nodes finishes job
Trial 11 finished with value: 0.12466431689405696 and parameters: {'objective': 'reg:squarederror', 'tree_method': 'gpu_hist', 'lambda': 0.06555017494448369, 'alpha': 0.33670999165705046, 'colsample_bytree': 0.6683746422355437, 'subsample': 0.661247964115611, 'learning_rate': 0.005525627436285887, 'max_depth': 13, 'min_child_weight': 10, 'eval_metric': 'rmse'}. Best is trial 11 with value: 0.12466431689405696.
start listen on 192.168.1.101:50611
@tracker All of 1 nodes getting started
@tracker All nodes finishes job
Trial 12 finished with value: 0.13458345600487945 and parameters: {'objective': 'reg:squarederror', 'tree_method': 'gpu_hist', 'lambda': 0.5094924322045813, 'alpha': 0.14675443619114048, 'colsample_bytree': 0.6825016966462961, 'subsample': 0.6491180131318921, 'learning_rate': 0.006349742523801088, 'max_depth': 7, 'min_child_weight': 42, 'eval_metric': 'rmse'}. Best is trial 11 with value: 0.12466431689405696.
start listen on 192.168.1.101:40711
@tracker All of 1 nodes getting started
@tracker All nodes finishes job
Trial 13 finished with value: 0.12682856922550872 and parameters: {'objective': 'reg:squarederror', 'tree_method': 'gpu_hist', 'lambda': 3.728128362759821, 'alpha': 0.4009939742944034, 'colsample_bytree': 0.47317297987906803, 'subsample': 0.4812473578054372, 'learning_rate': 0.01560934276401879, 'max_depth': 15, 'min_child_weight': 5, 'eval_metric': 'rmse'}. Best is trial 11 with value: 0.12466431689405696.
start listen on 192.168.1.101:41767
@tracker All of 1 nodes getting started
@tracker All nodes finishes job
Trial 14 finished with value: 0.24131064867370047 and parameters: {'objective': 'reg:squarederror', 'tree_method': 'gpu_hist', 'lambda': 0.061997806939527646, 'alpha': 0.06450758302501479, 'colsample_bytree': 0.6787947235364038, 'subsample': 0.6665858906947142, 'learning_rate': 0.0010256803192117384, 'max_depth': 9, 'min_child_weight': 62, 'eval_metric': 'rmse'}. Best is trial 11 with value: 0.12466431689405696.
start listen on 192.168.1.101:34497
@tracker All of 1 nodes getting started
@tracker All nodes finishes job
Trial 15 finished with value: 0.14805970415405612 and parameters: {'objective': 'reg:squarederror', 'tree_method': 'gpu_hist', 'lambda': 0.5233195652615245, 'alpha': 8.84078702283353, 'colsample_bytree': 0.5266584141324471, 'subsample': 0.8144115272372292, 'learning_rate': 0.006132870882368334, 'max_depth': 13, 'min_child_weight': 119, 'eval_metric': 'rmse'}. Best is trial 11 with value: 0.12466431689405696.
start listen on 192.168.1.101:46931
@tracker All of 1 nodes getting started
@tracker All nodes finishes job
Trial 16 finished with value: 0.12663980868763386 and parameters: {'objective': 'reg:squarederror', 'tree_method': 'gpu_hist', 'lambda': 1.1344537664535164, 'alpha': 0.3369014859884997, 'colsample_bytree': 0.754564404831153, 'subsample': 0.7374705090937747, 'learning_rate': 0.025052313712254075, 'max_depth': 15, 'min_child_weight': 40, 'eval_metric': 'rmse'}. Best is trial 11 with value: 0.12466431689405696.
start listen on 192.168.1.101:59839
@tracker All of 1 nodes getting started
@tracker All nodes finishes job
Trial 17 finished with value: 0.18005404257617835 and parameters: {'objective': 'reg:squarederror', 'tree_method': 'gpu_hist', 'lambda': 0.04302378794853997, 'alpha': 0.038118011489837955, 'colsample_bytree': 0.41908358980926763, 'subsample': 0.613802597649126, 'learning_rate': 0.08053040021860015, 'max_depth': 7, 'min_child_weight': 202, 'eval_metric': 'rmse'}. Best is trial 11 with value: 0.12466431689405696.
start listen on 192.168.1.101:59877
@tracker All of 1 nodes getting started
@tracker All nodes finishes job
Trial 18 finished with value: 0.13888827713240254 and parameters: {'objective': 'reg:squarederror', 'tree_method': 'gpu_hist', 'lambda': 0.2161521374575258, 'alpha': 1.7392904415030155, 'colsample_bytree': 0.6149564673081709, 'subsample': 0.8790513085455033, 'learning_rate': 0.005345574919717458, 'max_depth': 17, 'min_child_weight': 70, 'eval_metric': 'rmse'}. Best is trial 11 with value: 0.12466431689405696.
start listen on 192.168.1.101:48267
@tracker All of 1 nodes getting started
@tracker All nodes finishes job
Trial 19 finished with value: 0.14586568283112053 and parameters: {'objective': 'reg:squarederror', 'tree_method': 'gpu_hist', 'lambda': 5.600452616955, 'alpha': 0.3095285971728883, 'colsample_bytree': 0.9922040225833602, 'subsample': 0.6926921938897318, 'learning_rate': 0.008013715156106532, 'max_depth': 9, 'min_child_weight': 116, 'eval_metric': 'rmse'}. Best is trial 11 with value: 0.12466431689405696.
start listen on 192.168.1.101:40881
@tracker All of 1 nodes getting started
@tracker All nodes finishes job
Trial 20 finished with value: 0.13714892100128118 and parameters: {'objective': 'reg:squarederror', 'tree_method': 'gpu_hist', 'lambda': 1.473586709745772, 'alpha': 0.02973006861694143, 'colsample_bytree': 0.7381783114939039, 'subsample': 0.482450239061595, 'learning_rate': 0.019757741039356583, 'max_depth': 3, 'min_child_weight': 35, 'eval_metric': 'rmse'}. Best is trial 11 with value: 0.12466431689405696.
start listen on 192.168.1.101:40871
@tracker All of 1 nodes getting started
@tracker All nodes finishes job
Trial 21 finished with value: 0.12472903029684207 and parameters: {'objective': 'reg:squarederror', 'tree_method': 'gpu_hist', 'lambda': 1.3448480830230534, 'alpha': 0.2854904614106585, 'colsample_bytree': 0.7759518078649225, 'subsample': 0.7760485006667395, 'learning_rate': 0.021279912568543672, 'max_depth': 15, 'min_child_weight': 23, 'eval_metric': 'rmse'}. Best is trial 11 with value: 0.12466431689405696.
start listen on 192.168.1.101:48635
@tracker All of 1 nodes getting started
@tracker All nodes finishes job
Trial 22 finished with value: 0.12503175175615436 and parameters: {'objective': 'reg:squarederror', 'tree_method': 'gpu_hist', 'lambda': 0.20809027127878443, 'alpha': 0.9376160373760767, 'colsample_bytree': 0.8224836357048653, 'subsample': 0.7859059563065772, 'learning_rate': 0.014053673586290984, 'max_depth': 15, 'min_child_weight': 2, 'eval_metric': 'rmse'}. Best is trial 11 with value: 0.12466431689405696.
start listen on 192.168.1.101:46205
@tracker All of 1 nodes getting started
@tracker All nodes finishes job
Trial 23 finished with value: 0.12410830842228636 and parameters: {'objective': 'reg:squarederror', 'tree_method': 'gpu_hist', 'lambda': 0.16575307447810375, 'alpha': 0.7109362991906705, 'colsample_bytree': 0.8572201784671376, 'subsample': 0.7742761648459182, 'learning_rate': 0.017897448596757615, 'max_depth': 15, 'min_child_weight': 23, 'eval_metric': 'rmse'}. Best is trial 23 with value: 0.12410830842228636.
start listen on 192.168.1.101:42699
@tracker All of 1 nodes getting started
@tracker All nodes finishes job
Trial 24 finished with value: 0.13073341897141927 and parameters: {'objective': 'reg:squarederror', 'tree_method': 'gpu_hist', 'lambda': 0.02299881636910941, 'alpha': 0.23680330583493178, 'colsample_bytree': 0.8299132128981307, 'subsample': 0.883539251295834, 'learning_rate': 0.052123662545512955, 'max_depth': 13, 'min_child_weight': 58, 'eval_metric': 'rmse'}. Best is trial 23 with value: 0.12410830842228636.
start listen on 192.168.1.101:52535
@tracker All of 1 nodes getting started
@tracker All nodes finishes job
Trial 25 finished with value: 0.12574194570502117 and parameters: {'objective': 'reg:squarederror', 'tree_method': 'gpu_hist', 'lambda': 0.5691250131660662, 'alpha': 0.07602868194718897, 'colsample_bytree': 0.7147252086989656, 'subsample': 0.7755713595856008, 'learning_rate': 0.021459863929634972, 'max_depth': 11, 'min_child_weight': 24, 'eval_metric': 'rmse'}. Best is trial 23 with value: 0.12410830842228636.
start listen on 192.168.1.101:55061
@tracker All of 1 nodes getting started
@tracker All nodes finishes job
Trial 26 finished with value: 0.13936242891485373 and parameters: {'objective': 'reg:squarederror', 'tree_method': 'gpu_hist', 'lambda': 0.11913745839101599, 'alpha': 0.6079693799780158, 'colsample_bytree': 0.7799255412359909, 'subsample': 0.9973200473003447, 'learning_rate': 0.008969044250738557, 'max_depth': 15, 'min_child_weight': 71, 'eval_metric': 'rmse'}. Best is trial 23 with value: 0.12410830842228636.
start listen on 192.168.1.101:47379
@tracker All of 1 nodes getting started
@tracker All nodes finishes job
Trial 27 finished with value: 0.14111770137344168 and parameters: {'objective': 'reg:squarederror', 'tree_method': 'gpu_hist', 'lambda': 0.6977404836409933, 'alpha': 0.18497783391803765, 'colsample_bytree': 0.9411260703107973, 'subsample': 0.8464389459647512, 'learning_rate': 0.03587047115057312, 'max_depth': 15, 'min_child_weight': 100, 'eval_metric': 'rmse'}. Best is trial 23 with value: 0.12410830842228636.
start listen on 192.168.1.101:48671
@tracker All of 1 nodes getting started
@tracker All nodes finishes job
Trial 28 finished with value: 0.12600273224311492 and parameters: {'objective': 'reg:squarederror', 'tree_method': 'gpu_hist', 'lambda': 0.12601149436413475, 'alpha': 3.3802600677264962, 'colsample_bytree': 0.8635182614148066, 'subsample': 0.6421783013985684, 'learning_rate': 0.01058084043737424, 'max_depth': 13, 'min_child_weight': 22, 'eval_metric': 'rmse'}. Best is trial 23 with value: 0.12410830842228636.
start listen on 192.168.1.101:55671
@tracker All of 1 nodes getting started
@tracker All nodes finishes job
Trial 29 finished with value: 0.13361429226814278 and parameters: {'objective': 'reg:squarederror', 'tree_method': 'gpu_hist', 'lambda': 0.05612794376269043, 'alpha': 0.001700140080336699, 'colsample_bytree': 0.8552699763224183, 'subsample': 0.5599815168601259, 'learning_rate': 0.025746728098557926, 'max_depth': 15, 'min_child_weight': 52, 'eval_metric': 'rmse'}. Best is trial 23 with value: 0.12410830842228636.
start listen on 192.168.1.101:40283
@tracker All of 1 nodes getting started
@tracker All nodes finishes job
Trial 30 finished with value: 0.136814717227711 and parameters: {'objective': 'reg:squarederror', 'tree_method': 'gpu_hist', 'lambda': 0.3152696439164689, 'alpha': 0.046828623522620044, 'colsample_bytree': 0.9994547640126145, 'subsample': 0.7619081432316672, 'learning_rate': 0.09904586568530459, 'max_depth': 20, 'min_child_weight': 87, 'eval_metric': 'rmse'}. Best is trial 23 with value: 0.12410830842228636.
start listen on 192.168.1.101:48087
@tracker All of 1 nodes getting started
@tracker All nodes finishes job
Trial 31 finished with value: 0.12542385906990985 and parameters: {'objective': 'reg:squarederror', 'tree_method': 'gpu_hist', 'lambda': 0.18785761395469555, 'alpha': 1.0211955921277973, 'colsample_bytree': 0.7970760105194986, 'subsample': 0.7770826066022788, 'learning_rate': 0.016816318813799216, 'max_depth': 15, 'min_child_weight': 16, 'eval_metric': 'rmse'}. Best is trial 23 with value: 0.12410830842228636.
start listen on 192.168.1.101:33709
@tracker All of 1 nodes getting started
@tracker All nodes finishes job
Trial 32 finished with value: 0.1255482312549995 and parameters: {'objective': 'reg:squarederror', 'tree_method': 'gpu_hist', 'lambda': 0.9024570430661597, 'alpha': 0.5350756382644908, 'colsample_bytree': 0.8834174812143237, 'subsample': 0.6925118046821258, 'learning_rate': 0.013858086570835506, 'max_depth': 15, 'min_child_weight': 12, 'eval_metric': 'rmse'}. Best is trial 23 with value: 0.12410830842228636.
start listen on 192.168.1.101:50511
@tracker All of 1 nodes getting started
@tracker All nodes finishes job
Trial 33 finished with value: 0.13331506008147745 and parameters: {'objective': 'reg:squarederror', 'tree_method': 'gpu_hist', 'lambda': 3.2251799093581037, 'alpha': 1.3351052769858087, 'colsample_bytree': 0.6727800772723308, 'subsample': 0.871697504889697, 'learning_rate': 0.004637189632731132, 'max_depth': 15, 'min_child_weight': 47, 'eval_metric': 'rmse'}. Best is trial 23 with value: 0.12410830842228636.
start listen on 192.168.1.101:49033
@tracker All of 1 nodes getting started
@tracker All nodes finishes job
Trial 34 finished with value: 0.128177557869827 and parameters: {'objective': 'reg:squarederror', 'tree_method': 'gpu_hist', 'lambda': 0.026388510516837403, 'alpha': 4.184756913163179, 'colsample_bytree': 0.8348129695338676, 'subsample': 0.8014614262084144, 'learning_rate': 0.04999130520494749, 'max_depth': 3, 'min_child_weight': 21, 'eval_metric': 'rmse'}. Best is trial 23 with value: 0.12410830842228636.
start listen on 192.168.1.101:54185
@tracker All of 1 nodes getting started
@tracker All nodes finishes job
Trial 35 finished with value: 0.1717336042650671 and parameters: {'objective': 'reg:squarederror', 'tree_method': 'gpu_hist', 'lambda': 2.0137759512754396, 'alpha': 0.5662578823489568, 'colsample_bytree': 0.9021182377680439, 'subsample': 0.694812675242796, 'learning_rate': 0.029717350201423777, 'max_depth': 20, 'min_child_weight': 228, 'eval_metric': 'rmse'}. Best is trial 23 with value: 0.12410830842228636.
start listen on 192.168.1.101:52905
@tracker All of 1 nodes getting started
@tracker All nodes finishes job
Trial 36 finished with value: 0.1268010880446869 and parameters: {'objective': 'reg:squarederror', 'tree_method': 'gpu_hist', 'lambda': 0.09185072799565445, 'alpha': 0.1185426770861473, 'colsample_bytree': 0.7838372456115918, 'subsample': 0.9177247814626905, 'learning_rate': 0.011731861687116775, 'max_depth': 11, 'min_child_weight': 31, 'eval_metric': 'rmse'}. Best is trial 23 with value: 0.12410830842228636.
start listen on 192.168.1.101:59525
@tracker All of 1 nodes getting started
@tracker All nodes finishes job
Trial 37 finished with value: 0.12422211287671385 and parameters: {'objective': 'reg:squarederror', 'tree_method': 'gpu_hist', 'lambda': 0.016209327441711645, 'alpha': 1.0433003845639226, 'colsample_bytree': 0.7013967963071877, 'subsample': 0.8313709186435007, 'learning_rate': 0.008097730547215472, 'max_depth': 15, 'min_child_weight': 3, 'eval_metric': 'rmse'}. Best is trial 23 with value: 0.12410830842228636.
start listen on 192.168.1.101:38811
@tracker All of 1 nodes getting started
@tracker All nodes finishes job
Trial 38 finished with value: 0.14044895489902826 and parameters: {'objective': 'reg:squarederror', 'tree_method': 'gpu_hist', 'lambda': 0.004173082623198723, 'alpha': 0.21867050957208597, 'colsample_bytree': 0.5621759698341259, 'subsample': 0.8383966256266089, 'learning_rate': 0.0046750762726052554, 'max_depth': 17, 'min_child_weight': 72, 'eval_metric': 'rmse'}. Best is trial 23 with value: 0.12410830842228636.
start listen on 192.168.1.101:41481
@tracker All of 1 nodes getting started
@tracker All nodes finishes job
Trial 39 finished with value: 0.15620383568226606 and parameters: {'objective': 'reg:squarederror', 'tree_method': 'gpu_hist', 'lambda': 0.01660073178182699, 'alpha': 1.7355704142052506, 'colsample_bytree': 0.6343104263844448, 'subsample': 0.7513519751605497, 'learning_rate': 0.0074005383070867275, 'max_depth': 5, 'min_child_weight': 140, 'eval_metric': 'rmse'}. Best is trial 23 with value: 0.12410830842228636.
start listen on 192.168.1.101:35851
@tracker All of 1 nodes getting started
@tracker All nodes finishes job
Trial 40 finished with value: 0.1448302133100007 and parameters: {'objective': 'reg:squarederror', 'tree_method': 'gpu_hist', 'lambda': 0.0016371374805168944, 'alpha': 0.46146450931168753, 'colsample_bytree': 0.7258338459062461, 'subsample': 0.7280611064106497, 'learning_rate': 0.017919389616586703, 'max_depth': 13, 'min_child_weight': 103, 'eval_metric': 'rmse'}. Best is trial 23 with value: 0.12410830842228636.
start listen on 192.168.1.101:43007
@tracker All of 1 nodes getting started
@tracker All nodes finishes job
