Trial 209 finished with value: 0.12348979881155266 and parameters: {'objective': 'reg:squarederror', 'tree_method': 'gpu_hist', 'lambda': 5.937882037592058, 'alpha': 0.6605178555295308, 'colsample_bytree': 0.7016082558562261, 'subsample': 0.5916668379561991, 'learning_rate': 0.009324461033215157, 'max_depth': 20, 'min_child_weight': 11, 'eval_metric': 'rmse'}. Best is trial 195 with value: 0.12325126988960092.
start listen on 192.168.1.101:52905
@tracker All of 1 nodes getting started
@tracker All nodes finishes job
Trial 210 finished with value: 0.12370569351200464 and parameters: {'objective': 'reg:squarederror', 'tree_method': 'gpu_hist', 'lambda': 5.836491405383505, 'alpha': 0.669799324926521, 'colsample_bytree': 0.7092032856893776, 'subsample': 0.5939659352109551, 'learning_rate': 0.009947742966370101, 'max_depth': 20, 'min_child_weight': 12, 'eval_metric': 'rmse'}. Best is trial 195 with value: 0.12325126988960092.
start listen on 192.168.1.101:60741
@tracker All of 1 nodes getting started
@tracker All nodes finishes job
Trial 211 finished with value: 0.1234887943023452 and parameters: {'objective': 'reg:squarederror', 'tree_method': 'gpu_hist', 'lambda': 5.84099446230981, 'alpha': 0.7093976710587138, 'colsample_bytree': 0.7090872312000814, 'subsample': 0.5919024151063975, 'learning_rate': 0.009487667484525838, 'max_depth': 20, 'min_child_weight': 10, 'eval_metric': 'rmse'}. Best is trial 195 with value: 0.12325126988960092.
start listen on 192.168.1.101:33317
@tracker All of 1 nodes getting started
@tracker All nodes finishes job
Trial 212 finished with value: 0.12352316330936748 and parameters: {'objective': 'reg:squarederror', 'tree_method': 'gpu_hist', 'lambda': 5.6169982685971735, 'alpha': 0.6430254016223566, 'colsample_bytree': 0.7100775061654617, 'subsample': 0.5790116691328175, 'learning_rate': 0.009768225480954377, 'max_depth': 20, 'min_child_weight': 11, 'eval_metric': 'rmse'}. Best is trial 195 with value: 0.12325126988960092.
start listen on 192.168.1.101:48447
@tracker All of 1 nodes getting started
@tracker All nodes finishes job
Trial 213 finished with value: 0.12384785426961219 and parameters: {'objective': 'reg:squarederror', 'tree_method': 'gpu_hist', 'lambda': 5.668913711581994, 'alpha': 0.6564146617892591, 'colsample_bytree': 0.6913205641097534, 'subsample': 0.577254865335085, 'learning_rate': 0.00954648399585551, 'max_depth': 20, 'min_child_weight': 12, 'eval_metric': 'rmse'}. Best is trial 195 with value: 0.12325126988960092.
start listen on 192.168.1.101:35127
@tracker All of 1 nodes getting started
@tracker All nodes finishes job
Trial 214 finished with value: 0.1245372166086967 and parameters: {'objective': 'reg:squarederror', 'tree_method': 'gpu_hist', 'lambda': 4.3595378646902345, 'alpha': 0.6693967530192623, 'colsample_bytree': 0.7187987357505252, 'subsample': 0.559183347147824, 'learning_rate': 0.010018853084279869, 'max_depth': 20, 'min_child_weight': 12, 'eval_metric': 'rmse'}. Best is trial 195 with value: 0.12325126988960092.
start listen on 192.168.1.101:57485
@tracker All of 1 nodes getting started
@tracker All nodes finishes job
Trial 215 finished with value: 0.12430339291768042 and parameters: {'objective': 'reg:squarederror', 'tree_method': 'gpu_hist', 'lambda': 6.727947839081212, 'alpha': 0.9033402993857297, 'colsample_bytree': 0.7079946263059361, 'subsample': 0.5929521691378987, 'learning_rate': 0.007095003831604514, 'max_depth': 20, 'min_child_weight': 6, 'eval_metric': 'rmse'}. Best is trial 195 with value: 0.12325126988960092.
start listen on 192.168.1.101:39283
@tracker All of 1 nodes getting started
@tracker All nodes finishes job
Trial 216 finished with value: 0.12451001142805579 and parameters: {'objective': 'reg:squarederror', 'tree_method': 'gpu_hist', 'lambda': 5.5046849313264365, 'alpha': 0.6446282897112238, 'colsample_bytree': 0.7236913017705873, 'subsample': 0.5670941787198628, 'learning_rate': 0.009427284922471272, 'max_depth': 20, 'min_child_weight': 13, 'eval_metric': 'rmse'}. Best is trial 195 with value: 0.12325126988960092.
start listen on 192.168.1.101:37207
@tracker All of 1 nodes getting started
@tracker All nodes finishes job
Trial 217 finished with value: 0.12327999166899996 and parameters: {'objective': 'reg:squarederror', 'tree_method': 'gpu_hist', 'lambda': 7.075006806098592, 'alpha': 0.4051596019103518, 'colsample_bytree': 0.6876839264934709, 'subsample': 0.5941520513858222, 'learning_rate': 0.01015939584555619, 'max_depth': 20, 'min_child_weight': 8, 'eval_metric': 'rmse'}. Best is trial 195 with value: 0.12325126988960092.
start listen on 192.168.1.101:48087
@tracker All of 1 nodes getting started
@tracker All nodes finishes job
Trial 218 finished with value: 0.12413886907540624 and parameters: {'objective': 'reg:squarederror', 'tree_method': 'gpu_hist', 'lambda': 4.0950186465326395, 'alpha': 0.38715389162122393, 'colsample_bytree': 0.6944952963079443, 'subsample': 0.5851216190616043, 'learning_rate': 0.010218409595467158, 'max_depth': 20, 'min_child_weight': 1, 'eval_metric': 'rmse'}. Best is trial 195 with value: 0.12325126988960092.
start listen on 192.168.1.101:54551
@tracker All of 1 nodes getting started
@tracker All nodes finishes job
Trial 219 finished with value: 0.12428577285203982 and parameters: {'objective': 'reg:squarederror', 'tree_method': 'gpu_hist', 'lambda': 5.009757592252482, 'alpha': 0.007944950218009218, 'colsample_bytree': 0.6853083732748719, 'subsample': 0.5980044582909776, 'learning_rate': 0.009056994176568866, 'max_depth': 20, 'min_child_weight': 11, 'eval_metric': 'rmse'}. Best is trial 195 with value: 0.12325126988960092.
start listen on 192.168.1.101:55789
@tracker All of 1 nodes getting started
@tracker All nodes finishes job
Trial 220 finished with value: 0.12402871051966871 and parameters: {'objective': 'reg:squarederror', 'tree_method': 'gpu_hist', 'lambda': 6.879327955488401, 'alpha': 0.5102535608321523, 'colsample_bytree': 0.7153325199171411, 'subsample': 0.5764693053067984, 'learning_rate': 0.010371512401502175, 'max_depth': 20, 'min_child_weight': 14, 'eval_metric': 'rmse'}. Best is trial 195 with value: 0.12325126988960092.
start listen on 192.168.1.101:40933
@tracker All of 1 nodes getting started
@tracker All nodes finishes job
Trial 221 finished with value: 0.12401087213564627 and parameters: {'objective': 'reg:squarederror', 'tree_method': 'gpu_hist', 'lambda': 7.018168544538145, 'alpha': 0.4351328348318637, 'colsample_bytree': 0.7047585635323065, 'subsample': 0.5419978088163973, 'learning_rate': 0.007763400099065241, 'max_depth': 20, 'min_child_weight': 6, 'eval_metric': 'rmse'}. Best is trial 195 with value: 0.12325126988960092.
start listen on 192.168.1.101:37179
@tracker All of 1 nodes getting started
@tracker All nodes finishes job
Trial 222 finished with value: 0.1236573619859328 and parameters: {'objective': 'reg:squarederror', 'tree_method': 'gpu_hist', 'lambda': 6.110097878571801, 'alpha': 0.6885805303491979, 'colsample_bytree': 0.7265209553664306, 'subsample': 0.5969377683186994, 'learning_rate': 0.009255040165080372, 'max_depth': 20, 'min_child_weight': 7, 'eval_metric': 'rmse'}. Best is trial 195 with value: 0.12325126988960092.
start listen on 192.168.1.101:34765
@tracker All of 1 nodes getting started
@tracker All nodes finishes job
Trial 223 finished with value: 0.12326629416478008 and parameters: {'objective': 'reg:squarederror', 'tree_method': 'gpu_hist', 'lambda': 5.6988211528918695, 'alpha': 0.9695695530407792, 'colsample_bytree': 0.6794792272384055, 'subsample': 0.5955293565122229, 'learning_rate': 0.009427687562974461, 'max_depth': 20, 'min_child_weight': 8, 'eval_metric': 'rmse'}. Best is trial 195 with value: 0.12325126988960092.
start listen on 192.168.1.101:36389
@tracker All of 1 nodes getting started
@tracker All nodes finishes job
Trial 224 finished with value: 0.12391205567116065 and parameters: {'objective': 'reg:squarederror', 'tree_method': 'gpu_hist', 'lambda': 5.687347669701223, 'alpha': 0.8498147929890745, 'colsample_bytree': 0.6738809040061204, 'subsample': 0.5903604115049972, 'learning_rate': 0.009521268405519211, 'max_depth': 20, 'min_child_weight': 12, 'eval_metric': 'rmse'}. Best is trial 195 with value: 0.12325126988960092.
start listen on 192.168.1.101:51479
@tracker All of 1 nodes getting started
@tracker All nodes finishes job
Trial 225 finished with value: 0.12422802234922503 and parameters: {'objective': 'reg:squarederror', 'tree_method': 'gpu_hist', 'lambda': 4.747437045375855, 'alpha': 0.6885111016563368, 'colsample_bytree': 0.6966667956343093, 'subsample': 0.5981996138634671, 'learning_rate': 0.010084378328840203, 'max_depth': 20, 'min_child_weight': 16, 'eval_metric': 'rmse'}. Best is trial 195 with value: 0.12325126988960092.
start listen on 192.168.1.101:51591
@tracker All of 1 nodes getting started
@tracker All nodes finishes job
Trial 226 finished with value: 0.12408628778800111 and parameters: {'objective': 'reg:squarederror', 'tree_method': 'gpu_hist', 'lambda': 6.113571296538086, 'alpha': 0.9154354481113041, 'colsample_bytree': 0.6828575818245652, 'subsample': 0.5613866446115008, 'learning_rate': 0.009250579808341241, 'max_depth': 20, 'min_child_weight': 1, 'eval_metric': 'rmse'}. Best is trial 195 with value: 0.12325126988960092.
start listen on 192.168.1.101:58475
@tracker All of 1 nodes getting started
@tracker All nodes finishes job
Trial 227 finished with value: 0.12360973813133234 and parameters: {'objective': 'reg:squarederror', 'tree_method': 'gpu_hist', 'lambda': 3.939899851090134, 'alpha': 1.0006342838146018, 'colsample_bytree': 0.725564535698222, 'subsample': 0.5822155914713267, 'learning_rate': 0.008911613845267457, 'max_depth': 20, 'min_child_weight': 9, 'eval_metric': 'rmse'}. Best is trial 195 with value: 0.12325126988960092.
start listen on 192.168.1.101:42175
@tracker All of 1 nodes getting started
@tracker All nodes finishes job
Trial 228 finished with value: 0.12433740473362172 and parameters: {'objective': 'reg:squarederror', 'tree_method': 'gpu_hist', 'lambda': 5.012009525141833, 'alpha': 1.0287380400205828, 'colsample_bytree': 0.726242717056326, 'subsample': 0.5865183147213364, 'learning_rate': 0.010557022781636522, 'max_depth': 20, 'min_child_weight': 18, 'eval_metric': 'rmse'}. Best is trial 195 with value: 0.12325126988960092.
start listen on 192.168.1.101:55121
@tracker All of 1 nodes getting started
@tracker All nodes finishes job
Trial 229 finished with value: 0.17958034824313368 and parameters: {'objective': 'reg:squarederror', 'tree_method': 'gpu_hist', 'lambda': 3.810179020869418, 'alpha': 0.9925574361975108, 'colsample_bytree': 0.7642627942639597, 'subsample': 0.5751902627611731, 'learning_rate': 0.009293846493780018, 'max_depth': 20, 'min_child_weight': 221, 'eval_metric': 'rmse'}. Best is trial 195 with value: 0.12325126988960092.
start listen on 192.168.1.101:47137
@tracker All of 1 nodes getting started
@tracker All nodes finishes job
Trial 230 finished with value: 0.1233717140121185 and parameters: {'objective': 'reg:squarederror', 'tree_method': 'gpu_hist', 'lambda': 7.354928946480697, 'alpha': 0.7653755607936853, 'colsample_bytree': 0.7303273482419637, 'subsample': 0.6026358372919434, 'learning_rate': 0.010165999329772626, 'max_depth': 20, 'min_child_weight': 10, 'eval_metric': 'rmse'}. Best is trial 195 with value: 0.12325126988960092.
start listen on 192.168.1.101:56101
@tracker All of 1 nodes getting started
@tracker All nodes finishes job
Trial 231 finished with value: 0.12337034106934408 and parameters: {'objective': 'reg:squarederror', 'tree_method': 'gpu_hist', 'lambda': 7.087700518895399, 'alpha': 0.7536341185177133, 'colsample_bytree': 0.7275359546011981, 'subsample': 0.5992548342555788, 'learning_rate': 0.010422687139235687, 'max_depth': 20, 'min_child_weight': 10, 'eval_metric': 'rmse'}. Best is trial 195 with value: 0.12325126988960092.
start listen on 192.168.1.101:39643
@tracker All of 1 nodes getting started
@tracker All nodes finishes job
Trial 232 finished with value: 0.12346747575979544 and parameters: {'objective': 'reg:squarederror', 'tree_method': 'gpu_hist', 'lambda': 7.365883236604613, 'alpha': 0.760284325235785, 'colsample_bytree': 0.7279118953912874, 'subsample': 0.603445156858232, 'learning_rate': 0.010149559114291702, 'max_depth': 20, 'min_child_weight': 10, 'eval_metric': 'rmse'}. Best is trial 195 with value: 0.12325126988960092.
start listen on 192.168.1.101:55589
@tracker All of 1 nodes getting started
@tracker All nodes finishes job
Trial 233 finished with value: 0.12306412059147159 and parameters: {'objective': 'reg:squarederror', 'tree_method': 'gpu_hist', 'lambda': 7.484893140581718, 'alpha': 0.8615626914457155, 'colsample_bytree': 0.7316265737872676, 'subsample': 0.6058992585296479, 'learning_rate': 0.010567625470101094, 'max_depth': 20, 'min_child_weight': 9, 'eval_metric': 'rmse'}. Best is trial 233 with value: 0.12306412059147159.
start listen on 192.168.1.101:42049
@tracker All of 1 nodes getting started
@tracker All nodes finishes job
Trial 234 finished with value: 0.12485620148913736 and parameters: {'objective': 'reg:squarederror', 'tree_method': 'gpu_hist', 'lambda': 7.515611668801141, 'alpha': 1.161453002540405, 'colsample_bytree': 0.7275932254471843, 'subsample': 0.6028387733661569, 'learning_rate': 0.010125145582560639, 'max_depth': 20, 'min_child_weight': 18, 'eval_metric': 'rmse'}. Best is trial 233 with value: 0.12306412059147159.
start listen on 192.168.1.101:39131
@tracker All of 1 nodes getting started
@tracker All nodes finishes job
Trial 235 finished with value: 0.1247550253927776 and parameters: {'objective': 'reg:squarederror', 'tree_method': 'gpu_hist', 'lambda': 7.255259586895143, 'alpha': 0.7532909746708546, 'colsample_bytree': 0.7641260265586552, 'subsample': 0.5780484208081365, 'learning_rate': 0.010890049543954219, 'max_depth': 20, 'min_child_weight': 9, 'eval_metric': 'rmse'}. Best is trial 233 with value: 0.12306412059147159.
start listen on 192.168.1.101:42473
@tracker All of 1 nodes getting started
@tracker All nodes finishes job
Trial 236 finished with value: 0.12418272079633484 and parameters: {'objective': 'reg:squarederror', 'tree_method': 'gpu_hist', 'lambda': 7.325310654127544, 'alpha': 0.8204547213532697, 'colsample_bytree': 0.7519870376586971, 'subsample': 0.6032744496735853, 'learning_rate': 0.009323895503619214, 'max_depth': 20, 'min_child_weight': 11, 'eval_metric': 'rmse'}. Best is trial 233 with value: 0.12306412059147159.
start listen on 192.168.1.101:42437
@tracker All of 1 nodes getting started
@tracker All nodes finishes job
Trial 237 finished with value: 0.1255214808185419 and parameters: {'objective': 'reg:squarederror', 'tree_method': 'gpu_hist', 'lambda': 9.86546038114772, 'alpha': 0.9039697111839665, 'colsample_bytree': 0.7259359626028022, 'subsample': 0.5636922503780275, 'learning_rate': 0.011061241422280868, 'max_depth': 20, 'min_child_weight': 18, 'eval_metric': 'rmse'}. Best is trial 233 with value: 0.12306412059147159.
start listen on 192.168.1.101:46625
@tracker All of 1 nodes getting started
@tracker All nodes finishes job
Trial 238 finished with value: 0.12387576371386821 and parameters: {'objective': 'reg:squarederror', 'tree_method': 'gpu_hist', 'lambda': 5.1243685446478215, 'alpha': 0.7649535139529595, 'colsample_bytree': 0.7321398134780513, 'subsample': 0.6058396377915364, 'learning_rate': 0.010415431695477739, 'max_depth': 20, 'min_child_weight': 8, 'eval_metric': 'rmse'}. Best is trial 233 with value: 0.12306412059147159.
start listen on 192.168.1.101:50859
@tracker All of 1 nodes getting started
@tracker All nodes finishes job
Trial 239 finished with value: 0.14280813921858732 and parameters: {'objective': 'reg:squarederror', 'tree_method': 'gpu_hist', 'lambda': 7.31151544842211, 'alpha': 1.3245207742358298, 'colsample_bytree': 0.6698157669932404, 'subsample': 0.6207999108137086, 'learning_rate': 0.009406828139292637, 'max_depth': 20, 'min_child_weight': 92, 'eval_metric': 'rmse'}. Best is trial 233 with value: 0.12306412059147159.
start listen on 192.168.1.101:38191
@tracker All of 1 nodes getting started
@tracker All nodes finishes job
Trial 240 finished with value: 0.12442251658903669 and parameters: {'objective': 'reg:squarederror', 'tree_method': 'gpu_hist', 'lambda': 5.41857904819009, 'alpha': 0.6865426609552475, 'colsample_bytree': 0.7488694334837654, 'subsample': 0.5765319480844437, 'learning_rate': 0.008828787226870131, 'max_depth': 20, 'min_child_weight': 13, 'eval_metric': 'rmse'}. Best is trial 233 with value: 0.12306412059147159.
start listen on 192.168.1.101:54415
@tracker All of 1 nodes getting started
@tracker All nodes finishes job
Trial 241 finished with value: 0.12381190890454775 and parameters: {'objective': 'reg:squarederror', 'tree_method': 'gpu_hist', 'lambda': 9.978619957558083, 'alpha': 0.9563639358237961, 'colsample_bytree': 0.7382289960693063, 'subsample': 0.5847480960192004, 'learning_rate': 0.008291421778509528, 'max_depth': 20, 'min_child_weight': 6, 'eval_metric': 'rmse'}. Best is trial 233 with value: 0.12306412059147159.
start listen on 192.168.1.101:55849
@tracker All of 1 nodes getting started
@tracker All nodes finishes job
Trial 242 finished with value: 0.12331960723823447 and parameters: {'objective': 'reg:squarederror', 'tree_method': 'gpu_hist', 'lambda': 8.032262269168562, 'alpha': 0.5922738611913347, 'colsample_bytree': 0.7207120005769374, 'subsample': 0.6037547414024323, 'learning_rate': 0.009882928519960145, 'max_depth': 20, 'min_child_weight': 7, 'eval_metric': 'rmse'}. Best is trial 233 with value: 0.12306412059147159.
start listen on 192.168.1.101:34767
@tracker All of 1 nodes getting started
@tracker All nodes finishes job
Trial 243 finished with value: 0.12312888661552616 and parameters: {'objective': 'reg:squarederror', 'tree_method': 'gpu_hist', 'lambda': 7.618116347961968, 'alpha': 1.0680258433784757, 'colsample_bytree': 0.7234347762223459, 'subsample': 0.606392862313548, 'learning_rate': 0.011345640182574172, 'max_depth': 20, 'min_child_weight': 9, 'eval_metric': 'rmse'}. Best is trial 233 with value: 0.12306412059147159.
start listen on 192.168.1.101:34683
@tracker All of 1 nodes getting started
@tracker All nodes finishes job
Trial 244 finished with value: 0.12371172080458533 and parameters: {'objective': 'reg:squarederror', 'tree_method': 'gpu_hist', 'lambda': 7.2222586510160784, 'alpha': 0.5899150346242181, 'colsample_bytree': 0.7178160828210516, 'subsample': 0.6044770971731601, 'learning_rate': 0.011420273935596359, 'max_depth': 20, 'min_child_weight': 16, 'eval_metric': 'rmse'}. Best is trial 233 with value: 0.12306412059147159.
start listen on 192.168.1.101:58643
@tracker All of 1 nodes getting started
@tracker All nodes finishes job
Trial 245 finished with value: 0.1235518079243452 and parameters: {'objective': 'reg:squarederror', 'tree_method': 'gpu_hist', 'lambda': 8.180515066759323, 'alpha': 0.7308314568924094, 'colsample_bytree': 0.6872815168677587, 'subsample': 0.6151798578307354, 'learning_rate': 0.010189090911091638, 'max_depth': 20, 'min_child_weight': 10, 'eval_metric': 'rmse'}. Best is trial 233 with value: 0.12306412059147159.
start listen on 192.168.1.101:60273
@tracker All of 1 nodes getting started
@tracker All nodes finishes job
Trial 246 finished with value: 0.12406259226686552 and parameters: {'objective': 'reg:squarederror', 'tree_method': 'gpu_hist', 'lambda': 8.291997344691465, 'alpha': 1.0573050826326427, 'colsample_bytree': 0.7005215646107882, 'subsample': 0.6152669608681133, 'learning_rate': 0.01038429033624771, 'max_depth': 20, 'min_child_weight': 12, 'eval_metric': 'rmse'}. Best is trial 233 with value: 0.12306412059147159.
start listen on 192.168.1.101:50009
@tracker All of 1 nodes getting started
@tracker All nodes finishes job
Trial 247 finished with value: 0.12478495556264663 and parameters: {'objective': 'reg:squarederror', 'tree_method': 'gpu_hist', 'lambda': 5.962606349721534, 'alpha': 1.155474322212378, 'colsample_bytree': 0.6902927667637844, 'subsample': 0.6024140932087917, 'learning_rate': 0.011411657851273217, 'max_depth': 20, 'min_child_weight': 21, 'eval_metric': 'rmse'}. Best is trial 233 with value: 0.12306412059147159.
start listen on 192.168.1.101:54725
@tracker All of 1 nodes getting started
@tracker All nodes finishes job
Trial 248 finished with value: 0.12441993113753035 and parameters: {'objective': 'reg:squarederror', 'tree_method': 'gpu_hist', 'lambda': 8.333119583313252, 'alpha': 0.7397558317352444, 'colsample_bytree': 0.6820541871474703, 'subsample': 0.5866670260787904, 'learning_rate': 0.009900601986702898, 'max_depth': 20, 'min_child_weight': 15, 'eval_metric': 'rmse'}. Best is trial 233 with value: 0.12306412059147159.
start listen on 192.168.1.101:52359
@tracker All of 1 nodes getting started
@tracker All nodes finishes job
Trial 249 finished with value: 0.12334355181344124 and parameters: {'objective': 'reg:squarederror', 'tree_method': 'gpu_hist', 'lambda': 9.830616201841886, 'alpha': 0.7804424921212078, 'colsample_bytree': 0.723128414056805, 'subsample': 0.6123906360878895, 'learning_rate': 0.010717742810117066, 'max_depth': 20, 'min_child_weight': 8, 'eval_metric': 'rmse'}. Best is trial 233 with value: 0.12306412059147159.
start listen on 192.168.1.101:52347
@tracker All of 1 nodes getting started
@tracker All nodes finishes job
Trial 250 finished with value: 0.12316661724064276 and parameters: {'objective': 'reg:squarederror', 'tree_method': 'gpu_hist', 'lambda': 9.814819649917144, 'alpha': 0.9678507438110496, 'colsample_bytree': 0.71071391769621, 'subsample': 0.6173758392058561, 'learning_rate': 0.01188271640933262, 'max_depth': 20, 'min_child_weight': 11, 'eval_metric': 'rmse'}. Best is trial 233 with value: 0.12306412059147159.
start listen on 192.168.1.101:48655
@tracker All of 1 nodes getting started
@tracker All nodes finishes job
