Trial 923 finished with value: 0.1258243833127546 and parameters: {'objective': 'reg:squarederror', 'tree_method': 'gpu_hist', 'lambda': 7.327160407725158, 'alpha': 1.2178241476812697, 'colsample_bytree': 0.6974085749654915, 'subsample': 0.5785057645470082, 'learning_rate': 0.01140438484103745, 'max_depth': 20, 'min_child_weight': 23, 'eval_metric': 'rmse'}. Best is trial 463 with value: 0.12284958614550846.
start listen on 192.168.1.101:58285
@tracker All of 1 nodes getting started
@tracker All nodes finishes job
Trial 924 finished with value: 0.12309961842119237 and parameters: {'objective': 'reg:squarederror', 'tree_method': 'gpu_hist', 'lambda': 8.578788050204711, 'alpha': 1.5540008020223044, 'colsample_bytree': 0.7392774987886767, 'subsample': 0.6133236253220533, 'learning_rate': 0.015942641881287016, 'max_depth': 20, 'min_child_weight': 6, 'eval_metric': 'rmse'}. Best is trial 463 with value: 0.12284958614550846.
start listen on 192.168.1.101:41979
@tracker All of 1 nodes getting started
@tracker All nodes finishes job
Trial 925 finished with value: 0.15429987771967732 and parameters: {'objective': 'reg:squarederror', 'tree_method': 'gpu_hist', 'lambda': 6.524926905964579, 'alpha': 1.8427683719680743, 'colsample_bytree': 0.7593455618145877, 'subsample': 0.7598988990178139, 'learning_rate': 0.01845570532461769, 'max_depth': 20, 'min_child_weight': 177, 'eval_metric': 'rmse'}. Best is trial 463 with value: 0.12284958614550846.
start listen on 192.168.1.101:60891
@tracker All of 1 nodes getting started
@tracker All nodes finishes job
Trial 926 finished with value: 0.12337972816903175 and parameters: {'objective': 'reg:squarederror', 'tree_method': 'gpu_hist', 'lambda': 5.120031789899843, 'alpha': 2.8608609165908385, 'colsample_bytree': 0.7415244348500943, 'subsample': 0.6180920801024432, 'learning_rate': 0.019910064977177212, 'max_depth': 20, 'min_child_weight': 16, 'eval_metric': 'rmse'}. Best is trial 463 with value: 0.12284958614550846.
start listen on 192.168.1.101:52277
@tracker All of 1 nodes getting started
@tracker All nodes finishes job
Trial 927 finished with value: 0.12359781674328829 and parameters: {'objective': 'reg:squarederror', 'tree_method': 'gpu_hist', 'lambda': 5.325184347201849, 'alpha': 2.172010662474972, 'colsample_bytree': 0.6742501592352861, 'subsample': 0.622562464497933, 'learning_rate': 0.017015088872356726, 'max_depth': 20, 'min_child_weight': 6, 'eval_metric': 'rmse'}. Best is trial 463 with value: 0.12284958614550846.
start listen on 192.168.1.101:33429
@tracker All of 1 nodes getting started
@tracker All nodes finishes job
Trial 928 finished with value: 0.1242796914394349 and parameters: {'objective': 'reg:squarederror', 'tree_method': 'gpu_hist', 'lambda': 4.099126097758435, 'alpha': 1.6125538244290776, 'colsample_bytree': 0.7505206413076309, 'subsample': 0.6106452279256357, 'learning_rate': 0.016210807352989194, 'max_depth': 20, 'min_child_weight': 12, 'eval_metric': 'rmse'}. Best is trial 463 with value: 0.12284958614550846.
start listen on 192.168.1.101:55967
@tracker All of 1 nodes getting started
@tracker All nodes finishes job
Trial 929 finished with value: 0.12329677117087963 and parameters: {'objective': 'reg:squarederror', 'tree_method': 'gpu_hist', 'lambda': 6.4633312216856345, 'alpha': 1.918568666153978, 'colsample_bytree': 0.6858483167035794, 'subsample': 0.6295042165993613, 'learning_rate': 0.015650104124512104, 'max_depth': 20, 'min_child_weight': 1, 'eval_metric': 'rmse'}. Best is trial 463 with value: 0.12284958614550846.
start listen on 192.168.1.101:47845
@tracker All of 1 nodes getting started
@tracker All nodes finishes job
Trial 930 finished with value: 0.12381856858565261 and parameters: {'objective': 'reg:squarederror', 'tree_method': 'gpu_hist', 'lambda': 7.391793736251922, 'alpha': 1.5277159168046333, 'colsample_bytree': 0.702338821706281, 'subsample': 0.6121290674308338, 'learning_rate': 0.018363483416499737, 'max_depth': 17, 'min_child_weight': 19, 'eval_metric': 'rmse'}. Best is trial 463 with value: 0.12284958614550846.
start listen on 192.168.1.101:50127
@tracker All of 1 nodes getting started
@tracker All nodes finishes job
Trial 931 finished with value: 0.1237771202231905 and parameters: {'objective': 'reg:squarederror', 'tree_method': 'gpu_hist', 'lambda': 8.473210431843995, 'alpha': 2.3726405760062668, 'colsample_bytree': 0.6685860380220983, 'subsample': 0.5178418916245853, 'learning_rate': 0.01584080118483828, 'max_depth': 13, 'min_child_weight': 10, 'eval_metric': 'rmse'}. Best is trial 463 with value: 0.12284958614550846.
start listen on 192.168.1.101:32981
@tracker All of 1 nodes getting started
@tracker All nodes finishes job
Trial 932 finished with value: 0.12606052764318287 and parameters: {'objective': 'reg:squarederror', 'tree_method': 'gpu_hist', 'lambda': 0.4569455515212907, 'alpha': 1.5336206747871943, 'colsample_bytree': 0.7438140936780261, 'subsample': 0.6189253367190658, 'learning_rate': 0.016990712081524636, 'max_depth': 7, 'min_child_weight': 25, 'eval_metric': 'rmse'}. Best is trial 463 with value: 0.12284958614550846.
start listen on 192.168.1.101:35145
@tracker All of 1 nodes getting started
@tracker All nodes finishes job
Trial 933 finished with value: 0.12423276256320705 and parameters: {'objective': 'reg:squarederror', 'tree_method': 'gpu_hist', 'lambda': 5.97054247532785, 'alpha': 2.934223864066422, 'colsample_bytree': 0.7155002521612949, 'subsample': 0.6030807565400159, 'learning_rate': 0.014645911134556114, 'max_depth': 9, 'min_child_weight': 15, 'eval_metric': 'rmse'}. Best is trial 463 with value: 0.12284958614550846.
start listen on 192.168.1.101:40221
@tracker All of 1 nodes getting started
@tracker All nodes finishes job
Trial 934 finished with value: 0.12329849063470506 and parameters: {'objective': 'reg:squarederror', 'tree_method': 'gpu_hist', 'lambda': 7.3606333491388005, 'alpha': 1.7843177686196934, 'colsample_bytree': 0.6910175098392239, 'subsample': 0.6288966264842224, 'learning_rate': 0.014739255998038131, 'max_depth': 20, 'min_child_weight': 6, 'eval_metric': 'rmse'}. Best is trial 463 with value: 0.12284958614550846.
start listen on 192.168.1.101:37695
@tracker All of 1 nodes getting started
@tracker All nodes finishes job
Trial 935 finished with value: 0.12449233520877472 and parameters: {'objective': 'reg:squarederror', 'tree_method': 'gpu_hist', 'lambda': 8.486267990035792, 'alpha': 1.2019441806387616, 'colsample_bytree': 0.7307298131007138, 'subsample': 0.6022462098628335, 'learning_rate': 0.020162427468308684, 'max_depth': 20, 'min_child_weight': 19, 'eval_metric': 'rmse'}. Best is trial 463 with value: 0.12284958614550846.
start listen on 192.168.1.101:38661
@tracker All of 1 nodes getting started
@tracker All nodes finishes job
Trial 936 finished with value: 0.12434898040949438 and parameters: {'objective': 'reg:squarederror', 'tree_method': 'gpu_hist', 'lambda': 5.408766824170636, 'alpha': 0.07485859043206666, 'colsample_bytree': 0.7077923387158731, 'subsample': 0.6162074391126571, 'learning_rate': 0.017274006326124136, 'max_depth': 20, 'min_child_weight': 1, 'eval_metric': 'rmse'}. Best is trial 463 with value: 0.12284958614550846.
start listen on 192.168.1.101:51871
@tracker All of 1 nodes getting started
@tracker All nodes finishes job
Trial 937 finished with value: 0.12303742503111485 and parameters: {'objective': 'reg:squarederror', 'tree_method': 'gpu_hist', 'lambda': 6.591893205582916, 'alpha': 1.4318189437206108, 'colsample_bytree': 0.6711314238161257, 'subsample': 0.6329943091941793, 'learning_rate': 0.015513489472108772, 'max_depth': 20, 'min_child_weight': 10, 'eval_metric': 'rmse'}. Best is trial 463 with value: 0.12284958614550846.
start listen on 192.168.1.101:56201
@tracker All of 1 nodes getting started
@tracker All nodes finishes job
Trial 938 finished with value: 0.12425908492290669 and parameters: {'objective': 'reg:squarederror', 'tree_method': 'gpu_hist', 'lambda': 3.7228848971194552, 'alpha': 1.9288377650694597, 'colsample_bytree': 0.6649394706244353, 'subsample': 0.635888981601616, 'learning_rate': 0.019332529768817427, 'max_depth': 20, 'min_child_weight': 7, 'eval_metric': 'rmse'}. Best is trial 463 with value: 0.12284958614550846.
start listen on 192.168.1.101:55821
@tracker All of 1 nodes getting started
@tracker All nodes finishes job
Trial 939 finished with value: 0.12340106636708542 and parameters: {'objective': 'reg:squarederror', 'tree_method': 'gpu_hist', 'lambda': 4.586632852320885, 'alpha': 1.6261107801500978, 'colsample_bytree': 0.6609774539200001, 'subsample': 0.6387466570824001, 'learning_rate': 0.016282571381591723, 'max_depth': 20, 'min_child_weight': 10, 'eval_metric': 'rmse'}. Best is trial 463 with value: 0.12284958614550846.
start listen on 192.168.1.101:35459
@tracker All of 1 nodes getting started
@tracker All nodes finishes job
Trial 940 finished with value: 0.12378247627044545 and parameters: {'objective': 'reg:squarederror', 'tree_method': 'gpu_hist', 'lambda': 4.710509445779603, 'alpha': 1.4169847352455012, 'colsample_bytree': 0.6741745600077635, 'subsample': 0.5881137136563148, 'learning_rate': 0.013949722503467639, 'max_depth': 20, 'min_child_weight': 6, 'eval_metric': 'rmse'}. Best is trial 463 with value: 0.12284958614550846.
start listen on 192.168.1.101:49577
@tracker All of 1 nodes getting started
@tracker All nodes finishes job
Trial 941 finished with value: 0.12374465253218012 and parameters: {'objective': 'reg:squarederror', 'tree_method': 'gpu_hist', 'lambda': 5.7432093937170094, 'alpha': 2.3054366014499017, 'colsample_bytree': 0.6619096014277196, 'subsample': 0.6072940864054823, 'learning_rate': 0.017967738390552965, 'max_depth': 20, 'min_child_weight': 15, 'eval_metric': 'rmse'}. Best is trial 463 with value: 0.12284958614550846.
start listen on 192.168.1.101:55275
@tracker All of 1 nodes getting started
@tracker All nodes finishes job
Trial 942 finished with value: 0.12397649115932902 and parameters: {'objective': 'reg:squarederror', 'tree_method': 'gpu_hist', 'lambda': 6.109428943803111, 'alpha': 1.8840194185227699, 'colsample_bytree': 0.6797506690624461, 'subsample': 0.6253808478825538, 'learning_rate': 0.015322373068886447, 'max_depth': 20, 'min_child_weight': 6, 'eval_metric': 'rmse'}. Best is trial 463 with value: 0.12284958614550846.
start listen on 192.168.1.101:46773
@tracker All of 1 nodes getting started
@tracker All nodes finishes job
Trial 943 finished with value: 0.12405996892625737 and parameters: {'objective': 'reg:squarederror', 'tree_method': 'gpu_hist', 'lambda': 5.053738302361299, 'alpha': 1.4359395203601126, 'colsample_bytree': 0.6655035994539169, 'subsample': 0.5950188106087323, 'learning_rate': 0.013951493355966767, 'max_depth': 20, 'min_child_weight': 13, 'eval_metric': 'rmse'}. Best is trial 463 with value: 0.12284958614550846.
start listen on 192.168.1.101:36031
@tracker All of 1 nodes getting started
@tracker All nodes finishes job
Trial 944 finished with value: 0.12528054097394456 and parameters: {'objective': 'reg:squarederror', 'tree_method': 'gpu_hist', 'lambda': 3.398828364904182, 'alpha': 2.136156398939658, 'colsample_bytree': 0.7672365163935806, 'subsample': 0.6117381230593558, 'learning_rate': 0.013138900749809961, 'max_depth': 20, 'min_child_weight': 1, 'eval_metric': 'rmse'}. Best is trial 463 with value: 0.12284958614550846.
start listen on 192.168.1.101:40815
@tracker All of 1 nodes getting started
@tracker All nodes finishes job
Trial 945 finished with value: 0.12452172671246053 and parameters: {'objective': 'reg:squarederror', 'tree_method': 'gpu_hist', 'lambda': 6.481764562787003, 'alpha': 1.679951469625093, 'colsample_bytree': 0.6516258937550826, 'subsample': 0.645225443876077, 'learning_rate': 0.01595868781685467, 'max_depth': 20, 'min_child_weight': 22, 'eval_metric': 'rmse'}. Best is trial 463 with value: 0.12284958614550846.
start listen on 192.168.1.101:55271
@tracker All of 1 nodes getting started
@tracker All nodes finishes job
Trial 946 finished with value: 0.12312345896143888 and parameters: {'objective': 'reg:squarederror', 'tree_method': 'gpu_hist', 'lambda': 6.397287911004435, 'alpha': 3.689469357775309, 'colsample_bytree': 0.6801111641046027, 'subsample': 0.6290494943299837, 'learning_rate': 0.01732352881387346, 'max_depth': 15, 'min_child_weight': 11, 'eval_metric': 'rmse'}. Best is trial 463 with value: 0.12284958614550846.
start listen on 192.168.1.101:33045
@tracker All of 1 nodes getting started
@tracker All nodes finishes job
Trial 947 finished with value: 0.12375106794366776 and parameters: {'objective': 'reg:squarederror', 'tree_method': 'gpu_hist', 'lambda': 4.6126700308275135, 'alpha': 4.758190108209444, 'colsample_bytree': 0.6546310311373811, 'subsample': 0.7337606225882292, 'learning_rate': 0.022781865996966855, 'max_depth': 15, 'min_child_weight': 18, 'eval_metric': 'rmse'}. Best is trial 463 with value: 0.12284958614550846.
start listen on 192.168.1.101:58351
@tracker All of 1 nodes getting started
@tracker All nodes finishes job
Trial 948 finished with value: 0.12363142898008028 and parameters: {'objective': 'reg:squarederror', 'tree_method': 'gpu_hist', 'lambda': 3.972533079299626, 'alpha': 3.9826378692357687, 'colsample_bytree': 0.6749991190317006, 'subsample': 0.6360294754172019, 'learning_rate': 0.020629698670097767, 'max_depth': 15, 'min_child_weight': 10, 'eval_metric': 'rmse'}. Best is trial 463 with value: 0.12284958614550846.
start listen on 192.168.1.101:34703
@tracker All of 1 nodes getting started
@tracker All nodes finishes job
Trial 949 finished with value: 0.12543877858119803 and parameters: {'objective': 'reg:squarederror', 'tree_method': 'gpu_hist', 'lambda': 5.2484415063613, 'alpha': 4.948135670288368, 'colsample_bytree': 0.6657046427153178, 'subsample': 0.6576927085043043, 'learning_rate': 0.018693345984923258, 'max_depth': 15, 'min_child_weight': 27, 'eval_metric': 'rmse'}. Best is trial 463 with value: 0.12284958614550846.
start listen on 192.168.1.101:47291
@tracker All of 1 nodes getting started
@tracker All nodes finishes job
Trial 950 finished with value: 0.12440110175176083 and parameters: {'objective': 'reg:squarederror', 'tree_method': 'gpu_hist', 'lambda': 4.453601624465014, 'alpha': 6.098890280474647, 'colsample_bytree': 0.6814065173962028, 'subsample': 0.6497813172127268, 'learning_rate': 0.018234727856751384, 'max_depth': 15, 'min_child_weight': 6, 'eval_metric': 'rmse'}. Best is trial 463 with value: 0.12284958614550846.
start listen on 192.168.1.101:60681
@tracker All of 1 nodes getting started
@tracker All nodes finishes job
Trial 951 finished with value: 0.12384934953355024 and parameters: {'objective': 'reg:squarederror', 'tree_method': 'gpu_hist', 'lambda': 5.44093373600296, 'alpha': 3.946710066037385, 'colsample_bytree': 0.6517120508163711, 'subsample': 0.63004831065408, 'learning_rate': 0.01976018648005054, 'max_depth': 15, 'min_child_weight': 15, 'eval_metric': 'rmse'}. Best is trial 463 with value: 0.12284958614550846.
start listen on 192.168.1.101:59897
@tracker All of 1 nodes getting started
@tracker All nodes finishes job
Trial 952 finished with value: 0.1259665158038281 and parameters: {'objective': 'reg:squarederror', 'tree_method': 'gpu_hist', 'lambda': 6.307548618324267, 'alpha': 3.571023084418329, 'colsample_bytree': 0.6803131469616724, 'subsample': 0.6236477291986103, 'learning_rate': 0.017206663668228726, 'max_depth': 5, 'min_child_weight': 10, 'eval_metric': 'rmse'}. Best is trial 463 with value: 0.12284958614550846.
start listen on 192.168.1.101:39971
@tracker All of 1 nodes getting started
@tracker All nodes finishes job
Trial 953 finished with value: 0.12389546690036068 and parameters: {'objective': 'reg:squarederror', 'tree_method': 'gpu_hist', 'lambda': 5.6251646245700435, 'alpha': 3.1520854788347146, 'colsample_bytree': 0.6843684187883262, 'subsample': 0.6683482578997285, 'learning_rate': 0.017336651766245614, 'max_depth': 15, 'min_child_weight': 20, 'eval_metric': 'rmse'}. Best is trial 463 with value: 0.12284958614550846.
start listen on 192.168.1.101:35893
@tracker All of 1 nodes getting started
@tracker All nodes finishes job
Trial 954 finished with value: 0.13119365373107475 and parameters: {'objective': 'reg:squarederror', 'tree_method': 'gpu_hist', 'lambda': 4.213493030659848, 'alpha': 3.5879584258319057, 'colsample_bytree': 0.6593518170079977, 'subsample': 0.640790855422472, 'learning_rate': 0.01637205752304253, 'max_depth': 3, 'min_child_weight': 1, 'eval_metric': 'rmse'}. Best is trial 463 with value: 0.12284958614550846.
start listen on 192.168.1.101:42513
@tracker All of 1 nodes getting started
@tracker All nodes finishes job
Trial 955 finished with value: 0.12327626180752632 and parameters: {'objective': 'reg:squarederror', 'tree_method': 'gpu_hist', 'lambda': 6.652156068336077, 'alpha': 2.671754949880867, 'colsample_bytree': 0.6938510851373916, 'subsample': 0.6151923502607689, 'learning_rate': 0.02149986736320045, 'max_depth': 15, 'min_child_weight': 14, 'eval_metric': 'rmse'}. Best is trial 463 with value: 0.12284958614550846.
start listen on 192.168.1.101:41171
@tracker All of 1 nodes getting started
@tracker All nodes finishes job
Trial 956 finished with value: 0.1699483089658546 and parameters: {'objective': 'reg:squarederror', 'tree_method': 'gpu_hist', 'lambda': 5.7268742209192585, 'alpha': 4.255978313300308, 'colsample_bytree': 0.6682826738241583, 'subsample': 0.5866571778077998, 'learning_rate': 0.01847427524269392, 'max_depth': 17, 'min_child_weight': 215, 'eval_metric': 'rmse'}. Best is trial 463 with value: 0.12284958614550846.
start listen on 192.168.1.101:47625
@tracker All of 1 nodes getting started
@tracker All nodes finishes job
Trial 957 finished with value: 0.1229490545793708 and parameters: {'objective': 'reg:squarederror', 'tree_method': 'gpu_hist', 'lambda': 6.814651000346172, 'alpha': 3.1311887407877235, 'colsample_bytree': 0.6859594066755851, 'subsample': 0.6009427448950222, 'learning_rate': 0.01568653489327658, 'max_depth': 15, 'min_child_weight': 6, 'eval_metric': 'rmse'}. Best is trial 463 with value: 0.12284958614550846.
start listen on 192.168.1.101:45361
@tracker All of 1 nodes getting started
@tracker All nodes finishes job
Trial 958 finished with value: 0.12367161353420512 and parameters: {'objective': 'reg:squarederror', 'tree_method': 'gpu_hist', 'lambda': 3.761503077397516, 'alpha': 3.4793953864589513, 'colsample_bytree': 0.6810517966120637, 'subsample': 0.6266082677945621, 'learning_rate': 0.017073065771224926, 'max_depth': 15, 'min_child_weight': 6, 'eval_metric': 'rmse'}. Best is trial 463 with value: 0.12284958614550846.
start listen on 192.168.1.101:57271
@tracker All of 1 nodes getting started
@tracker All nodes finishes job
Trial 959 finished with value: 0.12441796374667463 and parameters: {'objective': 'reg:squarederror', 'tree_method': 'gpu_hist', 'lambda': 4.824348330060366, 'alpha': 2.6789496686669096, 'colsample_bytree': 0.6712316032918418, 'subsample': 0.5987744266802922, 'learning_rate': 0.019545860310105433, 'max_depth': 15, 'min_child_weight': 1, 'eval_metric': 'rmse'}. Best is trial 463 with value: 0.12284958614550846.
start listen on 192.168.1.101:58157
@tracker All of 1 nodes getting started
@tracker All nodes finishes job
Trial 960 finished with value: 0.12459373455693805 and parameters: {'objective': 'reg:squarederror', 'tree_method': 'gpu_hist', 'lambda': 4.8433048214263055, 'alpha': 3.345289324094664, 'colsample_bytree': 0.6514665081587443, 'subsample': 0.608195259160009, 'learning_rate': 0.015698201494618154, 'max_depth': 15, 'min_child_weight': 1, 'eval_metric': 'rmse'}. Best is trial 463 with value: 0.12284958614550846.
start listen on 192.168.1.101:58379
@tracker All of 1 nodes getting started
@tracker All nodes finishes job
Trial 961 finished with value: 0.12336600862843823 and parameters: {'objective': 'reg:squarederror', 'tree_method': 'gpu_hist', 'lambda': 6.074468973485284, 'alpha': 3.734774315103542, 'colsample_bytree': 0.6741395439110104, 'subsample': 0.5731259922893512, 'learning_rate': 0.017317840638816084, 'max_depth': 15, 'min_child_weight': 6, 'eval_metric': 'rmse'}. Best is trial 463 with value: 0.12284958614550846.
start listen on 192.168.1.101:49303
@tracker All of 1 nodes getting started
@tracker All nodes finishes job
Trial 962 finished with value: 0.12353051810676006 and parameters: {'objective': 'reg:squarederror', 'tree_method': 'gpu_hist', 'lambda': 6.6511626448020955, 'alpha': 5.467751805910852, 'colsample_bytree': 0.6895674678429975, 'subsample': 0.6323641132693996, 'learning_rate': 0.021579398122920382, 'max_depth': 15, 'min_child_weight': 10, 'eval_metric': 'rmse'}. Best is trial 463 with value: 0.12284958614550846.
start listen on 192.168.1.101:60171
@tracker All of 1 nodes getting started
@tracker All nodes finishes job
Trial 963 finished with value: 0.12344652986273404 and parameters: {'objective': 'reg:squarederror', 'tree_method': 'gpu_hist', 'lambda': 3.0907551796494594, 'alpha': 3.1747778033314367, 'colsample_bytree': 0.6615782506167147, 'subsample': 0.6164947592763603, 'learning_rate': 0.015425182546143211, 'max_depth': 15, 'min_child_weight': 7, 'eval_metric': 'rmse'}. Best is trial 463 with value: 0.12284958614550846.
start listen on 192.168.1.101:52373
@tracker All of 1 nodes getting started
@tracker All nodes finishes job
Trial 964 finished with value: 0.16340597656393882 and parameters: {'objective': 'reg:squarederror', 'tree_method': 'gpu_hist', 'lambda': 5.440821843289214, 'alpha': 4.491298044006855, 'colsample_bytree': 0.6888935915706004, 'subsample': 0.5877366939193468, 'learning_rate': 0.01907815291344892, 'max_depth': 15, 'min_child_weight': 187, 'eval_metric': 'rmse'}. Best is trial 463 with value: 0.12284958614550846.
start listen on 192.168.1.101:55029
@tracker All of 1 nodes getting started
@tracker All nodes finishes job
