Trial 755 finished with value: 0.13124597787518674 and parameters: {'objective': 'reg:squarederror', 'tree_method': 'gpu_hist', 'lambda': 4.103314152308865, 'alpha': 1.6587095706878985, 'colsample_bytree': 0.7125335374533954, 'subsample': 0.5862942958271565, 'learning_rate': 0.012760727145183231, 'max_depth': 20, 'min_child_weight': 44, 'eval_metric': 'rmse'}. Best is trial 463 with value: 0.12284958614550846.
start listen on 192.168.1.101:46487
@tracker All of 1 nodes getting started
@tracker All nodes finishes job
Trial 756 finished with value: 0.12423447021357344 and parameters: {'objective': 'reg:squarederror', 'tree_method': 'gpu_hist', 'lambda': 7.198576937391547, 'alpha': 0.45609022407118816, 'colsample_bytree': 0.6786003838517894, 'subsample': 0.5995347766187273, 'learning_rate': 0.015211268201899176, 'max_depth': 20, 'min_child_weight': 1, 'eval_metric': 'rmse'}. Best is trial 463 with value: 0.12284958614550846.
start listen on 192.168.1.101:39155
@tracker All of 1 nodes getting started
@tracker All nodes finishes job
Trial 757 finished with value: 0.12808726542046056 and parameters: {'objective': 'reg:squarederror', 'tree_method': 'gpu_hist', 'lambda': 5.57093679101943, 'alpha': 0.22783944993356356, 'colsample_bytree': 0.6942345135632062, 'subsample': 0.6276722825812562, 'learning_rate': 0.010881631692526159, 'max_depth': 5, 'min_child_weight': 10, 'eval_metric': 'rmse'}. Best is trial 463 with value: 0.12284958614550846.
start listen on 192.168.1.101:59407
@tracker All of 1 nodes getting started
@tracker All nodes finishes job
Trial 758 finished with value: 0.12393174553654752 and parameters: {'objective': 'reg:squarederror', 'tree_method': 'gpu_hist', 'lambda': 7.857323604717499, 'alpha': 1.321816531077396, 'colsample_bytree': 0.7581486690973127, 'subsample': 0.6124354281130823, 'learning_rate': 0.01348940962579789, 'max_depth': 20, 'min_child_weight': 15, 'eval_metric': 'rmse'}. Best is trial 463 with value: 0.12284958614550846.
start listen on 192.168.1.101:57357
@tracker All of 1 nodes getting started
@tracker All nodes finishes job
Trial 759 finished with value: 0.12395930320375083 and parameters: {'objective': 'reg:squarederror', 'tree_method': 'gpu_hist', 'lambda': 6.468894661252048, 'alpha': 0.3321494744653526, 'colsample_bytree': 0.6287718589667948, 'subsample': 0.5787600680031758, 'learning_rate': 0.01168371464524645, 'max_depth': 20, 'min_child_weight': 6, 'eval_metric': 'rmse'}. Best is trial 463 with value: 0.12284958614550846.
start listen on 192.168.1.101:40767
@tracker All of 1 nodes getting started
@tracker All nodes finishes job
Trial 760 finished with value: 0.13966328910648487 and parameters: {'objective': 'reg:squarederror', 'tree_method': 'gpu_hist', 'lambda': 0.13152797017027598, 'alpha': 0.03986005472917045, 'colsample_bytree': 0.3617980661514087, 'subsample': 0.645227318255586, 'learning_rate': 0.017301709033154488, 'max_depth': 3, 'min_child_weight': 23, 'eval_metric': 'rmse'}. Best is trial 463 with value: 0.12284958614550846.
start listen on 192.168.1.101:59641
@tracker All of 1 nodes getting started
@tracker All nodes finishes job
Trial 761 finished with value: 0.12357553271460421 and parameters: {'objective': 'reg:squarederror', 'tree_method': 'gpu_hist', 'lambda': 8.350978397313083, 'alpha': 0.6210526488834835, 'colsample_bytree': 0.7216411274661073, 'subsample': 0.5924725754050989, 'learning_rate': 0.014809104807861835, 'max_depth': 20, 'min_child_weight': 11, 'eval_metric': 'rmse'}. Best is trial 463 with value: 0.12284958614550846.
start listen on 192.168.1.101:33251
@tracker All of 1 nodes getting started
@tracker All nodes finishes job
Trial 762 finished with value: 0.12520518131982053 and parameters: {'objective': 'reg:squarederror', 'tree_method': 'gpu_hist', 'lambda': 9.958125974953683, 'alpha': 0.9388352442553012, 'colsample_bytree': 0.7358991952257216, 'subsample': 0.6207627860767712, 'learning_rate': 0.010171418843013168, 'max_depth': 20, 'min_child_weight': 19, 'eval_metric': 'rmse'}. Best is trial 463 with value: 0.12284958614550846.
start listen on 192.168.1.101:37103
@tracker All of 1 nodes getting started
@tracker All nodes finishes job
Trial 763 finished with value: 0.1237825132700723 and parameters: {'objective': 'reg:squarederror', 'tree_method': 'gpu_hist', 'lambda': 5.923407340875709, 'alpha': 0.8102879489126493, 'colsample_bytree': 0.6986871368915974, 'subsample': 0.6052420750384204, 'learning_rate': 0.008702357655705616, 'max_depth': 20, 'min_child_weight': 6, 'eval_metric': 'rmse'}. Best is trial 463 with value: 0.12284958614550846.
start listen on 192.168.1.101:45651
@tracker All of 1 nodes getting started
@tracker All nodes finishes job
Trial 764 finished with value: 0.1357224987239884 and parameters: {'objective': 'reg:squarederror', 'tree_method': 'gpu_hist', 'lambda': 7.27562335200919, 'alpha': 1.9660106901818073, 'colsample_bytree': 0.710204387557886, 'subsample': 0.558961434475991, 'learning_rate': 0.01247329653291714, 'max_depth': 20, 'min_child_weight': 60, 'eval_metric': 'rmse'}. Best is trial 463 with value: 0.12284958614550846.
start listen on 192.168.1.101:35201
@tracker All of 1 nodes getting started
@tracker All nodes finishes job
Trial 765 finished with value: 0.12472186969208011 and parameters: {'objective': 'reg:squarederror', 'tree_method': 'gpu_hist', 'lambda': 4.736105724923617, 'alpha': 1.2316780668172584, 'colsample_bytree': 0.6787063358926527, 'subsample': 0.6363378831393182, 'learning_rate': 0.012993374743378468, 'max_depth': 20, 'min_child_weight': 1, 'eval_metric': 'rmse'}. Best is trial 463 with value: 0.12284958614550846.
start listen on 192.168.1.101:52355
@tracker All of 1 nodes getting started
@tracker All nodes finishes job
Trial 766 finished with value: 0.1263777047779037 and parameters: {'objective': 'reg:squarederror', 'tree_method': 'gpu_hist', 'lambda': 0.566431720359353, 'alpha': 1.0247484072459967, 'colsample_bytree': 0.6578608072156604, 'subsample': 0.5901183422770558, 'learning_rate': 0.01892815069564094, 'max_depth': 20, 'min_child_weight': 13, 'eval_metric': 'rmse'}. Best is trial 463 with value: 0.12284958614550846.
start listen on 192.168.1.101:45815
@tracker All of 1 nodes getting started
@tracker All nodes finishes job
Trial 767 finished with value: 0.12733227619801146 and parameters: {'objective': 'reg:squarederror', 'tree_method': 'gpu_hist', 'lambda': 9.955991464010802, 'alpha': 1.4775695429456794, 'colsample_bytree': 0.7787239893656194, 'subsample': 0.612534107465183, 'learning_rate': 0.011309624319106365, 'max_depth': 20, 'min_child_weight': 32, 'eval_metric': 'rmse'}. Best is trial 463 with value: 0.12284958614550846.
start listen on 192.168.1.101:44971
@tracker All of 1 nodes getting started
@tracker All nodes finishes job
Trial 768 finished with value: 0.12467817697126943 and parameters: {'objective': 'reg:squarederror', 'tree_method': 'gpu_hist', 'lambda': 8.470131653176301, 'alpha': 0.5660475292040216, 'colsample_bytree': 0.7446414468015706, 'subsample': 0.5721472950947105, 'learning_rate': 0.013941911110867681, 'max_depth': 20, 'min_child_weight': 19, 'eval_metric': 'rmse'}. Best is trial 463 with value: 0.12284958614550846.
start listen on 192.168.1.101:53451
@tracker All of 1 nodes getting started
@tracker All nodes finishes job
Trial 769 finished with value: 0.12381494538978086 and parameters: {'objective': 'reg:squarederror', 'tree_method': 'gpu_hist', 'lambda': 6.681306893605196, 'alpha': 0.701534763745026, 'colsample_bytree': 0.7238697704697956, 'subsample': 0.6012749060606862, 'learning_rate': 0.016265659696920877, 'max_depth': 17, 'min_child_weight': 10, 'eval_metric': 'rmse'}. Best is trial 463 with value: 0.12284958614550846.
start listen on 192.168.1.101:38819
@tracker All of 1 nodes getting started
@tracker All nodes finishes job
Trial 770 finished with value: 0.1264782052523247 and parameters: {'objective': 'reg:squarederror', 'tree_method': 'gpu_hist', 'lambda': 8.207187652824208, 'alpha': 0.0017898547244554746, 'colsample_bytree': 0.6924394424543125, 'subsample': 0.6255568504975989, 'learning_rate': 0.009362956102966672, 'max_depth': 20, 'min_child_weight': 25, 'eval_metric': 'rmse'}. Best is trial 463 with value: 0.12284958614550846.
start listen on 192.168.1.101:41081
@tracker All of 1 nodes getting started
@tracker All nodes finishes job
Trial 771 finished with value: 0.1252322339374752 and parameters: {'objective': 'reg:squarederror', 'tree_method': 'gpu_hist', 'lambda': 5.542074396801008, 'alpha': 0.9036237684220253, 'colsample_bytree': 0.7083893052035354, 'subsample': 0.5821565906873791, 'learning_rate': 0.010434179176273758, 'max_depth': 7, 'min_child_weight': 7, 'eval_metric': 'rmse'}. Best is trial 463 with value: 0.12284958614550846.
start listen on 192.168.1.101:40991
@tracker All of 1 nodes getting started
@tracker All nodes finishes job
Trial 772 finished with value: 0.12432095326791284 and parameters: {'objective': 'reg:squarederror', 'tree_method': 'gpu_hist', 'lambda': 7.0944092740376234, 'alpha': 1.2512774846022618, 'colsample_bytree': 0.6710842778649251, 'subsample': 0.6160423856152417, 'learning_rate': 0.01201798826372189, 'max_depth': 9, 'min_child_weight': 17, 'eval_metric': 'rmse'}. Best is trial 463 with value: 0.12284958614550846.
start listen on 192.168.1.101:58325
@tracker All of 1 nodes getting started
@tracker All nodes finishes job
Trial 773 finished with value: 0.12348595729891441 and parameters: {'objective': 'reg:squarederror', 'tree_method': 'gpu_hist', 'lambda': 3.651005836362508, 'alpha': 1.5670917530579516, 'colsample_bytree': 0.7203356111836188, 'subsample': 0.6036546307403059, 'learning_rate': 0.015372784279448605, 'max_depth': 20, 'min_child_weight': 13, 'eval_metric': 'rmse'}. Best is trial 463 with value: 0.12284958614550846.
start listen on 192.168.1.101:45811
@tracker All of 1 nodes getting started
@tracker All nodes finishes job
Trial 774 finished with value: 0.12388020580222785 and parameters: {'objective': 'reg:squarederror', 'tree_method': 'gpu_hist', 'lambda': 8.449007589313867, 'alpha': 1.058327034712999, 'colsample_bytree': 0.6843998873694349, 'subsample': 0.632742438858835, 'learning_rate': 0.014259070056235232, 'max_depth': 20, 'min_child_weight': 1, 'eval_metric': 'rmse'}. Best is trial 463 with value: 0.12284958614550846.
start listen on 192.168.1.101:39703
@tracker All of 1 nodes getting started
@tracker All nodes finishes job
Trial 775 finished with value: 0.12380854457108248 and parameters: {'objective': 'reg:squarederror', 'tree_method': 'gpu_hist', 'lambda': 6.294768671724783, 'alpha': 1.2081746849948787, 'colsample_bytree': 0.7348740196433513, 'subsample': 0.5918479961808665, 'learning_rate': 0.013122580946056757, 'max_depth': 13, 'min_child_weight': 7, 'eval_metric': 'rmse'}. Best is trial 463 with value: 0.12284958614550846.
start listen on 192.168.1.101:48053
@tracker All of 1 nodes getting started
@tracker All nodes finishes job
Trial 776 finished with value: 0.1250827414181502 and parameters: {'objective': 'reg:squarederror', 'tree_method': 'gpu_hist', 'lambda': 1.3312161971199044, 'alpha': 2.1415836496182123, 'colsample_bytree': 0.6198578032490607, 'subsample': 0.8442065698627435, 'learning_rate': 0.008404691478591733, 'max_depth': 20, 'min_child_weight': 14, 'eval_metric': 'rmse'}. Best is trial 463 with value: 0.12284958614550846.
start listen on 192.168.1.101:59835
@tracker All of 1 nodes getting started
@tracker All nodes finishes job
Trial 777 finished with value: 0.12573622036731566 and parameters: {'objective': 'reg:squarederror', 'tree_method': 'gpu_hist', 'lambda': 4.723631887139285, 'alpha': 0.15183486701307136, 'colsample_bytree': 0.700976910277883, 'subsample': 0.6142449664879284, 'learning_rate': 0.011268603332193932, 'max_depth': 20, 'min_child_weight': 23, 'eval_metric': 'rmse'}. Best is trial 463 with value: 0.12284958614550846.
start listen on 192.168.1.101:44491
@tracker All of 1 nodes getting started
@tracker All nodes finishes job
Trial 778 finished with value: 0.12475006898722403 and parameters: {'objective': 'reg:squarederror', 'tree_method': 'gpu_hist', 'lambda': 8.722272590174919, 'alpha': 0.8340729338384664, 'colsample_bytree': 0.7524032123034345, 'subsample': 0.6491884284429063, 'learning_rate': 0.017824167173606364, 'max_depth': 20, 'min_child_weight': 6, 'eval_metric': 'rmse'}. Best is trial 463 with value: 0.12284958614550846.
start listen on 192.168.1.101:56353
@tracker All of 1 nodes getting started
@tracker All nodes finishes job
Trial 779 finished with value: 0.12870955404509388 and parameters: {'objective': 'reg:squarederror', 'tree_method': 'gpu_hist', 'lambda': 7.203013471187832, 'alpha': 1.859375455665119, 'colsample_bytree': 0.6535912342607371, 'subsample': 0.5976232424219913, 'learning_rate': 0.005256409289316563, 'max_depth': 20, 'min_child_weight': 18, 'eval_metric': 'rmse'}. Best is trial 463 with value: 0.12284958614550846.
start listen on 192.168.1.101:55089
@tracker All of 1 nodes getting started
@tracker All nodes finishes job
Trial 780 finished with value: 0.12402612520441797 and parameters: {'objective': 'reg:squarederror', 'tree_method': 'gpu_hist', 'lambda': 5.514748373920497, 'alpha': 1.450154774735334, 'colsample_bytree': 0.713282409579125, 'subsample': 0.5753701475931136, 'learning_rate': 0.010343765842806385, 'max_depth': 20, 'min_child_weight': 11, 'eval_metric': 'rmse'}. Best is trial 463 with value: 0.12284958614550846.
start listen on 192.168.1.101:48661
@tracker All of 1 nodes getting started
@tracker All nodes finishes job
Trial 781 finished with value: 0.12410236060150795 and parameters: {'objective': 'reg:squarederror', 'tree_method': 'gpu_hist', 'lambda': 8.61037226713794, 'alpha': 1.0454440784939025, 'colsample_bytree': 0.6906420803722997, 'subsample': 0.6277299880787773, 'learning_rate': 0.01536458578032705, 'max_depth': 20, 'min_child_weight': 1, 'eval_metric': 'rmse'}. Best is trial 463 with value: 0.12284958614550846.
start listen on 192.168.1.101:55509
@tracker All of 1 nodes getting started
@tracker All nodes finishes job
Trial 782 finished with value: 0.12575756289381174 and parameters: {'objective': 'reg:squarederror', 'tree_method': 'gpu_hist', 'lambda': 6.884476310319338, 'alpha': 0.4504729144916801, 'colsample_bytree': 0.731402660303937, 'subsample': 0.6039043879546894, 'learning_rate': 0.021410308406730454, 'max_depth': 20, 'min_child_weight': 10, 'eval_metric': 'rmse'}. Best is trial 463 with value: 0.12284958614550846.
start listen on 192.168.1.101:54275
@tracker All of 1 nodes getting started
@tracker All nodes finishes job
Trial 783 finished with value: 0.1260637127244498 and parameters: {'objective': 'reg:squarederror', 'tree_method': 'gpu_hist', 'lambda': 8.608884666924098, 'alpha': 0.7571002406802159, 'colsample_bytree': 0.6677371105318975, 'subsample': 0.5900566325819196, 'learning_rate': 0.007438949963871432, 'max_depth': 15, 'min_child_weight': 17, 'eval_metric': 'rmse'}. Best is trial 463 with value: 0.12284958614550846.
start listen on 192.168.1.101:36017
@tracker All of 1 nodes getting started
@tracker All nodes finishes job
Trial 784 finished with value: 0.1297708562022527 and parameters: {'objective': 'reg:squarederror', 'tree_method': 'gpu_hist', 'lambda': 6.025880416924184, 'alpha': 0.9618062430079081, 'colsample_bytree': 0.7056041210247863, 'subsample': 0.6632049114466217, 'learning_rate': 0.0698833499775588, 'max_depth': 20, 'min_child_weight': 26, 'eval_metric': 'rmse'}. Best is trial 463 with value: 0.12284958614550846.
start listen on 192.168.1.101:56973
@tracker All of 1 nodes getting started
@tracker All nodes finishes job
Trial 785 finished with value: 0.12314571652357921 and parameters: {'objective': 'reg:squarederror', 'tree_method': 'gpu_hist', 'lambda': 7.423710243291785, 'alpha': 1.6751548598250203, 'colsample_bytree': 0.6430608990688813, 'subsample': 0.6158589894381741, 'learning_rate': 0.012139438560729767, 'max_depth': 20, 'min_child_weight': 7, 'eval_metric': 'rmse'}. Best is trial 463 with value: 0.12284958614550846.
start listen on 192.168.1.101:41929
@tracker All of 1 nodes getting started
@tracker All nodes finishes job
Trial 786 finished with value: 0.1253156166516473 and parameters: {'objective': 'reg:squarederror', 'tree_method': 'gpu_hist', 'lambda': 5.145454904648807, 'alpha': 2.405978734987457, 'colsample_bytree': 0.620898385076723, 'subsample': 0.6396692053691807, 'learning_rate': 0.013593462179395222, 'max_depth': 20, 'min_child_weight': 20, 'eval_metric': 'rmse'}. Best is trial 463 with value: 0.12284958614550846.
start listen on 192.168.1.101:45039
@tracker All of 1 nodes getting started
@tracker All nodes finishes job
Trial 787 finished with value: 0.12417510199837203 and parameters: {'objective': 'reg:squarederror', 'tree_method': 'gpu_hist', 'lambda': 9.97860145361953, 'alpha': 1.8461800534180288, 'colsample_bytree': 0.6357730062342527, 'subsample': 0.6216927326327857, 'learning_rate': 0.01244258843808021, 'max_depth': 20, 'min_child_weight': 15, 'eval_metric': 'rmse'}. Best is trial 463 with value: 0.12284958614550846.
start listen on 192.168.1.101:56117
@tracker All of 1 nodes getting started
@tracker All nodes finishes job
Trial 788 finished with value: 0.12699306666680651 and parameters: {'objective': 'reg:squarederror', 'tree_method': 'gpu_hist', 'lambda': 0.014456907540495835, 'alpha': 2.72594681433162, 'colsample_bytree': 0.6389719057033684, 'subsample': 0.6190744085946118, 'learning_rate': 0.013257421174190907, 'max_depth': 5, 'min_child_weight': 11, 'eval_metric': 'rmse'}. Best is trial 463 with value: 0.12284958614550846.
start listen on 192.168.1.101:54355
@tracker All of 1 nodes getting started
@tracker All nodes finishes job
Trial 789 finished with value: 0.1263402740865361 and parameters: {'objective': 'reg:squarederror', 'tree_method': 'gpu_hist', 'lambda': 6.9831702768370985, 'alpha': 2.0620092459071597, 'colsample_bytree': 0.6413252021956629, 'subsample': 0.6376180096805004, 'learning_rate': 0.014508820501949689, 'max_depth': 20, 'min_child_weight': 30, 'eval_metric': 'rmse'}. Best is trial 463 with value: 0.12284958614550846.
start listen on 192.168.1.101:48055
@tracker All of 1 nodes getting started
@tracker All nodes finishes job
Trial 790 finished with value: 0.1253053657264158 and parameters: {'objective': 'reg:squarederror', 'tree_method': 'gpu_hist', 'lambda': 0.027052470305438277, 'alpha': 1.7192271654461333, 'colsample_bytree': 0.6540890621328387, 'subsample': 0.6147397801480218, 'learning_rate': 0.016444783635115368, 'max_depth': 20, 'min_child_weight': 21, 'eval_metric': 'rmse'}. Best is trial 463 with value: 0.12284958614550846.
start listen on 192.168.1.101:53531
@tracker All of 1 nodes getting started
@tracker All nodes finishes job
Trial 791 finished with value: 0.13553221279630454 and parameters: {'objective': 'reg:squarederror', 'tree_method': 'gpu_hist', 'lambda': 5.960183206359163, 'alpha': 1.5980278672521682, 'colsample_bytree': 0.6166030681973638, 'subsample': 0.6284265789883227, 'learning_rate': 0.012142508254061506, 'max_depth': 3, 'min_child_weight': 14, 'eval_metric': 'rmse'}. Best is trial 463 with value: 0.12284958614550846.
start listen on 192.168.1.101:52425
@tracker All of 1 nodes getting started
@tracker All nodes finishes job
Trial 792 finished with value: 0.12356204561994642 and parameters: {'objective': 'reg:squarederror', 'tree_method': 'gpu_hist', 'lambda': 4.548296402072752, 'alpha': 1.4669634015603252, 'colsample_bytree': 0.6394394613326952, 'subsample': 0.6107956239793805, 'learning_rate': 0.014251664065290003, 'max_depth': 20, 'min_child_weight': 6, 'eval_metric': 'rmse'}. Best is trial 463 with value: 0.12284958614550846.
start listen on 192.168.1.101:37841
@tracker All of 1 nodes getting started
@tracker All nodes finishes job
Trial 793 finished with value: 0.12292467987186276 and parameters: {'objective': 'reg:squarederror', 'tree_method': 'gpu_hist', 'lambda': 7.374460204336536, 'alpha': 1.854887283652099, 'colsample_bytree': 0.6500450949614482, 'subsample': 0.6271398051829691, 'learning_rate': 0.011810669374695604, 'max_depth': 20, 'min_child_weight': 10, 'eval_metric': 'rmse'}. Best is trial 463 with value: 0.12284958614550846.
start listen on 192.168.1.101:42117
@tracker All of 1 nodes getting started
@tracker All nodes finishes job
Trial 794 finished with value: 0.1398975738389916 and parameters: {'objective': 'reg:squarederror', 'tree_method': 'gpu_hist', 'lambda': 7.582538749367678, 'alpha': 2.313850723780759, 'colsample_bytree': 0.6522540866461766, 'subsample': 0.6485065422352344, 'learning_rate': 0.012581862762947652, 'max_depth': 20, 'min_child_weight': 87, 'eval_metric': 'rmse'}. Best is trial 463 with value: 0.12284958614550846.
start listen on 192.168.1.101:40313
@tracker All of 1 nodes getting started
@tracker All nodes finishes job
Trial 795 finished with value: 0.12568531172776143 and parameters: {'objective': 'reg:squarederror', 'tree_method': 'gpu_hist', 'lambda': 7.395331835405271, 'alpha': 1.629226267876045, 'colsample_bytree': 0.6229083289502846, 'subsample': 0.661619843228447, 'learning_rate': 0.013584978666125304, 'max_depth': 20, 'min_child_weight': 23, 'eval_metric': 'rmse'}. Best is trial 463 with value: 0.12284958614550846.
start listen on 192.168.1.101:41755
@tracker All of 1 nodes getting started
@tracker All nodes finishes job
Trial 796 finished with value: 0.12395366010265443 and parameters: {'objective': 'reg:squarederror', 'tree_method': 'gpu_hist', 'lambda': 6.00096830034256, 'alpha': 2.382025274497783, 'colsample_bytree': 0.6337150105032765, 'subsample': 0.6391668712224992, 'learning_rate': 0.011844057220166833, 'max_depth': 20, 'min_child_weight': 15, 'eval_metric': 'rmse'}. Best is trial 463 with value: 0.12284958614550846.
start listen on 192.168.1.101:55353
@tracker All of 1 nodes getting started
@tracker All nodes finishes job
