Trial 629 finished with value: 0.12414326683015317 and parameters: {'objective': 'reg:squarederror', 'tree_method': 'gpu_hist', 'lambda': 2.343988704346134, 'alpha': 2.0000994914620818, 'colsample_bytree': 0.7181312001001587, 'subsample': 0.5949953993151721, 'learning_rate': 0.011480414653153458, 'max_depth': 20, 'min_child_weight': 15, 'eval_metric': 'rmse'}. Best is trial 463 with value: 0.12284958614550846.
start listen on 192.168.1.101:51067
@tracker All of 1 nodes getting started
@tracker All nodes finishes job
Trial 630 finished with value: 0.20066537245613922 and parameters: {'objective': 'reg:squarederror', 'tree_method': 'gpu_hist', 'lambda': 1.0581461873575364, 'alpha': 1.4606155534397167, 'colsample_bytree': 0.6944244941730238, 'subsample': 0.6338919407846497, 'learning_rate': 0.012814557366564755, 'max_depth': 20, 'min_child_weight': 288, 'eval_metric': 'rmse'}. Best is trial 463 with value: 0.12284958614550846.
start listen on 192.168.1.101:37805
@tracker All of 1 nodes getting started
@tracker All nodes finishes job
Trial 631 finished with value: 0.12365293862540136 and parameters: {'objective': 'reg:squarederror', 'tree_method': 'gpu_hist', 'lambda': 6.395644611352746, 'alpha': 1.2838738767188378, 'colsample_bytree': 0.7318762497256609, 'subsample': 0.6138737758803242, 'learning_rate': 0.00996493665274205, 'max_depth': 20, 'min_child_weight': 10, 'eval_metric': 'rmse'}. Best is trial 463 with value: 0.12284958614550846.
start listen on 192.168.1.101:52617
@tracker All of 1 nodes getting started
@tracker All nodes finishes job
Trial 632 finished with value: 0.12480537215857572 and parameters: {'objective': 'reg:squarederror', 'tree_method': 'gpu_hist', 'lambda': 8.329394484531745, 'alpha': 1.6764184439094156, 'colsample_bytree': 0.7537573453197939, 'subsample': 0.5643217994037547, 'learning_rate': 0.013200512297693215, 'max_depth': 20, 'min_child_weight': 21, 'eval_metric': 'rmse'}. Best is trial 463 with value: 0.12284958614550846.
start listen on 192.168.1.101:50515
@tracker All of 1 nodes getting started
@tracker All nodes finishes job
Trial 633 finished with value: 0.12380766913646812 and parameters: {'objective': 'reg:squarederror', 'tree_method': 'gpu_hist', 'lambda': 5.295943310368612, 'alpha': 1.3615739835020015, 'colsample_bytree': 0.7125947640836517, 'subsample': 0.6529205902748334, 'learning_rate': 0.007758560765421368, 'max_depth': 20, 'min_child_weight': 7, 'eval_metric': 'rmse'}. Best is trial 463 with value: 0.12284958614550846.
start listen on 192.168.1.101:47449
@tracker All of 1 nodes getting started
@tracker All nodes finishes job
Trial 634 finished with value: 0.12372424998428405 and parameters: {'objective': 'reg:squarederror', 'tree_method': 'gpu_hist', 'lambda': 7.1056116179859625, 'alpha': 1.17382792248612, 'colsample_bytree': 0.6718723177213447, 'subsample': 0.6029694025664427, 'learning_rate': 0.011530497910675168, 'max_depth': 15, 'min_child_weight': 14, 'eval_metric': 'rmse'}. Best is trial 463 with value: 0.12284958614550846.
start listen on 192.168.1.101:50127
@tracker All of 1 nodes getting started
@tracker All nodes finishes job
Trial 635 finished with value: 0.15009033296453753 and parameters: {'objective': 'reg:squarederror', 'tree_method': 'gpu_hist', 'lambda': 8.528687655688445, 'alpha': 2.2012392202937026, 'colsample_bytree': 0.7007212484987543, 'subsample': 0.6230651303418847, 'learning_rate': 0.00923481205238596, 'max_depth': 5, 'min_child_weight': 127, 'eval_metric': 'rmse'}. Best is trial 463 with value: 0.12284958614550846.
start listen on 192.168.1.101:54231
@tracker All of 1 nodes getting started
@tracker All nodes finishes job
Trial 636 finished with value: 0.12717446542205582 and parameters: {'objective': 'reg:squarederror', 'tree_method': 'gpu_hist', 'lambda': 6.339998903009925, 'alpha': 1.5940522387855747, 'colsample_bytree': 0.6840966543446672, 'subsample': 0.5912732171994117, 'learning_rate': 0.010639042568154962, 'max_depth': 20, 'min_child_weight': 29, 'eval_metric': 'rmse'}. Best is trial 463 with value: 0.12284958614550846.
start listen on 192.168.1.101:38365
@tracker All of 1 nodes getting started
@tracker All nodes finishes job
Trial 637 finished with value: 0.12334529219691366 and parameters: {'objective': 'reg:squarederror', 'tree_method': 'gpu_hist', 'lambda': 9.962929831453115, 'alpha': 1.2954359627817826, 'colsample_bytree': 0.7247697289343311, 'subsample': 0.6100216463202057, 'learning_rate': 0.012303714546225647, 'max_depth': 20, 'min_child_weight': 11, 'eval_metric': 'rmse'}. Best is trial 463 with value: 0.12284958614550846.
start listen on 192.168.1.101:60389
@tracker All of 1 nodes getting started
@tracker All nodes finishes job
Trial 638 finished with value: 0.12504112453105373 and parameters: {'objective': 'reg:squarederror', 'tree_method': 'gpu_hist', 'lambda': 9.929211308003559, 'alpha': 0.49747310142839224, 'colsample_bytree': 0.742158189402696, 'subsample': 0.5809185112880407, 'learning_rate': 0.015002162793457422, 'max_depth': 20, 'min_child_weight': 23, 'eval_metric': 'rmse'}. Best is trial 463 with value: 0.12284958614550846.
start listen on 192.168.1.101:43111
@tracker All of 1 nodes getting started
@tracker All nodes finishes job
Trial 639 finished with value: 0.13277500042439927 and parameters: {'objective': 'reg:squarederror', 'tree_method': 'gpu_hist', 'lambda': 7.241828574583651, 'alpha': 1.1097948801012414, 'colsample_bytree': 0.7099524970069379, 'subsample': 0.6284452753966091, 'learning_rate': 0.013662184772700849, 'max_depth': 3, 'min_child_weight': 6, 'eval_metric': 'rmse'}. Best is trial 463 with value: 0.12284958614550846.
start listen on 192.168.1.101:60705
@tracker All of 1 nodes getting started
@tracker All nodes finishes job
Trial 640 finished with value: 0.12456309137478247 and parameters: {'objective': 'reg:squarederror', 'tree_method': 'gpu_hist', 'lambda': 5.200788932247848, 'alpha': 0.36984564830023214, 'colsample_bytree': 0.6930528852240277, 'subsample': 0.6154440852210294, 'learning_rate': 0.009852076708589128, 'max_depth': 20, 'min_child_weight': 16, 'eval_metric': 'rmse'}. Best is trial 463 with value: 0.12284958614550846.
start listen on 192.168.1.101:34189
@tracker All of 1 nodes getting started
@tracker All nodes finishes job
Trial 641 finished with value: 0.12386066362395808 and parameters: {'objective': 'reg:squarederror', 'tree_method': 'gpu_hist', 'lambda': 9.946613105420727, 'alpha': 1.773392905495338, 'colsample_bytree': 0.6783781249087433, 'subsample': 0.5987375206175916, 'learning_rate': 0.02066122259955185, 'max_depth': 20, 'min_child_weight': 6, 'eval_metric': 'rmse'}. Best is trial 463 with value: 0.12284958614550846.
start listen on 192.168.1.101:33155
@tracker All of 1 nodes getting started
@tracker All nodes finishes job
Trial 642 finished with value: 0.17213577797885316 and parameters: {'objective': 'reg:squarederror', 'tree_method': 'gpu_hist', 'lambda': 7.536349054920536, 'alpha': 0.8780331679192599, 'colsample_bytree': 0.729655812455226, 'subsample': 0.5842980485343819, 'learning_rate': 0.011958273845053618, 'max_depth': 20, 'min_child_weight': 194, 'eval_metric': 'rmse'}. Best is trial 463 with value: 0.12284958614550846.
start listen on 192.168.1.101:39435
@tracker All of 1 nodes getting started
@tracker All nodes finishes job
Trial 643 finished with value: 0.13294652560480574 and parameters: {'objective': 'reg:squarederror', 'tree_method': 'gpu_hist', 'lambda': 6.060310777817453, 'alpha': 3.6532911536014847, 'colsample_bytree': 0.30021465873454556, 'subsample': 0.5545561740465399, 'learning_rate': 0.010874054534424148, 'max_depth': 20, 'min_child_weight': 16, 'eval_metric': 'rmse'}. Best is trial 463 with value: 0.12284958614550846.
start listen on 192.168.1.101:42815
@tracker All of 1 nodes getting started
@tracker All nodes finishes job
Trial 644 finished with value: 0.17415689832300807 and parameters: {'objective': 'reg:squarederror', 'tree_method': 'gpu_hist', 'lambda': 3.8530536588317315, 'alpha': 1.4627970951229712, 'colsample_bytree': 0.6588605260644766, 'subsample': 0.6037565879325315, 'learning_rate': 0.01376928672810714, 'max_depth': 20, 'min_child_weight': 209, 'eval_metric': 'rmse'}. Best is trial 463 with value: 0.12284958614550846.
start listen on 192.168.1.101:39287
@tracker All of 1 nodes getting started
@tracker All nodes finishes job
Trial 645 finished with value: 0.12361082202884927 and parameters: {'objective': 'reg:squarederror', 'tree_method': 'gpu_hist', 'lambda': 8.45661400581877, 'alpha': 0.6292648109762168, 'colsample_bytree': 0.7040590923256955, 'subsample': 0.6364434273057524, 'learning_rate': 0.016231547041360938, 'max_depth': 20, 'min_child_weight': 11, 'eval_metric': 'rmse'}. Best is trial 463 with value: 0.12284958614550846.
start listen on 192.168.1.101:51633
@tracker All of 1 nodes getting started
@tracker All nodes finishes job
Trial 646 finished with value: 0.1846296274703849 and parameters: {'objective': 'reg:squarederror', 'tree_method': 'gpu_hist', 'lambda': 6.7316124105642725, 'alpha': 1.011735109691964, 'colsample_bytree': 0.7156780550555569, 'subsample': 0.5695491218515301, 'learning_rate': 0.008511531339337007, 'max_depth': 20, 'min_child_weight': 229, 'eval_metric': 'rmse'}. Best is trial 463 with value: 0.12284958614550846.
start listen on 192.168.1.101:38169
@tracker All of 1 nodes getting started
@tracker All nodes finishes job
Trial 647 finished with value: 0.12462829677419887 and parameters: {'objective': 'reg:squarederror', 'tree_method': 'gpu_hist', 'lambda': 7.811702594371914, 'alpha': 0.7731686385604315, 'colsample_bytree': 0.7466536687702361, 'subsample': 0.6169708155737612, 'learning_rate': 0.012807004997806458, 'max_depth': 20, 'min_child_weight': 23, 'eval_metric': 'rmse'}. Best is trial 463 with value: 0.12284958614550846.
start listen on 192.168.1.101:49605
@tracker All of 1 nodes getting started
@tracker All nodes finishes job
Trial 648 finished with value: 0.1285306966062884 and parameters: {'objective': 'reg:squarederror', 'tree_method': 'gpu_hist', 'lambda': 5.7129383455971245, 'alpha': 1.212480782056991, 'colsample_bytree': 0.6645381317571664, 'subsample': 0.5957191833710663, 'learning_rate': 0.018113109639874347, 'max_depth': 7, 'min_child_weight': 37, 'eval_metric': 'rmse'}. Best is trial 463 with value: 0.12284958614550846.
start listen on 192.168.1.101:44877
@tracker All of 1 nodes getting started
@tracker All nodes finishes job
Trial 649 finished with value: 0.12346048834619046 and parameters: {'objective': 'reg:squarederror', 'tree_method': 'gpu_hist', 'lambda': 9.945520837467134, 'alpha': 1.9892219098980815, 'colsample_bytree': 0.6937385923360344, 'subsample': 0.606267471409458, 'learning_rate': 0.011523053139618383, 'max_depth': 17, 'min_child_weight': 6, 'eval_metric': 'rmse'}. Best is trial 463 with value: 0.12284958614550846.
start listen on 192.168.1.101:40013
@tracker All of 1 nodes getting started
@tracker All nodes finishes job
Trial 650 finished with value: 0.12369153847687969 and parameters: {'objective': 'reg:squarederror', 'tree_method': 'gpu_hist', 'lambda': 8.297287200708361, 'alpha': 0.8643311308211121, 'colsample_bytree': 0.7247608613370787, 'subsample': 0.6221143932788927, 'learning_rate': 0.01494977752652607, 'max_depth': 20, 'min_child_weight': 17, 'eval_metric': 'rmse'}. Best is trial 463 with value: 0.12284958614550846.
start listen on 192.168.1.101:50603
@tracker All of 1 nodes getting started
@tracker All nodes finishes job
Trial 651 finished with value: 0.12439286319730791 and parameters: {'objective': 'reg:squarederror', 'tree_method': 'gpu_hist', 'lambda': 4.908920354162521, 'alpha': 0.5479291534338849, 'colsample_bytree': 0.7047830668771057, 'subsample': 0.5805403258676253, 'learning_rate': 0.010104374719789404, 'max_depth': 20, 'min_child_weight': 11, 'eval_metric': 'rmse'}. Best is trial 463 with value: 0.12284958614550846.
start listen on 192.168.1.101:51697
@tracker All of 1 nodes getting started
@tracker All nodes finishes job
Trial 652 finished with value: 0.12413407443614262 and parameters: {'objective': 'reg:squarederror', 'tree_method': 'gpu_hist', 'lambda': 6.715219760310992, 'alpha': 0.27887235115014175, 'colsample_bytree': 0.6819103916821294, 'subsample': 0.5931466909323666, 'learning_rate': 0.013159205492083059, 'max_depth': 9, 'min_child_weight': 6, 'eval_metric': 'rmse'}. Best is trial 463 with value: 0.12284958614550846.
start listen on 192.168.1.101:43907
@tracker All of 1 nodes getting started
@tracker All nodes finishes job
Trial 653 finished with value: 0.12570652581073344 and parameters: {'objective': 'reg:squarederror', 'tree_method': 'gpu_hist', 'lambda': 8.260286599336474, 'alpha': 1.4332953773381703, 'colsample_bytree': 0.7729072416400826, 'subsample': 0.6433595413029084, 'learning_rate': 0.00907932798853007, 'max_depth': 20, 'min_child_weight': 19, 'eval_metric': 'rmse'}. Best is trial 463 with value: 0.12284958614550846.
start listen on 192.168.1.101:41041
@tracker All of 1 nodes getting started
@tracker All nodes finishes job
Trial 654 finished with value: 0.1250813371605189 and parameters: {'objective': 'reg:squarederror', 'tree_method': 'gpu_hist', 'lambda': 2.9527414822273217, 'alpha': 1.0848756169745013, 'colsample_bytree': 0.714938632606691, 'subsample': 0.611242514695949, 'learning_rate': 0.014362083205244451, 'max_depth': 20, 'min_child_weight': 1, 'eval_metric': 'rmse'}. Best is trial 463 with value: 0.12284958614550846.
start listen on 192.168.1.101:33679
@tracker All of 1 nodes getting started
@tracker All nodes finishes job
Trial 655 finished with value: 0.12363482165565348 and parameters: {'objective': 'reg:squarederror', 'tree_method': 'gpu_hist', 'lambda': 9.964863659166308, 'alpha': 0.7202565904537953, 'colsample_bytree': 0.742146127563344, 'subsample': 0.6280370778086654, 'learning_rate': 0.011163397535567856, 'max_depth': 20, 'min_child_weight': 12, 'eval_metric': 'rmse'}. Best is trial 463 with value: 0.12284958614550846.
start listen on 192.168.1.101:49577
@tracker All of 1 nodes getting started
@tracker All nodes finishes job
Trial 656 finished with value: 0.12543179842935043 and parameters: {'objective': 'reg:squarederror', 'tree_method': 'gpu_hist', 'lambda': 6.2809373363416885, 'alpha': 0.05751265097937637, 'colsample_bytree': 0.6924243133813835, 'subsample': 0.597849731738354, 'learning_rate': 0.016079379824856282, 'max_depth': 20, 'min_child_weight': 26, 'eval_metric': 'rmse'}. Best is trial 463 with value: 0.12284958614550846.
start listen on 192.168.1.101:57645
@tracker All of 1 nodes getting started
@tracker All nodes finishes job
Trial 657 finished with value: 0.12405084602575885 and parameters: {'objective': 'reg:squarederror', 'tree_method': 'gpu_hist', 'lambda': 4.296205104676741, 'alpha': 2.7875762455590776, 'colsample_bytree': 0.7326100000050113, 'subsample': 0.5705033179081062, 'learning_rate': 0.0124077383030689, 'max_depth': 20, 'min_child_weight': 6, 'eval_metric': 'rmse'}. Best is trial 463 with value: 0.12284958614550846.
start listen on 192.168.1.101:59053
@tracker All of 1 nodes getting started
@tracker All nodes finishes job
Trial 658 finished with value: 0.12400866894998086 and parameters: {'objective': 'reg:squarederror', 'tree_method': 'gpu_hist', 'lambda': 7.372433893205795, 'alpha': 0.943617135267249, 'colsample_bytree': 0.6713065241166292, 'subsample': 0.6143472026623438, 'learning_rate': 0.010566285312109281, 'max_depth': 20, 'min_child_weight': 15, 'eval_metric': 'rmse'}. Best is trial 463 with value: 0.12284958614550846.
start listen on 192.168.1.101:37871
@tracker All of 1 nodes getting started
@tracker All nodes finishes job
Trial 659 finished with value: 0.12311867426989835 and parameters: {'objective': 'reg:squarederror', 'tree_method': 'gpu_hist', 'lambda': 8.434879814716838, 'alpha': 1.275726291779981, 'colsample_bytree': 0.7068337507013064, 'subsample': 0.5884894354704788, 'learning_rate': 0.013962132769398535, 'max_depth': 20, 'min_child_weight': 10, 'eval_metric': 'rmse'}. Best is trial 463 with value: 0.12284958614550846.
start listen on 192.168.1.101:40007
@tracker All of 1 nodes getting started
@tracker All nodes finishes job
Trial 660 finished with value: 0.12404274077899026 and parameters: {'objective': 'reg:squarederror', 'tree_method': 'gpu_hist', 'lambda': 8.566018288105234, 'alpha': 1.671146161687717, 'colsample_bytree': 0.701461352544472, 'subsample': 0.5736914254069542, 'learning_rate': 0.017272275421092012, 'max_depth': 20, 'min_child_weight': 1, 'eval_metric': 'rmse'}. Best is trial 463 with value: 0.12284958614550846.
start listen on 192.168.1.101:38531
@tracker All of 1 nodes getting started
@tracker All nodes finishes job
Trial 661 finished with value: 0.12395860218837293 and parameters: {'objective': 'reg:squarederror', 'tree_method': 'gpu_hist', 'lambda': 8.677176557643316, 'alpha': 1.3860219735933008, 'colsample_bytree': 0.6479654472648407, 'subsample': 0.5585817652625181, 'learning_rate': 0.015427017101013239, 'max_depth': 20, 'min_child_weight': 10, 'eval_metric': 'rmse'}. Best is trial 463 with value: 0.12284958614550846.
start listen on 192.168.1.101:51411
@tracker All of 1 nodes getting started
@tracker All nodes finishes job
Trial 662 finished with value: 0.1246117500228925 and parameters: {'objective': 'reg:squarederror', 'tree_method': 'gpu_hist', 'lambda': 7.524930769809524, 'alpha': 2.0121983379850255, 'colsample_bytree': 0.6808583859757026, 'subsample': 0.5861198153383698, 'learning_rate': 0.013928907007362424, 'max_depth': 15, 'min_child_weight': 20, 'eval_metric': 'rmse'}. Best is trial 463 with value: 0.12284958614550846.
start listen on 192.168.1.101:44057
@tracker All of 1 nodes getting started
@tracker All nodes finishes job
Trial 663 finished with value: 0.12355249791927903 and parameters: {'objective': 'reg:squarederror', 'tree_method': 'gpu_hist', 'lambda': 8.734144508304384, 'alpha': 1.2709793906494462, 'colsample_bytree': 0.692649958578231, 'subsample': 0.5855473779980707, 'learning_rate': 0.019044096993224027, 'max_depth': 20, 'min_child_weight': 6, 'eval_metric': 'rmse'}. Best is trial 463 with value: 0.12284958614550846.
start listen on 192.168.1.101:45079
@tracker All of 1 nodes getting started
@tracker All nodes finishes job
Trial 664 finished with value: 0.12647824182619888 and parameters: {'objective': 'reg:squarederror', 'tree_method': 'gpu_hist', 'lambda': 6.887704041771256, 'alpha': 9.75757878602583, 'colsample_bytree': 0.709173046070149, 'subsample': 0.5776981447710683, 'learning_rate': 0.02944080671642825, 'max_depth': 20, 'min_child_weight': 14, 'eval_metric': 'rmse'}. Best is trial 463 with value: 0.12284958614550846.
start listen on 192.168.1.101:35467
@tracker All of 1 nodes getting started
@tracker All nodes finishes job
Trial 665 finished with value: 0.12706491561911545 and parameters: {'objective': 'reg:squarederror', 'tree_method': 'gpu_hist', 'lambda': 8.363829868573172, 'alpha': 1.7136355879819667, 'colsample_bytree': 0.4588323254543559, 'subsample': 0.5466961307038366, 'learning_rate': 0.009616787256320385, 'max_depth': 20, 'min_child_weight': 9, 'eval_metric': 'rmse'}. Best is trial 463 with value: 0.12284958614550846.
start listen on 192.168.1.101:50433
@tracker All of 1 nodes getting started
@tracker All nodes finishes job
Trial 666 finished with value: 0.12759919106405843 and parameters: {'objective': 'reg:squarederror', 'tree_method': 'gpu_hist', 'lambda': 9.833822834409732, 'alpha': 1.4772969465052712, 'colsample_bytree': 0.6621682023614051, 'subsample': 0.5976207289141042, 'learning_rate': 0.007491646066622062, 'max_depth': 20, 'min_child_weight': 24, 'eval_metric': 'rmse'}. Best is trial 463 with value: 0.12284958614550846.
start listen on 192.168.1.101:50803
@tracker All of 1 nodes getting started
@tracker All nodes finishes job
Trial 667 finished with value: 0.12517175378421433 and parameters: {'objective': 'reg:squarederror', 'tree_method': 'gpu_hist', 'lambda': 9.995195255356672, 'alpha': 1.1919993919109475, 'colsample_bytree': 0.7232877440872673, 'subsample': 0.590456295042479, 'learning_rate': 0.01190794194054166, 'max_depth': 20, 'min_child_weight': 19, 'eval_metric': 'rmse'}. Best is trial 463 with value: 0.12284958614550846.
start listen on 192.168.1.101:44713
@tracker All of 1 nodes getting started
@tracker All nodes finishes job
Trial 668 finished with value: 0.12415314317660892 and parameters: {'objective': 'reg:squarederror', 'tree_method': 'gpu_hist', 'lambda': 7.440357837958197, 'alpha': 1.1439689622559504, 'colsample_bytree': 0.68212392357507, 'subsample': 0.5681198521337402, 'learning_rate': 0.015263336829831702, 'max_depth': 20, 'min_child_weight': 1, 'eval_metric': 'rmse'}. Best is trial 463 with value: 0.12284958614550846.
start listen on 192.168.1.101:48569
@tracker All of 1 nodes getting started
@tracker All nodes finishes job
Trial 669 finished with value: 0.1693239560385716 and parameters: {'objective': 'reg:squarederror', 'tree_method': 'gpu_hist', 'lambda': 5.928339223222394, 'alpha': 2.482353080949057, 'colsample_bytree': 0.7057163495203289, 'subsample': 0.6033598424044636, 'learning_rate': 0.012827734537796162, 'max_depth': 3, 'min_child_weight': 163, 'eval_metric': 'rmse'}. Best is trial 463 with value: 0.12284958614550846.
start listen on 192.168.1.101:54663
@tracker All of 1 nodes getting started
@tracker All nodes finishes job
Trial 670 finished with value: 0.12733820025456236 and parameters: {'objective': 'reg:squarederror', 'tree_method': 'gpu_hist', 'lambda': 7.316705603227588, 'alpha': 1.5641667783896755, 'colsample_bytree': 0.7528010035109102, 'subsample': 0.5874621031761431, 'learning_rate': 0.017133362443617395, 'max_depth': 5, 'min_child_weight': 12, 'eval_metric': 'rmse'}. Best is trial 463 with value: 0.12284958614550846.
start listen on 192.168.1.101:57053
@tracker All of 1 nodes getting started
@tracker All nodes finishes job
