Trial 965 finished with value: 0.12401075930695443 and parameters: {'objective': 'reg:squarederror', 'tree_method': 'gpu_hist', 'lambda': 6.729759469380084, 'alpha': 3.0103616004868625, 'colsample_bytree': 0.6731420608999411, 'subsample': 0.64907320929877, 'learning_rate': 0.016222637277433026, 'max_depth': 15, 'min_child_weight': 1, 'eval_metric': 'rmse'}. Best is trial 463 with value: 0.12284958614550846.
start listen on 192.168.1.101:36539
@tracker All of 1 nodes getting started
@tracker All nodes finishes job
Trial 966 finished with value: 0.12331124043171492 and parameters: {'objective': 'reg:squarederror', 'tree_method': 'gpu_hist', 'lambda': 4.27394706604201, 'alpha': 2.8716470162716052, 'colsample_bytree': 0.6515904602390142, 'subsample': 0.5997530535832423, 'learning_rate': 0.017917920856694847, 'max_depth': 15, 'min_child_weight': 12, 'eval_metric': 'rmse'}. Best is trial 463 with value: 0.12284958614550846.
start listen on 192.168.1.101:44113
@tracker All of 1 nodes getting started
@tracker All nodes finishes job
Trial 967 finished with value: 0.13075262389546527 and parameters: {'objective': 'reg:squarederror', 'tree_method': 'gpu_hist', 'lambda': 5.59295542310506, 'alpha': 4.3074743104602655, 'colsample_bytree': 0.6917312334108702, 'subsample': 0.6192700739971326, 'learning_rate': 0.01506432239595615, 'max_depth': 15, 'min_child_weight': 48, 'eval_metric': 'rmse'}. Best is trial 463 with value: 0.12284958614550846.
start listen on 192.168.1.101:39609
@tracker All of 1 nodes getting started
@tracker All nodes finishes job
Trial 968 finished with value: 0.12397432783748413 and parameters: {'objective': 'reg:squarederror', 'tree_method': 'gpu_hist', 'lambda': 7.14977403965141, 'alpha': 3.473810936567808, 'colsample_bytree': 0.6658349249299539, 'subsample': 0.6067521441642182, 'learning_rate': 0.016386528359682958, 'max_depth': 15, 'min_child_weight': 17, 'eval_metric': 'rmse'}. Best is trial 463 with value: 0.12284958614550846.
start listen on 192.168.1.101:57349
@tracker All of 1 nodes getting started
@tracker All nodes finishes job
Trial 969 finished with value: 0.12343499748852925 and parameters: {'objective': 'reg:squarederror', 'tree_method': 'gpu_hist', 'lambda': 6.529532637203033, 'alpha': 2.5742434647634305, 'colsample_bytree': 0.6799351523354183, 'subsample': 0.6341552127356174, 'learning_rate': 0.014707123978062437, 'max_depth': 15, 'min_child_weight': 6, 'eval_metric': 'rmse'}. Best is trial 463 with value: 0.12284958614550846.
start listen on 192.168.1.101:52593
@tracker All of 1 nodes getting started
@tracker All nodes finishes job
Trial 970 finished with value: 0.12309364114262564 and parameters: {'objective': 'reg:squarederror', 'tree_method': 'gpu_hist', 'lambda': 4.994091516674852, 'alpha': 2.7683815693949665, 'colsample_bytree': 0.6961133128329976, 'subsample': 0.583902791114152, 'learning_rate': 0.015046181705699501, 'max_depth': 15, 'min_child_weight': 11, 'eval_metric': 'rmse'}. Best is trial 463 with value: 0.12284958614550846.
start listen on 192.168.1.101:49099
@tracker All of 1 nodes getting started
@tracker All nodes finishes job
Trial 971 finished with value: 0.12507675831754278 and parameters: {'objective': 'reg:squarederror', 'tree_method': 'gpu_hist', 'lambda': 3.0185961729542448, 'alpha': 3.7290032230401664, 'colsample_bytree': 0.6756232179223103, 'subsample': 0.5718511164126706, 'learning_rate': 0.017467008408054818, 'max_depth': 15, 'min_child_weight': 23, 'eval_metric': 'rmse'}. Best is trial 463 with value: 0.12284958614550846.
start listen on 192.168.1.101:43141
@tracker All of 1 nodes getting started
@tracker All nodes finishes job
Trial 972 finished with value: 0.12430211597261065 and parameters: {'objective': 'reg:squarederror', 'tree_method': 'gpu_hist', 'lambda': 3.7931918319622935, 'alpha': 3.266751109523923, 'colsample_bytree': 0.691211384933267, 'subsample': 0.5656383869757129, 'learning_rate': 0.016391996465471664, 'max_depth': 15, 'min_child_weight': 14, 'eval_metric': 'rmse'}. Best is trial 463 with value: 0.12284958614550846.
start listen on 192.168.1.101:37333
@tracker All of 1 nodes getting started
@tracker All nodes finishes job
Trial 973 finished with value: 0.12901300464799115 and parameters: {'objective': 'reg:squarederror', 'tree_method': 'gpu_hist', 'lambda': 0.0013850215727606995, 'alpha': 4.269151256102261, 'colsample_bytree': 0.3170186035149063, 'subsample': 0.5359225312421887, 'learning_rate': 0.018524162066139233, 'max_depth': 15, 'min_child_weight': 6, 'eval_metric': 'rmse'}. Best is trial 463 with value: 0.12284958614550846.
start listen on 192.168.1.101:44903
@tracker All of 1 nodes getting started
@tracker All nodes finishes job
Trial 974 finished with value: 0.20025919903039713 and parameters: {'objective': 'reg:squarederror', 'tree_method': 'gpu_hist', 'lambda': 4.932633934721714, 'alpha': 2.9118275339496797, 'colsample_bytree': 0.6462658236885163, 'subsample': 0.5642384267923203, 'learning_rate': 0.0013520013603872795, 'max_depth': 15, 'min_child_weight': 18, 'eval_metric': 'rmse'}. Best is trial 463 with value: 0.12284958614550846.
start listen on 192.168.1.101:56315
@tracker All of 1 nodes getting started
@tracker All nodes finishes job
Trial 975 finished with value: 0.12759643797627146 and parameters: {'objective': 'reg:squarederror', 'tree_method': 'gpu_hist', 'lambda': 4.131145777845957, 'alpha': 5.272584955927678, 'colsample_bytree': 0.6966324856665673, 'subsample': 0.5815621466673203, 'learning_rate': 0.015487395610519148, 'max_depth': 15, 'min_child_weight': 31, 'eval_metric': 'rmse'}. Best is trial 463 with value: 0.12284958614550846.
start listen on 192.168.1.101:45391
@tracker All of 1 nodes getting started
@tracker All nodes finishes job
Trial 976 finished with value: 0.12333266288497473 and parameters: {'objective': 'reg:squarederror', 'tree_method': 'gpu_hist', 'lambda': 4.650322188587032, 'alpha': 2.8943033590055633, 'colsample_bytree': 0.6641223503464756, 'subsample': 0.5749210128995981, 'learning_rate': 0.014814439148349361, 'max_depth': 15, 'min_child_weight': 11, 'eval_metric': 'rmse'}. Best is trial 463 with value: 0.12284958614550846.
start listen on 192.168.1.101:40891
@tracker All of 1 nodes getting started
@tracker All nodes finishes job
Trial 977 finished with value: 0.12479198610115759 and parameters: {'objective': 'reg:squarederror', 'tree_method': 'gpu_hist', 'lambda': 3.556466370670553, 'alpha': 2.6438815431375096, 'colsample_bytree': 0.6847589680776938, 'subsample': 0.5797767016338411, 'learning_rate': 0.020643584209681782, 'max_depth': 15, 'min_child_weight': 1, 'eval_metric': 'rmse'}. Best is trial 463 with value: 0.12284958614550846.
start listen on 192.168.1.101:57335
@tracker All of 1 nodes getting started
@tracker All nodes finishes job
Trial 978 finished with value: 0.12374852878390584 and parameters: {'objective': 'reg:squarederror', 'tree_method': 'gpu_hist', 'lambda': 5.465867778122032, 'alpha': 3.547938926642, 'colsample_bytree': 0.6673583309152051, 'subsample': 0.5604416727708244, 'learning_rate': 0.016844842329419556, 'max_depth': 15, 'min_child_weight': 10, 'eval_metric': 'rmse'}. Best is trial 463 with value: 0.12284958614550846.
start listen on 192.168.1.101:48999
@tracker All of 1 nodes getting started
@tracker All nodes finishes job
Trial 979 finished with value: 0.12566512533985918 and parameters: {'objective': 'reg:squarederror', 'tree_method': 'gpu_hist', 'lambda': 6.941078021008802, 'alpha': 4.682286855653072, 'colsample_bytree': 0.6994533863231749, 'subsample': 0.5514976358380275, 'learning_rate': 0.014997984935905363, 'max_depth': 15, 'min_child_weight': 19, 'eval_metric': 'rmse'}. Best is trial 463 with value: 0.12284958614550846.
start listen on 192.168.1.101:45985
@tracker All of 1 nodes getting started
@tracker All nodes finishes job
Trial 980 finished with value: 0.12378633877999388 and parameters: {'objective': 'reg:squarederror', 'tree_method': 'gpu_hist', 'lambda': 5.201029119902294, 'alpha': 2.1331337415819083, 'colsample_bytree': 0.6775160605683511, 'subsample': 0.5885878892097225, 'learning_rate': 0.018845770385931115, 'max_depth': 15, 'min_child_weight': 6, 'eval_metric': 'rmse'}. Best is trial 463 with value: 0.12284958614550846.
start listen on 192.168.1.101:53599
@tracker All of 1 nodes getting started
@tracker All nodes finishes job
Trial 981 finished with value: 0.12421527978624969 and parameters: {'objective': 'reg:squarederror', 'tree_method': 'gpu_hist', 'lambda': 7.102068110209465, 'alpha': 2.5493861527700927, 'colsample_bytree': 0.6548625190071576, 'subsample': 0.5919821873331746, 'learning_rate': 0.014302416051331663, 'max_depth': 15, 'min_child_weight': 14, 'eval_metric': 'rmse'}. Best is trial 463 with value: 0.12284958614550846.
start listen on 192.168.1.101:51557
@tracker All of 1 nodes getting started
@tracker All nodes finishes job
Trial 982 finished with value: 0.1392258657352963 and parameters: {'objective': 'reg:squarederror', 'tree_method': 'gpu_hist', 'lambda': 6.139217497624754, 'alpha': 2.6297576288083504, 'colsample_bytree': 0.6869213880812672, 'subsample': 0.5874971580799004, 'learning_rate': 0.01617326431616481, 'max_depth': 15, 'min_child_weight': 80, 'eval_metric': 'rmse'}. Best is trial 463 with value: 0.12284958614550846.
start listen on 192.168.1.101:49217
@tracker All of 1 nodes getting started
@tracker All nodes finishes job
Trial 983 finished with value: 0.1252477006858546 and parameters: {'objective': 'reg:squarederror', 'tree_method': 'gpu_hist', 'lambda': 7.137213842700558, 'alpha': 3.6065824486958467, 'colsample_bytree': 0.7008422437262797, 'subsample': 0.5963218837829164, 'learning_rate': 0.017507632813156645, 'max_depth': 15, 'min_child_weight': 24, 'eval_metric': 'rmse'}. Best is trial 463 with value: 0.12284958614550846.
start listen on 192.168.1.101:46555
@tracker All of 1 nodes getting started
@tracker All nodes finishes job
Trial 984 finished with value: 0.12381619713282228 and parameters: {'objective': 'reg:squarederror', 'tree_method': 'gpu_hist', 'lambda': 2.8085203415807287, 'alpha': 3.18952290056078, 'colsample_bytree': 0.6641939336856336, 'subsample': 0.5769531181156813, 'learning_rate': 0.014260050332193346, 'max_depth': 15, 'min_child_weight': 10, 'eval_metric': 'rmse'}. Best is trial 463 with value: 0.12284958614550846.
start listen on 192.168.1.101:45765
@tracker All of 1 nodes getting started
@tracker All nodes finishes job
Trial 985 finished with value: 0.12405595413443221 and parameters: {'objective': 'reg:squarederror', 'tree_method': 'gpu_hist', 'lambda': 4.5536031982857805, 'alpha': 2.336639876590053, 'colsample_bytree': 0.6409736484571084, 'subsample': 0.6015454034268504, 'learning_rate': 0.01628095539731371, 'max_depth': 15, 'min_child_weight': 1, 'eval_metric': 'rmse'}. Best is trial 463 with value: 0.12284958614550846.
start listen on 192.168.1.101:42309
@tracker All of 1 nodes getting started
@tracker All nodes finishes job
Trial 986 finished with value: 0.12407215623772032 and parameters: {'objective': 'reg:squarederror', 'tree_method': 'gpu_hist', 'lambda': 5.605702696347507, 'alpha': 2.885843554820555, 'colsample_bytree': 0.6848930186922803, 'subsample': 0.5839724649532175, 'learning_rate': 0.01514129254914081, 'max_depth': 15, 'min_child_weight': 18, 'eval_metric': 'rmse'}. Best is trial 463 with value: 0.12284958614550846.
start listen on 192.168.1.101:43963
@tracker All of 1 nodes getting started
@tracker All nodes finishes job
Trial 987 finished with value: 0.12615105163214912 and parameters: {'objective': 'reg:squarederror', 'tree_method': 'gpu_hist', 'lambda': 7.569485980684172, 'alpha': 4.32321847551667, 'colsample_bytree': 0.4892479031756294, 'subsample': 0.5991648158209195, 'learning_rate': 0.013727462107864808, 'max_depth': 15, 'min_child_weight': 8, 'eval_metric': 'rmse'}. Best is trial 463 with value: 0.12284958614550846.
start listen on 192.168.1.101:54375
@tracker All of 1 nodes getting started
@tracker All nodes finishes job
Trial 988 finished with value: 0.1234035864669683 and parameters: {'objective': 'reg:squarederror', 'tree_method': 'gpu_hist', 'lambda': 7.42706851046745, 'alpha': 2.551975813098991, 'colsample_bytree': 0.6975279021030527, 'subsample': 0.6082462464452099, 'learning_rate': 0.0180137060540311, 'max_depth': 15, 'min_child_weight': 14, 'eval_metric': 'rmse'}. Best is trial 463 with value: 0.12284958614550846.
start listen on 192.168.1.101:46325
@tracker All of 1 nodes getting started
@tracker All nodes finishes job
Trial 989 finished with value: 0.1835281380565887 and parameters: {'objective': 'reg:squarederror', 'tree_method': 'gpu_hist', 'lambda': 5.850607783841664, 'alpha': 2.261735251168572, 'colsample_bytree': 0.6746920994067939, 'subsample': 0.5585231551281541, 'learning_rate': 0.028101249326383065, 'max_depth': 15, 'min_child_weight': 246, 'eval_metric': 'rmse'}. Best is trial 463 with value: 0.12284958614550846.
start listen on 192.168.1.101:40983
@tracker All of 1 nodes getting started
@tracker All nodes finishes job
Trial 990 finished with value: 0.12334598209500729 and parameters: {'objective': 'reg:squarederror', 'tree_method': 'gpu_hist', 'lambda': 7.620287356947687, 'alpha': 3.801424891789202, 'colsample_bytree': 0.7017981284416409, 'subsample': 0.571999915500549, 'learning_rate': 0.015880943202656882, 'max_depth': 15, 'min_child_weight': 6, 'eval_metric': 'rmse'}. Best is trial 463 with value: 0.12284958614550846.
start listen on 192.168.1.101:37755
@tracker All of 1 nodes getting started
@tracker All nodes finishes job
Trial 991 finished with value: 0.12475628267292532 and parameters: {'objective': 'reg:squarederror', 'tree_method': 'gpu_hist', 'lambda': 4.540383881732346, 'alpha': 3.250087368134325, 'colsample_bytree': 0.6832036849239745, 'subsample': 0.6203572003962382, 'learning_rate': 0.013529761582470445, 'max_depth': 15, 'min_child_weight': 21, 'eval_metric': 'rmse'}. Best is trial 463 with value: 0.12284958614550846.
start listen on 192.168.1.101:52479
@tracker All of 1 nodes getting started
@tracker All nodes finishes job
Trial 992 finished with value: 0.19274241651980936 and parameters: {'objective': 'reg:squarederror', 'tree_method': 'gpu_hist', 'lambda': 6.165631506729195, 'alpha': 2.276170608391061, 'colsample_bytree': 0.6570013086672892, 'subsample': 0.5913623593131091, 'learning_rate': 0.024365751790615328, 'max_depth': 11, 'min_child_weight': 289, 'eval_metric': 'rmse'}. Best is trial 463 with value: 0.12284958614550846.
start listen on 192.168.1.101:51755
@tracker All of 1 nodes getting started
@tracker All nodes finishes job
Trial 993 finished with value: 0.12792871754870988 and parameters: {'objective': 'reg:squarederror', 'tree_method': 'gpu_hist', 'lambda': 7.8361069889958195, 'alpha': 2.499985601062473, 'colsample_bytree': 0.43975966533054717, 'subsample': 0.6096616978311379, 'learning_rate': 0.019591914912094065, 'max_depth': 15, 'min_child_weight': 28, 'eval_metric': 'rmse'}. Best is trial 463 with value: 0.12284958614550846.
start listen on 192.168.1.101:52289
@tracker All of 1 nodes getting started
@tracker All nodes finishes job
Trial 994 finished with value: 0.12342399364296401 and parameters: {'objective': 'reg:squarederror', 'tree_method': 'gpu_hist', 'lambda': 1.5958849730265507, 'alpha': 2.958953122844096, 'colsample_bytree': 0.6999520152282295, 'subsample': 0.6261776889752961, 'learning_rate': 0.014827782994662548, 'max_depth': 13, 'min_child_weight': 14, 'eval_metric': 'rmse'}. Best is trial 463 with value: 0.12284958614550846.
start listen on 192.168.1.101:48019
@tracker All of 1 nodes getting started
@tracker All nodes finishes job
Trial 995 finished with value: 0.12367961772208047 and parameters: {'objective': 'reg:squarederror', 'tree_method': 'gpu_hist', 'lambda': 5.157842763419274, 'alpha': 2.077321653906809, 'colsample_bytree': 0.6695430823788493, 'subsample': 0.5985341781051254, 'learning_rate': 0.017191113958974182, 'max_depth': 15, 'min_child_weight': 7, 'eval_metric': 'rmse'}. Best is trial 463 with value: 0.12284958614550846.
start listen on 192.168.1.101:57977
@tracker All of 1 nodes getting started
@tracker All nodes finishes job
Trial 996 finished with value: 0.12421058684633493 and parameters: {'objective': 'reg:squarederror', 'tree_method': 'gpu_hist', 'lambda': 6.3320405302215725, 'alpha': 4.0975788328597185, 'colsample_bytree': 0.6453671536824289, 'subsample': 0.6462620109476586, 'learning_rate': 0.014258014424446361, 'max_depth': 9, 'min_child_weight': 1, 'eval_metric': 'rmse'}. Best is trial 463 with value: 0.12284958614550846.
start listen on 192.168.1.101:60171
@tracker All of 1 nodes getting started
@tracker All nodes finishes job
Trial 997 finished with value: 0.12422307224398217 and parameters: {'objective': 'reg:squarederror', 'tree_method': 'gpu_hist', 'lambda': 7.35341040293623, 'alpha': 2.0834137308041165, 'colsample_bytree': 0.6893405740344931, 'subsample': 0.5839961954543548, 'learning_rate': 0.015979055505668728, 'max_depth': 7, 'min_child_weight': 13, 'eval_metric': 'rmse'}. Best is trial 463 with value: 0.12284958614550846.
start listen on 192.168.1.101:59095
@tracker All of 1 nodes getting started
@tracker All nodes finishes job
Trial 998 finished with value: 0.12309110023536786 and parameters: {'objective': 'reg:squarederror', 'tree_method': 'gpu_hist', 'lambda': 8.257150664788014, 'alpha': 1.9140143271238466, 'colsample_bytree': 0.7094211107231693, 'subsample': 0.6104722834591287, 'learning_rate': 0.013057047799448083, 'max_depth': 15, 'min_child_weight': 7, 'eval_metric': 'rmse'}. Best is trial 463 with value: 0.12284958614550846.
start listen on 192.168.1.101:53453
@tracker All of 1 nodes getting started
@tracker All nodes finishes job
Trial 999 finished with value: 0.12553454197668718 and parameters: {'objective': 'reg:squarederror', 'tree_method': 'gpu_hist', 'lambda': 8.368213289937733, 'alpha': 1.983377514554172, 'colsample_bytree': 0.7158791807753755, 'subsample': 0.5945608325705812, 'learning_rate': 0.012965148038784622, 'max_depth': 15, 'min_child_weight': 23, 'eval_metric': 'rmse'}. Best is trial 463 with value: 0.12284958614550846.
