Trial 377 finished with value: 0.12429812664086297 and parameters: {'objective': 'reg:squarederror', 'tree_method': 'gpu_hist', 'lambda': 4.950463968341619, 'alpha': 2.311209267283987, 'colsample_bytree': 0.6752780938039252, 'subsample': 0.6094742663213115, 'learning_rate': 0.01792292361909307, 'max_depth': 20, 'min_child_weight': 22, 'eval_metric': 'rmse'}. Best is trial 372 with value: 0.12298536904460573.
start listen on 192.168.1.101:44469
@tracker All of 1 nodes getting started
@tracker All nodes finishes job
Trial 378 finished with value: 0.1864727521327 and parameters: {'objective': 'reg:squarederror', 'tree_method': 'gpu_hist', 'lambda': 4.069384760502037, 'alpha': 1.6717026017013703, 'colsample_bytree': 0.7424464257179779, 'subsample': 0.6265376876818517, 'learning_rate': 0.019240157823588035, 'max_depth': 20, 'min_child_weight': 253, 'eval_metric': 'rmse'}. Best is trial 372 with value: 0.12298536904460573.
start listen on 192.168.1.101:32799
@tracker All of 1 nodes getting started
@tracker All nodes finishes job
Trial 379 finished with value: 0.12302704005581387 and parameters: {'objective': 'reg:squarederror', 'tree_method': 'gpu_hist', 'lambda': 6.876219893954275, 'alpha': 1.249797113063027, 'colsample_bytree': 0.7001745104855973, 'subsample': 0.6092508208751363, 'learning_rate': 0.014950236760142996, 'max_depth': 20, 'min_child_weight': 11, 'eval_metric': 'rmse'}. Best is trial 372 with value: 0.12298536904460573.
start listen on 192.168.1.101:51505
@tracker All of 1 nodes getting started
@tracker All nodes finishes job
Trial 380 finished with value: 0.12735443057292692 and parameters: {'objective': 'reg:squarederror', 'tree_method': 'gpu_hist', 'lambda': 5.338506554286431, 'alpha': 6.265240381538586, 'colsample_bytree': 0.6855898398283211, 'subsample': 0.6077718681461477, 'learning_rate': 0.01552187504272559, 'max_depth': 20, 'min_child_weight': 30, 'eval_metric': 'rmse'}. Best is trial 372 with value: 0.12298536904460573.
start listen on 192.168.1.101:36095
@tracker All of 1 nodes getting started
@tracker All nodes finishes job
Trial 381 finished with value: 0.12397736412549033 and parameters: {'objective': 'reg:squarederror', 'tree_method': 'gpu_hist', 'lambda': 6.588922806833997, 'alpha': 1.648543060420965, 'colsample_bytree': 0.6964211639620659, 'subsample': 0.6125028503734643, 'learning_rate': 0.01844670320352013, 'max_depth': 20, 'min_child_weight': 18, 'eval_metric': 'rmse'}. Best is trial 372 with value: 0.12298536904460573.
start listen on 192.168.1.101:59613
@tracker All of 1 nodes getting started
@tracker All nodes finishes job
Trial 382 finished with value: 0.12353067478973109 and parameters: {'objective': 'reg:squarederror', 'tree_method': 'gpu_hist', 'lambda': 4.738653170042075, 'alpha': 1.2491636452455865, 'colsample_bytree': 0.6654099000718465, 'subsample': 0.45847720141223197, 'learning_rate': 0.014448276987359194, 'max_depth': 20, 'min_child_weight': 12, 'eval_metric': 'rmse'}. Best is trial 372 with value: 0.12298536904460573.
start listen on 192.168.1.101:33493
@tracker All of 1 nodes getting started
@tracker All nodes finishes job
Trial 383 finished with value: 0.12424874566891717 and parameters: {'objective': 'reg:squarederror', 'tree_method': 'gpu_hist', 'lambda': 6.748413962244364, 'alpha': 1.236847429836753, 'colsample_bytree': 0.7113999750953626, 'subsample': 0.5987732212392807, 'learning_rate': 0.017125995660390428, 'max_depth': 20, 'min_child_weight': 18, 'eval_metric': 'rmse'}. Best is trial 372 with value: 0.12298536904460573.
start listen on 192.168.1.101:60067
@tracker All of 1 nodes getting started
@tracker All nodes finishes job
Trial 384 finished with value: 0.12331911576632854 and parameters: {'objective': 'reg:squarederror', 'tree_method': 'gpu_hist', 'lambda': 5.567821329260035, 'alpha': 1.4151992003378961, 'colsample_bytree': 0.6467338560105241, 'subsample': 0.6177351191851952, 'learning_rate': 0.014754719574254197, 'max_depth': 20, 'min_child_weight': 11, 'eval_metric': 'rmse'}. Best is trial 372 with value: 0.12298536904460573.
start listen on 192.168.1.101:39087
@tracker All of 1 nodes getting started
@tracker All nodes finishes job
Trial 385 finished with value: 0.12804725837190528 and parameters: {'objective': 'reg:squarederror', 'tree_method': 'gpu_hist', 'lambda': 5.8194558595054175, 'alpha': 1.7279976007673883, 'colsample_bytree': 0.630970229303625, 'subsample': 0.6046419681890839, 'learning_rate': 0.014513431958287425, 'max_depth': 5, 'min_child_weight': 23, 'eval_metric': 'rmse'}. Best is trial 372 with value: 0.12298536904460573.
start listen on 192.168.1.101:57017
@tracker All of 1 nodes getting started
@tracker All nodes finishes job
Trial 386 finished with value: 0.12350908756114935 and parameters: {'objective': 'reg:squarederror', 'tree_method': 'gpu_hist', 'lambda': 6.849665420913288, 'alpha': 1.209653667668074, 'colsample_bytree': 0.6513584553292876, 'subsample': 0.5822183178553572, 'learning_rate': 0.01542502665156416, 'max_depth': 20, 'min_child_weight': 11, 'eval_metric': 'rmse'}. Best is trial 372 with value: 0.12298536904460573.
start listen on 192.168.1.101:49867
@tracker All of 1 nodes getting started
@tracker All nodes finishes job
Trial 387 finished with value: 0.1542683649950335 and parameters: {'objective': 'reg:squarederror', 'tree_method': 'gpu_hist', 'lambda': 7.237515365381794, 'alpha': 1.412217148131586, 'colsample_bytree': 0.6487864967530382, 'subsample': 0.619405203637546, 'learning_rate': 0.014222039001084277, 'max_depth': 3, 'min_child_weight': 120, 'eval_metric': 'rmse'}. Best is trial 372 with value: 0.12298536904460573.
start listen on 192.168.1.101:53763
@tracker All of 1 nodes getting started
@tracker All nodes finishes job
Trial 388 finished with value: 0.1234349060779775 and parameters: {'objective': 'reg:squarederror', 'tree_method': 'gpu_hist', 'lambda': 5.8143434359718755, 'alpha': 1.3315154513893088, 'colsample_bytree': 0.6776805806218867, 'subsample': 0.5937124281381156, 'learning_rate': 0.013617960969808171, 'max_depth': 20, 'min_child_weight': 16, 'eval_metric': 'rmse'}. Best is trial 372 with value: 0.12298536904460573.
start listen on 192.168.1.101:55049
@tracker All of 1 nodes getting started
@tracker All nodes finishes job
Trial 389 finished with value: 0.12417799920465264 and parameters: {'objective': 'reg:squarederror', 'tree_method': 'gpu_hist', 'lambda': 7.313389293475481, 'alpha': 2.609758802620958, 'colsample_bytree': 0.6652035753931129, 'subsample': 0.5658058176219148, 'learning_rate': 0.013217118569403207, 'max_depth': 20, 'min_child_weight': 8, 'eval_metric': 'rmse'}. Best is trial 372 with value: 0.12298536904460573.
start listen on 192.168.1.101:39747
@tracker All of 1 nodes getting started
@tracker All nodes finishes job
Trial 390 finished with value: 0.12392645611343986 and parameters: {'objective': 'reg:squarederror', 'tree_method': 'gpu_hist', 'lambda': 2.558099516576344, 'alpha': 0.9503095065976913, 'colsample_bytree': 0.7228648602037835, 'subsample': 0.6086055918882806, 'learning_rate': 0.014393106095280012, 'max_depth': 20, 'min_child_weight': 16, 'eval_metric': 'rmse'}. Best is trial 372 with value: 0.12298536904460573.
start listen on 192.168.1.101:41261
@tracker All of 1 nodes getting started
@tracker All nodes finishes job
Trial 391 finished with value: 0.126310214146908 and parameters: {'objective': 'reg:squarederror', 'tree_method': 'gpu_hist', 'lambda': 5.75557668989819, 'alpha': 3.485100507977024, 'colsample_bytree': 0.682245420783852, 'subsample': 0.5836036017684255, 'learning_rate': 0.01586064155824885, 'max_depth': 20, 'min_child_weight': 28, 'eval_metric': 'rmse'}. Best is trial 372 with value: 0.12298536904460573.
start listen on 192.168.1.101:54521
@tracker All of 1 nodes getting started
@tracker All nodes finishes job
Trial 392 finished with value: 0.12355328348913977 and parameters: {'objective': 'reg:squarederror', 'tree_method': 'gpu_hist', 'lambda': 7.564146954994903, 'alpha': 1.0994596694529903, 'colsample_bytree': 0.7135662572909133, 'subsample': 0.6176348791334845, 'learning_rate': 0.012598734137398548, 'max_depth': 11, 'min_child_weight': 10, 'eval_metric': 'rmse'}. Best is trial 372 with value: 0.12298536904460573.
start listen on 192.168.1.101:47645
@tracker All of 1 nodes getting started
@tracker All nodes finishes job
Trial 393 finished with value: 0.12364652542392013 and parameters: {'objective': 'reg:squarederror', 'tree_method': 'gpu_hist', 'lambda': 6.4976023703979315, 'alpha': 2.0021309150510778, 'colsample_bytree': 0.7013357841677006, 'subsample': 0.6045662873769451, 'learning_rate': 0.013357765822385369, 'max_depth': 20, 'min_child_weight': 6, 'eval_metric': 'rmse'}. Best is trial 372 with value: 0.12298536904460573.
start listen on 192.168.1.101:33971
@tracker All of 1 nodes getting started
@tracker All nodes finishes job
Trial 394 finished with value: 0.12443198985020014 and parameters: {'objective': 'reg:squarederror', 'tree_method': 'gpu_hist', 'lambda': 7.9992600868470145, 'alpha': 0.8561014577527266, 'colsample_bytree': 0.7257969314670778, 'subsample': 0.5879959571056859, 'learning_rate': 0.011806132444490644, 'max_depth': 20, 'min_child_weight': 20, 'eval_metric': 'rmse'}. Best is trial 372 with value: 0.12298536904460573.
start listen on 192.168.1.101:54969
@tracker All of 1 nodes getting started
@tracker All nodes finishes job
Trial 395 finished with value: 0.14185736055968926 and parameters: {'objective': 'reg:squarederror', 'tree_method': 'gpu_hist', 'lambda': 5.29088018434527, 'alpha': 1.6598042599179943, 'colsample_bytree': 0.6892883926766014, 'subsample': 0.6003694183529626, 'learning_rate': 0.015476664773916099, 'max_depth': 20, 'min_child_weight': 93, 'eval_metric': 'rmse'}. Best is trial 372 with value: 0.12298536904460573.
start listen on 192.168.1.101:34375
@tracker All of 1 nodes getting started
@tracker All nodes finishes job
Trial 396 finished with value: 0.12727350462632395 and parameters: {'objective': 'reg:squarederror', 'tree_method': 'gpu_hist', 'lambda': 8.167867926371494, 'alpha': 1.134243455287026, 'colsample_bytree': 0.6444224821870616, 'subsample': 0.6284916141514764, 'learning_rate': 0.03747576909937744, 'max_depth': 20, 'min_child_weight': 13, 'eval_metric': 'rmse'}. Best is trial 372 with value: 0.12298536904460573.
start listen on 192.168.1.101:53209
@tracker All of 1 nodes getting started
@tracker All nodes finishes job
Trial 397 finished with value: 0.12369886751233779 and parameters: {'objective': 'reg:squarederror', 'tree_method': 'gpu_hist', 'lambda': 6.531275347795201, 'alpha': 0.9334259189520776, 'colsample_bytree': 0.6088031649977166, 'subsample': 0.6140005901238125, 'learning_rate': 0.012421788196872858, 'max_depth': 20, 'min_child_weight': 1, 'eval_metric': 'rmse'}. Best is trial 372 with value: 0.12298536904460573.
start listen on 192.168.1.101:49025
@tracker All of 1 nodes getting started
@tracker All nodes finishes job
Trial 398 finished with value: 0.12561283220542965 and parameters: {'objective': 'reg:squarederror', 'tree_method': 'gpu_hist', 'lambda': 3.96090342813911, 'alpha': 1.3747619300251006, 'colsample_bytree': 0.7131106306273916, 'subsample': 0.5705021841161164, 'learning_rate': 0.01099546608532522, 'max_depth': 20, 'min_child_weight': 22, 'eval_metric': 'rmse'}. Best is trial 372 with value: 0.12298536904460573.
start listen on 192.168.1.101:39277
@tracker All of 1 nodes getting started
@tracker All nodes finishes job
Trial 399 finished with value: 0.12364913956098715 and parameters: {'objective': 'reg:squarederror', 'tree_method': 'gpu_hist', 'lambda': 8.22481777564513, 'alpha': 0.7701032617842766, 'colsample_bytree': 0.662878102312627, 'subsample': 0.593311240194904, 'learning_rate': 0.014434197063837594, 'max_depth': 20, 'min_child_weight': 6, 'eval_metric': 'rmse'}. Best is trial 372 with value: 0.12298536904460573.
start listen on 192.168.1.101:37155
@tracker All of 1 nodes getting started
@tracker All nodes finishes job
Trial 400 finished with value: 0.12387478054558601 and parameters: {'objective': 'reg:squarederror', 'tree_method': 'gpu_hist', 'lambda': 6.797477603923168, 'alpha': 1.019789477317213, 'colsample_bytree': 0.7324088359413576, 'subsample': 0.631248443477936, 'learning_rate': 0.010773351622570357, 'max_depth': 20, 'min_child_weight': 13, 'eval_metric': 'rmse'}. Best is trial 372 with value: 0.12298536904460573.
start listen on 192.168.1.101:42749
@tracker All of 1 nodes getting started
@tracker All nodes finishes job
Trial 401 finished with value: 0.12444735420047985 and parameters: {'objective': 'reg:squarederror', 'tree_method': 'gpu_hist', 'lambda': 5.6578687509617485, 'alpha': 1.5971848061626346, 'colsample_bytree': 0.7018422303969946, 'subsample': 0.605798551765365, 'learning_rate': 0.0135456497768972, 'max_depth': 7, 'min_child_weight': 10, 'eval_metric': 'rmse'}. Best is trial 372 with value: 0.12298536904460573.
start listen on 192.168.1.101:56423
@tracker All of 1 nodes getting started
@tracker All nodes finishes job
Trial 402 finished with value: 0.12428717185577316 and parameters: {'objective': 'reg:squarederror', 'tree_method': 'gpu_hist', 'lambda': 1.693324980014681, 'alpha': 0.7083128779368719, 'colsample_bytree': 0.6755419291059799, 'subsample': 0.5775587955087721, 'learning_rate': 0.012106482634057857, 'max_depth': 20, 'min_child_weight': 17, 'eval_metric': 'rmse'}. Best is trial 372 with value: 0.12298536904460573.
start listen on 192.168.1.101:34407
@tracker All of 1 nodes getting started
@tracker All nodes finishes job
Trial 403 finished with value: 0.12437848874728555 and parameters: {'objective': 'reg:squarederror', 'tree_method': 'gpu_hist', 'lambda': 8.575703528968033, 'alpha': 1.3858944237084088, 'colsample_bytree': 0.7531873399184396, 'subsample': 0.617611969559193, 'learning_rate': 0.010498486201375796, 'max_depth': 20, 'min_child_weight': 6, 'eval_metric': 'rmse'}. Best is trial 372 with value: 0.12298536904460573.
start listen on 192.168.1.101:38159
@tracker All of 1 nodes getting started
@tracker All nodes finishes job
Trial 404 finished with value: 0.12944840704575933 and parameters: {'objective': 'reg:squarederror', 'tree_method': 'gpu_hist', 'lambda': 7.100663611615645, 'alpha': 3.0554078821965582, 'colsample_bytree': 0.7228633842989924, 'subsample': 0.5576847836625911, 'learning_rate': 0.09800187660832549, 'max_depth': 20, 'min_child_weight': 27, 'eval_metric': 'rmse'}. Best is trial 372 with value: 0.12298536904460573.
start listen on 192.168.1.101:34541
@tracker All of 1 nodes getting started
@tracker All nodes finishes job
Trial 405 finished with value: 0.12393147126002586 and parameters: {'objective': 'reg:squarederror', 'tree_method': 'gpu_hist', 'lambda': 9.987245921479332, 'alpha': 0.8351030138321084, 'colsample_bytree': 0.6872301746274518, 'subsample': 0.5980117397638537, 'learning_rate': 0.011716454430205154, 'max_depth': 20, 'min_child_weight': 1, 'eval_metric': 'rmse'}. Best is trial 372 with value: 0.12298536904460573.
start listen on 192.168.1.101:32885
@tracker All of 1 nodes getting started
@tracker All nodes finishes job
Trial 406 finished with value: 0.12385374682612908 and parameters: {'objective': 'reg:squarederror', 'tree_method': 'gpu_hist', 'lambda': 4.869952086638579, 'alpha': 2.181850558103949, 'colsample_bytree': 0.7094241352886436, 'subsample': 0.5853030531556772, 'learning_rate': 0.01287761572336356, 'max_depth': 20, 'min_child_weight': 15, 'eval_metric': 'rmse'}. Best is trial 372 with value: 0.12298536904460573.
start listen on 192.168.1.101:44115
@tracker All of 1 nodes getting started
@tracker All nodes finishes job
Trial 407 finished with value: 0.12318070744439559 and parameters: {'objective': 'reg:squarederror', 'tree_method': 'gpu_hist', 'lambda': 7.639129393284305, 'alpha': 1.212176809544689, 'colsample_bytree': 0.6363647691012074, 'subsample': 0.6463381573833954, 'learning_rate': 0.009851284132055544, 'max_depth': 20, 'min_child_weight': 9, 'eval_metric': 'rmse'}. Best is trial 372 with value: 0.12298536904460573.
start listen on 192.168.1.101:34603
@tracker All of 1 nodes getting started
@tracker All nodes finishes job
Trial 408 finished with value: 0.1237851557770709 and parameters: {'objective': 'reg:squarederror', 'tree_method': 'gpu_hist', 'lambda': 8.457575966030483, 'alpha': 0.05280424872235983, 'colsample_bytree': 0.6316778868012443, 'subsample': 0.6563176430678623, 'learning_rate': 0.01646598925230168, 'max_depth': 20, 'min_child_weight': 21, 'eval_metric': 'rmse'}. Best is trial 372 with value: 0.12298536904460573.
start listen on 192.168.1.101:51571
@tracker All of 1 nodes getting started
@tracker All nodes finishes job
Trial 409 finished with value: 0.12412655381071175 and parameters: {'objective': 'reg:squarederror', 'tree_method': 'gpu_hist', 'lambda': 6.2657880383048346, 'alpha': 1.229603965948853, 'colsample_bytree': 0.6227272651608315, 'subsample': 0.66243676079131, 'learning_rate': 0.015110294241089605, 'max_depth': 20, 'min_child_weight': 6, 'eval_metric': 'rmse'}. Best is trial 372 with value: 0.12298536904460573.
start listen on 192.168.1.101:36169
@tracker All of 1 nodes getting started
@tracker All nodes finishes job
Trial 410 finished with value: 0.12349526072628508 and parameters: {'objective': 'reg:squarederror', 'tree_method': 'gpu_hist', 'lambda': 5.5979132577389885, 'alpha': 1.8039551400859566, 'colsample_bytree': 0.664322068222304, 'subsample': 0.6472769811894233, 'learning_rate': 0.01022989120637376, 'max_depth': 20, 'min_child_weight': 11, 'eval_metric': 'rmse'}. Best is trial 372 with value: 0.12298536904460573.
start listen on 192.168.1.101:32813
@tracker All of 1 nodes getting started
@tracker All nodes finishes job
Trial 411 finished with value: 0.12374386191612557 and parameters: {'objective': 'reg:squarederror', 'tree_method': 'gpu_hist', 'lambda': 8.447835015546525, 'alpha': 1.2430479269191286, 'colsample_bytree': 0.644618651460033, 'subsample': 0.6382648555829784, 'learning_rate': 0.013800626304003125, 'max_depth': 20, 'min_child_weight': 16, 'eval_metric': 'rmse'}. Best is trial 372 with value: 0.12298536904460573.
start listen on 192.168.1.101:48903
@tracker All of 1 nodes getting started
@tracker All nodes finishes job
Trial 412 finished with value: 0.13325853720033487 and parameters: {'objective': 'reg:squarederror', 'tree_method': 'gpu_hist', 'lambda': 7.27315114690857, 'alpha': 1.0411755742114321, 'colsample_bytree': 0.6203986983198337, 'subsample': 0.630587795388287, 'learning_rate': 0.011155352555640648, 'max_depth': 5, 'min_child_weight': 36, 'eval_metric': 'rmse'}. Best is trial 372 with value: 0.12298536904460573.
start listen on 192.168.1.101:38223
@tracker All of 1 nodes getting started
@tracker All nodes finishes job
Trial 413 finished with value: 0.12340469498654572 and parameters: {'objective': 'reg:squarederror', 'tree_method': 'gpu_hist', 'lambda': 6.158555745892087, 'alpha': 1.6104948271404549, 'colsample_bytree': 0.6469320283148635, 'subsample': 0.647845849545526, 'learning_rate': 0.00979481137877578, 'max_depth': 20, 'min_child_weight': 6, 'eval_metric': 'rmse'}. Best is trial 372 with value: 0.12298536904460573.
start listen on 192.168.1.101:54575
@tracker All of 1 nodes getting started
@tracker All nodes finishes job
Trial 414 finished with value: 0.12561924631755317 and parameters: {'objective': 'reg:squarederror', 'tree_method': 'gpu_hist', 'lambda': 4.250659692175136, 'alpha': 1.1542600718458544, 'colsample_bytree': 0.6698658857487567, 'subsample': 0.62087673034951, 'learning_rate': 0.012186815872243866, 'max_depth': 20, 'min_child_weight': 25, 'eval_metric': 'rmse'}. Best is trial 372 with value: 0.12298536904460573.
start listen on 192.168.1.101:49155
@tracker All of 1 nodes getting started
@tracker All nodes finishes job
Trial 415 finished with value: 0.1319779169152446 and parameters: {'objective': 'reg:squarederror', 'tree_method': 'gpu_hist', 'lambda': 8.383645187548675, 'alpha': 0.040014970778222844, 'colsample_bytree': 0.6948364733236754, 'subsample': 0.6365957457515559, 'learning_rate': 0.015929944700802837, 'max_depth': 3, 'min_child_weight': 10, 'eval_metric': 'rmse'}. Best is trial 372 with value: 0.12298536904460573.
start listen on 192.168.1.101:53225
@tracker All of 1 nodes getting started
@tracker All nodes finishes job
Trial 416 finished with value: 0.12403290483602511 and parameters: {'objective': 'reg:squarederror', 'tree_method': 'gpu_hist', 'lambda': 7.175322665150036, 'alpha': 1.4311697718085155, 'colsample_bytree': 0.5974151396780012, 'subsample': 0.6183961971760584, 'learning_rate': 0.01990136899293274, 'max_depth': 20, 'min_child_weight': 1, 'eval_metric': 'rmse'}. Best is trial 372 with value: 0.12298536904460573.
start listen on 192.168.1.101:34081
@tracker All of 1 nodes getting started
@tracker All nodes finishes job
Trial 417 finished with value: 0.12448045953857428 and parameters: {'objective': 'reg:squarederror', 'tree_method': 'gpu_hist', 'lambda': 4.77498169982582, 'alpha': 0.9382990950097301, 'colsample_bytree': 0.634896456496097, 'subsample': 0.6090735006319862, 'learning_rate': 0.011341751555718609, 'max_depth': 20, 'min_child_weight': 19, 'eval_metric': 'rmse'}. Best is trial 372 with value: 0.12298536904460573.
start listen on 192.168.1.101:48463
@tracker All of 1 nodes getting started
@tracker All nodes finishes job
Trial 418 finished with value: 0.12400632489130049 and parameters: {'objective': 'reg:squarederror', 'tree_method': 'gpu_hist', 'lambda': 8.675146257489478, 'alpha': 2.242801225812122, 'colsample_bytree': 0.6868863647306765, 'subsample': 0.5905481938061807, 'learning_rate': 0.013538396622923601, 'max_depth': 20, 'min_child_weight': 13, 'eval_metric': 'rmse'}. Best is trial 372 with value: 0.12298536904460573.
start listen on 192.168.1.101:34963
@tracker All of 1 nodes getting started
@tracker All nodes finishes job
